2019-07-20 05:07:56,637 INFO - log_helper - Finished configuring logger
2019-07-20 05:07:59,468 INFO - logger - Iter 0    - time: 6     - [train] loss: 5414.873 (+/-8863.441) - [valid] loss: 355.779 (+/-685.9861) - [test] loss: 1042.8481 (+/-1781.6034)
2019-07-20 05:08:35,220 INFO - logger - Iter 100  - time: 35    - [train] loss: 18.6853 (+/-24.373) - [valid] loss: 6.5412 (+/-2.6145) - [test] loss: 3.6283 (+/-0.7648)
2019-07-20 05:09:10,321 INFO - logger - Iter 200  - time: 35    - [train] loss: 5.7833 (+/-1.6335) - [valid] loss: 4.8881 (+/-0.9414) - [test] loss: 4.7507 (+/-1.0046)
2019-07-20 05:09:42,940 INFO - logger - Iter 300  - time: 32    - [train] loss: 5.4409 (+/-1.0548) - [valid] loss: 4.8458 (+/-0.831 ) - [test] loss: 4.8085 (+/-1.2329)
2019-07-20 05:10:14,474 INFO - logger - Iter 400  - time: 31    - [train] loss: 5.281  (+/-0.8574) - [valid] loss: 5.0948 (+/-1.0576) - [test] loss: 4.1439 (+/-0.7588)
2019-07-20 05:10:45,928 INFO - logger - Iter 500  - time: 31    - [train] loss: 3.8429 (+/-0.907 ) - [valid] loss: 4.322  (+/-1.0643) - [test] loss: 4.2052 (+/-0.7337)
2019-07-20 05:11:19,565 INFO - logger - Iter 600  - time: 33    - [train] loss: 3.6633 (+/-0.7135) - [valid] loss: 5.4365 (+/-1.8896) - [test] loss: 4.5671 (+/-0.7919)
2019-07-20 05:11:53,953 INFO - logger - Iter 700  - time: 34    - [train] loss: 4.2876 (+/-0.8458) - [valid] loss: 4.7397 (+/-0.883 ) - [test] loss: 4.6757 (+/-0.8659)
2019-07-20 05:12:27,255 INFO - logger - Iter 800  - time: 33    - [train] loss: 4.5029 (+/-1.1697) - [valid] loss: 3.6649 (+/-0.7091) - [test] loss: 4.5338 (+/-0.7698)
2019-07-20 05:12:58,413 INFO - logger - Iter 900  - time: 31    - [train] loss: 5.4236 (+/-1.3247) - [valid] loss: 4.5345 (+/-0.7046) - [test] loss: 4.9871 (+/-0.907 )
2019-07-20 05:13:29,753 INFO - logger - Iter 1000 - time: 31    - [train] loss: 4.8382 (+/-0.9507) - [valid] loss: 5.0052 (+/-0.9995) - [test] loss: 4.7173 (+/-0.8463)
2019-07-20 05:14:02,299 INFO - logger - Iter 1100 - time: 32    - [train] loss: 5.5339 (+/-1.113 ) - [valid] loss: 4.2773 (+/-0.8014) - [test] loss: 4.1152 (+/-0.7743)
2019-07-20 05:14:37,304 INFO - logger - Iter 1200 - time: 35    - [train] loss: 3.5139 (+/-0.6653) - [valid] loss: 3.5523 (+/-0.7466) - [test] loss: 4.6161 (+/-0.706 )
2019-07-20 05:15:11,013 INFO - logger - Iter 1300 - time: 33    - [train] loss: 5.1351 (+/-1.0521) - [valid] loss: 5.1032 (+/-0.8246) - [test] loss: 5.3624 (+/-1.0081)
2019-07-20 05:15:42,904 INFO - logger - Iter 1400 - time: 31    - [train] loss: 4.0828 (+/-0.761 ) - [valid] loss: 4.1208 (+/-0.828 ) - [test] loss: 4.2416 (+/-0.7757)
2019-07-20 05:16:15,177 INFO - logger - Iter 1500 - time: 32    - [train] loss: 4.3903 (+/-0.8159) - [valid] loss: 4.3042 (+/-1.0378) - [test] loss: 4.0176 (+/-1.0014)
2019-07-20 05:16:46,878 INFO - logger - Iter 1600 - time: 31    - [train] loss: 4.3488 (+/-0.8186) - [valid] loss: 3.7165 (+/-0.8391) - [test] loss: 4.0573 (+/-0.7315)
2019-07-20 05:17:21,642 INFO - logger - Iter 1700 - time: 34    - [train] loss: 3.9322 (+/-0.9476) - [valid] loss: 4.4706 (+/-0.8111) - [test] loss: 4.8086 (+/-1.202 )
2019-07-20 05:17:57,434 INFO - logger - Iter 1800 - time: 35    - [train] loss: 4.5053 (+/-0.8289) - [valid] loss: 4.066  (+/-0.7049) - [test] loss: 4.007  (+/-0.7294)
2019-07-20 05:18:31,854 INFO - logger - Iter 1900 - time: 34    - [train] loss: 3.5474 (+/-0.7287) - [valid] loss: 3.6234 (+/-0.7072) - [test] loss: 4.1903 (+/-0.7884)
2019-07-20 05:19:05,656 INFO - logger - Iter 2000 - time: 33    - [train] loss: 3.6186 (+/-0.7502) - [valid] loss: 4.419  (+/-0.7423) - [test] loss: 3.9287 (+/-0.79  )
2019-07-20 05:19:38,515 INFO - logger - Iter 2100 - time: 32    - [train] loss: 3.5971 (+/-0.7421) - [valid] loss: 4.3185 (+/-0.9349) - [test] loss: 4.3597 (+/-0.7657)
2019-07-20 05:20:11,772 INFO - logger - Iter 2200 - time: 33    - [train] loss: 3.0584 (+/-0.585 ) - [valid] loss: 3.6159 (+/-0.7563) - [test] loss: 3.6534 (+/-0.6992)
2019-07-20 05:20:50,026 INFO - logger - Iter 2300 - time: 38    - [train] loss: 4.3432 (+/-0.8226) - [valid] loss: 3.8596 (+/-0.7264) - [test] loss: 3.945  (+/-0.8054)
2019-07-20 05:21:25,943 INFO - logger - Iter 2400 - time: 35    - [train] loss: 3.7929 (+/-0.7245) - [valid] loss: 4.2193 (+/-0.9711) - [test] loss: 4.0025 (+/-0.7729)
2019-07-20 05:21:59,748 INFO - logger - Iter 2500 - time: 33    - [train] loss: 3.987  (+/-0.8109) - [valid] loss: 4.0958 (+/-0.7145) - [test] loss: 3.5107 (+/-0.6566)
2019-07-20 05:22:32,718 INFO - logger - Iter 2600 - time: 32    - [train] loss: 3.7349 (+/-0.7938) - [valid] loss: 4.7702 (+/-0.7993) - [test] loss: 3.5901 (+/-0.7197)
2019-07-20 05:23:05,630 INFO - logger - Iter 2700 - time: 32    - [train] loss: 3.8777 (+/-0.7575) - [valid] loss: 4.7158 (+/-1.1511) - [test] loss: 3.6115 (+/-0.7259)
2019-07-20 05:23:40,332 INFO - logger - Iter 2800 - time: 34    - [train] loss: 3.6194 (+/-0.7299) - [valid] loss: 4.9671 (+/-0.8949) - [test] loss: 4.2533 (+/-0.7877)
2019-07-20 05:24:16,512 INFO - logger - Iter 2900 - time: 36    - [train] loss: 3.6989 (+/-0.7595) - [valid] loss: 4.4445 (+/-0.863 ) - [test] loss: 3.9874 (+/-0.771 )
2019-07-20 05:24:50,213 INFO - logger - Iter 3000 - time: 33    - [train] loss: 4.0996 (+/-0.7428) - [valid] loss: 4.5447 (+/-1.3428) - [test] loss: 3.6963 (+/-0.6947)
2019-07-20 05:25:21,795 INFO - logger - Iter 3100 - time: 31    - [train] loss: 4.0546 (+/-0.795 ) - [valid] loss: 3.6504 (+/-0.8153) - [test] loss: 4.2968 (+/-0.9008)
2019-07-20 05:25:52,677 INFO - logger - Iter 3200 - time: 30    - [train] loss: 3.9651 (+/-0.7802) - [valid] loss: 4.0273 (+/-0.8324) - [test] loss: 3.9824 (+/-0.7745)
2019-07-20 05:26:23,292 INFO - logger - Iter 3300 - time: 30    - [train] loss: 4.1526 (+/-0.9899) - [valid] loss: 3.8568 (+/-0.803 ) - [test] loss: 3.927  (+/-0.6963)
2019-07-20 05:26:59,123 INFO - logger - Iter 3400 - time: 35    - [train] loss: 3.6848 (+/-0.7031) - [valid] loss: 3.9412 (+/-0.7333) - [test] loss: 4.6307 (+/-0.8346)
2019-07-20 05:27:33,219 INFO - logger - Iter 3500 - time: 34    - [train] loss: 4.0747 (+/-0.9117) - [valid] loss: 3.923  (+/-0.785 ) - [test] loss: 4.5788 (+/-0.8794)
2019-07-20 05:28:04,500 INFO - logger - Iter 3600 - time: 31    - [train] loss: 3.4704 (+/-0.6923) - [valid] loss: 3.8896 (+/-0.7996) - [test] loss: 3.9819 (+/-0.7289)
2019-07-20 05:28:36,140 INFO - logger - Iter 3700 - time: 31    - [train] loss: 4.4146 (+/-0.7887) - [valid] loss: 3.3146 (+/-0.699 ) - [test] loss: 4.0557 (+/-0.7165)
2019-07-20 05:29:07,297 INFO - logger - Iter 3800 - time: 31    - [train] loss: 4.6119 (+/-0.7933) - [valid] loss: 4.0223 (+/-0.8576) - [test] loss: 4.6931 (+/-0.8678)
2019-07-20 05:29:40,102 INFO - logger - Iter 3900 - time: 32    - [train] loss: 4.2426 (+/-0.7703) - [valid] loss: 4.7706 (+/-0.8267) - [test] loss: 3.9084 (+/-0.7712)
2019-07-20 05:30:15,296 INFO - logger - Iter 4000 - time: 35    - [train] loss: 4.1506 (+/-0.8176) - [valid] loss: 4.1073 (+/-0.7405) - [test] loss: 3.7939 (+/-0.7213)
2019-07-20 05:30:47,141 INFO - logger - Iter 4100 - time: 31    - [train] loss: 3.6658 (+/-0.7646) - [valid] loss: 4.1367 (+/-0.7197) - [test] loss: 4.2115 (+/-0.7687)
2019-07-20 05:31:18,021 INFO - logger - Iter 4200 - time: 30    - [train] loss: 3.8304 (+/-0.7277) - [valid] loss: 4.018  (+/-0.6866) - [test] loss: 4.2783 (+/-0.7833)
2019-07-20 05:31:49,921 INFO - logger - Iter 4300 - time: 31    - [train] loss: 3.2897 (+/-0.5988) - [valid] loss: 4.496  (+/-0.8421) - [test] loss: 4.1558 (+/-0.8134)
2019-07-20 05:32:20,432 INFO - logger - Iter 4400 - time: 30    - [train] loss: 4.3017 (+/-0.9168) - [valid] loss: 3.4062 (+/-0.7295) - [test] loss: 3.8004 (+/-0.7542)
2019-07-20 05:32:55,306 INFO - logger - Iter 4500 - time: 34    - [train] loss: 3.8821 (+/-0.7399) - [valid] loss: 4.1681 (+/-0.6902) - [test] loss: 3.9732 (+/-0.6932)
2019-07-20 05:33:28,959 INFO - logger - Iter 4600 - time: 33    - [train] loss: 3.6185 (+/-0.6733) - [valid] loss: 4.4074 (+/-0.8102) - [test] loss: 4.249  (+/-0.7903)
2019-07-20 05:34:00,179 INFO - logger - Iter 4700 - time: 31    - [train] loss: 4.1431 (+/-0.7739) - [valid] loss: 4.4838 (+/-0.7151) - [test] loss: 3.5699 (+/-0.6987)
2019-07-20 05:34:30,298 INFO - logger - Iter 4800 - time: 30    - [train] loss: 4.1184 (+/-0.7676) - [valid] loss: 4.2494 (+/-0.7522) - [test] loss: 4.0944 (+/-0.7522)
2019-07-20 05:35:00,355 INFO - logger - Iter 4900 - time: 30    - [train] loss: 3.8516 (+/-0.6993) - [valid] loss: 3.7256 (+/-0.6799) - [test] loss: 3.5874 (+/-0.6197)
2019-07-20 05:35:31,562 INFO - logger - Iter 5000 - time: 31    - [train] loss: 3.393  (+/-0.711 ) - [valid] loss: 4.0856 (+/-0.6654) - [test] loss: 3.5466 (+/-0.7694)
2019-07-20 05:36:02,419 INFO - logger - Iter 5100 - time: 30    - [train] loss: 4.2615 (+/-0.7752) - [valid] loss: 4.1717 (+/-0.7949) - [test] loss: 4.0052 (+/-0.7483)
2019-07-20 05:36:36,155 INFO - logger - Iter 5200 - time: 33    - [train] loss: 4.2679 (+/-0.8512) - [valid] loss: 3.9781 (+/-0.7329) - [test] loss: 3.3878 (+/-0.6895)
2019-07-20 05:37:07,551 INFO - logger - Iter 5300 - time: 31    - [train] loss: 3.9818 (+/-0.7163) - [valid] loss: 3.5609 (+/-0.7127) - [test] loss: 3.5284 (+/-0.6513)
2019-07-20 05:37:37,668 INFO - logger - Iter 5400 - time: 30    - [train] loss: 3.6902 (+/-0.6643) - [valid] loss: 4.0253 (+/-0.6319) - [test] loss: 3.566  (+/-0.7497)
2019-07-20 05:38:09,709 INFO - logger - Iter 5500 - time: 32    - [train] loss: 3.7852 (+/-0.7195) - [valid] loss: 3.8857 (+/-0.6961) - [test] loss: 3.9087 (+/-0.6942)
2019-07-20 05:38:39,061 INFO - logger - Iter 5600 - time: 29    - [train] loss: 3.4473 (+/-0.7629) - [valid] loss: 3.2023 (+/-0.6495) - [test] loss: 4.2231 (+/-0.7536)
2019-07-20 05:39:12,280 INFO - logger - Iter 5700 - time: 33    - [train] loss: 3.2785 (+/-0.639 ) - [valid] loss: 4.2634 (+/-0.7464) - [test] loss: 3.9969 (+/-0.7239)
2019-07-20 05:39:44,248 INFO - logger - Iter 5800 - time: 31    - [train] loss: 3.5716 (+/-0.7802) - [valid] loss: 3.2789 (+/-0.6477) - [test] loss: 3.8764 (+/-0.6884)
2019-07-20 05:40:15,031 INFO - logger - Iter 5900 - time: 30    - [train] loss: 4.307  (+/-0.7914) - [valid] loss: 3.6286 (+/-0.7727) - [test] loss: 4.1222 (+/-0.7763)
2019-07-20 05:40:46,046 INFO - logger - Iter 6000 - time: 31    - [train] loss: 4.0207 (+/-0.7657) - [valid] loss: 4.0143 (+/-0.6663) - [test] loss: 3.7789 (+/-0.7769)
2019-07-20 05:41:17,324 INFO - logger - Iter 6100 - time: 31    - [train] loss: 3.4588 (+/-0.6839) - [valid] loss: 3.7523 (+/-0.73  ) - [test] loss: 3.6575 (+/-0.6911)
2019-07-20 05:41:50,817 INFO - logger - Iter 6200 - time: 33    - [train] loss: 3.3497 (+/-0.6677) - [valid] loss: 2.8631 (+/-0.6551) - [test] loss: 2.6588 (+/-0.5884)
2019-07-20 05:42:22,570 INFO - logger - Iter 6300 - time: 31    - [train] loss: 4.8479 (+/-1.1525) - [valid] loss: 3.9976 (+/-0.6899) - [test] loss: 4.5262 (+/-1.086 )
2019-07-20 05:42:53,170 INFO - logger - Iter 6400 - time: 30    - [train] loss: 3.3956 (+/-0.7055) - [valid] loss: 4.2934 (+/-0.7503) - [test] loss: 4.0884 (+/-0.764 )
2019-07-20 05:43:23,822 INFO - logger - Iter 6500 - time: 30    - [train] loss: 3.6422 (+/-0.6785) - [valid] loss: 3.4508 (+/-0.6703) - [test] loss: 4.6109 (+/-0.8985)
2019-07-20 05:43:56,453 INFO - logger - Iter 6600 - time: 32    - [train] loss: 4.4273 (+/-0.8737) - [valid] loss: 3.3057 (+/-0.7748) - [test] loss: 3.9443 (+/-0.7188)
2019-07-20 05:44:31,261 INFO - logger - Iter 6700 - time: 34    - [train] loss: 4.09   (+/-0.7726) - [valid] loss: 8.1942 (+/-9.5706) - [test] loss: 4.4948 (+/-0.8442)
2019-07-20 05:45:04,680 INFO - logger - Iter 6800 - time: 33    - [train] loss: 3.6973 (+/-0.63  ) - [valid] loss: 3.4613 (+/-0.852 ) - [test] loss: 3.4949 (+/-0.7861)
2019-07-20 05:45:35,060 INFO - logger - Iter 6900 - time: 30    - [train] loss: 3.7714 (+/-0.7011) - [valid] loss: 3.0501 (+/-0.6061) - [test] loss: 3.6607 (+/-0.7303)
2019-07-20 05:46:05,528 INFO - logger - Iter 7000 - time: 30    - [train] loss: 4.3876 (+/-0.7371) - [valid] loss: 3.8217 (+/-0.7308) - [test] loss: 4.2418 (+/-0.7244)
2019-07-20 05:46:36,089 INFO - logger - Iter 7100 - time: 30    - [train] loss: 3.5229 (+/-0.6758) - [valid] loss: 3.5097 (+/-0.6752) - [test] loss: 3.615  (+/-0.7039)
2019-07-20 05:47:10,699 INFO - logger - Iter 7200 - time: 34    - [train] loss: 3.6562 (+/-0.8114) - [valid] loss: 3.8801 (+/-0.7886) - [test] loss: 3.845  (+/-0.7598)
2019-07-20 05:47:45,164 INFO - logger - Iter 7300 - time: 34    - [train] loss: 3.4564 (+/-0.907 ) - [valid] loss: 4.0079 (+/-0.8081) - [test] loss: 3.8592 (+/-0.7599)
2019-07-20 05:48:15,552 INFO - logger - Iter 7400 - time: 30    - [train] loss: 4.4443 (+/-0.7516) - [valid] loss: 3.9783 (+/-0.7621) - [test] loss: 3.8576 (+/-0.8571)
2019-07-20 05:48:46,377 INFO - logger - Iter 7500 - time: 30    - [train] loss: 3.7639 (+/-0.8204) - [valid] loss: 3.4598 (+/-0.6974) - [test] loss: 4.0584 (+/-0.757 )
2019-07-20 05:49:17,255 INFO - logger - Iter 7600 - time: 30    - [train] loss: 3.5387 (+/-0.6416) - [valid] loss: 3.9259 (+/-0.743 ) - [test] loss: 4.336  (+/-0.7192)
2019-07-20 05:49:50,838 INFO - logger - Iter 7700 - time: 33    - [train] loss: 4.0429 (+/-0.8829) - [valid] loss: 3.9124 (+/-0.8122) - [test] loss: 3.765  (+/-0.7525)
2019-07-20 05:50:24,615 INFO - logger - Iter 7800 - time: 33    - [train] loss: 3.9983 (+/-0.8508) - [valid] loss: 4.2965 (+/-0.7493) - [test] loss: 3.6927 (+/-0.7051)
2019-07-20 05:50:55,934 INFO - logger - Iter 7900 - time: 31    - [train] loss: 4.2502 (+/-0.961 ) - [valid] loss: 3.6655 (+/-0.7188) - [test] loss: 3.5202 (+/-0.6971)
2019-07-20 05:51:26,942 INFO - logger - Iter 8000 - time: 31    - [train] loss: 3.5669 (+/-0.7445) - [valid] loss: 3.6285 (+/-0.6966) - [test] loss: 3.3434 (+/-0.6876)
2019-07-20 05:51:57,564 INFO - logger - Iter 8100 - time: 30    - [train] loss: 3.4307 (+/-0.7118) - [valid] loss: 3.396  (+/-0.633 ) - [test] loss: 3.6004 (+/-0.6389)
2019-07-20 05:52:30,111 INFO - logger - Iter 8200 - time: 32    - [train] loss: 4.5324 (+/-1.7349) - [valid] loss: 3.742  (+/-0.6626) - [test] loss: 4.202  (+/-0.7018)
2019-07-20 05:53:02,605 INFO - logger - Iter 8300 - time: 32    - [train] loss: 3.2261 (+/-0.7042) - [valid] loss: 4.0537 (+/-0.784 ) - [test] loss: 4.2529 (+/-0.8381)
2019-07-20 05:53:36,189 INFO - logger - Iter 8400 - time: 33    - [train] loss: 4.4328 (+/-0.7238) - [valid] loss: 3.8732 (+/-0.7032) - [test] loss: 4.2965 (+/-0.7736)
2019-07-20 05:54:06,781 INFO - logger - Iter 8500 - time: 30    - [train] loss: 3.6872 (+/-0.6667) - [valid] loss: 3.9573 (+/-0.7122) - [test] loss: 3.9959 (+/-0.7572)
2019-07-20 05:54:37,412 INFO - logger - Iter 8600 - time: 30    - [train] loss: 3.6123 (+/-0.6795) - [valid] loss: 3.7396 (+/-0.7485) - [test] loss: 3.3884 (+/-0.6383)
2019-07-20 05:55:08,793 INFO - logger - Iter 8700 - time: 31    - [train] loss: 3.4234 (+/-0.728 ) - [valid] loss: 3.8379 (+/-0.7899) - [test] loss: 3.9043 (+/-0.6684)
2019-07-20 05:55:42,154 INFO - logger - Iter 8800 - time: 33    - [train] loss: 3.4105 (+/-0.727 ) - [valid] loss: 3.5166 (+/-0.6622) - [test] loss: 4.118  (+/-0.7329)
2019-07-20 05:56:16,593 INFO - logger - Iter 8900 - time: 34    - [train] loss: 3.8694 (+/-0.6873) - [valid] loss: 3.4284 (+/-0.6776) - [test] loss: 4.0647 (+/-0.7038)
2019-07-20 05:56:47,467 INFO - logger - Iter 9000 - time: 30    - [train] loss: 4.0331 (+/-0.7593) - [valid] loss: 3.5324 (+/-0.6292) - [test] loss: 3.184  (+/-0.594 )
2019-07-20 05:57:16,436 INFO - logger - Iter 9100 - time: 28    - [train] loss: 3.5634 (+/-0.742 ) - [valid] loss: 3.7447 (+/-0.6652) - [test] loss: 3.3277 (+/-0.6166)
2019-07-20 05:57:47,618 INFO - logger - Iter 9200 - time: 31    - [train] loss: 3.8299 (+/-0.694 ) - [valid] loss: 3.5439 (+/-0.6174) - [test] loss: 3.8144 (+/-0.6328)
2019-07-20 05:58:21,081 INFO - logger - Iter 9300 - time: 33    - [train] loss: 3.8896 (+/-0.7444) - [valid] loss: 3.6657 (+/-0.6398) - [test] loss: 3.8555 (+/-0.7361)
2019-07-20 05:58:53,818 INFO - logger - Iter 9400 - time: 32    - [train] loss: 2.8464 (+/-0.5956) - [valid] loss: 2.8142 (+/-0.5402) - [test] loss: 3.761  (+/-0.712 )
2019-07-20 05:59:25,187 INFO - logger - Iter 9500 - time: 31    - [train] loss: 4.1767 (+/-0.7398) - [valid] loss: 3.4011 (+/-0.6463) - [test] loss: 4.5024 (+/-0.7647)
2019-07-20 05:59:55,744 INFO - logger - Iter 9600 - time: 30    - [train] loss: 3.5492 (+/-0.6279) - [valid] loss: 3.3758 (+/-0.6091) - [test] loss: 4.2434 (+/-0.7976)
2019-07-20 06:00:26,379 INFO - logger - Iter 9700 - time: 30    - [train] loss: 2.6595 (+/-0.5968) - [valid] loss: 3.0907 (+/-0.6563) - [test] loss: 4.1433 (+/-0.7015)
2019-07-20 06:00:59,381 INFO - logger - Iter 9800 - time: 33    - [train] loss: 3.7175 (+/-0.7221) - [valid] loss: 3.6449 (+/-0.7171) - [test] loss: 3.8186 (+/-0.6481)
2019-07-20 06:01:32,146 INFO - logger - Iter 9900 - time: 32    - [train] loss: 3.6842 (+/-0.6755) - [valid] loss: 3.7931 (+/-0.7568) - [test] loss: 3.4744 (+/-1.2759)
2019-07-20 06:02:04,867 INFO - logger - Iter 10000 - time: 32    - [train] loss: 3.3789 (+/-0.7165) - [valid] loss: 4.3639 (+/-0.8268) - [test] loss: 3.3536 (+/-0.6979)
2019-07-20 06:02:35,740 INFO - logger - Iter 10100 - time: 30    - [train] loss: 4.4738 (+/-0.8898) - [valid] loss: 3.8262 (+/-0.7174) - [test] loss: 3.0574 (+/-0.7256)
2019-07-20 06:03:06,456 INFO - logger - Iter 10200 - time: 30    - [train] loss: 3.621  (+/-0.7878) - [valid] loss: 3.4936 (+/-0.7516) - [test] loss: 4.1756 (+/-0.7309)
2019-07-20 06:03:38,404 INFO - logger - Iter 10300 - time: 31    - [train] loss: 3.5324 (+/-0.6679) - [valid] loss: 3.6545 (+/-0.6988) - [test] loss: 3.0887 (+/-0.5457)
2019-07-20 06:04:09,941 INFO - logger - Iter 10400 - time: 31    - [train] loss: 3.4555 (+/-0.6621) - [valid] loss: 2.9766 (+/-0.5497) - [test] loss: 3.3348 (+/-0.6399)
2019-07-20 06:04:41,291 INFO - logger - Iter 10500 - time: 31    - [train] loss: 4.2387 (+/-0.7938) - [valid] loss: 3.2395 (+/-0.7621) - [test] loss: 3.4941 (+/-0.6599)
2019-07-20 06:05:11,855 INFO - logger - Iter 10600 - time: 30    - [train] loss: 3.0246 (+/-0.6925) - [valid] loss: 3.4218 (+/-0.6952) - [test] loss: 3.9113 (+/-0.7872)
2019-07-20 06:05:42,409 INFO - logger - Iter 10700 - time: 30    - [train] loss: 3.8749 (+/-0.6618) - [valid] loss: 3.3682 (+/-0.6457) - [test] loss: 3.1362 (+/-0.6864)
2019-07-20 06:06:14,424 INFO - logger - Iter 10800 - time: 32    - [train] loss: 2.8692 (+/-0.6359) - [valid] loss: 3.3945 (+/-0.6938) - [test] loss: 3.6234 (+/-0.8044)
2019-07-20 06:06:46,126 INFO - logger - Iter 10900 - time: 31    - [train] loss: 3.3026 (+/-0.5647) - [valid] loss: 3.631  (+/-0.7288) - [test] loss: 3.6707 (+/-0.6377)
2019-07-20 06:07:17,117 INFO - logger - Iter 11000 - time: 30    - [train] loss: 3.7189 (+/-0.7246) - [valid] loss: 3.4068 (+/-0.6263) - [test] loss: 4.0606 (+/-0.9165)
2019-07-20 06:07:48,345 INFO - logger - Iter 11100 - time: 31    - [train] loss: 3.429  (+/-0.7677) - [valid] loss: 3.7643 (+/-0.7173) - [test] loss: 3.7523 (+/-0.7077)
2019-07-20 06:08:18,595 INFO - logger - Iter 11200 - time: 30    - [train] loss: 3.4658 (+/-0.6857) - [valid] loss: 3.7917 (+/-0.6747) - [test] loss: 3.5007 (+/-0.6294)
2019-07-20 06:08:51,758 INFO - logger - Iter 11300 - time: 33    - [train] loss: 3.2256 (+/-0.6044) - [valid] loss: 3.1596 (+/-0.632 ) - [test] loss: 2.9784 (+/-0.6157)
2019-07-20 06:09:24,018 INFO - logger - Iter 11400 - time: 32    - [train] loss: 3.4269 (+/-0.5579) - [valid] loss: 2.7736 (+/-0.5935) - [test] loss: 3.361  (+/-0.7147)
2019-07-20 06:09:54,222 INFO - logger - Iter 11500 - time: 30    - [train] loss: 3.6879 (+/-0.7458) - [valid] loss: 3.3897 (+/-0.7029) - [test] loss: 3.5094 (+/-0.6334)
2019-07-20 06:10:24,877 INFO - logger - Iter 11600 - time: 30    - [train] loss: 3.4726 (+/-0.7069) - [valid] loss: 3.1824 (+/-0.6548) - [test] loss: 3.8314 (+/-0.776 )
2019-07-20 06:10:55,472 INFO - logger - Iter 11700 - time: 30    - [train] loss: 3.5854 (+/-0.6794) - [valid] loss: 3.1309 (+/-0.6187) - [test] loss: 3.5023 (+/-0.7188)
2019-07-20 06:11:25,363 INFO - logger - Iter 11800 - time: 29    - [train] loss: 3.4711 (+/-0.7003) - [valid] loss: 3.1527 (+/-0.7145) - [test] loss: 3.4964 (+/-0.6703)
2019-07-20 06:11:56,522 INFO - logger - Iter 11900 - time: 31    - [train] loss: 3.771  (+/-0.6493) - [valid] loss: 3.8489 (+/-0.786 ) - [test] loss: 3.8385 (+/-0.7207)
2019-07-20 06:12:29,405 INFO - logger - Iter 12000 - time: 32    - [train] loss: 3.677  (+/-0.7697) - [valid] loss: 3.4669 (+/-0.6613) - [test] loss: 2.8709 (+/-0.6028)
2019-07-20 06:13:01,337 INFO - logger - Iter 12100 - time: 31    - [train] loss: 3.8453 (+/-0.7655) - [valid] loss: 3.3033 (+/-0.8548) - [test] loss: 3.6349 (+/-0.7774)
2019-07-20 06:13:31,807 INFO - logger - Iter 12200 - time: 30    - [train] loss: 3.0272 (+/-0.6527) - [valid] loss: 3.6666 (+/-0.7655) - [test] loss: 3.0236 (+/-0.6314)
2019-07-20 06:14:03,206 INFO - logger - Iter 12300 - time: 31    - [train] loss: 3.1719 (+/-0.6347) - [valid] loss: 3.4575 (+/-0.621 ) - [test] loss: 3.6387 (+/-0.8724)
2019-07-20 06:14:33,468 INFO - logger - Iter 12400 - time: 30    - [train] loss: 3.3724 (+/-0.6338) - [valid] loss: 3.3795 (+/-0.6614) - [test] loss: 3.357  (+/-0.7474)
2019-07-20 06:15:05,963 INFO - logger - Iter 12500 - time: 32    - [train] loss: 3.7033 (+/-0.6873) - [valid] loss: 3.8204 (+/-1.0926) - [test] loss: 3.0165 (+/-0.562 )
2019-07-20 06:15:38,094 INFO - logger - Iter 12600 - time: 32    - [train] loss: 3.4892 (+/-0.6098) - [valid] loss: 3.7294 (+/-0.6472) - [test] loss: 3.6774 (+/-0.7542)
2019-07-20 06:16:08,801 INFO - logger - Iter 12700 - time: 30    - [train] loss: 3.7461 (+/-0.6764) - [valid] loss: 3.5344 (+/-0.6832) - [test] loss: 3.3196 (+/-0.7379)
2019-07-20 06:16:40,319 INFO - logger - Iter 12800 - time: 31    - [train] loss: 3.1845 (+/-0.6014) - [valid] loss: 3.1731 (+/-0.6478) - [test] loss: 3.242  (+/-0.6248)
2019-07-20 06:17:11,244 INFO - logger - Iter 12900 - time: 30    - [train] loss: 2.8691 (+/-0.5717) - [valid] loss: 3.5103 (+/-0.7024) - [test] loss: 2.8934 (+/-0.5331)
2019-07-20 06:17:44,293 INFO - logger - Iter 13000 - time: 33    - [train] loss: 3.65   (+/-0.6871) - [valid] loss: 3.1398 (+/-0.6586) - [test] loss: 3.0622 (+/-0.6506)
2019-07-20 06:18:16,453 INFO - logger - Iter 13100 - time: 32    - [train] loss: 2.8351 (+/-0.5997) - [valid] loss: 3.3917 (+/-0.6457) - [test] loss: 3.3397 (+/-0.7332)
2019-07-20 06:18:47,643 INFO - logger - Iter 13200 - time: 31    - [train] loss: 2.6369 (+/-0.5728) - [valid] loss: 3.5869 (+/-0.6705) - [test] loss: 3.0371 (+/-0.6375)
2019-07-20 06:19:18,253 INFO - logger - Iter 13300 - time: 30    - [train] loss: 3.5678 (+/-0.6304) - [valid] loss: 3.4058 (+/-0.6196) - [test] loss: 2.9469 (+/-0.6013)
2019-07-20 06:19:51,309 INFO - logger - Iter 13400 - time: 33    - [train] loss: 3.0662 (+/-0.6043) - [valid] loss: 3.3534 (+/-0.5929) - [test] loss: 3.2825 (+/-0.6348)
2019-07-20 06:20:25,313 INFO - logger - Iter 13500 - time: 34    - [train] loss: 3.2723 (+/-0.6923) - [valid] loss: 3.0672 (+/-0.6175) - [test] loss: 2.9317 (+/-0.6253)
2019-07-20 06:20:57,089 INFO - logger - Iter 13600 - time: 31    - [train] loss: 3.2269 (+/-0.6313) - [valid] loss: 3.2269 (+/-0.5794) - [test] loss: 3.4449 (+/-0.6637)
2019-07-20 06:21:27,292 INFO - logger - Iter 13700 - time: 30    - [train] loss: 2.9082 (+/-0.6453) - [valid] loss: 3.6411 (+/-1.2919) - [test] loss: 2.9712 (+/-0.5618)
2019-07-20 06:21:57,695 INFO - logger - Iter 13800 - time: 30    - [train] loss: 3.1153 (+/-0.6943) - [valid] loss: 3.3544 (+/-0.9045) - [test] loss: 2.8019 (+/-0.5814)
2019-07-20 06:22:29,228 INFO - logger - Iter 13900 - time: 31    - [train] loss: 3.5019 (+/-0.6516) - [valid] loss: 2.8627 (+/-0.5626) - [test] loss: 2.8978 (+/-0.6003)
2019-07-20 06:23:02,576 INFO - logger - Iter 14000 - time: 33    - [train] loss: 2.8975 (+/-0.5783) - [valid] loss: 3.1091 (+/-0.5895) - [test] loss: 3.3759 (+/-0.6288)
2019-07-20 06:23:35,844 INFO - logger - Iter 14100 - time: 33    - [train] loss: 2.4797 (+/-0.4897) - [valid] loss: 2.8658 (+/-0.6305) - [test] loss: 2.884  (+/-0.5969)
2019-07-20 06:24:06,900 INFO - logger - Iter 14200 - time: 31    - [train] loss: 2.8001 (+/-0.5547) - [valid] loss: 2.7618 (+/-0.5778) - [test] loss: 2.4149 (+/-0.5675)
2019-07-20 06:24:37,918 INFO - logger - Iter 14300 - time: 31    - [train] loss: 3.1602 (+/-0.6712) - [valid] loss: 2.6827 (+/-0.5777) - [test] loss: 3.2429 (+/-0.5768)
2019-07-20 06:25:09,239 INFO - logger - Iter 14400 - time: 31    - [train] loss: 2.7767 (+/-0.64  ) - [valid] loss: 3.368  (+/-0.6851) - [test] loss: 2.4381 (+/-0.5828)
2019-07-20 06:25:42,656 INFO - logger - Iter 14500 - time: 33    - [train] loss: 2.6933 (+/-0.6389) - [valid] loss: 2.4035 (+/-0.5107) - [test] loss: 2.704  (+/-0.5927)
2019-07-20 06:26:16,241 INFO - logger - Iter 14600 - time: 33    - [train] loss: 3.2477 (+/-0.913 ) - [valid] loss: 2.5134 (+/-0.5953) - [test] loss: 2.8211 (+/-0.5253)
2019-07-20 06:26:48,182 INFO - logger - Iter 14700 - time: 31    - [train] loss: 2.7046 (+/-0.5418) - [valid] loss: 2.3357 (+/-0.4761) - [test] loss: 2.6497 (+/-0.5578)
2019-07-20 06:27:17,924 INFO - logger - Iter 14800 - time: 29    - [train] loss: 3.441  (+/-0.7147) - [valid] loss: 2.5266 (+/-0.5988) - [test] loss: 2.874  (+/-0.5932)
2019-07-20 06:27:48,665 INFO - logger - Iter 14900 - time: 30    - [train] loss: 2.7854 (+/-0.6079) - [valid] loss: 2.9838 (+/-0.6449) - [test] loss: 3.4764 (+/-1.0942)
2019-07-20 06:28:21,884 INFO - logger - Iter 15000 - time: 33    - [train] loss: 3.467  (+/-0.7901) - [valid] loss: 3.1027 (+/-0.61  ) - [test] loss: 3.0375 (+/-0.6538)
2019-07-20 06:28:54,957 INFO - logger - Iter 15100 - time: 33    - [train] loss: 2.9358 (+/-0.6766) - [valid] loss: 3.2992 (+/-0.6686) - [test] loss: 3.0897 (+/-0.7015)
2019-07-20 06:29:27,661 INFO - logger - Iter 15200 - time: 32    - [train] loss: 2.662  (+/-0.608 ) - [valid] loss: 2.4677 (+/-0.4816) - [test] loss: 2.8508 (+/-0.5787)
2019-07-20 06:29:58,525 INFO - logger - Iter 15300 - time: 30    - [train] loss: 2.796  (+/-0.6986) - [valid] loss: 2.5734 (+/-0.569 ) - [test] loss: 2.5157 (+/-0.5342)
2019-07-20 06:30:29,275 INFO - logger - Iter 15400 - time: 30    - [train] loss: 2.5523 (+/-0.4746) - [valid] loss: 2.3666 (+/-0.5307) - [test] loss: 2.9734 (+/-0.7648)
2019-07-20 06:31:01,573 INFO - logger - Iter 15500 - time: 32    - [train] loss: 2.7394 (+/-0.693 ) - [valid] loss: 2.5284 (+/-0.5177) - [test] loss: 3.2731 (+/-0.6967)
2019-07-20 06:31:33,610 INFO - logger - Iter 15600 - time: 32    - [train] loss: 3.122  (+/-1.201 ) - [valid] loss: 2.7034 (+/-0.5998) - [test] loss: 2.7345 (+/-0.5187)
2019-07-20 06:32:07,760 INFO - logger - Iter 15700 - time: 34    - [train] loss: 2.3214 (+/-0.4946) - [valid] loss: 2.9585 (+/-1.1908) - [test] loss: 2.7582 (+/-0.5824)
2019-07-20 06:32:38,820 INFO - logger - Iter 15800 - time: 31    - [train] loss: 2.6491 (+/-0.5973) - [valid] loss: 2.5506 (+/-0.5576) - [test] loss: 2.9015 (+/-0.6137)
2019-07-20 06:33:09,255 INFO - logger - Iter 15900 - time: 30    - [train] loss: 2.9707 (+/-0.5794) - [valid] loss: 3.3129 (+/-0.7372) - [test] loss: 2.6391 (+/-0.7173)
2019-07-20 06:33:40,703 INFO - logger - Iter 16000 - time: 31    - [train] loss: 3.0655 (+/-0.6231) - [valid] loss: 2.739  (+/-0.6551) - [test] loss: 2.65   (+/-0.7117)
2019-07-20 06:34:12,603 INFO - logger - Iter 16100 - time: 31    - [train] loss: 2.7537 (+/-0.6407) - [valid] loss: 2.7915 (+/-0.6789) - [test] loss: 2.9457 (+/-0.6134)
2019-07-20 06:34:46,619 INFO - logger - Iter 16200 - time: 34    - [train] loss: 2.0765 (+/-0.5619) - [valid] loss: 2.5407 (+/-0.6095) - [test] loss: 2.4345 (+/-0.5654)
2019-07-20 06:35:17,740 INFO - logger - Iter 16300 - time: 31    - [train] loss: 2.8255 (+/-1.0282) - [valid] loss: 2.8362 (+/-0.675 ) - [test] loss: 2.6799 (+/-0.5466)
2019-07-20 06:35:49,108 INFO - logger - Iter 16400 - time: 31    - [train] loss: 2.338  (+/-0.5519) - [valid] loss: 2.1467 (+/-0.508 ) - [test] loss: 2.4004 (+/-0.5066)
2019-07-20 06:36:20,940 INFO - logger - Iter 16500 - time: 31    - [train] loss: 2.7146 (+/-1.0206) - [valid] loss: 2.6889 (+/-0.7239) - [test] loss: 8.3466 (+/-9.7216)
2019-07-20 06:36:54,389 INFO - logger - Iter 16600 - time: 33    - [train] loss: 2.6052 (+/-0.7082) - [valid] loss: 2.7511 (+/-0.597 ) - [test] loss: 2.4558 (+/-0.4694)
2019-07-20 06:37:27,669 INFO - logger - Iter 16700 - time: 33    - [train] loss: 2.3847 (+/-0.4717) - [valid] loss: 3.0508 (+/-0.7291) - [test] loss: 2.326  (+/-0.5369)
2019-07-20 06:37:59,855 INFO - logger - Iter 16800 - time: 32    - [train] loss: 2.6467 (+/-0.5419) - [valid] loss: 2.6868 (+/-0.6424) - [test] loss: 2.6379 (+/-0.5847)
2019-07-20 06:38:30,950 INFO - logger - Iter 16900 - time: 31    - [train] loss: 2.6826 (+/-0.6224) - [valid] loss: 2.1987 (+/-0.5175) - [test] loss: 2.5451 (+/-0.6918)
2019-07-20 06:39:01,511 INFO - logger - Iter 17000 - time: 30    - [train] loss: 1.943  (+/-0.4739) - [valid] loss: 2.083  (+/-0.4559) - [test] loss: 2.2059 (+/-0.487 )
2019-07-20 06:39:35,819 INFO - logger - Iter 17100 - time: 34    - [train] loss: 2.4679 (+/-0.5397) - [valid] loss: 2.433  (+/-0.5379) - [test] loss: 2.5733 (+/-0.4509)
2019-07-20 06:40:06,726 INFO - logger - Iter 17200 - time: 30    - [train] loss: 2.4169 (+/-0.5532) - [valid] loss: 2.5156 (+/-0.6257) - [test] loss: 3.3861 (+/-0.8561)
2019-07-20 06:40:37,445 INFO - logger - Iter 17300 - time: 30    - [train] loss: 2.5525 (+/-0.6576) - [valid] loss: 2.7751 (+/-0.5932) - [test] loss: 2.0993 (+/-0.4252)
2019-07-20 06:41:07,764 INFO - logger - Iter 17400 - time: 30    - [train] loss: 2.535  (+/-0.5733) - [valid] loss: 2.3329 (+/-0.5293) - [test] loss: 2.8061 (+/-0.6305)
2019-07-20 06:41:39,782 INFO - logger - Iter 17500 - time: 32    - [train] loss: 1.9313 (+/-0.4472) - [valid] loss: 1.9586 (+/-0.4213) - [test] loss: 2.0363 (+/-0.4773)
2019-07-20 06:42:13,644 INFO - logger - Iter 17600 - time: 33    - [train] loss: 2.3954 (+/-0.5124) - [valid] loss: 2.2046 (+/-0.4462) - [test] loss: 2.2385 (+/-0.4485)
2019-07-20 06:42:44,378 INFO - logger - Iter 17700 - time: 30    - [train] loss: 2.8854 (+/-0.7275) - [valid] loss: 1.9901 (+/-0.5409) - [test] loss: 1.959  (+/-0.4781)
2019-07-20 06:43:15,054 INFO - logger - Iter 17800 - time: 30    - [train] loss: 2.0067 (+/-0.3919) - [valid] loss: 2.9792 (+/-0.622 ) - [test] loss: 2.2287 (+/-0.8006)
2019-07-20 06:43:46,621 INFO - logger - Iter 17900 - time: 31    - [train] loss: 2.7461 (+/-0.5375) - [valid] loss: 1.8764 (+/-0.4177) - [test] loss: 1.9975 (+/-0.4329)
2019-07-20 06:44:16,822 INFO - logger - Iter 18000 - time: 30    - [train] loss: 2.37   (+/-0.5811) - [valid] loss: 2.4184 (+/-0.5347) - [test] loss: 2.1635 (+/-0.5076)
2019-07-20 06:44:51,194 INFO - logger - Iter 18100 - time: 34    - [train] loss: 2.3408 (+/-0.7527) - [valid] loss: 2.417  (+/-0.5319) - [test] loss: 2.0619 (+/-0.4998)
2019-07-20 06:45:21,365 INFO - logger - Iter 18200 - time: 30    - [train] loss: 2.0184 (+/-0.4528) - [valid] loss: 2.4699 (+/-0.5277) - [test] loss: 2.1148 (+/-0.4275)
2019-07-20 06:45:51,110 INFO - logger - Iter 18300 - time: 29    - [train] loss: 1.9313 (+/-0.4215) - [valid] loss: 1.8733 (+/-0.4312) - [test] loss: 1.9108 (+/-0.4988)
2019-07-20 06:46:21,956 INFO - logger - Iter 18400 - time: 30    - [train] loss: 2.3164 (+/-0.488 ) - [valid] loss: 1.8303 (+/-0.4183) - [test] loss: 2.4917 (+/-0.8582)
2019-07-20 06:46:53,214 INFO - logger - Iter 18500 - time: 31    - [train] loss: 2.7231 (+/-0.7918) - [valid] loss: 2.422  (+/-0.6502) - [test] loss: 2.0277 (+/-0.4909)
2019-07-20 06:47:23,424 INFO - logger - Iter 18600 - time: 30    - [train] loss: 1.7843 (+/-0.4359) - [valid] loss: 2.4293 (+/-0.7181) - [test] loss: 2.6036 (+/-0.6924)
2019-07-20 06:47:54,583 INFO - logger - Iter 18700 - time: 31    - [train] loss: 1.7721 (+/-0.4342) - [valid] loss: 1.695  (+/-0.3599) - [test] loss: 1.8385 (+/-0.4536)
2019-07-20 06:48:28,776 INFO - logger - Iter 18800 - time: 34    - [train] loss: 1.9246 (+/-0.4242) - [valid] loss: 1.8291 (+/-0.5396) - [test] loss: 2.4237 (+/-0.6947)
2019-07-20 06:49:00,591 INFO - logger - Iter 18900 - time: 31    - [train] loss: 2.4437 (+/-0.5557) - [valid] loss: 1.8221 (+/-0.3622) - [test] loss: 1.9809 (+/-0.4677)
2019-07-20 06:49:31,386 INFO - logger - Iter 19000 - time: 30    - [train] loss: 2.1544 (+/-0.5277) - [valid] loss: 2.6544 (+/-0.7394) - [test] loss: 2.5142 (+/-0.7207)
2019-07-20 06:50:02,213 INFO - logger - Iter 19100 - time: 30    - [train] loss: 2.5491 (+/-0.5426) - [valid] loss: 2.3262 (+/-0.5534) - [test] loss: 2.1112 (+/-0.489 )
2019-07-20 06:50:32,956 INFO - logger - Iter 19200 - time: 30    - [train] loss: 2.0506 (+/-0.6483) - [valid] loss: 2.0425 (+/-0.4727) - [test] loss: 2.0681 (+/-0.4619)
2019-07-20 06:51:05,639 INFO - logger - Iter 19300 - time: 32    - [train] loss: 2.1688 (+/-0.5187) - [valid] loss: 2.2764 (+/-0.5982) - [test] loss: 2.2783 (+/-0.4298)
2019-07-20 06:51:38,310 INFO - logger - Iter 19400 - time: 32    - [train] loss: 2.4549 (+/-0.723 ) - [valid] loss: 1.6265 (+/-0.3573) - [test] loss: 2.4565 (+/-0.7204)
2019-07-20 06:52:08,564 INFO - logger - Iter 19500 - time: 30    - [train] loss: 1.9133 (+/-0.884 ) - [valid] loss: 2.5186 (+/-0.5737) - [test] loss: 2.1242 (+/-0.5382)
2019-07-20 06:52:39,160 INFO - logger - Iter 19600 - time: 30    - [train] loss: 2.0616 (+/-0.5302) - [valid] loss: 1.981  (+/-0.488 ) - [test] loss: 2.077  (+/-0.482 )
2019-07-20 06:53:10,629 INFO - logger - Iter 19700 - time: 31    - [train] loss: 2.1566 (+/-0.4507) - [valid] loss: 2.2011 (+/-0.454 ) - [test] loss: 1.649  (+/-0.4066)
2019-07-20 06:53:43,950 INFO - logger - Iter 19800 - time: 33    - [train] loss: 2.1653 (+/-0.6373) - [valid] loss: 1.8996 (+/-0.4744) - [test] loss: 2.2998 (+/-0.5661)
2019-07-20 06:54:16,418 INFO - logger - Iter 19900 - time: 32    - [train] loss: 2.1339 (+/-0.7592) - [valid] loss: 2.078  (+/-0.4608) - [test] loss: 1.7101 (+/-0.3415)
2019-07-20 06:54:46,951 INFO - logger - Iter 20000 - time: 30    - [train] loss: 1.7755 (+/-0.3381) - [valid] loss: 1.6995 (+/-0.4058) - [test] loss: 2.0179 (+/-0.417 )
2019-07-20 06:55:17,616 INFO - logger - Iter 20100 - time: 30    - [train] loss: 1.8808 (+/-0.4749) - [valid] loss: 1.4685 (+/-0.2716) - [test] loss: 2.1416 (+/-0.5071)
2019-07-20 06:55:51,164 INFO - logger - Iter 20200 - time: 33    - [train] loss: 1.7911 (+/-0.338 ) - [valid] loss: 1.8726 (+/-0.4128) - [test] loss: 2.0307 (+/-0.4416)
2019-07-20 06:56:23,169 INFO - logger - Iter 20300 - time: 32    - [train] loss: 1.8509 (+/-0.544 ) - [valid] loss: 1.889  (+/-0.4783) - [test] loss: 1.5346 (+/-0.4037)
2019-07-20 06:56:56,935 INFO - logger - Iter 20400 - time: 33    - [train] loss: 1.3309 (+/-0.3276) - [valid] loss: 1.8093 (+/-0.3673) - [test] loss: 1.9877 (+/-0.4223)
2019-07-20 06:57:26,701 INFO - logger - Iter 20500 - time: 29    - [train] loss: 1.6473 (+/-0.4202) - [valid] loss: 1.6465 (+/-0.4468) - [test] loss: 2.4623 (+/-0.5975)
2019-07-20 06:57:57,120 INFO - logger - Iter 20600 - time: 30    - [train] loss: 1.7047 (+/-0.3292) - [valid] loss: 1.8337 (+/-0.4928) - [test] loss: 1.7878 (+/-0.4648)
2019-07-20 06:58:29,896 INFO - logger - Iter 20700 - time: 32    - [train] loss: 2.1456 (+/-0.97  ) - [valid] loss: 1.8627 (+/-0.3923) - [test] loss: 1.6848 (+/-0.4211)
2019-07-20 06:59:01,986 INFO - logger - Iter 20800 - time: 32    - [train] loss: 1.9818 (+/-0.4257) - [valid] loss: 1.5279 (+/-0.317 ) - [test] loss: 1.8851 (+/-0.4699)
2019-07-20 06:59:36,435 INFO - logger - Iter 20900 - time: 34    - [train] loss: 1.642  (+/-0.4118) - [valid] loss: 1.8097 (+/-0.4088) - [test] loss: 1.5135 (+/-0.3804)
2019-07-20 07:00:06,624 INFO - logger - Iter 21000 - time: 30    - [train] loss: 1.7345 (+/-0.3517) - [valid] loss: 1.775  (+/-0.427 ) - [test] loss: 1.3629 (+/-0.2888)
2019-07-20 07:00:37,562 INFO - logger - Iter 21100 - time: 30    - [train] loss: 1.9247 (+/-0.5753) - [valid] loss: 1.801  (+/-0.4085) - [test] loss: 1.6491 (+/-0.3892)
2019-07-20 07:01:09,351 INFO - logger - Iter 21200 - time: 31    - [train] loss: 1.704  (+/-0.4609) - [valid] loss: 1.1707 (+/-0.3041) - [test] loss: 1.6133 (+/-0.3369)
2019-07-20 07:01:42,116 INFO - logger - Iter 21300 - time: 32    - [train] loss: 1.9058 (+/-0.4243) - [valid] loss: 1.9361 (+/-0.4724) - [test] loss: 1.7823 (+/-0.6054)
2019-07-20 07:02:15,451 INFO - logger - Iter 21400 - time: 33    - [train] loss: 1.9374 (+/-0.4197) - [valid] loss: 1.3792 (+/-0.3368) - [test] loss: 1.3571 (+/-0.367 )
2019-07-20 07:02:47,511 INFO - logger - Iter 21500 - time: 32    - [train] loss: 1.5137 (+/-0.3541) - [valid] loss: 1.5762 (+/-0.3712) - [test] loss: 1.3788 (+/-0.3724)
2019-07-20 07:03:17,780 INFO - logger - Iter 21600 - time: 30    - [train] loss: 1.7432 (+/-0.3818) - [valid] loss: 1.6314 (+/-0.4212) - [test] loss: 1.5734 (+/-0.4001)
2019-07-20 07:03:47,712 INFO - logger - Iter 21700 - time: 29    - [train] loss: 1.6827 (+/-0.4421) - [valid] loss: 1.3883 (+/-0.3442) - [test] loss: 1.5815 (+/-0.416 )
2019-07-20 07:04:21,478 INFO - logger - Iter 21800 - time: 33    - [train] loss: 1.5365 (+/-0.3445) - [valid] loss: 3.0557 (+/-2.6598) - [test] loss: 1.1545 (+/-0.2825)
2019-07-20 07:04:53,469 INFO - logger - Iter 21900 - time: 31    - [train] loss: 1.264  (+/-0.3493) - [valid] loss: 1.847  (+/-0.5158) - [test] loss: 1.629  (+/-0.3862)
2019-07-20 07:05:26,821 INFO - logger - Iter 22000 - time: 33    - [train] loss: 1.2312 (+/-0.2819) - [valid] loss: 1.7398 (+/-0.4238) - [test] loss: 1.4155 (+/-0.4236)
2019-07-20 07:05:57,609 INFO - logger - Iter 22100 - time: 30    - [train] loss: 1.1607 (+/-0.2983) - [valid] loss: 1.5636 (+/-0.3853) - [test] loss: 1.8404 (+/-0.4309)
2019-07-20 07:06:27,975 INFO - logger - Iter 22200 - time: 30    - [train] loss: 1.6913 (+/-0.4872) - [valid] loss: 1.4467 (+/-0.3363) - [test] loss: 1.944  (+/-0.4834)
2019-07-20 07:07:01,664 INFO - logger - Iter 22300 - time: 33    - [train] loss: 1.8946 (+/-0.4551) - [valid] loss: 1.3717 (+/-0.3217) - [test] loss: 1.725  (+/-0.3443)
2019-07-20 07:07:33,048 INFO - logger - Iter 22400 - time: 31    - [train] loss: 1.5451 (+/-0.3393) - [valid] loss: 1.3878 (+/-0.3044) - [test] loss: 1.583  (+/-0.3295)
2019-07-20 07:08:07,547 INFO - logger - Iter 22500 - time: 34    - [train] loss: 1.4524 (+/-0.3505) - [valid] loss: 1.6849 (+/-0.5268) - [test] loss: 1.7    (+/-0.4423)
2019-07-20 07:08:37,808 INFO - logger - Iter 22600 - time: 30    - [train] loss: 1.5584 (+/-0.4952) - [valid] loss: 1.6305 (+/-0.4137) - [test] loss: 1.3803 (+/-0.339 )
2019-07-20 07:09:09,105 INFO - logger - Iter 22700 - time: 31    - [train] loss: 1.1276 (+/-0.2506) - [valid] loss: 1.5767 (+/-0.3799) - [test] loss: 1.5218 (+/-0.3416)
2019-07-20 07:09:40,820 INFO - logger - Iter 22800 - time: 31    - [train] loss: 1.4994 (+/-0.3869) - [valid] loss: 1.8475 (+/-0.6948) - [test] loss: 1.4608 (+/-0.3615)
2019-07-20 07:10:12,569 INFO - logger - Iter 22900 - time: 31    - [train] loss: 1.5225 (+/-0.4039) - [valid] loss: 1.5886 (+/-0.3608) - [test] loss: 1.33   (+/-0.3869)
2019-07-20 07:10:46,096 INFO - logger - Iter 23000 - time: 33    - [train] loss: 1.477  (+/-0.3875) - [valid] loss: 1.4101 (+/-0.3558) - [test] loss: 1.4633 (+/-0.3461)
2019-07-20 07:11:18,417 INFO - logger - Iter 23100 - time: 32    - [train] loss: 1.4852 (+/-0.3981) - [valid] loss: 1.7096 (+/-0.4823) - [test] loss: 1.5927 (+/-0.3915)
2019-07-20 07:11:48,572 INFO - logger - Iter 23200 - time: 30    - [train] loss: 1.4849 (+/-0.3418) - [valid] loss: 1.5556 (+/-0.3684) - [test] loss: 1.448  (+/-0.3262)
2019-07-20 07:12:19,660 INFO - logger - Iter 23300 - time: 31    - [train] loss: 1.4201 (+/-0.3512) - [valid] loss: 1.3662 (+/-0.402 ) - [test] loss: 1.1206 (+/-0.2648)
2019-07-20 07:12:53,016 INFO - logger - Iter 23400 - time: 33    - [train] loss: 1.4395 (+/-0.3365) - [valid] loss: 1.4787 (+/-0.4408) - [test] loss: 1.4978 (+/-0.3119)
2019-07-20 07:13:23,382 INFO - logger - Iter 23500 - time: 30    - [train] loss: 1.6599 (+/-0.4513) - [valid] loss: 1.0296 (+/-0.2474) - [test] loss: 1.8071 (+/-0.502 )
2019-07-20 07:13:53,730 INFO - logger - Iter 23600 - time: 30    - [train] loss: 1.2314 (+/-0.2558) - [valid] loss: 1.3421 (+/-0.4074) - [test] loss: 1.3842 (+/-0.331 )
2019-07-20 07:14:24,031 INFO - logger - Iter 23700 - time: 30    - [train] loss: 1.3809 (+/-0.3655) - [valid] loss: 1.2896 (+/-0.3373) - [test] loss: 1.2272 (+/-0.2971)
2019-07-20 07:14:56,345 INFO - logger - Iter 23800 - time: 32    - [train] loss: 1.9161 (+/-0.5126) - [valid] loss: 1.354  (+/-0.3265) - [test] loss: 1.3385 (+/-0.3386)
2019-07-20 07:15:27,667 INFO - logger - Iter 23900 - time: 31    - [train] loss: 1.269  (+/-0.324 ) - [valid] loss: 1.6038 (+/-0.372 ) - [test] loss: 1.4959 (+/-0.5611)
2019-07-20 07:15:57,423 INFO - logger - Iter 24000 - time: 29    - [train] loss: 1.4602 (+/-0.3306) - [valid] loss: 1.2036 (+/-0.3301) - [test] loss: 1.3479 (+/-0.3038)
2019-07-20 07:16:27,926 INFO - logger - Iter 24100 - time: 30    - [train] loss: 1.3751 (+/-0.3391) - [valid] loss: 1.4626 (+/-0.3233) - [test] loss: 1.4611 (+/-0.4072)
2019-07-20 07:16:58,334 INFO - logger - Iter 24200 - time: 30    - [train] loss: 1.1712 (+/-0.2988) - [valid] loss: 1.2501 (+/-0.2802) - [test] loss: 1.4265 (+/-0.437 )
2019-07-20 07:17:32,614 INFO - logger - Iter 24300 - time: 34    - [train] loss: 1.5879 (+/-0.5043) - [valid] loss: 1.2382 (+/-0.4117) - [test] loss: 1.4848 (+/-0.6081)
2019-07-20 07:18:02,856 INFO - logger - Iter 24400 - time: 30    - [train] loss: 1.4751 (+/-0.347 ) - [valid] loss: 1.6071 (+/-0.5978) - [test] loss: 1.1275 (+/-0.263 )
2019-07-20 07:18:32,633 INFO - logger - Iter 24500 - time: 29    - [train] loss: 1.7606 (+/-0.4831) - [valid] loss: 1.9132 (+/-0.5358) - [test] loss: 1.43   (+/-0.5733)
2019-07-20 07:19:03,192 INFO - logger - Iter 24600 - time: 30    - [train] loss: 1.2225 (+/-0.2957) - [valid] loss: 1.4565 (+/-0.2872) - [test] loss: 1.2281 (+/-0.3147)
2019-07-20 07:19:34,993 INFO - logger - Iter 24700 - time: 31    - [train] loss: 1.5348 (+/-0.4344) - [valid] loss: 1.3717 (+/-0.6976) - [test] loss: 1.3621 (+/-0.357 )
2019-07-20 07:20:06,224 INFO - logger - Iter 24800 - time: 31    - [train] loss: 1.3997 (+/-0.478 ) - [valid] loss: 1.1011 (+/-0.2909) - [test] loss: 0.9154 (+/-0.244 )
2019-07-20 07:20:36,971 INFO - logger - Iter 24900 - time: 30    - [train] loss: 1.3052 (+/-0.298 ) - [valid] loss: 1.2458 (+/-0.2576) - [test] loss: 1.263  (+/-0.344 )
2019-07-20 07:21:07,268 INFO - logger - Iter 25000 - time: 30    - [train] loss: 1.22   (+/-0.2961) - [valid] loss: 1.7136 (+/-0.5504) - [test] loss: 1.2168 (+/-0.3345)
2019-07-20 07:21:36,940 INFO - logger - Iter 25100 - time: 29    - [train] loss: 1.3717 (+/-0.3451) - [valid] loss: 1.1482 (+/-0.4108) - [test] loss: 1.5904 (+/-0.8959)
2019-07-20 07:22:07,694 INFO - logger - Iter 25200 - time: 30    - [train] loss: 1.2994 (+/-0.2927) - [valid] loss: 1.7294 (+/-0.4483) - [test] loss: 1.1713 (+/-0.3014)
2019-07-20 07:22:38,112 INFO - logger - Iter 25300 - time: 30    - [train] loss: 1.2539 (+/-0.4138) - [valid] loss: 1.1859 (+/-0.3247) - [test] loss: 1.328  (+/-0.4454)
2019-07-20 07:23:08,544 INFO - logger - Iter 25400 - time: 30    - [train] loss: 1.3358 (+/-0.36  ) - [valid] loss: 1.127  (+/-0.2922) - [test] loss: 1.4575 (+/-0.3687)
2019-07-20 07:23:38,594 INFO - logger - Iter 25500 - time: 30    - [train] loss: 1.4114 (+/-0.6034) - [valid] loss: 1.4698 (+/-0.3885) - [test] loss: 1.1263 (+/-0.2869)
2019-07-20 07:24:08,171 INFO - logger - Iter 25600 - time: 29    - [train] loss: 1.4342 (+/-0.3889) - [valid] loss: 1.3286 (+/-0.2863) - [test] loss: 1.145  (+/-0.3045)
2019-07-20 07:24:37,704 INFO - logger - Iter 25700 - time: 29    - [train] loss: 1.2634 (+/-0.2961) - [valid] loss: 1.3239 (+/-0.2955) - [test] loss: 1.4228 (+/-0.4586)
2019-07-20 07:25:07,593 INFO - logger - Iter 25800 - time: 29    - [train] loss: 1.2487 (+/-0.369 ) - [valid] loss: 1.2294 (+/-0.2955) - [test] loss: 1.4824 (+/-0.3055)
2019-07-20 07:25:37,123 INFO - logger - Iter 25900 - time: 29    - [train] loss: 1.2091 (+/-0.3157) - [valid] loss: 1.3138 (+/-0.3992) - [test] loss: 1.2925 (+/-0.299 )
2019-07-20 07:26:06,722 INFO - logger - Iter 26000 - time: 29    - [train] loss: 1.0698 (+/-0.2664) - [valid] loss: 1.752  (+/-0.5279) - [test] loss: 1.3835 (+/-0.2883)
2019-07-20 07:26:37,051 INFO - logger - Iter 26100 - time: 30    - [train] loss: 1.1818 (+/-0.3469) - [valid] loss: 1.0297 (+/-0.2431) - [test] loss: 1.1813 (+/-0.399 )
2019-07-20 07:27:05,864 INFO - logger - Iter 26200 - time: 28    - [train] loss: 1.3322 (+/-0.3426) - [valid] loss: 1.4051 (+/-0.3322) - [test] loss: 0.9966 (+/-0.23  )
2019-07-20 07:27:36,712 INFO - logger - Iter 26300 - time: 30    - [train] loss: 1.7447 (+/-0.6331) - [valid] loss: 1.1542 (+/-0.3423) - [test] loss: 1.1874 (+/-0.3895)
2019-07-20 07:28:06,835 INFO - logger - Iter 26400 - time: 30    - [train] loss: 1.2063 (+/-0.2854) - [valid] loss: 1.1962 (+/-0.3198) - [test] loss: 1.1193 (+/-0.2731)
2019-07-20 07:28:38,186 INFO - logger - Iter 26500 - time: 31    - [train] loss: 1.586  (+/-0.412 ) - [valid] loss: 1.1055 (+/-0.2953) - [test] loss: 1.8508 (+/-1.0004)
2019-07-20 07:29:09,627 INFO - logger - Iter 26600 - time: 31    - [train] loss: 1.7367 (+/-0.4788) - [valid] loss: 1.5059 (+/-0.6668) - [test] loss: 1.6921 (+/-0.697 )
2019-07-20 07:29:39,721 INFO - logger - Iter 26700 - time: 30    - [train] loss: 1.4158 (+/-0.3204) - [valid] loss: 1.2185 (+/-0.2909) - [test] loss: 1.3051 (+/-0.298 )
2019-07-20 07:30:08,948 INFO - logger - Iter 26800 - time: 29    - [train] loss: 1.2748 (+/-0.3138) - [valid] loss: 1.4384 (+/-0.3256) - [test] loss: 1.2841 (+/-0.5263)
2019-07-20 07:30:38,320 INFO - logger - Iter 26900 - time: 29    - [train] loss: 1.2717 (+/-0.2755) - [valid] loss: 1.112  (+/-0.2571) - [test] loss: 0.9534 (+/-0.2222)
2019-07-20 07:31:10,714 INFO - logger - Iter 27000 - time: 32    - [train] loss: 1.2859 (+/-0.3278) - [valid] loss: 1.0196 (+/-0.22  ) - [test] loss: 1.2605 (+/-0.277 )
2019-07-20 07:31:41,204 INFO - logger - Iter 27100 - time: 30    - [train] loss: 0.9305 (+/-0.2472) - [valid] loss: 1.2643 (+/-0.3924) - [test] loss: 1.4671 (+/-0.3489)
2019-07-20 07:32:11,262 INFO - logger - Iter 27200 - time: 30    - [train] loss: 1.0678 (+/-0.2435) - [valid] loss: 1.3014 (+/-0.3602) - [test] loss: 1.3096 (+/-0.4509)
2019-07-20 07:32:39,835 INFO - logger - Iter 27300 - time: 28    - [train] loss: 1.1882 (+/-0.402 ) - [valid] loss: 0.9846 (+/-0.1943) - [test] loss: 1.1499 (+/-0.2311)
2019-07-20 07:33:10,823 INFO - logger - Iter 27400 - time: 30    - [train] loss: 1.0731 (+/-0.2528) - [valid] loss: 1.1553 (+/-0.2967) - [test] loss: 1.1513 (+/-0.4011)
2019-07-20 07:33:43,407 INFO - logger - Iter 27500 - time: 32    - [train] loss: 1.294  (+/-0.3012) - [valid] loss: 1.338  (+/-0.6991) - [test] loss: 1.0383 (+/-0.2445)
2019-07-20 07:34:12,501 INFO - logger - Iter 27600 - time: 29    - [train] loss: 1.3535 (+/-0.3528) - [valid] loss: 1.3417 (+/-0.3703) - [test] loss: 1.1448 (+/-0.3079)
2019-07-20 07:34:42,572 INFO - logger - Iter 27700 - time: 30    - [train] loss: 1.5267 (+/-0.4555) - [valid] loss: 1.1021 (+/-0.2778) - [test] loss: 1.127  (+/-0.2446)
2019-07-20 07:35:12,067 INFO - logger - Iter 27800 - time: 29    - [train] loss: 1.1963 (+/-0.375 ) - [valid] loss: 1.0527 (+/-0.2863) - [test] loss: 0.9799 (+/-0.2904)
2019-07-20 07:35:43,856 INFO - logger - Iter 27900 - time: 31    - [train] loss: 1.2175 (+/-0.306 ) - [valid] loss: 1.3389 (+/-0.3811) - [test] loss: 1.4467 (+/-0.3388)
2019-07-20 07:36:14,066 INFO - logger - Iter 28000 - time: 30    - [train] loss: 1.1123 (+/-0.2547) - [valid] loss: 1.2666 (+/-0.4779) - [test] loss: 1.3297 (+/-0.2882)
2019-07-20 07:36:44,555 INFO - logger - Iter 28100 - time: 30    - [train] loss: 1.3005 (+/-0.3106) - [valid] loss: 1.3031 (+/-0.3217) - [test] loss: 0.915  (+/-0.2066)
2019-07-20 07:37:14,419 INFO - logger - Iter 28200 - time: 29    - [train] loss: 1.6533 (+/-0.8198) - [valid] loss: 1.0864 (+/-0.3125) - [test] loss: 1.5343 (+/-0.6743)
2019-07-20 07:37:44,814 INFO - logger - Iter 28300 - time: 30    - [train] loss: 0.93   (+/-0.2007) - [valid] loss: 1.3527 (+/-0.3928) - [test] loss: 1.0521 (+/-0.2475)
2019-07-20 07:38:17,156 INFO - logger - Iter 28400 - time: 32    - [train] loss: 1.4382 (+/-0.4256) - [valid] loss: 1.2401 (+/-0.2533) - [test] loss: 1.1968 (+/-0.2824)
2019-07-20 07:38:46,722 INFO - logger - Iter 28500 - time: 29    - [train] loss: 1.3403 (+/-0.3363) - [valid] loss: 1.2804 (+/-0.3436) - [test] loss: 1.1782 (+/-0.3291)
2019-07-20 07:39:16,386 INFO - logger - Iter 28600 - time: 29    - [train] loss: 1.6406 (+/-0.5777) - [valid] loss: 1.5174 (+/-0.4119) - [test] loss: 1.3367 (+/-0.3101)
2019-07-20 07:39:46,606 INFO - logger - Iter 28700 - time: 30    - [train] loss: 1.4477 (+/-0.3818) - [valid] loss: 1.3763 (+/-0.4472) - [test] loss: 1.6222 (+/-0.3793)
2019-07-20 07:40:18,300 INFO - logger - Iter 28800 - time: 31    - [train] loss: 1.0403 (+/-0.2637) - [valid] loss: 1.0934 (+/-0.2599) - [test] loss: 0.9737 (+/-0.2323)
2019-07-20 07:40:48,565 INFO - logger - Iter 28900 - time: 30    - [train] loss: 1.0353 (+/-0.2716) - [valid] loss: 1.078  (+/-0.278 ) - [test] loss: 1.0357 (+/-0.3031)
2019-07-20 07:41:18,076 INFO - logger - Iter 29000 - time: 29    - [train] loss: 1.0076 (+/-0.2622) - [valid] loss: 1.1775 (+/-0.3256) - [test] loss: 1.6865 (+/-0.7501)
2019-07-20 07:41:47,473 INFO - logger - Iter 29100 - time: 29    - [train] loss: 1.2999 (+/-0.4677) - [valid] loss: 1.2145 (+/-0.2811) - [test] loss: 1.2095 (+/-0.3112)
2019-07-20 07:42:17,346 INFO - logger - Iter 29200 - time: 29    - [train] loss: 1.1889 (+/-0.3087) - [valid] loss: 1.0229 (+/-0.2445) - [test] loss: 1.4709 (+/-0.5725)
2019-07-20 07:42:49,296 INFO - logger - Iter 29300 - time: 31    - [train] loss: 0.9915 (+/-0.2207) - [valid] loss: 1.2597 (+/-0.3815) - [test] loss: 1.1893 (+/-0.2608)
2019-07-20 07:43:18,780 INFO - logger - Iter 29400 - time: 29    - [train] loss: 1.3501 (+/-0.3327) - [valid] loss: 0.998  (+/-0.2898) - [test] loss: 1.2054 (+/-0.34  )
2019-07-20 07:43:48,080 INFO - logger - Iter 29500 - time: 29    - [train] loss: 1.1116 (+/-0.3061) - [valid] loss: 0.9586 (+/-0.24  ) - [test] loss: 0.8965 (+/-0.2169)
2019-07-20 07:44:16,801 INFO - logger - Iter 29600 - time: 28    - [train] loss: 1.1269 (+/-0.2797) - [valid] loss: 1.0135 (+/-0.2512) - [test] loss: 1.1177 (+/-0.2343)
2019-07-20 07:44:49,151 INFO - logger - Iter 29700 - time: 32    - [train] loss: 0.966  (+/-0.2372) - [valid] loss: 0.8721 (+/-0.2192) - [test] loss: 0.9746 (+/-0.2988)
2019-07-20 07:45:19,834 INFO - logger - Iter 29800 - time: 30    - [train] loss: 1.1702 (+/-0.2975) - [valid] loss: 1.0102 (+/-0.2564) - [test] loss: 1.0295 (+/-0.2997)
2019-07-20 07:45:49,909 INFO - logger - Iter 29900 - time: 30    - [train] loss: 1.0779 (+/-0.2391) - [valid] loss: 1.0774 (+/-0.2987) - [test] loss: 1.3854 (+/-0.38  )
2019-07-20 07:46:19,060 INFO - logger - Iter 30000 - time: 29    - [train] loss: 1.5587 (+/-0.9132) - [valid] loss: 0.9949 (+/-0.2926) - [test] loss: 1.1205 (+/-0.3117)
2019-07-20 07:46:50,462 INFO - logger - Iter 30100 - time: 31    - [train] loss: 1.0895 (+/-0.3174) - [valid] loss: 1.196  (+/-0.469 ) - [test] loss: 1.3096 (+/-0.3873)
2019-07-20 07:47:22,686 INFO - logger - Iter 30200 - time: 32    - [train] loss: 1.0616 (+/-0.2471) - [valid] loss: 1.0456 (+/-0.3064) - [test] loss: 1.2565 (+/-0.4912)
2019-07-20 07:47:51,833 INFO - logger - Iter 30300 - time: 29    - [train] loss: 1.5348 (+/-0.4589) - [valid] loss: 1.4439 (+/-0.4595) - [test] loss: 1.084  (+/-0.3507)
2019-07-20 07:48:22,146 INFO - logger - Iter 30400 - time: 30    - [train] loss: 0.8182 (+/-0.1825) - [valid] loss: 0.9466 (+/-0.2711) - [test] loss: 1.0474 (+/-0.2552)
2019-07-20 07:48:52,203 INFO - logger - Iter 30500 - time: 30    - [train] loss: 1.222  (+/-0.3033) - [valid] loss: 1.2865 (+/-0.2661) - [test] loss: 1.2353 (+/-0.3668)
2019-07-20 07:49:24,316 INFO - logger - Iter 30600 - time: 32    - [train] loss: 1.1346 (+/-0.3291) - [valid] loss: 1.1674 (+/-0.3021) - [test] loss: 1.0241 (+/-0.3227)
2019-07-20 07:49:52,877 INFO - logger - Iter 30700 - time: 28    - [train] loss: 1.017  (+/-0.3129) - [valid] loss: 1.0658 (+/-0.2521) - [test] loss: 0.8304 (+/-0.1875)
2019-07-20 07:50:22,363 INFO - logger - Iter 30800 - time: 29    - [train] loss: 1.2918 (+/-0.317 ) - [valid] loss: 1.0137 (+/-0.2326) - [test] loss: 0.9932 (+/-0.2528)
2019-07-20 07:50:52,239 INFO - logger - Iter 30900 - time: 29    - [train] loss: 0.9721 (+/-0.2503) - [valid] loss: 1.3197 (+/-0.4461) - [test] loss: 1.0014 (+/-0.2569)
2019-07-20 07:51:22,407 INFO - logger - Iter 31000 - time: 30    - [train] loss: 1.2389 (+/-0.3484) - [valid] loss: 1.2741 (+/-0.3582) - [test] loss: 1.2692 (+/-0.3159)
2019-07-20 07:51:52,014 INFO - logger - Iter 31100 - time: 29    - [train] loss: 1.558  (+/-0.8407) - [valid] loss: 1.0095 (+/-0.3238) - [test] loss: 1.1928 (+/-0.2939)
2019-07-20 07:52:21,201 INFO - logger - Iter 31200 - time: 29    - [train] loss: 1.1629 (+/-0.3128) - [valid] loss: 1.4071 (+/-0.4565) - [test] loss: 1.1136 (+/-0.2842)
2019-07-20 07:52:51,344 INFO - logger - Iter 31300 - time: 30    - [train] loss: 1.4543 (+/-0.6145) - [valid] loss: 1.0008 (+/-0.2833) - [test] loss: 1.1631 (+/-0.2825)
2019-07-20 07:53:21,335 INFO - logger - Iter 31400 - time: 29    - [train] loss: 0.9488 (+/-0.2182) - [valid] loss: 1.0996 (+/-0.2591) - [test] loss: 1.0631 (+/-0.2542)
2019-07-20 07:53:50,421 INFO - logger - Iter 31500 - time: 29    - [train] loss: 1.2819 (+/-0.4568) - [valid] loss: 1.206  (+/-0.3215) - [test] loss: 1.0059 (+/-0.2857)
2019-07-20 07:54:20,710 INFO - logger - Iter 31600 - time: 30    - [train] loss: 0.9411 (+/-0.2337) - [valid] loss: 1.2882 (+/-0.2803) - [test] loss: 1.0311 (+/-0.2758)
2019-07-20 07:54:49,333 INFO - logger - Iter 31700 - time: 28    - [train] loss: 0.9742 (+/-0.3567) - [valid] loss: 1.073  (+/-0.3301) - [test] loss: 1.0685 (+/-0.2628)
2019-07-20 07:55:18,440 INFO - logger - Iter 31800 - time: 29    - [train] loss: 1.3068 (+/-0.327 ) - [valid] loss: 1.1198 (+/-0.3162) - [test] loss: 0.9463 (+/-0.2974)
2019-07-20 07:55:48,384 INFO - logger - Iter 31900 - time: 29    - [train] loss: 0.8725 (+/-0.2232) - [valid] loss: 1.0091 (+/-0.2345) - [test] loss: 1.0115 (+/-0.2183)
2019-07-20 07:56:18,203 INFO - logger - Iter 32000 - time: 29    - [train] loss: 1.0492 (+/-0.2487) - [valid] loss: 1.0663 (+/-0.3029) - [test] loss: 1.0242 (+/-0.2564)
2019-07-20 07:56:47,681 INFO - logger - Iter 32100 - time: 29    - [train] loss: 1.3556 (+/-0.4284) - [valid] loss: 1.0907 (+/-0.2703) - [test] loss: 1.1317 (+/-0.3453)
2019-07-20 07:57:17,515 INFO - logger - Iter 32200 - time: 29    - [train] loss: 0.9997 (+/-0.2731) - [valid] loss: 1.0899 (+/-0.2761) - [test] loss: 1.3006 (+/-0.4697)
2019-07-20 07:57:49,097 INFO - logger - Iter 32300 - time: 31    - [train] loss: 1.2152 (+/-0.4009) - [valid] loss: 1.188  (+/-0.408 ) - [test] loss: 1.1207 (+/-0.2669)
2019-07-20 07:58:20,029 INFO - logger - Iter 32400 - time: 30    - [train] loss: 1.087  (+/-0.2673) - [valid] loss: 0.8444 (+/-0.247 ) - [test] loss: 1.0048 (+/-0.229 )
2019-07-20 07:58:50,013 INFO - logger - Iter 32500 - time: 29    - [train] loss: 0.9914 (+/-0.2311) - [valid] loss: 0.8037 (+/-0.2078) - [test] loss: 1.684  (+/-0.6001)
2019-07-20 07:59:19,382 INFO - logger - Iter 32600 - time: 29    - [train] loss: 1.2071 (+/-0.3546) - [valid] loss: 1.1076 (+/-0.2883) - [test] loss: 1.0539 (+/-0.2832)
2019-07-20 07:59:50,300 INFO - logger - Iter 32700 - time: 30    - [train] loss: 0.9195 (+/-0.2517) - [valid] loss: 1.2879 (+/-0.3639) - [test] loss: 1.1252 (+/-0.4601)
2019-07-20 08:00:21,197 INFO - logger - Iter 32800 - time: 30    - [train] loss: 1.1849 (+/-0.2722) - [valid] loss: 0.982  (+/-0.2817) - [test] loss: 1.0794 (+/-0.2815)
2019-07-20 08:00:51,452 INFO - logger - Iter 32900 - time: 30    - [train] loss: 0.9548 (+/-0.221 ) - [valid] loss: 1.2023 (+/-0.3411) - [test] loss: 1.3805 (+/-0.395 )
2019-07-20 08:01:20,694 INFO - logger - Iter 33000 - time: 29    - [train] loss: 1.2478 (+/-0.3866) - [valid] loss: 1.146  (+/-0.5071) - [test] loss: 0.9385 (+/-0.2953)
2019-07-20 08:01:51,010 INFO - logger - Iter 33100 - time: 30    - [train] loss: 1.1613 (+/-0.4289) - [valid] loss: 1.2139 (+/-0.5196) - [test] loss: 1.0148 (+/-0.2694)
2019-07-20 08:02:23,720 INFO - logger - Iter 33200 - time: 32    - [train] loss: 0.9929 (+/-0.2425) - [valid] loss: 1.143  (+/-0.2894) - [test] loss: 1.2161 (+/-0.3327)
2019-07-20 08:02:52,841 INFO - logger - Iter 33300 - time: 29    - [train] loss: 0.9354 (+/-0.2035) - [valid] loss: 1.0665 (+/-0.2953) - [test] loss: 0.9483 (+/-0.27  )
2019-07-20 08:03:22,466 INFO - logger - Iter 33400 - time: 29    - [train] loss: 0.9311 (+/-0.2257) - [valid] loss: 1.1112 (+/-0.4919) - [test] loss: 1.435  (+/-0.792 )
2019-07-20 08:03:51,930 INFO - logger - Iter 33500 - time: 29    - [train] loss: 1.2449 (+/-0.3016) - [valid] loss: 0.8384 (+/-0.2031) - [test] loss: 1.1356 (+/-0.2527)
2019-07-20 08:04:23,236 INFO - logger - Iter 33600 - time: 31    - [train] loss: 1.0295 (+/-0.333 ) - [valid] loss: 1.1457 (+/-0.2991) - [test] loss: 0.9588 (+/-0.2523)
2019-07-20 08:04:54,021 INFO - logger - Iter 33700 - time: 30    - [train] loss: 1.2996 (+/-0.4043) - [valid] loss: 1.0773 (+/-0.2693) - [test] loss: 1.1529 (+/-0.4552)
2019-07-20 08:05:23,821 INFO - logger - Iter 33800 - time: 29    - [train] loss: 1.1203 (+/-0.4417) - [valid] loss: 0.9857 (+/-0.254 ) - [test] loss: 1.1331 (+/-0.495 )
2019-07-20 08:05:52,020 INFO - logger - Iter 33900 - time: 28    - [train] loss: 0.9955 (+/-0.2149) - [valid] loss: 1.1736 (+/-0.4036) - [test] loss: 0.8932 (+/-0.2078)
2019-07-20 08:06:21,890 INFO - logger - Iter 34000 - time: 29    - [train] loss: 0.8143 (+/-0.1968) - [valid] loss: 1.1314 (+/-0.3034) - [test] loss: 0.9751 (+/-0.3538)
2019-07-20 08:06:54,765 INFO - logger - Iter 34100 - time: 32    - [train] loss: 1.426  (+/-0.3124) - [valid] loss: 0.8923 (+/-0.1973) - [test] loss: 1.0822 (+/-0.3087)
2019-07-20 08:07:24,469 INFO - logger - Iter 34200 - time: 29    - [train] loss: 0.9868 (+/-0.2207) - [valid] loss: 1.092  (+/-0.3104) - [test] loss: 0.8341 (+/-0.2473)
2019-07-20 08:07:53,637 INFO - logger - Iter 34300 - time: 29    - [train] loss: 1.0187 (+/-0.2801) - [valid] loss: 1.1216 (+/-0.3   ) - [test] loss: 0.8574 (+/-0.1832)
2019-07-20 08:08:23,893 INFO - logger - Iter 34400 - time: 30    - [train] loss: 1.4977 (+/-0.3577) - [valid] loss: 1.0495 (+/-0.3106) - [test] loss: 0.9816 (+/-0.256 )
2019-07-20 08:08:56,928 INFO - logger - Iter 34500 - time: 33    - [train] loss: 1.0289 (+/-0.2519) - [valid] loss: 0.7692 (+/-0.2258) - [test] loss: 1.1299 (+/-0.2711)
2019-07-20 08:09:25,835 INFO - logger - Iter 34600 - time: 28    - [train] loss: 1.0863 (+/-0.349 ) - [valid] loss: 0.7492 (+/-0.1679) - [test] loss: 1.1336 (+/-0.2759)
2019-07-20 08:09:55,829 INFO - logger - Iter 34700 - time: 29    - [train] loss: 0.9082 (+/-0.3195) - [valid] loss: 0.8763 (+/-0.2225) - [test] loss: 1.1484 (+/-0.2852)
2019-07-20 08:10:24,977 INFO - logger - Iter 34800 - time: 29    - [train] loss: 1.5771 (+/-0.9348) - [valid] loss: 0.878  (+/-0.2526) - [test] loss: 1.3434 (+/-0.3884)
2019-07-20 08:10:56,987 INFO - logger - Iter 34900 - time: 32    - [train] loss: 1.3993 (+/-1.0615) - [valid] loss: 0.8193 (+/-0.2146) - [test] loss: 1.0088 (+/-0.3056)
2019-07-20 08:11:27,398 INFO - logger - Iter 35000 - time: 30    - [train] loss: 1.1131 (+/-0.3086) - [valid] loss: 0.8285 (+/-0.2337) - [test] loss: 1.0762 (+/-0.2808)
2019-07-20 08:11:57,611 INFO - logger - Iter 35100 - time: 30    - [train] loss: 1.1067 (+/-0.3353) - [valid] loss: 1.0235 (+/-0.3428) - [test] loss: 1.0584 (+/-0.2715)
2019-07-20 08:12:27,061 INFO - logger - Iter 35200 - time: 29    - [train] loss: 0.8034 (+/-0.2471) - [valid] loss: 1.1218 (+/-0.3141) - [test] loss: 0.8977 (+/-0.2593)
2019-07-20 08:12:57,188 INFO - logger - Iter 35300 - time: 30    - [train] loss: 1.0543 (+/-0.23  ) - [valid] loss: 0.9088 (+/-0.2273) - [test] loss: 0.9247 (+/-0.19  )
2019-07-20 08:13:29,123 INFO - logger - Iter 35400 - time: 31    - [train] loss: 1.4891 (+/-0.6513) - [valid] loss: 1.1244 (+/-0.2924) - [test] loss: 1.0582 (+/-0.3082)
2019-07-20 08:13:59,146 INFO - logger - Iter 35500 - time: 30    - [train] loss: 1.0296 (+/-0.3564) - [valid] loss: 0.8797 (+/-0.2136) - [test] loss: 1.1287 (+/-0.2698)
2019-07-20 08:14:28,253 INFO - logger - Iter 35600 - time: 29    - [train] loss: 1.1185 (+/-0.3311) - [valid] loss: 1.0719 (+/-0.3358) - [test] loss: 1.1731 (+/-0.3288)
2019-07-20 08:14:58,458 INFO - logger - Iter 35700 - time: 30    - [train] loss: 1.2585 (+/-0.6863) - [valid] loss: 0.7546 (+/-0.172 ) - [test] loss: 0.9304 (+/-0.2086)
2019-07-20 08:15:31,416 INFO - logger - Iter 35800 - time: 32    - [train] loss: 0.9893 (+/-0.2556) - [valid] loss: 0.8394 (+/-0.182 ) - [test] loss: 1.0205 (+/-0.252 )
2019-07-20 08:16:00,687 INFO - logger - Iter 35900 - time: 29    - [train] loss: 1.1244 (+/-0.3028) - [valid] loss: 1.1985 (+/-0.3587) - [test] loss: 0.9916 (+/-0.2401)
2019-07-20 08:16:30,260 INFO - logger - Iter 36000 - time: 29    - [train] loss: 1.195  (+/-0.5022) - [valid] loss: 0.7786 (+/-0.2115) - [test] loss: 1.1279 (+/-0.292 )
2019-07-20 08:16:59,152 INFO - logger - Iter 36100 - time: 28    - [train] loss: 0.9361 (+/-0.2362) - [valid] loss: 0.9765 (+/-0.2559) - [test] loss: 1.003  (+/-0.2775)
2019-07-20 08:17:31,090 INFO - logger - Iter 36200 - time: 31    - [train] loss: 1.1375 (+/-0.2703) - [valid] loss: 1.0059 (+/-0.2519) - [test] loss: 0.9811 (+/-0.2737)
2019-07-20 08:18:01,330 INFO - logger - Iter 36300 - time: 30    - [train] loss: 0.9878 (+/-0.2427) - [valid] loss: 0.9427 (+/-0.2717) - [test] loss: 1.2552 (+/-0.4813)
2019-07-20 08:18:30,009 INFO - logger - Iter 36400 - time: 28    - [train] loss: 1.0193 (+/-0.3256) - [valid] loss: 1.1326 (+/-0.3098) - [test] loss: 1.2351 (+/-0.2836)
2019-07-20 08:18:59,278 INFO - logger - Iter 36500 - time: 29    - [train] loss: 1.2442 (+/-0.3118) - [valid] loss: 0.9951 (+/-0.2496) - [test] loss: 0.8589 (+/-0.2186)
2019-07-20 08:19:27,951 INFO - logger - Iter 36600 - time: 28    - [train] loss: 1.0517 (+/-0.3366) - [valid] loss: 0.9763 (+/-0.272 ) - [test] loss: 0.9199 (+/-0.2049)
2019-07-20 08:19:56,587 INFO - logger - Iter 36700 - time: 28    - [train] loss: 0.7816 (+/-0.2081) - [valid] loss: 0.9815 (+/-0.2426) - [test] loss: 0.7243 (+/-0.1683)
2019-07-20 08:20:26,481 INFO - logger - Iter 36800 - time: 29    - [train] loss: 0.9188 (+/-0.3264) - [valid] loss: 1.2172 (+/-0.3304) - [test] loss: 1.1342 (+/-0.4857)
2019-07-20 08:20:55,218 INFO - logger - Iter 36900 - time: 28    - [train] loss: 1.0121 (+/-0.3053) - [valid] loss: 1.1088 (+/-0.3024) - [test] loss: 1.2012 (+/-0.3521)
2019-07-20 08:21:24,293 INFO - logger - Iter 37000 - time: 29    - [train] loss: 1.1801 (+/-0.4108) - [valid] loss: 0.9747 (+/-0.309 ) - [test] loss: 1.2285 (+/-0.3597)
2019-07-20 08:21:52,622 INFO - logger - Iter 37100 - time: 28    - [train] loss: 1.0075 (+/-0.2411) - [valid] loss: 1.1117 (+/-0.3301) - [test] loss: 0.9552 (+/-0.2671)
2019-07-20 08:22:21,793 INFO - logger - Iter 37200 - time: 29    - [train] loss: 0.8369 (+/-0.2358) - [valid] loss: 0.8499 (+/-0.2275) - [test] loss: 1.1    (+/-0.3999)
2019-07-20 08:22:50,264 INFO - logger - Iter 37300 - time: 28    - [train] loss: 1.0161 (+/-0.2404) - [valid] loss: 1.1121 (+/-0.288 ) - [test] loss: 1.0788 (+/-0.2661)
2019-07-20 08:23:19,147 INFO - logger - Iter 37400 - time: 28    - [train] loss: 1.1892 (+/-0.2696) - [valid] loss: 1.1088 (+/-0.3069) - [test] loss: 0.9557 (+/-0.2233)
2019-07-20 08:23:48,598 INFO - logger - Iter 37500 - time: 29    - [train] loss: 0.8178 (+/-0.233 ) - [valid] loss: 0.9347 (+/-0.2036) - [test] loss: 0.7828 (+/-0.1877)
2019-07-20 08:24:17,896 INFO - logger - Iter 37600 - time: 29    - [train] loss: 0.9784 (+/-0.2657) - [valid] loss: 0.7013 (+/-0.1698) - [test] loss: 0.9    (+/-0.2838)
2019-07-20 08:24:46,718 INFO - logger - Iter 37700 - time: 28    - [train] loss: 0.9695 (+/-0.2597) - [valid] loss: 1.1316 (+/-0.4983) - [test] loss: 0.7976 (+/-0.1955)
2019-07-20 08:25:17,994 INFO - logger - Iter 37800 - time: 31    - [train] loss: 1.0186 (+/-0.2963) - [valid] loss: 0.9656 (+/-0.3227) - [test] loss: 0.9349 (+/-0.2505)
2019-07-20 08:25:48,183 INFO - logger - Iter 37900 - time: 30    - [train] loss: 0.8307 (+/-0.1836) - [valid] loss: 0.7827 (+/-0.1759) - [test] loss: 0.9515 (+/-0.2508)
2019-07-20 08:26:17,132 INFO - logger - Iter 38000 - time: 28    - [train] loss: 0.9725 (+/-0.2097) - [valid] loss: 0.7426 (+/-0.2075) - [test] loss: 0.905  (+/-0.2233)
2019-07-20 08:26:45,828 INFO - logger - Iter 38100 - time: 28    - [train] loss: 0.9813 (+/-0.3848) - [valid] loss: 0.9524 (+/-0.3428) - [test] loss: 0.9097 (+/-0.2907)
2019-07-20 08:27:18,085 INFO - logger - Iter 38200 - time: 32    - [train] loss: 0.8949 (+/-0.2374) - [valid] loss: 1.4627 (+/-0.5548) - [test] loss: 0.8119 (+/-0.2596)
2019-07-20 08:27:46,272 INFO - logger - Iter 38300 - time: 28    - [train] loss: 0.9008 (+/-0.2214) - [valid] loss: 1.0123 (+/-0.3169) - [test] loss: 0.9475 (+/-0.248 )
2019-07-20 08:28:15,304 INFO - logger - Iter 38400 - time: 29    - [train] loss: 0.9445 (+/-0.3422) - [valid] loss: 0.81   (+/-0.234 ) - [test] loss: 0.7702 (+/-0.2016)
2019-07-20 08:28:43,808 INFO - logger - Iter 38500 - time: 28    - [train] loss: 0.8533 (+/-0.245 ) - [valid] loss: 0.9246 (+/-0.2155) - [test] loss: 0.97   (+/-0.2147)
2019-07-20 08:29:15,844 INFO - logger - Iter 38600 - time: 32    - [train] loss: 0.9137 (+/-0.2204) - [valid] loss: 1.0855 (+/-0.3163) - [test] loss: 1.0282 (+/-0.3034)
2019-07-20 08:29:44,316 INFO - logger - Iter 38700 - time: 28    - [train] loss: 0.8657 (+/-0.2151) - [valid] loss: 0.8571 (+/-0.3191) - [test] loss: 1.0266 (+/-0.2532)
2019-07-20 08:30:13,310 INFO - logger - Iter 38800 - time: 28    - [train] loss: 0.8415 (+/-0.2633) - [valid] loss: 0.987  (+/-0.3953) - [test] loss: 0.9331 (+/-0.3166)
2019-07-20 08:30:41,916 INFO - logger - Iter 38900 - time: 28    - [train] loss: 1.0623 (+/-0.3249) - [valid] loss: 1.1104 (+/-0.2653) - [test] loss: 1.0928 (+/-0.327 )
2019-07-20 08:31:14,675 INFO - logger - Iter 39000 - time: 32    - [train] loss: 1.0306 (+/-0.2641) - [valid] loss: 1.1597 (+/-0.3113) - [test] loss: 0.8805 (+/-0.2156)
2019-07-20 08:31:43,891 INFO - logger - Iter 39100 - time: 29    - [train] loss: 1.1422 (+/-0.3944) - [valid] loss: 0.9667 (+/-0.2571) - [test] loss: 0.8565 (+/-0.2229)
2019-07-20 08:32:12,725 INFO - logger - Iter 39200 - time: 28    - [train] loss: 0.8245 (+/-0.2118) - [valid] loss: 0.9255 (+/-0.2078) - [test] loss: 0.9307 (+/-0.2511)
2019-07-20 08:32:42,195 INFO - logger - Iter 39300 - time: 29    - [train] loss: 0.6892 (+/-0.2007) - [valid] loss: 1.2393 (+/-0.9675) - [test] loss: 1.0202 (+/-0.3984)
2019-07-20 08:33:13,402 INFO - logger - Iter 39400 - time: 31    - [train] loss: 1.0561 (+/-0.2509) - [valid] loss: 0.7448 (+/-0.2293) - [test] loss: 0.9796 (+/-0.298 )
2019-07-20 08:33:42,836 INFO - logger - Iter 39500 - time: 29    - [train] loss: 0.9561 (+/-0.24  ) - [valid] loss: 0.694  (+/-0.1872) - [test] loss: 0.8711 (+/-0.2558)
2019-07-20 08:34:12,290 INFO - logger - Iter 39600 - time: 29    - [train] loss: 0.8894 (+/-0.2439) - [valid] loss: 0.7637 (+/-0.1905) - [test] loss: 0.9474 (+/-0.2679)
2019-07-20 08:34:41,729 INFO - logger - Iter 39700 - time: 29    - [train] loss: 0.6988 (+/-0.2726) - [valid] loss: 0.6175 (+/-0.1614) - [test] loss: 0.714  (+/-0.1984)
2019-07-20 08:35:14,223 INFO - logger - Iter 39800 - time: 32    - [train] loss: 0.8545 (+/-0.2329) - [valid] loss: 0.9869 (+/-0.2525) - [test] loss: 0.743  (+/-0.1825)
2019-07-20 08:35:43,196 INFO - logger - Iter 39900 - time: 28    - [train] loss: 1.076  (+/-0.2585) - [valid] loss: 1.2556 (+/-0.4694) - [test] loss: 0.998  (+/-0.2646)
2019-07-20 08:36:12,390 INFO - logger - Iter 40000 - time: 29    - [train] loss: 0.7745 (+/-0.1751) - [valid] loss: 0.7542 (+/-0.199 ) - [test] loss: 0.9459 (+/-0.4434)
2019-07-20 08:36:41,628 INFO - logger - Iter 40100 - time: 29    - [train] loss: 0.9133 (+/-0.2219) - [valid] loss: 1.0402 (+/-0.2786) - [test] loss: 1.0172 (+/-0.278 )
2019-07-20 08:37:13,894 INFO - logger - Iter 40200 - time: 32    - [train] loss: 0.7913 (+/-0.233 ) - [valid] loss: 0.7556 (+/-0.1852) - [test] loss: 0.9854 (+/-0.293 )
2019-07-20 08:37:42,697 INFO - logger - Iter 40300 - time: 28    - [train] loss: 0.9164 (+/-0.1902) - [valid] loss: 1.0025 (+/-0.2401) - [test] loss: 0.7645 (+/-0.1708)
2019-07-20 08:38:12,082 INFO - logger - Iter 40400 - time: 29    - [train] loss: 1.109  (+/-0.3585) - [valid] loss: 0.9301 (+/-0.5493) - [test] loss: 0.8149 (+/-0.202 )
2019-07-20 08:38:41,432 INFO - logger - Iter 40500 - time: 29    - [train] loss: 0.7138 (+/-0.1886) - [valid] loss: 1.0279 (+/-0.2828) - [test] loss: 0.7054 (+/-0.1778)
2019-07-20 08:39:14,142 INFO - logger - Iter 40600 - time: 32    - [train] loss: 0.925  (+/-0.2675) - [valid] loss: 0.925  (+/-0.2615) - [test] loss: 0.7552 (+/-0.1863)
2019-07-20 08:39:44,067 INFO - logger - Iter 40700 - time: 29    - [train] loss: 0.8307 (+/-0.2169) - [valid] loss: 0.9227 (+/-0.2488) - [test] loss: 0.7792 (+/-0.2234)
2019-07-20 08:40:13,896 INFO - logger - Iter 40800 - time: 29    - [train] loss: 0.8617 (+/-0.2717) - [valid] loss: 0.9082 (+/-0.2358) - [test] loss: 0.871  (+/-0.2541)
2019-07-20 08:40:44,067 INFO - logger - Iter 40900 - time: 30    - [train] loss: 0.7987 (+/-0.2425) - [valid] loss: 0.702  (+/-0.1869) - [test] loss: 0.8987 (+/-0.2413)
2019-07-20 08:41:16,750 INFO - logger - Iter 41000 - time: 32    - [train] loss: 0.9844 (+/-0.369 ) - [valid] loss: 0.9029 (+/-0.271 ) - [test] loss: 0.9966 (+/-0.3376)
2019-07-20 08:41:46,601 INFO - logger - Iter 41100 - time: 29    - [train] loss: 0.7537 (+/-0.1789) - [valid] loss: 1.0207 (+/-0.2619) - [test] loss: 0.773  (+/-0.226 )
2019-07-20 08:42:15,563 INFO - logger - Iter 41200 - time: 28    - [train] loss: 0.9552 (+/-0.292 ) - [valid] loss: 0.8322 (+/-0.2582) - [test] loss: 0.7185 (+/-0.1966)
2019-07-20 08:42:46,199 INFO - logger - Iter 41300 - time: 30    - [train] loss: 1.0296 (+/-0.3248) - [valid] loss: 1.0724 (+/-0.2815) - [test] loss: 0.7734 (+/-0.2089)
2019-07-20 08:43:17,770 INFO - logger - Iter 41400 - time: 31    - [train] loss: 0.8533 (+/-0.3113) - [valid] loss: 0.8519 (+/-0.2518) - [test] loss: 1.0074 (+/-0.2319)
2019-07-20 08:43:46,297 INFO - logger - Iter 41500 - time: 28    - [train] loss: 1.3187 (+/-0.5255) - [valid] loss: 0.9768 (+/-0.34  ) - [test] loss: 0.9374 (+/-0.3153)
2019-07-20 08:44:15,741 INFO - logger - Iter 41600 - time: 29    - [train] loss: 0.9227 (+/-0.2803) - [valid] loss: 1.0289 (+/-0.34  ) - [test] loss: 1.0104 (+/-0.3296)
2019-07-20 08:44:45,692 INFO - logger - Iter 41700 - time: 29    - [train] loss: 1.0151 (+/-0.3066) - [valid] loss: 0.963  (+/-0.2402) - [test] loss: 0.8574 (+/-0.216 )
2019-07-20 08:45:14,283 INFO - logger - Iter 41800 - time: 28    - [train] loss: 1.1355 (+/-0.3439) - [valid] loss: 0.8563 (+/-0.213 ) - [test] loss: 0.8696 (+/-0.3492)
2019-07-20 08:45:43,862 INFO - logger - Iter 41900 - time: 29    - [train] loss: 1.0568 (+/-0.2774) - [valid] loss: 1.0251 (+/-0.3187) - [test] loss: 0.8922 (+/-0.1705)
2019-07-20 08:46:13,240 INFO - logger - Iter 42000 - time: 29    - [train] loss: 0.9371 (+/-0.2598) - [valid] loss: 0.9782 (+/-0.3019) - [test] loss: 1.2565 (+/-0.4702)
2019-07-20 08:46:42,581 INFO - logger - Iter 42100 - time: 29    - [train] loss: 0.9337 (+/-0.2228) - [valid] loss: 0.8722 (+/-0.2145) - [test] loss: 0.8387 (+/-0.2805)
2019-07-20 08:47:11,974 INFO - logger - Iter 42200 - time: 29    - [train] loss: 0.8759 (+/-0.2175) - [valid] loss: 0.81   (+/-0.2268) - [test] loss: 1.0333 (+/-0.2606)
2019-07-20 08:47:40,951 INFO - logger - Iter 42300 - time: 28    - [train] loss: 1.0444 (+/-0.4539) - [valid] loss: 0.9088 (+/-0.2212) - [test] loss: 0.843  (+/-0.2009)
2019-07-20 08:48:10,405 INFO - logger - Iter 42400 - time: 29    - [train] loss: 0.9813 (+/-0.3607) - [valid] loss: 0.9707 (+/-0.2389) - [test] loss: 0.8518 (+/-0.2273)
2019-07-20 08:48:38,848 INFO - logger - Iter 42500 - time: 28    - [train] loss: 0.9828 (+/-0.3359) - [valid] loss: 0.909  (+/-0.3089) - [test] loss: 0.8415 (+/-0.3026)
2019-07-20 08:49:07,436 INFO - logger - Iter 42600 - time: 28    - [train] loss: 1.2566 (+/-0.7294) - [valid] loss: 0.6841 (+/-0.1558) - [test] loss: 1.0828 (+/-0.3981)
2019-07-20 08:49:36,665 INFO - logger - Iter 42700 - time: 29    - [train] loss: 0.8254 (+/-0.2108) - [valid] loss: 0.8467 (+/-0.2566) - [test] loss: 0.7855 (+/-0.2386)
2019-07-20 08:50:06,231 INFO - logger - Iter 42800 - time: 29    - [train] loss: 0.9404 (+/-0.2675) - [valid] loss: 0.875  (+/-0.2643) - [test] loss: 0.9522 (+/-0.3109)
2019-07-20 08:50:36,651 INFO - logger - Iter 42900 - time: 30    - [train] loss: 0.8859 (+/-0.2936) - [valid] loss: 0.7816 (+/-0.2226) - [test] loss: 0.9981 (+/-0.3187)
2019-07-20 08:51:07,948 INFO - logger - Iter 43000 - time: 31    - [train] loss: 0.8591 (+/-0.22  ) - [valid] loss: 0.92   (+/-0.2523) - [test] loss: 0.8676 (+/-0.2388)
2019-07-20 08:51:36,770 INFO - logger - Iter 43100 - time: 28    - [train] loss: 0.93   (+/-0.2299) - [valid] loss: 0.8712 (+/-0.3003) - [test] loss: 0.6628 (+/-0.1912)
2019-07-20 08:52:05,992 INFO - logger - Iter 43200 - time: 29    - [train] loss: 0.7271 (+/-0.1814) - [valid] loss: 0.7631 (+/-0.2647) - [test] loss: 0.967  (+/-0.2335)
2019-07-20 08:52:36,437 INFO - logger - Iter 43300 - time: 30    - [train] loss: 1.3321 (+/-1.1236) - [valid] loss: 0.9196 (+/-0.2389) - [test] loss: 0.9498 (+/-0.3715)
2019-07-20 08:53:06,556 INFO - logger - Iter 43400 - time: 30    - [train] loss: 0.7239 (+/-0.1837) - [valid] loss: 0.9615 (+/-0.5779) - [test] loss: 1.1762 (+/-0.3318)
2019-07-20 08:53:36,472 INFO - logger - Iter 43500 - time: 29    - [train] loss: 0.666  (+/-0.1683) - [valid] loss: 0.8796 (+/-0.2542) - [test] loss: 1.1605 (+/-0.4361)
2019-07-20 08:54:04,958 INFO - logger - Iter 43600 - time: 28    - [train] loss: 0.6983 (+/-0.1706) - [valid] loss: 0.6467 (+/-0.1698) - [test] loss: 0.7419 (+/-0.217 )
2019-07-20 08:54:35,237 INFO - logger - Iter 43700 - time: 30    - [train] loss: 1.0176 (+/-0.3002) - [valid] loss: 0.5905 (+/-0.1321) - [test] loss: 0.9402 (+/-0.2129)
2019-07-20 08:55:06,089 INFO - logger - Iter 43800 - time: 30    - [train] loss: 0.9565 (+/-0.2476) - [valid] loss: 0.8495 (+/-0.2362) - [test] loss: 0.9129 (+/-0.2734)
2019-07-20 08:55:35,568 INFO - logger - Iter 43900 - time: 29    - [train] loss: 0.6218 (+/-0.166 ) - [valid] loss: 0.7238 (+/-0.1784) - [test] loss: 0.918  (+/-0.2249)
2019-07-20 08:56:04,953 INFO - logger - Iter 44000 - time: 29    - [train] loss: 0.7732 (+/-0.2064) - [valid] loss: 1.031  (+/-0.3764) - [test] loss: 0.9697 (+/-0.2149)
2019-07-20 08:56:36,889 INFO - logger - Iter 44100 - time: 31    - [train] loss: 0.7246 (+/-0.2276) - [valid] loss: 0.6928 (+/-0.1676) - [test] loss: 0.8992 (+/-0.2689)
2019-07-20 08:57:06,327 INFO - logger - Iter 44200 - time: 29    - [train] loss: 1.1445 (+/-0.4894) - [valid] loss: 1.0199 (+/-0.4604) - [test] loss: 1.0292 (+/-0.2753)
2019-07-20 08:57:35,964 INFO - logger - Iter 44300 - time: 29    - [train] loss: 1.239  (+/-0.5318) - [valid] loss: 0.7575 (+/-0.2099) - [test] loss: 1.0112 (+/-0.3242)
2019-07-20 08:58:05,260 INFO - logger - Iter 44400 - time: 29    - [train] loss: 0.7298 (+/-0.2324) - [valid] loss: 0.9791 (+/-0.2978) - [test] loss: 1.012  (+/-0.3409)
2019-07-20 08:58:37,166 INFO - logger - Iter 44500 - time: 31    - [train] loss: 0.8281 (+/-0.2202) - [valid] loss: 0.9688 (+/-0.2406) - [test] loss: 0.9694 (+/-0.2382)
2019-07-20 08:59:06,434 INFO - logger - Iter 44600 - time: 29    - [train] loss: 0.9009 (+/-0.2688) - [valid] loss: 0.985  (+/-0.2536) - [test] loss: 0.6309 (+/-0.1854)
2019-07-20 08:59:35,143 INFO - logger - Iter 44700 - time: 28    - [train] loss: 0.6354 (+/-0.1951) - [valid] loss: 0.7963 (+/-0.2072) - [test] loss: 0.7612 (+/-0.2351)
2019-07-20 09:00:04,091 INFO - logger - Iter 44800 - time: 28    - [train] loss: 0.9339 (+/-0.325 ) - [valid] loss: 0.8935 (+/-0.2938) - [test] loss: 1.0803 (+/-0.2895)
2019-07-20 09:00:35,036 INFO - logger - Iter 44900 - time: 30    - [train] loss: 0.7561 (+/-0.2712) - [valid] loss: 1.1864 (+/-0.7153) - [test] loss: 0.731  (+/-0.2146)
2019-07-20 09:01:05,617 INFO - logger - Iter 45000 - time: 30    - [train] loss: 0.5782 (+/-0.1647) - [valid] loss: 0.7069 (+/-0.2402) - [test] loss: 0.864  (+/-0.2088)
2019-07-20 09:01:34,893 INFO - logger - Iter 45100 - time: 29    - [train] loss: 0.7595 (+/-0.1944) - [valid] loss: 0.7914 (+/-0.1897) - [test] loss: 0.8362 (+/-0.2214)
2019-07-20 09:02:04,121 INFO - logger - Iter 45200 - time: 29    - [train] loss: 0.7045 (+/-0.1579) - [valid] loss: 0.9714 (+/-0.3641) - [test] loss: 0.9179 (+/-0.3137)
2019-07-20 09:02:35,274 INFO - logger - Iter 45300 - time: 31    - [train] loss: 0.8019 (+/-0.2149) - [valid] loss: 0.8916 (+/-0.2432) - [test] loss: 1.1433 (+/-0.4   )
2019-07-20 09:03:05,376 INFO - logger - Iter 45400 - time: 30    - [train] loss: 0.7523 (+/-0.23  ) - [valid] loss: 0.6285 (+/-0.1663) - [test] loss: 0.7686 (+/-0.1897)
2019-07-20 09:03:34,843 INFO - logger - Iter 45500 - time: 29    - [train] loss: 0.668  (+/-0.2314) - [valid] loss: 0.8763 (+/-0.2474) - [test] loss: 0.7245 (+/-0.225 )
2019-07-20 09:04:03,371 INFO - logger - Iter 45600 - time: 28    - [train] loss: 0.7723 (+/-0.2949) - [valid] loss: 0.866  (+/-0.3025) - [test] loss: 0.7804 (+/-0.1745)
2019-07-20 09:04:34,236 INFO - logger - Iter 45700 - time: 30    - [train] loss: 0.7945 (+/-0.2226) - [valid] loss: 0.8353 (+/-0.2437) - [test] loss: 0.8295 (+/-0.2338)
2019-07-20 09:05:05,563 INFO - logger - Iter 45800 - time: 31    - [train] loss: 0.7464 (+/-0.2495) - [valid] loss: 0.8023 (+/-0.2157) - [test] loss: 0.8409 (+/-0.2192)
2019-07-20 09:05:35,514 INFO - logger - Iter 45900 - time: 29    - [train] loss: 0.759  (+/-0.2248) - [valid] loss: 0.7988 (+/-0.1807) - [test] loss: 0.9998 (+/-0.3777)
2019-07-20 09:06:04,426 INFO - logger - Iter 46000 - time: 28    - [train] loss: 0.824  (+/-0.2462) - [valid] loss: 0.6407 (+/-0.1465) - [test] loss: 0.8875 (+/-0.2633)
2019-07-20 09:06:35,408 INFO - logger - Iter 46100 - time: 30    - [train] loss: 0.8183 (+/-0.277 ) - [valid] loss: 0.64   (+/-0.1827) - [test] loss: 0.6648 (+/-0.1838)
2019-07-20 09:07:06,461 INFO - logger - Iter 46200 - time: 31    - [train] loss: 0.93   (+/-0.2109) - [valid] loss: 0.8508 (+/-0.3082) - [test] loss: 0.9773 (+/-0.6031)
2019-07-20 09:07:35,011 INFO - logger - Iter 46300 - time: 28    - [train] loss: 0.7596 (+/-0.1865) - [valid] loss: 0.9277 (+/-0.3312) - [test] loss: 0.6876 (+/-0.1864)
2019-07-20 09:08:04,114 INFO - logger - Iter 46400 - time: 29    - [train] loss: 0.859  (+/-0.2583) - [valid] loss: 0.5006 (+/-0.1291) - [test] loss: 0.9131 (+/-0.3595)
2019-07-20 09:08:35,178 INFO - logger - Iter 46500 - time: 31    - [train] loss: 0.8951 (+/-0.3102) - [valid] loss: 0.8471 (+/-0.2161) - [test] loss: 0.7732 (+/-0.2421)
2019-07-20 09:09:06,405 INFO - logger - Iter 46600 - time: 31    - [train] loss: 0.7116 (+/-0.2234) - [valid] loss: 0.9939 (+/-0.2592) - [test] loss: 0.8964 (+/-0.3955)
2019-07-20 09:09:35,275 INFO - logger - Iter 46700 - time: 28    - [train] loss: 0.8878 (+/-0.2586) - [valid] loss: 0.9558 (+/-0.3694) - [test] loss: 0.8457 (+/-0.2723)
2019-07-20 09:10:04,490 INFO - logger - Iter 46800 - time: 29    - [train] loss: 0.7372 (+/-0.21  ) - [valid] loss: 0.6972 (+/-0.1871) - [test] loss: 1.0553 (+/-0.2967)
2019-07-20 09:10:33,814 INFO - logger - Iter 46900 - time: 29    - [train] loss: 0.994  (+/-0.3164) - [valid] loss: 0.664  (+/-0.2397) - [test] loss: 1.0222 (+/-0.3169)
2019-07-20 09:11:03,859 INFO - logger - Iter 47000 - time: 30    - [train] loss: 0.8888 (+/-0.2579) - [valid] loss: 0.9801 (+/-0.2407) - [test] loss: 0.8935 (+/-0.3736)
2019-07-20 09:11:32,669 INFO - logger - Iter 47100 - time: 28    - [train] loss: 0.9548 (+/-0.4502) - [valid] loss: 0.7544 (+/-0.2495) - [test] loss: 0.8008 (+/-0.2141)
2019-07-20 09:12:02,929 INFO - logger - Iter 47200 - time: 30    - [train] loss: 0.6805 (+/-0.1989) - [valid] loss: 0.825  (+/-0.2335) - [test] loss: 0.833  (+/-0.307 )
2019-07-20 09:12:32,261 INFO - logger - Iter 47300 - time: 29    - [train] loss: 1.0513 (+/-0.3284) - [valid] loss: 0.9007 (+/-0.2273) - [test] loss: 0.6481 (+/-0.2453)
2019-07-20 09:13:02,202 INFO - logger - Iter 47400 - time: 29    - [train] loss: 0.7433 (+/-0.1894) - [valid] loss: 0.7822 (+/-0.2009) - [test] loss: 0.9502 (+/-0.2507)
2019-07-20 09:13:31,833 INFO - logger - Iter 47500 - time: 29    - [train] loss: 0.9009 (+/-0.3445) - [valid] loss: 0.9764 (+/-0.3942) - [test] loss: 0.7405 (+/-0.2765)
2019-07-20 09:14:00,904 INFO - logger - Iter 47600 - time: 29    - [train] loss: 0.8361 (+/-0.2218) - [valid] loss: 0.9726 (+/-0.359 ) - [test] loss: 0.7857 (+/-0.2341)
2019-07-20 09:14:30,617 INFO - logger - Iter 47700 - time: 29    - [train] loss: 0.9267 (+/-0.2608) - [valid] loss: 0.7494 (+/-0.2062) - [test] loss: 0.9122 (+/-0.2664)
2019-07-20 09:14:59,857 INFO - logger - Iter 47800 - time: 29    - [train] loss: 0.8678 (+/-0.2635) - [valid] loss: 0.7964 (+/-0.228 ) - [test] loss: 0.8754 (+/-0.2323)
2019-07-20 09:15:28,372 INFO - logger - Iter 47900 - time: 28    - [train] loss: 0.7918 (+/-0.3096) - [valid] loss: 0.9404 (+/-0.3415) - [test] loss: 0.9767 (+/-0.3524)
2019-07-20 09:15:58,298 INFO - logger - Iter 48000 - time: 29    - [train] loss: 1.0293 (+/-0.2256) - [valid] loss: 0.8687 (+/-0.2441) - [test] loss: 0.7413 (+/-0.2324)
2019-07-20 09:16:27,374 INFO - logger - Iter 48100 - time: 29    - [train] loss: 0.737  (+/-0.2105) - [valid] loss: 0.6389 (+/-0.1554) - [test] loss: 0.9954 (+/-0.4176)
2019-07-20 09:16:59,843 INFO - logger - Iter 48200 - time: 32    - [train] loss: 0.7119 (+/-0.196 ) - [valid] loss: 0.5811 (+/-0.1675) - [test] loss: 0.9904 (+/-0.3418)
2019-07-20 09:17:29,625 INFO - logger - Iter 48300 - time: 29    - [train] loss: 0.6544 (+/-0.1643) - [valid] loss: 0.8368 (+/-0.2071) - [test] loss: 0.9012 (+/-0.2125)
2019-07-20 09:17:58,893 INFO - logger - Iter 48400 - time: 29    - [train] loss: 0.6699 (+/-0.2053) - [valid] loss: 0.65   (+/-0.1958) - [test] loss: 0.9067 (+/-0.3418)
2019-07-20 09:18:28,087 INFO - logger - Iter 48500 - time: 29    - [train] loss: 1.0633 (+/-0.3011) - [valid] loss: 0.9092 (+/-0.2154) - [test] loss: 0.9555 (+/-0.2473)
2019-07-20 09:19:00,565 INFO - logger - Iter 48600 - time: 32    - [train] loss: 0.9542 (+/-0.2866) - [valid] loss: 1.0775 (+/-0.4647) - [test] loss: 0.7594 (+/-0.3175)
2019-07-20 09:19:29,446 INFO - logger - Iter 48700 - time: 28    - [train] loss: 0.7685 (+/-0.2319) - [valid] loss: 0.9374 (+/-0.3204) - [test] loss: 0.6979 (+/-0.1801)
2019-07-20 09:19:58,108 INFO - logger - Iter 48800 - time: 28    - [train] loss: 0.9249 (+/-0.2349) - [valid] loss: 0.7976 (+/-0.1924) - [test] loss: 0.7178 (+/-0.1513)
2019-07-20 09:20:27,357 INFO - logger - Iter 48900 - time: 29    - [train] loss: 0.9625 (+/-0.2816) - [valid] loss: 0.749  (+/-0.1929) - [test] loss: 1.1418 (+/-0.6818)
2019-07-20 09:20:58,223 INFO - logger - Iter 49000 - time: 30    - [train] loss: 0.8473 (+/-0.1998) - [valid] loss: 0.8278 (+/-0.1996) - [test] loss: 0.8769 (+/-0.2378)
2019-07-20 09:21:27,093 INFO - logger - Iter 49100 - time: 28    - [train] loss: 1.1223 (+/-0.3748) - [valid] loss: 1.254  (+/-0.641 ) - [test] loss: 0.706  (+/-0.1624)
2019-07-20 09:21:55,039 INFO - logger - Iter 49200 - time: 27    - [train] loss: 0.9082 (+/-0.3259) - [valid] loss: 0.8381 (+/-0.2912) - [test] loss: 0.9657 (+/-0.2918)
2019-07-20 09:22:23,037 INFO - logger - Iter 49300 - time: 27    - [train] loss: 0.8484 (+/-0.2368) - [valid] loss: 0.7937 (+/-0.1706) - [test] loss: 0.7447 (+/-0.1722)
2019-07-20 09:22:53,787 INFO - logger - Iter 49400 - time: 30    - [train] loss: 0.8987 (+/-0.2819) - [valid] loss: 0.806  (+/-0.2252) - [test] loss: 0.5631 (+/-0.1637)
2019-07-20 09:23:22,343 INFO - logger - Iter 49500 - time: 28    - [train] loss: 0.6855 (+/-0.2015) - [valid] loss: 0.686  (+/-0.2638) - [test] loss: 0.7413 (+/-0.2418)
2019-07-20 09:23:50,298 INFO - logger - Iter 49600 - time: 27    - [train] loss: 1.0586 (+/-0.3002) - [valid] loss: 0.9038 (+/-0.2441) - [test] loss: 0.9285 (+/-0.2688)
2019-07-20 09:24:18,638 INFO - logger - Iter 49700 - time: 28    - [train] loss: 0.7354 (+/-0.1777) - [valid] loss: 0.8183 (+/-0.2053) - [test] loss: 0.8165 (+/-0.2169)
2019-07-20 09:24:48,700 INFO - logger - Iter 49800 - time: 30    - [train] loss: 0.6817 (+/-0.1801) - [valid] loss: 0.8157 (+/-0.2046) - [test] loss: 0.6578 (+/-0.1683)
2019-07-20 09:25:17,493 INFO - logger - Iter 49900 - time: 28    - [train] loss: 0.6391 (+/-0.1593) - [valid] loss: 0.6502 (+/-0.1928) - [test] loss: 0.6409 (+/-0.1674)
