2019-07-22 12:25:53,531 INFO - log_helper - Finished configuring logger
2019-07-22 12:25:55,417 INFO - logger - Iter 0    - time: 5     - [train] loss: 4.378532858459425e+31 (+/-8.650759526253108e+31) - [valid] loss: 9.886531672966013e+27 (+/-1.9477509866831088e+28) - [test] loss: 7.181373226733918e+29 (+/-1.3485612908104086e+30)
2019-07-22 12:26:24,643 INFO - logger - Iter 100  - time: 29    - [train] loss: nan    (+/-nan   ) - [valid] loss: nan    (+/-nan   ) - [test] loss: nan    (+/-nan   )
2019-07-22 12:26:52,961 INFO - logger - Iter 200  - time: 28    - [train] loss: nan    (+/-nan   ) - [valid] loss: nan    (+/-nan   ) - [test] loss: nan    (+/-nan   )
2019-07-22 12:27:22,583 INFO - logger - Iter 300  - time: 29    - [train] loss: nan    (+/-nan   ) - [valid] loss: nan    (+/-nan   ) - [test] loss: nan    (+/-nan   )
2019-07-22 12:27:51,506 INFO - logger - Iter 400  - time: 28    - [train] loss: nan    (+/-nan   ) - [valid] loss: nan    (+/-nan   ) - [test] loss: nan    (+/-nan   )
2019-07-22 12:28:20,472 INFO - logger - Iter 500  - time: 28    - [train] loss: nan    (+/-nan   ) - [valid] loss: nan    (+/-nan   ) - [test] loss: nan    (+/-nan   )
2019-07-22 12:28:49,032 INFO - logger - Iter 600  - time: 28    - [train] loss: nan    (+/-nan   ) - [valid] loss: nan    (+/-nan   ) - [test] loss: nan    (+/-nan   )
2019-07-22 12:29:18,217 INFO - logger - Iter 700  - time: 29    - [train] loss: nan    (+/-nan   ) - [valid] loss: nan    (+/-nan   ) - [test] loss: nan    (+/-nan   )
2019-07-22 12:29:48,586 INFO - logger - Iter 800  - time: 30    - [train] loss: nan    (+/-nan   ) - [valid] loss: nan    (+/-nan   ) - [test] loss: nan    (+/-nan   )
2019-07-22 12:30:16,767 INFO - logger - Iter 900  - time: 28    - [train] loss: nan    (+/-nan   ) - [valid] loss: nan    (+/-nan   ) - [test] loss: nan    (+/-nan   )
2019-07-22 12:30:46,513 INFO - logger - Iter 1000 - time: 29    - [train] loss: nan    (+/-nan   ) - [valid] loss: nan    (+/-nan   ) - [test] loss: nan    (+/-nan   )
2019-07-22 12:31:15,192 INFO - logger - Iter 1100 - time: 28    - [train] loss: nan    (+/-nan   ) - [valid] loss: nan    (+/-nan   ) - [test] loss: nan    (+/-nan   )
2019-07-22 12:31:44,509 INFO - logger - Iter 1200 - time: 29    - [train] loss: nan    (+/-nan   ) - [valid] loss: nan    (+/-nan   ) - [test] loss: nan    (+/-nan   )
2019-07-22 12:32:13,883 INFO - logger - Iter 1300 - time: 29    - [train] loss: nan    (+/-nan   ) - [valid] loss: nan    (+/-nan   ) - [test] loss: nan    (+/-nan   )
2019-07-22 12:32:42,720 INFO - logger - Iter 1400 - time: 28    - [train] loss: nan    (+/-nan   ) - [valid] loss: nan    (+/-nan   ) - [test] loss: nan    (+/-nan   )
2019-07-22 12:33:12,205 INFO - logger - Iter 1500 - time: 29    - [train] loss: nan    (+/-nan   ) - [valid] loss: nan    (+/-nan   ) - [test] loss: nan    (+/-nan   )
2019-07-22 12:33:40,533 INFO - logger - Iter 1600 - time: 28    - [train] loss: nan    (+/-nan   ) - [valid] loss: nan    (+/-nan   ) - [test] loss: nan    (+/-nan   )
2019-07-22 12:34:08,656 INFO - logger - Iter 1700 - time: 28    - [train] loss: nan    (+/-nan   ) - [valid] loss: nan    (+/-nan   ) - [test] loss: nan    (+/-nan   )
2019-07-22 12:34:37,886 INFO - logger - Iter 1800 - time: 29    - [train] loss: nan    (+/-nan   ) - [valid] loss: nan    (+/-nan   ) - [test] loss: nan    (+/-nan   )
2019-07-22 12:35:06,244 INFO - logger - Iter 1900 - time: 28    - [train] loss: nan    (+/-nan   ) - [valid] loss: nan    (+/-nan   ) - [test] loss: nan    (+/-nan   )
2019-07-22 12:35:36,720 INFO - logger - Iter 2000 - time: 30    - [train] loss: nan    (+/-nan   ) - [valid] loss: nan    (+/-nan   ) - [test] loss: nan    (+/-nan   )
2019-07-22 12:36:05,941 INFO - logger - Iter 2100 - time: 29    - [train] loss: nan    (+/-nan   ) - [valid] loss: nan    (+/-nan   ) - [test] loss: nan    (+/-nan   )
2019-07-22 12:36:35,370 INFO - logger - Iter 2200 - time: 29    - [train] loss: nan    (+/-nan   ) - [valid] loss: nan    (+/-nan   ) - [test] loss: nan    (+/-nan   )
2019-07-22 12:37:05,056 INFO - logger - Iter 2300 - time: 29    - [train] loss: nan    (+/-nan   ) - [valid] loss: nan    (+/-nan   ) - [test] loss: nan    (+/-nan   )
2019-07-22 12:37:33,549 INFO - logger - Iter 2400 - time: 28    - [train] loss: nan    (+/-nan   ) - [valid] loss: nan    (+/-nan   ) - [test] loss: nan    (+/-nan   )
2019-07-22 12:38:02,568 INFO - logger - Iter 2500 - time: 29    - [train] loss: nan    (+/-nan   ) - [valid] loss: nan    (+/-nan   ) - [test] loss: nan    (+/-nan   )
2019-07-22 12:38:31,488 INFO - logger - Iter 2600 - time: 28    - [train] loss: nan    (+/-nan   ) - [valid] loss: nan    (+/-nan   ) - [test] loss: nan    (+/-nan   )
2019-07-22 12:39:00,617 INFO - logger - Iter 2700 - time: 29    - [train] loss: nan    (+/-nan   ) - [valid] loss: nan    (+/-nan   ) - [test] loss: nan    (+/-nan   )
2019-07-22 12:39:30,521 INFO - logger - Iter 2800 - time: 29    - [train] loss: nan    (+/-nan   ) - [valid] loss: nan    (+/-nan   ) - [test] loss: nan    (+/-nan   )
2019-07-22 12:40:00,525 INFO - logger - Iter 2900 - time: 30    - [train] loss: nan    (+/-nan   ) - [valid] loss: nan    (+/-nan   ) - [test] loss: nan    (+/-nan   )
2019-07-22 12:40:30,505 INFO - logger - Iter 3000 - time: 29    - [train] loss: nan    (+/-nan   ) - [valid] loss: nan    (+/-nan   ) - [test] loss: nan    (+/-nan   )
2019-07-22 12:40:59,728 INFO - logger - Iter 3100 - time: 29    - [train] loss: nan    (+/-nan   ) - [valid] loss: nan    (+/-nan   ) - [test] loss: nan    (+/-nan   )
2019-07-22 12:41:28,462 INFO - logger - Iter 3200 - time: 28    - [train] loss: nan    (+/-nan   ) - [valid] loss: nan    (+/-nan   ) - [test] loss: nan    (+/-nan   )
2019-07-22 12:41:57,259 INFO - logger - Iter 3300 - time: 28    - [train] loss: nan    (+/-nan   ) - [valid] loss: nan    (+/-nan   ) - [test] loss: nan    (+/-nan   )
2019-07-22 12:42:27,307 INFO - logger - Iter 3400 - time: 30    - [train] loss: nan    (+/-nan   ) - [valid] loss: nan    (+/-nan   ) - [test] loss: nan    (+/-nan   )
2019-07-22 12:42:56,675 INFO - logger - Iter 3500 - time: 29    - [train] loss: nan    (+/-nan   ) - [valid] loss: nan    (+/-nan   ) - [test] loss: nan    (+/-nan   )
2019-07-22 12:43:25,379 INFO - logger - Iter 3600 - time: 28    - [train] loss: nan    (+/-nan   ) - [valid] loss: nan    (+/-nan   ) - [test] loss: nan    (+/-nan   )
2019-07-22 12:43:54,052 INFO - logger - Iter 3700 - time: 28    - [train] loss: nan    (+/-nan   ) - [valid] loss: nan    (+/-nan   ) - [test] loss: nan    (+/-nan   )
2019-07-22 12:44:23,082 INFO - logger - Iter 3800 - time: 29    - [train] loss: nan    (+/-nan   ) - [valid] loss: nan    (+/-nan   ) - [test] loss: nan    (+/-nan   )
2019-07-22 12:44:52,549 INFO - logger - Iter 3900 - time: 29    - [train] loss: nan    (+/-nan   ) - [valid] loss: nan    (+/-nan   ) - [test] loss: nan    (+/-nan   )
2019-07-22 12:45:22,830 INFO - logger - Iter 4000 - time: 30    - [train] loss: nan    (+/-nan   ) - [valid] loss: nan    (+/-nan   ) - [test] loss: nan    (+/-nan   )
2019-07-22 12:45:51,946 INFO - logger - Iter 4100 - time: 29    - [train] loss: nan    (+/-nan   ) - [valid] loss: nan    (+/-nan   ) - [test] loss: nan    (+/-nan   )
2019-07-22 12:46:20,899 INFO - logger - Iter 4200 - time: 28    - [train] loss: nan    (+/-nan   ) - [valid] loss: nan    (+/-nan   ) - [test] loss: nan    (+/-nan   )
2019-07-22 12:46:48,868 INFO - logger - Iter 4300 - time: 27    - [train] loss: nan    (+/-nan   ) - [valid] loss: nan    (+/-nan   ) - [test] loss: nan    (+/-nan   )
2019-07-22 12:47:18,115 INFO - logger - Iter 4400 - time: 29    - [train] loss: nan    (+/-nan   ) - [valid] loss: nan    (+/-nan   ) - [test] loss: nan    (+/-nan   )
2019-07-22 12:47:47,355 INFO - logger - Iter 4500 - time: 29    - [train] loss: nan    (+/-nan   ) - [valid] loss: nan    (+/-nan   ) - [test] loss: nan    (+/-nan   )
2019-07-22 12:48:16,837 INFO - logger - Iter 4600 - time: 29    - [train] loss: nan    (+/-nan   ) - [valid] loss: nan    (+/-nan   ) - [test] loss: nan    (+/-nan   )
2019-07-22 12:48:45,447 INFO - logger - Iter 4700 - time: 28    - [train] loss: nan    (+/-nan   ) - [valid] loss: nan    (+/-nan   ) - [test] loss: nan    (+/-nan   )
2019-07-22 12:49:14,971 INFO - logger - Iter 4800 - time: 29    - [train] loss: nan    (+/-nan   ) - [valid] loss: nan    (+/-nan   ) - [test] loss: nan    (+/-nan   )
2019-07-22 12:49:44,632 INFO - logger - Iter 4900 - time: 29    - [train] loss: nan    (+/-nan   ) - [valid] loss: nan    (+/-nan   ) - [test] loss: nan    (+/-nan   )
2019-07-22 12:50:13,580 INFO - logger - Iter 5000 - time: 28    - [train] loss: nan    (+/-nan   ) - [valid] loss: nan    (+/-nan   ) - [test] loss: nan    (+/-nan   )
2019-07-22 12:50:42,325 INFO - logger - Iter 5100 - time: 28    - [train] loss: nan    (+/-nan   ) - [valid] loss: nan    (+/-nan   ) - [test] loss: nan    (+/-nan   )
2019-07-22 12:51:10,296 INFO - logger - Iter 5200 - time: 27    - [train] loss: nan    (+/-nan   ) - [valid] loss: nan    (+/-nan   ) - [test] loss: nan    (+/-nan   )
2019-07-22 12:51:38,570 INFO - logger - Iter 5300 - time: 28    - [train] loss: nan    (+/-nan   ) - [valid] loss: nan    (+/-nan   ) - [test] loss: nan    (+/-nan   )
2019-07-22 12:52:07,112 INFO - logger - Iter 5400 - time: 28    - [train] loss: nan    (+/-nan   ) - [valid] loss: nan    (+/-nan   ) - [test] loss: nan    (+/-nan   )
2019-07-22 12:52:36,736 INFO - logger - Iter 5500 - time: 29    - [train] loss: nan    (+/-nan   ) - [valid] loss: nan    (+/-nan   ) - [test] loss: nan    (+/-nan   )
2019-07-22 12:53:05,670 INFO - logger - Iter 5600 - time: 28    - [train] loss: nan    (+/-nan   ) - [valid] loss: nan    (+/-nan   ) - [test] loss: nan    (+/-nan   )
2019-07-22 12:53:36,106 INFO - logger - Iter 5700 - time: 30    - [train] loss: nan    (+/-nan   ) - [valid] loss: nan    (+/-nan   ) - [test] loss: nan    (+/-nan   )
2019-07-22 12:54:04,386 INFO - logger - Iter 5800 - time: 28    - [train] loss: nan    (+/-nan   ) - [valid] loss: nan    (+/-nan   ) - [test] loss: nan    (+/-nan   )
2019-07-22 12:54:33,215 INFO - logger - Iter 5900 - time: 28    - [train] loss: nan    (+/-nan   ) - [valid] loss: nan    (+/-nan   ) - [test] loss: nan    (+/-nan   )
2019-07-22 12:55:01,744 INFO - logger - Iter 6000 - time: 28    - [train] loss: nan    (+/-nan   ) - [valid] loss: nan    (+/-nan   ) - [test] loss: nan    (+/-nan   )
2019-07-22 12:55:30,909 INFO - logger - Iter 6100 - time: 29    - [train] loss: nan    (+/-nan   ) - [valid] loss: nan    (+/-nan   ) - [test] loss: nan    (+/-nan   )
2019-07-22 12:55:59,195 INFO - logger - Iter 6200 - time: 28    - [train] loss: nan    (+/-nan   ) - [valid] loss: nan    (+/-nan   ) - [test] loss: nan    (+/-nan   )
2019-07-22 12:56:28,575 INFO - logger - Iter 6300 - time: 29    - [train] loss: nan    (+/-nan   ) - [valid] loss: nan    (+/-nan   ) - [test] loss: nan    (+/-nan   )
2019-07-22 12:56:57,620 INFO - logger - Iter 6400 - time: 29    - [train] loss: nan    (+/-nan   ) - [valid] loss: nan    (+/-nan   ) - [test] loss: nan    (+/-nan   )
2019-07-22 12:57:26,719 INFO - logger - Iter 6500 - time: 29    - [train] loss: nan    (+/-nan   ) - [valid] loss: nan    (+/-nan   ) - [test] loss: nan    (+/-nan   )
2019-07-22 12:57:56,115 INFO - logger - Iter 6600 - time: 29    - [train] loss: nan    (+/-nan   ) - [valid] loss: nan    (+/-nan   ) - [test] loss: nan    (+/-nan   )
2019-07-22 12:58:25,615 INFO - logger - Iter 6700 - time: 29    - [train] loss: nan    (+/-nan   ) - [valid] loss: nan    (+/-nan   ) - [test] loss: nan    (+/-nan   )
2019-07-22 12:58:54,406 INFO - logger - Iter 6800 - time: 28    - [train] loss: nan    (+/-nan   ) - [valid] loss: nan    (+/-nan   ) - [test] loss: nan    (+/-nan   )
2019-07-22 12:59:22,869 INFO - logger - Iter 6900 - time: 28    - [train] loss: nan    (+/-nan   ) - [valid] loss: nan    (+/-nan   ) - [test] loss: nan    (+/-nan   )
2019-07-22 12:59:52,206 INFO - logger - Iter 7000 - time: 29    - [train] loss: nan    (+/-nan   ) - [valid] loss: nan    (+/-nan   ) - [test] loss: nan    (+/-nan   )
2019-07-22 13:00:20,662 INFO - logger - Iter 7100 - time: 28    - [train] loss: nan    (+/-nan   ) - [valid] loss: nan    (+/-nan   ) - [test] loss: nan    (+/-nan   )
2019-07-22 13:00:50,137 INFO - logger - Iter 7200 - time: 29    - [train] loss: nan    (+/-nan   ) - [valid] loss: nan    (+/-nan   ) - [test] loss: nan    (+/-nan   )
2019-07-22 13:01:19,566 INFO - logger - Iter 7300 - time: 29    - [train] loss: nan    (+/-nan   ) - [valid] loss: nan    (+/-nan   ) - [test] loss: nan    (+/-nan   )
2019-07-22 13:01:48,686 INFO - logger - Iter 7400 - time: 29    - [train] loss: nan    (+/-nan   ) - [valid] loss: nan    (+/-nan   ) - [test] loss: nan    (+/-nan   )
2019-07-22 13:02:17,787 INFO - logger - Iter 7500 - time: 29    - [train] loss: nan    (+/-nan   ) - [valid] loss: nan    (+/-nan   ) - [test] loss: nan    (+/-nan   )
2019-07-22 13:02:47,242 INFO - logger - Iter 7600 - time: 29    - [train] loss: nan    (+/-nan   ) - [valid] loss: nan    (+/-nan   ) - [test] loss: nan    (+/-nan   )
2019-07-22 13:03:16,133 INFO - logger - Iter 7700 - time: 28    - [train] loss: nan    (+/-nan   ) - [valid] loss: nan    (+/-nan   ) - [test] loss: nan    (+/-nan   )
2019-07-22 13:03:44,669 INFO - logger - Iter 7800 - time: 28    - [train] loss: nan    (+/-nan   ) - [valid] loss: nan    (+/-nan   ) - [test] loss: nan    (+/-nan   )
2019-07-22 13:04:13,741 INFO - logger - Iter 7900 - time: 29    - [train] loss: nan    (+/-nan   ) - [valid] loss: nan    (+/-nan   ) - [test] loss: nan    (+/-nan   )
2019-07-22 13:04:42,646 INFO - logger - Iter 8000 - time: 28    - [train] loss: nan    (+/-nan   ) - [valid] loss: nan    (+/-nan   ) - [test] loss: nan    (+/-nan   )
2019-07-22 13:05:10,901 INFO - logger - Iter 8100 - time: 28    - [train] loss: nan    (+/-nan   ) - [valid] loss: nan    (+/-nan   ) - [test] loss: nan    (+/-nan   )
2019-07-22 13:05:40,611 INFO - logger - Iter 8200 - time: 29    - [train] loss: nan    (+/-nan   ) - [valid] loss: nan    (+/-nan   ) - [test] loss: nan    (+/-nan   )
2019-07-22 13:06:10,332 INFO - logger - Iter 8300 - time: 29    - [train] loss: nan    (+/-nan   ) - [valid] loss: nan    (+/-nan   ) - [test] loss: nan    (+/-nan   )
2019-07-22 13:06:40,190 INFO - logger - Iter 8400 - time: 29    - [train] loss: nan    (+/-nan   ) - [valid] loss: nan    (+/-nan   ) - [test] loss: nan    (+/-nan   )
2019-07-22 13:07:10,689 INFO - logger - Iter 8500 - time: 30    - [train] loss: nan    (+/-nan   ) - [valid] loss: nan    (+/-nan   ) - [test] loss: nan    (+/-nan   )
2019-07-22 13:07:40,317 INFO - logger - Iter 8600 - time: 29    - [train] loss: nan    (+/-nan   ) - [valid] loss: nan    (+/-nan   ) - [test] loss: nan    (+/-nan   )
2019-07-22 13:08:09,277 INFO - logger - Iter 8700 - time: 28    - [train] loss: nan    (+/-nan   ) - [valid] loss: nan    (+/-nan   ) - [test] loss: nan    (+/-nan   )
2019-07-22 13:08:37,727 INFO - logger - Iter 8800 - time: 28    - [train] loss: nan    (+/-nan   ) - [valid] loss: nan    (+/-nan   ) - [test] loss: nan    (+/-nan   )
2019-07-22 13:09:06,434 INFO - logger - Iter 8900 - time: 28    - [train] loss: nan    (+/-nan   ) - [valid] loss: nan    (+/-nan   ) - [test] loss: nan    (+/-nan   )
2019-07-22 13:09:35,675 INFO - logger - Iter 9000 - time: 29    - [train] loss: nan    (+/-nan   ) - [valid] loss: nan    (+/-nan   ) - [test] loss: nan    (+/-nan   )
2019-07-22 13:10:04,741 INFO - logger - Iter 9100 - time: 29    - [train] loss: nan    (+/-nan   ) - [valid] loss: nan    (+/-nan   ) - [test] loss: nan    (+/-nan   )
2019-07-22 13:10:33,662 INFO - logger - Iter 9200 - time: 28    - [train] loss: nan    (+/-nan   ) - [valid] loss: nan    (+/-nan   ) - [test] loss: nan    (+/-nan   )
2019-07-22 13:11:02,202 INFO - logger - Iter 9300 - time: 28    - [train] loss: nan    (+/-nan   ) - [valid] loss: nan    (+/-nan   ) - [test] loss: nan    (+/-nan   )
2019-07-22 13:11:31,665 INFO - logger - Iter 9400 - time: 29    - [train] loss: nan    (+/-nan   ) - [valid] loss: nan    (+/-nan   ) - [test] loss: nan    (+/-nan   )
2019-07-22 13:12:00,636 INFO - logger - Iter 9500 - time: 28    - [train] loss: nan    (+/-nan   ) - [valid] loss: nan    (+/-nan   ) - [test] loss: nan    (+/-nan   )
2019-07-22 13:12:29,683 INFO - logger - Iter 9600 - time: 29    - [train] loss: nan    (+/-nan   ) - [valid] loss: nan    (+/-nan   ) - [test] loss: nan    (+/-nan   )
2019-07-22 13:12:58,418 INFO - logger - Iter 9700 - time: 28    - [train] loss: nan    (+/-nan   ) - [valid] loss: nan    (+/-nan   ) - [test] loss: nan    (+/-nan   )
2019-07-22 13:13:27,852 INFO - logger - Iter 9800 - time: 29    - [train] loss: nan    (+/-nan   ) - [valid] loss: nan    (+/-nan   ) - [test] loss: nan    (+/-nan   )
2019-07-22 13:13:57,530 INFO - logger - Iter 9900 - time: 29    - [train] loss: nan    (+/-nan   ) - [valid] loss: nan    (+/-nan   ) - [test] loss: nan    (+/-nan   )
2019-07-22 13:14:26,687 INFO - logger - Iter 10000 - time: 29    - [train] loss: nan    (+/-nan   ) - [valid] loss: nan    (+/-nan   ) - [test] loss: nan    (+/-nan   )
2019-07-22 13:14:55,769 INFO - logger - Iter 10100 - time: 29    - [train] loss: nan    (+/-nan   ) - [valid] loss: nan    (+/-nan   ) - [test] loss: nan    (+/-nan   )
2019-07-22 13:15:25,401 INFO - logger - Iter 10200 - time: 29    - [train] loss: nan    (+/-nan   ) - [valid] loss: nan    (+/-nan   ) - [test] loss: nan    (+/-nan   )
2019-07-22 13:15:53,694 INFO - logger - Iter 10300 - time: 28    - [train] loss: nan    (+/-nan   ) - [valid] loss: nan    (+/-nan   ) - [test] loss: nan    (+/-nan   )
2019-07-22 13:16:23,446 INFO - logger - Iter 10400 - time: 29    - [train] loss: nan    (+/-nan   ) - [valid] loss: nan    (+/-nan   ) - [test] loss: nan    (+/-nan   )
2019-07-22 13:16:52,925 INFO - logger - Iter 10500 - time: 29    - [train] loss: nan    (+/-nan   ) - [valid] loss: nan    (+/-nan   ) - [test] loss: nan    (+/-nan   )
2019-07-22 13:17:21,480 INFO - logger - Iter 10600 - time: 28    - [train] loss: nan    (+/-nan   ) - [valid] loss: nan    (+/-nan   ) - [test] loss: nan    (+/-nan   )
2019-07-22 13:17:50,113 INFO - logger - Iter 10700 - time: 28    - [train] loss: nan    (+/-nan   ) - [valid] loss: nan    (+/-nan   ) - [test] loss: nan    (+/-nan   )
2019-07-22 13:18:19,456 INFO - logger - Iter 10800 - time: 29    - [train] loss: nan    (+/-nan   ) - [valid] loss: nan    (+/-nan   ) - [test] loss: nan    (+/-nan   )
2019-07-22 13:18:48,106 INFO - logger - Iter 10900 - time: 28    - [train] loss: nan    (+/-nan   ) - [valid] loss: nan    (+/-nan   ) - [test] loss: nan    (+/-nan   )
2019-07-22 13:19:16,673 INFO - logger - Iter 11000 - time: 28    - [train] loss: nan    (+/-nan   ) - [valid] loss: nan    (+/-nan   ) - [test] loss: nan    (+/-nan   )
2019-07-22 13:19:46,395 INFO - logger - Iter 11100 - time: 29    - [train] loss: nan    (+/-nan   ) - [valid] loss: nan    (+/-nan   ) - [test] loss: nan    (+/-nan   )
2019-07-22 13:20:15,654 INFO - logger - Iter 11200 - time: 29    - [train] loss: nan    (+/-nan   ) - [valid] loss: nan    (+/-nan   ) - [test] loss: nan    (+/-nan   )
2019-07-22 13:20:44,410 INFO - logger - Iter 11300 - time: 28    - [train] loss: nan    (+/-nan   ) - [valid] loss: nan    (+/-nan   ) - [test] loss: nan    (+/-nan   )
2019-07-22 13:21:13,013 INFO - logger - Iter 11400 - time: 28    - [train] loss: nan    (+/-nan   ) - [valid] loss: nan    (+/-nan   ) - [test] loss: nan    (+/-nan   )
2019-07-22 13:21:41,854 INFO - logger - Iter 11500 - time: 28    - [train] loss: nan    (+/-nan   ) - [valid] loss: nan    (+/-nan   ) - [test] loss: nan    (+/-nan   )
2019-07-22 13:22:11,264 INFO - logger - Iter 11600 - time: 29    - [train] loss: nan    (+/-nan   ) - [valid] loss: nan    (+/-nan   ) - [test] loss: nan    (+/-nan   )
2019-07-22 13:22:40,082 INFO - logger - Iter 11700 - time: 28    - [train] loss: nan    (+/-nan   ) - [valid] loss: nan    (+/-nan   ) - [test] loss: nan    (+/-nan   )
2019-07-22 13:23:08,923 INFO - logger - Iter 11800 - time: 28    - [train] loss: nan    (+/-nan   ) - [valid] loss: nan    (+/-nan   ) - [test] loss: nan    (+/-nan   )
2019-07-22 13:23:38,623 INFO - logger - Iter 11900 - time: 29    - [train] loss: nan    (+/-nan   ) - [valid] loss: nan    (+/-nan   ) - [test] loss: nan    (+/-nan   )
2019-07-22 13:24:09,024 INFO - logger - Iter 12000 - time: 30    - [train] loss: nan    (+/-nan   ) - [valid] loss: nan    (+/-nan   ) - [test] loss: nan    (+/-nan   )
2019-07-22 13:24:38,005 INFO - logger - Iter 12100 - time: 28    - [train] loss: nan    (+/-nan   ) - [valid] loss: nan    (+/-nan   ) - [test] loss: nan    (+/-nan   )
2019-07-22 13:25:07,099 INFO - logger - Iter 12200 - time: 29    - [train] loss: nan    (+/-nan   ) - [valid] loss: nan    (+/-nan   ) - [test] loss: nan    (+/-nan   )
2019-07-22 13:25:34,448 INFO - logger - Iter 12300 - time: 27    - [train] loss: nan    (+/-nan   ) - [valid] loss: nan    (+/-nan   ) - [test] loss: nan    (+/-nan   )
2019-07-22 13:26:04,490 INFO - logger - Iter 12400 - time: 30    - [train] loss: nan    (+/-nan   ) - [valid] loss: nan    (+/-nan   ) - [test] loss: nan    (+/-nan   )
2019-07-22 13:26:33,608 INFO - logger - Iter 12500 - time: 29    - [train] loss: nan    (+/-nan   ) - [valid] loss: nan    (+/-nan   ) - [test] loss: nan    (+/-nan   )
2019-07-22 13:27:01,916 INFO - logger - Iter 12600 - time: 28    - [train] loss: nan    (+/-nan   ) - [valid] loss: nan    (+/-nan   ) - [test] loss: nan    (+/-nan   )
2019-07-22 13:27:31,105 INFO - logger - Iter 12700 - time: 29    - [train] loss: nan    (+/-nan   ) - [valid] loss: nan    (+/-nan   ) - [test] loss: nan    (+/-nan   )
2019-07-22 13:28:00,849 INFO - logger - Iter 12800 - time: 29    - [train] loss: nan    (+/-nan   ) - [valid] loss: nan    (+/-nan   ) - [test] loss: nan    (+/-nan   )
2019-07-22 13:28:29,610 INFO - logger - Iter 12900 - time: 28    - [train] loss: nan    (+/-nan   ) - [valid] loss: nan    (+/-nan   ) - [test] loss: nan    (+/-nan   )
2019-07-22 13:28:59,113 INFO - logger - Iter 13000 - time: 29    - [train] loss: nan    (+/-nan   ) - [valid] loss: nan    (+/-nan   ) - [test] loss: nan    (+/-nan   )
2019-07-22 13:29:28,519 INFO - logger - Iter 13100 - time: 29    - [train] loss: nan    (+/-nan   ) - [valid] loss: nan    (+/-nan   ) - [test] loss: nan    (+/-nan   )
2019-07-22 13:29:57,131 INFO - logger - Iter 13200 - time: 28    - [train] loss: nan    (+/-nan   ) - [valid] loss: nan    (+/-nan   ) - [test] loss: nan    (+/-nan   )
2019-07-22 13:30:26,190 INFO - logger - Iter 13300 - time: 29    - [train] loss: nan    (+/-nan   ) - [valid] loss: nan    (+/-nan   ) - [test] loss: nan    (+/-nan   )
2019-07-22 13:30:54,546 INFO - logger - Iter 13400 - time: 28    - [train] loss: nan    (+/-nan   ) - [valid] loss: nan    (+/-nan   ) - [test] loss: nan    (+/-nan   )
2019-07-22 13:31:23,596 INFO - logger - Iter 13500 - time: 29    - [train] loss: nan    (+/-nan   ) - [valid] loss: nan    (+/-nan   ) - [test] loss: nan    (+/-nan   )
2019-07-22 13:31:52,914 INFO - logger - Iter 13600 - time: 29    - [train] loss: nan    (+/-nan   ) - [valid] loss: nan    (+/-nan   ) - [test] loss: nan    (+/-nan   )
2019-07-22 13:32:22,213 INFO - logger - Iter 13700 - time: 29    - [train] loss: nan    (+/-nan   ) - [valid] loss: nan    (+/-nan   ) - [test] loss: nan    (+/-nan   )
2019-07-22 13:32:50,455 INFO - logger - Iter 13800 - time: 28    - [train] loss: nan    (+/-nan   ) - [valid] loss: nan    (+/-nan   ) - [test] loss: nan    (+/-nan   )
2019-07-22 13:33:20,877 INFO - logger - Iter 13900 - time: 30    - [train] loss: nan    (+/-nan   ) - [valid] loss: nan    (+/-nan   ) - [test] loss: nan    (+/-nan   )
2019-07-22 13:33:50,221 INFO - logger - Iter 14000 - time: 29    - [train] loss: nan    (+/-nan   ) - [valid] loss: nan    (+/-nan   ) - [test] loss: nan    (+/-nan   )
2019-07-22 13:34:18,899 INFO - logger - Iter 14100 - time: 28    - [train] loss: nan    (+/-nan   ) - [valid] loss: nan    (+/-nan   ) - [test] loss: nan    (+/-nan   )
2019-07-22 13:34:47,992 INFO - logger - Iter 14200 - time: 29    - [train] loss: nan    (+/-nan   ) - [valid] loss: nan    (+/-nan   ) - [test] loss: nan    (+/-nan   )
2019-07-22 13:35:17,695 INFO - logger - Iter 14300 - time: 29    - [train] loss: nan    (+/-nan   ) - [valid] loss: nan    (+/-nan   ) - [test] loss: nan    (+/-nan   )
2019-07-22 13:35:46,309 INFO - logger - Iter 14400 - time: 28    - [train] loss: nan    (+/-nan   ) - [valid] loss: nan    (+/-nan   ) - [test] loss: nan    (+/-nan   )
2019-07-22 13:36:15,845 INFO - logger - Iter 14500 - time: 29    - [train] loss: nan    (+/-nan   ) - [valid] loss: nan    (+/-nan   ) - [test] loss: nan    (+/-nan   )
2019-07-22 13:36:45,673 INFO - logger - Iter 14600 - time: 29    - [train] loss: nan    (+/-nan   ) - [valid] loss: nan    (+/-nan   ) - [test] loss: nan    (+/-nan   )
2019-07-22 13:37:14,809 INFO - logger - Iter 14700 - time: 29    - [train] loss: nan    (+/-nan   ) - [valid] loss: nan    (+/-nan   ) - [test] loss: nan    (+/-nan   )
2019-07-22 13:37:43,318 INFO - logger - Iter 14800 - time: 28    - [train] loss: nan    (+/-nan   ) - [valid] loss: nan    (+/-nan   ) - [test] loss: nan    (+/-nan   )
2019-07-22 13:38:11,997 INFO - logger - Iter 14900 - time: 28    - [train] loss: nan    (+/-nan   ) - [valid] loss: nan    (+/-nan   ) - [test] loss: nan    (+/-nan   )
2019-07-22 13:38:41,521 INFO - logger - Iter 15000 - time: 29    - [train] loss: nan    (+/-nan   ) - [valid] loss: nan    (+/-nan   ) - [test] loss: nan    (+/-nan   )
2019-07-22 13:39:10,600 INFO - logger - Iter 15100 - time: 29    - [train] loss: nan    (+/-nan   ) - [valid] loss: nan    (+/-nan   ) - [test] loss: nan    (+/-nan   )
2019-07-22 13:39:39,594 INFO - logger - Iter 15200 - time: 28    - [train] loss: nan    (+/-nan   ) - [valid] loss: nan    (+/-nan   ) - [test] loss: nan    (+/-nan   )
2019-07-22 13:40:08,996 INFO - logger - Iter 15300 - time: 29    - [train] loss: nan    (+/-nan   ) - [valid] loss: nan    (+/-nan   ) - [test] loss: nan    (+/-nan   )
2019-07-22 13:40:38,281 INFO - logger - Iter 15400 - time: 29    - [train] loss: nan    (+/-nan   ) - [valid] loss: nan    (+/-nan   ) - [test] loss: nan    (+/-nan   )
2019-07-22 13:41:07,669 INFO - logger - Iter 15500 - time: 29    - [train] loss: nan    (+/-nan   ) - [valid] loss: nan    (+/-nan   ) - [test] loss: nan    (+/-nan   )
2019-07-22 13:41:36,496 INFO - logger - Iter 15600 - time: 28    - [train] loss: nan    (+/-nan   ) - [valid] loss: nan    (+/-nan   ) - [test] loss: nan    (+/-nan   )
2019-07-22 13:42:06,326 INFO - logger - Iter 15700 - time: 29    - [train] loss: nan    (+/-nan   ) - [valid] loss: nan    (+/-nan   ) - [test] loss: nan    (+/-nan   )
2019-07-22 13:42:36,159 INFO - logger - Iter 15800 - time: 29    - [train] loss: nan    (+/-nan   ) - [valid] loss: nan    (+/-nan   ) - [test] loss: nan    (+/-nan   )
2019-07-22 13:43:04,912 INFO - logger - Iter 15900 - time: 28    - [train] loss: nan    (+/-nan   ) - [valid] loss: nan    (+/-nan   ) - [test] loss: nan    (+/-nan   )
2019-07-22 13:43:34,483 INFO - logger - Iter 16000 - time: 29    - [train] loss: nan    (+/-nan   ) - [valid] loss: nan    (+/-nan   ) - [test] loss: nan    (+/-nan   )
2019-07-22 13:44:03,805 INFO - logger - Iter 16100 - time: 29    - [train] loss: nan    (+/-nan   ) - [valid] loss: nan    (+/-nan   ) - [test] loss: nan    (+/-nan   )
2019-07-22 13:44:32,571 INFO - logger - Iter 16200 - time: 28    - [train] loss: nan    (+/-nan   ) - [valid] loss: nan    (+/-nan   ) - [test] loss: nan    (+/-nan   )
2019-07-22 13:45:00,702 INFO - logger - Iter 16300 - time: 28    - [train] loss: nan    (+/-nan   ) - [valid] loss: nan    (+/-nan   ) - [test] loss: nan    (+/-nan   )
2019-07-22 13:45:30,085 INFO - logger - Iter 16400 - time: 29    - [train] loss: nan    (+/-nan   ) - [valid] loss: nan    (+/-nan   ) - [test] loss: nan    (+/-nan   )
2019-07-22 13:45:59,073 INFO - logger - Iter 16500 - time: 28    - [train] loss: nan    (+/-nan   ) - [valid] loss: nan    (+/-nan   ) - [test] loss: nan    (+/-nan   )
2019-07-22 13:46:28,901 INFO - logger - Iter 16600 - time: 29    - [train] loss: nan    (+/-nan   ) - [valid] loss: nan    (+/-nan   ) - [test] loss: nan    (+/-nan   )
2019-07-22 13:46:58,740 INFO - logger - Iter 16700 - time: 29    - [train] loss: nan    (+/-nan   ) - [valid] loss: nan    (+/-nan   ) - [test] loss: nan    (+/-nan   )
2019-07-22 13:47:26,902 INFO - logger - Iter 16800 - time: 28    - [train] loss: nan    (+/-nan   ) - [valid] loss: nan    (+/-nan   ) - [test] loss: nan    (+/-nan   )
2019-07-22 13:47:56,433 INFO - logger - Iter 16900 - time: 29    - [train] loss: nan    (+/-nan   ) - [valid] loss: nan    (+/-nan   ) - [test] loss: nan    (+/-nan   )
2019-07-22 13:48:24,434 INFO - logger - Iter 17000 - time: 28    - [train] loss: nan    (+/-nan   ) - [valid] loss: nan    (+/-nan   ) - [test] loss: nan    (+/-nan   )
2019-07-22 13:48:53,970 INFO - logger - Iter 17100 - time: 29    - [train] loss: nan    (+/-nan   ) - [valid] loss: nan    (+/-nan   ) - [test] loss: nan    (+/-nan   )
2019-07-22 13:49:24,102 INFO - logger - Iter 17200 - time: 30    - [train] loss: nan    (+/-nan   ) - [valid] loss: nan    (+/-nan   ) - [test] loss: nan    (+/-nan   )
2019-07-22 13:49:53,140 INFO - logger - Iter 17300 - time: 29    - [train] loss: nan    (+/-nan   ) - [valid] loss: nan    (+/-nan   ) - [test] loss: nan    (+/-nan   )
2019-07-22 13:50:21,839 INFO - logger - Iter 17400 - time: 28    - [train] loss: nan    (+/-nan   ) - [valid] loss: nan    (+/-nan   ) - [test] loss: nan    (+/-nan   )
2019-07-22 13:50:50,553 INFO - logger - Iter 17500 - time: 28    - [train] loss: nan    (+/-nan   ) - [valid] loss: nan    (+/-nan   ) - [test] loss: nan    (+/-nan   )
2019-07-22 13:51:19,408 INFO - logger - Iter 17600 - time: 28    - [train] loss: nan    (+/-nan   ) - [valid] loss: nan    (+/-nan   ) - [test] loss: nan    (+/-nan   )
2019-07-22 13:51:48,673 INFO - logger - Iter 17700 - time: 29    - [train] loss: nan    (+/-nan   ) - [valid] loss: nan    (+/-nan   ) - [test] loss: nan    (+/-nan   )
2019-07-22 13:52:18,212 INFO - logger - Iter 17800 - time: 29    - [train] loss: nan    (+/-nan   ) - [valid] loss: nan    (+/-nan   ) - [test] loss: nan    (+/-nan   )
2019-07-22 13:52:47,363 INFO - logger - Iter 17900 - time: 29    - [train] loss: nan    (+/-nan   ) - [valid] loss: nan    (+/-nan   ) - [test] loss: nan    (+/-nan   )
2019-07-22 13:53:16,309 INFO - logger - Iter 18000 - time: 28    - [train] loss: nan    (+/-nan   ) - [valid] loss: nan    (+/-nan   ) - [test] loss: nan    (+/-nan   )
2019-07-22 13:53:45,353 INFO - logger - Iter 18100 - time: 29    - [train] loss: nan    (+/-nan   ) - [valid] loss: nan    (+/-nan   ) - [test] loss: nan    (+/-nan   )
2019-07-22 13:54:14,422 INFO - logger - Iter 18200 - time: 29    - [train] loss: nan    (+/-nan   ) - [valid] loss: nan    (+/-nan   ) - [test] loss: nan    (+/-nan   )
2019-07-22 13:54:43,639 INFO - logger - Iter 18300 - time: 29    - [train] loss: nan    (+/-nan   ) - [valid] loss: nan    (+/-nan   ) - [test] loss: nan    (+/-nan   )
2019-07-22 13:55:12,501 INFO - logger - Iter 18400 - time: 28    - [train] loss: nan    (+/-nan   ) - [valid] loss: nan    (+/-nan   ) - [test] loss: nan    (+/-nan   )
2019-07-22 13:55:42,355 INFO - logger - Iter 18500 - time: 29    - [train] loss: nan    (+/-nan   ) - [valid] loss: nan    (+/-nan   ) - [test] loss: nan    (+/-nan   )
2019-07-22 13:56:12,082 INFO - logger - Iter 18600 - time: 29    - [train] loss: nan    (+/-nan   ) - [valid] loss: nan    (+/-nan   ) - [test] loss: nan    (+/-nan   )
2019-07-22 13:56:41,189 INFO - logger - Iter 18700 - time: 29    - [train] loss: nan    (+/-nan   ) - [valid] loss: nan    (+/-nan   ) - [test] loss: nan    (+/-nan   )
2019-07-22 13:57:09,166 INFO - logger - Iter 18800 - time: 27    - [train] loss: nan    (+/-nan   ) - [valid] loss: nan    (+/-nan   ) - [test] loss: nan    (+/-nan   )
2019-07-22 13:57:38,885 INFO - logger - Iter 18900 - time: 29    - [train] loss: nan    (+/-nan   ) - [valid] loss: nan    (+/-nan   ) - [test] loss: nan    (+/-nan   )
2019-07-22 13:58:08,657 INFO - logger - Iter 19000 - time: 29    - [train] loss: nan    (+/-nan   ) - [valid] loss: nan    (+/-nan   ) - [test] loss: nan    (+/-nan   )
2019-07-22 13:58:37,896 INFO - logger - Iter 19100 - time: 29    - [train] loss: nan    (+/-nan   ) - [valid] loss: nan    (+/-nan   ) - [test] loss: nan    (+/-nan   )
2019-07-22 13:59:06,583 INFO - logger - Iter 19200 - time: 28    - [train] loss: nan    (+/-nan   ) - [valid] loss: nan    (+/-nan   ) - [test] loss: nan    (+/-nan   )
2019-07-22 13:59:36,045 INFO - logger - Iter 19300 - time: 29    - [train] loss: nan    (+/-nan   ) - [valid] loss: nan    (+/-nan   ) - [test] loss: nan    (+/-nan   )
2019-07-22 14:00:04,842 INFO - logger - Iter 19400 - time: 28    - [train] loss: nan    (+/-nan   ) - [valid] loss: nan    (+/-nan   ) - [test] loss: nan    (+/-nan   )
2019-07-22 14:00:33,286 INFO - logger - Iter 19500 - time: 28    - [train] loss: nan    (+/-nan   ) - [valid] loss: nan    (+/-nan   ) - [test] loss: nan    (+/-nan   )
2019-07-22 14:01:03,025 INFO - logger - Iter 19600 - time: 29    - [train] loss: nan    (+/-nan   ) - [valid] loss: nan    (+/-nan   ) - [test] loss: nan    (+/-nan   )
2019-07-22 14:01:31,646 INFO - logger - Iter 19700 - time: 28    - [train] loss: nan    (+/-nan   ) - [valid] loss: nan    (+/-nan   ) - [test] loss: nan    (+/-nan   )
2019-07-22 14:02:00,103 INFO - logger - Iter 19800 - time: 28    - [train] loss: nan    (+/-nan   ) - [valid] loss: nan    (+/-nan   ) - [test] loss: nan    (+/-nan   )
2019-07-22 14:02:29,355 INFO - logger - Iter 19900 - time: 29    - [train] loss: nan    (+/-nan   ) - [valid] loss: nan    (+/-nan   ) - [test] loss: nan    (+/-nan   )
2019-07-22 14:02:58,233 INFO - logger - Iter 20000 - time: 28    - [train] loss: nan    (+/-nan   ) - [valid] loss: nan    (+/-nan   ) - [test] loss: nan    (+/-nan   )
2019-07-22 14:03:26,470 INFO - logger - Iter 20100 - time: 28    - [train] loss: nan    (+/-nan   ) - [valid] loss: nan    (+/-nan   ) - [test] loss: nan    (+/-nan   )
2019-07-22 14:03:56,033 INFO - logger - Iter 20200 - time: 29    - [train] loss: nan    (+/-nan   ) - [valid] loss: nan    (+/-nan   ) - [test] loss: nan    (+/-nan   )
2019-07-22 14:04:24,928 INFO - logger - Iter 20300 - time: 28    - [train] loss: nan    (+/-nan   ) - [valid] loss: nan    (+/-nan   ) - [test] loss: nan    (+/-nan   )
2019-07-22 14:04:53,625 INFO - logger - Iter 20400 - time: 28    - [train] loss: nan    (+/-nan   ) - [valid] loss: nan    (+/-nan   ) - [test] loss: nan    (+/-nan   )
2019-07-22 14:05:22,367 INFO - logger - Iter 20500 - time: 28    - [train] loss: nan    (+/-nan   ) - [valid] loss: nan    (+/-nan   ) - [test] loss: nan    (+/-nan   )
2019-07-22 14:05:51,388 INFO - logger - Iter 20600 - time: 29    - [train] loss: nan    (+/-nan   ) - [valid] loss: nan    (+/-nan   ) - [test] loss: nan    (+/-nan   )
2019-07-22 14:06:19,427 INFO - logger - Iter 20700 - time: 28    - [train] loss: nan    (+/-nan   ) - [valid] loss: nan    (+/-nan   ) - [test] loss: nan    (+/-nan   )
2019-07-22 14:06:49,312 INFO - logger - Iter 20800 - time: 29    - [train] loss: nan    (+/-nan   ) - [valid] loss: nan    (+/-nan   ) - [test] loss: nan    (+/-nan   )
2019-07-22 14:07:18,831 INFO - logger - Iter 20900 - time: 29    - [train] loss: nan    (+/-nan   ) - [valid] loss: nan    (+/-nan   ) - [test] loss: nan    (+/-nan   )
2019-07-22 14:07:47,470 INFO - logger - Iter 21000 - time: 28    - [train] loss: nan    (+/-nan   ) - [valid] loss: nan    (+/-nan   ) - [test] loss: nan    (+/-nan   )
2019-07-22 14:08:16,420 INFO - logger - Iter 21100 - time: 28    - [train] loss: nan    (+/-nan   ) - [valid] loss: nan    (+/-nan   ) - [test] loss: nan    (+/-nan   )
2019-07-22 14:08:45,466 INFO - logger - Iter 21200 - time: 29    - [train] loss: nan    (+/-nan   ) - [valid] loss: nan    (+/-nan   ) - [test] loss: nan    (+/-nan   )
2019-07-22 14:09:14,950 INFO - logger - Iter 21300 - time: 29    - [train] loss: nan    (+/-nan   ) - [valid] loss: nan    (+/-nan   ) - [test] loss: nan    (+/-nan   )
2019-07-22 14:09:44,304 INFO - logger - Iter 21400 - time: 29    - [train] loss: nan    (+/-nan   ) - [valid] loss: nan    (+/-nan   ) - [test] loss: nan    (+/-nan   )
2019-07-22 14:10:13,706 INFO - logger - Iter 21500 - time: 29    - [train] loss: nan    (+/-nan   ) - [valid] loss: nan    (+/-nan   ) - [test] loss: nan    (+/-nan   )
2019-07-22 14:10:41,913 INFO - logger - Iter 21600 - time: 28    - [train] loss: nan    (+/-nan   ) - [valid] loss: nan    (+/-nan   ) - [test] loss: nan    (+/-nan   )
2019-07-22 14:11:10,391 INFO - logger - Iter 21700 - time: 28    - [train] loss: nan    (+/-nan   ) - [valid] loss: nan    (+/-nan   ) - [test] loss: nan    (+/-nan   )
2019-07-22 14:11:39,938 INFO - logger - Iter 21800 - time: 29    - [train] loss: nan    (+/-nan   ) - [valid] loss: nan    (+/-nan   ) - [test] loss: nan    (+/-nan   )
2019-07-22 14:12:09,580 INFO - logger - Iter 21900 - time: 29    - [train] loss: nan    (+/-nan   ) - [valid] loss: nan    (+/-nan   ) - [test] loss: nan    (+/-nan   )
2019-07-22 14:12:38,712 INFO - logger - Iter 22000 - time: 29    - [train] loss: nan    (+/-nan   ) - [valid] loss: nan    (+/-nan   ) - [test] loss: nan    (+/-nan   )
2019-07-22 14:13:08,145 INFO - logger - Iter 22100 - time: 29    - [train] loss: nan    (+/-nan   ) - [valid] loss: nan    (+/-nan   ) - [test] loss: nan    (+/-nan   )
2019-07-22 14:13:37,232 INFO - logger - Iter 22200 - time: 29    - [train] loss: nan    (+/-nan   ) - [valid] loss: nan    (+/-nan   ) - [test] loss: nan    (+/-nan   )
2019-07-22 14:14:06,337 INFO - logger - Iter 22300 - time: 29    - [train] loss: nan    (+/-nan   ) - [valid] loss: nan    (+/-nan   ) - [test] loss: nan    (+/-nan   )
2019-07-22 14:14:35,139 INFO - logger - Iter 22400 - time: 28    - [train] loss: nan    (+/-nan   ) - [valid] loss: nan    (+/-nan   ) - [test] loss: nan    (+/-nan   )
2019-07-22 14:15:04,678 INFO - logger - Iter 22500 - time: 29    - [train] loss: nan    (+/-nan   ) - [valid] loss: nan    (+/-nan   ) - [test] loss: nan    (+/-nan   )
2019-07-22 14:15:33,988 INFO - logger - Iter 22600 - time: 29    - [train] loss: nan    (+/-nan   ) - [valid] loss: nan    (+/-nan   ) - [test] loss: nan    (+/-nan   )
2019-07-22 14:16:03,541 INFO - logger - Iter 22700 - time: 29    - [train] loss: nan    (+/-nan   ) - [valid] loss: nan    (+/-nan   ) - [test] loss: nan    (+/-nan   )
2019-07-22 14:16:33,186 INFO - logger - Iter 22800 - time: 29    - [train] loss: nan    (+/-nan   ) - [valid] loss: nan    (+/-nan   ) - [test] loss: nan    (+/-nan   )
2019-07-22 14:17:02,438 INFO - logger - Iter 22900 - time: 29    - [train] loss: nan    (+/-nan   ) - [valid] loss: nan    (+/-nan   ) - [test] loss: nan    (+/-nan   )
2019-07-22 14:17:31,263 INFO - logger - Iter 23000 - time: 28    - [train] loss: nan    (+/-nan   ) - [valid] loss: nan    (+/-nan   ) - [test] loss: nan    (+/-nan   )
2019-07-22 14:18:00,263 INFO - logger - Iter 23100 - time: 28    - [train] loss: nan    (+/-nan   ) - [valid] loss: nan    (+/-nan   ) - [test] loss: nan    (+/-nan   )
2019-07-22 14:18:29,831 INFO - logger - Iter 23200 - time: 29    - [train] loss: nan    (+/-nan   ) - [valid] loss: nan    (+/-nan   ) - [test] loss: nan    (+/-nan   )
2019-07-22 14:18:58,362 INFO - logger - Iter 23300 - time: 28    - [train] loss: nan    (+/-nan   ) - [valid] loss: nan    (+/-nan   ) - [test] loss: nan    (+/-nan   )
2019-07-22 14:19:28,321 INFO - logger - Iter 23400 - time: 29    - [train] loss: nan    (+/-nan   ) - [valid] loss: nan    (+/-nan   ) - [test] loss: nan    (+/-nan   )
2019-07-22 14:19:57,314 INFO - logger - Iter 23500 - time: 28    - [train] loss: nan    (+/-nan   ) - [valid] loss: nan    (+/-nan   ) - [test] loss: nan    (+/-nan   )
2019-07-22 14:20:26,224 INFO - logger - Iter 23600 - time: 28    - [train] loss: nan    (+/-nan   ) - [valid] loss: nan    (+/-nan   ) - [test] loss: nan    (+/-nan   )
2019-07-22 14:20:55,309 INFO - logger - Iter 23700 - time: 29    - [train] loss: nan    (+/-nan   ) - [valid] loss: nan    (+/-nan   ) - [test] loss: nan    (+/-nan   )
2019-07-22 14:21:25,008 INFO - logger - Iter 23800 - time: 29    - [train] loss: nan    (+/-nan   ) - [valid] loss: nan    (+/-nan   ) - [test] loss: nan    (+/-nan   )
2019-07-22 14:21:54,179 INFO - logger - Iter 23900 - time: 29    - [train] loss: nan    (+/-nan   ) - [valid] loss: nan    (+/-nan   ) - [test] loss: nan    (+/-nan   )
2019-07-22 14:22:22,615 INFO - logger - Iter 24000 - time: 28    - [train] loss: nan    (+/-nan   ) - [valid] loss: nan    (+/-nan   ) - [test] loss: nan    (+/-nan   )
2019-07-22 14:22:51,855 INFO - logger - Iter 24100 - time: 29    - [train] loss: nan    (+/-nan   ) - [valid] loss: nan    (+/-nan   ) - [test] loss: nan    (+/-nan   )
2019-07-22 14:23:21,857 INFO - logger - Iter 24200 - time: 30    - [train] loss: nan    (+/-nan   ) - [valid] loss: nan    (+/-nan   ) - [test] loss: nan    (+/-nan   )
2019-07-22 14:23:50,198 INFO - logger - Iter 24300 - time: 28    - [train] loss: nan    (+/-nan   ) - [valid] loss: nan    (+/-nan   ) - [test] loss: nan    (+/-nan   )
2019-07-22 14:24:18,779 INFO - logger - Iter 24400 - time: 28    - [train] loss: nan    (+/-nan   ) - [valid] loss: nan    (+/-nan   ) - [test] loss: nan    (+/-nan   )
2019-07-22 14:24:48,104 INFO - logger - Iter 24500 - time: 29    - [train] loss: nan    (+/-nan   ) - [valid] loss: nan    (+/-nan   ) - [test] loss: nan    (+/-nan   )
2019-07-22 14:25:17,134 INFO - logger - Iter 24600 - time: 29    - [train] loss: nan    (+/-nan   ) - [valid] loss: nan    (+/-nan   ) - [test] loss: nan    (+/-nan   )
2019-07-22 14:25:45,793 INFO - logger - Iter 24700 - time: 28    - [train] loss: nan    (+/-nan   ) - [valid] loss: nan    (+/-nan   ) - [test] loss: nan    (+/-nan   )
2019-07-22 14:26:14,405 INFO - logger - Iter 24800 - time: 28    - [train] loss: nan    (+/-nan   ) - [valid] loss: nan    (+/-nan   ) - [test] loss: nan    (+/-nan   )
2019-07-22 14:26:43,674 INFO - logger - Iter 24900 - time: 29    - [train] loss: nan    (+/-nan   ) - [valid] loss: nan    (+/-nan   ) - [test] loss: nan    (+/-nan   )
2019-07-22 14:27:12,512 INFO - logger - Iter 25000 - time: 28    - [train] loss: nan    (+/-nan   ) - [valid] loss: nan    (+/-nan   ) - [test] loss: nan    (+/-nan   )
2019-07-22 14:27:42,030 INFO - logger - Iter 25100 - time: 29    - [train] loss: nan    (+/-nan   ) - [valid] loss: nan    (+/-nan   ) - [test] loss: nan    (+/-nan   )
2019-07-22 14:28:10,924 INFO - logger - Iter 25200 - time: 28    - [train] loss: nan    (+/-nan   ) - [valid] loss: nan    (+/-nan   ) - [test] loss: nan    (+/-nan   )
2019-07-22 14:28:39,625 INFO - logger - Iter 25300 - time: 28    - [train] loss: nan    (+/-nan   ) - [valid] loss: nan    (+/-nan   ) - [test] loss: nan    (+/-nan   )
2019-07-22 14:29:09,452 INFO - logger - Iter 25400 - time: 29    - [train] loss: nan    (+/-nan   ) - [valid] loss: nan    (+/-nan   ) - [test] loss: nan    (+/-nan   )
2019-07-22 14:29:38,961 INFO - logger - Iter 25500 - time: 29    - [train] loss: nan    (+/-nan   ) - [valid] loss: nan    (+/-nan   ) - [test] loss: nan    (+/-nan   )
2019-07-22 14:30:08,149 INFO - logger - Iter 25600 - time: 29    - [train] loss: nan    (+/-nan   ) - [valid] loss: nan    (+/-nan   ) - [test] loss: nan    (+/-nan   )
2019-07-22 14:30:36,660 INFO - logger - Iter 25700 - time: 28    - [train] loss: nan    (+/-nan   ) - [valid] loss: nan    (+/-nan   ) - [test] loss: nan    (+/-nan   )
2019-07-22 14:31:05,662 INFO - logger - Iter 25800 - time: 29    - [train] loss: nan    (+/-nan   ) - [valid] loss: nan    (+/-nan   ) - [test] loss: nan    (+/-nan   )
2019-07-22 14:31:35,280 INFO - logger - Iter 25900 - time: 29    - [train] loss: nan    (+/-nan   ) - [valid] loss: nan    (+/-nan   ) - [test] loss: nan    (+/-nan   )
2019-07-22 14:32:04,363 INFO - logger - Iter 26000 - time: 29    - [train] loss: nan    (+/-nan   ) - [valid] loss: nan    (+/-nan   ) - [test] loss: nan    (+/-nan   )
2019-07-22 14:32:33,990 INFO - logger - Iter 26100 - time: 29    - [train] loss: nan    (+/-nan   ) - [valid] loss: nan    (+/-nan   ) - [test] loss: nan    (+/-nan   )
2019-07-22 14:33:03,114 INFO - logger - Iter 26200 - time: 29    - [train] loss: nan    (+/-nan   ) - [valid] loss: nan    (+/-nan   ) - [test] loss: nan    (+/-nan   )
2019-07-22 14:33:32,212 INFO - logger - Iter 26300 - time: 29    - [train] loss: nan    (+/-nan   ) - [valid] loss: nan    (+/-nan   ) - [test] loss: nan    (+/-nan   )
2019-07-22 14:34:01,593 INFO - logger - Iter 26400 - time: 29    - [train] loss: nan    (+/-nan   ) - [valid] loss: nan    (+/-nan   ) - [test] loss: nan    (+/-nan   )
2019-07-22 14:34:31,513 INFO - logger - Iter 26500 - time: 29    - [train] loss: nan    (+/-nan   ) - [valid] loss: nan    (+/-nan   ) - [test] loss: nan    (+/-nan   )
2019-07-22 14:35:01,019 INFO - logger - Iter 26600 - time: 29    - [train] loss: nan    (+/-nan   ) - [valid] loss: nan    (+/-nan   ) - [test] loss: nan    (+/-nan   )
2019-07-22 14:35:29,752 INFO - logger - Iter 26700 - time: 28    - [train] loss: nan    (+/-nan   ) - [valid] loss: nan    (+/-nan   ) - [test] loss: nan    (+/-nan   )
2019-07-22 14:35:59,107 INFO - logger - Iter 26800 - time: 29    - [train] loss: nan    (+/-nan   ) - [valid] loss: nan    (+/-nan   ) - [test] loss: nan    (+/-nan   )
2019-07-22 14:36:28,770 INFO - logger - Iter 26900 - time: 29    - [train] loss: nan    (+/-nan   ) - [valid] loss: nan    (+/-nan   ) - [test] loss: nan    (+/-nan   )
2019-07-22 14:36:58,300 INFO - logger - Iter 27000 - time: 29    - [train] loss: nan    (+/-nan   ) - [valid] loss: nan    (+/-nan   ) - [test] loss: nan    (+/-nan   )
2019-07-22 14:37:26,663 INFO - logger - Iter 27100 - time: 28    - [train] loss: nan    (+/-nan   ) - [valid] loss: nan    (+/-nan   ) - [test] loss: nan    (+/-nan   )
2019-07-22 14:37:56,363 INFO - logger - Iter 27200 - time: 29    - [train] loss: nan    (+/-nan   ) - [valid] loss: nan    (+/-nan   ) - [test] loss: nan    (+/-nan   )
2019-07-22 14:38:25,228 INFO - logger - Iter 27300 - time: 28    - [train] loss: nan    (+/-nan   ) - [valid] loss: nan    (+/-nan   ) - [test] loss: nan    (+/-nan   )
2019-07-22 14:38:53,824 INFO - logger - Iter 27400 - time: 28    - [train] loss: nan    (+/-nan   ) - [valid] loss: nan    (+/-nan   ) - [test] loss: nan    (+/-nan   )
2019-07-22 14:39:23,437 INFO - logger - Iter 27500 - time: 29    - [train] loss: nan    (+/-nan   ) - [valid] loss: nan    (+/-nan   ) - [test] loss: nan    (+/-nan   )
2019-07-22 14:39:52,807 INFO - logger - Iter 27600 - time: 29    - [train] loss: nan    (+/-nan   ) - [valid] loss: nan    (+/-nan   ) - [test] loss: nan    (+/-nan   )
2019-07-22 14:40:21,875 INFO - logger - Iter 27700 - time: 29    - [train] loss: nan    (+/-nan   ) - [valid] loss: nan    (+/-nan   ) - [test] loss: nan    (+/-nan   )
2019-07-22 14:40:50,394 INFO - logger - Iter 27800 - time: 28    - [train] loss: nan    (+/-nan   ) - [valid] loss: nan    (+/-nan   ) - [test] loss: nan    (+/-nan   )
2019-07-22 14:41:19,698 INFO - logger - Iter 27900 - time: 29    - [train] loss: nan    (+/-nan   ) - [valid] loss: nan    (+/-nan   ) - [test] loss: nan    (+/-nan   )
2019-07-22 14:41:48,743 INFO - logger - Iter 28000 - time: 29    - [train] loss: nan    (+/-nan   ) - [valid] loss: nan    (+/-nan   ) - [test] loss: nan    (+/-nan   )
2019-07-22 14:42:17,214 INFO - logger - Iter 28100 - time: 28    - [train] loss: nan    (+/-nan   ) - [valid] loss: nan    (+/-nan   ) - [test] loss: nan    (+/-nan   )
2019-07-22 14:42:47,171 INFO - logger - Iter 28200 - time: 29    - [train] loss: nan    (+/-nan   ) - [valid] loss: nan    (+/-nan   ) - [test] loss: nan    (+/-nan   )
2019-07-22 14:43:16,146 INFO - logger - Iter 28300 - time: 28    - [train] loss: nan    (+/-nan   ) - [valid] loss: nan    (+/-nan   ) - [test] loss: nan    (+/-nan   )
2019-07-22 14:43:44,207 INFO - logger - Iter 28400 - time: 28    - [train] loss: nan    (+/-nan   ) - [valid] loss: nan    (+/-nan   ) - [test] loss: nan    (+/-nan   )
2019-07-22 14:44:13,938 INFO - logger - Iter 28500 - time: 29    - [train] loss: nan    (+/-nan   ) - [valid] loss: nan    (+/-nan   ) - [test] loss: nan    (+/-nan   )
2019-07-22 14:44:43,591 INFO - logger - Iter 28600 - time: 29    - [train] loss: nan    (+/-nan   ) - [valid] loss: nan    (+/-nan   ) - [test] loss: nan    (+/-nan   )
2019-07-22 14:45:13,392 INFO - logger - Iter 28700 - time: 29    - [train] loss: nan    (+/-nan   ) - [valid] loss: nan    (+/-nan   ) - [test] loss: nan    (+/-nan   )
2019-07-22 14:45:42,807 INFO - logger - Iter 28800 - time: 29    - [train] loss: nan    (+/-nan   ) - [valid] loss: nan    (+/-nan   ) - [test] loss: nan    (+/-nan   )
2019-07-22 14:46:11,795 INFO - logger - Iter 28900 - time: 28    - [train] loss: nan    (+/-nan   ) - [valid] loss: nan    (+/-nan   ) - [test] loss: nan    (+/-nan   )
2019-07-22 14:46:40,840 INFO - logger - Iter 29000 - time: 29    - [train] loss: nan    (+/-nan   ) - [valid] loss: nan    (+/-nan   ) - [test] loss: nan    (+/-nan   )
2019-07-22 14:47:10,199 INFO - logger - Iter 29100 - time: 29    - [train] loss: nan    (+/-nan   ) - [valid] loss: nan    (+/-nan   ) - [test] loss: nan    (+/-nan   )
2019-07-22 14:47:39,212 INFO - logger - Iter 29200 - time: 29    - [train] loss: nan    (+/-nan   ) - [valid] loss: nan    (+/-nan   ) - [test] loss: nan    (+/-nan   )
2019-07-22 14:48:08,143 INFO - logger - Iter 29300 - time: 28    - [train] loss: nan    (+/-nan   ) - [valid] loss: nan    (+/-nan   ) - [test] loss: nan    (+/-nan   )
2019-07-22 14:48:37,500 INFO - logger - Iter 29400 - time: 29    - [train] loss: nan    (+/-nan   ) - [valid] loss: nan    (+/-nan   ) - [test] loss: nan    (+/-nan   )
2019-07-22 14:49:06,022 INFO - logger - Iter 29500 - time: 28    - [train] loss: nan    (+/-nan   ) - [valid] loss: nan    (+/-nan   ) - [test] loss: nan    (+/-nan   )
2019-07-22 14:49:35,461 INFO - logger - Iter 29600 - time: 29    - [train] loss: nan    (+/-nan   ) - [valid] loss: nan    (+/-nan   ) - [test] loss: nan    (+/-nan   )
2019-07-22 14:50:04,250 INFO - logger - Iter 29700 - time: 28    - [train] loss: nan    (+/-nan   ) - [valid] loss: nan    (+/-nan   ) - [test] loss: nan    (+/-nan   )
2019-07-22 14:50:33,439 INFO - logger - Iter 29800 - time: 29    - [train] loss: nan    (+/-nan   ) - [valid] loss: nan    (+/-nan   ) - [test] loss: nan    (+/-nan   )
2019-07-22 14:51:02,731 INFO - logger - Iter 29900 - time: 29    - [train] loss: nan    (+/-nan   ) - [valid] loss: nan    (+/-nan   ) - [test] loss: nan    (+/-nan   )
2019-07-22 14:51:31,395 INFO - logger - Iter 30000 - time: 28    - [train] loss: nan    (+/-nan   ) - [valid] loss: nan    (+/-nan   ) - [test] loss: nan    (+/-nan   )
2019-07-22 14:52:01,204 INFO - logger - Iter 30100 - time: 29    - [train] loss: nan    (+/-nan   ) - [valid] loss: nan    (+/-nan   ) - [test] loss: nan    (+/-nan   )
2019-07-22 14:52:30,477 INFO - logger - Iter 30200 - time: 29    - [train] loss: nan    (+/-nan   ) - [valid] loss: nan    (+/-nan   ) - [test] loss: nan    (+/-nan   )
2019-07-22 14:52:59,011 INFO - logger - Iter 30300 - time: 28    - [train] loss: nan    (+/-nan   ) - [valid] loss: nan    (+/-nan   ) - [test] loss: nan    (+/-nan   )
2019-07-22 14:53:28,097 INFO - logger - Iter 30400 - time: 29    - [train] loss: nan    (+/-nan   ) - [valid] loss: nan    (+/-nan   ) - [test] loss: nan    (+/-nan   )
2019-07-22 14:53:56,859 INFO - logger - Iter 30500 - time: 28    - [train] loss: nan    (+/-nan   ) - [valid] loss: nan    (+/-nan   ) - [test] loss: nan    (+/-nan   )
2019-07-22 14:54:25,605 INFO - logger - Iter 30600 - time: 28    - [train] loss: nan    (+/-nan   ) - [valid] loss: nan    (+/-nan   ) - [test] loss: nan    (+/-nan   )
2019-07-22 14:54:55,195 INFO - logger - Iter 30700 - time: 29    - [train] loss: nan    (+/-nan   ) - [valid] loss: nan    (+/-nan   ) - [test] loss: nan    (+/-nan   )
2019-07-22 14:55:24,543 INFO - logger - Iter 30800 - time: 29    - [train] loss: nan    (+/-nan   ) - [valid] loss: nan    (+/-nan   ) - [test] loss: nan    (+/-nan   )
2019-07-22 14:55:53,514 INFO - logger - Iter 30900 - time: 28    - [train] loss: nan    (+/-nan   ) - [valid] loss: nan    (+/-nan   ) - [test] loss: nan    (+/-nan   )
2019-07-22 14:56:22,867 INFO - logger - Iter 31000 - time: 29    - [train] loss: nan    (+/-nan   ) - [valid] loss: nan    (+/-nan   ) - [test] loss: nan    (+/-nan   )
2019-07-22 14:56:51,466 INFO - logger - Iter 31100 - time: 28    - [train] loss: nan    (+/-nan   ) - [valid] loss: nan    (+/-nan   ) - [test] loss: nan    (+/-nan   )
2019-07-22 14:57:20,568 INFO - logger - Iter 31200 - time: 29    - [train] loss: nan    (+/-nan   ) - [valid] loss: nan    (+/-nan   ) - [test] loss: nan    (+/-nan   )
2019-07-22 14:57:50,147 INFO - logger - Iter 31300 - time: 29    - [train] loss: nan    (+/-nan   ) - [valid] loss: nan    (+/-nan   ) - [test] loss: nan    (+/-nan   )
2019-07-22 14:58:18,991 INFO - logger - Iter 31400 - time: 28    - [train] loss: nan    (+/-nan   ) - [valid] loss: nan    (+/-nan   ) - [test] loss: nan    (+/-nan   )
2019-07-22 14:58:47,780 INFO - logger - Iter 31500 - time: 28    - [train] loss: nan    (+/-nan   ) - [valid] loss: nan    (+/-nan   ) - [test] loss: nan    (+/-nan   )
2019-07-22 14:59:16,377 INFO - logger - Iter 31600 - time: 28    - [train] loss: nan    (+/-nan   ) - [valid] loss: nan    (+/-nan   ) - [test] loss: nan    (+/-nan   )
2019-07-22 14:59:45,171 INFO - logger - Iter 31700 - time: 28    - [train] loss: nan    (+/-nan   ) - [valid] loss: nan    (+/-nan   ) - [test] loss: nan    (+/-nan   )
2019-07-22 15:00:13,891 INFO - logger - Iter 31800 - time: 28    - [train] loss: nan    (+/-nan   ) - [valid] loss: nan    (+/-nan   ) - [test] loss: nan    (+/-nan   )
2019-07-22 15:00:43,405 INFO - logger - Iter 31900 - time: 29    - [train] loss: nan    (+/-nan   ) - [valid] loss: nan    (+/-nan   ) - [test] loss: nan    (+/-nan   )
2019-07-22 15:01:13,172 INFO - logger - Iter 32000 - time: 29    - [train] loss: nan    (+/-nan   ) - [valid] loss: nan    (+/-nan   ) - [test] loss: nan    (+/-nan   )
2019-07-22 15:01:42,623 INFO - logger - Iter 32100 - time: 29    - [train] loss: nan    (+/-nan   ) - [valid] loss: nan    (+/-nan   ) - [test] loss: nan    (+/-nan   )
2019-07-22 15:02:11,169 INFO - logger - Iter 32200 - time: 28    - [train] loss: nan    (+/-nan   ) - [valid] loss: nan    (+/-nan   ) - [test] loss: nan    (+/-nan   )
2019-07-22 15:02:39,998 INFO - logger - Iter 32300 - time: 28    - [train] loss: nan    (+/-nan   ) - [valid] loss: nan    (+/-nan   ) - [test] loss: nan    (+/-nan   )
2019-07-22 15:03:08,499 INFO - logger - Iter 32400 - time: 28    - [train] loss: nan    (+/-nan   ) - [valid] loss: nan    (+/-nan   ) - [test] loss: nan    (+/-nan   )
2019-07-22 15:03:37,726 INFO - logger - Iter 32500 - time: 29    - [train] loss: nan    (+/-nan   ) - [valid] loss: nan    (+/-nan   ) - [test] loss: nan    (+/-nan   )
2019-07-22 15:04:06,416 INFO - logger - Iter 32600 - time: 28    - [train] loss: nan    (+/-nan   ) - [valid] loss: nan    (+/-nan   ) - [test] loss: nan    (+/-nan   )
2019-07-22 15:04:35,263 INFO - logger - Iter 32700 - time: 28    - [train] loss: nan    (+/-nan   ) - [valid] loss: nan    (+/-nan   ) - [test] loss: nan    (+/-nan   )
2019-07-22 15:05:04,342 INFO - logger - Iter 32800 - time: 29    - [train] loss: nan    (+/-nan   ) - [valid] loss: nan    (+/-nan   ) - [test] loss: nan    (+/-nan   )
2019-07-22 15:05:33,381 INFO - logger - Iter 32900 - time: 29    - [train] loss: nan    (+/-nan   ) - [valid] loss: nan    (+/-nan   ) - [test] loss: nan    (+/-nan   )
2019-07-22 15:06:02,432 INFO - logger - Iter 33000 - time: 29    - [train] loss: nan    (+/-nan   ) - [valid] loss: nan    (+/-nan   ) - [test] loss: nan    (+/-nan   )
2019-07-22 15:06:31,890 INFO - logger - Iter 33100 - time: 29    - [train] loss: nan    (+/-nan   ) - [valid] loss: nan    (+/-nan   ) - [test] loss: nan    (+/-nan   )
2019-07-22 15:07:00,600 INFO - logger - Iter 33200 - time: 28    - [train] loss: nan    (+/-nan   ) - [valid] loss: nan    (+/-nan   ) - [test] loss: nan    (+/-nan   )
2019-07-22 15:07:29,747 INFO - logger - Iter 33300 - time: 29    - [train] loss: nan    (+/-nan   ) - [valid] loss: nan    (+/-nan   ) - [test] loss: nan    (+/-nan   )
2019-07-22 15:07:59,990 INFO - logger - Iter 33400 - time: 30    - [train] loss: nan    (+/-nan   ) - [valid] loss: nan    (+/-nan   ) - [test] loss: nan    (+/-nan   )
2019-07-22 15:08:28,654 INFO - logger - Iter 33500 - time: 28    - [train] loss: nan    (+/-nan   ) - [valid] loss: nan    (+/-nan   ) - [test] loss: nan    (+/-nan   )
2019-07-22 15:08:57,436 INFO - logger - Iter 33600 - time: 28    - [train] loss: nan    (+/-nan   ) - [valid] loss: nan    (+/-nan   ) - [test] loss: nan    (+/-nan   )
2019-07-22 15:09:26,828 INFO - logger - Iter 33700 - time: 29    - [train] loss: nan    (+/-nan   ) - [valid] loss: nan    (+/-nan   ) - [test] loss: nan    (+/-nan   )
2019-07-22 15:09:55,114 INFO - logger - Iter 33800 - time: 28    - [train] loss: nan    (+/-nan   ) - [valid] loss: nan    (+/-nan   ) - [test] loss: nan    (+/-nan   )
2019-07-22 15:10:24,623 INFO - logger - Iter 33900 - time: 29    - [train] loss: nan    (+/-nan   ) - [valid] loss: nan    (+/-nan   ) - [test] loss: nan    (+/-nan   )
2019-07-22 15:10:54,201 INFO - logger - Iter 34000 - time: 29    - [train] loss: nan    (+/-nan   ) - [valid] loss: nan    (+/-nan   ) - [test] loss: nan    (+/-nan   )
2019-07-22 15:11:22,713 INFO - logger - Iter 34100 - time: 28    - [train] loss: nan    (+/-nan   ) - [valid] loss: nan    (+/-nan   ) - [test] loss: nan    (+/-nan   )
2019-07-22 15:11:52,595 INFO - logger - Iter 34200 - time: 29    - [train] loss: nan    (+/-nan   ) - [valid] loss: nan    (+/-nan   ) - [test] loss: nan    (+/-nan   )
2019-07-22 15:12:22,281 INFO - logger - Iter 34300 - time: 29    - [train] loss: nan    (+/-nan   ) - [valid] loss: nan    (+/-nan   ) - [test] loss: nan    (+/-nan   )
2019-07-22 15:12:50,837 INFO - logger - Iter 34400 - time: 28    - [train] loss: nan    (+/-nan   ) - [valid] loss: nan    (+/-nan   ) - [test] loss: nan    (+/-nan   )
2019-07-22 15:13:20,184 INFO - logger - Iter 34500 - time: 29    - [train] loss: nan    (+/-nan   ) - [valid] loss: nan    (+/-nan   ) - [test] loss: nan    (+/-nan   )
2019-07-22 15:13:47,938 INFO - logger - Iter 34600 - time: 27    - [train] loss: nan    (+/-nan   ) - [valid] loss: nan    (+/-nan   ) - [test] loss: nan    (+/-nan   )
2019-07-22 15:14:17,211 INFO - logger - Iter 34700 - time: 29    - [train] loss: nan    (+/-nan   ) - [valid] loss: nan    (+/-nan   ) - [test] loss: nan    (+/-nan   )
2019-07-22 15:14:46,736 INFO - logger - Iter 34800 - time: 29    - [train] loss: nan    (+/-nan   ) - [valid] loss: nan    (+/-nan   ) - [test] loss: nan    (+/-nan   )
2019-07-22 15:15:16,009 INFO - logger - Iter 34900 - time: 29    - [train] loss: nan    (+/-nan   ) - [valid] loss: nan    (+/-nan   ) - [test] loss: nan    (+/-nan   )
2019-07-22 15:15:45,552 INFO - logger - Iter 35000 - time: 29    - [train] loss: nan    (+/-nan   ) - [valid] loss: nan    (+/-nan   ) - [test] loss: nan    (+/-nan   )
2019-07-22 15:16:14,919 INFO - logger - Iter 35100 - time: 29    - [train] loss: nan    (+/-nan   ) - [valid] loss: nan    (+/-nan   ) - [test] loss: nan    (+/-nan   )
2019-07-22 15:16:44,118 INFO - logger - Iter 35200 - time: 29    - [train] loss: nan    (+/-nan   ) - [valid] loss: nan    (+/-nan   ) - [test] loss: nan    (+/-nan   )
2019-07-22 15:17:14,036 INFO - logger - Iter 35300 - time: 29    - [train] loss: nan    (+/-nan   ) - [valid] loss: nan    (+/-nan   ) - [test] loss: nan    (+/-nan   )
2019-07-22 15:17:40,737 INFO - logger - Iter 35400 - time: 26    - [train] loss: nan    (+/-nan   ) - [valid] loss: nan    (+/-nan   ) - [test] loss: nan    (+/-nan   )
2019-07-22 15:18:09,867 INFO - logger - Iter 35500 - time: 29    - [train] loss: nan    (+/-nan   ) - [valid] loss: nan    (+/-nan   ) - [test] loss: nan    (+/-nan   )
2019-07-22 15:18:38,452 INFO - logger - Iter 35600 - time: 28    - [train] loss: nan    (+/-nan   ) - [valid] loss: nan    (+/-nan   ) - [test] loss: nan    (+/-nan   )
2019-07-22 15:19:08,136 INFO - logger - Iter 35700 - time: 29    - [train] loss: nan    (+/-nan   ) - [valid] loss: nan    (+/-nan   ) - [test] loss: nan    (+/-nan   )
2019-07-22 15:19:37,088 INFO - logger - Iter 35800 - time: 28    - [train] loss: nan    (+/-nan   ) - [valid] loss: nan    (+/-nan   ) - [test] loss: nan    (+/-nan   )
2019-07-22 15:20:06,322 INFO - logger - Iter 35900 - time: 29    - [train] loss: nan    (+/-nan   ) - [valid] loss: nan    (+/-nan   ) - [test] loss: nan    (+/-nan   )
2019-07-22 15:20:35,014 INFO - logger - Iter 36000 - time: 28    - [train] loss: nan    (+/-nan   ) - [valid] loss: nan    (+/-nan   ) - [test] loss: nan    (+/-nan   )
2019-07-22 15:21:04,785 INFO - logger - Iter 36100 - time: 29    - [train] loss: nan    (+/-nan   ) - [valid] loss: nan    (+/-nan   ) - [test] loss: nan    (+/-nan   )
2019-07-22 15:21:33,202 INFO - logger - Iter 36200 - time: 28    - [train] loss: nan    (+/-nan   ) - [valid] loss: nan    (+/-nan   ) - [test] loss: nan    (+/-nan   )
2019-07-22 15:22:02,505 INFO - logger - Iter 36300 - time: 29    - [train] loss: nan    (+/-nan   ) - [valid] loss: nan    (+/-nan   ) - [test] loss: nan    (+/-nan   )
2019-07-22 15:22:30,365 INFO - logger - Iter 36400 - time: 27    - [train] loss: nan    (+/-nan   ) - [valid] loss: nan    (+/-nan   ) - [test] loss: nan    (+/-nan   )
2019-07-22 15:23:00,112 INFO - logger - Iter 36500 - time: 29    - [train] loss: nan    (+/-nan   ) - [valid] loss: nan    (+/-nan   ) - [test] loss: nan    (+/-nan   )
2019-07-22 15:23:29,949 INFO - logger - Iter 36600 - time: 29    - [train] loss: nan    (+/-nan   ) - [valid] loss: nan    (+/-nan   ) - [test] loss: nan    (+/-nan   )
2019-07-22 15:23:58,444 INFO - logger - Iter 36700 - time: 28    - [train] loss: nan    (+/-nan   ) - [valid] loss: nan    (+/-nan   ) - [test] loss: nan    (+/-nan   )
2019-07-22 15:24:28,463 INFO - logger - Iter 36800 - time: 30    - [train] loss: nan    (+/-nan   ) - [valid] loss: nan    (+/-nan   ) - [test] loss: nan    (+/-nan   )
2019-07-22 15:24:57,824 INFO - logger - Iter 36900 - time: 29    - [train] loss: nan    (+/-nan   ) - [valid] loss: nan    (+/-nan   ) - [test] loss: nan    (+/-nan   )
2019-07-22 15:25:27,415 INFO - logger - Iter 37000 - time: 29    - [train] loss: nan    (+/-nan   ) - [valid] loss: nan    (+/-nan   ) - [test] loss: nan    (+/-nan   )
2019-07-22 15:25:56,854 INFO - logger - Iter 37100 - time: 29    - [train] loss: nan    (+/-nan   ) - [valid] loss: nan    (+/-nan   ) - [test] loss: nan    (+/-nan   )
2019-07-22 15:26:24,514 INFO - logger - Iter 37200 - time: 27    - [train] loss: nan    (+/-nan   ) - [valid] loss: nan    (+/-nan   ) - [test] loss: nan    (+/-nan   )
2019-07-22 15:26:54,421 INFO - logger - Iter 37300 - time: 29    - [train] loss: nan    (+/-nan   ) - [valid] loss: nan    (+/-nan   ) - [test] loss: nan    (+/-nan   )
2019-07-22 15:27:23,135 INFO - logger - Iter 37400 - time: 28    - [train] loss: nan    (+/-nan   ) - [valid] loss: nan    (+/-nan   ) - [test] loss: nan    (+/-nan   )
2019-07-22 15:27:52,736 INFO - logger - Iter 37500 - time: 29    - [train] loss: nan    (+/-nan   ) - [valid] loss: nan    (+/-nan   ) - [test] loss: nan    (+/-nan   )
2019-07-22 15:28:22,534 INFO - logger - Iter 37600 - time: 29    - [train] loss: nan    (+/-nan   ) - [valid] loss: nan    (+/-nan   ) - [test] loss: nan    (+/-nan   )
2019-07-22 15:28:51,513 INFO - logger - Iter 37700 - time: 28    - [train] loss: nan    (+/-nan   ) - [valid] loss: nan    (+/-nan   ) - [test] loss: nan    (+/-nan   )
2019-07-22 15:29:20,314 INFO - logger - Iter 37800 - time: 28    - [train] loss: nan    (+/-nan   ) - [valid] loss: nan    (+/-nan   ) - [test] loss: nan    (+/-nan   )
2019-07-22 15:29:49,133 INFO - logger - Iter 37900 - time: 28    - [train] loss: nan    (+/-nan   ) - [valid] loss: nan    (+/-nan   ) - [test] loss: nan    (+/-nan   )
2019-07-22 15:30:17,836 INFO - logger - Iter 38000 - time: 28    - [train] loss: nan    (+/-nan   ) - [valid] loss: nan    (+/-nan   ) - [test] loss: nan    (+/-nan   )
2019-07-22 15:30:46,842 INFO - logger - Iter 38100 - time: 29    - [train] loss: nan    (+/-nan   ) - [valid] loss: nan    (+/-nan   ) - [test] loss: nan    (+/-nan   )
2019-07-22 15:31:15,810 INFO - logger - Iter 38200 - time: 28    - [train] loss: nan    (+/-nan   ) - [valid] loss: nan    (+/-nan   ) - [test] loss: nan    (+/-nan   )
2019-07-22 15:31:45,733 INFO - logger - Iter 38300 - time: 29    - [train] loss: nan    (+/-nan   ) - [valid] loss: nan    (+/-nan   ) - [test] loss: nan    (+/-nan   )
2019-07-22 15:32:14,727 INFO - logger - Iter 38400 - time: 28    - [train] loss: nan    (+/-nan   ) - [valid] loss: nan    (+/-nan   ) - [test] loss: nan    (+/-nan   )
2019-07-22 15:32:43,675 INFO - logger - Iter 38500 - time: 28    - [train] loss: nan    (+/-nan   ) - [valid] loss: nan    (+/-nan   ) - [test] loss: nan    (+/-nan   )
2019-07-22 15:33:12,685 INFO - logger - Iter 38600 - time: 29    - [train] loss: nan    (+/-nan   ) - [valid] loss: nan    (+/-nan   ) - [test] loss: nan    (+/-nan   )
2019-07-22 15:33:41,533 INFO - logger - Iter 38700 - time: 28    - [train] loss: nan    (+/-nan   ) - [valid] loss: nan    (+/-nan   ) - [test] loss: nan    (+/-nan   )
2019-07-22 15:34:11,214 INFO - logger - Iter 38800 - time: 29    - [train] loss: nan    (+/-nan   ) - [valid] loss: nan    (+/-nan   ) - [test] loss: nan    (+/-nan   )
2019-07-22 15:34:41,559 INFO - logger - Iter 38900 - time: 30    - [train] loss: nan    (+/-nan   ) - [valid] loss: nan    (+/-nan   ) - [test] loss: nan    (+/-nan   )
2019-07-22 15:35:10,236 INFO - logger - Iter 39000 - time: 28    - [train] loss: nan    (+/-nan   ) - [valid] loss: nan    (+/-nan   ) - [test] loss: nan    (+/-nan   )
2019-07-22 15:35:38,943 INFO - logger - Iter 39100 - time: 28    - [train] loss: nan    (+/-nan   ) - [valid] loss: nan    (+/-nan   ) - [test] loss: nan    (+/-nan   )
2019-07-22 15:36:08,977 INFO - logger - Iter 39200 - time: 30    - [train] loss: nan    (+/-nan   ) - [valid] loss: nan    (+/-nan   ) - [test] loss: nan    (+/-nan   )
2019-07-22 15:36:38,689 INFO - logger - Iter 39300 - time: 29    - [train] loss: nan    (+/-nan   ) - [valid] loss: nan    (+/-nan   ) - [test] loss: nan    (+/-nan   )
2019-07-22 15:37:08,499 INFO - logger - Iter 39400 - time: 29    - [train] loss: nan    (+/-nan   ) - [valid] loss: nan    (+/-nan   ) - [test] loss: nan    (+/-nan   )
2019-07-22 15:37:36,534 INFO - logger - Iter 39500 - time: 28    - [train] loss: nan    (+/-nan   ) - [valid] loss: nan    (+/-nan   ) - [test] loss: nan    (+/-nan   )
2019-07-22 15:38:06,745 INFO - logger - Iter 39600 - time: 30    - [train] loss: nan    (+/-nan   ) - [valid] loss: nan    (+/-nan   ) - [test] loss: nan    (+/-nan   )
2019-07-22 15:38:35,886 INFO - logger - Iter 39700 - time: 29    - [train] loss: nan    (+/-nan   ) - [valid] loss: nan    (+/-nan   ) - [test] loss: nan    (+/-nan   )
2019-07-22 15:39:04,260 INFO - logger - Iter 39800 - time: 28    - [train] loss: nan    (+/-nan   ) - [valid] loss: nan    (+/-nan   ) - [test] loss: nan    (+/-nan   )
2019-07-22 15:39:33,136 INFO - logger - Iter 39900 - time: 28    - [train] loss: nan    (+/-nan   ) - [valid] loss: nan    (+/-nan   ) - [test] loss: nan    (+/-nan   )
2019-07-22 15:40:01,605 INFO - logger - Iter 40000 - time: 28    - [train] loss: nan    (+/-nan   ) - [valid] loss: nan    (+/-nan   ) - [test] loss: nan    (+/-nan   )
2019-07-22 15:40:30,886 INFO - logger - Iter 40100 - time: 29    - [train] loss: nan    (+/-nan   ) - [valid] loss: nan    (+/-nan   ) - [test] loss: nan    (+/-nan   )
2019-07-22 15:40:59,369 INFO - logger - Iter 40200 - time: 28    - [train] loss: nan    (+/-nan   ) - [valid] loss: nan    (+/-nan   ) - [test] loss: nan    (+/-nan   )
2019-07-22 15:41:28,431 INFO - logger - Iter 40300 - time: 29    - [train] loss: nan    (+/-nan   ) - [valid] loss: nan    (+/-nan   ) - [test] loss: nan    (+/-nan   )
2019-07-22 15:41:57,171 INFO - logger - Iter 40400 - time: 28    - [train] loss: nan    (+/-nan   ) - [valid] loss: nan    (+/-nan   ) - [test] loss: nan    (+/-nan   )
2019-07-22 15:42:26,871 INFO - logger - Iter 40500 - time: 29    - [train] loss: nan    (+/-nan   ) - [valid] loss: nan    (+/-nan   ) - [test] loss: nan    (+/-nan   )
2019-07-22 15:42:56,659 INFO - logger - Iter 40600 - time: 29    - [train] loss: nan    (+/-nan   ) - [valid] loss: nan    (+/-nan   ) - [test] loss: nan    (+/-nan   )
2019-07-22 15:43:26,407 INFO - logger - Iter 40700 - time: 29    - [train] loss: nan    (+/-nan   ) - [valid] loss: nan    (+/-nan   ) - [test] loss: nan    (+/-nan   )
2019-07-22 15:43:56,851 INFO - logger - Iter 40800 - time: 30    - [train] loss: nan    (+/-nan   ) - [valid] loss: nan    (+/-nan   ) - [test] loss: nan    (+/-nan   )
2019-07-22 15:44:26,048 INFO - logger - Iter 40900 - time: 29    - [train] loss: nan    (+/-nan   ) - [valid] loss: nan    (+/-nan   ) - [test] loss: nan    (+/-nan   )
2019-07-22 15:44:55,830 INFO - logger - Iter 41000 - time: 29    - [train] loss: nan    (+/-nan   ) - [valid] loss: nan    (+/-nan   ) - [test] loss: nan    (+/-nan   )
2019-07-22 15:45:24,914 INFO - logger - Iter 41100 - time: 29    - [train] loss: nan    (+/-nan   ) - [valid] loss: nan    (+/-nan   ) - [test] loss: nan    (+/-nan   )
2019-07-22 15:45:52,997 INFO - logger - Iter 41200 - time: 28    - [train] loss: nan    (+/-nan   ) - [valid] loss: nan    (+/-nan   ) - [test] loss: nan    (+/-nan   )
2019-07-22 15:46:23,023 INFO - logger - Iter 41300 - time: 30    - [train] loss: nan    (+/-nan   ) - [valid] loss: nan    (+/-nan   ) - [test] loss: nan    (+/-nan   )
2019-07-22 15:46:52,186 INFO - logger - Iter 41400 - time: 29    - [train] loss: nan    (+/-nan   ) - [valid] loss: nan    (+/-nan   ) - [test] loss: nan    (+/-nan   )
2019-07-22 15:47:21,671 INFO - logger - Iter 41500 - time: 29    - [train] loss: nan    (+/-nan   ) - [valid] loss: nan    (+/-nan   ) - [test] loss: nan    (+/-nan   )
2019-07-22 15:47:51,510 INFO - logger - Iter 41600 - time: 29    - [train] loss: nan    (+/-nan   ) - [valid] loss: nan    (+/-nan   ) - [test] loss: nan    (+/-nan   )
2019-07-22 15:48:19,969 INFO - logger - Iter 41700 - time: 28    - [train] loss: nan    (+/-nan   ) - [valid] loss: nan    (+/-nan   ) - [test] loss: nan    (+/-nan   )
2019-07-22 15:48:49,159 INFO - logger - Iter 41800 - time: 29    - [train] loss: nan    (+/-nan   ) - [valid] loss: nan    (+/-nan   ) - [test] loss: nan    (+/-nan   )
2019-07-22 15:49:18,698 INFO - logger - Iter 41900 - time: 29    - [train] loss: nan    (+/-nan   ) - [valid] loss: nan    (+/-nan   ) - [test] loss: nan    (+/-nan   )
2019-07-22 15:49:47,584 INFO - logger - Iter 42000 - time: 28    - [train] loss: nan    (+/-nan   ) - [valid] loss: nan    (+/-nan   ) - [test] loss: nan    (+/-nan   )
2019-07-22 15:50:17,684 INFO - logger - Iter 42100 - time: 30    - [train] loss: nan    (+/-nan   ) - [valid] loss: nan    (+/-nan   ) - [test] loss: nan    (+/-nan   )
2019-07-22 15:50:47,332 INFO - logger - Iter 42200 - time: 29    - [train] loss: nan    (+/-nan   ) - [valid] loss: nan    (+/-nan   ) - [test] loss: nan    (+/-nan   )
2019-07-22 15:51:16,367 INFO - logger - Iter 42300 - time: 29    - [train] loss: nan    (+/-nan   ) - [valid] loss: nan    (+/-nan   ) - [test] loss: nan    (+/-nan   )
2019-07-22 15:51:45,509 INFO - logger - Iter 42400 - time: 29    - [train] loss: nan    (+/-nan   ) - [valid] loss: nan    (+/-nan   ) - [test] loss: nan    (+/-nan   )
2019-07-22 15:52:14,779 INFO - logger - Iter 42500 - time: 29    - [train] loss: nan    (+/-nan   ) - [valid] loss: nan    (+/-nan   ) - [test] loss: nan    (+/-nan   )
2019-07-22 15:52:43,670 INFO - logger - Iter 42600 - time: 28    - [train] loss: nan    (+/-nan   ) - [valid] loss: nan    (+/-nan   ) - [test] loss: nan    (+/-nan   )
2019-07-22 15:53:12,392 INFO - logger - Iter 42700 - time: 28    - [train] loss: nan    (+/-nan   ) - [valid] loss: nan    (+/-nan   ) - [test] loss: nan    (+/-nan   )
2019-07-22 15:53:41,479 INFO - logger - Iter 42800 - time: 29    - [train] loss: nan    (+/-nan   ) - [valid] loss: nan    (+/-nan   ) - [test] loss: nan    (+/-nan   )
2019-07-22 15:54:11,761 INFO - logger - Iter 42900 - time: 30    - [train] loss: nan    (+/-nan   ) - [valid] loss: nan    (+/-nan   ) - [test] loss: nan    (+/-nan   )
2019-07-22 15:54:41,035 INFO - logger - Iter 43000 - time: 29    - [train] loss: nan    (+/-nan   ) - [valid] loss: nan    (+/-nan   ) - [test] loss: nan    (+/-nan   )
2019-07-22 15:55:10,263 INFO - logger - Iter 43100 - time: 29    - [train] loss: nan    (+/-nan   ) - [valid] loss: nan    (+/-nan   ) - [test] loss: nan    (+/-nan   )
2019-07-22 15:55:40,223 INFO - logger - Iter 43200 - time: 29    - [train] loss: nan    (+/-nan   ) - [valid] loss: nan    (+/-nan   ) - [test] loss: nan    (+/-nan   )
2019-07-22 15:56:08,913 INFO - logger - Iter 43300 - time: 28    - [train] loss: nan    (+/-nan   ) - [valid] loss: nan    (+/-nan   ) - [test] loss: nan    (+/-nan   )
2019-07-22 15:56:38,668 INFO - logger - Iter 43400 - time: 29    - [train] loss: nan    (+/-nan   ) - [valid] loss: nan    (+/-nan   ) - [test] loss: nan    (+/-nan   )
2019-07-22 15:57:08,953 INFO - logger - Iter 43500 - time: 30    - [train] loss: nan    (+/-nan   ) - [valid] loss: nan    (+/-nan   ) - [test] loss: nan    (+/-nan   )
2019-07-22 15:57:38,101 INFO - logger - Iter 43600 - time: 29    - [train] loss: nan    (+/-nan   ) - [valid] loss: nan    (+/-nan   ) - [test] loss: nan    (+/-nan   )
2019-07-22 15:58:06,775 INFO - logger - Iter 43700 - time: 28    - [train] loss: nan    (+/-nan   ) - [valid] loss: nan    (+/-nan   ) - [test] loss: nan    (+/-nan   )
2019-07-22 15:58:37,250 INFO - logger - Iter 43800 - time: 30    - [train] loss: nan    (+/-nan   ) - [valid] loss: nan    (+/-nan   ) - [test] loss: nan    (+/-nan   )
2019-07-22 15:59:05,813 INFO - logger - Iter 43900 - time: 28    - [train] loss: nan    (+/-nan   ) - [valid] loss: nan    (+/-nan   ) - [test] loss: nan    (+/-nan   )
2019-07-22 15:59:35,114 INFO - logger - Iter 44000 - time: 29    - [train] loss: nan    (+/-nan   ) - [valid] loss: nan    (+/-nan   ) - [test] loss: nan    (+/-nan   )
2019-07-22 16:00:04,022 INFO - logger - Iter 44100 - time: 28    - [train] loss: nan    (+/-nan   ) - [valid] loss: nan    (+/-nan   ) - [test] loss: nan    (+/-nan   )
2019-07-22 16:00:33,429 INFO - logger - Iter 44200 - time: 29    - [train] loss: nan    (+/-nan   ) - [valid] loss: nan    (+/-nan   ) - [test] loss: nan    (+/-nan   )
2019-07-22 16:01:02,361 INFO - logger - Iter 44300 - time: 28    - [train] loss: nan    (+/-nan   ) - [valid] loss: nan    (+/-nan   ) - [test] loss: nan    (+/-nan   )
2019-07-22 16:01:31,631 INFO - logger - Iter 44400 - time: 29    - [train] loss: nan    (+/-nan   ) - [valid] loss: nan    (+/-nan   ) - [test] loss: nan    (+/-nan   )
2019-07-22 16:02:01,309 INFO - logger - Iter 44500 - time: 29    - [train] loss: nan    (+/-nan   ) - [valid] loss: nan    (+/-nan   ) - [test] loss: nan    (+/-nan   )
2019-07-22 16:02:29,959 INFO - logger - Iter 44600 - time: 28    - [train] loss: nan    (+/-nan   ) - [valid] loss: nan    (+/-nan   ) - [test] loss: nan    (+/-nan   )
2019-07-22 16:02:59,833 INFO - logger - Iter 44700 - time: 29    - [train] loss: nan    (+/-nan   ) - [valid] loss: nan    (+/-nan   ) - [test] loss: nan    (+/-nan   )
2019-07-22 16:03:29,821 INFO - logger - Iter 44800 - time: 29    - [train] loss: nan    (+/-nan   ) - [valid] loss: nan    (+/-nan   ) - [test] loss: nan    (+/-nan   )
2019-07-22 16:03:57,223 INFO - logger - Iter 44900 - time: 27    - [train] loss: nan    (+/-nan   ) - [valid] loss: nan    (+/-nan   ) - [test] loss: nan    (+/-nan   )
2019-07-22 16:04:25,544 INFO - logger - Iter 45000 - time: 28    - [train] loss: nan    (+/-nan   ) - [valid] loss: nan    (+/-nan   ) - [test] loss: nan    (+/-nan   )
2019-07-22 16:04:53,202 INFO - logger - Iter 45100 - time: 27    - [train] loss: nan    (+/-nan   ) - [valid] loss: nan    (+/-nan   ) - [test] loss: nan    (+/-nan   )
2019-07-22 16:05:20,804 INFO - logger - Iter 45200 - time: 27    - [train] loss: nan    (+/-nan   ) - [valid] loss: nan    (+/-nan   ) - [test] loss: nan    (+/-nan   )
2019-07-22 16:05:48,513 INFO - logger - Iter 45300 - time: 27    - [train] loss: nan    (+/-nan   ) - [valid] loss: nan    (+/-nan   ) - [test] loss: nan    (+/-nan   )
2019-07-22 16:06:15,938 INFO - logger - Iter 45400 - time: 27    - [train] loss: nan    (+/-nan   ) - [valid] loss: nan    (+/-nan   ) - [test] loss: nan    (+/-nan   )
2019-07-22 16:06:44,010 INFO - logger - Iter 45500 - time: 28    - [train] loss: nan    (+/-nan   ) - [valid] loss: nan    (+/-nan   ) - [test] loss: nan    (+/-nan   )
2019-07-22 16:07:10,667 INFO - logger - Iter 45600 - time: 26    - [train] loss: nan    (+/-nan   ) - [valid] loss: nan    (+/-nan   ) - [test] loss: nan    (+/-nan   )
2019-07-22 16:07:39,190 INFO - logger - Iter 45700 - time: 28    - [train] loss: nan    (+/-nan   ) - [valid] loss: nan    (+/-nan   ) - [test] loss: nan    (+/-nan   )
2019-07-22 16:08:06,411 INFO - logger - Iter 45800 - time: 27    - [train] loss: nan    (+/-nan   ) - [valid] loss: nan    (+/-nan   ) - [test] loss: nan    (+/-nan   )
2019-07-22 16:08:34,457 INFO - logger - Iter 45900 - time: 28    - [train] loss: nan    (+/-nan   ) - [valid] loss: nan    (+/-nan   ) - [test] loss: nan    (+/-nan   )
2019-07-22 16:09:03,023 INFO - logger - Iter 46000 - time: 28    - [train] loss: nan    (+/-nan   ) - [valid] loss: nan    (+/-nan   ) - [test] loss: nan    (+/-nan   )
2019-07-22 16:09:31,089 INFO - logger - Iter 46100 - time: 28    - [train] loss: nan    (+/-nan   ) - [valid] loss: nan    (+/-nan   ) - [test] loss: nan    (+/-nan   )
2019-07-22 16:10:00,276 INFO - logger - Iter 46200 - time: 29    - [train] loss: nan    (+/-nan   ) - [valid] loss: nan    (+/-nan   ) - [test] loss: nan    (+/-nan   )
2019-07-22 16:10:30,347 INFO - logger - Iter 46300 - time: 30    - [train] loss: nan    (+/-nan   ) - [valid] loss: nan    (+/-nan   ) - [test] loss: nan    (+/-nan   )
2019-07-22 16:10:58,303 INFO - logger - Iter 46400 - time: 27    - [train] loss: nan    (+/-nan   ) - [valid] loss: nan    (+/-nan   ) - [test] loss: nan    (+/-nan   )
2019-07-22 16:11:25,414 INFO - logger - Iter 46500 - time: 27    - [train] loss: nan    (+/-nan   ) - [valid] loss: nan    (+/-nan   ) - [test] loss: nan    (+/-nan   )
2019-07-22 16:11:53,499 INFO - logger - Iter 46600 - time: 28    - [train] loss: nan    (+/-nan   ) - [valid] loss: nan    (+/-nan   ) - [test] loss: nan    (+/-nan   )
2019-07-22 16:12:19,794 INFO - logger - Iter 46700 - time: 26    - [train] loss: nan    (+/-nan   ) - [valid] loss: nan    (+/-nan   ) - [test] loss: nan    (+/-nan   )
2019-07-22 16:12:47,172 INFO - logger - Iter 46800 - time: 27    - [train] loss: nan    (+/-nan   ) - [valid] loss: nan    (+/-nan   ) - [test] loss: nan    (+/-nan   )
2019-07-22 16:13:14,490 INFO - logger - Iter 46900 - time: 27    - [train] loss: nan    (+/-nan   ) - [valid] loss: nan    (+/-nan   ) - [test] loss: nan    (+/-nan   )
2019-07-22 16:13:41,749 INFO - logger - Iter 47000 - time: 27    - [train] loss: nan    (+/-nan   ) - [valid] loss: nan    (+/-nan   ) - [test] loss: nan    (+/-nan   )
2019-07-22 16:14:08,907 INFO - logger - Iter 47100 - time: 27    - [train] loss: nan    (+/-nan   ) - [valid] loss: nan    (+/-nan   ) - [test] loss: nan    (+/-nan   )
2019-07-22 16:14:36,745 INFO - logger - Iter 47200 - time: 27    - [train] loss: nan    (+/-nan   ) - [valid] loss: nan    (+/-nan   ) - [test] loss: nan    (+/-nan   )
2019-07-22 16:15:04,399 INFO - logger - Iter 47300 - time: 27    - [train] loss: nan    (+/-nan   ) - [valid] loss: nan    (+/-nan   ) - [test] loss: nan    (+/-nan   )
2019-07-22 16:15:32,884 INFO - logger - Iter 47400 - time: 28    - [train] loss: nan    (+/-nan   ) - [valid] loss: nan    (+/-nan   ) - [test] loss: nan    (+/-nan   )
2019-07-22 16:16:00,833 INFO - logger - Iter 47500 - time: 27    - [train] loss: nan    (+/-nan   ) - [valid] loss: nan    (+/-nan   ) - [test] loss: nan    (+/-nan   )
2019-07-22 16:16:30,142 INFO - logger - Iter 47600 - time: 29    - [train] loss: nan    (+/-nan   ) - [valid] loss: nan    (+/-nan   ) - [test] loss: nan    (+/-nan   )
2019-07-22 16:16:59,170 INFO - logger - Iter 47700 - time: 29    - [train] loss: nan    (+/-nan   ) - [valid] loss: nan    (+/-nan   ) - [test] loss: nan    (+/-nan   )
2019-07-22 16:17:25,445 INFO - logger - Iter 47800 - time: 26    - [train] loss: nan    (+/-nan   ) - [valid] loss: nan    (+/-nan   ) - [test] loss: nan    (+/-nan   )
2019-07-22 16:17:53,551 INFO - logger - Iter 47900 - time: 28    - [train] loss: nan    (+/-nan   ) - [valid] loss: nan    (+/-nan   ) - [test] loss: nan    (+/-nan   )
2019-07-22 16:18:21,677 INFO - logger - Iter 48000 - time: 28    - [train] loss: nan    (+/-nan   ) - [valid] loss: nan    (+/-nan   ) - [test] loss: nan    (+/-nan   )
2019-07-22 16:18:49,181 INFO - logger - Iter 48100 - time: 27    - [train] loss: nan    (+/-nan   ) - [valid] loss: nan    (+/-nan   ) - [test] loss: nan    (+/-nan   )
2019-07-22 16:19:17,735 INFO - logger - Iter 48200 - time: 28    - [train] loss: nan    (+/-nan   ) - [valid] loss: nan    (+/-nan   ) - [test] loss: nan    (+/-nan   )
2019-07-22 16:19:44,899 INFO - logger - Iter 48300 - time: 27    - [train] loss: nan    (+/-nan   ) - [valid] loss: nan    (+/-nan   ) - [test] loss: nan    (+/-nan   )
2019-07-22 16:20:13,351 INFO - logger - Iter 48400 - time: 28    - [train] loss: nan    (+/-nan   ) - [valid] loss: nan    (+/-nan   ) - [test] loss: nan    (+/-nan   )
2019-07-22 16:20:40,422 INFO - logger - Iter 48500 - time: 27    - [train] loss: nan    (+/-nan   ) - [valid] loss: nan    (+/-nan   ) - [test] loss: nan    (+/-nan   )
2019-07-22 16:21:09,518 INFO - logger - Iter 48600 - time: 29    - [train] loss: nan    (+/-nan   ) - [valid] loss: nan    (+/-nan   ) - [test] loss: nan    (+/-nan   )
2019-07-22 16:21:36,671 INFO - logger - Iter 48700 - time: 27    - [train] loss: nan    (+/-nan   ) - [valid] loss: nan    (+/-nan   ) - [test] loss: nan    (+/-nan   )
2019-07-22 16:22:04,279 INFO - logger - Iter 48800 - time: 27    - [train] loss: nan    (+/-nan   ) - [valid] loss: nan    (+/-nan   ) - [test] loss: nan    (+/-nan   )
2019-07-22 16:22:31,830 INFO - logger - Iter 48900 - time: 27    - [train] loss: nan    (+/-nan   ) - [valid] loss: nan    (+/-nan   ) - [test] loss: nan    (+/-nan   )
2019-07-22 16:23:00,821 INFO - logger - Iter 49000 - time: 28    - [train] loss: nan    (+/-nan   ) - [valid] loss: nan    (+/-nan   ) - [test] loss: nan    (+/-nan   )
2019-07-22 16:23:28,369 INFO - logger - Iter 49100 - time: 27    - [train] loss: nan    (+/-nan   ) - [valid] loss: nan    (+/-nan   ) - [test] loss: nan    (+/-nan   )
2019-07-22 16:23:56,860 INFO - logger - Iter 49200 - time: 28    - [train] loss: nan    (+/-nan   ) - [valid] loss: nan    (+/-nan   ) - [test] loss: nan    (+/-nan   )
2019-07-22 16:24:23,932 INFO - logger - Iter 49300 - time: 27    - [train] loss: nan    (+/-nan   ) - [valid] loss: nan    (+/-nan   ) - [test] loss: nan    (+/-nan   )
2019-07-22 16:24:52,534 INFO - logger - Iter 49400 - time: 28    - [train] loss: nan    (+/-nan   ) - [valid] loss: nan    (+/-nan   ) - [test] loss: nan    (+/-nan   )
2019-07-22 16:25:19,161 INFO - logger - Iter 49500 - time: 26    - [train] loss: nan    (+/-nan   ) - [valid] loss: nan    (+/-nan   ) - [test] loss: nan    (+/-nan   )
2019-07-22 16:25:48,067 INFO - logger - Iter 49600 - time: 28    - [train] loss: nan    (+/-nan   ) - [valid] loss: nan    (+/-nan   ) - [test] loss: nan    (+/-nan   )
2019-07-22 16:26:16,919 INFO - logger - Iter 49700 - time: 28    - [train] loss: nan    (+/-nan   ) - [valid] loss: nan    (+/-nan   ) - [test] loss: nan    (+/-nan   )
2019-07-22 16:26:45,398 INFO - logger - Iter 49800 - time: 28    - [train] loss: nan    (+/-nan   ) - [valid] loss: nan    (+/-nan   ) - [test] loss: nan    (+/-nan   )
2019-07-22 16:27:12,118 INFO - logger - Iter 49900 - time: 26    - [train] loss: nan    (+/-nan   ) - [valid] loss: nan    (+/-nan   ) - [test] loss: nan    (+/-nan   )
