2019-07-20 05:13:25,773 INFO - log_helper - Finished configuring logger
2019-07-20 05:13:26,292 INFO - logger - Iter 0    - time: 4     - [train] loss: 4.0733 (+/-3.4869) - [valid] loss: 5.1907 (+/-2.5758) - [test] loss: 3.2753 (+/-2.627 )
2019-07-20 05:13:47,394 INFO - logger - Iter 100  - time: 21    - [train] loss: 3.769  (+/-2.5889) - [valid] loss: 4.3401 (+/-1.6453) - [test] loss: 2.574  (+/-2.0242)
2019-07-20 05:14:11,305 INFO - logger - Iter 200  - time: 23    - [train] loss: 2.8054 (+/-1.6058) - [valid] loss: 1.9215 (+/-1.3551) - [test] loss: 3.9599 (+/-2.2207)
2019-07-20 05:14:34,904 INFO - logger - Iter 300  - time: 23    - [train] loss: 1.9708 (+/-1.1236) - [valid] loss: 1.5294 (+/-0.8549) - [test] loss: 1.9207 (+/-1.3638)
2019-07-20 05:14:58,460 INFO - logger - Iter 400  - time: 23    - [train] loss: 1.1765 (+/-0.7322) - [valid] loss: 0.5752 (+/-0.1849) - [test] loss: 1.3189 (+/-0.6018)
2019-07-20 05:15:21,129 INFO - logger - Iter 500  - time: 22    - [train] loss: 0.4991 (+/-0.4771) - [valid] loss: 0.4979 (+/-0.221 ) - [test] loss: 0.5307 (+/-0.4046)
2019-07-20 05:15:43,125 INFO - logger - Iter 600  - time: 21    - [train] loss: 0.5059 (+/-0.2877) - [valid] loss: 0.2799 (+/-0.1315) - [test] loss: 0.3139 (+/-0.2124)
2019-07-20 05:16:05,151 INFO - logger - Iter 700  - time: 22    - [train] loss: 0.3056 (+/-0.2445) - [valid] loss: 0.2851 (+/-0.2221) - [test] loss: 0.2082 (+/-0.1503)
2019-07-20 05:16:27,243 INFO - logger - Iter 800  - time: 22    - [train] loss: 0.1738 (+/-0.1081) - [valid] loss: 0.2315 (+/-0.2457) - [test] loss: 0.2447 (+/-0.2116)
2019-07-20 05:16:49,320 INFO - logger - Iter 900  - time: 22    - [train] loss: 0.1131 (+/-0.061 ) - [valid] loss: 0.1913 (+/-0.1653) - [test] loss: 0.1896 (+/-0.1129)
2019-07-20 05:17:12,407 INFO - logger - Iter 1000 - time: 23    - [train] loss: 0.191  (+/-0.143 ) - [valid] loss: 0.147  (+/-0.1122) - [test] loss: 0.1641 (+/-0.0903)
2019-07-20 05:17:35,902 INFO - logger - Iter 1100 - time: 23    - [train] loss: 0.1446 (+/-0.0805) - [valid] loss: 0.0977 (+/-0.0798) - [test] loss: 0.0554 (+/-0.0207)
2019-07-20 05:17:59,546 INFO - logger - Iter 1200 - time: 23    - [train] loss: 0.1314 (+/-0.1005) - [valid] loss: 0.0948 (+/-0.1119) - [test] loss: 0.113  (+/-0.1042)
2019-07-20 05:18:23,963 INFO - logger - Iter 1300 - time: 24    - [train] loss: 0.1352 (+/-0.0713) - [valid] loss: 0.096  (+/-0.0506) - [test] loss: 0.0979 (+/-0.0928)
2019-07-20 05:18:46,467 INFO - logger - Iter 1400 - time: 22    - [train] loss: 0.1294 (+/-0.1286) - [valid] loss: 0.0612 (+/-0.043 ) - [test] loss: 0.1043 (+/-0.0563)
2019-07-20 05:19:08,673 INFO - logger - Iter 1500 - time: 22    - [train] loss: 0.0704 (+/-0.0554) - [valid] loss: 0.0363 (+/-0.0162) - [test] loss: 0.116  (+/-0.0747)
2019-07-20 05:19:30,013 INFO - logger - Iter 1600 - time: 21    - [train] loss: 0.1446 (+/-0.2183) - [valid] loss: 0.1324 (+/-0.1247) - [test] loss: 0.0802 (+/-0.04  )
2019-07-20 05:19:51,987 INFO - logger - Iter 1700 - time: 21    - [train] loss: 0.2217 (+/-0.2368) - [valid] loss: 0.0894 (+/-0.0574) - [test] loss: 0.099  (+/-0.09  )
2019-07-20 05:20:14,363 INFO - logger - Iter 1800 - time: 22    - [train] loss: 0.0356 (+/-0.0334) - [valid] loss: 0.1381 (+/-0.1531) - [test] loss: 0.1423 (+/-0.1919)
2019-07-20 05:20:39,988 INFO - logger - Iter 1900 - time: 25    - [train] loss: 0.0676 (+/-0.0356) - [valid] loss: 0.0559 (+/-0.0323) - [test] loss: 0.0666 (+/-0.0432)
2019-07-20 05:21:02,900 INFO - logger - Iter 2000 - time: 22    - [train] loss: 0.0779 (+/-0.1028) - [valid] loss: 0.0429 (+/-0.0389) - [test] loss: 0.072  (+/-0.0335)
2019-07-20 05:21:25,684 INFO - logger - Iter 2100 - time: 22    - [train] loss: 0.0809 (+/-0.0384) - [valid] loss: 0.1036 (+/-0.0715) - [test] loss: 0.0787 (+/-0.0361)
2019-07-20 05:21:49,078 INFO - logger - Iter 2200 - time: 23    - [train] loss: 0.0664 (+/-0.0415) - [valid] loss: 0.0522 (+/-0.0365) - [test] loss: 0.1492 (+/-0.1083)
2019-07-20 05:22:11,408 INFO - logger - Iter 2300 - time: 22    - [train] loss: 0.0623 (+/-0.051 ) - [valid] loss: 0.1276 (+/-0.1625) - [test] loss: 0.0349 (+/-0.0181)
2019-07-20 05:22:32,862 INFO - logger - Iter 2400 - time: 21    - [train] loss: 0.1315 (+/-0.1371) - [valid] loss: 0.0439 (+/-0.0329) - [test] loss: 0.1352 (+/-0.1016)
2019-07-20 05:22:55,778 INFO - logger - Iter 2500 - time: 22    - [train] loss: 0.0656 (+/-0.0805) - [valid] loss: 0.0736 (+/-0.0605) - [test] loss: 0.0465 (+/-0.0286)
2019-07-20 05:23:17,756 INFO - logger - Iter 2600 - time: 21    - [train] loss: 0.0783 (+/-0.1015) - [valid] loss: 0.0856 (+/-0.0755) - [test] loss: 0.0375 (+/-0.0296)
2019-07-20 05:23:39,080 INFO - logger - Iter 2700 - time: 21    - [train] loss: 0.056  (+/-0.0599) - [valid] loss: 0.1027 (+/-0.1054) - [test] loss: 0.0625 (+/-0.0501)
2019-07-20 05:24:03,610 INFO - logger - Iter 2800 - time: 24    - [train] loss: 0.0517 (+/-0.0463) - [valid] loss: 0.0554 (+/-0.0473) - [test] loss: 0.086  (+/-0.0552)
2019-07-20 05:24:27,964 INFO - logger - Iter 2900 - time: 24    - [train] loss: 0.0427 (+/-0.0381) - [valid] loss: 0.0429 (+/-0.0319) - [test] loss: 0.0506 (+/-0.0412)
2019-07-20 05:24:51,881 INFO - logger - Iter 3000 - time: 23    - [train] loss: 0.1741 (+/-0.1763) - [valid] loss: 0.0647 (+/-0.048 ) - [test] loss: 0.0631 (+/-0.0401)
2019-07-20 05:25:13,860 INFO - logger - Iter 3100 - time: 21    - [train] loss: 0.0508 (+/-0.0334) - [valid] loss: 0.0577 (+/-0.0388) - [test] loss: 0.0553 (+/-0.0294)
2019-07-20 05:25:35,695 INFO - logger - Iter 3200 - time: 21    - [train] loss: 0.1524 (+/-0.243 ) - [valid] loss: 0.0458 (+/-0.0339) - [test] loss: 0.0814 (+/-0.0664)
2019-07-20 05:25:58,000 INFO - logger - Iter 3300 - time: 22    - [train] loss: 0.0733 (+/-0.1018) - [valid] loss: 0.0665 (+/-0.0542) - [test] loss: 0.0651 (+/-0.0328)
2019-07-20 05:26:19,664 INFO - logger - Iter 3400 - time: 21    - [train] loss: 0.0385 (+/-0.0148) - [valid] loss: 0.1447 (+/-0.263 ) - [test] loss: 0.0579 (+/-0.0397)
2019-07-20 05:26:41,790 INFO - logger - Iter 3500 - time: 22    - [train] loss: 0.0825 (+/-0.0407) - [valid] loss: 0.0671 (+/-0.062 ) - [test] loss: 0.0479 (+/-0.0392)
2019-07-20 05:27:04,047 INFO - logger - Iter 3600 - time: 22    - [train] loss: 0.0949 (+/-0.1005) - [valid] loss: 0.0473 (+/-0.0284) - [test] loss: 0.1049 (+/-0.117 )
2019-07-20 05:27:26,628 INFO - logger - Iter 3700 - time: 22    - [train] loss: 0.0579 (+/-0.0357) - [valid] loss: 0.1146 (+/-0.1028) - [test] loss: 0.0372 (+/-0.032 )
2019-07-20 05:27:47,963 INFO - logger - Iter 3800 - time: 21    - [train] loss: 0.0674 (+/-0.0472) - [valid] loss: 0.0423 (+/-0.06  ) - [test] loss: 0.0797 (+/-0.0652)
2019-07-20 05:28:09,770 INFO - logger - Iter 3900 - time: 21    - [train] loss: 0.0533 (+/-0.0272) - [valid] loss: 0.0895 (+/-0.1326) - [test] loss: 0.0664 (+/-0.0488)
2019-07-20 05:28:31,568 INFO - logger - Iter 4000 - time: 21    - [train] loss: 0.0404 (+/-0.0242) - [valid] loss: 0.139  (+/-0.159 ) - [test] loss: 0.0734 (+/-0.0445)
2019-07-20 05:28:54,490 INFO - logger - Iter 4100 - time: 22    - [train] loss: 0.0405 (+/-0.0272) - [valid] loss: 0.0192 (+/-0.0084) - [test] loss: 0.0632 (+/-0.0957)
2019-07-20 05:29:16,463 INFO - logger - Iter 4200 - time: 21    - [train] loss: 0.05   (+/-0.0522) - [valid] loss: 0.0387 (+/-0.0226) - [test] loss: 0.0849 (+/-0.07  )
2019-07-20 05:29:39,400 INFO - logger - Iter 4300 - time: 22    - [train] loss: 0.0789 (+/-0.0442) - [valid] loss: 0.0802 (+/-0.0726) - [test] loss: 0.0431 (+/-0.027 )
2019-07-20 05:30:02,813 INFO - logger - Iter 4400 - time: 23    - [train] loss: 0.0162 (+/-0.0087) - [valid] loss: 0.0304 (+/-0.0283) - [test] loss: 0.1621 (+/-0.1837)
2019-07-20 05:30:24,826 INFO - logger - Iter 4500 - time: 22    - [train] loss: 0.1738 (+/-0.2791) - [valid] loss: 0.023  (+/-0.0134) - [test] loss: 0.0383 (+/-0.0207)
2019-07-20 05:30:47,543 INFO - logger - Iter 4600 - time: 22    - [train] loss: 0.0504 (+/-0.058 ) - [valid] loss: 0.0542 (+/-0.065 ) - [test] loss: 0.0828 (+/-0.1233)
2019-07-20 05:31:09,868 INFO - logger - Iter 4700 - time: 22    - [train] loss: 0.2941 (+/-0.5094) - [valid] loss: 0.0896 (+/-0.0988) - [test] loss: 0.0541 (+/-0.0346)
2019-07-20 05:31:32,276 INFO - logger - Iter 4800 - time: 22    - [train] loss: 0.0998 (+/-0.0805) - [valid] loss: 0.0608 (+/-0.0527) - [test] loss: 0.0277 (+/-0.0311)
2019-07-20 05:31:54,855 INFO - logger - Iter 4900 - time: 22    - [train] loss: 0.0412 (+/-0.0167) - [valid] loss: 0.0718 (+/-0.0586) - [test] loss: 0.0509 (+/-0.0331)
2019-07-20 05:32:16,479 INFO - logger - Iter 5000 - time: 21    - [train] loss: 0.1204 (+/-0.0959) - [valid] loss: 0.1034 (+/-0.1074) - [test] loss: 0.0732 (+/-0.0708)
2019-07-20 05:32:37,934 INFO - logger - Iter 5100 - time: 21    - [train] loss: 0.0551 (+/-0.0386) - [valid] loss: 0.1151 (+/-0.1086) - [test] loss: 0.0604 (+/-0.0302)
2019-07-20 05:33:01,320 INFO - logger - Iter 5200 - time: 23    - [train] loss: 0.0917 (+/-0.1022) - [valid] loss: 0.0282 (+/-0.0229) - [test] loss: 0.1028 (+/-0.1443)
2019-07-20 05:33:24,173 INFO - logger - Iter 5300 - time: 22    - [train] loss: 0.1311 (+/-0.1553) - [valid] loss: 0.047  (+/-0.0487) - [test] loss: 0.0535 (+/-0.0497)
2019-07-20 05:33:45,351 INFO - logger - Iter 5400 - time: 21    - [train] loss: 0.0443 (+/-0.0423) - [valid] loss: 0.1042 (+/-0.1527) - [test] loss: 0.1305 (+/-0.0786)
2019-07-20 05:34:07,342 INFO - logger - Iter 5500 - time: 21    - [train] loss: 0.0339 (+/-0.0322) - [valid] loss: 0.1998 (+/-0.3054) - [test] loss: 0.0399 (+/-0.0415)
2019-07-20 05:34:29,453 INFO - logger - Iter 5600 - time: 22    - [train] loss: 0.0592 (+/-0.0317) - [valid] loss: 0.0255 (+/-0.0162) - [test] loss: 0.0225 (+/-0.0248)
2019-07-20 05:34:51,010 INFO - logger - Iter 5700 - time: 21    - [train] loss: 0.09   (+/-0.0412) - [valid] loss: 0.0406 (+/-0.0299) - [test] loss: 0.0444 (+/-0.0423)
2019-07-20 05:35:13,068 INFO - logger - Iter 5800 - time: 22    - [train] loss: 0.0988 (+/-0.1168) - [valid] loss: 0.0901 (+/-0.0689) - [test] loss: 0.1274 (+/-0.2091)
2019-07-20 05:35:35,461 INFO - logger - Iter 5900 - time: 22    - [train] loss: 0.0667 (+/-0.0229) - [valid] loss: 0.0471 (+/-0.0366) - [test] loss: 0.0294 (+/-0.0132)
2019-07-20 05:35:56,615 INFO - logger - Iter 6000 - time: 21    - [train] loss: 0.0361 (+/-0.0181) - [valid] loss: 0.0427 (+/-0.0286) - [test] loss: 0.0479 (+/-0.0355)
2019-07-20 05:36:19,622 INFO - logger - Iter 6100 - time: 23    - [train] loss: 0.1686 (+/-0.1372) - [valid] loss: 0.0374 (+/-0.0252) - [test] loss: 0.0622 (+/-0.0327)
2019-07-20 05:36:41,670 INFO - logger - Iter 6200 - time: 22    - [train] loss: 0.0641 (+/-0.0789) - [valid] loss: 0.0695 (+/-0.0936) - [test] loss: 0.0546 (+/-0.0325)
2019-07-20 05:37:03,819 INFO - logger - Iter 6300 - time: 22    - [train] loss: 0.0885 (+/-0.1057) - [valid] loss: 0.0387 (+/-0.0257) - [test] loss: 0.0284 (+/-0.021 )
2019-07-20 05:37:25,540 INFO - logger - Iter 6400 - time: 21    - [train] loss: 0.0208 (+/-0.0077) - [valid] loss: 0.1037 (+/-0.0887) - [test] loss: 0.0228 (+/-0.0164)
2019-07-20 05:37:48,293 INFO - logger - Iter 6500 - time: 22    - [train] loss: 0.0719 (+/-0.0705) - [valid] loss: 0.0949 (+/-0.0594) - [test] loss: 0.1403 (+/-0.1325)
2019-07-20 05:38:10,412 INFO - logger - Iter 6600 - time: 22    - [train] loss: 0.0767 (+/-0.0753) - [valid] loss: 0.0648 (+/-0.0411) - [test] loss: 0.0552 (+/-0.0342)
2019-07-20 05:38:31,767 INFO - logger - Iter 6700 - time: 21    - [train] loss: 0.0294 (+/-0.0115) - [valid] loss: 0.1076 (+/-0.0909) - [test] loss: 0.0289 (+/-0.0189)
2019-07-20 05:38:54,079 INFO - logger - Iter 6800 - time: 22    - [train] loss: 0.0489 (+/-0.0385) - [valid] loss: 0.0631 (+/-0.0973) - [test] loss: 0.1298 (+/-0.1296)
2019-07-20 05:39:16,887 INFO - logger - Iter 6900 - time: 22    - [train] loss: 0.0439 (+/-0.0483) - [valid] loss: 0.0456 (+/-0.0379) - [test] loss: 0.1363 (+/-0.1457)
2019-07-20 05:39:39,354 INFO - logger - Iter 7000 - time: 22    - [train] loss: 0.0324 (+/-0.0159) - [valid] loss: 0.0434 (+/-0.0231) - [test] loss: 0.0475 (+/-0.027 )
2019-07-20 05:40:02,154 INFO - logger - Iter 7100 - time: 22    - [train] loss: 0.0725 (+/-0.1148) - [valid] loss: 0.1306 (+/-0.1888) - [test] loss: 0.0471 (+/-0.0385)
2019-07-20 05:40:25,200 INFO - logger - Iter 7200 - time: 23    - [train] loss: 0.0493 (+/-0.0406) - [valid] loss: 0.0343 (+/-0.0119) - [test] loss: 0.1172 (+/-0.1774)
2019-07-20 05:40:46,543 INFO - logger - Iter 7300 - time: 21    - [train] loss: 0.0404 (+/-0.0348) - [valid] loss: 0.0583 (+/-0.065 ) - [test] loss: 0.0203 (+/-0.0088)
2019-07-20 05:41:08,636 INFO - logger - Iter 7400 - time: 22    - [train] loss: 0.0803 (+/-0.0841) - [valid] loss: 0.0161 (+/-0.0105) - [test] loss: 0.0443 (+/-0.0648)
2019-07-20 05:41:30,887 INFO - logger - Iter 7500 - time: 22    - [train] loss: 0.0428 (+/-0.0226) - [valid] loss: 0.0308 (+/-0.0169) - [test] loss: 0.1034 (+/-0.127 )
2019-07-20 05:41:53,719 INFO - logger - Iter 7600 - time: 22    - [train] loss: 0.1663 (+/-0.2277) - [valid] loss: 0.039  (+/-0.039 ) - [test] loss: 0.1169 (+/-0.1016)
2019-07-20 05:42:15,819 INFO - logger - Iter 7700 - time: 22    - [train] loss: 0.0368 (+/-0.0254) - [valid] loss: 0.113  (+/-0.1608) - [test] loss: 0.0558 (+/-0.0393)
2019-07-20 05:42:38,580 INFO - logger - Iter 7800 - time: 22    - [train] loss: 0.0599 (+/-0.0485) - [valid] loss: 0.0458 (+/-0.0709) - [test] loss: 0.0537 (+/-0.0432)
2019-07-20 05:42:59,901 INFO - logger - Iter 7900 - time: 21    - [train] loss: 0.0719 (+/-0.0468) - [valid] loss: 0.0565 (+/-0.0409) - [test] loss: 0.0328 (+/-0.0238)
2019-07-20 05:43:21,320 INFO - logger - Iter 8000 - time: 21    - [train] loss: 0.0482 (+/-0.0398) - [valid] loss: 0.0327 (+/-0.0204) - [test] loss: 0.0858 (+/-0.0697)
2019-07-20 05:43:43,638 INFO - logger - Iter 8100 - time: 22    - [train] loss: 0.2032 (+/-0.3178) - [valid] loss: 0.0427 (+/-0.0428) - [test] loss: 0.0594 (+/-0.0496)
2019-07-20 05:44:06,014 INFO - logger - Iter 8200 - time: 22    - [train] loss: 0.0545 (+/-0.038 ) - [valid] loss: 0.1128 (+/-0.0947) - [test] loss: 0.0908 (+/-0.0636)
2019-07-20 05:44:29,017 INFO - logger - Iter 8300 - time: 23    - [train] loss: 0.4694 (+/-0.7714) - [valid] loss: 0.0245 (+/-0.0167) - [test] loss: 0.0879 (+/-0.1114)
2019-07-20 05:44:52,128 INFO - logger - Iter 8400 - time: 23    - [train] loss: 0.0407 (+/-0.0434) - [valid] loss: 0.0263 (+/-0.0185) - [test] loss: 0.1079 (+/-0.0939)
2019-07-20 05:45:14,380 INFO - logger - Iter 8500 - time: 22    - [train] loss: 0.0403 (+/-0.0342) - [valid] loss: 0.0293 (+/-0.0224) - [test] loss: 0.0452 (+/-0.0235)
2019-07-20 05:45:35,664 INFO - logger - Iter 8600 - time: 21    - [train] loss: 0.0999 (+/-0.1175) - [valid] loss: 0.058  (+/-0.0435) - [test] loss: 0.1219 (+/-0.2099)
2019-07-20 05:45:56,865 INFO - logger - Iter 8700 - time: 21    - [train] loss: 0.0278 (+/-0.0184) - [valid] loss: 0.0276 (+/-0.0154) - [test] loss: 0.0298 (+/-0.0297)
2019-07-20 05:46:19,458 INFO - logger - Iter 8800 - time: 22    - [train] loss: 0.0204 (+/-0.0063) - [valid] loss: 0.0367 (+/-0.0469) - [test] loss: 0.0505 (+/-0.0493)
2019-07-20 05:46:41,515 INFO - logger - Iter 8900 - time: 22    - [train] loss: 0.0692 (+/-0.0552) - [valid] loss: 0.0733 (+/-0.0636) - [test] loss: 0.3076 (+/-0.46  )
2019-07-20 05:47:04,300 INFO - logger - Iter 9000 - time: 22    - [train] loss: 0.0975 (+/-0.1179) - [valid] loss: 0.0652 (+/-0.0648) - [test] loss: 0.0476 (+/-0.0466)
2019-07-20 05:47:26,444 INFO - logger - Iter 9100 - time: 22    - [train] loss: 0.0453 (+/-0.0406) - [valid] loss: 0.0417 (+/-0.0509) - [test] loss: 0.1341 (+/-0.1869)
2019-07-20 05:47:49,795 INFO - logger - Iter 9200 - time: 23    - [train] loss: 0.0815 (+/-0.1115) - [valid] loss: 0.0216 (+/-0.0169) - [test] loss: 0.1085 (+/-0.0883)
2019-07-20 05:48:12,218 INFO - logger - Iter 9300 - time: 22    - [train] loss: 0.0412 (+/-0.0344) - [valid] loss: 0.1775 (+/-0.2843) - [test] loss: 0.0461 (+/-0.0469)
2019-07-20 05:48:34,352 INFO - logger - Iter 9400 - time: 22    - [train] loss: 0.0434 (+/-0.0388) - [valid] loss: 0.0199 (+/-0.0129) - [test] loss: 0.0279 (+/-0.0212)
2019-07-20 05:48:56,200 INFO - logger - Iter 9500 - time: 21    - [train] loss: 0.0163 (+/-0.0112) - [valid] loss: 0.0309 (+/-0.0179) - [test] loss: 0.019  (+/-0.0136)
2019-07-20 05:49:17,410 INFO - logger - Iter 9600 - time: 21    - [train] loss: 0.1046 (+/-0.1004) - [valid] loss: 0.0577 (+/-0.0736) - [test] loss: 0.0188 (+/-0.0147)
2019-07-20 05:49:39,427 INFO - logger - Iter 9700 - time: 22    - [train] loss: 0.0719 (+/-0.0481) - [valid] loss: 0.0262 (+/-0.0134) - [test] loss: 0.0519 (+/-0.07  )
2019-07-20 05:50:01,416 INFO - logger - Iter 9800 - time: 21    - [train] loss: 0.0567 (+/-0.0719) - [valid] loss: 0.0313 (+/-0.0134) - [test] loss: 0.0381 (+/-0.0338)
2019-07-20 05:50:23,967 INFO - logger - Iter 9900 - time: 22    - [train] loss: 0.1134 (+/-0.0939) - [valid] loss: 0.035  (+/-0.0215) - [test] loss: 0.0212 (+/-0.0212)
2019-07-20 05:50:45,723 INFO - logger - Iter 10000 - time: 21    - [train] loss: 0.0452 (+/-0.0329) - [valid] loss: 0.0449 (+/-0.0645) - [test] loss: 0.0191 (+/-0.0106)
2019-07-20 05:51:06,430 INFO - logger - Iter 10100 - time: 20    - [train] loss: 0.0405 (+/-0.0453) - [valid] loss: 0.0644 (+/-0.0687) - [test] loss: 0.0673 (+/-0.0507)
2019-07-20 05:51:27,840 INFO - logger - Iter 10200 - time: 21    - [train] loss: 0.1457 (+/-0.0986) - [valid] loss: 0.0267 (+/-0.0243) - [test] loss: 0.0697 (+/-0.0901)
2019-07-20 05:51:49,911 INFO - logger - Iter 10300 - time: 22    - [train] loss: 0.123  (+/-0.1124) - [valid] loss: 0.0376 (+/-0.0594) - [test] loss: 0.0424 (+/-0.0644)
2019-07-20 05:52:11,362 INFO - logger - Iter 10400 - time: 21    - [train] loss: 0.0338 (+/-0.0207) - [valid] loss: 0.0309 (+/-0.0222) - [test] loss: 0.1024 (+/-0.1835)
2019-07-20 05:52:34,109 INFO - logger - Iter 10500 - time: 22    - [train] loss: 0.1765 (+/-0.0844) - [valid] loss: 0.0366 (+/-0.0206) - [test] loss: 0.0518 (+/-0.0283)
2019-07-20 05:52:56,164 INFO - logger - Iter 10600 - time: 22    - [train] loss: 0.032  (+/-0.0153) - [valid] loss: 0.0556 (+/-0.0806) - [test] loss: 0.0677 (+/-0.1066)
2019-07-20 05:53:19,009 INFO - logger - Iter 10700 - time: 22    - [train] loss: 0.1316 (+/-0.162 ) - [valid] loss: 0.0614 (+/-0.0488) - [test] loss: 0.0477 (+/-0.0603)
2019-07-20 05:53:41,436 INFO - logger - Iter 10800 - time: 22    - [train] loss: 0.0603 (+/-0.0361) - [valid] loss: 0.0352 (+/-0.0404) - [test] loss: 0.049  (+/-0.0413)
2019-07-20 05:54:03,297 INFO - logger - Iter 10900 - time: 21    - [train] loss: 0.0318 (+/-0.0306) - [valid] loss: 0.0308 (+/-0.0157) - [test] loss: 0.0457 (+/-0.0252)
2019-07-20 05:54:25,252 INFO - logger - Iter 11000 - time: 21    - [train] loss: 0.0246 (+/-0.0229) - [valid] loss: 0.0382 (+/-0.0382) - [test] loss: 0.0277 (+/-0.0103)
2019-07-20 05:54:47,388 INFO - logger - Iter 11100 - time: 22    - [train] loss: 0.0316 (+/-0.017 ) - [valid] loss: 0.0233 (+/-0.0099) - [test] loss: 0.0671 (+/-0.0672)
2019-07-20 05:55:09,044 INFO - logger - Iter 11200 - time: 21    - [train] loss: 0.0775 (+/-0.0715) - [valid] loss: 0.0245 (+/-0.0171) - [test] loss: 0.0433 (+/-0.0297)
2019-07-20 05:55:30,081 INFO - logger - Iter 11300 - time: 21    - [train] loss: 0.1597 (+/-0.1698) - [valid] loss: 0.0674 (+/-0.0762) - [test] loss: 0.0492 (+/-0.0485)
2019-07-20 05:55:52,398 INFO - logger - Iter 11400 - time: 22    - [train] loss: 0.0348 (+/-0.034 ) - [valid] loss: 0.0801 (+/-0.0828) - [test] loss: 0.0386 (+/-0.0278)
2019-07-20 05:56:15,703 INFO - logger - Iter 11500 - time: 23    - [train] loss: 0.0224 (+/-0.0202) - [valid] loss: 0.0423 (+/-0.0286) - [test] loss: 0.0281 (+/-0.0174)
2019-07-20 05:56:37,469 INFO - logger - Iter 11600 - time: 21    - [train] loss: 0.0332 (+/-0.0246) - [valid] loss: 0.1026 (+/-0.0713) - [test] loss: 0.0372 (+/-0.0297)
2019-07-20 05:56:58,600 INFO - logger - Iter 11700 - time: 21    - [train] loss: 0.0558 (+/-0.0537) - [valid] loss: 0.05   (+/-0.0355) - [test] loss: 0.0629 (+/-0.0666)
2019-07-20 05:57:20,695 INFO - logger - Iter 11800 - time: 22    - [train] loss: 0.0721 (+/-0.0608) - [valid] loss: 0.0215 (+/-0.014 ) - [test] loss: 0.0264 (+/-0.0175)
2019-07-20 05:57:41,583 INFO - logger - Iter 11900 - time: 20    - [train] loss: 0.0253 (+/-0.016 ) - [valid] loss: 0.0497 (+/-0.0286) - [test] loss: 0.0399 (+/-0.0301)
2019-07-20 05:58:04,177 INFO - logger - Iter 12000 - time: 22    - [train] loss: 0.0302 (+/-0.0203) - [valid] loss: 0.079  (+/-0.0487) - [test] loss: 0.0253 (+/-0.023 )
2019-07-20 05:58:26,227 INFO - logger - Iter 12100 - time: 22    - [train] loss: 0.0573 (+/-0.0821) - [valid] loss: 0.0503 (+/-0.0393) - [test] loss: 0.0602 (+/-0.0825)
2019-07-20 05:58:50,379 INFO - logger - Iter 12200 - time: 24    - [train] loss: 0.0602 (+/-0.0952) - [valid] loss: 0.0752 (+/-0.0572) - [test] loss: 0.077  (+/-0.054 )
2019-07-20 05:59:12,585 INFO - logger - Iter 12300 - time: 22    - [train] loss: 0.0159 (+/-0.0062) - [valid] loss: 0.0367 (+/-0.0306) - [test] loss: 0.0443 (+/-0.0481)
2019-07-20 05:59:34,632 INFO - logger - Iter 12400 - time: 22    - [train] loss: 0.046  (+/-0.0602) - [valid] loss: 0.0223 (+/-0.0117) - [test] loss: 0.0375 (+/-0.0302)
2019-07-20 05:59:56,645 INFO - logger - Iter 12500 - time: 22    - [train] loss: 0.0713 (+/-0.0671) - [valid] loss: 0.0438 (+/-0.0205) - [test] loss: 0.0637 (+/-0.0633)
2019-07-20 06:00:18,134 INFO - logger - Iter 12600 - time: 21    - [train] loss: 0.223  (+/-0.4177) - [valid] loss: 0.0701 (+/-0.0552) - [test] loss: 0.1489 (+/-0.1411)
2019-07-20 06:00:40,433 INFO - logger - Iter 12700 - time: 22    - [train] loss: 0.0846 (+/-0.1157) - [valid] loss: 0.0313 (+/-0.0422) - [test] loss: 0.0417 (+/-0.0488)
2019-07-20 06:01:03,196 INFO - logger - Iter 12800 - time: 22    - [train] loss: 0.0677 (+/-0.0749) - [valid] loss: 0.0956 (+/-0.1095) - [test] loss: 0.0706 (+/-0.0353)
2019-07-20 06:01:24,512 INFO - logger - Iter 12900 - time: 21    - [train] loss: 0.0251 (+/-0.0132) - [valid] loss: 0.0564 (+/-0.0327) - [test] loss: 0.0292 (+/-0.0258)
2019-07-20 06:01:46,776 INFO - logger - Iter 13000 - time: 22    - [train] loss: 0.0385 (+/-0.0344) - [valid] loss: 0.025  (+/-0.0238) - [test] loss: 0.0236 (+/-0.0204)
2019-07-20 06:02:08,589 INFO - logger - Iter 13100 - time: 21    - [train] loss: 0.0837 (+/-0.071 ) - [valid] loss: 0.0299 (+/-0.016 ) - [test] loss: 0.0317 (+/-0.0381)
2019-07-20 06:02:31,289 INFO - logger - Iter 13200 - time: 22    - [train] loss: 0.0206 (+/-0.0095) - [valid] loss: 0.0488 (+/-0.0597) - [test] loss: 0.0565 (+/-0.0604)
2019-07-20 06:02:52,756 INFO - logger - Iter 13300 - time: 21    - [train] loss: 0.0531 (+/-0.0562) - [valid] loss: 0.0858 (+/-0.073 ) - [test] loss: 0.1741 (+/-0.2406)
2019-07-20 06:03:14,151 INFO - logger - Iter 13400 - time: 21    - [train] loss: 0.0402 (+/-0.0374) - [valid] loss: 0.0445 (+/-0.0279) - [test] loss: 0.1036 (+/-0.1379)
2019-07-20 06:03:35,488 INFO - logger - Iter 13500 - time: 21    - [train] loss: 0.0323 (+/-0.0273) - [valid] loss: 0.0481 (+/-0.0389) - [test] loss: 0.0774 (+/-0.1295)
2019-07-20 06:03:56,237 INFO - logger - Iter 13600 - time: 20    - [train] loss: 0.0681 (+/-0.0877) - [valid] loss: 0.0758 (+/-0.0911) - [test] loss: 0.1082 (+/-0.1216)
2019-07-20 06:04:18,887 INFO - logger - Iter 13700 - time: 22    - [train] loss: 0.1417 (+/-0.1133) - [valid] loss: 0.0414 (+/-0.0594) - [test] loss: 0.0535 (+/-0.0297)
2019-07-20 06:04:41,627 INFO - logger - Iter 13800 - time: 22    - [train] loss: 0.1439 (+/-0.1445) - [valid] loss: 0.0907 (+/-0.0758) - [test] loss: 0.1269 (+/-0.1653)
2019-07-20 06:05:03,125 INFO - logger - Iter 13900 - time: 21    - [train] loss: 0.05   (+/-0.0293) - [valid] loss: 0.0829 (+/-0.1252) - [test] loss: 0.0208 (+/-0.0242)
2019-07-20 06:05:25,083 INFO - logger - Iter 14000 - time: 21    - [train] loss: 0.0301 (+/-0.0161) - [valid] loss: 0.03   (+/-0.0183) - [test] loss: 0.0737 (+/-0.0885)
2019-07-20 06:05:46,957 INFO - logger - Iter 14100 - time: 21    - [train] loss: 0.027  (+/-0.0218) - [valid] loss: 0.0508 (+/-0.0418) - [test] loss: 0.0792 (+/-0.0496)
2019-07-20 06:06:08,741 INFO - logger - Iter 14200 - time: 21    - [train] loss: 0.0276 (+/-0.0167) - [valid] loss: 0.0314 (+/-0.0237) - [test] loss: 0.0316 (+/-0.031 )
2019-07-20 06:06:30,696 INFO - logger - Iter 14300 - time: 21    - [train] loss: 0.0589 (+/-0.0489) - [valid] loss: 0.0298 (+/-0.0199) - [test] loss: 0.0579 (+/-0.0501)
2019-07-20 06:06:52,038 INFO - logger - Iter 14400 - time: 21    - [train] loss: 0.05   (+/-0.0495) - [valid] loss: 0.0769 (+/-0.0755) - [test] loss: 0.0441 (+/-0.0333)
2019-07-20 06:07:13,953 INFO - logger - Iter 14500 - time: 21    - [train] loss: 0.0521 (+/-0.04  ) - [valid] loss: 0.0208 (+/-0.0192) - [test] loss: 0.0564 (+/-0.0377)
2019-07-20 06:07:36,539 INFO - logger - Iter 14600 - time: 22    - [train] loss: 0.1251 (+/-0.2162) - [valid] loss: 0.0624 (+/-0.0692) - [test] loss: 0.0368 (+/-0.0283)
2019-07-20 06:07:57,962 INFO - logger - Iter 14700 - time: 21    - [train] loss: 0.0213 (+/-0.0144) - [valid] loss: 0.0693 (+/-0.1149) - [test] loss: 0.0399 (+/-0.0367)
2019-07-20 06:08:19,763 INFO - logger - Iter 14800 - time: 21    - [train] loss: 0.1422 (+/-0.1682) - [valid] loss: 0.0278 (+/-0.0199) - [test] loss: 0.0734 (+/-0.0594)
2019-07-20 06:08:42,263 INFO - logger - Iter 14900 - time: 22    - [train] loss: 0.0397 (+/-0.0309) - [valid] loss: 0.0181 (+/-0.008 ) - [test] loss: 0.0208 (+/-0.0073)
2019-07-20 06:09:04,359 INFO - logger - Iter 15000 - time: 22    - [train] loss: 0.0459 (+/-0.0658) - [valid] loss: 0.1588 (+/-0.2924) - [test] loss: 0.0788 (+/-0.0768)
2019-07-20 06:09:25,928 INFO - logger - Iter 15100 - time: 21    - [train] loss: 0.0236 (+/-0.02  ) - [valid] loss: 0.0365 (+/-0.0238) - [test] loss: 0.0668 (+/-0.0861)
2019-07-20 06:09:48,423 INFO - logger - Iter 15200 - time: 22    - [train] loss: 0.1326 (+/-0.2132) - [valid] loss: 0.016  (+/-0.0076) - [test] loss: 0.0229 (+/-0.0147)
2019-07-20 06:10:10,277 INFO - logger - Iter 15300 - time: 21    - [train] loss: 0.0536 (+/-0.0386) - [valid] loss: 0.0104 (+/-0.0048) - [test] loss: 0.1264 (+/-0.1453)
2019-07-20 06:10:32,370 INFO - logger - Iter 15400 - time: 22    - [train] loss: 0.0707 (+/-0.0884) - [valid] loss: 0.0906 (+/-0.1096) - [test] loss: 0.0378 (+/-0.0236)
2019-07-20 06:10:54,837 INFO - logger - Iter 15500 - time: 22    - [train] loss: 0.0509 (+/-0.032 ) - [valid] loss: 0.0665 (+/-0.0461) - [test] loss: 0.0242 (+/-0.0198)
2019-07-20 06:11:16,390 INFO - logger - Iter 15600 - time: 21    - [train] loss: 0.082  (+/-0.1006) - [valid] loss: 0.0313 (+/-0.0225) - [test] loss: 0.069  (+/-0.0791)
2019-07-20 06:11:37,663 INFO - logger - Iter 15700 - time: 21    - [train] loss: 0.0732 (+/-0.0853) - [valid] loss: 0.0609 (+/-0.0408) - [test] loss: 0.0658 (+/-0.0524)
2019-07-20 06:12:00,086 INFO - logger - Iter 15800 - time: 22    - [train] loss: 0.018  (+/-0.0093) - [valid] loss: 0.0479 (+/-0.0399) - [test] loss: 0.0501 (+/-0.0574)
2019-07-20 06:12:22,252 INFO - logger - Iter 15900 - time: 22    - [train] loss: 0.1695 (+/-0.2642) - [valid] loss: 0.0832 (+/-0.1163) - [test] loss: 0.0397 (+/-0.0466)
2019-07-20 06:12:45,068 INFO - logger - Iter 16000 - time: 22    - [train] loss: 0.0392 (+/-0.0339) - [valid] loss: 0.0318 (+/-0.0235) - [test] loss: 0.1082 (+/-0.1093)
2019-07-20 06:13:06,889 INFO - logger - Iter 16100 - time: 21    - [train] loss: 0.0939 (+/-0.0956) - [valid] loss: 0.0665 (+/-0.1124) - [test] loss: 0.0708 (+/-0.0585)
2019-07-20 06:13:29,257 INFO - logger - Iter 16200 - time: 22    - [train] loss: 0.0405 (+/-0.0359) - [valid] loss: 0.0383 (+/-0.0372) - [test] loss: 0.0701 (+/-0.0457)
2019-07-20 06:13:50,993 INFO - logger - Iter 16300 - time: 21    - [train] loss: 0.0509 (+/-0.0481) - [valid] loss: 0.0276 (+/-0.0167) - [test] loss: 0.0295 (+/-0.0322)
2019-07-20 06:14:12,543 INFO - logger - Iter 16400 - time: 21    - [train] loss: 0.0707 (+/-0.0788) - [valid] loss: 0.0885 (+/-0.0636) - [test] loss: 0.0751 (+/-0.0472)
2019-07-20 06:14:34,821 INFO - logger - Iter 16500 - time: 22    - [train] loss: 0.0304 (+/-0.0208) - [valid] loss: 0.0287 (+/-0.0207) - [test] loss: 0.0279 (+/-0.0232)
2019-07-20 06:14:57,115 INFO - logger - Iter 16600 - time: 22    - [train] loss: 0.0573 (+/-0.0465) - [valid] loss: 0.0349 (+/-0.0229) - [test] loss: 0.0533 (+/-0.0351)
2019-07-20 06:15:19,028 INFO - logger - Iter 16700 - time: 21    - [train] loss: 0.0396 (+/-0.0359) - [valid] loss: 0.0581 (+/-0.0835) - [test] loss: 0.1312 (+/-0.1908)
2019-07-20 06:15:40,940 INFO - logger - Iter 16800 - time: 21    - [train] loss: 0.0823 (+/-0.077 ) - [valid] loss: 0.0996 (+/-0.069 ) - [test] loss: 0.0468 (+/-0.0239)
2019-07-20 06:16:03,294 INFO - logger - Iter 16900 - time: 22    - [train] loss: 0.0798 (+/-0.1162) - [valid] loss: 0.0291 (+/-0.0209) - [test] loss: 0.0612 (+/-0.0439)
2019-07-20 06:16:24,728 INFO - logger - Iter 17000 - time: 21    - [train] loss: 0.0192 (+/-0.015 ) - [valid] loss: 0.0589 (+/-0.0638) - [test] loss: 0.0928 (+/-0.0979)
2019-07-20 06:16:46,855 INFO - logger - Iter 17100 - time: 22    - [train] loss: 0.0297 (+/-0.0312) - [valid] loss: 0.1036 (+/-0.1541) - [test] loss: 0.0724 (+/-0.0821)
2019-07-20 06:17:08,671 INFO - logger - Iter 17200 - time: 21    - [train] loss: 0.1099 (+/-0.1325) - [valid] loss: 0.0448 (+/-0.0318) - [test] loss: 0.0483 (+/-0.0449)
2019-07-20 06:17:30,565 INFO - logger - Iter 17300 - time: 21    - [train] loss: 0.0242 (+/-0.0217) - [valid] loss: 0.0181 (+/-0.0081) - [test] loss: 0.0224 (+/-0.0096)
2019-07-20 06:17:53,357 INFO - logger - Iter 17400 - time: 22    - [train] loss: 0.1067 (+/-0.1675) - [valid] loss: 0.0869 (+/-0.1235) - [test] loss: 0.0227 (+/-0.0103)
2019-07-20 06:18:15,216 INFO - logger - Iter 17500 - time: 21    - [train] loss: 0.0457 (+/-0.024 ) - [valid] loss: 0.0282 (+/-0.0139) - [test] loss: 0.0747 (+/-0.1108)
2019-07-20 06:18:36,881 INFO - logger - Iter 17600 - time: 21    - [train] loss: 0.0146 (+/-0.0116) - [valid] loss: 0.0536 (+/-0.0389) - [test] loss: 0.0293 (+/-0.0193)
2019-07-20 06:18:58,493 INFO - logger - Iter 17700 - time: 21    - [train] loss: 0.1003 (+/-0.1174) - [valid] loss: 0.0166 (+/-0.006 ) - [test] loss: 0.0433 (+/-0.0431)
2019-07-20 06:19:19,693 INFO - logger - Iter 17800 - time: 21    - [train] loss: 0.0787 (+/-0.1021) - [valid] loss: 0.0201 (+/-0.0151) - [test] loss: 0.0332 (+/-0.03  )
2019-07-20 06:19:41,894 INFO - logger - Iter 17900 - time: 22    - [train] loss: 0.0487 (+/-0.0404) - [valid] loss: 0.0237 (+/-0.0102) - [test] loss: 0.0627 (+/-0.1106)
2019-07-20 06:20:04,096 INFO - logger - Iter 18000 - time: 22    - [train] loss: 0.0232 (+/-0.0109) - [valid] loss: 0.0445 (+/-0.0262) - [test] loss: 0.0501 (+/-0.053 )
2019-07-20 06:20:26,039 INFO - logger - Iter 18100 - time: 21    - [train] loss: 0.0707 (+/-0.1154) - [valid] loss: 0.0856 (+/-0.0694) - [test] loss: 0.0891 (+/-0.0982)
2019-07-20 06:20:49,604 INFO - logger - Iter 18200 - time: 23    - [train] loss: 0.0195 (+/-0.0191) - [valid] loss: 0.0568 (+/-0.0502) - [test] loss: 0.0592 (+/-0.0635)
2019-07-20 06:21:11,202 INFO - logger - Iter 18300 - time: 21    - [train] loss: 0.0524 (+/-0.0485) - [valid] loss: 0.0315 (+/-0.0351) - [test] loss: 0.0835 (+/-0.076 )
2019-07-20 06:21:32,682 INFO - logger - Iter 18400 - time: 21    - [train] loss: 0.1379 (+/-0.1863) - [valid] loss: 0.0395 (+/-0.0266) - [test] loss: 0.0386 (+/-0.0324)
2019-07-20 06:21:55,061 INFO - logger - Iter 18500 - time: 22    - [train] loss: 0.0211 (+/-0.0153) - [valid] loss: 0.028  (+/-0.0375) - [test] loss: 0.025  (+/-0.0156)
2019-07-20 06:22:17,374 INFO - logger - Iter 18600 - time: 22    - [train] loss: 0.0265 (+/-0.0152) - [valid] loss: 0.0532 (+/-0.0561) - [test] loss: 0.0239 (+/-0.0154)
2019-07-20 06:22:40,247 INFO - logger - Iter 18700 - time: 22    - [train] loss: 0.0345 (+/-0.031 ) - [valid] loss: 0.0312 (+/-0.0256) - [test] loss: 0.042  (+/-0.031 )
2019-07-20 06:23:01,732 INFO - logger - Iter 18800 - time: 21    - [train] loss: 0.0436 (+/-0.033 ) - [valid] loss: 0.0299 (+/-0.0233) - [test] loss: 0.0664 (+/-0.0989)
2019-07-20 06:23:24,645 INFO - logger - Iter 18900 - time: 22    - [train] loss: 0.0718 (+/-0.0982) - [valid] loss: 0.1163 (+/-0.1907) - [test] loss: 0.0429 (+/-0.0428)
2019-07-20 06:23:47,215 INFO - logger - Iter 19000 - time: 22    - [train] loss: 0.0466 (+/-0.0385) - [valid] loss: 0.0181 (+/-0.0105) - [test] loss: 0.075  (+/-0.0828)
2019-07-20 06:24:09,049 INFO - logger - Iter 19100 - time: 21    - [train] loss: 0.0403 (+/-0.0297) - [valid] loss: 0.0744 (+/-0.0423) - [test] loss: 0.0753 (+/-0.0726)
2019-07-20 06:24:30,765 INFO - logger - Iter 19200 - time: 21    - [train] loss: 0.0175 (+/-0.0059) - [valid] loss: 0.0353 (+/-0.0198) - [test] loss: 0.0355 (+/-0.0305)
2019-07-20 06:24:53,265 INFO - logger - Iter 19300 - time: 22    - [train] loss: 0.0386 (+/-0.0268) - [valid] loss: 0.0351 (+/-0.022 ) - [test] loss: 0.0307 (+/-0.013 )
2019-07-20 06:25:15,155 INFO - logger - Iter 19400 - time: 21    - [train] loss: 0.0734 (+/-0.0515) - [valid] loss: 0.0481 (+/-0.0331) - [test] loss: 0.0447 (+/-0.0394)
2019-07-20 06:25:37,875 INFO - logger - Iter 19500 - time: 22    - [train] loss: 0.0812 (+/-0.1002) - [valid] loss: 0.035  (+/-0.0231) - [test] loss: 0.1089 (+/-0.1605)
2019-07-20 06:26:00,174 INFO - logger - Iter 19600 - time: 22    - [train] loss: 0.0131 (+/-0.0068) - [valid] loss: 0.0256 (+/-0.0194) - [test] loss: 0.045  (+/-0.0478)
2019-07-20 06:26:23,489 INFO - logger - Iter 19700 - time: 23    - [train] loss: 0.0425 (+/-0.038 ) - [valid] loss: 0.0535 (+/-0.038 ) - [test] loss: 0.063  (+/-0.0788)
2019-07-20 06:26:45,097 INFO - logger - Iter 19800 - time: 21    - [train] loss: 0.0334 (+/-0.0262) - [valid] loss: 0.0596 (+/-0.0464) - [test] loss: 0.0285 (+/-0.0204)
2019-07-20 06:27:07,051 INFO - logger - Iter 19900 - time: 21    - [train] loss: 0.0333 (+/-0.0402) - [valid] loss: 0.0408 (+/-0.0427) - [test] loss: 0.0789 (+/-0.0912)
2019-07-20 06:27:28,681 INFO - logger - Iter 20000 - time: 21    - [train] loss: 0.0612 (+/-0.0512) - [valid] loss: 0.1507 (+/-0.2485) - [test] loss: 0.0287 (+/-0.0229)
2019-07-20 06:27:50,992 INFO - logger - Iter 20100 - time: 22    - [train] loss: 0.0389 (+/-0.0236) - [valid] loss: 0.0603 (+/-0.0562) - [test] loss: 0.0507 (+/-0.0487)
2019-07-20 06:28:12,110 INFO - logger - Iter 20200 - time: 21    - [train] loss: 0.0788 (+/-0.0831) - [valid] loss: 0.033  (+/-0.0222) - [test] loss: 0.0392 (+/-0.0358)
2019-07-20 06:28:32,415 INFO - logger - Iter 20300 - time: 20    - [train] loss: 0.1041 (+/-0.0813) - [valid] loss: 0.0419 (+/-0.0449) - [test] loss: 0.0149 (+/-0.0111)
2019-07-20 06:28:55,433 INFO - logger - Iter 20400 - time: 23    - [train] loss: 0.0953 (+/-0.1111) - [valid] loss: 0.1318 (+/-0.1379) - [test] loss: 0.0268 (+/-0.0192)
2019-07-20 06:29:17,866 INFO - logger - Iter 20500 - time: 22    - [train] loss: 0.1209 (+/-0.104 ) - [valid] loss: 0.0156 (+/-0.0078) - [test] loss: 0.0469 (+/-0.0412)
2019-07-20 06:29:39,814 INFO - logger - Iter 20600 - time: 21    - [train] loss: 0.0292 (+/-0.0222) - [valid] loss: 0.0421 (+/-0.0313) - [test] loss: 0.0332 (+/-0.0256)
2019-07-20 06:30:01,664 INFO - logger - Iter 20700 - time: 21    - [train] loss: 0.0528 (+/-0.0537) - [valid] loss: 0.0201 (+/-0.0152) - [test] loss: 0.0303 (+/-0.0193)
2019-07-20 06:30:24,412 INFO - logger - Iter 20800 - time: 22    - [train] loss: 0.0281 (+/-0.0142) - [valid] loss: 0.0267 (+/-0.0122) - [test] loss: 0.02   (+/-0.022 )
2019-07-20 06:30:45,622 INFO - logger - Iter 20900 - time: 21    - [train] loss: 0.0177 (+/-0.0088) - [valid] loss: 0.0265 (+/-0.0149) - [test] loss: 0.029  (+/-0.0129)
2019-07-20 06:31:07,133 INFO - logger - Iter 21000 - time: 21    - [train] loss: 0.0553 (+/-0.0665) - [valid] loss: 0.047  (+/-0.044 ) - [test] loss: 0.0722 (+/-0.0681)
2019-07-20 06:31:28,776 INFO - logger - Iter 21100 - time: 21    - [train] loss: 0.0566 (+/-0.05  ) - [valid] loss: 0.0597 (+/-0.0717) - [test] loss: 0.0332 (+/-0.0267)
2019-07-20 06:31:51,221 INFO - logger - Iter 21200 - time: 22    - [train] loss: 0.0363 (+/-0.0231) - [valid] loss: 0.114  (+/-0.1107) - [test] loss: 0.0338 (+/-0.0242)
2019-07-20 06:32:13,958 INFO - logger - Iter 21300 - time: 22    - [train] loss: 0.1716 (+/-0.2311) - [valid] loss: 0.0214 (+/-0.0086) - [test] loss: 0.0538 (+/-0.0546)
2019-07-20 06:32:35,946 INFO - logger - Iter 21400 - time: 21    - [train] loss: 0.0434 (+/-0.0399) - [valid] loss: 0.0385 (+/-0.0404) - [test] loss: 0.0306 (+/-0.0246)
2019-07-20 06:32:57,315 INFO - logger - Iter 21500 - time: 21    - [train] loss: 0.047  (+/-0.0329) - [valid] loss: 0.0344 (+/-0.0376) - [test] loss: 0.0304 (+/-0.0194)
2019-07-20 06:33:18,877 INFO - logger - Iter 21600 - time: 21    - [train] loss: 0.0178 (+/-0.0171) - [valid] loss: 0.0808 (+/-0.097 ) - [test] loss: 0.0306 (+/-0.0298)
2019-07-20 06:33:40,714 INFO - logger - Iter 21700 - time: 21    - [train] loss: 0.0316 (+/-0.0174) - [valid] loss: 0.0273 (+/-0.0128) - [test] loss: 0.0327 (+/-0.0193)
2019-07-20 06:34:03,120 INFO - logger - Iter 21800 - time: 22    - [train] loss: 0.0415 (+/-0.0514) - [valid] loss: 0.0392 (+/-0.0234) - [test] loss: 0.1039 (+/-0.1131)
2019-07-20 06:34:25,383 INFO - logger - Iter 21900 - time: 22    - [train] loss: 0.034  (+/-0.0186) - [valid] loss: 0.0249 (+/-0.0119) - [test] loss: 0.0284 (+/-0.0198)
2019-07-20 06:34:46,731 INFO - logger - Iter 22000 - time: 21    - [train] loss: 0.0285 (+/-0.0255) - [valid] loss: 0.0889 (+/-0.1095) - [test] loss: 0.0408 (+/-0.0338)
2019-07-20 06:35:08,629 INFO - logger - Iter 22100 - time: 21    - [train] loss: 0.0282 (+/-0.0207) - [valid] loss: 0.0404 (+/-0.0531) - [test] loss: 0.0499 (+/-0.0424)
2019-07-20 06:35:30,714 INFO - logger - Iter 22200 - time: 22    - [train] loss: 0.1165 (+/-0.1028) - [valid] loss: 0.0617 (+/-0.0405) - [test] loss: 0.0754 (+/-0.0426)
2019-07-20 06:35:52,487 INFO - logger - Iter 22300 - time: 21    - [train] loss: 0.0422 (+/-0.0359) - [valid] loss: 0.0238 (+/-0.02  ) - [test] loss: 0.085  (+/-0.0787)
2019-07-20 06:36:13,986 INFO - logger - Iter 22400 - time: 21    - [train] loss: 0.0261 (+/-0.0188) - [valid] loss: 0.0458 (+/-0.0334) - [test] loss: 0.0798 (+/-0.0951)
2019-07-20 06:36:37,494 INFO - logger - Iter 22500 - time: 23    - [train] loss: 0.0511 (+/-0.0507) - [valid] loss: 0.0766 (+/-0.0775) - [test] loss: 0.1307 (+/-0.1154)
2019-07-20 06:36:59,355 INFO - logger - Iter 22600 - time: 21    - [train] loss: 0.023  (+/-0.0106) - [valid] loss: 0.0451 (+/-0.0243) - [test] loss: 0.0266 (+/-0.0174)
2019-07-20 06:37:23,258 INFO - logger - Iter 22700 - time: 23    - [train] loss: 0.0199 (+/-0.0176) - [valid] loss: 0.0167 (+/-0.0131) - [test] loss: 0.1839 (+/-0.1902)
2019-07-20 06:37:46,035 INFO - logger - Iter 22800 - time: 22    - [train] loss: 0.0782 (+/-0.0831) - [valid] loss: 0.0376 (+/-0.029 ) - [test] loss: 0.0353 (+/-0.0229)
2019-07-20 06:38:08,148 INFO - logger - Iter 22900 - time: 22    - [train] loss: 0.0633 (+/-0.0903) - [valid] loss: 0.0344 (+/-0.0291) - [test] loss: 0.0678 (+/-0.048 )
2019-07-20 06:38:29,981 INFO - logger - Iter 23000 - time: 21    - [train] loss: 0.1047 (+/-0.181 ) - [valid] loss: 0.0971 (+/-0.1689) - [test] loss: 0.0239 (+/-0.0178)
2019-07-20 06:38:51,915 INFO - logger - Iter 23100 - time: 21    - [train] loss: 0.0453 (+/-0.0499) - [valid] loss: 0.0451 (+/-0.0617) - [test] loss: 0.0391 (+/-0.0432)
2019-07-20 06:39:14,149 INFO - logger - Iter 23200 - time: 22    - [train] loss: 0.0372 (+/-0.0243) - [valid] loss: 0.0597 (+/-0.043 ) - [test] loss: 0.0272 (+/-0.0237)
2019-07-20 06:39:37,297 INFO - logger - Iter 23300 - time: 23    - [train] loss: 0.0547 (+/-0.0505) - [valid] loss: 0.026  (+/-0.0133) - [test] loss: 0.0243 (+/-0.0247)
2019-07-20 06:39:59,188 INFO - logger - Iter 23400 - time: 21    - [train] loss: 0.0132 (+/-0.0076) - [valid] loss: 0.098  (+/-0.1064) - [test] loss: 0.019  (+/-0.0099)
2019-07-20 06:40:20,853 INFO - logger - Iter 23500 - time: 21    - [train] loss: 0.0334 (+/-0.0249) - [valid] loss: 0.0822 (+/-0.0658) - [test] loss: 0.0153 (+/-0.0084)
2019-07-20 06:40:43,127 INFO - logger - Iter 23600 - time: 22    - [train] loss: 0.0516 (+/-0.0529) - [valid] loss: 0.1109 (+/-0.1319) - [test] loss: 0.0377 (+/-0.0241)
2019-07-20 06:41:04,508 INFO - logger - Iter 23700 - time: 21    - [train] loss: 0.0857 (+/-0.0614) - [valid] loss: 0.0793 (+/-0.1507) - [test] loss: 0.0177 (+/-0.008 )
2019-07-20 06:41:25,944 INFO - logger - Iter 23800 - time: 21    - [train] loss: 0.0445 (+/-0.0435) - [valid] loss: 0.1096 (+/-0.1408) - [test] loss: 0.1077 (+/-0.1532)
2019-07-20 06:41:48,330 INFO - logger - Iter 23900 - time: 22    - [train] loss: 0.0577 (+/-0.0498) - [valid] loss: 0.0369 (+/-0.0422) - [test] loss: 0.0505 (+/-0.0414)
2019-07-20 06:42:11,323 INFO - logger - Iter 24000 - time: 22    - [train] loss: 0.0628 (+/-0.0687) - [valid] loss: 0.0568 (+/-0.0471) - [test] loss: 0.0254 (+/-0.0121)
2019-07-20 06:42:32,635 INFO - logger - Iter 24100 - time: 21    - [train] loss: 0.0907 (+/-0.0688) - [valid] loss: 0.0342 (+/-0.0236) - [test] loss: 0.0572 (+/-0.07  )
2019-07-20 06:42:54,877 INFO - logger - Iter 24200 - time: 22    - [train] loss: 0.0559 (+/-0.046 ) - [valid] loss: 0.0246 (+/-0.0175) - [test] loss: 0.046  (+/-0.06  )
2019-07-20 06:43:16,529 INFO - logger - Iter 24300 - time: 21    - [train] loss: 0.0594 (+/-0.0638) - [valid] loss: 0.0318 (+/-0.0282) - [test] loss: 0.2804 (+/-0.6044)
2019-07-20 06:43:38,590 INFO - logger - Iter 24400 - time: 22    - [train] loss: 0.0221 (+/-0.0102) - [valid] loss: 0.0542 (+/-0.0692) - [test] loss: 0.0508 (+/-0.0562)
2019-07-20 06:44:01,001 INFO - logger - Iter 24500 - time: 22    - [train] loss: 0.0256 (+/-0.0303) - [valid] loss: 0.0908 (+/-0.0912) - [test] loss: 0.0309 (+/-0.024 )
2019-07-20 06:44:22,873 INFO - logger - Iter 24600 - time: 21    - [train] loss: 0.0496 (+/-0.0437) - [valid] loss: 0.0092 (+/-0.0031) - [test] loss: 0.0517 (+/-0.0331)
2019-07-20 06:44:44,841 INFO - logger - Iter 24700 - time: 21    - [train] loss: 0.0462 (+/-0.0738) - [valid] loss: 0.0247 (+/-0.0245) - [test] loss: 0.1221 (+/-0.1749)
2019-07-20 06:45:06,365 INFO - logger - Iter 24800 - time: 21    - [train] loss: 0.0732 (+/-0.0838) - [valid] loss: 0.0419 (+/-0.039 ) - [test] loss: 0.0175 (+/-0.0087)
2019-07-20 06:45:28,118 INFO - logger - Iter 24900 - time: 21    - [train] loss: 0.0796 (+/-0.0816) - [valid] loss: 0.0094 (+/-0.0071) - [test] loss: 0.159  (+/-0.2144)
2019-07-20 06:45:49,248 INFO - logger - Iter 25000 - time: 21    - [train] loss: 0.0241 (+/-0.0178) - [valid] loss: 0.0623 (+/-0.0691) - [test] loss: 0.0321 (+/-0.0464)
2019-07-20 06:46:11,470 INFO - logger - Iter 25100 - time: 22    - [train] loss: 0.0232 (+/-0.013 ) - [valid] loss: 0.0194 (+/-0.0118) - [test] loss: 0.0634 (+/-0.0701)
2019-07-20 06:46:33,729 INFO - logger - Iter 25200 - time: 22    - [train] loss: 0.0553 (+/-0.0681) - [valid] loss: 0.1188 (+/-0.2355) - [test] loss: 0.0603 (+/-0.0485)
2019-07-20 06:46:55,687 INFO - logger - Iter 25300 - time: 21    - [train] loss: 0.0781 (+/-0.0813) - [valid] loss: 0.1065 (+/-0.1754) - [test] loss: 0.1028 (+/-0.0873)
2019-07-20 06:47:17,462 INFO - logger - Iter 25400 - time: 21    - [train] loss: 0.0329 (+/-0.0154) - [valid] loss: 0.075  (+/-0.1116) - [test] loss: 0.047  (+/-0.0339)
2019-07-20 06:47:39,755 INFO - logger - Iter 25500 - time: 22    - [train] loss: 0.0414 (+/-0.043 ) - [valid] loss: 0.0431 (+/-0.0407) - [test] loss: 0.0131 (+/-0.0058)
2019-07-20 06:48:01,893 INFO - logger - Iter 25600 - time: 22    - [train] loss: 0.0746 (+/-0.1199) - [valid] loss: 0.0442 (+/-0.0392) - [test] loss: 0.0212 (+/-0.0098)
2019-07-20 06:48:24,629 INFO - logger - Iter 25700 - time: 22    - [train] loss: 0.0178 (+/-0.0216) - [valid] loss: 0.0242 (+/-0.0151) - [test] loss: 0.0191 (+/-0.0181)
2019-07-20 06:48:47,176 INFO - logger - Iter 25800 - time: 22    - [train] loss: 0.0348 (+/-0.033 ) - [valid] loss: 0.065  (+/-0.0632) - [test] loss: 0.029  (+/-0.0231)
2019-07-20 06:49:09,594 INFO - logger - Iter 25900 - time: 22    - [train] loss: 0.0485 (+/-0.0341) - [valid] loss: 0.0796 (+/-0.1196) - [test] loss: 0.0378 (+/-0.0322)
2019-07-20 06:49:31,701 INFO - logger - Iter 26000 - time: 22    - [train] loss: 0.039  (+/-0.0262) - [valid] loss: 0.0501 (+/-0.0359) - [test] loss: 0.0481 (+/-0.0362)
2019-07-20 06:49:54,093 INFO - logger - Iter 26100 - time: 22    - [train] loss: 0.0938 (+/-0.106 ) - [valid] loss: 0.0635 (+/-0.043 ) - [test] loss: 0.0405 (+/-0.0281)
2019-07-20 06:50:17,261 INFO - logger - Iter 26200 - time: 23    - [train] loss: 0.0269 (+/-0.023 ) - [valid] loss: 0.0263 (+/-0.0279) - [test] loss: 0.0168 (+/-0.0158)
2019-07-20 06:50:39,018 INFO - logger - Iter 26300 - time: 21    - [train] loss: 0.036  (+/-0.0481) - [valid] loss: 0.0641 (+/-0.0562) - [test] loss: 0.0202 (+/-0.0121)
2019-07-20 06:51:01,920 INFO - logger - Iter 26400 - time: 22    - [train] loss: 0.0188 (+/-0.0121) - [valid] loss: 0.1006 (+/-0.148 ) - [test] loss: 0.0461 (+/-0.0422)
2019-07-20 06:51:24,857 INFO - logger - Iter 26500 - time: 22    - [train] loss: 0.112  (+/-0.1859) - [valid] loss: 0.0486 (+/-0.0451) - [test] loss: 0.0921 (+/-0.074 )
2019-07-20 06:51:46,105 INFO - logger - Iter 26600 - time: 21    - [train] loss: 0.0406 (+/-0.0336) - [valid] loss: 0.025  (+/-0.0166) - [test] loss: 0.0504 (+/-0.0432)
2019-07-20 06:52:08,065 INFO - logger - Iter 26700 - time: 21    - [train] loss: 0.0174 (+/-0.0083) - [valid] loss: 0.0275 (+/-0.017 ) - [test] loss: 0.0412 (+/-0.0555)
2019-07-20 06:52:29,779 INFO - logger - Iter 26800 - time: 21    - [train] loss: 0.0244 (+/-0.0245) - [valid] loss: 0.0266 (+/-0.0275) - [test] loss: 0.03   (+/-0.0312)
2019-07-20 06:52:51,497 INFO - logger - Iter 26900 - time: 21    - [train] loss: 0.0432 (+/-0.0365) - [valid] loss: 0.0284 (+/-0.0218) - [test] loss: 0.0983 (+/-0.0939)
2019-07-20 06:53:13,684 INFO - logger - Iter 27000 - time: 22    - [train] loss: 0.0231 (+/-0.0173) - [valid] loss: 0.0137 (+/-0.006 ) - [test] loss: 0.0786 (+/-0.064 )
2019-07-20 06:53:36,188 INFO - logger - Iter 27100 - time: 22    - [train] loss: 0.0257 (+/-0.0211) - [valid] loss: 0.0127 (+/-0.0063) - [test] loss: 0.094  (+/-0.1296)
2019-07-20 06:53:59,166 INFO - logger - Iter 27200 - time: 22    - [train] loss: 0.0311 (+/-0.022 ) - [valid] loss: 0.0182 (+/-0.0129) - [test] loss: 0.0618 (+/-0.0803)
2019-07-20 06:54:20,905 INFO - logger - Iter 27300 - time: 21    - [train] loss: 0.0263 (+/-0.0159) - [valid] loss: 0.0901 (+/-0.1506) - [test] loss: 0.0303 (+/-0.0189)
2019-07-20 06:54:42,869 INFO - logger - Iter 27400 - time: 21    - [train] loss: 0.0389 (+/-0.0339) - [valid] loss: 0.0222 (+/-0.016 ) - [test] loss: 0.1056 (+/-0.1433)
2019-07-20 06:55:04,676 INFO - logger - Iter 27500 - time: 21    - [train] loss: 0.0655 (+/-0.0628) - [valid] loss: 0.086  (+/-0.0997) - [test] loss: 0.049  (+/-0.0252)
2019-07-20 06:55:26,392 INFO - logger - Iter 27600 - time: 21    - [train] loss: 0.0443 (+/-0.043 ) - [valid] loss: 0.0737 (+/-0.125 ) - [test] loss: 0.0202 (+/-0.0117)
2019-07-20 06:55:47,952 INFO - logger - Iter 27700 - time: 21    - [train] loss: 0.014  (+/-0.0052) - [valid] loss: 0.0503 (+/-0.0433) - [test] loss: 0.0275 (+/-0.0096)
2019-07-20 06:56:09,598 INFO - logger - Iter 27800 - time: 21    - [train] loss: 0.0307 (+/-0.029 ) - [valid] loss: 0.2304 (+/-0.4316) - [test] loss: 0.0254 (+/-0.0118)
2019-07-20 06:56:31,940 INFO - logger - Iter 27900 - time: 22    - [train] loss: 0.0546 (+/-0.0811) - [valid] loss: 0.1212 (+/-0.131 ) - [test] loss: 0.0766 (+/-0.0681)
2019-07-20 06:56:55,336 INFO - logger - Iter 28000 - time: 23    - [train] loss: 0.0263 (+/-0.0233) - [valid] loss: 0.0759 (+/-0.0597) - [test] loss: 0.0426 (+/-0.036 )
2019-07-20 06:57:17,328 INFO - logger - Iter 28100 - time: 21    - [train] loss: 0.0318 (+/-0.0212) - [valid] loss: 0.0543 (+/-0.0573) - [test] loss: 0.1001 (+/-0.0992)
2019-07-20 06:57:37,856 INFO - logger - Iter 28200 - time: 20    - [train] loss: 0.0503 (+/-0.0599) - [valid] loss: 0.1683 (+/-0.2356) - [test] loss: 0.0569 (+/-0.0474)
2019-07-20 06:58:00,845 INFO - logger - Iter 28300 - time: 22    - [train] loss: 0.0223 (+/-0.0156) - [valid] loss: 0.2111 (+/-0.3493) - [test] loss: 0.0259 (+/-0.0171)
2019-07-20 06:58:22,920 INFO - logger - Iter 28400 - time: 22    - [train] loss: 0.0257 (+/-0.0188) - [valid] loss: 0.0782 (+/-0.0852) - [test] loss: 0.0191 (+/-0.0195)
2019-07-20 06:58:43,728 INFO - logger - Iter 28500 - time: 20    - [train] loss: 0.0648 (+/-0.0524) - [valid] loss: 0.0375 (+/-0.0261) - [test] loss: 0.0228 (+/-0.0186)
2019-07-20 06:59:04,236 INFO - logger - Iter 28600 - time: 20    - [train] loss: 0.0392 (+/-0.0264) - [valid] loss: 0.0945 (+/-0.0972) - [test] loss: 0.0196 (+/-0.0086)
2019-07-20 06:59:27,152 INFO - logger - Iter 28700 - time: 22    - [train] loss: 0.0239 (+/-0.008 ) - [valid] loss: 0.0679 (+/-0.0523) - [test] loss: 0.0655 (+/-0.0647)
2019-07-20 06:59:49,772 INFO - logger - Iter 28800 - time: 22    - [train] loss: 0.0686 (+/-0.1039) - [valid] loss: 0.1303 (+/-0.2581) - [test] loss: 0.0542 (+/-0.0473)
2019-07-20 07:00:11,222 INFO - logger - Iter 28900 - time: 21    - [train] loss: 0.0233 (+/-0.0225) - [valid] loss: 0.0647 (+/-0.111 ) - [test] loss: 0.0849 (+/-0.087 )
2019-07-20 07:00:32,901 INFO - logger - Iter 29000 - time: 21    - [train] loss: 0.1256 (+/-0.1482) - [valid] loss: 0.0537 (+/-0.0386) - [test] loss: 0.0253 (+/-0.0176)
2019-07-20 07:00:55,461 INFO - logger - Iter 29100 - time: 22    - [train] loss: 0.0615 (+/-0.0505) - [valid] loss: 0.0207 (+/-0.01  ) - [test] loss: 0.0201 (+/-0.0126)
2019-07-20 07:01:16,635 INFO - logger - Iter 29200 - time: 21    - [train] loss: 0.012  (+/-0.0088) - [valid] loss: 0.129  (+/-0.2017) - [test] loss: 0.1522 (+/-0.2475)
2019-07-20 07:01:38,958 INFO - logger - Iter 29300 - time: 22    - [train] loss: 0.036  (+/-0.0297) - [valid] loss: 0.0202 (+/-0.0131) - [test] loss: 0.1669 (+/-0.2775)
2019-07-20 07:02:00,911 INFO - logger - Iter 29400 - time: 21    - [train] loss: 0.0226 (+/-0.018 ) - [valid] loss: 0.0514 (+/-0.0267) - [test] loss: 0.032  (+/-0.0374)
2019-07-20 07:02:24,192 INFO - logger - Iter 29500 - time: 23    - [train] loss: 0.0381 (+/-0.0265) - [valid] loss: 0.0178 (+/-0.0089) - [test] loss: 0.0469 (+/-0.043 )
2019-07-20 07:02:46,059 INFO - logger - Iter 29600 - time: 21    - [train] loss: 0.0282 (+/-0.0218) - [valid] loss: 0.0171 (+/-0.0101) - [test] loss: 0.014  (+/-0.0129)
2019-07-20 07:03:08,546 INFO - logger - Iter 29700 - time: 22    - [train] loss: 0.1045 (+/-0.1606) - [valid] loss: 0.04   (+/-0.0495) - [test] loss: 0.0807 (+/-0.1307)
2019-07-20 07:03:29,988 INFO - logger - Iter 29800 - time: 21    - [train] loss: 0.1588 (+/-0.2043) - [valid] loss: 0.1558 (+/-0.1933) - [test] loss: 0.0205 (+/-0.0176)
2019-07-20 07:03:51,146 INFO - logger - Iter 29900 - time: 21    - [train] loss: 0.0577 (+/-0.0623) - [valid] loss: 0.0456 (+/-0.0483) - [test] loss: 0.0201 (+/-0.0164)
2019-07-20 07:04:14,065 INFO - logger - Iter 30000 - time: 22    - [train] loss: 0.0525 (+/-0.0362) - [valid] loss: 0.0387 (+/-0.0271) - [test] loss: 0.0135 (+/-0.0101)
2019-07-20 07:04:36,024 INFO - logger - Iter 30100 - time: 21    - [train] loss: 0.0533 (+/-0.034 ) - [valid] loss: 0.0486 (+/-0.0436) - [test] loss: 0.041  (+/-0.027 )
2019-07-20 07:04:57,881 INFO - logger - Iter 30200 - time: 21    - [train] loss: 0.0443 (+/-0.0464) - [valid] loss: 0.0677 (+/-0.0717) - [test] loss: 0.0168 (+/-0.01  )
2019-07-20 07:05:20,211 INFO - logger - Iter 30300 - time: 22    - [train] loss: 0.028  (+/-0.0302) - [valid] loss: 0.0596 (+/-0.0523) - [test] loss: 0.0537 (+/-0.051 )
2019-07-20 07:05:42,582 INFO - logger - Iter 30400 - time: 22    - [train] loss: 0.0264 (+/-0.0191) - [valid] loss: 0.0403 (+/-0.035 ) - [test] loss: 0.0787 (+/-0.0786)
2019-07-20 07:06:04,566 INFO - logger - Iter 30500 - time: 21    - [train] loss: 0.0512 (+/-0.0459) - [valid] loss: 0.0277 (+/-0.022 ) - [test] loss: 0.0276 (+/-0.0143)
2019-07-20 07:06:26,253 INFO - logger - Iter 30600 - time: 21    - [train] loss: 0.026  (+/-0.0207) - [valid] loss: 0.0278 (+/-0.0335) - [test] loss: 0.0703 (+/-0.0965)
2019-07-20 07:06:48,467 INFO - logger - Iter 30700 - time: 22    - [train] loss: 0.0294 (+/-0.0205) - [valid] loss: 0.0305 (+/-0.0186) - [test] loss: 0.0307 (+/-0.023 )
2019-07-20 07:07:12,009 INFO - logger - Iter 30800 - time: 23    - [train] loss: 0.0847 (+/-0.136 ) - [valid] loss: 0.0167 (+/-0.0072) - [test] loss: 0.0192 (+/-0.0089)
2019-07-20 07:07:33,863 INFO - logger - Iter 30900 - time: 21    - [train] loss: 0.0421 (+/-0.0441) - [valid] loss: 0.0434 (+/-0.0298) - [test] loss: 0.0528 (+/-0.0778)
2019-07-20 07:07:56,317 INFO - logger - Iter 31000 - time: 22    - [train] loss: 0.0362 (+/-0.0247) - [valid] loss: 0.0221 (+/-0.0124) - [test] loss: 0.1094 (+/-0.1507)
2019-07-20 07:08:19,271 INFO - logger - Iter 31100 - time: 22    - [train] loss: 0.0413 (+/-0.0396) - [valid] loss: 0.0569 (+/-0.08  ) - [test] loss: 0.0518 (+/-0.0475)
2019-07-20 07:08:41,111 INFO - logger - Iter 31200 - time: 21    - [train] loss: 0.0828 (+/-0.1033) - [valid] loss: 0.0858 (+/-0.0982) - [test] loss: 0.0566 (+/-0.0488)
2019-07-20 07:09:03,278 INFO - logger - Iter 31300 - time: 22    - [train] loss: 0.0586 (+/-0.0561) - [valid] loss: 0.0404 (+/-0.0479) - [test] loss: 0.0217 (+/-0.0237)
2019-07-20 07:09:25,727 INFO - logger - Iter 31400 - time: 22    - [train] loss: 0.0905 (+/-0.089 ) - [valid] loss: 0.0467 (+/-0.052 ) - [test] loss: 0.0796 (+/-0.106 )
2019-07-20 07:09:47,881 INFO - logger - Iter 31500 - time: 22    - [train] loss: 0.0521 (+/-0.032 ) - [valid] loss: 0.0652 (+/-0.0994) - [test] loss: 0.0217 (+/-0.018 )
2019-07-20 07:10:09,505 INFO - logger - Iter 31600 - time: 21    - [train] loss: 0.121  (+/-0.1469) - [valid] loss: 0.0394 (+/-0.0391) - [test] loss: 0.0333 (+/-0.0259)
2019-07-20 07:10:31,899 INFO - logger - Iter 31700 - time: 22    - [train] loss: 0.0243 (+/-0.0117) - [valid] loss: 0.1245 (+/-0.207 ) - [test] loss: 0.0283 (+/-0.0391)
2019-07-20 07:10:54,583 INFO - logger - Iter 31800 - time: 22    - [train] loss: 0.0479 (+/-0.0413) - [valid] loss: 0.0365 (+/-0.0335) - [test] loss: 0.0164 (+/-0.0083)
2019-07-20 07:11:16,341 INFO - logger - Iter 31900 - time: 21    - [train] loss: 0.0349 (+/-0.0257) - [valid] loss: 0.0385 (+/-0.0332) - [test] loss: 0.0501 (+/-0.054 )
2019-07-20 07:11:37,281 INFO - logger - Iter 32000 - time: 20    - [train] loss: 0.0438 (+/-0.0534) - [valid] loss: 0.044  (+/-0.0629) - [test] loss: 0.0895 (+/-0.1627)
2019-07-20 07:11:59,322 INFO - logger - Iter 32100 - time: 22    - [train] loss: 0.0671 (+/-0.0905) - [valid] loss: 0.1156 (+/-0.1802) - [test] loss: 0.0248 (+/-0.0188)
2019-07-20 07:12:20,882 INFO - logger - Iter 32200 - time: 21    - [train] loss: 0.0898 (+/-0.1333) - [valid] loss: 0.0205 (+/-0.0093) - [test] loss: 0.0544 (+/-0.0429)
2019-07-20 07:12:43,298 INFO - logger - Iter 32300 - time: 22    - [train] loss: 0.0937 (+/-0.0836) - [valid] loss: 0.0258 (+/-0.0198) - [test] loss: 0.0945 (+/-0.0909)
2019-07-20 07:13:04,191 INFO - logger - Iter 32400 - time: 20    - [train] loss: 0.1221 (+/-0.1252) - [valid] loss: 0.0379 (+/-0.0151) - [test] loss: 0.0186 (+/-0.0073)
2019-07-20 07:13:25,519 INFO - logger - Iter 32500 - time: 21    - [train] loss: 0.0376 (+/-0.0266) - [valid] loss: 0.0316 (+/-0.0212) - [test] loss: 0.0385 (+/-0.0348)
2019-07-20 07:13:46,951 INFO - logger - Iter 32600 - time: 21    - [train] loss: 0.0339 (+/-0.0295) - [valid] loss: 0.0596 (+/-0.0653) - [test] loss: 0.0568 (+/-0.047 )
2019-07-20 07:14:08,674 INFO - logger - Iter 32700 - time: 21    - [train] loss: 0.0329 (+/-0.0224) - [valid] loss: 0.0269 (+/-0.0248) - [test] loss: 0.0264 (+/-0.022 )
2019-07-20 07:14:30,137 INFO - logger - Iter 32800 - time: 21    - [train] loss: 0.0358 (+/-0.0266) - [valid] loss: 0.1006 (+/-0.1928) - [test] loss: 0.027  (+/-0.0225)
2019-07-20 07:14:51,318 INFO - logger - Iter 32900 - time: 21    - [train] loss: 0.02   (+/-0.0096) - [valid] loss: 0.025  (+/-0.0264) - [test] loss: 0.0777 (+/-0.1048)
2019-07-20 07:15:12,944 INFO - logger - Iter 33000 - time: 21    - [train] loss: 0.014  (+/-0.0064) - [valid] loss: 0.0233 (+/-0.018 ) - [test] loss: 0.035  (+/-0.0343)
2019-07-20 07:15:34,738 INFO - logger - Iter 33100 - time: 21    - [train] loss: 0.0252 (+/-0.021 ) - [valid] loss: 0.021  (+/-0.0126) - [test] loss: 0.0368 (+/-0.0189)
2019-07-20 07:15:55,179 INFO - logger - Iter 33200 - time: 20    - [train] loss: 0.0525 (+/-0.0471) - [valid] loss: 0.027  (+/-0.0359) - [test] loss: 0.0614 (+/-0.0739)
2019-07-20 07:16:16,532 INFO - logger - Iter 33300 - time: 21    - [train] loss: 0.044  (+/-0.0542) - [valid] loss: 0.0236 (+/-0.0163) - [test] loss: 0.0234 (+/-0.0163)
2019-07-20 07:16:38,520 INFO - logger - Iter 33400 - time: 21    - [train] loss: 0.0595 (+/-0.0538) - [valid] loss: 0.0277 (+/-0.0203) - [test] loss: 0.038  (+/-0.037 )
2019-07-20 07:16:59,439 INFO - logger - Iter 33500 - time: 20    - [train] loss: 0.0529 (+/-0.0441) - [valid] loss: 0.0344 (+/-0.019 ) - [test] loss: 0.0224 (+/-0.0245)
2019-07-20 07:17:21,553 INFO - logger - Iter 33600 - time: 22    - [train] loss: 0.0358 (+/-0.0261) - [valid] loss: 0.0293 (+/-0.029 ) - [test] loss: 0.0221 (+/-0.017 )
2019-07-20 07:17:42,429 INFO - logger - Iter 33700 - time: 20    - [train] loss: 0.075  (+/-0.0867) - [valid] loss: 0.0344 (+/-0.0196) - [test] loss: 0.018  (+/-0.0185)
2019-07-20 07:18:04,142 INFO - logger - Iter 33800 - time: 21    - [train] loss: 0.0813 (+/-0.1103) - [valid] loss: 0.0417 (+/-0.0457) - [test] loss: 0.1657 (+/-0.2182)
2019-07-20 07:18:25,068 INFO - logger - Iter 33900 - time: 20    - [train] loss: 0.0225 (+/-0.0117) - [valid] loss: 0.0406 (+/-0.0429) - [test] loss: 0.0634 (+/-0.0817)
2019-07-20 07:18:46,659 INFO - logger - Iter 34000 - time: 21    - [train] loss: 0.0395 (+/-0.0285) - [valid] loss: 0.0832 (+/-0.0901) - [test] loss: 0.0479 (+/-0.0762)
2019-07-20 07:19:08,369 INFO - logger - Iter 34100 - time: 21    - [train] loss: 0.043  (+/-0.0768) - [valid] loss: 0.0778 (+/-0.0876) - [test] loss: 0.0403 (+/-0.0363)
2019-07-20 07:19:30,015 INFO - logger - Iter 34200 - time: 21    - [train] loss: 0.0269 (+/-0.0148) - [valid] loss: 0.0317 (+/-0.025 ) - [test] loss: 0.0309 (+/-0.029 )
2019-07-20 07:19:51,927 INFO - logger - Iter 34300 - time: 21    - [train] loss: 0.0356 (+/-0.0363) - [valid] loss: 0.0237 (+/-0.0118) - [test] loss: 0.0648 (+/-0.0517)
2019-07-20 07:20:13,597 INFO - logger - Iter 34400 - time: 21    - [train] loss: 0.0332 (+/-0.0178) - [valid] loss: 0.0794 (+/-0.0674) - [test] loss: 0.0275 (+/-0.0209)
2019-07-20 07:20:34,587 INFO - logger - Iter 34500 - time: 20    - [train] loss: 0.0197 (+/-0.009 ) - [valid] loss: 0.0787 (+/-0.0468) - [test] loss: 0.0525 (+/-0.0402)
2019-07-20 07:20:55,831 INFO - logger - Iter 34600 - time: 21    - [train] loss: 0.0457 (+/-0.0316) - [valid] loss: 0.0199 (+/-0.0118) - [test] loss: 0.0907 (+/-0.0708)
2019-07-20 07:21:17,466 INFO - logger - Iter 34700 - time: 21    - [train] loss: 0.0309 (+/-0.0416) - [valid] loss: 0.0317 (+/-0.0257) - [test] loss: 0.028  (+/-0.0212)
2019-07-20 07:21:38,022 INFO - logger - Iter 34800 - time: 20    - [train] loss: 0.0813 (+/-0.0914) - [valid] loss: 0.0273 (+/-0.0259) - [test] loss: 0.0719 (+/-0.0569)
2019-07-20 07:22:00,326 INFO - logger - Iter 34900 - time: 22    - [train] loss: 0.0425 (+/-0.0332) - [valid] loss: 0.0538 (+/-0.0402) - [test] loss: 0.0287 (+/-0.0169)
2019-07-20 07:22:21,584 INFO - logger - Iter 35000 - time: 21    - [train] loss: 0.0359 (+/-0.0564) - [valid] loss: 0.1074 (+/-0.1109) - [test] loss: 0.0464 (+/-0.0575)
2019-07-20 07:22:43,361 INFO - logger - Iter 35100 - time: 21    - [train] loss: 0.0251 (+/-0.0217) - [valid] loss: 0.0721 (+/-0.1382) - [test] loss: 0.059  (+/-0.0457)
2019-07-20 07:23:05,026 INFO - logger - Iter 35200 - time: 21    - [train] loss: 0.0961 (+/-0.0987) - [valid] loss: 0.0354 (+/-0.0236) - [test] loss: 0.081  (+/-0.0647)
2019-07-20 07:23:26,767 INFO - logger - Iter 35300 - time: 21    - [train] loss: 0.0424 (+/-0.0489) - [valid] loss: 0.053  (+/-0.0737) - [test] loss: 0.0218 (+/-0.0143)
2019-07-20 07:23:47,453 INFO - logger - Iter 35400 - time: 20    - [train] loss: 0.0855 (+/-0.0693) - [valid] loss: 0.0903 (+/-0.1233) - [test] loss: 0.025  (+/-0.0158)
2019-07-20 07:24:08,493 INFO - logger - Iter 35500 - time: 21    - [train] loss: 0.0264 (+/-0.0133) - [valid] loss: 0.0795 (+/-0.0697) - [test] loss: 0.0693 (+/-0.0809)
2019-07-20 07:24:30,122 INFO - logger - Iter 35600 - time: 21    - [train] loss: 0.043  (+/-0.0214) - [valid] loss: 0.0212 (+/-0.0141) - [test] loss: 0.0199 (+/-0.016 )
2019-07-20 07:24:51,167 INFO - logger - Iter 35700 - time: 21    - [train] loss: 0.0782 (+/-0.0807) - [valid] loss: 0.0494 (+/-0.0478) - [test] loss: 0.016  (+/-0.0105)
2019-07-20 07:25:12,433 INFO - logger - Iter 35800 - time: 21    - [train] loss: 0.0804 (+/-0.1029) - [valid] loss: 0.0362 (+/-0.0228) - [test] loss: 0.1185 (+/-0.1592)
2019-07-20 07:25:32,793 INFO - logger - Iter 35900 - time: 20    - [train] loss: 0.0532 (+/-0.0431) - [valid] loss: 0.1164 (+/-0.121 ) - [test] loss: 0.0354 (+/-0.0205)
2019-07-20 07:25:53,599 INFO - logger - Iter 36000 - time: 20    - [train] loss: 0.0586 (+/-0.0422) - [valid] loss: 0.1067 (+/-0.1227) - [test] loss: 0.0201 (+/-0.013 )
2019-07-20 07:26:15,767 INFO - logger - Iter 36100 - time: 22    - [train] loss: 0.0665 (+/-0.0975) - [valid] loss: 0.0977 (+/-0.1394) - [test] loss: 0.1154 (+/-0.1803)
2019-07-20 07:26:36,642 INFO - logger - Iter 36200 - time: 20    - [train] loss: 0.0523 (+/-0.0419) - [valid] loss: 0.025  (+/-0.0289) - [test] loss: 0.0843 (+/-0.0902)
2019-07-20 07:26:56,944 INFO - logger - Iter 36300 - time: 20    - [train] loss: 0.0377 (+/-0.0226) - [valid] loss: 0.0391 (+/-0.0292) - [test] loss: 0.0297 (+/-0.0216)
2019-07-20 07:27:17,889 INFO - logger - Iter 36400 - time: 20    - [train] loss: 0.0476 (+/-0.0299) - [valid] loss: 0.0954 (+/-0.109 ) - [test] loss: 0.0346 (+/-0.0343)
2019-07-20 07:27:39,830 INFO - logger - Iter 36500 - time: 21    - [train] loss: 0.0433 (+/-0.0453) - [valid] loss: 0.0327 (+/-0.0215) - [test] loss: 0.0157 (+/-0.0063)
2019-07-20 07:28:00,550 INFO - logger - Iter 36600 - time: 20    - [train] loss: 0.0502 (+/-0.0377) - [valid] loss: 0.0407 (+/-0.0388) - [test] loss: 0.0681 (+/-0.1179)
2019-07-20 07:28:21,770 INFO - logger - Iter 36700 - time: 21    - [train] loss: 0.0473 (+/-0.0325) - [valid] loss: 0.0235 (+/-0.0158) - [test] loss: 0.0473 (+/-0.0423)
2019-07-20 07:28:44,260 INFO - logger - Iter 36800 - time: 22    - [train] loss: 0.0289 (+/-0.0217) - [valid] loss: 0.0497 (+/-0.0734) - [test] loss: 0.0875 (+/-0.0847)
2019-07-20 07:29:05,525 INFO - logger - Iter 36900 - time: 21    - [train] loss: 0.0727 (+/-0.0946) - [valid] loss: 0.0339 (+/-0.03  ) - [test] loss: 0.0313 (+/-0.0303)
2019-07-20 07:29:26,933 INFO - logger - Iter 37000 - time: 21    - [train] loss: 0.028  (+/-0.0269) - [valid] loss: 0.0703 (+/-0.0756) - [test] loss: 0.0321 (+/-0.0293)
2019-07-20 07:29:47,890 INFO - logger - Iter 37100 - time: 20    - [train] loss: 0.0282 (+/-0.0223) - [valid] loss: 0.0387 (+/-0.0333) - [test] loss: 0.0328 (+/-0.0352)
2019-07-20 07:30:09,253 INFO - logger - Iter 37200 - time: 21    - [train] loss: 0.1086 (+/-0.1705) - [valid] loss: 0.0564 (+/-0.0423) - [test] loss: 0.1801 (+/-0.2304)
2019-07-20 07:30:30,903 INFO - logger - Iter 37300 - time: 21    - [train] loss: 0.0409 (+/-0.0353) - [valid] loss: 0.027  (+/-0.0134) - [test] loss: 0.0688 (+/-0.0658)
2019-07-20 07:30:51,483 INFO - logger - Iter 37400 - time: 20    - [train] loss: 0.1993 (+/-0.1843) - [valid] loss: 0.0598 (+/-0.0508) - [test] loss: 0.0201 (+/-0.0133)
2019-07-20 07:31:12,871 INFO - logger - Iter 37500 - time: 21    - [train] loss: 0.021  (+/-0.0169) - [valid] loss: 0.046  (+/-0.0657) - [test] loss: 0.0211 (+/-0.0095)
2019-07-20 07:31:34,528 INFO - logger - Iter 37600 - time: 21    - [train] loss: 0.0395 (+/-0.0386) - [valid] loss: 0.024  (+/-0.0173) - [test] loss: 0.0573 (+/-0.1021)
2019-07-20 07:31:55,740 INFO - logger - Iter 37700 - time: 21    - [train] loss: 0.0618 (+/-0.1154) - [valid] loss: 0.0722 (+/-0.1039) - [test] loss: 0.0239 (+/-0.0191)
2019-07-20 07:32:16,570 INFO - logger - Iter 37800 - time: 20    - [train] loss: 0.0413 (+/-0.0417) - [valid] loss: 0.0089 (+/-0.0033) - [test] loss: 0.1319 (+/-0.2169)
2019-07-20 07:32:36,881 INFO - logger - Iter 37900 - time: 20    - [train] loss: 0.0719 (+/-0.077 ) - [valid] loss: 0.0207 (+/-0.0097) - [test] loss: 0.0243 (+/-0.012 )
2019-07-20 07:32:58,211 INFO - logger - Iter 38000 - time: 21    - [train] loss: 0.0377 (+/-0.0352) - [valid] loss: 0.051  (+/-0.0232) - [test] loss: 0.0216 (+/-0.0169)
2019-07-20 07:33:19,888 INFO - logger - Iter 38100 - time: 21    - [train] loss: 0.0373 (+/-0.0372) - [valid] loss: 0.0133 (+/-0.0064) - [test] loss: 0.0715 (+/-0.0723)
2019-07-20 07:33:41,554 INFO - logger - Iter 38200 - time: 21    - [train] loss: 0.0373 (+/-0.0431) - [valid] loss: 0.0488 (+/-0.0744) - [test] loss: 0.0644 (+/-0.0553)
2019-07-20 07:34:02,937 INFO - logger - Iter 38300 - time: 21    - [train] loss: 0.0235 (+/-0.0085) - [valid] loss: 0.0799 (+/-0.1186) - [test] loss: 0.1728 (+/-0.2151)
2019-07-20 07:34:24,148 INFO - logger - Iter 38400 - time: 21    - [train] loss: 0.0394 (+/-0.0328) - [valid] loss: 0.0129 (+/-0.0049) - [test] loss: 0.1068 (+/-0.1688)
2019-07-20 07:34:45,496 INFO - logger - Iter 38500 - time: 21    - [train] loss: 0.0596 (+/-0.0503) - [valid] loss: 0.0764 (+/-0.0538) - [test] loss: 0.0693 (+/-0.0888)
2019-07-20 07:35:07,050 INFO - logger - Iter 38600 - time: 21    - [train] loss: 0.0687 (+/-0.1128) - [valid] loss: 0.0227 (+/-0.0131) - [test] loss: 0.044  (+/-0.0465)
2019-07-20 07:35:28,017 INFO - logger - Iter 38700 - time: 20    - [train] loss: 0.0248 (+/-0.0205) - [valid] loss: 0.047  (+/-0.0442) - [test] loss: 0.0119 (+/-0.011 )
2019-07-20 07:35:49,869 INFO - logger - Iter 38800 - time: 21    - [train] loss: 0.0676 (+/-0.0696) - [valid] loss: 0.1001 (+/-0.1111) - [test] loss: 0.0372 (+/-0.0191)
2019-07-20 07:36:12,097 INFO - logger - Iter 38900 - time: 22    - [train] loss: 0.1181 (+/-0.1392) - [valid] loss: 0.0239 (+/-0.0164) - [test] loss: 0.0503 (+/-0.0623)
2019-07-20 07:36:32,681 INFO - logger - Iter 39000 - time: 20    - [train] loss: 0.0475 (+/-0.0285) - [valid] loss: 0.013  (+/-0.006 ) - [test] loss: 0.0449 (+/-0.0335)
2019-07-20 07:36:53,601 INFO - logger - Iter 39100 - time: 20    - [train] loss: 0.0353 (+/-0.0256) - [valid] loss: 0.0344 (+/-0.0318) - [test] loss: 0.0135 (+/-0.0079)
2019-07-20 07:37:14,375 INFO - logger - Iter 39200 - time: 20    - [train] loss: 0.0928 (+/-0.1102) - [valid] loss: 0.0396 (+/-0.0305) - [test] loss: 0.0362 (+/-0.0271)
2019-07-20 07:37:35,104 INFO - logger - Iter 39300 - time: 20    - [train] loss: 0.069  (+/-0.0781) - [valid] loss: 0.0479 (+/-0.0384) - [test] loss: 0.041  (+/-0.0476)
2019-07-20 07:37:57,382 INFO - logger - Iter 39400 - time: 22    - [train] loss: 0.0288 (+/-0.0211) - [valid] loss: 0.0658 (+/-0.0732) - [test] loss: 0.0852 (+/-0.0843)
2019-07-20 07:38:18,614 INFO - logger - Iter 39500 - time: 21    - [train] loss: 0.147  (+/-0.1986) - [valid] loss: 0.0161 (+/-0.0064) - [test] loss: 0.0275 (+/-0.0203)
2019-07-20 07:38:39,425 INFO - logger - Iter 39600 - time: 20    - [train] loss: 0.0428 (+/-0.0339) - [valid] loss: 0.0309 (+/-0.026 ) - [test] loss: 0.084  (+/-0.1028)
2019-07-20 07:39:00,550 INFO - logger - Iter 39700 - time: 21    - [train] loss: 0.0668 (+/-0.07  ) - [valid] loss: 0.0327 (+/-0.0205) - [test] loss: 0.031  (+/-0.0212)
2019-07-20 07:39:22,142 INFO - logger - Iter 39800 - time: 21    - [train] loss: 0.0533 (+/-0.026 ) - [valid] loss: 0.0272 (+/-0.0292) - [test] loss: 0.1078 (+/-0.151 )
2019-07-20 07:39:43,078 INFO - logger - Iter 39900 - time: 20    - [train] loss: 0.0966 (+/-0.0902) - [valid] loss: 0.0637 (+/-0.0959) - [test] loss: 0.0382 (+/-0.0285)
2019-07-20 07:40:04,488 INFO - logger - Iter 40000 - time: 21    - [train] loss: 0.1401 (+/-0.1237) - [valid] loss: 0.0723 (+/-0.0838) - [test] loss: 0.0587 (+/-0.0396)
2019-07-20 07:40:27,584 INFO - logger - Iter 40100 - time: 23    - [train] loss: 0.0243 (+/-0.0176) - [valid] loss: 0.0431 (+/-0.0256) - [test] loss: 0.0872 (+/-0.0659)
2019-07-20 07:40:48,690 INFO - logger - Iter 40200 - time: 21    - [train] loss: 0.0444 (+/-0.047 ) - [valid] loss: 0.0471 (+/-0.0427) - [test] loss: 0.0558 (+/-0.0468)
2019-07-20 07:41:09,706 INFO - logger - Iter 40300 - time: 21    - [train] loss: 0.0241 (+/-0.0338) - [valid] loss: 0.1835 (+/-0.2387) - [test] loss: 0.0239 (+/-0.0096)
2019-07-20 07:41:31,187 INFO - logger - Iter 40400 - time: 21    - [train] loss: 0.0243 (+/-0.0094) - [valid] loss: 0.0544 (+/-0.0708) - [test] loss: 0.0284 (+/-0.0243)
2019-07-20 07:41:52,173 INFO - logger - Iter 40500 - time: 20    - [train] loss: 0.1637 (+/-0.2219) - [valid] loss: 0.0365 (+/-0.0192) - [test] loss: 0.0604 (+/-0.0475)
2019-07-20 07:42:13,370 INFO - logger - Iter 40600 - time: 21    - [train] loss: 0.0114 (+/-0.0046) - [valid] loss: 0.1298 (+/-0.2027) - [test] loss: 0.0472 (+/-0.0558)
2019-07-20 07:42:35,890 INFO - logger - Iter 40700 - time: 22    - [train] loss: 0.1341 (+/-0.1872) - [valid] loss: 0.0437 (+/-0.0612) - [test] loss: 0.0604 (+/-0.0706)
2019-07-20 07:42:56,545 INFO - logger - Iter 40800 - time: 20    - [train] loss: 0.1423 (+/-0.1633) - [valid] loss: 0.0309 (+/-0.0272) - [test] loss: 0.0528 (+/-0.0529)
2019-07-20 07:43:17,491 INFO - logger - Iter 40900 - time: 20    - [train] loss: 0.0563 (+/-0.0504) - [valid] loss: 0.0374 (+/-0.0372) - [test] loss: 0.0776 (+/-0.0903)
2019-07-20 07:43:39,143 INFO - logger - Iter 41000 - time: 21    - [train] loss: 0.0363 (+/-0.0177) - [valid] loss: 0.091  (+/-0.064 ) - [test] loss: 0.0142 (+/-0.0052)
2019-07-20 07:44:00,063 INFO - logger - Iter 41100 - time: 20    - [train] loss: 0.0407 (+/-0.0252) - [valid] loss: 0.0346 (+/-0.0279) - [test] loss: 0.0421 (+/-0.0249)
2019-07-20 07:44:20,733 INFO - logger - Iter 41200 - time: 20    - [train] loss: 0.0511 (+/-0.0502) - [valid] loss: 0.0365 (+/-0.0521) - [test] loss: 0.0314 (+/-0.0246)
2019-07-20 07:44:42,782 INFO - logger - Iter 41300 - time: 22    - [train] loss: 0.0513 (+/-0.0496) - [valid] loss: 0.0821 (+/-0.0742) - [test] loss: 0.0704 (+/-0.0699)
2019-07-20 07:45:03,741 INFO - logger - Iter 41400 - time: 20    - [train] loss: 0.0544 (+/-0.0316) - [valid] loss: 0.0671 (+/-0.0711) - [test] loss: 0.0729 (+/-0.0717)
2019-07-20 07:45:24,991 INFO - logger - Iter 41500 - time: 21    - [train] loss: 0.0976 (+/-0.067 ) - [valid] loss: 0.0294 (+/-0.0201) - [test] loss: 0.0283 (+/-0.0164)
2019-07-20 07:45:46,565 INFO - logger - Iter 41600 - time: 21    - [train] loss: 0.0374 (+/-0.0251) - [valid] loss: 0.0273 (+/-0.017 ) - [test] loss: 0.0264 (+/-0.0088)
2019-07-20 07:46:07,446 INFO - logger - Iter 41700 - time: 20    - [train] loss: 0.2007 (+/-0.3748) - [valid] loss: 0.0624 (+/-0.0777) - [test] loss: 0.0548 (+/-0.0746)
2019-07-20 07:46:28,524 INFO - logger - Iter 41800 - time: 21    - [train] loss: 0.0623 (+/-0.0798) - [valid] loss: 0.1246 (+/-0.1592) - [test] loss: 0.0407 (+/-0.0328)
2019-07-20 07:46:50,936 INFO - logger - Iter 41900 - time: 22    - [train] loss: 0.071  (+/-0.1048) - [valid] loss: 0.0469 (+/-0.0585) - [test] loss: 0.0205 (+/-0.0232)
2019-07-20 07:47:12,872 INFO - logger - Iter 42000 - time: 21    - [train] loss: 0.0867 (+/-0.0712) - [valid] loss: 0.0386 (+/-0.0327) - [test] loss: 0.021  (+/-0.0125)
2019-07-20 07:47:32,933 INFO - logger - Iter 42100 - time: 20    - [train] loss: 0.0303 (+/-0.0208) - [valid] loss: 0.0364 (+/-0.0286) - [test] loss: 0.0455 (+/-0.0418)
2019-07-20 07:47:53,957 INFO - logger - Iter 42200 - time: 21    - [train] loss: 0.0385 (+/-0.0338) - [valid] loss: 0.0178 (+/-0.0099) - [test] loss: 0.0602 (+/-0.054 )
2019-07-20 07:48:14,703 INFO - logger - Iter 42300 - time: 20    - [train] loss: 0.025  (+/-0.0131) - [valid] loss: 0.2083 (+/-0.1926) - [test] loss: 0.0363 (+/-0.0379)
2019-07-20 07:48:36,032 INFO - logger - Iter 42400 - time: 21    - [train] loss: 0.0406 (+/-0.0413) - [valid] loss: 0.046  (+/-0.0497) - [test] loss: 0.0328 (+/-0.0233)
2019-07-20 07:48:56,228 INFO - logger - Iter 42500 - time: 20    - [train] loss: 0.0713 (+/-0.1212) - [valid] loss: 0.0193 (+/-0.0172) - [test] loss: 0.0258 (+/-0.0136)
2019-07-20 07:49:18,045 INFO - logger - Iter 42600 - time: 21    - [train] loss: 0.027  (+/-0.0247) - [valid] loss: 0.0658 (+/-0.0616) - [test] loss: 0.0871 (+/-0.0607)
2019-07-20 07:49:38,102 INFO - logger - Iter 42700 - time: 20    - [train] loss: 0.0393 (+/-0.0302) - [valid] loss: 0.0414 (+/-0.0342) - [test] loss: 0.0241 (+/-0.0219)
2019-07-20 07:49:58,854 INFO - logger - Iter 42800 - time: 20    - [train] loss: 0.0276 (+/-0.0359) - [valid] loss: 0.0285 (+/-0.0271) - [test] loss: 0.0352 (+/-0.0171)
2019-07-20 07:50:20,085 INFO - logger - Iter 42900 - time: 21    - [train] loss: 0.0634 (+/-0.0437) - [valid] loss: 0.0585 (+/-0.0847) - [test] loss: 0.0197 (+/-0.0173)
2019-07-20 07:50:41,298 INFO - logger - Iter 43000 - time: 21    - [train] loss: 0.0302 (+/-0.0146) - [valid] loss: 0.0524 (+/-0.0634) - [test] loss: 0.028  (+/-0.0109)
2019-07-20 07:51:02,267 INFO - logger - Iter 43100 - time: 20    - [train] loss: 0.0514 (+/-0.0637) - [valid] loss: 0.0428 (+/-0.0284) - [test] loss: 0.1359 (+/-0.2045)
2019-07-20 07:51:22,424 INFO - logger - Iter 43200 - time: 20    - [train] loss: 0.0306 (+/-0.0176) - [valid] loss: 0.019  (+/-0.0117) - [test] loss: 0.0349 (+/-0.0568)
2019-07-20 07:51:43,668 INFO - logger - Iter 43300 - time: 21    - [train] loss: 0.0421 (+/-0.0489) - [valid] loss: 0.0296 (+/-0.035 ) - [test] loss: 0.0288 (+/-0.0425)
2019-07-20 07:52:04,777 INFO - logger - Iter 43400 - time: 21    - [train] loss: 0.0385 (+/-0.036 ) - [valid] loss: 0.0669 (+/-0.1127) - [test] loss: 0.0322 (+/-0.0374)
2019-07-20 07:52:25,846 INFO - logger - Iter 43500 - time: 21    - [train] loss: 0.0715 (+/-0.0806) - [valid] loss: 0.1261 (+/-0.1699) - [test] loss: 0.0348 (+/-0.0167)
2019-07-20 07:52:46,711 INFO - logger - Iter 43600 - time: 20    - [train] loss: 0.0321 (+/-0.0228) - [valid] loss: 0.0416 (+/-0.0429) - [test] loss: 0.0372 (+/-0.0224)
2019-07-20 07:53:08,834 INFO - logger - Iter 43700 - time: 22    - [train] loss: 0.0181 (+/-0.0082) - [valid] loss: 0.0681 (+/-0.0766) - [test] loss: 0.042  (+/-0.0501)
2019-07-20 07:53:29,238 INFO - logger - Iter 43800 - time: 20    - [train] loss: 0.0466 (+/-0.0707) - [valid] loss: 0.0288 (+/-0.022 ) - [test] loss: 0.0193 (+/-0.0067)
2019-07-20 07:53:50,244 INFO - logger - Iter 43900 - time: 21    - [train] loss: 0.067  (+/-0.0526) - [valid] loss: 0.0955 (+/-0.0737) - [test] loss: 0.0526 (+/-0.0513)
2019-07-20 07:54:11,581 INFO - logger - Iter 44000 - time: 21    - [train] loss: 0.0502 (+/-0.0545) - [valid] loss: 0.0758 (+/-0.0459) - [test] loss: 0.028  (+/-0.0258)
2019-07-20 07:54:33,555 INFO - logger - Iter 44100 - time: 21    - [train] loss: 0.0782 (+/-0.108 ) - [valid] loss: 0.0587 (+/-0.0645) - [test] loss: 0.043  (+/-0.0403)
2019-07-20 07:54:53,705 INFO - logger - Iter 44200 - time: 20    - [train] loss: 0.0476 (+/-0.0401) - [valid] loss: 0.0396 (+/-0.0493) - [test] loss: 0.028  (+/-0.028 )
2019-07-20 07:55:14,755 INFO - logger - Iter 44300 - time: 21    - [train] loss: 0.0459 (+/-0.0607) - [valid] loss: 0.0617 (+/-0.0475) - [test] loss: 0.0368 (+/-0.0323)
2019-07-20 07:55:35,429 INFO - logger - Iter 44400 - time: 20    - [train] loss: 0.0522 (+/-0.0566) - [valid] loss: 0.0352 (+/-0.0374) - [test] loss: 0.0505 (+/-0.0447)
2019-07-20 07:55:56,330 INFO - logger - Iter 44500 - time: 20    - [train] loss: 0.0311 (+/-0.0331) - [valid] loss: 0.0864 (+/-0.0476) - [test] loss: 0.0259 (+/-0.0283)
2019-07-20 07:56:17,759 INFO - logger - Iter 44600 - time: 21    - [train] loss: 0.1108 (+/-0.1634) - [valid] loss: 0.0193 (+/-0.0053) - [test] loss: 0.051  (+/-0.0416)
2019-07-20 07:56:38,089 INFO - logger - Iter 44700 - time: 20    - [train] loss: 0.0409 (+/-0.0449) - [valid] loss: 0.0245 (+/-0.0267) - [test] loss: 0.0312 (+/-0.0257)
2019-07-20 07:56:59,315 INFO - logger - Iter 44800 - time: 21    - [train] loss: 0.0351 (+/-0.0307) - [valid] loss: 0.0189 (+/-0.0124) - [test] loss: 0.0754 (+/-0.0914)
2019-07-20 07:57:19,665 INFO - logger - Iter 44900 - time: 20    - [train] loss: 0.023  (+/-0.0125) - [valid] loss: 0.1025 (+/-0.1686) - [test] loss: 0.0395 (+/-0.0379)
2019-07-20 07:57:41,173 INFO - logger - Iter 45000 - time: 21    - [train] loss: 0.1248 (+/-0.1284) - [valid] loss: 0.0903 (+/-0.0678) - [test] loss: 0.055  (+/-0.0422)
2019-07-20 07:58:03,336 INFO - logger - Iter 45100 - time: 22    - [train] loss: 0.0746 (+/-0.0579) - [valid] loss: 0.0243 (+/-0.0231) - [test] loss: 0.0322 (+/-0.0308)
2019-07-20 07:58:24,006 INFO - logger - Iter 45200 - time: 20    - [train] loss: 0.0165 (+/-0.0102) - [valid] loss: 0.0666 (+/-0.1297) - [test] loss: 0.037  (+/-0.0264)
2019-07-20 07:58:44,892 INFO - logger - Iter 45300 - time: 20    - [train] loss: 0.0333 (+/-0.0252) - [valid] loss: 0.0553 (+/-0.0305) - [test] loss: 0.0466 (+/-0.0469)
2019-07-20 07:59:06,101 INFO - logger - Iter 45400 - time: 21    - [train] loss: 0.0859 (+/-0.1027) - [valid] loss: 0.0363 (+/-0.0335) - [test] loss: 0.0211 (+/-0.009 )
2019-07-20 07:59:27,442 INFO - logger - Iter 45500 - time: 21    - [train] loss: 0.0131 (+/-0.0127) - [valid] loss: 0.0747 (+/-0.1006) - [test] loss: 0.0174 (+/-0.0139)
2019-07-20 07:59:48,204 INFO - logger - Iter 45600 - time: 20    - [train] loss: 0.0376 (+/-0.03  ) - [valid] loss: 0.0473 (+/-0.0427) - [test] loss: 0.0179 (+/-0.0122)
2019-07-20 08:00:09,890 INFO - logger - Iter 45700 - time: 21    - [train] loss: 0.0455 (+/-0.0409) - [valid] loss: 0.0292 (+/-0.0177) - [test] loss: 0.0247 (+/-0.0274)
2019-07-20 08:00:30,067 INFO - logger - Iter 45800 - time: 20    - [train] loss: 0.0393 (+/-0.0229) - [valid] loss: 0.0247 (+/-0.0148) - [test] loss: 0.0878 (+/-0.0693)
2019-07-20 08:00:51,001 INFO - logger - Iter 45900 - time: 20    - [train] loss: 0.1438 (+/-0.194 ) - [valid] loss: 0.0135 (+/-0.0053) - [test] loss: 0.0591 (+/-0.044 )
2019-07-20 08:01:11,709 INFO - logger - Iter 46000 - time: 20    - [train] loss: 0.13   (+/-0.2031) - [valid] loss: 0.0655 (+/-0.0884) - [test] loss: 0.0328 (+/-0.0196)
2019-07-20 08:01:32,582 INFO - logger - Iter 46100 - time: 20    - [train] loss: 0.0384 (+/-0.0298) - [valid] loss: 0.0456 (+/-0.0403) - [test] loss: 0.0302 (+/-0.0179)
2019-07-20 08:01:53,743 INFO - logger - Iter 46200 - time: 21    - [train] loss: 0.1152 (+/-0.1577) - [valid] loss: 0.0505 (+/-0.0368) - [test] loss: 0.0414 (+/-0.0294)
2019-07-20 08:02:16,135 INFO - logger - Iter 46300 - time: 22    - [train] loss: 0.0217 (+/-0.0086) - [valid] loss: 0.027  (+/-0.0328) - [test] loss: 0.0345 (+/-0.0229)
2019-07-20 08:02:38,145 INFO - logger - Iter 46400 - time: 22    - [train] loss: 0.024  (+/-0.0184) - [valid] loss: 0.0225 (+/-0.0085) - [test] loss: 0.0217 (+/-0.0145)
2019-07-20 08:02:58,984 INFO - logger - Iter 46500 - time: 20    - [train] loss: 0.0463 (+/-0.0701) - [valid] loss: 0.0529 (+/-0.0484) - [test] loss: 0.0406 (+/-0.023 )
2019-07-20 08:03:20,298 INFO - logger - Iter 46600 - time: 21    - [train] loss: 0.0299 (+/-0.0278) - [valid] loss: 0.0721 (+/-0.0794) - [test] loss: 0.0218 (+/-0.0119)
2019-07-20 08:03:41,034 INFO - logger - Iter 46700 - time: 20    - [train] loss: 0.0242 (+/-0.0239) - [valid] loss: 0.0703 (+/-0.0602) - [test] loss: 0.053  (+/-0.0573)
2019-07-20 08:04:02,660 INFO - logger - Iter 46800 - time: 21    - [train] loss: 0.0187 (+/-0.0138) - [valid] loss: 0.0192 (+/-0.0115) - [test] loss: 0.0166 (+/-0.0118)
2019-07-20 08:04:25,241 INFO - logger - Iter 46900 - time: 22    - [train] loss: 0.0378 (+/-0.018 ) - [valid] loss: 0.0379 (+/-0.021 ) - [test] loss: 0.0771 (+/-0.0685)
2019-07-20 08:04:46,292 INFO - logger - Iter 47000 - time: 21    - [train] loss: 0.0264 (+/-0.0169) - [valid] loss: 0.0412 (+/-0.0313) - [test] loss: 0.0702 (+/-0.06  )
2019-07-20 08:05:06,721 INFO - logger - Iter 47100 - time: 20    - [train] loss: 0.0661 (+/-0.0847) - [valid] loss: 0.0327 (+/-0.0264) - [test] loss: 0.0255 (+/-0.0236)
2019-07-20 08:05:28,516 INFO - logger - Iter 47200 - time: 21    - [train] loss: 0.0825 (+/-0.0743) - [valid] loss: 0.034  (+/-0.0279) - [test] loss: 0.0746 (+/-0.0713)
2019-07-20 08:05:48,267 INFO - logger - Iter 47300 - time: 19    - [train] loss: 0.0749 (+/-0.0695) - [valid] loss: 0.0929 (+/-0.1114) - [test] loss: 0.0173 (+/-0.0123)
2019-07-20 08:06:08,970 INFO - logger - Iter 47400 - time: 20    - [train] loss: 0.0373 (+/-0.0272) - [valid] loss: 0.0384 (+/-0.0277) - [test] loss: 0.0819 (+/-0.0996)
2019-07-20 08:06:31,594 INFO - logger - Iter 47500 - time: 22    - [train] loss: 0.0487 (+/-0.0522) - [valid] loss: 0.1192 (+/-0.1421) - [test] loss: 0.0341 (+/-0.0325)
2019-07-20 08:06:52,120 INFO - logger - Iter 47600 - time: 20    - [train] loss: 0.0369 (+/-0.0244) - [valid] loss: 0.0557 (+/-0.0474) - [test] loss: 0.0803 (+/-0.0884)
2019-07-20 08:07:12,898 INFO - logger - Iter 47700 - time: 20    - [train] loss: 0.0514 (+/-0.0368) - [valid] loss: 0.0423 (+/-0.0498) - [test] loss: 0.0273 (+/-0.0259)
2019-07-20 08:07:34,353 INFO - logger - Iter 47800 - time: 21    - [train] loss: 0.0784 (+/-0.0934) - [valid] loss: 0.0408 (+/-0.0381) - [test] loss: 0.025  (+/-0.0286)
2019-07-20 08:07:55,484 INFO - logger - Iter 47900 - time: 21    - [train] loss: 0.0734 (+/-0.1222) - [valid] loss: 0.023  (+/-0.0187) - [test] loss: 0.0676 (+/-0.0839)
2019-07-20 08:08:15,787 INFO - logger - Iter 48000 - time: 20    - [train] loss: 0.3954 (+/-0.7532) - [valid] loss: 0.0459 (+/-0.0191) - [test] loss: 0.0472 (+/-0.0357)
2019-07-20 08:08:37,679 INFO - logger - Iter 48100 - time: 21    - [train] loss: 0.0191 (+/-0.0092) - [valid] loss: 0.1082 (+/-0.1112) - [test] loss: 0.1047 (+/-0.1449)
2019-07-20 08:08:59,013 INFO - logger - Iter 48200 - time: 21    - [train] loss: 0.0287 (+/-0.0123) - [valid] loss: 0.0659 (+/-0.0543) - [test] loss: 0.0407 (+/-0.027 )
2019-07-20 08:09:20,059 INFO - logger - Iter 48300 - time: 21    - [train] loss: 0.0862 (+/-0.0784) - [valid] loss: 0.0397 (+/-0.0341) - [test] loss: 0.0432 (+/-0.0342)
2019-07-20 08:09:41,941 INFO - logger - Iter 48400 - time: 21    - [train] loss: 0.0303 (+/-0.0277) - [valid] loss: 0.0259 (+/-0.0148) - [test] loss: 0.0489 (+/-0.0401)
2019-07-20 08:10:02,855 INFO - logger - Iter 48500 - time: 20    - [train] loss: 0.1177 (+/-0.128 ) - [valid] loss: 0.032  (+/-0.0228) - [test] loss: 0.0177 (+/-0.008 )
2019-07-20 08:10:24,272 INFO - logger - Iter 48600 - time: 21    - [train] loss: 0.0888 (+/-0.1449) - [valid] loss: 0.0549 (+/-0.0355) - [test] loss: 0.0317 (+/-0.023 )
2019-07-20 08:10:45,791 INFO - logger - Iter 48700 - time: 21    - [train] loss: 0.0397 (+/-0.0312) - [valid] loss: 0.0451 (+/-0.0435) - [test] loss: 0.0281 (+/-0.0231)
2019-07-20 08:11:08,005 INFO - logger - Iter 48800 - time: 22    - [train] loss: 0.0594 (+/-0.0376) - [valid] loss: 0.0288 (+/-0.0219) - [test] loss: 0.0144 (+/-0.0044)
2019-07-20 08:11:28,266 INFO - logger - Iter 48900 - time: 20    - [train] loss: 0.0997 (+/-0.1841) - [valid] loss: 0.0243 (+/-0.0177) - [test] loss: 0.1465 (+/-0.2516)
2019-07-20 08:11:49,494 INFO - logger - Iter 49000 - time: 21    - [train] loss: 0.0345 (+/-0.0272) - [valid] loss: 0.0147 (+/-0.0128) - [test] loss: 0.0641 (+/-0.1096)
2019-07-20 08:12:10,358 INFO - logger - Iter 49100 - time: 20    - [train] loss: 0.0164 (+/-0.0075) - [valid] loss: 0.0753 (+/-0.1153) - [test] loss: 0.0724 (+/-0.0589)
2019-07-20 08:12:31,387 INFO - logger - Iter 49200 - time: 21    - [train] loss: 0.046  (+/-0.0457) - [valid] loss: 0.0469 (+/-0.0486) - [test] loss: 0.0254 (+/-0.0099)
2019-07-20 08:12:52,046 INFO - logger - Iter 49300 - time: 20    - [train] loss: 0.0407 (+/-0.0236) - [valid] loss: 0.0364 (+/-0.0483) - [test] loss: 0.0284 (+/-0.0256)
2019-07-20 08:13:14,386 INFO - logger - Iter 49400 - time: 22    - [train] loss: 0.029  (+/-0.0223) - [valid] loss: 0.0193 (+/-0.017 ) - [test] loss: 0.0264 (+/-0.0166)
2019-07-20 08:13:35,671 INFO - logger - Iter 49500 - time: 21    - [train] loss: 0.0521 (+/-0.0723) - [valid] loss: 0.0175 (+/-0.006 ) - [test] loss: 0.0307 (+/-0.0194)
2019-07-20 08:13:56,596 INFO - logger - Iter 49600 - time: 20    - [train] loss: 0.02   (+/-0.0221) - [valid] loss: 0.0531 (+/-0.0449) - [test] loss: 0.0439 (+/-0.05  )
2019-07-20 08:14:17,289 INFO - logger - Iter 49700 - time: 20    - [train] loss: 0.0198 (+/-0.0099) - [valid] loss: 0.0235 (+/-0.0121) - [test] loss: 0.0324 (+/-0.0274)
2019-07-20 08:14:38,423 INFO - logger - Iter 49800 - time: 21    - [train] loss: 0.0577 (+/-0.0718) - [valid] loss: 0.0304 (+/-0.0329) - [test] loss: 0.0594 (+/-0.0495)
2019-07-20 08:15:00,022 INFO - logger - Iter 49900 - time: 21    - [train] loss: 0.0464 (+/-0.0379) - [valid] loss: 0.0597 (+/-0.0535) - [test] loss: 0.0259 (+/-0.0144)
