2019-07-17 13:19:29,351 INFO - log_helper - Finished configuring logger
2019-07-17 13:19:35,520 INFO - logger - Iter 0    - time: 6     - [train] loss: 4.2208 (+/-0.6968) - [valid] loss: 4.3133 (+/-0.7765) - [test] loss: 4.2156 (+/-0.7392)
2019-07-17 13:19:59,867 INFO - logger - Iter 100  - time: 24    - [train] loss: 3.4799 (+/-0.6566) - [valid] loss: 2.6133 (+/-0.5084) - [test] loss: 3.1295 (+/-0.5977)
2019-07-17 13:20:26,320 INFO - logger - Iter 200  - time: 26    - [train] loss: 2.3281 (+/-0.465 ) - [valid] loss: 1.9355 (+/-0.3914) - [test] loss: 2.1534 (+/-0.4615)
2019-07-17 13:20:52,359 INFO - logger - Iter 300  - time: 26    - [train] loss: 1.4027 (+/-0.2763) - [valid] loss: 1.2781 (+/-0.2288) - [test] loss: 1.4175 (+/-0.2546)
2019-07-17 13:21:18,592 INFO - logger - Iter 400  - time: 26    - [train] loss: 0.8172 (+/-0.1699) - [valid] loss: 0.9541 (+/-0.19  ) - [test] loss: 1.0518 (+/-0.1991)
2019-07-17 13:21:45,884 INFO - logger - Iter 500  - time: 27    - [train] loss: 0.5927 (+/-0.1118) - [valid] loss: 0.7909 (+/-0.1839) - [test] loss: 0.6333 (+/-0.134 )
2019-07-17 13:22:13,535 INFO - logger - Iter 600  - time: 27    - [train] loss: 0.4951 (+/-0.1311) - [valid] loss: 0.5172 (+/-0.12  ) - [test] loss: 0.5135 (+/-0.1334)
2019-07-17 13:22:40,317 INFO - logger - Iter 700  - time: 26    - [train] loss: 0.3993 (+/-0.0961) - [valid] loss: 0.4218 (+/-0.1103) - [test] loss: 0.3894 (+/-0.0949)
2019-07-17 13:23:08,237 INFO - logger - Iter 800  - time: 27    - [train] loss: 0.2569 (+/-0.0545) - [valid] loss: 0.2474 (+/-0.0511) - [test] loss: 0.2891 (+/-0.077 )
2019-07-17 13:23:36,341 INFO - logger - Iter 900  - time: 28    - [train] loss: 0.2655 (+/-0.0601) - [valid] loss: 0.1844 (+/-0.044 ) - [test] loss: 0.2664 (+/-0.0682)
2019-07-17 13:24:05,438 INFO - logger - Iter 1000 - time: 29    - [train] loss: 0.2656 (+/-0.1015) - [valid] loss: 0.163  (+/-0.0369) - [test] loss: 0.2259 (+/-0.049 )
2019-07-17 13:24:32,077 INFO - logger - Iter 1100 - time: 26    - [train] loss: 0.1847 (+/-0.0435) - [valid] loss: 0.2143 (+/-0.0629) - [test] loss: 0.1769 (+/-0.0564)
2019-07-17 13:25:00,720 INFO - logger - Iter 1200 - time: 28    - [train] loss: 0.1883 (+/-0.0423) - [valid] loss: 0.2207 (+/-0.0706) - [test] loss: 0.1511 (+/-0.0294)
2019-07-17 13:25:28,653 INFO - logger - Iter 1300 - time: 27    - [train] loss: 0.1574 (+/-0.0443) - [valid] loss: 0.198  (+/-0.048 ) - [test] loss: 0.161  (+/-0.0608)
2019-07-17 13:25:56,625 INFO - logger - Iter 1400 - time: 27    - [train] loss: 0.1454 (+/-0.044 ) - [valid] loss: 0.0909 (+/-0.0211) - [test] loss: 0.1639 (+/-0.0597)
2019-07-17 13:26:24,551 INFO - logger - Iter 1500 - time: 27    - [train] loss: 0.176  (+/-0.0747) - [valid] loss: 0.2417 (+/-0.1504) - [test] loss: 0.1471 (+/-0.0335)
2019-07-17 13:26:52,718 INFO - logger - Iter 1600 - time: 28    - [train] loss: 0.1205 (+/-0.0291) - [valid] loss: 0.0957 (+/-0.0204) - [test] loss: 0.124  (+/-0.0339)
2019-07-17 13:27:19,722 INFO - logger - Iter 1700 - time: 27    - [train] loss: 0.1182 (+/-0.0302) - [valid] loss: 0.1025 (+/-0.0221) - [test] loss: 0.0986 (+/-0.0239)
2019-07-17 13:27:48,071 INFO - logger - Iter 1800 - time: 28    - [train] loss: 0.1339 (+/-0.0426) - [valid] loss: 0.1187 (+/-0.0311) - [test] loss: 0.1346 (+/-0.0399)
2019-07-17 13:28:15,769 INFO - logger - Iter 1900 - time: 27    - [train] loss: 0.1426 (+/-0.0503) - [valid] loss: 0.1311 (+/-0.0508) - [test] loss: 0.0877 (+/-0.0248)
2019-07-17 13:28:43,902 INFO - logger - Iter 2000 - time: 28    - [train] loss: 0.1033 (+/-0.0287) - [valid] loss: 0.1349 (+/-0.0386) - [test] loss: 0.1455 (+/-0.0564)
2019-07-17 13:29:11,580 INFO - logger - Iter 2100 - time: 27    - [train] loss: 0.1454 (+/-0.0454) - [valid] loss: 0.0992 (+/-0.0275) - [test] loss: 0.0979 (+/-0.0254)
2019-07-17 13:29:39,771 INFO - logger - Iter 2200 - time: 28    - [train] loss: 0.1144 (+/-0.041 ) - [valid] loss: 0.0919 (+/-0.0249) - [test] loss: 0.1151 (+/-0.0379)
2019-07-17 13:30:06,620 INFO - logger - Iter 2300 - time: 26    - [train] loss: 0.087  (+/-0.0268) - [valid] loss: 0.1015 (+/-0.0319) - [test] loss: 0.0802 (+/-0.0241)
2019-07-17 13:30:34,454 INFO - logger - Iter 2400 - time: 27    - [train] loss: 0.1245 (+/-0.0403) - [valid] loss: 0.0846 (+/-0.0223) - [test] loss: 0.1026 (+/-0.0381)
2019-07-17 13:31:01,145 INFO - logger - Iter 2500 - time: 26    - [train] loss: 0.0881 (+/-0.0209) - [valid] loss: 0.0717 (+/-0.0164) - [test] loss: 0.0805 (+/-0.0306)
2019-07-17 13:31:29,007 INFO - logger - Iter 2600 - time: 27    - [train] loss: 0.1002 (+/-0.0311) - [valid] loss: 0.103  (+/-0.0341) - [test] loss: 0.0942 (+/-0.0252)
2019-07-17 13:31:56,341 INFO - logger - Iter 2700 - time: 27    - [train] loss: 0.1008 (+/-0.0265) - [valid] loss: 0.0676 (+/-0.0151) - [test] loss: 0.0654 (+/-0.0163)
2019-07-17 13:32:23,645 INFO - logger - Iter 2800 - time: 27    - [train] loss: 0.0681 (+/-0.0204) - [valid] loss: 0.0622 (+/-0.0131) - [test] loss: 0.0743 (+/-0.0177)
2019-07-17 13:32:50,740 INFO - logger - Iter 2900 - time: 27    - [train] loss: 0.0791 (+/-0.0253) - [valid] loss: 0.0726 (+/-0.0172) - [test] loss: 0.0865 (+/-0.0246)
2019-07-17 13:33:17,950 INFO - logger - Iter 3000 - time: 27    - [train] loss: 0.0937 (+/-0.0377) - [valid] loss: 0.0838 (+/-0.0228) - [test] loss: 0.0591 (+/-0.014 )
2019-07-17 13:33:46,040 INFO - logger - Iter 3100 - time: 28    - [train] loss: 0.0774 (+/-0.0273) - [valid] loss: 0.0704 (+/-0.0166) - [test] loss: 0.0666 (+/-0.0202)
2019-07-17 13:34:13,328 INFO - logger - Iter 3200 - time: 27    - [train] loss: 0.0773 (+/-0.022 ) - [valid] loss: 0.0623 (+/-0.014 ) - [test] loss: 0.0834 (+/-0.0215)
2019-07-17 13:34:41,904 INFO - logger - Iter 3300 - time: 28    - [train] loss: 0.0699 (+/-0.0222) - [valid] loss: 0.0593 (+/-0.0154) - [test] loss: 0.0561 (+/-0.0153)
2019-07-17 13:35:08,809 INFO - logger - Iter 3400 - time: 26    - [train] loss: 0.055  (+/-0.0136) - [valid] loss: 0.0587 (+/-0.0144) - [test] loss: 0.0694 (+/-0.0273)
2019-07-17 13:35:37,676 INFO - logger - Iter 3500 - time: 28    - [train] loss: 0.0601 (+/-0.0177) - [valid] loss: 0.0637 (+/-0.0202) - [test] loss: 0.087  (+/-0.0226)
2019-07-17 13:36:05,006 INFO - logger - Iter 3600 - time: 27    - [train] loss: 0.0636 (+/-0.0146) - [valid] loss: 0.0823 (+/-0.0256) - [test] loss: 0.0773 (+/-0.0191)
2019-07-17 13:36:32,919 INFO - logger - Iter 3700 - time: 27    - [train] loss: 0.0623 (+/-0.0169) - [valid] loss: 0.0732 (+/-0.0205) - [test] loss: 0.0593 (+/-0.0175)
2019-07-17 13:36:59,835 INFO - logger - Iter 3800 - time: 26    - [train] loss: 0.0787 (+/-0.0231) - [valid] loss: 0.0751 (+/-0.0213) - [test] loss: 0.0764 (+/-0.0251)
2019-07-17 13:37:27,752 INFO - logger - Iter 3900 - time: 27    - [train] loss: 0.0643 (+/-0.0221) - [valid] loss: 0.0707 (+/-0.0224) - [test] loss: 0.0772 (+/-0.0168)
2019-07-17 13:37:54,915 INFO - logger - Iter 4000 - time: 27    - [train] loss: 0.0857 (+/-0.0412) - [valid] loss: 0.0723 (+/-0.0216) - [test] loss: 0.0815 (+/-0.0309)
2019-07-17 13:38:23,700 INFO - logger - Iter 4100 - time: 28    - [train] loss: 0.0722 (+/-0.0212) - [valid] loss: 0.066  (+/-0.0202) - [test] loss: 0.0624 (+/-0.0235)
2019-07-17 13:38:50,156 INFO - logger - Iter 4200 - time: 26    - [train] loss: 0.0631 (+/-0.0323) - [valid] loss: 0.0508 (+/-0.0147) - [test] loss: 0.0551 (+/-0.016 )
2019-07-17 13:39:19,471 INFO - logger - Iter 4300 - time: 29    - [train] loss: 0.0748 (+/-0.0225) - [valid] loss: 0.0643 (+/-0.017 ) - [test] loss: 0.0713 (+/-0.0354)
2019-07-17 13:39:46,361 INFO - logger - Iter 4400 - time: 26    - [train] loss: 0.0664 (+/-0.0242) - [valid] loss: 0.0527 (+/-0.0182) - [test] loss: 0.0492 (+/-0.0142)
2019-07-17 13:40:13,434 INFO - logger - Iter 4500 - time: 27    - [train] loss: 0.0795 (+/-0.0334) - [valid] loss: 0.0899 (+/-0.039 ) - [test] loss: 0.0676 (+/-0.0223)
2019-07-17 13:40:39,950 INFO - logger - Iter 4600 - time: 26    - [train] loss: 0.0492 (+/-0.0152) - [valid] loss: 0.0494 (+/-0.0121) - [test] loss: 0.0833 (+/-0.0323)
2019-07-17 13:41:06,688 INFO - logger - Iter 4700 - time: 26    - [train] loss: 0.0865 (+/-0.0327) - [valid] loss: 0.0475 (+/-0.0124) - [test] loss: 0.0486 (+/-0.0132)
2019-07-17 13:41:33,961 INFO - logger - Iter 4800 - time: 27    - [train] loss: 0.0433 (+/-0.0123) - [valid] loss: 0.0502 (+/-0.0266) - [test] loss: 0.0677 (+/-0.0452)
2019-07-17 13:42:01,618 INFO - logger - Iter 4900 - time: 27    - [train] loss: 0.0886 (+/-0.066 ) - [valid] loss: 0.0451 (+/-0.0111) - [test] loss: 0.0592 (+/-0.0196)
2019-07-17 13:42:28,292 INFO - logger - Iter 5000 - time: 26    - [train] loss: 0.0497 (+/-0.0171) - [valid] loss: 0.0647 (+/-0.028 ) - [test] loss: 0.0635 (+/-0.0293)
2019-07-17 13:42:56,464 INFO - logger - Iter 5100 - time: 28    - [train] loss: 0.0534 (+/-0.012 ) - [valid] loss: 0.0595 (+/-0.0144) - [test] loss: 0.0658 (+/-0.0209)
2019-07-17 13:43:22,834 INFO - logger - Iter 5200 - time: 26    - [train] loss: 0.0953 (+/-0.0664) - [valid] loss: 0.0435 (+/-0.0105) - [test] loss: 0.0499 (+/-0.0149)
2019-07-17 13:43:50,724 INFO - logger - Iter 5300 - time: 27    - [train] loss: 0.0545 (+/-0.0191) - [valid] loss: 0.0445 (+/-0.0096) - [test] loss: 0.0815 (+/-0.055 )
2019-07-17 13:44:17,965 INFO - logger - Iter 5400 - time: 27    - [train] loss: 0.0415 (+/-0.0106) - [valid] loss: 0.0425 (+/-0.0115) - [test] loss: 0.0463 (+/-0.013 )
2019-07-17 13:44:46,900 INFO - logger - Iter 5500 - time: 28    - [train] loss: 0.034  (+/-0.0079) - [valid] loss: 0.0524 (+/-0.0168) - [test] loss: 0.0451 (+/-0.0126)
2019-07-17 13:45:12,835 INFO - logger - Iter 5600 - time: 25    - [train] loss: 0.038  (+/-0.0078) - [valid] loss: 0.0312 (+/-0.0077) - [test] loss: 0.0363 (+/-0.0076)
2019-07-17 13:45:41,949 INFO - logger - Iter 5700 - time: 29    - [train] loss: 0.0378 (+/-0.0071) - [valid] loss: 0.0526 (+/-0.0125) - [test] loss: 0.0611 (+/-0.023 )
2019-07-17 13:46:09,125 INFO - logger - Iter 5800 - time: 27    - [train] loss: 0.0606 (+/-0.0253) - [valid] loss: 0.0357 (+/-0.0077) - [test] loss: 0.0391 (+/-0.0121)
2019-07-17 13:46:37,309 INFO - logger - Iter 5900 - time: 28    - [train] loss: 0.0444 (+/-0.0108) - [valid] loss: 0.0338 (+/-0.0072) - [test] loss: 0.0411 (+/-0.0122)
2019-07-17 13:47:05,816 INFO - logger - Iter 6000 - time: 28    - [train] loss: 0.0529 (+/-0.0176) - [valid] loss: 0.0415 (+/-0.0115) - [test] loss: 0.0509 (+/-0.0208)
2019-07-17 13:47:33,571 INFO - logger - Iter 6100 - time: 27    - [train] loss: 0.0452 (+/-0.01  ) - [valid] loss: 0.0626 (+/-0.0193) - [test] loss: 0.0445 (+/-0.0088)
2019-07-17 13:48:01,189 INFO - logger - Iter 6200 - time: 27    - [train] loss: 0.0503 (+/-0.0271) - [valid] loss: 0.0336 (+/-0.0062) - [test] loss: 0.0506 (+/-0.0155)
2019-07-17 13:48:29,129 INFO - logger - Iter 6300 - time: 27    - [train] loss: 0.0529 (+/-0.0258) - [valid] loss: 0.036  (+/-0.0157) - [test] loss: 0.039  (+/-0.013 )
2019-07-17 13:48:57,308 INFO - logger - Iter 6400 - time: 28    - [train] loss: 0.0447 (+/-0.0111) - [valid] loss: 0.0364 (+/-0.0075) - [test] loss: 0.0592 (+/-0.0191)
2019-07-17 13:49:24,740 INFO - logger - Iter 6500 - time: 27    - [train] loss: 0.0444 (+/-0.0175) - [valid] loss: 0.0432 (+/-0.0167) - [test] loss: 0.0478 (+/-0.0143)
2019-07-17 13:49:52,333 INFO - logger - Iter 6600 - time: 27    - [train] loss: 0.0352 (+/-0.0091) - [valid] loss: 0.0573 (+/-0.0265) - [test] loss: 0.0365 (+/-0.0095)
2019-07-17 13:50:19,098 INFO - logger - Iter 6700 - time: 26    - [train] loss: 0.04   (+/-0.0144) - [valid] loss: 0.0312 (+/-0.0099) - [test] loss: 0.0442 (+/-0.0218)
2019-07-17 13:50:47,536 INFO - logger - Iter 6800 - time: 28    - [train] loss: 0.0448 (+/-0.0152) - [valid] loss: 0.0569 (+/-0.0449) - [test] loss: 0.0336 (+/-0.0112)
2019-07-17 13:51:15,122 INFO - logger - Iter 6900 - time: 27    - [train] loss: 0.0492 (+/-0.0136) - [valid] loss: 0.0377 (+/-0.0075) - [test] loss: 0.0476 (+/-0.0115)
2019-07-17 13:51:41,712 INFO - logger - Iter 7000 - time: 26    - [train] loss: 0.0352 (+/-0.0099) - [valid] loss: 0.0373 (+/-0.0104) - [test] loss: 0.0383 (+/-0.0133)
2019-07-17 13:52:08,319 INFO - logger - Iter 7100 - time: 26    - [train] loss: 0.0494 (+/-0.0183) - [valid] loss: 0.0428 (+/-0.0118) - [test] loss: 0.0397 (+/-0.0107)
2019-07-17 13:52:35,466 INFO - logger - Iter 7200 - time: 27    - [train] loss: 0.0372 (+/-0.0107) - [valid] loss: 0.037  (+/-0.0092) - [test] loss: 0.0322 (+/-0.0055)
2019-07-17 13:53:03,167 INFO - logger - Iter 7300 - time: 27    - [train] loss: 0.0282 (+/-0.0064) - [valid] loss: 0.0306 (+/-0.0078) - [test] loss: 0.0376 (+/-0.0133)
2019-07-17 13:53:30,876 INFO - logger - Iter 7400 - time: 27    - [train] loss: 0.0463 (+/-0.0155) - [valid] loss: 0.0423 (+/-0.0099) - [test] loss: 0.042  (+/-0.0236)
2019-07-17 13:53:58,815 INFO - logger - Iter 7500 - time: 27    - [train] loss: 0.0479 (+/-0.0303) - [valid] loss: 0.0308 (+/-0.0075) - [test] loss: 0.0314 (+/-0.0075)
2019-07-17 13:54:27,154 INFO - logger - Iter 7600 - time: 28    - [train] loss: 0.0318 (+/-0.0094) - [valid] loss: 0.0303 (+/-0.0086) - [test] loss: 0.0337 (+/-0.0087)
2019-07-17 13:54:54,532 INFO - logger - Iter 7700 - time: 27    - [train] loss: 0.0529 (+/-0.033 ) - [valid] loss: 0.029  (+/-0.0066) - [test] loss: 0.0393 (+/-0.0107)
2019-07-17 13:55:22,602 INFO - logger - Iter 7800 - time: 28    - [train] loss: 0.0378 (+/-0.0105) - [valid] loss: 0.0369 (+/-0.0142) - [test] loss: 0.0403 (+/-0.0238)
2019-07-17 13:55:48,877 INFO - logger - Iter 7900 - time: 26    - [train] loss: 0.0275 (+/-0.0077) - [valid] loss: 0.033  (+/-0.0066) - [test] loss: 0.0361 (+/-0.0165)
2019-07-17 13:56:17,747 INFO - logger - Iter 8000 - time: 28    - [train] loss: 0.0373 (+/-0.0118) - [valid] loss: 0.0354 (+/-0.0099) - [test] loss: 0.033  (+/-0.012 )
2019-07-17 13:56:44,510 INFO - logger - Iter 8100 - time: 26    - [train] loss: 0.0282 (+/-0.0092) - [valid] loss: 0.0466 (+/-0.0158) - [test] loss: 0.0302 (+/-0.0073)
2019-07-17 13:57:12,295 INFO - logger - Iter 8200 - time: 27    - [train] loss: 0.0347 (+/-0.0105) - [valid] loss: 0.0365 (+/-0.0117) - [test] loss: 0.0301 (+/-0.0101)
2019-07-17 13:57:39,060 INFO - logger - Iter 8300 - time: 26    - [train] loss: 0.0397 (+/-0.0132) - [valid] loss: 0.0583 (+/-0.0295) - [test] loss: 0.037  (+/-0.0105)
2019-07-17 13:58:07,393 INFO - logger - Iter 8400 - time: 28    - [train] loss: 0.0365 (+/-0.015 ) - [valid] loss: 0.0291 (+/-0.007 ) - [test] loss: 0.061  (+/-0.0475)
2019-07-17 13:58:34,909 INFO - logger - Iter 8500 - time: 27    - [train] loss: 0.0334 (+/-0.0096) - [valid] loss: 0.0379 (+/-0.0124) - [test] loss: 0.0237 (+/-0.0052)
2019-07-17 13:59:02,386 INFO - logger - Iter 8600 - time: 27    - [train] loss: 0.0432 (+/-0.0207) - [valid] loss: 0.0357 (+/-0.0158) - [test] loss: 0.038  (+/-0.0124)
2019-07-17 13:59:29,306 INFO - logger - Iter 8700 - time: 26    - [train] loss: 0.0463 (+/-0.0179) - [valid] loss: 0.0335 (+/-0.013 ) - [test] loss: 0.0352 (+/-0.0162)
2019-07-17 13:59:57,161 INFO - logger - Iter 8800 - time: 27    - [train] loss: 0.0546 (+/-0.044 ) - [valid] loss: 0.0331 (+/-0.0117) - [test] loss: 0.0335 (+/-0.0084)
2019-07-17 14:00:24,248 INFO - logger - Iter 8900 - time: 27    - [train] loss: 0.0257 (+/-0.0073) - [valid] loss: 0.0288 (+/-0.0094) - [test] loss: 0.0264 (+/-0.0081)
2019-07-17 14:00:53,002 INFO - logger - Iter 9000 - time: 28    - [train] loss: 0.0327 (+/-0.0086) - [valid] loss: 0.0307 (+/-0.0106) - [test] loss: 0.0279 (+/-0.0067)
2019-07-17 14:01:19,546 INFO - logger - Iter 9100 - time: 26    - [train] loss: 0.0676 (+/-0.0419) - [valid] loss: 0.0509 (+/-0.0309) - [test] loss: 0.0336 (+/-0.0104)
2019-07-17 14:01:48,366 INFO - logger - Iter 9200 - time: 28    - [train] loss: 0.0596 (+/-0.0603) - [valid] loss: 0.0303 (+/-0.0098) - [test] loss: 0.0292 (+/-0.0076)
2019-07-17 14:02:16,233 INFO - logger - Iter 9300 - time: 27    - [train] loss: 0.0343 (+/-0.0109) - [valid] loss: 0.0342 (+/-0.0183) - [test] loss: 0.0364 (+/-0.0105)
2019-07-17 14:02:43,113 INFO - logger - Iter 9400 - time: 26    - [train] loss: 0.0394 (+/-0.012 ) - [valid] loss: 0.0346 (+/-0.0088) - [test] loss: 0.0491 (+/-0.0291)
2019-07-17 14:03:10,868 INFO - logger - Iter 9500 - time: 27    - [train] loss: 0.0342 (+/-0.0096) - [valid] loss: 0.0474 (+/-0.0158) - [test] loss: 0.0313 (+/-0.0098)
2019-07-17 14:03:37,769 INFO - logger - Iter 9600 - time: 26    - [train] loss: 0.0248 (+/-0.0058) - [valid] loss: 0.028  (+/-0.0055) - [test] loss: 0.0306 (+/-0.0099)
2019-07-17 14:04:06,164 INFO - logger - Iter 9700 - time: 28    - [train] loss: 0.0203 (+/-0.0041) - [valid] loss: 0.0342 (+/-0.0127) - [test] loss: 0.0247 (+/-0.0079)
2019-07-17 14:04:33,497 INFO - logger - Iter 9800 - time: 27    - [train] loss: 0.0243 (+/-0.0061) - [valid] loss: 0.0245 (+/-0.0065) - [test] loss: 0.0231 (+/-0.0059)
2019-07-17 14:05:01,753 INFO - logger - Iter 9900 - time: 28    - [train] loss: 0.029  (+/-0.0074) - [valid] loss: 0.0273 (+/-0.0074) - [test] loss: 0.0275 (+/-0.0059)
2019-07-17 14:05:28,907 INFO - logger - Iter 10000 - time: 27    - [train] loss: 0.0383 (+/-0.015 ) - [valid] loss: 0.0513 (+/-0.0381) - [test] loss: 0.0342 (+/-0.0089)
2019-07-17 14:05:57,306 INFO - logger - Iter 10100 - time: 28    - [train] loss: 0.0404 (+/-0.0171) - [valid] loss: 0.0263 (+/-0.0061) - [test] loss: 0.0306 (+/-0.0101)
2019-07-17 14:06:24,885 INFO - logger - Iter 10200 - time: 27    - [train] loss: 0.0311 (+/-0.0107) - [valid] loss: 0.0272 (+/-0.0129) - [test] loss: 0.0308 (+/-0.0082)
2019-07-17 14:06:52,913 INFO - logger - Iter 10300 - time: 28    - [train] loss: 0.0381 (+/-0.0122) - [valid] loss: 0.0587 (+/-0.0372) - [test] loss: 0.0369 (+/-0.012 )
2019-07-17 14:07:21,042 INFO - logger - Iter 10400 - time: 28    - [train] loss: 0.0165 (+/-0.0038) - [valid] loss: 0.0382 (+/-0.0131) - [test] loss: 0.0279 (+/-0.0073)
2019-07-17 14:07:49,454 INFO - logger - Iter 10500 - time: 28    - [train] loss: 0.0435 (+/-0.0291) - [valid] loss: 0.0334 (+/-0.0126) - [test] loss: 0.0243 (+/-0.0068)
2019-07-17 14:08:16,864 INFO - logger - Iter 10600 - time: 27    - [train] loss: 0.0321 (+/-0.0116) - [valid] loss: 0.028  (+/-0.0079) - [test] loss: 0.0388 (+/-0.0107)
2019-07-17 14:08:44,242 INFO - logger - Iter 10700 - time: 27    - [train] loss: 0.0471 (+/-0.0127) - [valid] loss: 0.0428 (+/-0.014 ) - [test] loss: 0.0387 (+/-0.0093)
2019-07-17 14:09:10,991 INFO - logger - Iter 10800 - time: 26    - [train] loss: 0.0387 (+/-0.0206) - [valid] loss: 0.0261 (+/-0.006 ) - [test] loss: 0.0306 (+/-0.0146)
2019-07-17 14:09:38,548 INFO - logger - Iter 10900 - time: 27    - [train] loss: 0.026  (+/-0.0065) - [valid] loss: 0.0502 (+/-0.0266) - [test] loss: 0.0373 (+/-0.0114)
2019-07-17 14:10:05,274 INFO - logger - Iter 11000 - time: 26    - [train] loss: 0.0356 (+/-0.0136) - [valid] loss: 0.0289 (+/-0.0124) - [test] loss: 0.0248 (+/-0.0061)
2019-07-17 14:10:33,785 INFO - logger - Iter 11100 - time: 28    - [train] loss: 0.0231 (+/-0.0054) - [valid] loss: 0.0311 (+/-0.0111) - [test] loss: 0.0238 (+/-0.0059)
2019-07-17 14:11:00,099 INFO - logger - Iter 11200 - time: 26    - [train] loss: 0.0297 (+/-0.0102) - [valid] loss: 0.0422 (+/-0.0201) - [test] loss: 0.0417 (+/-0.0172)
2019-07-17 14:11:27,947 INFO - logger - Iter 11300 - time: 27    - [train] loss: 0.0323 (+/-0.0094) - [valid] loss: 0.0228 (+/-0.0062) - [test] loss: 0.0324 (+/-0.0118)
2019-07-17 14:11:53,950 INFO - logger - Iter 11400 - time: 26    - [train] loss: 0.0315 (+/-0.0098) - [valid] loss: 0.0298 (+/-0.0074) - [test] loss: 0.0406 (+/-0.0139)
2019-07-17 14:12:22,139 INFO - logger - Iter 11500 - time: 28    - [train] loss: 0.0304 (+/-0.0074) - [valid] loss: 0.0419 (+/-0.0255) - [test] loss: 0.0282 (+/-0.0078)
2019-07-17 14:12:49,077 INFO - logger - Iter 11600 - time: 26    - [train] loss: 0.0309 (+/-0.0125) - [valid] loss: 0.0306 (+/-0.0114) - [test] loss: 0.0274 (+/-0.0098)
2019-07-17 14:13:15,665 INFO - logger - Iter 11700 - time: 26    - [train] loss: 0.0263 (+/-0.0077) - [valid] loss: 0.0245 (+/-0.0054) - [test] loss: 0.0312 (+/-0.0104)
2019-07-17 14:13:43,248 INFO - logger - Iter 11800 - time: 27    - [train] loss: 0.0231 (+/-0.0052) - [valid] loss: 0.031  (+/-0.0081) - [test] loss: 0.0246 (+/-0.008 )
2019-07-17 14:14:09,949 INFO - logger - Iter 11900 - time: 26    - [train] loss: 0.0576 (+/-0.0481) - [valid] loss: 0.0222 (+/-0.004 ) - [test] loss: 0.0438 (+/-0.0221)
2019-07-17 14:14:37,459 INFO - logger - Iter 12000 - time: 27    - [train] loss: 0.0284 (+/-0.0075) - [valid] loss: 0.0232 (+/-0.0048) - [test] loss: 0.0256 (+/-0.006 )
2019-07-17 14:15:06,189 INFO - logger - Iter 12100 - time: 28    - [train] loss: 0.0343 (+/-0.0129) - [valid] loss: 0.0286 (+/-0.0076) - [test] loss: 0.0289 (+/-0.0067)
2019-07-17 14:15:32,576 INFO - logger - Iter 12200 - time: 26    - [train] loss: 0.0264 (+/-0.0066) - [valid] loss: 0.0328 (+/-0.0132) - [test] loss: 0.0309 (+/-0.0119)
2019-07-17 14:16:00,886 INFO - logger - Iter 12300 - time: 28    - [train] loss: 0.0285 (+/-0.0082) - [valid] loss: 0.0285 (+/-0.0125) - [test] loss: 0.0375 (+/-0.0202)
2019-07-17 14:16:27,933 INFO - logger - Iter 12400 - time: 27    - [train] loss: 0.0308 (+/-0.0113) - [valid] loss: 0.0225 (+/-0.008 ) - [test] loss: 0.0461 (+/-0.0263)
2019-07-17 14:16:56,623 INFO - logger - Iter 12500 - time: 28    - [train] loss: 0.0282 (+/-0.0091) - [valid] loss: 0.025  (+/-0.008 ) - [test] loss: 0.0301 (+/-0.0077)
2019-07-17 14:17:23,775 INFO - logger - Iter 12600 - time: 27    - [train] loss: 0.0354 (+/-0.009 ) - [valid] loss: 0.0322 (+/-0.0113) - [test] loss: 0.0315 (+/-0.0067)
2019-07-17 14:17:51,896 INFO - logger - Iter 12700 - time: 28    - [train] loss: 0.0289 (+/-0.0141) - [valid] loss: 0.0296 (+/-0.0154) - [test] loss: 0.0266 (+/-0.0076)
2019-07-17 14:18:18,605 INFO - logger - Iter 12800 - time: 26    - [train] loss: 0.0265 (+/-0.0066) - [valid] loss: 0.0349 (+/-0.0137) - [test] loss: 0.0258 (+/-0.0074)
2019-07-17 14:18:46,106 INFO - logger - Iter 12900 - time: 27    - [train] loss: 0.0217 (+/-0.0072) - [valid] loss: 0.0256 (+/-0.0077) - [test] loss: 0.0307 (+/-0.0145)
2019-07-17 14:19:13,668 INFO - logger - Iter 13000 - time: 27    - [train] loss: 0.0299 (+/-0.0089) - [valid] loss: 0.0311 (+/-0.0086) - [test] loss: 0.036  (+/-0.0159)
2019-07-17 14:19:40,922 INFO - logger - Iter 13100 - time: 27    - [train] loss: 0.0354 (+/-0.0112) - [valid] loss: 0.0349 (+/-0.0109) - [test] loss: 0.0366 (+/-0.0138)
2019-07-17 14:20:08,580 INFO - logger - Iter 13200 - time: 27    - [train] loss: 0.0263 (+/-0.0078) - [valid] loss: 0.0294 (+/-0.009 ) - [test] loss: 0.0295 (+/-0.0135)
2019-07-17 14:20:36,101 INFO - logger - Iter 13300 - time: 27    - [train] loss: 0.0342 (+/-0.0146) - [valid] loss: 0.0288 (+/-0.0103) - [test] loss: 0.0255 (+/-0.0122)
2019-07-17 14:21:03,279 INFO - logger - Iter 13400 - time: 27    - [train] loss: 0.0298 (+/-0.0069) - [valid] loss: 0.0381 (+/-0.0104) - [test] loss: 0.0295 (+/-0.0062)
2019-07-17 14:21:31,209 INFO - logger - Iter 13500 - time: 27    - [train] loss: 0.026  (+/-0.0099) - [valid] loss: 0.0269 (+/-0.0173) - [test] loss: 0.0277 (+/-0.0085)
2019-07-17 14:21:57,715 INFO - logger - Iter 13600 - time: 26    - [train] loss: 0.0242 (+/-0.0072) - [valid] loss: 0.0237 (+/-0.0106) - [test] loss: 0.0246 (+/-0.0064)
2019-07-17 14:22:26,082 INFO - logger - Iter 13700 - time: 28    - [train] loss: 0.0279 (+/-0.0106) - [valid] loss: 0.0261 (+/-0.0072) - [test] loss: 0.0357 (+/-0.0172)
2019-07-17 14:22:54,383 INFO - logger - Iter 13800 - time: 28    - [train] loss: 0.034  (+/-0.0141) - [valid] loss: 0.0307 (+/-0.0106) - [test] loss: 0.0302 (+/-0.0097)
2019-07-17 14:23:22,043 INFO - logger - Iter 13900 - time: 27    - [train] loss: 0.0271 (+/-0.0107) - [valid] loss: 0.0358 (+/-0.0253) - [test] loss: 0.0373 (+/-0.0158)
2019-07-17 14:23:49,860 INFO - logger - Iter 14000 - time: 27    - [train] loss: 0.0229 (+/-0.008 ) - [valid] loss: 0.0226 (+/-0.0085) - [test] loss: 0.0234 (+/-0.0079)
2019-07-17 14:24:17,555 INFO - logger - Iter 14100 - time: 27    - [train] loss: 0.0307 (+/-0.012 ) - [valid] loss: 0.0338 (+/-0.0133) - [test] loss: 0.0251 (+/-0.0087)
2019-07-17 14:24:44,261 INFO - logger - Iter 14200 - time: 26    - [train] loss: 0.0266 (+/-0.0099) - [valid] loss: 0.0315 (+/-0.013 ) - [test] loss: 0.0328 (+/-0.0128)
2019-07-17 14:25:11,613 INFO - logger - Iter 14300 - time: 27    - [train] loss: 0.0215 (+/-0.0078) - [valid] loss: 0.0195 (+/-0.0048) - [test] loss: 0.0241 (+/-0.009 )
2019-07-17 14:25:39,913 INFO - logger - Iter 14400 - time: 28    - [train] loss: 0.032  (+/-0.011 ) - [valid] loss: 0.0192 (+/-0.0041) - [test] loss: 0.0317 (+/-0.0194)
2019-07-17 14:26:08,139 INFO - logger - Iter 14500 - time: 28    - [train] loss: 0.0247 (+/-0.0039) - [valid] loss: 0.0303 (+/-0.0081) - [test] loss: 0.0225 (+/-0.0043)
2019-07-17 14:26:35,639 INFO - logger - Iter 14600 - time: 27    - [train] loss: 0.024  (+/-0.0066) - [valid] loss: 0.0193 (+/-0.0053) - [test] loss: 0.0204 (+/-0.0037)
2019-07-17 14:27:02,621 INFO - logger - Iter 14700 - time: 26    - [train] loss: 0.0257 (+/-0.0101) - [valid] loss: 0.0292 (+/-0.0167) - [test] loss: 0.0202 (+/-0.0052)
2019-07-17 14:27:30,798 INFO - logger - Iter 14800 - time: 28    - [train] loss: 0.02   (+/-0.0042) - [valid] loss: 0.0201 (+/-0.0049) - [test] loss: 0.0354 (+/-0.0125)
2019-07-17 14:27:57,798 INFO - logger - Iter 14900 - time: 26    - [train] loss: 0.0453 (+/-0.0239) - [valid] loss: 0.0357 (+/-0.013 ) - [test] loss: 0.0312 (+/-0.0081)
2019-07-17 14:28:25,928 INFO - logger - Iter 15000 - time: 28    - [train] loss: 0.0191 (+/-0.0054) - [valid] loss: 0.0215 (+/-0.0074) - [test] loss: 0.0264 (+/-0.0086)
2019-07-17 14:28:53,733 INFO - logger - Iter 15100 - time: 27    - [train] loss: 0.0344 (+/-0.0102) - [valid] loss: 0.0236 (+/-0.0061) - [test] loss: 0.026  (+/-0.0075)
2019-07-17 14:29:21,853 INFO - logger - Iter 15200 - time: 28    - [train] loss: 0.0343 (+/-0.0164) - [valid] loss: 0.0282 (+/-0.012 ) - [test] loss: 0.0216 (+/-0.0055)
2019-07-17 14:29:49,088 INFO - logger - Iter 15300 - time: 27    - [train] loss: 0.029  (+/-0.0116) - [valid] loss: 0.0217 (+/-0.0067) - [test] loss: 0.0179 (+/-0.0044)
2019-07-17 14:30:17,420 INFO - logger - Iter 15400 - time: 28    - [train] loss: 0.0256 (+/-0.0106) - [valid] loss: 0.0206 (+/-0.0042) - [test] loss: 0.0334 (+/-0.0168)
2019-07-17 14:30:45,655 INFO - logger - Iter 15500 - time: 28    - [train] loss: 0.0264 (+/-0.0069) - [valid] loss: 0.0303 (+/-0.0103) - [test] loss: 0.035  (+/-0.0143)
2019-07-17 14:31:12,231 INFO - logger - Iter 15600 - time: 26    - [train] loss: 0.029  (+/-0.0068) - [valid] loss: 0.0338 (+/-0.0087) - [test] loss: 0.0326 (+/-0.0108)
2019-07-17 14:31:40,092 INFO - logger - Iter 15700 - time: 27    - [train] loss: 0.0206 (+/-0.0063) - [valid] loss: 0.0215 (+/-0.0059) - [test] loss: 0.0348 (+/-0.0173)
2019-07-17 14:32:07,386 INFO - logger - Iter 15800 - time: 27    - [train] loss: 0.042  (+/-0.0327) - [valid] loss: 0.0318 (+/-0.0145) - [test] loss: 0.025  (+/-0.0106)
2019-07-17 14:32:36,088 INFO - logger - Iter 15900 - time: 28    - [train] loss: 0.0275 (+/-0.0082) - [valid] loss: 0.0319 (+/-0.0096) - [test] loss: 0.0209 (+/-0.004 )
2019-07-17 14:33:03,865 INFO - logger - Iter 16000 - time: 27    - [train] loss: 0.0257 (+/-0.0078) - [valid] loss: 0.036  (+/-0.0134) - [test] loss: 0.0333 (+/-0.0108)
2019-07-17 14:33:32,577 INFO - logger - Iter 16100 - time: 28    - [train] loss: 0.0353 (+/-0.0193) - [valid] loss: 0.0422 (+/-0.0267) - [test] loss: 0.0207 (+/-0.0049)
2019-07-17 14:33:59,398 INFO - logger - Iter 16200 - time: 26    - [train] loss: 0.0265 (+/-0.008 ) - [valid] loss: 0.022  (+/-0.0089) - [test] loss: 0.0252 (+/-0.0063)
2019-07-17 14:34:27,126 INFO - logger - Iter 16300 - time: 27    - [train] loss: 0.0216 (+/-0.0068) - [valid] loss: 0.0308 (+/-0.0121) - [test] loss: 0.0251 (+/-0.0081)
2019-07-17 14:34:53,646 INFO - logger - Iter 16400 - time: 26    - [train] loss: 0.0262 (+/-0.0101) - [valid] loss: 0.0216 (+/-0.0085) - [test] loss: 0.03   (+/-0.0082)
2019-07-17 14:35:21,503 INFO - logger - Iter 16500 - time: 27    - [train] loss: 0.0225 (+/-0.0089) - [valid] loss: 0.0219 (+/-0.0078) - [test] loss: 0.0179 (+/-0.0048)
2019-07-17 14:35:48,104 INFO - logger - Iter 16600 - time: 26    - [train] loss: 0.021  (+/-0.0124) - [valid] loss: 0.0348 (+/-0.0287) - [test] loss: 0.0174 (+/-0.0066)
2019-07-17 14:36:16,191 INFO - logger - Iter 16700 - time: 28    - [train] loss: 0.0307 (+/-0.0116) - [valid] loss: 0.028  (+/-0.0081) - [test] loss: 0.0281 (+/-0.0113)
2019-07-17 14:36:43,494 INFO - logger - Iter 16800 - time: 27    - [train] loss: 0.021  (+/-0.0056) - [valid] loss: 0.026  (+/-0.0118) - [test] loss: 0.019  (+/-0.0044)
2019-07-17 14:37:11,592 INFO - logger - Iter 16900 - time: 28    - [train] loss: 0.024  (+/-0.0068) - [valid] loss: 0.0204 (+/-0.0045) - [test] loss: 0.0273 (+/-0.0066)
2019-07-17 14:37:38,792 INFO - logger - Iter 17000 - time: 27    - [train] loss: 0.0227 (+/-0.0065) - [valid] loss: 0.0288 (+/-0.0105) - [test] loss: 0.0259 (+/-0.0111)
2019-07-17 14:38:06,669 INFO - logger - Iter 17100 - time: 27    - [train] loss: 0.0241 (+/-0.0095) - [valid] loss: 0.0202 (+/-0.0056) - [test] loss: 0.0247 (+/-0.0111)
2019-07-17 14:38:33,942 INFO - logger - Iter 17200 - time: 27    - [train] loss: 0.021  (+/-0.0066) - [valid] loss: 0.0314 (+/-0.0098) - [test] loss: 0.0266 (+/-0.0061)
2019-07-17 14:39:00,985 INFO - logger - Iter 17300 - time: 27    - [train] loss: 0.0341 (+/-0.0163) - [valid] loss: 0.0208 (+/-0.0054) - [test] loss: 0.0234 (+/-0.0092)
2019-07-17 14:39:29,457 INFO - logger - Iter 17400 - time: 28    - [train] loss: 0.0255 (+/-0.007 ) - [valid] loss: 0.0204 (+/-0.0088) - [test] loss: 0.0216 (+/-0.0049)
2019-07-17 14:39:57,283 INFO - logger - Iter 17500 - time: 27    - [train] loss: 0.0258 (+/-0.0069) - [valid] loss: 0.0185 (+/-0.0037) - [test] loss: 0.0218 (+/-0.0062)
2019-07-17 14:40:24,882 INFO - logger - Iter 17600 - time: 27    - [train] loss: 0.0244 (+/-0.009 ) - [valid] loss: 0.0239 (+/-0.011 ) - [test] loss: 0.0283 (+/-0.0082)
2019-07-17 14:40:52,395 INFO - logger - Iter 17700 - time: 27    - [train] loss: 0.0243 (+/-0.0125) - [valid] loss: 0.0217 (+/-0.0064) - [test] loss: 0.02   (+/-0.0047)
2019-07-17 14:41:19,394 INFO - logger - Iter 17800 - time: 26    - [train] loss: 0.0183 (+/-0.0044) - [valid] loss: 0.0201 (+/-0.0059) - [test] loss: 0.0334 (+/-0.0148)
2019-07-17 14:41:46,625 INFO - logger - Iter 17900 - time: 27    - [train] loss: 0.0245 (+/-0.0132) - [valid] loss: 0.0353 (+/-0.0142) - [test] loss: 0.0197 (+/-0.0069)
2019-07-17 14:42:15,246 INFO - logger - Iter 18000 - time: 28    - [train] loss: 0.0208 (+/-0.0054) - [valid] loss: 0.0227 (+/-0.0105) - [test] loss: 0.0289 (+/-0.0077)
2019-07-17 14:42:42,616 INFO - logger - Iter 18100 - time: 27    - [train] loss: 0.0236 (+/-0.0074) - [valid] loss: 0.0194 (+/-0.0048) - [test] loss: 0.0241 (+/-0.0064)
2019-07-17 14:43:11,954 INFO - logger - Iter 18200 - time: 29    - [train] loss: 0.0236 (+/-0.0082) - [valid] loss: 0.0193 (+/-0.0035) - [test] loss: 0.0313 (+/-0.016 )
2019-07-17 14:43:39,494 INFO - logger - Iter 18300 - time: 27    - [train] loss: 0.021  (+/-0.005 ) - [valid] loss: 0.0297 (+/-0.0086) - [test] loss: 0.036  (+/-0.0247)
2019-07-17 14:44:07,317 INFO - logger - Iter 18400 - time: 27    - [train] loss: 0.0194 (+/-0.0075) - [valid] loss: 0.0234 (+/-0.014 ) - [test] loss: 0.0215 (+/-0.0053)
2019-07-17 14:44:34,863 INFO - logger - Iter 18500 - time: 27    - [train] loss: 0.0162 (+/-0.0042) - [valid] loss: 0.0247 (+/-0.0198) - [test] loss: 0.026  (+/-0.0104)
2019-07-17 14:45:02,037 INFO - logger - Iter 18600 - time: 27    - [train] loss: 0.0219 (+/-0.0073) - [valid] loss: 0.0221 (+/-0.0069) - [test] loss: 0.0249 (+/-0.0175)
2019-07-17 14:45:28,317 INFO - logger - Iter 18700 - time: 26    - [train] loss: 0.0206 (+/-0.0053) - [valid] loss: 0.0256 (+/-0.0075) - [test] loss: 0.0204 (+/-0.0053)
2019-07-17 14:45:55,740 INFO - logger - Iter 18800 - time: 27    - [train] loss: 0.0215 (+/-0.0086) - [valid] loss: 0.0226 (+/-0.0083) - [test] loss: 0.0232 (+/-0.0073)
2019-07-17 14:46:23,825 INFO - logger - Iter 18900 - time: 28    - [train] loss: 0.0364 (+/-0.0227) - [valid] loss: 0.0352 (+/-0.016 ) - [test] loss: 0.0483 (+/-0.0436)
2019-07-17 14:46:51,305 INFO - logger - Iter 19000 - time: 27    - [train] loss: 0.0209 (+/-0.006 ) - [valid] loss: 0.0237 (+/-0.0082) - [test] loss: 0.0249 (+/-0.0089)
2019-07-17 14:47:18,071 INFO - logger - Iter 19100 - time: 26    - [train] loss: 0.0194 (+/-0.0046) - [valid] loss: 0.0226 (+/-0.0062) - [test] loss: 0.0287 (+/-0.0086)
2019-07-17 14:47:46,907 INFO - logger - Iter 19200 - time: 28    - [train] loss: 0.0211 (+/-0.0044) - [valid] loss: 0.0301 (+/-0.0105) - [test] loss: 0.0169 (+/-0.0036)
2019-07-17 14:48:14,307 INFO - logger - Iter 19300 - time: 27    - [train] loss: 0.0211 (+/-0.0069) - [valid] loss: 0.0275 (+/-0.012 ) - [test] loss: 0.0249 (+/-0.0086)
2019-07-17 14:48:41,704 INFO - logger - Iter 19400 - time: 27    - [train] loss: 0.0231 (+/-0.0072) - [valid] loss: 0.0178 (+/-0.0059) - [test] loss: 0.0209 (+/-0.0058)
2019-07-17 14:49:10,090 INFO - logger - Iter 19500 - time: 28    - [train] loss: 0.0263 (+/-0.012 ) - [valid] loss: 0.0215 (+/-0.0103) - [test] loss: 0.0223 (+/-0.0101)
2019-07-17 14:49:37,878 INFO - logger - Iter 19600 - time: 27    - [train] loss: 0.0378 (+/-0.0121) - [valid] loss: 0.0255 (+/-0.0044) - [test] loss: 0.0257 (+/-0.0063)
2019-07-17 14:50:05,146 INFO - logger - Iter 19700 - time: 27    - [train] loss: 0.0284 (+/-0.0134) - [valid] loss: 0.0171 (+/-0.0044) - [test] loss: 0.0337 (+/-0.0119)
2019-07-17 14:50:32,374 INFO - logger - Iter 19800 - time: 27    - [train] loss: 0.0212 (+/-0.005 ) - [valid] loss: 0.0471 (+/-0.0322) - [test] loss: 0.0265 (+/-0.0098)
2019-07-17 14:50:59,719 INFO - logger - Iter 19900 - time: 27    - [train] loss: 0.0205 (+/-0.0069) - [valid] loss: 0.0238 (+/-0.0086) - [test] loss: 0.0196 (+/-0.0046)
2019-07-17 14:51:27,801 INFO - logger - Iter 20000 - time: 28    - [train] loss: 0.026  (+/-0.0127) - [valid] loss: 0.0216 (+/-0.0062) - [test] loss: 0.0296 (+/-0.0115)
2019-07-17 14:51:55,651 INFO - logger - Iter 20100 - time: 27    - [train] loss: 0.0321 (+/-0.0287) - [valid] loss: 0.0229 (+/-0.0088) - [test] loss: 0.0367 (+/-0.0205)
2019-07-17 14:52:23,794 INFO - logger - Iter 20200 - time: 28    - [train] loss: 0.0299 (+/-0.0134) - [valid] loss: 0.0316 (+/-0.0166) - [test] loss: 0.0197 (+/-0.0044)
2019-07-17 14:52:51,897 INFO - logger - Iter 20300 - time: 28    - [train] loss: 0.0203 (+/-0.0071) - [valid] loss: 0.0251 (+/-0.0098) - [test] loss: 0.0235 (+/-0.0102)
2019-07-17 14:53:19,175 INFO - logger - Iter 20400 - time: 27    - [train] loss: 0.0339 (+/-0.0125) - [valid] loss: 0.0282 (+/-0.0068) - [test] loss: 0.0298 (+/-0.009 )
2019-07-17 14:53:47,598 INFO - logger - Iter 20500 - time: 28    - [train] loss: 0.0225 (+/-0.0069) - [valid] loss: 0.0177 (+/-0.0054) - [test] loss: 0.0306 (+/-0.0169)
2019-07-17 14:54:14,592 INFO - logger - Iter 20600 - time: 26    - [train] loss: 0.0385 (+/-0.0376) - [valid] loss: 0.0321 (+/-0.0179) - [test] loss: 0.0176 (+/-0.0065)
2019-07-17 14:54:43,177 INFO - logger - Iter 20700 - time: 28    - [train] loss: 0.0224 (+/-0.0081) - [valid] loss: 0.041  (+/-0.0372) - [test] loss: 0.0266 (+/-0.008 )
2019-07-17 14:55:09,848 INFO - logger - Iter 20800 - time: 26    - [train] loss: 0.0195 (+/-0.0047) - [valid] loss: 0.0187 (+/-0.0054) - [test] loss: 0.0244 (+/-0.0124)
2019-07-17 14:55:37,098 INFO - logger - Iter 20900 - time: 27    - [train] loss: 0.0222 (+/-0.0055) - [valid] loss: 0.0236 (+/-0.0112) - [test] loss: 0.0282 (+/-0.0105)
2019-07-17 14:56:03,187 INFO - logger - Iter 21000 - time: 26    - [train] loss: 0.0371 (+/-0.0245) - [valid] loss: 0.0215 (+/-0.0097) - [test] loss: 0.029  (+/-0.0209)
2019-07-17 14:56:29,611 INFO - logger - Iter 21100 - time: 26    - [train] loss: 0.0137 (+/-0.0037) - [valid] loss: 0.0247 (+/-0.0102) - [test] loss: 0.0233 (+/-0.0095)
2019-07-17 14:56:56,962 INFO - logger - Iter 21200 - time: 27    - [train] loss: 0.0282 (+/-0.0163) - [valid] loss: 0.0188 (+/-0.0048) - [test] loss: 0.0273 (+/-0.0113)
2019-07-17 14:57:25,803 INFO - logger - Iter 21300 - time: 28    - [train] loss: 0.0236 (+/-0.0069) - [valid] loss: 0.0342 (+/-0.0133) - [test] loss: 0.0254 (+/-0.007 )
2019-07-17 14:57:53,448 INFO - logger - Iter 21400 - time: 27    - [train] loss: 0.0181 (+/-0.0044) - [valid] loss: 0.0297 (+/-0.011 ) - [test] loss: 0.0178 (+/-0.0042)
2019-07-17 14:58:22,193 INFO - logger - Iter 21500 - time: 28    - [train] loss: 0.0282 (+/-0.0171) - [valid] loss: 0.022  (+/-0.0089) - [test] loss: 0.0219 (+/-0.0069)
2019-07-17 14:58:49,354 INFO - logger - Iter 21600 - time: 27    - [train] loss: 0.0254 (+/-0.0078) - [valid] loss: 0.0298 (+/-0.0153) - [test] loss: 0.0466 (+/-0.025 )
2019-07-17 14:59:18,107 INFO - logger - Iter 21700 - time: 28    - [train] loss: 0.027  (+/-0.0106) - [valid] loss: 0.026  (+/-0.0158) - [test] loss: 0.0179 (+/-0.0052)
2019-07-17 14:59:46,133 INFO - logger - Iter 21800 - time: 28    - [train] loss: 0.0285 (+/-0.0091) - [valid] loss: 0.0308 (+/-0.02  ) - [test] loss: 0.0241 (+/-0.0103)
2019-07-17 15:00:13,692 INFO - logger - Iter 21900 - time: 27    - [train] loss: 0.0319 (+/-0.0225) - [valid] loss: 0.0386 (+/-0.0396) - [test] loss: 0.0192 (+/-0.011 )
2019-07-17 15:00:40,948 INFO - logger - Iter 22000 - time: 27    - [train] loss: 0.021  (+/-0.0057) - [valid] loss: 0.0257 (+/-0.006 ) - [test] loss: 0.0232 (+/-0.0073)
2019-07-17 15:01:09,365 INFO - logger - Iter 22100 - time: 28    - [train] loss: 0.0224 (+/-0.0103) - [valid] loss: 0.0306 (+/-0.0163) - [test] loss: 0.0177 (+/-0.0049)
2019-07-17 15:01:37,222 INFO - logger - Iter 22200 - time: 27    - [train] loss: 0.0354 (+/-0.0152) - [valid] loss: 0.0337 (+/-0.0191) - [test] loss: 0.0262 (+/-0.0065)
2019-07-17 15:02:05,299 INFO - logger - Iter 22300 - time: 28    - [train] loss: 0.0164 (+/-0.0042) - [valid] loss: 0.0258 (+/-0.0098) - [test] loss: 0.0323 (+/-0.0137)
2019-07-17 15:02:32,850 INFO - logger - Iter 22400 - time: 27    - [train] loss: 0.0174 (+/-0.0058) - [valid] loss: 0.0245 (+/-0.011 ) - [test] loss: 0.0385 (+/-0.0206)
2019-07-17 15:03:01,114 INFO - logger - Iter 22500 - time: 28    - [train] loss: 0.0282 (+/-0.0088) - [valid] loss: 0.0242 (+/-0.0057) - [test] loss: 0.0213 (+/-0.0061)
2019-07-17 15:03:28,019 INFO - logger - Iter 22600 - time: 26    - [train] loss: 0.0282 (+/-0.0092) - [valid] loss: 0.0198 (+/-0.0058) - [test] loss: 0.017  (+/-0.0044)
2019-07-17 15:03:56,113 INFO - logger - Iter 22700 - time: 28    - [train] loss: 0.0222 (+/-0.0058) - [valid] loss: 0.0244 (+/-0.0095) - [test] loss: 0.022  (+/-0.0049)
2019-07-17 15:04:23,226 INFO - logger - Iter 22800 - time: 27    - [train] loss: 0.0281 (+/-0.012 ) - [valid] loss: 0.0254 (+/-0.0077) - [test] loss: 0.0253 (+/-0.0085)
2019-07-17 15:04:51,284 INFO - logger - Iter 22900 - time: 28    - [train] loss: 0.0162 (+/-0.0036) - [valid] loss: 0.0254 (+/-0.0063) - [test] loss: 0.0154 (+/-0.0041)
2019-07-17 15:05:19,170 INFO - logger - Iter 23000 - time: 27    - [train] loss: 0.0306 (+/-0.008 ) - [valid] loss: 0.0218 (+/-0.0048) - [test] loss: 0.0248 (+/-0.0062)
2019-07-17 15:05:45,887 INFO - logger - Iter 23100 - time: 26    - [train] loss: 0.0179 (+/-0.0091) - [valid] loss: 0.0291 (+/-0.0211) - [test] loss: 0.0235 (+/-0.0091)
2019-07-17 15:06:12,031 INFO - logger - Iter 23200 - time: 26    - [train] loss: 0.0279 (+/-0.0142) - [valid] loss: 0.0216 (+/-0.0053) - [test] loss: 0.0253 (+/-0.0101)
2019-07-17 15:06:39,018 INFO - logger - Iter 23300 - time: 26    - [train] loss: 0.0242 (+/-0.0115) - [valid] loss: 0.0203 (+/-0.0064) - [test] loss: 0.0192 (+/-0.0051)
2019-07-17 15:07:06,243 INFO - logger - Iter 23400 - time: 27    - [train] loss: 0.0235 (+/-0.0076) - [valid] loss: 0.0303 (+/-0.0115) - [test] loss: 0.0349 (+/-0.0151)
2019-07-17 15:07:33,298 INFO - logger - Iter 23500 - time: 27    - [train] loss: 0.0302 (+/-0.0193) - [valid] loss: 0.0232 (+/-0.008 ) - [test] loss: 0.0262 (+/-0.0085)
2019-07-17 15:08:01,700 INFO - logger - Iter 23600 - time: 28    - [train] loss: 0.0206 (+/-0.0054) - [valid] loss: 0.0212 (+/-0.0078) - [test] loss: 0.0162 (+/-0.0052)
2019-07-17 15:08:29,192 INFO - logger - Iter 23700 - time: 27    - [train] loss: 0.0251 (+/-0.009 ) - [valid] loss: 0.0182 (+/-0.0043) - [test] loss: 0.0325 (+/-0.0227)
2019-07-17 15:08:57,475 INFO - logger - Iter 23800 - time: 28    - [train] loss: 0.0173 (+/-0.004 ) - [valid] loss: 0.0194 (+/-0.0078) - [test] loss: 0.0244 (+/-0.0098)
2019-07-17 15:09:24,440 INFO - logger - Iter 23900 - time: 26    - [train] loss: 0.038  (+/-0.0094) - [valid] loss: 0.0241 (+/-0.0077) - [test] loss: 0.0258 (+/-0.008 )
2019-07-17 15:09:52,252 INFO - logger - Iter 24000 - time: 27    - [train] loss: 0.0242 (+/-0.0118) - [valid] loss: 0.0151 (+/-0.0039) - [test] loss: 0.0168 (+/-0.0054)
2019-07-17 15:10:19,574 INFO - logger - Iter 24100 - time: 27    - [train] loss: 0.0299 (+/-0.0292) - [valid] loss: 0.0329 (+/-0.0164) - [test] loss: 0.0231 (+/-0.0064)
2019-07-17 15:10:47,878 INFO - logger - Iter 24200 - time: 28    - [train] loss: 0.0288 (+/-0.0113) - [valid] loss: 0.0243 (+/-0.0119) - [test] loss: 0.0211 (+/-0.011 )
2019-07-17 15:11:15,030 INFO - logger - Iter 24300 - time: 27    - [train] loss: 0.0309 (+/-0.0189) - [valid] loss: 0.0281 (+/-0.0131) - [test] loss: 0.0162 (+/-0.0045)
2019-07-17 15:11:44,140 INFO - logger - Iter 24400 - time: 29    - [train] loss: 0.0203 (+/-0.0066) - [valid] loss: 0.0309 (+/-0.0086) - [test] loss: 0.0188 (+/-0.0054)
2019-07-17 15:12:10,716 INFO - logger - Iter 24500 - time: 26    - [train] loss: 0.0277 (+/-0.0144) - [valid] loss: 0.0243 (+/-0.0079) - [test] loss: 0.0173 (+/-0.0047)
2019-07-17 15:12:39,297 INFO - logger - Iter 24600 - time: 28    - [train] loss: 0.0207 (+/-0.0067) - [valid] loss: 0.0189 (+/-0.0048) - [test] loss: 0.0216 (+/-0.008 )
2019-07-17 15:13:06,326 INFO - logger - Iter 24700 - time: 27    - [train] loss: 0.0268 (+/-0.017 ) - [valid] loss: 0.0217 (+/-0.0055) - [test] loss: 0.0148 (+/-0.0039)
2019-07-17 15:13:35,289 INFO - logger - Iter 24800 - time: 28    - [train] loss: 0.0217 (+/-0.0075) - [valid] loss: 0.0237 (+/-0.0072) - [test] loss: 0.0175 (+/-0.0052)
2019-07-17 15:14:02,337 INFO - logger - Iter 24900 - time: 27    - [train] loss: 0.0407 (+/-0.0184) - [valid] loss: 0.0183 (+/-0.0061) - [test] loss: 0.0198 (+/-0.0061)
2019-07-17 15:14:30,959 INFO - logger - Iter 25000 - time: 28    - [train] loss: 0.0242 (+/-0.0086) - [valid] loss: 0.0312 (+/-0.0156) - [test] loss: 0.018  (+/-0.0071)
2019-07-17 15:14:58,977 INFO - logger - Iter 25100 - time: 28    - [train] loss: 0.033  (+/-0.0133) - [valid] loss: 0.0185 (+/-0.007 ) - [test] loss: 0.0311 (+/-0.0182)
2019-07-17 15:15:25,794 INFO - logger - Iter 25200 - time: 26    - [train] loss: 0.0257 (+/-0.0108) - [valid] loss: 0.0224 (+/-0.0044) - [test] loss: 0.0202 (+/-0.0042)
2019-07-17 15:15:52,460 INFO - logger - Iter 25300 - time: 26    - [train] loss: 0.023  (+/-0.008 ) - [valid] loss: 0.017  (+/-0.0051) - [test] loss: 0.0192 (+/-0.0054)
2019-07-17 15:16:21,002 INFO - logger - Iter 25400 - time: 28    - [train] loss: 0.024  (+/-0.0107) - [valid] loss: 0.0214 (+/-0.0084) - [test] loss: 0.0146 (+/-0.0038)
2019-07-17 15:16:47,914 INFO - logger - Iter 25500 - time: 26    - [train] loss: 0.0288 (+/-0.0099) - [valid] loss: 0.0257 (+/-0.0086) - [test] loss: 0.0265 (+/-0.0146)
2019-07-17 15:17:15,156 INFO - logger - Iter 25600 - time: 27    - [train] loss: 0.0141 (+/-0.004 ) - [valid] loss: 0.021  (+/-0.0068) - [test] loss: 0.0214 (+/-0.0059)
2019-07-17 15:17:42,280 INFO - logger - Iter 25700 - time: 27    - [train] loss: 0.0152 (+/-0.0045) - [valid] loss: 0.0186 (+/-0.0048) - [test] loss: 0.0202 (+/-0.006 )
2019-07-17 15:18:09,488 INFO - logger - Iter 25800 - time: 27    - [train] loss: 0.019  (+/-0.0069) - [valid] loss: 0.0225 (+/-0.0078) - [test] loss: 0.0186 (+/-0.005 )
2019-07-17 15:18:36,776 INFO - logger - Iter 25900 - time: 27    - [train] loss: 0.02   (+/-0.0081) - [valid] loss: 0.0145 (+/-0.0035) - [test] loss: 0.0286 (+/-0.0186)
2019-07-17 15:19:05,085 INFO - logger - Iter 26000 - time: 28    - [train] loss: 0.019  (+/-0.0056) - [valid] loss: 0.0446 (+/-0.0437) - [test] loss: 0.0224 (+/-0.0065)
2019-07-17 15:19:31,449 INFO - logger - Iter 26100 - time: 26    - [train] loss: 0.0153 (+/-0.0047) - [valid] loss: 0.0204 (+/-0.0054) - [test] loss: 0.024  (+/-0.0111)
2019-07-17 15:19:59,620 INFO - logger - Iter 26200 - time: 28    - [train] loss: 0.0254 (+/-0.0113) - [valid] loss: 0.0153 (+/-0.0051) - [test] loss: 0.0275 (+/-0.0113)
2019-07-17 15:20:26,759 INFO - logger - Iter 26300 - time: 27    - [train] loss: 0.0229 (+/-0.0074) - [valid] loss: 0.0405 (+/-0.0316) - [test] loss: 0.018  (+/-0.0038)
2019-07-17 15:20:54,893 INFO - logger - Iter 26400 - time: 28    - [train] loss: 0.0274 (+/-0.0098) - [valid] loss: 0.0219 (+/-0.0047) - [test] loss: 0.024  (+/-0.0053)
2019-07-17 15:21:21,532 INFO - logger - Iter 26500 - time: 26    - [train] loss: 0.0225 (+/-0.0075) - [valid] loss: 0.0312 (+/-0.0193) - [test] loss: 0.0242 (+/-0.0056)
2019-07-17 15:21:49,630 INFO - logger - Iter 26600 - time: 28    - [train] loss: 0.0369 (+/-0.0435) - [valid] loss: 0.0261 (+/-0.0099) - [test] loss: 0.0224 (+/-0.0098)
2019-07-17 15:22:17,324 INFO - logger - Iter 26700 - time: 27    - [train] loss: 0.0175 (+/-0.0043) - [valid] loss: 0.0238 (+/-0.0098) - [test] loss: 0.0192 (+/-0.0081)
2019-07-17 15:22:45,465 INFO - logger - Iter 26800 - time: 28    - [train] loss: 0.0165 (+/-0.006 ) - [valid] loss: 0.0144 (+/-0.0034) - [test] loss: 0.021  (+/-0.0063)
2019-07-17 15:23:13,090 INFO - logger - Iter 26900 - time: 27    - [train] loss: 0.0254 (+/-0.0084) - [valid] loss: 0.0204 (+/-0.0048) - [test] loss: 0.0192 (+/-0.0047)
2019-07-17 15:23:42,329 INFO - logger - Iter 27000 - time: 29    - [train] loss: 0.0211 (+/-0.0057) - [valid] loss: 0.0203 (+/-0.0074) - [test] loss: 0.0194 (+/-0.0116)
2019-07-17 15:24:10,039 INFO - logger - Iter 27100 - time: 27    - [train] loss: 0.0184 (+/-0.0047) - [valid] loss: 0.0195 (+/-0.0081) - [test] loss: 0.0259 (+/-0.021 )
2019-07-17 15:24:38,902 INFO - logger - Iter 27200 - time: 28    - [train] loss: 0.0229 (+/-0.0135) - [valid] loss: 0.0227 (+/-0.0084) - [test] loss: 0.0171 (+/-0.0042)
2019-07-17 15:25:06,014 INFO - logger - Iter 27300 - time: 27    - [train] loss: 0.0246 (+/-0.007 ) - [valid] loss: 0.0219 (+/-0.0055) - [test] loss: 0.0206 (+/-0.0051)
2019-07-17 15:25:32,504 INFO - logger - Iter 27400 - time: 26    - [train] loss: 0.0237 (+/-0.0115) - [valid] loss: 0.0248 (+/-0.0078) - [test] loss: 0.0211 (+/-0.0085)
2019-07-17 15:26:00,427 INFO - logger - Iter 27500 - time: 27    - [train] loss: 0.0331 (+/-0.0144) - [valid] loss: 0.0264 (+/-0.0082) - [test] loss: 0.0201 (+/-0.0078)
2019-07-17 15:26:28,684 INFO - logger - Iter 27600 - time: 28    - [train] loss: 0.027  (+/-0.0131) - [valid] loss: 0.0184 (+/-0.004 ) - [test] loss: 0.0234 (+/-0.0085)
2019-07-17 15:26:56,880 INFO - logger - Iter 27700 - time: 28    - [train] loss: 0.0188 (+/-0.0049) - [valid] loss: 0.0268 (+/-0.0105) - [test] loss: 0.017  (+/-0.0033)
2019-07-17 15:27:25,240 INFO - logger - Iter 27800 - time: 28    - [train] loss: 0.0171 (+/-0.004 ) - [valid] loss: 0.0224 (+/-0.0085) - [test] loss: 0.0229 (+/-0.0173)
2019-07-17 15:27:52,786 INFO - logger - Iter 27900 - time: 27    - [train] loss: 0.0217 (+/-0.0051) - [valid] loss: 0.0198 (+/-0.0056) - [test] loss: 0.0251 (+/-0.0101)
2019-07-17 15:28:20,421 INFO - logger - Iter 28000 - time: 27    - [train] loss: 0.0209 (+/-0.0043) - [valid] loss: 0.0239 (+/-0.0099) - [test] loss: 0.0191 (+/-0.004 )
2019-07-17 15:28:46,825 INFO - logger - Iter 28100 - time: 26    - [train] loss: 0.0268 (+/-0.0078) - [valid] loss: 0.0183 (+/-0.0043) - [test] loss: 0.0278 (+/-0.0089)
2019-07-17 15:29:13,912 INFO - logger - Iter 28200 - time: 27    - [train] loss: 0.0196 (+/-0.0052) - [valid] loss: 0.0161 (+/-0.0049) - [test] loss: 0.0225 (+/-0.0062)
2019-07-17 15:29:42,061 INFO - logger - Iter 28300 - time: 28    - [train] loss: 0.023  (+/-0.0121) - [valid] loss: 0.0217 (+/-0.007 ) - [test] loss: 0.0179 (+/-0.0043)
2019-07-17 15:30:09,323 INFO - logger - Iter 28400 - time: 27    - [train] loss: 0.0204 (+/-0.0103) - [valid] loss: 0.0295 (+/-0.021 ) - [test] loss: 0.0171 (+/-0.005 )
2019-07-17 15:30:36,444 INFO - logger - Iter 28500 - time: 27    - [train] loss: 0.0173 (+/-0.0038) - [valid] loss: 0.0391 (+/-0.0328) - [test] loss: 0.0209 (+/-0.0066)
2019-07-17 15:31:04,256 INFO - logger - Iter 28600 - time: 27    - [train] loss: 0.0172 (+/-0.0041) - [valid] loss: 0.0152 (+/-0.0052) - [test] loss: 0.0138 (+/-0.0026)
2019-07-17 15:31:31,738 INFO - logger - Iter 28700 - time: 27    - [train] loss: 0.0153 (+/-0.0059) - [valid] loss: 0.0192 (+/-0.0054) - [test] loss: 0.0214 (+/-0.0065)
2019-07-17 15:32:00,569 INFO - logger - Iter 28800 - time: 28    - [train] loss: 0.0547 (+/-0.0606) - [valid] loss: 0.0192 (+/-0.0043) - [test] loss: 0.0199 (+/-0.0048)
2019-07-17 15:32:28,427 INFO - logger - Iter 28900 - time: 27    - [train] loss: 0.0242 (+/-0.0142) - [valid] loss: 0.0202 (+/-0.0101) - [test] loss: 0.0309 (+/-0.0104)
2019-07-17 15:32:57,018 INFO - logger - Iter 29000 - time: 28    - [train] loss: 0.0202 (+/-0.0047) - [valid] loss: 0.0199 (+/-0.0054) - [test] loss: 0.0233 (+/-0.0081)
2019-07-17 15:33:25,503 INFO - logger - Iter 29100 - time: 28    - [train] loss: 0.0268 (+/-0.0098) - [valid] loss: 0.0167 (+/-0.0052) - [test] loss: 0.0294 (+/-0.0151)
2019-07-17 15:33:53,555 INFO - logger - Iter 29200 - time: 28    - [train] loss: 0.0241 (+/-0.0116) - [valid] loss: 0.0257 (+/-0.0116) - [test] loss: 0.0243 (+/-0.0124)
2019-07-17 15:34:20,429 INFO - logger - Iter 29300 - time: 26    - [train] loss: 0.0234 (+/-0.0088) - [valid] loss: 0.02   (+/-0.0068) - [test] loss: 0.0185 (+/-0.0057)
2019-07-17 15:34:47,652 INFO - logger - Iter 29400 - time: 27    - [train] loss: 0.0226 (+/-0.0162) - [valid] loss: 0.0179 (+/-0.0067) - [test] loss: 0.0197 (+/-0.0074)
2019-07-17 15:35:15,915 INFO - logger - Iter 29500 - time: 28    - [train] loss: 0.0264 (+/-0.0078) - [valid] loss: 0.0237 (+/-0.0074) - [test] loss: 0.0205 (+/-0.0108)
2019-07-17 15:35:44,768 INFO - logger - Iter 29600 - time: 28    - [train] loss: 0.0258 (+/-0.0137) - [valid] loss: 0.0167 (+/-0.0055) - [test] loss: 0.022  (+/-0.0115)
2019-07-17 15:36:11,636 INFO - logger - Iter 29700 - time: 26    - [train] loss: 0.0168 (+/-0.0043) - [valid] loss: 0.0211 (+/-0.0067) - [test] loss: 0.0208 (+/-0.0113)
2019-07-17 15:36:39,902 INFO - logger - Iter 29800 - time: 28    - [train] loss: 0.0153 (+/-0.0028) - [valid] loss: 0.0239 (+/-0.0083) - [test] loss: 0.028  (+/-0.0124)
2019-07-17 15:37:08,037 INFO - logger - Iter 29900 - time: 28    - [train] loss: 0.0176 (+/-0.0061) - [valid] loss: 0.02   (+/-0.0088) - [test] loss: 0.0182 (+/-0.0075)
2019-07-17 15:37:35,532 INFO - logger - Iter 30000 - time: 27    - [train] loss: 0.021  (+/-0.0057) - [valid] loss: 0.0168 (+/-0.0039) - [test] loss: 0.0287 (+/-0.0114)
2019-07-17 15:38:03,703 INFO - logger - Iter 30100 - time: 28    - [train] loss: 0.0162 (+/-0.0041) - [valid] loss: 0.0197 (+/-0.0083) - [test] loss: 0.0202 (+/-0.0074)
2019-07-17 15:38:32,065 INFO - logger - Iter 30200 - time: 28    - [train] loss: 0.0202 (+/-0.0096) - [valid] loss: 0.044  (+/-0.0511) - [test] loss: 0.0261 (+/-0.013 )
2019-07-17 15:38:58,877 INFO - logger - Iter 30300 - time: 26    - [train] loss: 0.017  (+/-0.0038) - [valid] loss: 0.0172 (+/-0.0051) - [test] loss: 0.0202 (+/-0.0077)
2019-07-17 15:39:26,840 INFO - logger - Iter 30400 - time: 27    - [train] loss: 0.0233 (+/-0.0078) - [valid] loss: 0.017  (+/-0.0032) - [test] loss: 0.0189 (+/-0.0059)
2019-07-17 15:39:53,660 INFO - logger - Iter 30500 - time: 26    - [train] loss: 0.0195 (+/-0.0069) - [valid] loss: 0.0176 (+/-0.0051) - [test] loss: 0.0204 (+/-0.0088)
2019-07-17 15:40:20,333 INFO - logger - Iter 30600 - time: 26    - [train] loss: 0.0163 (+/-0.0038) - [valid] loss: 0.0165 (+/-0.0051) - [test] loss: 0.0257 (+/-0.0142)
2019-07-17 15:40:47,478 INFO - logger - Iter 30700 - time: 27    - [train] loss: 0.0232 (+/-0.008 ) - [valid] loss: 0.0278 (+/-0.0147) - [test] loss: 0.0205 (+/-0.0059)
2019-07-17 15:41:16,162 INFO - logger - Iter 30800 - time: 28    - [train] loss: 0.0314 (+/-0.0169) - [valid] loss: 0.0211 (+/-0.0054) - [test] loss: 0.0174 (+/-0.0041)
2019-07-17 15:41:43,525 INFO - logger - Iter 30900 - time: 27    - [train] loss: 0.0197 (+/-0.0065) - [valid] loss: 0.0184 (+/-0.0076) - [test] loss: 0.0204 (+/-0.0079)
2019-07-17 15:42:12,619 INFO - logger - Iter 31000 - time: 29    - [train] loss: 0.0258 (+/-0.016 ) - [valid] loss: 0.0188 (+/-0.0072) - [test] loss: 0.0252 (+/-0.0105)
2019-07-17 15:42:40,056 INFO - logger - Iter 31100 - time: 27    - [train] loss: 0.0223 (+/-0.0124) - [valid] loss: 0.0343 (+/-0.0133) - [test] loss: 0.0248 (+/-0.009 )
2019-07-17 15:43:07,935 INFO - logger - Iter 31200 - time: 27    - [train] loss: 0.0172 (+/-0.0041) - [valid] loss: 0.028  (+/-0.0124) - [test] loss: 0.0233 (+/-0.0084)
2019-07-17 15:43:35,340 INFO - logger - Iter 31300 - time: 27    - [train] loss: 0.0229 (+/-0.0143) - [valid] loss: 0.0267 (+/-0.0233) - [test] loss: 0.0217 (+/-0.0102)
2019-07-17 15:44:03,532 INFO - logger - Iter 31400 - time: 28    - [train] loss: 0.0398 (+/-0.0286) - [valid] loss: 0.0254 (+/-0.0116) - [test] loss: 0.0109 (+/-0.0028)
2019-07-17 15:44:31,468 INFO - logger - Iter 31500 - time: 27    - [train] loss: 0.0373 (+/-0.0242) - [valid] loss: 0.0221 (+/-0.0097) - [test] loss: 0.0199 (+/-0.0053)
2019-07-17 15:44:59,252 INFO - logger - Iter 31600 - time: 27    - [train] loss: 0.0205 (+/-0.006 ) - [valid] loss: 0.0185 (+/-0.0062) - [test] loss: 0.0179 (+/-0.0042)
2019-07-17 15:45:27,013 INFO - logger - Iter 31700 - time: 27    - [train] loss: 0.0301 (+/-0.0131) - [valid] loss: 0.0218 (+/-0.0108) - [test] loss: 0.0176 (+/-0.0068)
2019-07-17 15:45:55,379 INFO - logger - Iter 31800 - time: 28    - [train] loss: 0.0241 (+/-0.0066) - [valid] loss: 0.0227 (+/-0.0073) - [test] loss: 0.032  (+/-0.0148)
2019-07-17 15:46:22,442 INFO - logger - Iter 31900 - time: 27    - [train] loss: 0.0142 (+/-0.0029) - [valid] loss: 0.0252 (+/-0.01  ) - [test] loss: 0.0237 (+/-0.0066)
2019-07-17 15:46:50,907 INFO - logger - Iter 32000 - time: 28    - [train] loss: 0.0179 (+/-0.008 ) - [valid] loss: 0.016  (+/-0.0047) - [test] loss: 0.0196 (+/-0.0096)
2019-07-17 15:47:18,529 INFO - logger - Iter 32100 - time: 27    - [train] loss: 0.0275 (+/-0.0156) - [valid] loss: 0.0199 (+/-0.0054) - [test] loss: 0.0248 (+/-0.0121)
2019-07-17 15:47:46,324 INFO - logger - Iter 32200 - time: 27    - [train] loss: 0.0256 (+/-0.007 ) - [valid] loss: 0.0255 (+/-0.0127) - [test] loss: 0.0326 (+/-0.0113)
2019-07-17 15:48:13,572 INFO - logger - Iter 32300 - time: 27    - [train] loss: 0.0152 (+/-0.0036) - [valid] loss: 0.02   (+/-0.0085) - [test] loss: 0.0204 (+/-0.0087)
2019-07-17 15:48:42,739 INFO - logger - Iter 32400 - time: 29    - [train] loss: 0.0209 (+/-0.0079) - [valid] loss: 0.0209 (+/-0.0081) - [test] loss: 0.0271 (+/-0.0199)
2019-07-17 15:49:10,261 INFO - logger - Iter 32500 - time: 27    - [train] loss: 0.0178 (+/-0.0063) - [valid] loss: 0.0156 (+/-0.0057) - [test] loss: 0.0173 (+/-0.0054)
2019-07-17 15:49:39,269 INFO - logger - Iter 32600 - time: 29    - [train] loss: 0.0229 (+/-0.0078) - [valid] loss: 0.0162 (+/-0.004 ) - [test] loss: 0.0207 (+/-0.0062)
2019-07-17 15:50:06,220 INFO - logger - Iter 32700 - time: 26    - [train] loss: 0.0318 (+/-0.0241) - [valid] loss: 0.0126 (+/-0.0035) - [test] loss: 0.0212 (+/-0.0073)
2019-07-17 15:50:32,497 INFO - logger - Iter 32800 - time: 26    - [train] loss: 0.0189 (+/-0.0061) - [valid] loss: 0.0155 (+/-0.0045) - [test] loss: 0.0214 (+/-0.0061)
2019-07-17 15:50:59,849 INFO - logger - Iter 32900 - time: 27    - [train] loss: 0.0233 (+/-0.008 ) - [valid] loss: 0.0204 (+/-0.0059) - [test] loss: 0.0265 (+/-0.0104)
2019-07-17 15:51:26,268 INFO - logger - Iter 33000 - time: 26    - [train] loss: 0.0229 (+/-0.0054) - [valid] loss: 0.0225 (+/-0.0047) - [test] loss: 0.0322 (+/-0.0174)
2019-07-17 15:51:53,575 INFO - logger - Iter 33100 - time: 27    - [train] loss: 0.0301 (+/-0.0147) - [valid] loss: 0.0228 (+/-0.0084) - [test] loss: 0.0205 (+/-0.0052)
2019-07-17 15:52:22,373 INFO - logger - Iter 33200 - time: 28    - [train] loss: 0.0251 (+/-0.0119) - [valid] loss: 0.0259 (+/-0.0116) - [test] loss: 0.0221 (+/-0.0094)
2019-07-17 15:52:50,546 INFO - logger - Iter 33300 - time: 28    - [train] loss: 0.0226 (+/-0.0102) - [valid] loss: 0.0196 (+/-0.0078) - [test] loss: 0.0166 (+/-0.0041)
2019-07-17 15:53:18,262 INFO - logger - Iter 33400 - time: 27    - [train] loss: 0.0153 (+/-0.0032) - [valid] loss: 0.016  (+/-0.0037) - [test] loss: 0.028  (+/-0.0165)
2019-07-17 15:53:45,779 INFO - logger - Iter 33500 - time: 27    - [train] loss: 0.0159 (+/-0.0039) - [valid] loss: 0.0219 (+/-0.0093) - [test] loss: 0.0227 (+/-0.0076)
2019-07-17 15:54:13,502 INFO - logger - Iter 33600 - time: 27    - [train] loss: 0.0396 (+/-0.0382) - [valid] loss: 0.0235 (+/-0.0078) - [test] loss: 0.0178 (+/-0.0044)
2019-07-17 15:54:40,173 INFO - logger - Iter 33700 - time: 26    - [train] loss: 0.0179 (+/-0.0091) - [valid] loss: 0.0132 (+/-0.0039) - [test] loss: 0.0146 (+/-0.0036)
2019-07-17 15:55:09,419 INFO - logger - Iter 33800 - time: 29    - [train] loss: 0.0196 (+/-0.0091) - [valid] loss: 0.0216 (+/-0.0174) - [test] loss: 0.0172 (+/-0.0047)
2019-07-17 15:55:36,906 INFO - logger - Iter 33900 - time: 27    - [train] loss: 0.0204 (+/-0.0043) - [valid] loss: 0.0462 (+/-0.0258) - [test] loss: 0.0198 (+/-0.0051)
2019-07-17 15:56:06,014 INFO - logger - Iter 34000 - time: 29    - [train] loss: 0.0169 (+/-0.0069) - [valid] loss: 0.0182 (+/-0.0054) - [test] loss: 0.0182 (+/-0.0049)
2019-07-17 15:56:33,630 INFO - logger - Iter 34100 - time: 27    - [train] loss: 0.0168 (+/-0.006 ) - [valid] loss: 0.0292 (+/-0.0121) - [test] loss: 0.0233 (+/-0.0076)
2019-07-17 15:57:02,302 INFO - logger - Iter 34200 - time: 28    - [train] loss: 0.0355 (+/-0.0187) - [valid] loss: 0.0242 (+/-0.009 ) - [test] loss: 0.0244 (+/-0.0106)
2019-07-17 15:57:30,606 INFO - logger - Iter 34300 - time: 28    - [train] loss: 0.0179 (+/-0.0041) - [valid] loss: 0.0233 (+/-0.0085) - [test] loss: 0.0234 (+/-0.0072)
2019-07-17 15:57:58,623 INFO - logger - Iter 34400 - time: 28    - [train] loss: 0.0163 (+/-0.0059) - [valid] loss: 0.0209 (+/-0.0103) - [test] loss: 0.0312 (+/-0.0127)
2019-07-17 15:58:26,093 INFO - logger - Iter 34500 - time: 27    - [train] loss: 0.0224 (+/-0.0114) - [valid] loss: 0.0181 (+/-0.0062) - [test] loss: 0.0157 (+/-0.0042)
2019-07-17 15:58:54,991 INFO - logger - Iter 34600 - time: 28    - [train] loss: 0.0176 (+/-0.0055) - [valid] loss: 0.0162 (+/-0.0045) - [test] loss: 0.015  (+/-0.0036)
2019-07-17 15:59:21,950 INFO - logger - Iter 34700 - time: 26    - [train] loss: 0.0278 (+/-0.0128) - [valid] loss: 0.0159 (+/-0.0053) - [test] loss: 0.0215 (+/-0.0075)
2019-07-17 15:59:50,379 INFO - logger - Iter 34800 - time: 28    - [train] loss: 0.0267 (+/-0.0065) - [valid] loss: 0.027  (+/-0.0075) - [test] loss: 0.0366 (+/-0.015 )
2019-07-17 16:00:17,764 INFO - logger - Iter 34900 - time: 27    - [train] loss: 0.0293 (+/-0.0177) - [valid] loss: 0.0238 (+/-0.0101) - [test] loss: 0.0359 (+/-0.0159)
2019-07-17 16:00:45,637 INFO - logger - Iter 35000 - time: 27    - [train] loss: 0.015  (+/-0.0048) - [valid] loss: 0.0231 (+/-0.0116) - [test] loss: 0.02   (+/-0.0106)
2019-07-17 16:01:12,028 INFO - logger - Iter 35100 - time: 26    - [train] loss: 0.0174 (+/-0.006 ) - [valid] loss: 0.0247 (+/-0.01  ) - [test] loss: 0.0212 (+/-0.0064)
2019-07-17 16:01:40,123 INFO - logger - Iter 35200 - time: 28    - [train] loss: 0.0238 (+/-0.0158) - [valid] loss: 0.0246 (+/-0.0111) - [test] loss: 0.0144 (+/-0.0044)
2019-07-17 16:02:07,630 INFO - logger - Iter 35300 - time: 27    - [train] loss: 0.0372 (+/-0.0094) - [valid] loss: 0.0267 (+/-0.0053) - [test] loss: 0.0238 (+/-0.0038)
2019-07-17 16:02:34,259 INFO - logger - Iter 35400 - time: 26    - [train] loss: 0.0143 (+/-0.0023) - [valid] loss: 0.0403 (+/-0.027 ) - [test] loss: 0.0205 (+/-0.006 )
2019-07-17 16:03:02,426 INFO - logger - Iter 35500 - time: 28    - [train] loss: 0.0164 (+/-0.006 ) - [valid] loss: 0.0202 (+/-0.0089) - [test] loss: 0.0137 (+/-0.0038)
2019-07-17 16:03:29,805 INFO - logger - Iter 35600 - time: 27    - [train] loss: 0.0186 (+/-0.0048) - [valid] loss: 0.0266 (+/-0.0136) - [test] loss: 0.0206 (+/-0.0071)
2019-07-17 16:03:56,521 INFO - logger - Iter 35700 - time: 26    - [train] loss: 0.0116 (+/-0.0029) - [valid] loss: 0.0161 (+/-0.0047) - [test] loss: 0.0283 (+/-0.0147)
2019-07-17 16:04:25,803 INFO - logger - Iter 35800 - time: 29    - [train] loss: 0.0176 (+/-0.0046) - [valid] loss: 0.0186 (+/-0.0065) - [test] loss: 0.04   (+/-0.0359)
2019-07-17 16:04:52,226 INFO - logger - Iter 35900 - time: 26    - [train] loss: 0.0304 (+/-0.0285) - [valid] loss: 0.025  (+/-0.0113) - [test] loss: 0.0185 (+/-0.0065)
2019-07-17 16:05:20,573 INFO - logger - Iter 36000 - time: 28    - [train] loss: 0.0327 (+/-0.014 ) - [valid] loss: 0.0181 (+/-0.0046) - [test] loss: 0.0148 (+/-0.0036)
2019-07-17 16:05:48,459 INFO - logger - Iter 36100 - time: 27    - [train] loss: 0.022  (+/-0.0109) - [valid] loss: 0.0351 (+/-0.0276) - [test] loss: 0.0241 (+/-0.0125)
2019-07-17 16:06:16,636 INFO - logger - Iter 36200 - time: 28    - [train] loss: 0.0238 (+/-0.009 ) - [valid] loss: 0.0206 (+/-0.011 ) - [test] loss: 0.0226 (+/-0.0105)
2019-07-17 16:06:44,323 INFO - logger - Iter 36300 - time: 27    - [train] loss: 0.0192 (+/-0.0068) - [valid] loss: 0.0231 (+/-0.0108) - [test] loss: 0.0182 (+/-0.0057)
2019-07-17 16:07:12,848 INFO - logger - Iter 36400 - time: 28    - [train] loss: 0.0174 (+/-0.0045) - [valid] loss: 0.011  (+/-0.0029) - [test] loss: 0.0212 (+/-0.0093)
2019-07-17 16:07:40,791 INFO - logger - Iter 36500 - time: 27    - [train] loss: 0.0202 (+/-0.0062) - [valid] loss: 0.0194 (+/-0.0044) - [test] loss: 0.0265 (+/-0.0079)
2019-07-17 16:08:09,325 INFO - logger - Iter 36600 - time: 28    - [train] loss: 0.022  (+/-0.0203) - [valid] loss: 0.0208 (+/-0.0081) - [test] loss: 0.0151 (+/-0.0036)
2019-07-17 16:08:37,090 INFO - logger - Iter 36700 - time: 27    - [train] loss: 0.017  (+/-0.0039) - [valid] loss: 0.02   (+/-0.0057) - [test] loss: 0.0231 (+/-0.0072)
2019-07-17 16:09:04,903 INFO - logger - Iter 36800 - time: 27    - [train] loss: 0.0161 (+/-0.0051) - [valid] loss: 0.0173 (+/-0.0059) - [test] loss: 0.0198 (+/-0.0078)
2019-07-17 16:09:32,673 INFO - logger - Iter 36900 - time: 27    - [train] loss: 0.0191 (+/-0.01  ) - [valid] loss: 0.0145 (+/-0.0031) - [test] loss: 0.0181 (+/-0.0078)
2019-07-17 16:10:00,902 INFO - logger - Iter 37000 - time: 28    - [train] loss: 0.016  (+/-0.0045) - [valid] loss: 0.0171 (+/-0.0056) - [test] loss: 0.0219 (+/-0.0058)
2019-07-17 16:10:28,706 INFO - logger - Iter 37100 - time: 27    - [train] loss: 0.0266 (+/-0.0133) - [valid] loss: 0.0262 (+/-0.0184) - [test] loss: 0.0155 (+/-0.0042)
2019-07-17 16:10:56,419 INFO - logger - Iter 37200 - time: 27    - [train] loss: 0.0225 (+/-0.0103) - [valid] loss: 0.0208 (+/-0.0089) - [test] loss: 0.0329 (+/-0.0117)
2019-07-17 16:11:23,656 INFO - logger - Iter 37300 - time: 27    - [train] loss: 0.0264 (+/-0.0099) - [valid] loss: 0.0148 (+/-0.0037) - [test] loss: 0.0144 (+/-0.0038)
2019-07-17 16:11:50,873 INFO - logger - Iter 37400 - time: 27    - [train] loss: 0.0187 (+/-0.0045) - [valid] loss: 0.0179 (+/-0.0053) - [test] loss: 0.0236 (+/-0.0078)
2019-07-17 16:12:19,471 INFO - logger - Iter 37500 - time: 28    - [train] loss: 0.0169 (+/-0.0041) - [valid] loss: 0.0211 (+/-0.0067) - [test] loss: 0.0216 (+/-0.0059)
2019-07-17 16:12:47,201 INFO - logger - Iter 37600 - time: 27    - [train] loss: 0.0251 (+/-0.0174) - [valid] loss: 0.0195 (+/-0.0101) - [test] loss: 0.0181 (+/-0.0068)
2019-07-17 16:13:13,517 INFO - logger - Iter 37700 - time: 26    - [train] loss: 0.0382 (+/-0.0324) - [valid] loss: 0.0228 (+/-0.0073) - [test] loss: 0.0238 (+/-0.0155)
2019-07-17 16:13:40,476 INFO - logger - Iter 37800 - time: 26    - [train] loss: 0.0154 (+/-0.0055) - [valid] loss: 0.0303 (+/-0.017 ) - [test] loss: 0.0219 (+/-0.0125)
2019-07-17 16:14:07,864 INFO - logger - Iter 37900 - time: 27    - [train] loss: 0.0116 (+/-0.0026) - [valid] loss: 0.0137 (+/-0.0034) - [test] loss: 0.0178 (+/-0.0054)
2019-07-17 16:14:35,780 INFO - logger - Iter 38000 - time: 27    - [train] loss: 0.0236 (+/-0.0095) - [valid] loss: 0.0185 (+/-0.0062) - [test] loss: 0.0176 (+/-0.005 )
2019-07-17 16:15:04,768 INFO - logger - Iter 38100 - time: 28    - [train] loss: 0.0186 (+/-0.0049) - [valid] loss: 0.0252 (+/-0.0146) - [test] loss: 0.0234 (+/-0.012 )
2019-07-17 16:15:32,382 INFO - logger - Iter 38200 - time: 27    - [train] loss: 0.0166 (+/-0.0057) - [valid] loss: 0.0162 (+/-0.0048) - [test] loss: 0.0187 (+/-0.0079)
2019-07-17 16:16:00,129 INFO - logger - Iter 38300 - time: 27    - [train] loss: 0.0135 (+/-0.004 ) - [valid] loss: 0.0193 (+/-0.0061) - [test] loss: 0.0275 (+/-0.0098)
2019-07-17 16:16:28,756 INFO - logger - Iter 38400 - time: 28    - [train] loss: 0.022  (+/-0.0082) - [valid] loss: 0.0214 (+/-0.0088) - [test] loss: 0.0182 (+/-0.0082)
2019-07-17 16:16:56,683 INFO - logger - Iter 38500 - time: 27    - [train] loss: 0.027  (+/-0.0131) - [valid] loss: 0.0208 (+/-0.0036) - [test] loss: 0.0187 (+/-0.0035)
2019-07-17 16:17:25,203 INFO - logger - Iter 38600 - time: 28    - [train] loss: 0.0213 (+/-0.012 ) - [valid] loss: 0.0203 (+/-0.0083) - [test] loss: 0.0152 (+/-0.004 )
2019-07-17 16:17:53,113 INFO - logger - Iter 38700 - time: 27    - [train] loss: 0.0187 (+/-0.0043) - [valid] loss: 0.0278 (+/-0.023 ) - [test] loss: 0.0257 (+/-0.0162)
2019-07-17 16:18:20,378 INFO - logger - Iter 38800 - time: 27    - [train] loss: 0.0203 (+/-0.0061) - [valid] loss: 0.0165 (+/-0.0043) - [test] loss: 0.0179 (+/-0.0062)
2019-07-17 16:18:48,987 INFO - logger - Iter 38900 - time: 28    - [train] loss: 0.0251 (+/-0.0225) - [valid] loss: 0.0157 (+/-0.0085) - [test] loss: 0.0144 (+/-0.0033)
2019-07-17 16:19:16,521 INFO - logger - Iter 39000 - time: 27    - [train] loss: 0.0286 (+/-0.0173) - [valid] loss: 0.0204 (+/-0.0076) - [test] loss: 0.0192 (+/-0.0063)
2019-07-17 16:19:44,268 INFO - logger - Iter 39100 - time: 27    - [train] loss: 0.0174 (+/-0.0052) - [valid] loss: 0.0163 (+/-0.0043) - [test] loss: 0.018  (+/-0.0067)
2019-07-17 16:20:12,711 INFO - logger - Iter 39200 - time: 28    - [train] loss: 0.0296 (+/-0.0163) - [valid] loss: 0.0156 (+/-0.0041) - [test] loss: 0.0264 (+/-0.0116)
2019-07-17 16:20:40,080 INFO - logger - Iter 39300 - time: 27    - [train] loss: 0.0135 (+/-0.0035) - [valid] loss: 0.0283 (+/-0.0207) - [test] loss: 0.018  (+/-0.0064)
2019-07-17 16:21:07,204 INFO - logger - Iter 39400 - time: 27    - [train] loss: 0.0211 (+/-0.0131) - [valid] loss: 0.0184 (+/-0.0061) - [test] loss: 0.026  (+/-0.0114)
2019-07-17 16:21:35,360 INFO - logger - Iter 39500 - time: 28    - [train] loss: 0.0218 (+/-0.0114) - [valid] loss: 0.0162 (+/-0.0048) - [test] loss: 0.0233 (+/-0.0075)
2019-07-17 16:22:03,005 INFO - logger - Iter 39600 - time: 27    - [train] loss: 0.0187 (+/-0.0072) - [valid] loss: 0.0284 (+/-0.0139) - [test] loss: 0.0134 (+/-0.0032)
2019-07-17 16:22:30,284 INFO - logger - Iter 39700 - time: 27    - [train] loss: 0.0226 (+/-0.013 ) - [valid] loss: 0.017  (+/-0.0059) - [test] loss: 0.0225 (+/-0.0108)
2019-07-17 16:22:57,225 INFO - logger - Iter 39800 - time: 26    - [train] loss: 0.0147 (+/-0.0048) - [valid] loss: 0.0219 (+/-0.011 ) - [test] loss: 0.0153 (+/-0.0073)
2019-07-17 16:23:24,198 INFO - logger - Iter 39900 - time: 26    - [train] loss: 0.0173 (+/-0.006 ) - [valid] loss: 0.0276 (+/-0.0154) - [test] loss: 0.0152 (+/-0.0042)
2019-07-17 16:23:51,689 INFO - logger - Iter 40000 - time: 27    - [train] loss: 0.0276 (+/-0.0123) - [valid] loss: 0.0203 (+/-0.0075) - [test] loss: 0.0195 (+/-0.0045)
2019-07-17 16:24:19,614 INFO - logger - Iter 40100 - time: 27    - [train] loss: 0.0248 (+/-0.0078) - [valid] loss: 0.0202 (+/-0.0054) - [test] loss: 0.0201 (+/-0.0077)
2019-07-17 16:24:47,570 INFO - logger - Iter 40200 - time: 27    - [train] loss: 0.0188 (+/-0.0055) - [valid] loss: 0.0172 (+/-0.0034) - [test] loss: 0.0173 (+/-0.0042)
2019-07-17 16:25:14,606 INFO - logger - Iter 40300 - time: 27    - [train] loss: 0.0184 (+/-0.0055) - [valid] loss: 0.0196 (+/-0.0059) - [test] loss: 0.0239 (+/-0.0145)
2019-07-17 16:25:41,961 INFO - logger - Iter 40400 - time: 27    - [train] loss: 0.0304 (+/-0.0132) - [valid] loss: 0.0216 (+/-0.0075) - [test] loss: 0.0251 (+/-0.0114)
2019-07-17 16:26:10,332 INFO - logger - Iter 40500 - time: 28    - [train] loss: 0.0249 (+/-0.0062) - [valid] loss: 0.027  (+/-0.009 ) - [test] loss: 0.0234 (+/-0.0072)
2019-07-17 16:26:37,350 INFO - logger - Iter 40600 - time: 27    - [train] loss: 0.0196 (+/-0.0075) - [valid] loss: 0.0176 (+/-0.0062) - [test] loss: 0.0408 (+/-0.0374)
2019-07-17 16:27:06,111 INFO - logger - Iter 40700 - time: 28    - [train] loss: 0.0207 (+/-0.0096) - [valid] loss: 0.0187 (+/-0.0104) - [test] loss: 0.0173 (+/-0.0061)
2019-07-17 16:27:33,122 INFO - logger - Iter 40800 - time: 27    - [train] loss: 0.0241 (+/-0.0039) - [valid] loss: 0.0279 (+/-0.0059) - [test] loss: 0.0263 (+/-0.0076)
2019-07-17 16:28:01,038 INFO - logger - Iter 40900 - time: 27    - [train] loss: 0.0207 (+/-0.0077) - [valid] loss: 0.0325 (+/-0.0145) - [test] loss: 0.0193 (+/-0.0058)
2019-07-17 16:28:28,082 INFO - logger - Iter 41000 - time: 27    - [train] loss: 0.0167 (+/-0.0056) - [valid] loss: 0.0161 (+/-0.0043) - [test] loss: 0.0246 (+/-0.0143)
2019-07-17 16:28:56,159 INFO - logger - Iter 41100 - time: 28    - [train] loss: 0.0149 (+/-0.0044) - [valid] loss: 0.0217 (+/-0.0095) - [test] loss: 0.0159 (+/-0.0045)
2019-07-17 16:29:23,869 INFO - logger - Iter 41200 - time: 27    - [train] loss: 0.0155 (+/-0.005 ) - [valid] loss: 0.0171 (+/-0.0064) - [test] loss: 0.0122 (+/-0.0026)
2019-07-17 16:29:52,193 INFO - logger - Iter 41300 - time: 28    - [train] loss: 0.0185 (+/-0.0047) - [valid] loss: 0.0235 (+/-0.0063) - [test] loss: 0.0271 (+/-0.008 )
2019-07-17 16:30:19,665 INFO - logger - Iter 41400 - time: 27    - [train] loss: 0.0157 (+/-0.0027) - [valid] loss: 0.0248 (+/-0.009 ) - [test] loss: 0.0206 (+/-0.0059)
2019-07-17 16:30:48,091 INFO - logger - Iter 41500 - time: 28    - [train] loss: 0.0156 (+/-0.0041) - [valid] loss: 0.0214 (+/-0.0101) - [test] loss: 0.0269 (+/-0.0164)
2019-07-17 16:31:15,487 INFO - logger - Iter 41600 - time: 27    - [train] loss: 0.022  (+/-0.0101) - [valid] loss: 0.02   (+/-0.0075) - [test] loss: 0.0129 (+/-0.0032)
2019-07-17 16:31:43,146 INFO - logger - Iter 41700 - time: 27    - [train] loss: 0.0142 (+/-0.0045) - [valid] loss: 0.0283 (+/-0.0154) - [test] loss: 0.0186 (+/-0.0054)
2019-07-17 16:32:10,714 INFO - logger - Iter 41800 - time: 27    - [train] loss: 0.0243 (+/-0.0107) - [valid] loss: 0.0246 (+/-0.0115) - [test] loss: 0.0195 (+/-0.0064)
2019-07-17 16:32:38,158 INFO - logger - Iter 41900 - time: 27    - [train] loss: 0.0161 (+/-0.0048) - [valid] loss: 0.0157 (+/-0.004 ) - [test] loss: 0.0177 (+/-0.0068)
2019-07-17 16:33:04,671 INFO - logger - Iter 42000 - time: 26    - [train] loss: 0.0164 (+/-0.0058) - [valid] loss: 0.0195 (+/-0.0089) - [test] loss: 0.0232 (+/-0.0116)
2019-07-17 16:33:32,515 INFO - logger - Iter 42100 - time: 27    - [train] loss: 0.02   (+/-0.0093) - [valid] loss: 0.0281 (+/-0.0173) - [test] loss: 0.0199 (+/-0.0069)
2019-07-17 16:34:00,589 INFO - logger - Iter 42200 - time: 28    - [train] loss: 0.0185 (+/-0.0074) - [valid] loss: 0.015  (+/-0.0049) - [test] loss: 0.0133 (+/-0.0032)
2019-07-17 16:34:28,945 INFO - logger - Iter 42300 - time: 28    - [train] loss: 0.0197 (+/-0.0072) - [valid] loss: 0.0156 (+/-0.0035) - [test] loss: 0.0274 (+/-0.0097)
2019-07-17 16:34:56,446 INFO - logger - Iter 42400 - time: 27    - [train] loss: 0.0287 (+/-0.0175) - [valid] loss: 0.015  (+/-0.0046) - [test] loss: 0.0147 (+/-0.0053)
2019-07-17 16:35:23,739 INFO - logger - Iter 42500 - time: 27    - [train] loss: 0.0216 (+/-0.0083) - [valid] loss: 0.0158 (+/-0.0055) - [test] loss: 0.0157 (+/-0.0057)
2019-07-17 16:35:50,921 INFO - logger - Iter 42600 - time: 27    - [train] loss: 0.0263 (+/-0.0224) - [valid] loss: 0.0137 (+/-0.0032) - [test] loss: 0.0174 (+/-0.0046)
2019-07-17 16:36:17,862 INFO - logger - Iter 42700 - time: 26    - [train] loss: 0.0291 (+/-0.017 ) - [valid] loss: 0.0146 (+/-0.0043) - [test] loss: 0.0163 (+/-0.0041)
2019-07-17 16:36:45,775 INFO - logger - Iter 42800 - time: 27    - [train] loss: 0.0117 (+/-0.0023) - [valid] loss: 0.0221 (+/-0.0077) - [test] loss: 0.0133 (+/-0.0041)
2019-07-17 16:37:13,606 INFO - logger - Iter 42900 - time: 27    - [train] loss: 0.0222 (+/-0.0124) - [valid] loss: 0.0244 (+/-0.0168) - [test] loss: 0.02   (+/-0.0064)
2019-07-17 16:37:41,842 INFO - logger - Iter 43000 - time: 28    - [train] loss: 0.0183 (+/-0.0055) - [valid] loss: 0.0179 (+/-0.0049) - [test] loss: 0.015  (+/-0.0037)
2019-07-17 16:38:08,857 INFO - logger - Iter 43100 - time: 27    - [train] loss: 0.0129 (+/-0.0032) - [valid] loss: 0.0198 (+/-0.0099) - [test] loss: 0.0149 (+/-0.0057)
2019-07-17 16:38:37,634 INFO - logger - Iter 43200 - time: 28    - [train] loss: 0.021  (+/-0.0068) - [valid] loss: 0.0225 (+/-0.0069) - [test] loss: 0.0187 (+/-0.0076)
2019-07-17 16:39:05,381 INFO - logger - Iter 43300 - time: 27    - [train] loss: 0.0179 (+/-0.0048) - [valid] loss: 0.0222 (+/-0.0088) - [test] loss: 0.0183 (+/-0.0064)
2019-07-17 16:39:33,407 INFO - logger - Iter 43400 - time: 28    - [train] loss: 0.0198 (+/-0.006 ) - [valid] loss: 0.0144 (+/-0.0038) - [test] loss: 0.0228 (+/-0.0062)
2019-07-17 16:40:00,391 INFO - logger - Iter 43500 - time: 26    - [train] loss: 0.0139 (+/-0.0034) - [valid] loss: 0.0121 (+/-0.0029) - [test] loss: 0.0145 (+/-0.0053)
2019-07-17 16:40:29,299 INFO - logger - Iter 43600 - time: 28    - [train] loss: 0.0207 (+/-0.0079) - [valid] loss: 0.0114 (+/-0.0023) - [test] loss: 0.0183 (+/-0.0114)
2019-07-17 16:40:56,633 INFO - logger - Iter 43700 - time: 27    - [train] loss: 0.0264 (+/-0.0106) - [valid] loss: 0.0238 (+/-0.0118) - [test] loss: 0.0204 (+/-0.0091)
2019-07-17 16:41:24,704 INFO - logger - Iter 43800 - time: 28    - [train] loss: 0.0171 (+/-0.0054) - [valid] loss: 0.0211 (+/-0.0079) - [test] loss: 0.0239 (+/-0.0081)
2019-07-17 16:41:51,849 INFO - logger - Iter 43900 - time: 27    - [train] loss: 0.0428 (+/-0.0426) - [valid] loss: 0.0157 (+/-0.0028) - [test] loss: 0.0278 (+/-0.011 )
2019-07-17 16:42:17,557 INFO - logger - Iter 44000 - time: 25    - [train] loss: 0.0184 (+/-0.0082) - [valid] loss: 0.0125 (+/-0.0023) - [test] loss: 0.0166 (+/-0.0074)
2019-07-17 16:42:44,616 INFO - logger - Iter 44100 - time: 27    - [train] loss: 0.0179 (+/-0.0078) - [valid] loss: 0.0175 (+/-0.0075) - [test] loss: 0.0246 (+/-0.0162)
2019-07-17 16:43:13,535 INFO - logger - Iter 44200 - time: 28    - [train] loss: 0.0205 (+/-0.0112) - [valid] loss: 0.0171 (+/-0.0082) - [test] loss: 0.0215 (+/-0.0116)
2019-07-17 16:43:39,949 INFO - logger - Iter 44300 - time: 26    - [train] loss: 0.027  (+/-0.0173) - [valid] loss: 0.0159 (+/-0.003 ) - [test] loss: 0.0148 (+/-0.0037)
2019-07-17 16:44:08,990 INFO - logger - Iter 44400 - time: 29    - [train] loss: 0.0448 (+/-0.0288) - [valid] loss: 0.0162 (+/-0.0039) - [test] loss: 0.0209 (+/-0.007 )
2019-07-17 16:44:36,736 INFO - logger - Iter 44500 - time: 27    - [train] loss: 0.0242 (+/-0.0132) - [valid] loss: 0.018  (+/-0.0061) - [test] loss: 0.0192 (+/-0.009 )
2019-07-17 16:45:04,861 INFO - logger - Iter 44600 - time: 28    - [train] loss: 0.0182 (+/-0.0053) - [valid] loss: 0.0191 (+/-0.0064) - [test] loss: 0.019  (+/-0.0073)
2019-07-17 16:45:31,891 INFO - logger - Iter 44700 - time: 27    - [train] loss: 0.021  (+/-0.0084) - [valid] loss: 0.0178 (+/-0.006 ) - [test] loss: 0.0157 (+/-0.0052)
2019-07-17 16:46:00,939 INFO - logger - Iter 44800 - time: 29    - [train] loss: 0.0286 (+/-0.0121) - [valid] loss: 0.0204 (+/-0.0033) - [test] loss: 0.034  (+/-0.0189)
2019-07-17 16:46:27,911 INFO - logger - Iter 44900 - time: 26    - [train] loss: 0.0284 (+/-0.0136) - [valid] loss: 0.0288 (+/-0.0128) - [test] loss: 0.0229 (+/-0.0063)
2019-07-17 16:46:55,143 INFO - logger - Iter 45000 - time: 27    - [train] loss: 0.0198 (+/-0.007 ) - [valid] loss: 0.0182 (+/-0.0061) - [test] loss: 0.0173 (+/-0.0046)
2019-07-17 16:47:22,849 INFO - logger - Iter 45100 - time: 27    - [train] loss: 0.0193 (+/-0.0066) - [valid] loss: 0.0193 (+/-0.0061) - [test] loss: 0.0245 (+/-0.0127)
2019-07-17 16:47:49,932 INFO - logger - Iter 45200 - time: 27    - [train] loss: 0.0189 (+/-0.0093) - [valid] loss: 0.0144 (+/-0.0045) - [test] loss: 0.0168 (+/-0.0052)
2019-07-17 16:48:17,353 INFO - logger - Iter 45300 - time: 27    - [train] loss: 0.0133 (+/-0.0038) - [valid] loss: 0.0211 (+/-0.0143) - [test] loss: 0.0169 (+/-0.0048)
2019-07-17 16:48:46,664 INFO - logger - Iter 45400 - time: 29    - [train] loss: 0.0213 (+/-0.0062) - [valid] loss: 0.0138 (+/-0.0029) - [test] loss: 0.0136 (+/-0.0029)
2019-07-17 16:49:13,673 INFO - logger - Iter 45500 - time: 27    - [train] loss: 0.0134 (+/-0.0026) - [valid] loss: 0.0194 (+/-0.0071) - [test] loss: 0.0188 (+/-0.009 )
2019-07-17 16:49:41,334 INFO - logger - Iter 45600 - time: 27    - [train] loss: 0.0304 (+/-0.014 ) - [valid] loss: 0.0246 (+/-0.0079) - [test] loss: 0.0235 (+/-0.0103)
2019-07-17 16:50:09,762 INFO - logger - Iter 45700 - time: 28    - [train] loss: 0.0118 (+/-0.0023) - [valid] loss: 0.0183 (+/-0.0101) - [test] loss: 0.0318 (+/-0.0111)
2019-07-17 16:50:37,334 INFO - logger - Iter 45800 - time: 27    - [train] loss: 0.022  (+/-0.0078) - [valid] loss: 0.0204 (+/-0.0092) - [test] loss: 0.0245 (+/-0.0091)
2019-07-17 16:51:05,367 INFO - logger - Iter 45900 - time: 28    - [train] loss: 0.0264 (+/-0.0177) - [valid] loss: 0.0169 (+/-0.0035) - [test] loss: 0.0188 (+/-0.0057)
2019-07-17 16:51:32,721 INFO - logger - Iter 46000 - time: 27    - [train] loss: 0.0175 (+/-0.0047) - [valid] loss: 0.0205 (+/-0.0073) - [test] loss: 0.0237 (+/-0.0068)
2019-07-17 16:51:59,635 INFO - logger - Iter 46100 - time: 26    - [train] loss: 0.023  (+/-0.0065) - [valid] loss: 0.0232 (+/-0.0093) - [test] loss: 0.0166 (+/-0.0053)
2019-07-17 16:52:26,035 INFO - logger - Iter 46200 - time: 26    - [train] loss: 0.0147 (+/-0.0036) - [valid] loss: 0.0235 (+/-0.0096) - [test] loss: 0.0219 (+/-0.0097)
2019-07-17 16:52:55,338 INFO - logger - Iter 46300 - time: 29    - [train] loss: 0.0189 (+/-0.0097) - [valid] loss: 0.0174 (+/-0.0049) - [test] loss: 0.0154 (+/-0.0107)
2019-07-17 16:53:22,427 INFO - logger - Iter 46400 - time: 27    - [train] loss: 0.0218 (+/-0.0187) - [valid] loss: 0.0149 (+/-0.0056) - [test] loss: 0.0173 (+/-0.0052)
2019-07-17 16:53:51,312 INFO - logger - Iter 46500 - time: 28    - [train] loss: 0.0168 (+/-0.0046) - [valid] loss: 0.0214 (+/-0.0059) - [test] loss: 0.0213 (+/-0.0108)
2019-07-17 16:54:19,054 INFO - logger - Iter 46600 - time: 27    - [train] loss: 0.0165 (+/-0.0048) - [valid] loss: 0.0144 (+/-0.0025) - [test] loss: 0.0157 (+/-0.0042)
2019-07-17 16:54:46,860 INFO - logger - Iter 46700 - time: 27    - [train] loss: 0.031  (+/-0.0234) - [valid] loss: 0.0159 (+/-0.0054) - [test] loss: 0.0219 (+/-0.0105)
2019-07-17 16:55:15,407 INFO - logger - Iter 46800 - time: 28    - [train] loss: 0.0298 (+/-0.0141) - [valid] loss: 0.0209 (+/-0.0052) - [test] loss: 0.0251 (+/-0.0106)
2019-07-17 16:55:43,332 INFO - logger - Iter 46900 - time: 27    - [train] loss: 0.0165 (+/-0.0052) - [valid] loss: 0.0169 (+/-0.0054) - [test] loss: 0.0141 (+/-0.0053)
2019-07-17 16:56:10,194 INFO - logger - Iter 47000 - time: 26    - [train] loss: 0.0243 (+/-0.0083) - [valid] loss: 0.0324 (+/-0.0192) - [test] loss: 0.0194 (+/-0.0044)
2019-07-17 16:56:39,328 INFO - logger - Iter 47100 - time: 29    - [train] loss: 0.0188 (+/-0.0051) - [valid] loss: 0.0163 (+/-0.0056) - [test] loss: 0.0141 (+/-0.0028)
2019-07-17 16:57:06,087 INFO - logger - Iter 47200 - time: 26    - [train] loss: 0.0212 (+/-0.005 ) - [valid] loss: 0.02   (+/-0.0066) - [test] loss: 0.0205 (+/-0.0037)
2019-07-17 16:57:34,384 INFO - logger - Iter 47300 - time: 28    - [train] loss: 0.0151 (+/-0.004 ) - [valid] loss: 0.0287 (+/-0.0129) - [test] loss: 0.0201 (+/-0.0071)
2019-07-17 16:58:01,417 INFO - logger - Iter 47400 - time: 27    - [train] loss: 0.0217 (+/-0.0099) - [valid] loss: 0.0197 (+/-0.0058) - [test] loss: 0.0194 (+/-0.0076)
2019-07-17 16:58:26,996 INFO - logger - Iter 47500 - time: 25    - [train] loss: 0.0182 (+/-0.0052) - [valid] loss: 0.0168 (+/-0.0048) - [test] loss: 0.0169 (+/-0.0045)
2019-07-17 16:58:53,212 INFO - logger - Iter 47600 - time: 26    - [train] loss: 0.0217 (+/-0.0076) - [valid] loss: 0.027  (+/-0.0125) - [test] loss: 0.021  (+/-0.008 )
2019-07-17 16:59:19,485 INFO - logger - Iter 47700 - time: 26    - [train] loss: 0.0193 (+/-0.0106) - [valid] loss: 0.0244 (+/-0.0127) - [test] loss: 0.0203 (+/-0.0103)
2019-07-17 16:59:44,866 INFO - logger - Iter 47800 - time: 25    - [train] loss: 0.0274 (+/-0.0106) - [valid] loss: 0.0173 (+/-0.0059) - [test] loss: 0.0214 (+/-0.0062)
2019-07-17 17:00:11,533 INFO - logger - Iter 47900 - time: 26    - [train] loss: 0.0178 (+/-0.0071) - [valid] loss: 0.0179 (+/-0.0078) - [test] loss: 0.0244 (+/-0.0153)
2019-07-17 17:00:37,699 INFO - logger - Iter 48000 - time: 26    - [train] loss: 0.0149 (+/-0.0039) - [valid] loss: 0.0186 (+/-0.0042) - [test] loss: 0.0165 (+/-0.0036)
2019-07-17 17:01:03,802 INFO - logger - Iter 48100 - time: 26    - [train] loss: 0.0145 (+/-0.0035) - [valid] loss: 0.0217 (+/-0.0121) - [test] loss: 0.0194 (+/-0.0052)
2019-07-17 17:01:28,114 INFO - logger - Iter 48200 - time: 24    - [train] loss: 0.0185 (+/-0.0053) - [valid] loss: 0.0185 (+/-0.0071) - [test] loss: 0.021  (+/-0.0074)
2019-07-17 17:01:53,820 INFO - logger - Iter 48300 - time: 25    - [train] loss: 0.0168 (+/-0.0037) - [valid] loss: 0.0236 (+/-0.008 ) - [test] loss: 0.0309 (+/-0.0202)
2019-07-17 17:02:19,003 INFO - logger - Iter 48400 - time: 25    - [train] loss: 0.019  (+/-0.006 ) - [valid] loss: 0.0191 (+/-0.0084) - [test] loss: 0.0128 (+/-0.0033)
2019-07-17 17:02:44,861 INFO - logger - Iter 48500 - time: 25    - [train] loss: 0.0184 (+/-0.0077) - [valid] loss: 0.0198 (+/-0.0133) - [test] loss: 0.0125 (+/-0.0028)
2019-07-17 17:03:10,512 INFO - logger - Iter 48600 - time: 25    - [train] loss: 0.0186 (+/-0.0043) - [valid] loss: 0.0175 (+/-0.0065) - [test] loss: 0.0143 (+/-0.003 )
2019-07-17 17:03:34,251 INFO - logger - Iter 48700 - time: 23    - [train] loss: 0.0273 (+/-0.0126) - [valid] loss: 0.0182 (+/-0.0043) - [test] loss: 0.0182 (+/-0.0057)
2019-07-17 17:03:58,628 INFO - logger - Iter 48800 - time: 24    - [train] loss: 0.0166 (+/-0.0055) - [valid] loss: 0.0234 (+/-0.0106) - [test] loss: 0.0203 (+/-0.0065)
2019-07-17 17:04:22,448 INFO - logger - Iter 48900 - time: 23    - [train] loss: 0.0284 (+/-0.0199) - [valid] loss: 0.0162 (+/-0.0049) - [test] loss: 0.017  (+/-0.0046)
2019-07-17 17:04:47,746 INFO - logger - Iter 49000 - time: 25    - [train] loss: 0.023  (+/-0.0071) - [valid] loss: 0.0195 (+/-0.0074) - [test] loss: 0.0263 (+/-0.015 )
2019-07-17 17:05:11,737 INFO - logger - Iter 49100 - time: 23    - [train] loss: 0.0139 (+/-0.0039) - [valid] loss: 0.0248 (+/-0.0121) - [test] loss: 0.0182 (+/-0.0078)
2019-07-17 17:05:36,155 INFO - logger - Iter 49200 - time: 24    - [train] loss: 0.0143 (+/-0.004 ) - [valid] loss: 0.0114 (+/-0.0025) - [test] loss: 0.017  (+/-0.0076)
2019-07-17 17:06:00,933 INFO - logger - Iter 49300 - time: 24    - [train] loss: 0.016  (+/-0.004 ) - [valid] loss: 0.0149 (+/-0.0052) - [test] loss: 0.0228 (+/-0.0202)
2019-07-17 17:06:25,944 INFO - logger - Iter 49400 - time: 25    - [train] loss: 0.0164 (+/-0.0046) - [valid] loss: 0.0193 (+/-0.0129) - [test] loss: 0.0157 (+/-0.0039)
2019-07-17 17:06:50,647 INFO - logger - Iter 49500 - time: 24    - [train] loss: 0.0131 (+/-0.0032) - [valid] loss: 0.0184 (+/-0.0059) - [test] loss: 0.0146 (+/-0.0038)
2019-07-17 17:07:16,117 INFO - logger - Iter 49600 - time: 25    - [train] loss: 0.0206 (+/-0.0088) - [valid] loss: 0.0191 (+/-0.0053) - [test] loss: 0.0198 (+/-0.0054)
2019-07-17 17:07:39,742 INFO - logger - Iter 49700 - time: 23    - [train] loss: 0.0187 (+/-0.0094) - [valid] loss: 0.0139 (+/-0.0052) - [test] loss: 0.0179 (+/-0.0063)
2019-07-17 17:08:04,004 INFO - logger - Iter 49800 - time: 24    - [train] loss: 0.0224 (+/-0.0112) - [valid] loss: 0.0134 (+/-0.0028) - [test] loss: 0.0224 (+/-0.0066)
2019-07-17 17:08:29,415 INFO - logger - Iter 49900 - time: 25    - [train] loss: 0.0218 (+/-0.0091) - [valid] loss: 0.0148 (+/-0.004 ) - [test] loss: 0.0597 (+/-0.0618)
