2019-07-22 12:26:28,347 INFO - log_helper - Finished configuring logger
2019-07-22 12:26:30,527 INFO - logger - Iter 0    - time: 5     - [train] loss: 4.6333 (+/-0.7982) - [valid] loss: 4.295  (+/-0.742 ) - [test] loss: 4.0787 (+/-0.7787)
2019-07-22 12:26:57,350 INFO - logger - Iter 100  - time: 26    - [train] loss: 3.9126 (+/-0.6613) - [valid] loss: 3.5552 (+/-0.5902) - [test] loss: 2.7701 (+/-0.5269)
2019-07-22 12:27:23,075 INFO - logger - Iter 200  - time: 25    - [train] loss: 2.8992 (+/-0.4669) - [valid] loss: 2.7427 (+/-0.4786) - [test] loss: 2.8305 (+/-0.5567)
2019-07-22 12:27:49,219 INFO - logger - Iter 300  - time: 26    - [train] loss: 2.212  (+/-0.3519) - [valid] loss: 1.9484 (+/-0.2966) - [test] loss: 1.694  (+/-0.2673)
2019-07-22 12:28:15,713 INFO - logger - Iter 400  - time: 26    - [train] loss: 1.6482 (+/-0.3091) - [valid] loss: 1.4523 (+/-0.2383) - [test] loss: 1.2474 (+/-0.208 )
2019-07-22 12:28:41,746 INFO - logger - Iter 500  - time: 26    - [train] loss: 0.9972 (+/-0.2018) - [valid] loss: 1.0931 (+/-0.2112) - [test] loss: 1.1607 (+/-0.1997)
2019-07-22 12:29:07,108 INFO - logger - Iter 600  - time: 25    - [train] loss: 0.9796 (+/-0.2047) - [valid] loss: 1.04   (+/-0.2098) - [test] loss: 1.1798 (+/-0.2498)
2019-07-22 12:29:33,063 INFO - logger - Iter 700  - time: 25    - [train] loss: 0.9285 (+/-0.1861) - [valid] loss: 1.017  (+/-0.2149) - [test] loss: 1.023  (+/-0.1908)
2019-07-22 12:29:59,536 INFO - logger - Iter 800  - time: 26    - [train] loss: 0.8795 (+/-0.1875) - [valid] loss: 0.8642 (+/-0.1701) - [test] loss: 1.0216 (+/-0.212 )
2019-07-22 12:30:25,771 INFO - logger - Iter 900  - time: 26    - [train] loss: 1.0273 (+/-0.2621) - [valid] loss: 0.9079 (+/-0.2146) - [test] loss: 0.9895 (+/-0.2212)
2019-07-22 12:30:52,066 INFO - logger - Iter 1000 - time: 26    - [train] loss: 0.9219 (+/-0.2028) - [valid] loss: 1.0111 (+/-0.241 ) - [test] loss: 0.9872 (+/-0.1952)
2019-07-22 12:31:18,592 INFO - logger - Iter 1100 - time: 26    - [train] loss: 0.8156 (+/-0.167 ) - [valid] loss: 0.8738 (+/-0.2306) - [test] loss: 0.7581 (+/-0.1644)
2019-07-22 12:31:43,682 INFO - logger - Iter 1200 - time: 25    - [train] loss: 0.7977 (+/-0.182 ) - [valid] loss: 0.6323 (+/-0.151 ) - [test] loss: 0.7519 (+/-0.1613)
2019-07-22 12:32:09,235 INFO - logger - Iter 1300 - time: 25    - [train] loss: 0.6533 (+/-0.1326) - [valid] loss: 0.7098 (+/-0.1451) - [test] loss: 0.7803 (+/-0.1822)
2019-07-22 12:32:34,879 INFO - logger - Iter 1400 - time: 25    - [train] loss: 0.6011 (+/-0.1808) - [valid] loss: 0.5822 (+/-0.1651) - [test] loss: 0.6998 (+/-0.1612)
2019-07-22 12:33:01,573 INFO - logger - Iter 1500 - time: 26    - [train] loss: 0.5803 (+/-0.1504) - [valid] loss: 0.6331 (+/-0.1574) - [test] loss: 0.5171 (+/-0.1262)
2019-07-22 12:33:27,004 INFO - logger - Iter 1600 - time: 25    - [train] loss: 0.3891 (+/-0.0838) - [valid] loss: 0.3762 (+/-0.084 ) - [test] loss: 0.5284 (+/-0.1922)
2019-07-22 12:33:52,294 INFO - logger - Iter 1700 - time: 25    - [train] loss: 0.3661 (+/-0.1433) - [valid] loss: 0.3939 (+/-0.1218) - [test] loss: 0.3596 (+/-0.1206)
2019-07-22 12:34:18,291 INFO - logger - Iter 1800 - time: 25    - [train] loss: 0.3088 (+/-0.0867) - [valid] loss: 0.2787 (+/-0.0695) - [test] loss: 0.2629 (+/-0.0694)
2019-07-22 12:34:44,531 INFO - logger - Iter 1900 - time: 26    - [train] loss: 0.2583 (+/-0.0772) - [valid] loss: 0.2851 (+/-0.104 ) - [test] loss: 0.2713 (+/-0.0646)
2019-07-22 12:35:10,925 INFO - logger - Iter 2000 - time: 26    - [train] loss: 0.1931 (+/-0.0384) - [valid] loss: 0.2582 (+/-0.0912) - [test] loss: 0.2004 (+/-0.0569)
2019-07-22 12:35:36,174 INFO - logger - Iter 2100 - time: 25    - [train] loss: 0.2378 (+/-0.0909) - [valid] loss: 0.2981 (+/-0.1564) - [test] loss: 0.1988 (+/-0.0543)
2019-07-22 12:36:01,945 INFO - logger - Iter 2200 - time: 25    - [train] loss: 0.1586 (+/-0.0372) - [valid] loss: 0.1888 (+/-0.0445) - [test] loss: 0.2591 (+/-0.0792)
2019-07-22 12:36:27,350 INFO - logger - Iter 2300 - time: 25    - [train] loss: 0.161  (+/-0.0347) - [valid] loss: 0.251  (+/-0.11  ) - [test] loss: 0.2872 (+/-0.1367)
2019-07-22 12:36:54,180 INFO - logger - Iter 2400 - time: 26    - [train] loss: 0.1261 (+/-0.0309) - [valid] loss: 0.1157 (+/-0.0297) - [test] loss: 0.2406 (+/-0.1226)
2019-07-22 12:37:20,248 INFO - logger - Iter 2500 - time: 26    - [train] loss: 0.1839 (+/-0.0695) - [valid] loss: 0.2049 (+/-0.0755) - [test] loss: 0.1662 (+/-0.0487)
2019-07-22 12:37:46,102 INFO - logger - Iter 2600 - time: 25    - [train] loss: 0.1814 (+/-0.0619) - [valid] loss: 0.2417 (+/-0.0704) - [test] loss: 0.1592 (+/-0.0393)
2019-07-22 12:38:11,482 INFO - logger - Iter 2700 - time: 25    - [train] loss: 0.1667 (+/-0.0538) - [valid] loss: 0.1297 (+/-0.0459) - [test] loss: 0.1176 (+/-0.032 )
2019-07-22 12:38:38,018 INFO - logger - Iter 2800 - time: 26    - [train] loss: 0.0976 (+/-0.0197) - [valid] loss: 0.1713 (+/-0.0528) - [test] loss: 0.1497 (+/-0.0401)
2019-07-22 12:39:03,911 INFO - logger - Iter 2900 - time: 25    - [train] loss: 0.1157 (+/-0.0293) - [valid] loss: 0.1974 (+/-0.0711) - [test] loss: 0.1186 (+/-0.032 )
2019-07-22 12:39:29,836 INFO - logger - Iter 3000 - time: 25    - [train] loss: 0.1136 (+/-0.0327) - [valid] loss: 0.1094 (+/-0.0268) - [test] loss: 0.0966 (+/-0.0237)
2019-07-22 12:39:56,947 INFO - logger - Iter 3100 - time: 27    - [train] loss: 0.1113 (+/-0.0336) - [valid] loss: 0.0907 (+/-0.0256) - [test] loss: 0.1249 (+/-0.0327)
2019-07-22 12:40:22,658 INFO - logger - Iter 3200 - time: 25    - [train] loss: 0.0924 (+/-0.0292) - [valid] loss: 0.122  (+/-0.0376) - [test] loss: 0.1189 (+/-0.0427)
2019-07-22 12:40:48,786 INFO - logger - Iter 3300 - time: 26    - [train] loss: 0.0933 (+/-0.0214) - [valid] loss: 0.093  (+/-0.0237) - [test] loss: 0.077  (+/-0.0192)
2019-07-22 12:41:14,046 INFO - logger - Iter 3400 - time: 25    - [train] loss: 0.0786 (+/-0.0187) - [valid] loss: 0.0822 (+/-0.0306) - [test] loss: 0.0807 (+/-0.0205)
2019-07-22 12:41:39,880 INFO - logger - Iter 3500 - time: 25    - [train] loss: 0.0773 (+/-0.0191) - [valid] loss: 0.071  (+/-0.015 ) - [test] loss: 0.087  (+/-0.0224)
2019-07-22 12:42:05,733 INFO - logger - Iter 3600 - time: 25    - [train] loss: 0.0675 (+/-0.0161) - [valid] loss: 0.0779 (+/-0.0217) - [test] loss: 0.1143 (+/-0.0471)
2019-07-22 12:42:30,619 INFO - logger - Iter 3700 - time: 24    - [train] loss: 0.1065 (+/-0.0472) - [valid] loss: 0.0652 (+/-0.0194) - [test] loss: 0.0901 (+/-0.0233)
2019-07-22 12:42:57,347 INFO - logger - Iter 3800 - time: 26    - [train] loss: 0.0899 (+/-0.0231) - [valid] loss: 0.0768 (+/-0.0192) - [test] loss: 0.0841 (+/-0.0242)
2019-07-22 12:43:22,008 INFO - logger - Iter 3900 - time: 24    - [train] loss: 0.0759 (+/-0.0183) - [valid] loss: 0.1209 (+/-0.0639) - [test] loss: 0.0784 (+/-0.0255)
2019-07-22 12:43:48,473 INFO - logger - Iter 4000 - time: 26    - [train] loss: 0.0788 (+/-0.0319) - [valid] loss: 0.0672 (+/-0.0269) - [test] loss: 0.0913 (+/-0.0435)
2019-07-22 12:44:13,855 INFO - logger - Iter 4100 - time: 25    - [train] loss: 0.0606 (+/-0.0184) - [valid] loss: 0.0829 (+/-0.036 ) - [test] loss: 0.0576 (+/-0.0144)
2019-07-22 12:44:40,681 INFO - logger - Iter 4200 - time: 26    - [train] loss: 0.0696 (+/-0.0178) - [valid] loss: 0.0788 (+/-0.0184) - [test] loss: 0.0794 (+/-0.0328)
2019-07-22 12:45:06,409 INFO - logger - Iter 4300 - time: 25    - [train] loss: 0.0506 (+/-0.0116) - [valid] loss: 0.0638 (+/-0.0139) - [test] loss: 0.0786 (+/-0.0237)
2019-07-22 12:45:32,536 INFO - logger - Iter 4400 - time: 26    - [train] loss: 0.063  (+/-0.0184) - [valid] loss: 0.0566 (+/-0.0183) - [test] loss: 0.0619 (+/-0.0203)
2019-07-22 12:45:58,462 INFO - logger - Iter 4500 - time: 25    - [train] loss: 0.0448 (+/-0.0096) - [valid] loss: 0.0552 (+/-0.0169) - [test] loss: 0.0694 (+/-0.0291)
2019-07-22 12:46:23,895 INFO - logger - Iter 4600 - time: 25    - [train] loss: 0.0525 (+/-0.0164) - [valid] loss: 0.0616 (+/-0.0202) - [test] loss: 0.0584 (+/-0.0197)
2019-07-22 12:46:49,418 INFO - logger - Iter 4700 - time: 25    - [train] loss: 0.0786 (+/-0.0251) - [valid] loss: 0.062  (+/-0.021 ) - [test] loss: 0.057  (+/-0.016 )
2019-07-22 12:47:14,803 INFO - logger - Iter 4800 - time: 25    - [train] loss: 0.062  (+/-0.0215) - [valid] loss: 0.0723 (+/-0.0235) - [test] loss: 0.0823 (+/-0.032 )
2019-07-22 12:47:39,635 INFO - logger - Iter 4900 - time: 24    - [train] loss: 0.0598 (+/-0.0161) - [valid] loss: 0.0597 (+/-0.0188) - [test] loss: 0.0617 (+/-0.0178)
2019-07-22 12:48:05,430 INFO - logger - Iter 5000 - time: 25    - [train] loss: 0.0521 (+/-0.0153) - [valid] loss: 0.0854 (+/-0.0419) - [test] loss: 0.0635 (+/-0.0305)
2019-07-22 12:48:31,615 INFO - logger - Iter 5100 - time: 26    - [train] loss: 0.0658 (+/-0.0172) - [valid] loss: 0.0482 (+/-0.0125) - [test] loss: 0.0672 (+/-0.0238)
2019-07-22 12:48:58,125 INFO - logger - Iter 5200 - time: 26    - [train] loss: 0.0593 (+/-0.016 ) - [valid] loss: 0.0746 (+/-0.0182) - [test] loss: 0.054  (+/-0.0143)
2019-07-22 12:49:24,381 INFO - logger - Iter 5300 - time: 26    - [train] loss: 0.0567 (+/-0.0149) - [valid] loss: 0.0652 (+/-0.0269) - [test] loss: 0.0641 (+/-0.0248)
2019-07-22 12:49:49,497 INFO - logger - Iter 5400 - time: 25    - [train] loss: 0.0523 (+/-0.0173) - [valid] loss: 0.0433 (+/-0.0102) - [test] loss: 0.0534 (+/-0.0156)
2019-07-22 12:50:15,580 INFO - logger - Iter 5500 - time: 26    - [train] loss: 0.0566 (+/-0.0177) - [valid] loss: 0.058  (+/-0.0192) - [test] loss: 0.051  (+/-0.0133)
2019-07-22 12:50:41,476 INFO - logger - Iter 5600 - time: 25    - [train] loss: 0.0412 (+/-0.0099) - [valid] loss: 0.0731 (+/-0.0326) - [test] loss: 0.0641 (+/-0.0152)
2019-07-22 12:51:07,277 INFO - logger - Iter 5700 - time: 25    - [train] loss: 0.0516 (+/-0.0218) - [valid] loss: 0.0652 (+/-0.0194) - [test] loss: 0.0507 (+/-0.0139)
2019-07-22 12:51:32,466 INFO - logger - Iter 5800 - time: 25    - [train] loss: 0.0416 (+/-0.0098) - [valid] loss: 0.0549 (+/-0.0224) - [test] loss: 0.0703 (+/-0.0216)
2019-07-22 12:51:57,252 INFO - logger - Iter 5900 - time: 24    - [train] loss: 0.0832 (+/-0.0355) - [valid] loss: 0.043  (+/-0.0074) - [test] loss: 0.0726 (+/-0.0304)
2019-07-22 12:52:23,386 INFO - logger - Iter 6000 - time: 26    - [train] loss: 0.0607 (+/-0.0214) - [valid] loss: 0.0673 (+/-0.0225) - [test] loss: 0.0561 (+/-0.0182)
2019-07-22 12:52:48,776 INFO - logger - Iter 6100 - time: 25    - [train] loss: 0.0538 (+/-0.0149) - [valid] loss: 0.0408 (+/-0.0119) - [test] loss: 0.0615 (+/-0.027 )
2019-07-22 12:53:14,290 INFO - logger - Iter 6200 - time: 25    - [train] loss: 0.053  (+/-0.0259) - [valid] loss: 0.0391 (+/-0.0081) - [test] loss: 0.0406 (+/-0.0103)
2019-07-22 12:53:38,949 INFO - logger - Iter 6300 - time: 24    - [train] loss: 0.047  (+/-0.0116) - [valid] loss: 0.0633 (+/-0.0236) - [test] loss: 0.0574 (+/-0.0164)
2019-07-22 12:54:04,403 INFO - logger - Iter 6400 - time: 25    - [train] loss: 0.0477 (+/-0.0156) - [valid] loss: 0.0473 (+/-0.0123) - [test] loss: 0.0647 (+/-0.0206)
2019-07-22 12:54:30,875 INFO - logger - Iter 6500 - time: 26    - [train] loss: 0.0547 (+/-0.0187) - [valid] loss: 0.0487 (+/-0.0131) - [test] loss: 0.0534 (+/-0.0141)
2019-07-22 12:54:57,425 INFO - logger - Iter 6600 - time: 26    - [train] loss: 0.0871 (+/-0.0362) - [valid] loss: 0.0404 (+/-0.0091) - [test] loss: 0.0484 (+/-0.0148)
2019-07-22 12:55:22,753 INFO - logger - Iter 6700 - time: 25    - [train] loss: 0.0499 (+/-0.0118) - [valid] loss: 0.0373 (+/-0.0073) - [test] loss: 0.0633 (+/-0.0183)
2019-07-22 12:55:48,063 INFO - logger - Iter 6800 - time: 25    - [train] loss: 0.0596 (+/-0.0359) - [valid] loss: 0.06   (+/-0.0262) - [test] loss: 0.0423 (+/-0.0104)
2019-07-22 12:56:13,733 INFO - logger - Iter 6900 - time: 25    - [train] loss: 0.0467 (+/-0.0132) - [valid] loss: 0.0393 (+/-0.0093) - [test] loss: 0.0501 (+/-0.0178)
2019-07-22 12:56:39,698 INFO - logger - Iter 7000 - time: 25    - [train] loss: 0.0641 (+/-0.0262) - [valid] loss: 0.048  (+/-0.0183) - [test] loss: 0.0427 (+/-0.0115)
2019-07-22 12:57:05,466 INFO - logger - Iter 7100 - time: 25    - [train] loss: 0.0381 (+/-0.0109) - [valid] loss: 0.0368 (+/-0.0083) - [test] loss: 0.0502 (+/-0.0196)
2019-07-22 12:57:31,999 INFO - logger - Iter 7200 - time: 25    - [train] loss: 0.0355 (+/-0.0118) - [valid] loss: 0.071  (+/-0.025 ) - [test] loss: 0.0611 (+/-0.0282)
2019-07-22 12:57:57,160 INFO - logger - Iter 7300 - time: 26    - [train] loss: 0.0634 (+/-0.0236) - [valid] loss: 0.0501 (+/-0.0115) - [test] loss: 0.0562 (+/-0.015 )
2019-07-22 12:58:22,905 INFO - logger - Iter 7400 - time: 25    - [train] loss: 0.057  (+/-0.0188) - [valid] loss: 0.0565 (+/-0.0193) - [test] loss: 0.0613 (+/-0.0179)
2019-07-22 12:58:49,307 INFO - logger - Iter 7500 - time: 26    - [train] loss: 0.0503 (+/-0.0175) - [valid] loss: 0.042  (+/-0.0163) - [test] loss: 0.0489 (+/-0.014 )
2019-07-22 12:59:15,902 INFO - logger - Iter 7600 - time: 26    - [train] loss: 0.0589 (+/-0.0184) - [valid] loss: 0.0381 (+/-0.0071) - [test] loss: 0.0543 (+/-0.0151)
2019-07-22 12:59:41,288 INFO - logger - Iter 7700 - time: 25    - [train] loss: 0.0517 (+/-0.0182) - [valid] loss: 0.0516 (+/-0.0304) - [test] loss: 0.0391 (+/-0.0121)
2019-07-22 13:00:07,057 INFO - logger - Iter 7800 - time: 25    - [train] loss: 0.0469 (+/-0.0196) - [valid] loss: 0.0343 (+/-0.0071) - [test] loss: 0.0666 (+/-0.0542)
2019-07-22 13:00:33,542 INFO - logger - Iter 7900 - time: 26    - [train] loss: 0.0566 (+/-0.0197) - [valid] loss: 0.0468 (+/-0.014 ) - [test] loss: 0.0439 (+/-0.0117)
2019-07-22 13:00:59,134 INFO - logger - Iter 8000 - time: 25    - [train] loss: 0.047  (+/-0.0125) - [valid] loss: 0.0557 (+/-0.0224) - [test] loss: 0.0333 (+/-0.0071)
2019-07-22 13:01:24,847 INFO - logger - Iter 8100 - time: 25    - [train] loss: 0.0531 (+/-0.0191) - [valid] loss: 0.06   (+/-0.0256) - [test] loss: 0.0491 (+/-0.0121)
2019-07-22 13:01:50,970 INFO - logger - Iter 8200 - time: 26    - [train] loss: 0.0334 (+/-0.0081) - [valid] loss: 0.0463 (+/-0.0123) - [test] loss: 0.0725 (+/-0.0342)
2019-07-22 13:02:17,132 INFO - logger - Iter 8300 - time: 26    - [train] loss: 0.0379 (+/-0.0176) - [valid] loss: 0.0505 (+/-0.0196) - [test] loss: 0.0396 (+/-0.0101)
2019-07-22 13:02:42,973 INFO - logger - Iter 8400 - time: 25    - [train] loss: 0.0672 (+/-0.0242) - [valid] loss: 0.0691 (+/-0.0287) - [test] loss: 0.0415 (+/-0.0094)
2019-07-22 13:03:08,766 INFO - logger - Iter 8500 - time: 25    - [train] loss: 0.041  (+/-0.0112) - [valid] loss: 0.0408 (+/-0.0138) - [test] loss: 0.0484 (+/-0.0183)
2019-07-22 13:03:34,617 INFO - logger - Iter 8600 - time: 25    - [train] loss: 0.0336 (+/-0.0129) - [valid] loss: 0.0419 (+/-0.0123) - [test] loss: 0.0347 (+/-0.0101)
2019-07-22 13:04:00,483 INFO - logger - Iter 8700 - time: 25    - [train] loss: 0.0537 (+/-0.0249) - [valid] loss: 0.0336 (+/-0.0079) - [test] loss: 0.0539 (+/-0.0166)
2019-07-22 13:04:27,213 INFO - logger - Iter 8800 - time: 26    - [train] loss: 0.0437 (+/-0.0127) - [valid] loss: 0.0472 (+/-0.0136) - [test] loss: 0.0564 (+/-0.0316)
2019-07-22 13:04:53,554 INFO - logger - Iter 8900 - time: 26    - [train] loss: 0.0382 (+/-0.0145) - [valid] loss: 0.045  (+/-0.0159) - [test] loss: 0.0433 (+/-0.013 )
2019-07-22 13:05:19,446 INFO - logger - Iter 9000 - time: 25    - [train] loss: 0.0465 (+/-0.0151) - [valid] loss: 0.035  (+/-0.0137) - [test] loss: 0.0272 (+/-0.0055)
2019-07-22 13:05:45,935 INFO - logger - Iter 9100 - time: 26    - [train] loss: 0.045  (+/-0.0107) - [valid] loss: 0.0443 (+/-0.0133) - [test] loss: 0.0453 (+/-0.0169)
2019-07-22 13:06:11,286 INFO - logger - Iter 9200 - time: 25    - [train] loss: 0.0306 (+/-0.0094) - [valid] loss: 0.0341 (+/-0.0167) - [test] loss: 0.0515 (+/-0.0202)
2019-07-22 13:06:37,763 INFO - logger - Iter 9300 - time: 26    - [train] loss: 0.0487 (+/-0.0266) - [valid] loss: 0.0345 (+/-0.0108) - [test] loss: 0.0392 (+/-0.0195)
2019-07-22 13:07:04,603 INFO - logger - Iter 9400 - time: 26    - [train] loss: 0.0243 (+/-0.0056) - [valid] loss: 0.0206 (+/-0.0051) - [test] loss: 0.0512 (+/-0.0217)
2019-07-22 13:07:30,990 INFO - logger - Iter 9500 - time: 26    - [train] loss: 0.0353 (+/-0.0079) - [valid] loss: 0.0437 (+/-0.0162) - [test] loss: 0.0377 (+/-0.0076)
2019-07-22 13:07:57,464 INFO - logger - Iter 9600 - time: 26    - [train] loss: 0.0671 (+/-0.0744) - [valid] loss: 0.0358 (+/-0.0105) - [test] loss: 0.0397 (+/-0.0169)
2019-07-22 13:08:22,734 INFO - logger - Iter 9700 - time: 25    - [train] loss: 0.0363 (+/-0.0116) - [valid] loss: 0.0366 (+/-0.0129) - [test] loss: 0.0405 (+/-0.0144)
2019-07-22 13:08:48,609 INFO - logger - Iter 9800 - time: 25    - [train] loss: 0.0362 (+/-0.0147) - [valid] loss: 0.0386 (+/-0.0149) - [test] loss: 0.0406 (+/-0.0153)
2019-07-22 13:09:14,783 INFO - logger - Iter 9900 - time: 26    - [train] loss: 0.03   (+/-0.0075) - [valid] loss: 0.0501 (+/-0.0159) - [test] loss: 0.0284 (+/-0.0076)
2019-07-22 13:09:39,828 INFO - logger - Iter 10000 - time: 25    - [train] loss: 0.0393 (+/-0.0145) - [valid] loss: 0.0393 (+/-0.0107) - [test] loss: 0.0451 (+/-0.015 )
2019-07-22 13:10:06,953 INFO - logger - Iter 10100 - time: 27    - [train] loss: 0.0321 (+/-0.009 ) - [valid] loss: 0.0341 (+/-0.009 ) - [test] loss: 0.0339 (+/-0.0111)
2019-07-22 13:10:32,732 INFO - logger - Iter 10200 - time: 25    - [train] loss: 0.0227 (+/-0.005 ) - [valid] loss: 0.0287 (+/-0.0083) - [test] loss: 0.0384 (+/-0.0121)
2019-07-22 13:10:59,326 INFO - logger - Iter 10300 - time: 26    - [train] loss: 0.0365 (+/-0.0085) - [valid] loss: 0.0536 (+/-0.0242) - [test] loss: 0.029  (+/-0.0102)
2019-07-22 13:11:24,664 INFO - logger - Iter 10400 - time: 25    - [train] loss: 0.0381 (+/-0.0142) - [valid] loss: 0.0306 (+/-0.0077) - [test] loss: 0.0435 (+/-0.0194)
2019-07-22 13:11:51,372 INFO - logger - Iter 10500 - time: 26    - [train] loss: 0.0375 (+/-0.0126) - [valid] loss: 0.0396 (+/-0.0161) - [test] loss: 0.031  (+/-0.0103)
2019-07-22 13:12:16,973 INFO - logger - Iter 10600 - time: 25    - [train] loss: 0.0355 (+/-0.0078) - [valid] loss: 0.0312 (+/-0.0066) - [test] loss: 0.042  (+/-0.0114)
2019-07-22 13:12:42,967 INFO - logger - Iter 10700 - time: 25    - [train] loss: 0.0299 (+/-0.009 ) - [valid] loss: 0.033  (+/-0.0106) - [test] loss: 0.038  (+/-0.0146)
2019-07-22 13:13:09,262 INFO - logger - Iter 10800 - time: 26    - [train] loss: 0.0351 (+/-0.0074) - [valid] loss: 0.0363 (+/-0.0108) - [test] loss: 0.043  (+/-0.0125)
2019-07-22 13:13:36,692 INFO - logger - Iter 10900 - time: 27    - [train] loss: 0.0265 (+/-0.0059) - [valid] loss: 0.0357 (+/-0.0161) - [test] loss: 0.0426 (+/-0.0129)
2019-07-22 13:14:03,000 INFO - logger - Iter 11000 - time: 26    - [train] loss: 0.0636 (+/-0.0543) - [valid] loss: 0.0342 (+/-0.0081) - [test] loss: 0.0405 (+/-0.0116)
2019-07-22 13:14:29,405 INFO - logger - Iter 11100 - time: 26    - [train] loss: 0.0361 (+/-0.0145) - [valid] loss: 0.0553 (+/-0.0237) - [test] loss: 0.0277 (+/-0.0083)
2019-07-22 13:14:55,260 INFO - logger - Iter 11200 - time: 25    - [train] loss: 0.0513 (+/-0.0226) - [valid] loss: 0.0374 (+/-0.0089) - [test] loss: 0.0408 (+/-0.0191)
2019-07-22 13:15:21,140 INFO - logger - Iter 11300 - time: 25    - [train] loss: 0.0392 (+/-0.0126) - [valid] loss: 0.029  (+/-0.006 ) - [test] loss: 0.04   (+/-0.0143)
2019-07-22 13:15:47,546 INFO - logger - Iter 11400 - time: 26    - [train] loss: 0.0319 (+/-0.0102) - [valid] loss: 0.0381 (+/-0.0189) - [test] loss: 0.0357 (+/-0.0123)
2019-07-22 13:16:12,891 INFO - logger - Iter 11500 - time: 25    - [train] loss: 0.0504 (+/-0.0239) - [valid] loss: 0.0412 (+/-0.0158) - [test] loss: 0.0303 (+/-0.0135)
2019-07-22 13:16:39,129 INFO - logger - Iter 11600 - time: 26    - [train] loss: 0.0387 (+/-0.0188) - [valid] loss: 0.0332 (+/-0.0091) - [test] loss: 0.0509 (+/-0.0213)
2019-07-22 13:17:04,941 INFO - logger - Iter 11700 - time: 25    - [train] loss: 0.0287 (+/-0.0117) - [valid] loss: 0.0297 (+/-0.0092) - [test] loss: 0.0271 (+/-0.009 )
2019-07-22 13:17:30,543 INFO - logger - Iter 11800 - time: 25    - [train] loss: 0.0432 (+/-0.0151) - [valid] loss: 0.0421 (+/-0.0174) - [test] loss: 0.0344 (+/-0.0089)
2019-07-22 13:17:56,296 INFO - logger - Iter 11900 - time: 25    - [train] loss: 0.0481 (+/-0.0277) - [valid] loss: 0.0222 (+/-0.0053) - [test] loss: 0.0437 (+/-0.0164)
2019-07-22 13:18:20,945 INFO - logger - Iter 12000 - time: 24    - [train] loss: 0.0463 (+/-0.0231) - [valid] loss: 0.0472 (+/-0.0269) - [test] loss: 0.0323 (+/-0.0137)
2019-07-22 13:18:47,666 INFO - logger - Iter 12100 - time: 26    - [train] loss: 0.0361 (+/-0.0105) - [valid] loss: 0.0402 (+/-0.01  ) - [test] loss: 0.0363 (+/-0.0069)
2019-07-22 13:19:12,749 INFO - logger - Iter 12200 - time: 25    - [train] loss: 0.0292 (+/-0.0076) - [valid] loss: 0.0274 (+/-0.0056) - [test] loss: 0.0378 (+/-0.0138)
2019-07-22 13:19:38,593 INFO - logger - Iter 12300 - time: 25    - [train] loss: 0.0438 (+/-0.0137) - [valid] loss: 0.0567 (+/-0.0232) - [test] loss: 0.0401 (+/-0.0111)
2019-07-22 13:20:04,922 INFO - logger - Iter 12400 - time: 26    - [train] loss: 0.037  (+/-0.0129) - [valid] loss: 0.0325 (+/-0.0094) - [test] loss: 0.0268 (+/-0.0073)
2019-07-22 13:20:29,981 INFO - logger - Iter 12500 - time: 25    - [train] loss: 0.036  (+/-0.0126) - [valid] loss: 0.0292 (+/-0.0059) - [test] loss: 0.0586 (+/-0.0339)
2019-07-22 13:20:56,985 INFO - logger - Iter 12600 - time: 27    - [train] loss: 0.0382 (+/-0.0186) - [valid] loss: 0.0392 (+/-0.0114) - [test] loss: 0.047  (+/-0.0127)
2019-07-22 13:21:22,492 INFO - logger - Iter 12700 - time: 25    - [train] loss: 0.0304 (+/-0.0108) - [valid] loss: 0.0384 (+/-0.0111) - [test] loss: 0.0287 (+/-0.0084)
2019-07-22 13:21:48,137 INFO - logger - Iter 12800 - time: 25    - [train] loss: 0.0409 (+/-0.0127) - [valid] loss: 0.0473 (+/-0.0297) - [test] loss: 0.0497 (+/-0.0206)
2019-07-22 13:22:13,713 INFO - logger - Iter 12900 - time: 25    - [train] loss: 0.0385 (+/-0.0151) - [valid] loss: 0.054  (+/-0.0444) - [test] loss: 0.0272 (+/-0.0092)
2019-07-22 13:22:39,976 INFO - logger - Iter 13000 - time: 26    - [train] loss: 0.0389 (+/-0.0159) - [valid] loss: 0.0336 (+/-0.0098) - [test] loss: 0.0423 (+/-0.0224)
2019-07-22 13:23:06,097 INFO - logger - Iter 13100 - time: 26    - [train] loss: 0.0234 (+/-0.0055) - [valid] loss: 0.0365 (+/-0.0162) - [test] loss: 0.0377 (+/-0.0254)
2019-07-22 13:23:31,680 INFO - logger - Iter 13200 - time: 25    - [train] loss: 0.0256 (+/-0.0066) - [valid] loss: 0.0344 (+/-0.0123) - [test] loss: 0.0274 (+/-0.0075)
2019-07-22 13:23:58,267 INFO - logger - Iter 13300 - time: 26    - [train] loss: 0.043  (+/-0.0111) - [valid] loss: 0.0386 (+/-0.0083) - [test] loss: 0.0342 (+/-0.0058)
2019-07-22 13:24:23,354 INFO - logger - Iter 13400 - time: 25    - [train] loss: 0.0385 (+/-0.0191) - [valid] loss: 0.0441 (+/-0.0124) - [test] loss: 0.0356 (+/-0.0102)
2019-07-22 13:24:49,906 INFO - logger - Iter 13500 - time: 26    - [train] loss: 0.0382 (+/-0.0136) - [valid] loss: 0.0405 (+/-0.0143) - [test] loss: 0.0365 (+/-0.0207)
2019-07-22 13:25:16,310 INFO - logger - Iter 13600 - time: 26    - [train] loss: 0.0297 (+/-0.0101) - [valid] loss: 0.0455 (+/-0.0171) - [test] loss: 0.0515 (+/-0.0329)
2019-07-22 13:25:42,287 INFO - logger - Iter 13700 - time: 25    - [train] loss: 0.0327 (+/-0.0107) - [valid] loss: 0.0297 (+/-0.0069) - [test] loss: 0.0393 (+/-0.018 )
2019-07-22 13:26:07,538 INFO - logger - Iter 13800 - time: 25    - [train] loss: 0.0297 (+/-0.0086) - [valid] loss: 0.0363 (+/-0.015 ) - [test] loss: 0.0361 (+/-0.0143)
2019-07-22 13:26:34,069 INFO - logger - Iter 13900 - time: 26    - [train] loss: 0.0379 (+/-0.0173) - [valid] loss: 0.0212 (+/-0.0035) - [test] loss: 0.0453 (+/-0.0279)
2019-07-22 13:26:59,239 INFO - logger - Iter 14000 - time: 25    - [train] loss: 0.0267 (+/-0.0084) - [valid] loss: 0.035  (+/-0.0137) - [test] loss: 0.0325 (+/-0.0106)
2019-07-22 13:27:25,698 INFO - logger - Iter 14100 - time: 26    - [train] loss: 0.0303 (+/-0.0069) - [valid] loss: 0.0322 (+/-0.0084) - [test] loss: 0.0268 (+/-0.0113)
2019-07-22 13:27:51,240 INFO - logger - Iter 14200 - time: 25    - [train] loss: 0.0402 (+/-0.0164) - [valid] loss: 0.0298 (+/-0.0074) - [test] loss: 0.0304 (+/-0.0096)
2019-07-22 13:28:16,746 INFO - logger - Iter 14300 - time: 25    - [train] loss: 0.0378 (+/-0.0108) - [valid] loss: 0.0352 (+/-0.0243) - [test] loss: 0.0343 (+/-0.0125)
2019-07-22 13:28:42,099 INFO - logger - Iter 14400 - time: 25    - [train] loss: 0.0257 (+/-0.0099) - [valid] loss: 0.0386 (+/-0.0189) - [test] loss: 0.0441 (+/-0.0286)
2019-07-22 13:29:07,902 INFO - logger - Iter 14500 - time: 25    - [train] loss: 0.0309 (+/-0.0105) - [valid] loss: 0.0358 (+/-0.0143) - [test] loss: 0.036  (+/-0.0125)
2019-07-22 13:29:33,909 INFO - logger - Iter 14600 - time: 26    - [train] loss: 0.0438 (+/-0.014 ) - [valid] loss: 0.0355 (+/-0.0095) - [test] loss: 0.0264 (+/-0.006 )
2019-07-22 13:29:59,754 INFO - logger - Iter 14700 - time: 25    - [train] loss: 0.0466 (+/-0.0143) - [valid] loss: 0.0419 (+/-0.0246) - [test] loss: 0.033  (+/-0.0121)
2019-07-22 13:30:25,935 INFO - logger - Iter 14800 - time: 26    - [train] loss: 0.0331 (+/-0.01  ) - [valid] loss: 0.0236 (+/-0.0052) - [test] loss: 0.0371 (+/-0.0097)
2019-07-22 13:30:51,930 INFO - logger - Iter 14900 - time: 25    - [train] loss: 0.0343 (+/-0.0173) - [valid] loss: 0.0394 (+/-0.0284) - [test] loss: 0.0273 (+/-0.0096)
2019-07-22 13:31:18,069 INFO - logger - Iter 15000 - time: 26    - [train] loss: 0.0548 (+/-0.0306) - [valid] loss: 0.0375 (+/-0.0165) - [test] loss: 0.0292 (+/-0.0097)
2019-07-22 13:31:43,817 INFO - logger - Iter 15100 - time: 25    - [train] loss: 0.0353 (+/-0.0113) - [valid] loss: 0.0498 (+/-0.0196) - [test] loss: 0.0407 (+/-0.0142)
2019-07-22 13:32:09,554 INFO - logger - Iter 15200 - time: 25    - [train] loss: 0.0449 (+/-0.0267) - [valid] loss: 0.035  (+/-0.0159) - [test] loss: 0.0373 (+/-0.0189)
2019-07-22 13:32:35,624 INFO - logger - Iter 15300 - time: 26    - [train] loss: 0.0484 (+/-0.0365) - [valid] loss: 0.0411 (+/-0.0148) - [test] loss: 0.0413 (+/-0.0189)
2019-07-22 13:33:01,235 INFO - logger - Iter 15400 - time: 25    - [train] loss: 0.0357 (+/-0.0081) - [valid] loss: 0.0367 (+/-0.0091) - [test] loss: 0.0424 (+/-0.0137)
2019-07-22 13:33:27,387 INFO - logger - Iter 15500 - time: 26    - [train] loss: 0.0286 (+/-0.0099) - [valid] loss: 0.0263 (+/-0.0073) - [test] loss: 0.0423 (+/-0.0182)
2019-07-22 13:33:53,163 INFO - logger - Iter 15600 - time: 25    - [train] loss: 0.03   (+/-0.0064) - [valid] loss: 0.0372 (+/-0.0083) - [test] loss: 0.0498 (+/-0.0421)
2019-07-22 13:34:19,733 INFO - logger - Iter 15700 - time: 26    - [train] loss: 0.0394 (+/-0.0134) - [valid] loss: 0.0361 (+/-0.0174) - [test] loss: 0.0315 (+/-0.0074)
2019-07-22 13:34:45,192 INFO - logger - Iter 15800 - time: 25    - [train] loss: 0.0246 (+/-0.0093) - [valid] loss: 0.043  (+/-0.0303) - [test] loss: 0.0431 (+/-0.0189)
2019-07-22 13:35:11,539 INFO - logger - Iter 15900 - time: 26    - [train] loss: 0.0325 (+/-0.01  ) - [valid] loss: 0.0321 (+/-0.0137) - [test] loss: 0.0454 (+/-0.0196)
2019-07-22 13:35:37,247 INFO - logger - Iter 16000 - time: 25    - [train] loss: 0.0336 (+/-0.0121) - [valid] loss: 0.0327 (+/-0.0084) - [test] loss: 0.0375 (+/-0.0103)
2019-07-22 13:36:02,929 INFO - logger - Iter 16100 - time: 25    - [train] loss: 0.038  (+/-0.0175) - [valid] loss: 0.0281 (+/-0.0068) - [test] loss: 0.0356 (+/-0.0118)
2019-07-22 13:36:29,138 INFO - logger - Iter 16200 - time: 26    - [train] loss: 0.0316 (+/-0.0113) - [valid] loss: 0.028  (+/-0.0075) - [test] loss: 0.027  (+/-0.0074)
2019-07-22 13:36:54,915 INFO - logger - Iter 16300 - time: 25    - [train] loss: 0.0323 (+/-0.008 ) - [valid] loss: 0.0267 (+/-0.0045) - [test] loss: 0.0487 (+/-0.0231)
2019-07-22 13:37:20,945 INFO - logger - Iter 16400 - time: 26    - [train] loss: 0.0287 (+/-0.008 ) - [valid] loss: 0.0365 (+/-0.0185) - [test] loss: 0.0295 (+/-0.0076)
2019-07-22 13:37:47,566 INFO - logger - Iter 16500 - time: 26    - [train] loss: 0.0284 (+/-0.0116) - [valid] loss: 0.049  (+/-0.0343) - [test] loss: 0.0446 (+/-0.017 )
2019-07-22 13:38:12,463 INFO - logger - Iter 16600 - time: 24    - [train] loss: 0.0372 (+/-0.0223) - [valid] loss: 0.0286 (+/-0.0079) - [test] loss: 0.0321 (+/-0.0078)
2019-07-22 13:38:38,391 INFO - logger - Iter 16700 - time: 25    - [train] loss: 0.0279 (+/-0.0071) - [valid] loss: 0.0275 (+/-0.0086) - [test] loss: 0.0332 (+/-0.0095)
2019-07-22 13:39:04,277 INFO - logger - Iter 16800 - time: 25    - [train] loss: 0.0403 (+/-0.0097) - [valid] loss: 0.0337 (+/-0.0077) - [test] loss: 0.0441 (+/-0.013 )
2019-07-22 13:39:30,162 INFO - logger - Iter 16900 - time: 25    - [train] loss: 0.0973 (+/-0.0859) - [valid] loss: 0.0336 (+/-0.0105) - [test] loss: 0.0346 (+/-0.0139)
2019-07-22 13:39:55,846 INFO - logger - Iter 17000 - time: 25    - [train] loss: 0.0276 (+/-0.0087) - [valid] loss: 0.0346 (+/-0.0184) - [test] loss: 0.0334 (+/-0.0111)
2019-07-22 13:40:21,118 INFO - logger - Iter 17100 - time: 25    - [train] loss: 0.0389 (+/-0.013 ) - [valid] loss: 0.0339 (+/-0.0138) - [test] loss: 0.0344 (+/-0.0234)
2019-07-22 13:40:46,627 INFO - logger - Iter 17200 - time: 25    - [train] loss: 0.0343 (+/-0.0095) - [valid] loss: 0.0333 (+/-0.0085) - [test] loss: 0.0543 (+/-0.0302)
2019-07-22 13:41:12,753 INFO - logger - Iter 17300 - time: 26    - [train] loss: 0.0378 (+/-0.0143) - [valid] loss: 0.0332 (+/-0.0083) - [test] loss: 0.0414 (+/-0.0189)
2019-07-22 13:41:38,170 INFO - logger - Iter 17400 - time: 25    - [train] loss: 0.0372 (+/-0.0134) - [valid] loss: 0.0305 (+/-0.009 ) - [test] loss: 0.06   (+/-0.0313)
2019-07-22 13:42:04,602 INFO - logger - Iter 17500 - time: 26    - [train] loss: 0.0276 (+/-0.0087) - [valid] loss: 0.0375 (+/-0.015 ) - [test] loss: 0.0356 (+/-0.0141)
2019-07-22 13:42:30,434 INFO - logger - Iter 17600 - time: 25    - [train] loss: 0.0385 (+/-0.0185) - [valid] loss: 0.0291 (+/-0.0121) - [test] loss: 0.0431 (+/-0.022 )
2019-07-22 13:42:56,502 INFO - logger - Iter 17700 - time: 26    - [train] loss: 0.0327 (+/-0.0099) - [valid] loss: 0.0272 (+/-0.0075) - [test] loss: 0.0277 (+/-0.0075)
2019-07-22 13:43:21,978 INFO - logger - Iter 17800 - time: 25    - [train] loss: 0.022  (+/-0.007 ) - [valid] loss: 0.039  (+/-0.0192) - [test] loss: 0.0277 (+/-0.0081)
2019-07-22 13:43:47,587 INFO - logger - Iter 17900 - time: 25    - [train] loss: 0.044  (+/-0.0119) - [valid] loss: 0.0276 (+/-0.0054) - [test] loss: 0.0307 (+/-0.0064)
2019-07-22 13:44:14,197 INFO - logger - Iter 18000 - time: 26    - [train] loss: 0.0467 (+/-0.0214) - [valid] loss: 0.0401 (+/-0.0169) - [test] loss: 0.0421 (+/-0.025 )
2019-07-22 13:44:40,091 INFO - logger - Iter 18100 - time: 25    - [train] loss: 0.0317 (+/-0.0112) - [valid] loss: 0.0351 (+/-0.0157) - [test] loss: 0.0398 (+/-0.0179)
2019-07-22 13:45:06,795 INFO - logger - Iter 18200 - time: 26    - [train] loss: 0.0353 (+/-0.017 ) - [valid] loss: 0.038  (+/-0.018 ) - [test] loss: 0.0467 (+/-0.0219)
2019-07-22 13:45:32,096 INFO - logger - Iter 18300 - time: 25    - [train] loss: 0.0412 (+/-0.026 ) - [valid] loss: 0.0269 (+/-0.0061) - [test] loss: 0.0258 (+/-0.0068)
2019-07-22 13:45:58,903 INFO - logger - Iter 18400 - time: 26    - [train] loss: 0.0391 (+/-0.0173) - [valid] loss: 0.0245 (+/-0.0053) - [test] loss: 0.0407 (+/-0.025 )
2019-07-22 13:46:24,387 INFO - logger - Iter 18500 - time: 25    - [train] loss: 0.0256 (+/-0.0084) - [valid] loss: 0.0284 (+/-0.0083) - [test] loss: 0.0262 (+/-0.01  )
2019-07-22 13:46:51,215 INFO - logger - Iter 18600 - time: 26    - [train] loss: 0.0435 (+/-0.0121) - [valid] loss: 0.0474 (+/-0.0185) - [test] loss: 0.0444 (+/-0.0163)
2019-07-22 13:47:16,974 INFO - logger - Iter 18700 - time: 25    - [train] loss: 0.0274 (+/-0.011 ) - [valid] loss: 0.0376 (+/-0.0192) - [test] loss: 0.0213 (+/-0.0042)
2019-07-22 13:47:43,583 INFO - logger - Iter 18800 - time: 26    - [train] loss: 0.0493 (+/-0.0269) - [valid] loss: 0.0368 (+/-0.0153) - [test] loss: 0.0359 (+/-0.0108)
2019-07-22 13:48:08,686 INFO - logger - Iter 18900 - time: 25    - [train] loss: 0.0335 (+/-0.0101) - [valid] loss: 0.0264 (+/-0.0104) - [test] loss: 0.0267 (+/-0.0114)
2019-07-22 13:48:33,324 INFO - logger - Iter 19000 - time: 24    - [train] loss: 0.0278 (+/-0.0061) - [valid] loss: 0.0332 (+/-0.0086) - [test] loss: 0.0405 (+/-0.0165)
2019-07-22 13:49:00,657 INFO - logger - Iter 19100 - time: 27    - [train] loss: 0.0377 (+/-0.0133) - [valid] loss: 0.0344 (+/-0.0121) - [test] loss: 0.0423 (+/-0.0153)
2019-07-22 13:49:26,092 INFO - logger - Iter 19200 - time: 25    - [train] loss: 0.0217 (+/-0.004 ) - [valid] loss: 0.0264 (+/-0.0074) - [test] loss: 0.0271 (+/-0.0083)
2019-07-22 13:49:52,026 INFO - logger - Iter 19300 - time: 25    - [train] loss: 0.0516 (+/-0.0176) - [valid] loss: 0.0277 (+/-0.0092) - [test] loss: 0.0366 (+/-0.0104)
2019-07-22 13:50:17,291 INFO - logger - Iter 19400 - time: 25    - [train] loss: 0.0472 (+/-0.0186) - [valid] loss: 0.0226 (+/-0.006 ) - [test] loss: 0.0322 (+/-0.0084)
2019-07-22 13:50:43,672 INFO - logger - Iter 19500 - time: 26    - [train] loss: 0.0345 (+/-0.0235) - [valid] loss: 0.0385 (+/-0.0134) - [test] loss: 0.0429 (+/-0.0191)
2019-07-22 13:51:08,589 INFO - logger - Iter 19600 - time: 24    - [train] loss: 0.024  (+/-0.0093) - [valid] loss: 0.0377 (+/-0.017 ) - [test] loss: 0.033  (+/-0.0081)
2019-07-22 13:51:34,899 INFO - logger - Iter 19700 - time: 26    - [train] loss: 0.0344 (+/-0.0137) - [valid] loss: 0.0368 (+/-0.0126) - [test] loss: 0.0293 (+/-0.0112)
2019-07-22 13:51:59,811 INFO - logger - Iter 19800 - time: 24    - [train] loss: 0.0273 (+/-0.0074) - [valid] loss: 0.0305 (+/-0.0102) - [test] loss: 0.0273 (+/-0.0074)
2019-07-22 13:52:25,349 INFO - logger - Iter 19900 - time: 25    - [train] loss: 0.03   (+/-0.0096) - [valid] loss: 0.038  (+/-0.0125) - [test] loss: 0.0461 (+/-0.0216)
2019-07-22 13:52:51,052 INFO - logger - Iter 20000 - time: 25    - [train] loss: 0.0272 (+/-0.0088) - [valid] loss: 0.034  (+/-0.0256) - [test] loss: 0.034  (+/-0.0109)
2019-07-22 13:53:16,519 INFO - logger - Iter 20100 - time: 25    - [train] loss: 0.026  (+/-0.0076) - [valid] loss: 0.0251 (+/-0.0069) - [test] loss: 0.0424 (+/-0.0265)
2019-07-22 13:53:43,093 INFO - logger - Iter 20200 - time: 26    - [train] loss: 0.0335 (+/-0.0149) - [valid] loss: 0.0424 (+/-0.0216) - [test] loss: 0.0333 (+/-0.0091)
2019-07-22 13:54:08,031 INFO - logger - Iter 20300 - time: 24    - [train] loss: 0.0348 (+/-0.0142) - [valid] loss: 0.0383 (+/-0.0186) - [test] loss: 0.0311 (+/-0.0078)
2019-07-22 13:54:35,562 INFO - logger - Iter 20400 - time: 27    - [train] loss: 0.0302 (+/-0.0079) - [valid] loss: 0.0297 (+/-0.0091) - [test] loss: 0.0358 (+/-0.0161)
2019-07-22 13:55:01,453 INFO - logger - Iter 20500 - time: 25    - [train] loss: 0.0224 (+/-0.0066) - [valid] loss: 0.0313 (+/-0.0133) - [test] loss: 0.0483 (+/-0.0324)
2019-07-22 13:55:27,951 INFO - logger - Iter 20600 - time: 26    - [train] loss: 0.0345 (+/-0.0124) - [valid] loss: 0.0291 (+/-0.0078) - [test] loss: 0.0333 (+/-0.0135)
2019-07-22 13:55:53,214 INFO - logger - Iter 20700 - time: 25    - [train] loss: 0.0332 (+/-0.0131) - [valid] loss: 0.0414 (+/-0.0145) - [test] loss: 0.0278 (+/-0.0066)
2019-07-22 13:56:19,802 INFO - logger - Iter 20800 - time: 26    - [train] loss: 0.0385 (+/-0.0277) - [valid] loss: 0.0275 (+/-0.0077) - [test] loss: 0.0346 (+/-0.0132)
2019-07-22 13:56:45,717 INFO - logger - Iter 20900 - time: 25    - [train] loss: 0.0362 (+/-0.0193) - [valid] loss: 0.0305 (+/-0.0116) - [test] loss: 0.0452 (+/-0.0209)
2019-07-22 13:57:10,559 INFO - logger - Iter 21000 - time: 24    - [train] loss: 0.0446 (+/-0.0214) - [valid] loss: 0.0311 (+/-0.0094) - [test] loss: 0.0213 (+/-0.0054)
2019-07-22 13:57:36,582 INFO - logger - Iter 21100 - time: 26    - [train] loss: 0.0265 (+/-0.0059) - [valid] loss: 0.0372 (+/-0.0145) - [test] loss: 0.0374 (+/-0.0226)
2019-07-22 13:58:01,933 INFO - logger - Iter 21200 - time: 25    - [train] loss: 0.0203 (+/-0.0052) - [valid] loss: 0.0429 (+/-0.028 ) - [test] loss: 0.04   (+/-0.025 )
2019-07-22 13:58:28,336 INFO - logger - Iter 21300 - time: 26    - [train] loss: 0.0278 (+/-0.0082) - [valid] loss: 0.0256 (+/-0.0065) - [test] loss: 0.0391 (+/-0.0238)
2019-07-22 13:58:54,275 INFO - logger - Iter 21400 - time: 25    - [train] loss: 0.032  (+/-0.0115) - [valid] loss: 0.0329 (+/-0.0131) - [test] loss: 0.0347 (+/-0.0147)
2019-07-22 13:59:20,525 INFO - logger - Iter 21500 - time: 26    - [train] loss: 0.0283 (+/-0.006 ) - [valid] loss: 0.0393 (+/-0.0171) - [test] loss: 0.0352 (+/-0.0133)
2019-07-22 13:59:46,416 INFO - logger - Iter 21600 - time: 25    - [train] loss: 0.0358 (+/-0.0127) - [valid] loss: 0.0266 (+/-0.0115) - [test] loss: 0.031  (+/-0.0166)
2019-07-22 14:00:12,503 INFO - logger - Iter 21700 - time: 26    - [train] loss: 0.0371 (+/-0.033 ) - [valid] loss: 0.0422 (+/-0.0189) - [test] loss: 0.0308 (+/-0.0188)
2019-07-22 14:00:38,511 INFO - logger - Iter 21800 - time: 26    - [train] loss: 0.0331 (+/-0.0081) - [valid] loss: 0.0438 (+/-0.0116) - [test] loss: 0.0348 (+/-0.0063)
2019-07-22 14:01:04,538 INFO - logger - Iter 21900 - time: 26    - [train] loss: 0.0248 (+/-0.0078) - [valid] loss: 0.0449 (+/-0.0214) - [test] loss: 0.0418 (+/-0.0217)
2019-07-22 14:01:30,087 INFO - logger - Iter 22000 - time: 25    - [train] loss: 0.0217 (+/-0.0055) - [valid] loss: 0.0312 (+/-0.0176) - [test] loss: 0.0347 (+/-0.0113)
2019-07-22 14:01:56,760 INFO - logger - Iter 22100 - time: 26    - [train] loss: 0.0215 (+/-0.0058) - [valid] loss: 0.0375 (+/-0.0128) - [test] loss: 0.0275 (+/-0.0094)
2019-07-22 14:02:22,618 INFO - logger - Iter 22200 - time: 25    - [train] loss: 0.0323 (+/-0.0117) - [valid] loss: 0.0384 (+/-0.0183) - [test] loss: 0.0343 (+/-0.0131)
2019-07-22 14:02:48,654 INFO - logger - Iter 22300 - time: 26    - [train] loss: 0.0396 (+/-0.0124) - [valid] loss: 0.0307 (+/-0.0106) - [test] loss: 0.0466 (+/-0.0222)
2019-07-22 14:03:14,171 INFO - logger - Iter 22400 - time: 25    - [train] loss: 0.0297 (+/-0.0136) - [valid] loss: 0.0422 (+/-0.0152) - [test] loss: 0.0469 (+/-0.019 )
2019-07-22 14:03:40,066 INFO - logger - Iter 22500 - time: 25    - [train] loss: 0.0334 (+/-0.0182) - [valid] loss: 0.0303 (+/-0.0143) - [test] loss: 0.035  (+/-0.0105)
2019-07-22 14:04:06,072 INFO - logger - Iter 22600 - time: 26    - [train] loss: 0.0265 (+/-0.0139) - [valid] loss: 0.0317 (+/-0.0143) - [test] loss: 0.028  (+/-0.01  )
2019-07-22 14:04:32,557 INFO - logger - Iter 22700 - time: 26    - [train] loss: 0.0305 (+/-0.0155) - [valid] loss: 0.0391 (+/-0.014 ) - [test] loss: 0.0343 (+/-0.0112)
2019-07-22 14:04:58,796 INFO - logger - Iter 22800 - time: 26    - [train] loss: 0.0454 (+/-0.021 ) - [valid] loss: 0.0324 (+/-0.0065) - [test] loss: 0.0248 (+/-0.0045)
2019-07-22 14:05:24,814 INFO - logger - Iter 22900 - time: 26    - [train] loss: 0.0222 (+/-0.0058) - [valid] loss: 0.0296 (+/-0.0094) - [test] loss: 0.0264 (+/-0.0108)
2019-07-22 14:05:50,499 INFO - logger - Iter 23000 - time: 25    - [train] loss: 0.0326 (+/-0.0117) - [valid] loss: 0.031  (+/-0.0106) - [test] loss: 0.0317 (+/-0.0114)
2019-07-22 14:06:16,125 INFO - logger - Iter 23100 - time: 25    - [train] loss: 0.0389 (+/-0.014 ) - [valid] loss: 0.033  (+/-0.0122) - [test] loss: 0.0297 (+/-0.0109)
2019-07-22 14:06:42,696 INFO - logger - Iter 23200 - time: 26    - [train] loss: 0.0314 (+/-0.0137) - [valid] loss: 0.0249 (+/-0.0114) - [test] loss: 0.0311 (+/-0.0127)
2019-07-22 14:07:08,347 INFO - logger - Iter 23300 - time: 25    - [train] loss: 0.0233 (+/-0.0056) - [valid] loss: 0.0275 (+/-0.0089) - [test] loss: 0.0227 (+/-0.0051)
2019-07-22 14:07:34,119 INFO - logger - Iter 23400 - time: 25    - [train] loss: 0.0322 (+/-0.0099) - [valid] loss: 0.0233 (+/-0.0082) - [test] loss: 0.0372 (+/-0.0151)
2019-07-22 14:08:00,515 INFO - logger - Iter 23500 - time: 26    - [train] loss: 0.0443 (+/-0.0218) - [valid] loss: 0.0294 (+/-0.0104) - [test] loss: 0.0335 (+/-0.0138)
2019-07-22 14:08:26,638 INFO - logger - Iter 23600 - time: 26    - [train] loss: 0.0294 (+/-0.0096) - [valid] loss: 0.0327 (+/-0.0116) - [test] loss: 0.0251 (+/-0.0076)
2019-07-22 14:08:52,704 INFO - logger - Iter 23700 - time: 26    - [train] loss: 0.0297 (+/-0.0105) - [valid] loss: 0.032  (+/-0.0089) - [test] loss: 0.0396 (+/-0.0204)
2019-07-22 14:09:17,905 INFO - logger - Iter 23800 - time: 25    - [train] loss: 0.037  (+/-0.015 ) - [valid] loss: 0.0421 (+/-0.021 ) - [test] loss: 0.064  (+/-0.0485)
2019-07-22 14:09:44,029 INFO - logger - Iter 23900 - time: 26    - [train] loss: 0.025  (+/-0.0086) - [valid] loss: 0.0309 (+/-0.0169) - [test] loss: 0.0431 (+/-0.0224)
2019-07-22 14:10:09,702 INFO - logger - Iter 24000 - time: 25    - [train] loss: 0.0324 (+/-0.0138) - [valid] loss: 0.0177 (+/-0.0035) - [test] loss: 0.035  (+/-0.0163)
2019-07-22 14:10:35,323 INFO - logger - Iter 24100 - time: 25    - [train] loss: 0.0328 (+/-0.0129) - [valid] loss: 0.0325 (+/-0.0113) - [test] loss: 0.0228 (+/-0.0074)
2019-07-22 14:11:00,325 INFO - logger - Iter 24200 - time: 25    - [train] loss: 0.0336 (+/-0.0104) - [valid] loss: 0.0271 (+/-0.0128) - [test] loss: 0.0368 (+/-0.0174)
2019-07-22 14:11:25,847 INFO - logger - Iter 24300 - time: 25    - [train] loss: 0.0313 (+/-0.0119) - [valid] loss: 0.0251 (+/-0.0152) - [test] loss: 0.024  (+/-0.0061)
2019-07-22 14:11:51,551 INFO - logger - Iter 24400 - time: 25    - [train] loss: 0.0388 (+/-0.0139) - [valid] loss: 0.0281 (+/-0.0133) - [test] loss: 0.0272 (+/-0.0097)
2019-07-22 14:12:18,551 INFO - logger - Iter 24500 - time: 26    - [train] loss: 0.0445 (+/-0.0172) - [valid] loss: 0.0291 (+/-0.0126) - [test] loss: 0.0302 (+/-0.0142)
2019-07-22 14:12:44,676 INFO - logger - Iter 24600 - time: 26    - [train] loss: 0.0226 (+/-0.0054) - [valid] loss: 0.0431 (+/-0.0196) - [test] loss: 0.0324 (+/-0.0192)
2019-07-22 14:13:11,124 INFO - logger - Iter 24700 - time: 26    - [train] loss: 0.0285 (+/-0.0085) - [valid] loss: 0.0247 (+/-0.0085) - [test] loss: 0.0366 (+/-0.0104)
2019-07-22 14:13:36,570 INFO - logger - Iter 24800 - time: 25    - [train] loss: 0.0344 (+/-0.0159) - [valid] loss: 0.0227 (+/-0.0066) - [test] loss: 0.0243 (+/-0.0072)
2019-07-22 14:14:03,178 INFO - logger - Iter 24900 - time: 26    - [train] loss: 0.0379 (+/-0.0152) - [valid] loss: 0.038  (+/-0.0224) - [test] loss: 0.0432 (+/-0.0162)
2019-07-22 14:14:29,726 INFO - logger - Iter 25000 - time: 26    - [train] loss: 0.0262 (+/-0.0094) - [valid] loss: 0.0377 (+/-0.0148) - [test] loss: 0.0405 (+/-0.0166)
2019-07-22 14:14:55,713 INFO - logger - Iter 25100 - time: 25    - [train] loss: 0.0321 (+/-0.0138) - [valid] loss: 0.0211 (+/-0.0047) - [test] loss: 0.0255 (+/-0.008 )
2019-07-22 14:15:22,582 INFO - logger - Iter 25200 - time: 26    - [train] loss: 0.0265 (+/-0.0096) - [valid] loss: 0.0416 (+/-0.0159) - [test] loss: 0.0268 (+/-0.0069)
2019-07-22 14:15:47,933 INFO - logger - Iter 25300 - time: 25    - [train] loss: 0.0222 (+/-0.0081) - [valid] loss: 0.0217 (+/-0.0056) - [test] loss: 0.032  (+/-0.0107)
2019-07-22 14:16:14,299 INFO - logger - Iter 25400 - time: 26    - [train] loss: 0.0418 (+/-0.0177) - [valid] loss: 0.0333 (+/-0.0125) - [test] loss: 0.027  (+/-0.0077)
2019-07-22 14:16:40,106 INFO - logger - Iter 25500 - time: 25    - [train] loss: 0.0375 (+/-0.0132) - [valid] loss: 0.0333 (+/-0.0163) - [test] loss: 0.0343 (+/-0.0148)
2019-07-22 14:17:06,777 INFO - logger - Iter 25600 - time: 26    - [train] loss: 0.0519 (+/-0.0331) - [valid] loss: 0.0215 (+/-0.0098) - [test] loss: 0.0234 (+/-0.0064)
2019-07-22 14:17:32,416 INFO - logger - Iter 25700 - time: 25    - [train] loss: 0.032  (+/-0.0107) - [valid] loss: 0.0273 (+/-0.0103) - [test] loss: 0.0251 (+/-0.0085)
2019-07-22 14:17:59,096 INFO - logger - Iter 25800 - time: 26    - [train] loss: 0.0695 (+/-0.0446) - [valid] loss: 0.0287 (+/-0.0122) - [test] loss: 0.0323 (+/-0.009 )
2019-07-22 14:18:25,325 INFO - logger - Iter 25900 - time: 26    - [train] loss: 0.0409 (+/-0.0247) - [valid] loss: 0.0265 (+/-0.0066) - [test] loss: 0.0332 (+/-0.0102)
2019-07-22 14:18:51,538 INFO - logger - Iter 26000 - time: 26    - [train] loss: 0.0238 (+/-0.0098) - [valid] loss: 0.0343 (+/-0.0183) - [test] loss: 0.0356 (+/-0.0189)
2019-07-22 14:19:17,294 INFO - logger - Iter 26100 - time: 25    - [train] loss: 0.0297 (+/-0.0114) - [valid] loss: 0.037  (+/-0.0116) - [test] loss: 0.0374 (+/-0.0234)
2019-07-22 14:19:43,900 INFO - logger - Iter 26200 - time: 26    - [train] loss: 0.0199 (+/-0.0035) - [valid] loss: 0.0437 (+/-0.0151) - [test] loss: 0.0265 (+/-0.0109)
2019-07-22 14:20:10,205 INFO - logger - Iter 26300 - time: 26    - [train] loss: 0.0467 (+/-0.0266) - [valid] loss: 0.056  (+/-0.0282) - [test] loss: 0.0236 (+/-0.0098)
2019-07-22 14:20:35,935 INFO - logger - Iter 26400 - time: 25    - [train] loss: 0.0262 (+/-0.0095) - [valid] loss: 0.0326 (+/-0.0119) - [test] loss: 0.0241 (+/-0.0064)
2019-07-22 14:21:01,993 INFO - logger - Iter 26500 - time: 26    - [train] loss: 0.0559 (+/-0.0291) - [valid] loss: 0.0336 (+/-0.0112) - [test] loss: 0.0357 (+/-0.0147)
2019-07-22 14:21:27,198 INFO - logger - Iter 26600 - time: 25    - [train] loss: 0.0283 (+/-0.0079) - [valid] loss: 0.0306 (+/-0.0114) - [test] loss: 0.0406 (+/-0.0239)
2019-07-22 14:21:53,608 INFO - logger - Iter 26700 - time: 26    - [train] loss: 0.0372 (+/-0.0125) - [valid] loss: 0.0265 (+/-0.0097) - [test] loss: 0.0358 (+/-0.031 )
2019-07-22 14:22:18,812 INFO - logger - Iter 26800 - time: 25    - [train] loss: 0.0302 (+/-0.0119) - [valid] loss: 0.0333 (+/-0.0097) - [test] loss: 0.0342 (+/-0.0196)
2019-07-22 14:22:44,501 INFO - logger - Iter 26900 - time: 25    - [train] loss: 0.0299 (+/-0.0114) - [valid] loss: 0.0438 (+/-0.0213) - [test] loss: 0.0342 (+/-0.0101)
2019-07-22 14:23:10,906 INFO - logger - Iter 27000 - time: 26    - [train] loss: 0.0345 (+/-0.0102) - [valid] loss: 0.0265 (+/-0.0046) - [test] loss: 0.0334 (+/-0.0087)
2019-07-22 14:23:36,952 INFO - logger - Iter 27100 - time: 26    - [train] loss: 0.0295 (+/-0.0127) - [valid] loss: 0.0444 (+/-0.0212) - [test] loss: 0.033  (+/-0.0146)
2019-07-22 14:24:02,453 INFO - logger - Iter 27200 - time: 25    - [train] loss: 0.0225 (+/-0.0073) - [valid] loss: 0.02   (+/-0.0056) - [test] loss: 0.0277 (+/-0.0091)
2019-07-22 14:24:28,435 INFO - logger - Iter 27300 - time: 25    - [train] loss: 0.0275 (+/-0.0095) - [valid] loss: 0.0307 (+/-0.0094) - [test] loss: 0.0356 (+/-0.0138)
2019-07-22 14:24:54,574 INFO - logger - Iter 27400 - time: 26    - [train] loss: 0.0218 (+/-0.0051) - [valid] loss: 0.0379 (+/-0.0184) - [test] loss: 0.0288 (+/-0.0135)
2019-07-22 14:25:20,719 INFO - logger - Iter 27500 - time: 26    - [train] loss: 0.0401 (+/-0.0141) - [valid] loss: 0.0236 (+/-0.0075) - [test] loss: 0.0315 (+/-0.0199)
2019-07-22 14:25:46,158 INFO - logger - Iter 27600 - time: 25    - [train] loss: 0.0265 (+/-0.0087) - [valid] loss: 0.0312 (+/-0.0082) - [test] loss: 0.0323 (+/-0.0092)
2019-07-22 14:26:12,627 INFO - logger - Iter 27700 - time: 26    - [train] loss: 0.0417 (+/-0.0246) - [valid] loss: 0.0358 (+/-0.0234) - [test] loss: 0.0235 (+/-0.0103)
2019-07-22 14:26:37,607 INFO - logger - Iter 27800 - time: 24    - [train] loss: 0.0231 (+/-0.006 ) - [valid] loss: 0.0232 (+/-0.006 ) - [test] loss: 0.0386 (+/-0.0197)
2019-07-22 14:27:03,933 INFO - logger - Iter 27900 - time: 26    - [train] loss: 0.0388 (+/-0.023 ) - [valid] loss: 0.0298 (+/-0.0107) - [test] loss: 0.0276 (+/-0.0097)
2019-07-22 14:27:30,246 INFO - logger - Iter 28000 - time: 26    - [train] loss: 0.0352 (+/-0.0104) - [valid] loss: 0.0346 (+/-0.0162) - [test] loss: 0.0405 (+/-0.0205)
2019-07-22 14:27:54,742 INFO - logger - Iter 28100 - time: 24    - [train] loss: 0.0349 (+/-0.0232) - [valid] loss: 0.0278 (+/-0.0086) - [test] loss: 0.0186 (+/-0.0052)
2019-07-22 14:28:19,882 INFO - logger - Iter 28200 - time: 25    - [train] loss: 0.0264 (+/-0.005 ) - [valid] loss: 0.034  (+/-0.0138) - [test] loss: 0.0327 (+/-0.0152)
2019-07-22 14:28:45,732 INFO - logger - Iter 28300 - time: 25    - [train] loss: 0.0216 (+/-0.0067) - [valid] loss: 0.0364 (+/-0.0232) - [test] loss: 0.0246 (+/-0.0077)
2019-07-22 14:29:11,005 INFO - logger - Iter 28400 - time: 25    - [train] loss: 0.0292 (+/-0.0111) - [valid] loss: 0.0235 (+/-0.0087) - [test] loss: 0.0597 (+/-0.0378)
2019-07-22 14:29:37,598 INFO - logger - Iter 28500 - time: 26    - [train] loss: 0.0496 (+/-0.0256) - [valid] loss: 0.0391 (+/-0.0126) - [test] loss: 0.0282 (+/-0.0075)
2019-07-22 14:30:03,849 INFO - logger - Iter 28600 - time: 26    - [train] loss: 0.0351 (+/-0.0124) - [valid] loss: 0.0297 (+/-0.0126) - [test] loss: 0.0362 (+/-0.0109)
2019-07-22 14:30:30,465 INFO - logger - Iter 28700 - time: 26    - [train] loss: 0.022  (+/-0.0051) - [valid] loss: 0.0296 (+/-0.0122) - [test] loss: 0.0397 (+/-0.0157)
2019-07-22 14:30:56,135 INFO - logger - Iter 28800 - time: 25    - [train] loss: 0.0318 (+/-0.0103) - [valid] loss: 0.0277 (+/-0.0065) - [test] loss: 0.0264 (+/-0.0069)
2019-07-22 14:31:20,670 INFO - logger - Iter 28900 - time: 24    - [train] loss: 0.0275 (+/-0.0077) - [valid] loss: 0.0238 (+/-0.0065) - [test] loss: 0.0315 (+/-0.0185)
2019-07-22 14:31:46,837 INFO - logger - Iter 29000 - time: 26    - [train] loss: 0.0295 (+/-0.0086) - [valid] loss: 0.0239 (+/-0.0061) - [test] loss: 0.0289 (+/-0.0119)
2019-07-22 14:32:12,526 INFO - logger - Iter 29100 - time: 25    - [train] loss: 0.0263 (+/-0.0073) - [valid] loss: 0.0286 (+/-0.0078) - [test] loss: 0.0279 (+/-0.0083)
2019-07-22 14:32:38,985 INFO - logger - Iter 29200 - time: 26    - [train] loss: 0.0332 (+/-0.0091) - [valid] loss: 0.0338 (+/-0.0199) - [test] loss: 0.0254 (+/-0.0065)
2019-07-22 14:33:05,013 INFO - logger - Iter 29300 - time: 26    - [train] loss: 0.0306 (+/-0.0103) - [valid] loss: 0.0365 (+/-0.0209) - [test] loss: 0.0295 (+/-0.0087)
2019-07-22 14:33:30,086 INFO - logger - Iter 29400 - time: 25    - [train] loss: 0.0296 (+/-0.0168) - [valid] loss: 0.0258 (+/-0.0135) - [test] loss: 0.0256 (+/-0.0068)
2019-07-22 14:33:56,672 INFO - logger - Iter 29500 - time: 26    - [train] loss: 0.0315 (+/-0.0103) - [valid] loss: 0.0504 (+/-0.0444) - [test] loss: 0.0241 (+/-0.0068)
2019-07-22 14:34:22,933 INFO - logger - Iter 29600 - time: 26    - [train] loss: 0.0289 (+/-0.0094) - [valid] loss: 0.0501 (+/-0.0297) - [test] loss: 0.0449 (+/-0.0226)
2019-07-22 14:34:49,639 INFO - logger - Iter 29700 - time: 26    - [train] loss: 0.0338 (+/-0.016 ) - [valid] loss: 0.0338 (+/-0.0147) - [test] loss: 0.0403 (+/-0.0148)
2019-07-22 14:35:15,469 INFO - logger - Iter 29800 - time: 25    - [train] loss: 0.0355 (+/-0.0113) - [valid] loss: 0.032  (+/-0.0148) - [test] loss: 0.0205 (+/-0.0049)
2019-07-22 14:35:41,070 INFO - logger - Iter 29900 - time: 25    - [train] loss: 0.0296 (+/-0.0093) - [valid] loss: 0.0236 (+/-0.0069) - [test] loss: 0.0232 (+/-0.0058)
2019-07-22 14:36:07,151 INFO - logger - Iter 30000 - time: 26    - [train] loss: 0.0354 (+/-0.0103) - [valid] loss: 0.0308 (+/-0.0137) - [test] loss: 0.037  (+/-0.0118)
2019-07-22 14:36:32,859 INFO - logger - Iter 30100 - time: 25    - [train] loss: 0.0674 (+/-0.0636) - [valid] loss: 0.023  (+/-0.0044) - [test] loss: 0.0432 (+/-0.0169)
2019-07-22 14:36:59,049 INFO - logger - Iter 30200 - time: 26    - [train] loss: 0.0293 (+/-0.0099) - [valid] loss: 0.0245 (+/-0.0058) - [test] loss: 0.036  (+/-0.0142)
2019-07-22 14:37:24,605 INFO - logger - Iter 30300 - time: 25    - [train] loss: 0.0246 (+/-0.0099) - [valid] loss: 0.0265 (+/-0.0071) - [test] loss: 0.0295 (+/-0.0134)
2019-07-22 14:37:49,644 INFO - logger - Iter 30400 - time: 25    - [train] loss: 0.0237 (+/-0.0085) - [valid] loss: 0.0222 (+/-0.0071) - [test] loss: 0.0274 (+/-0.0138)
2019-07-22 14:38:15,412 INFO - logger - Iter 30500 - time: 25    - [train] loss: 0.0388 (+/-0.0117) - [valid] loss: 0.0356 (+/-0.0113) - [test] loss: 0.0344 (+/-0.0112)
2019-07-22 14:38:41,575 INFO - logger - Iter 30600 - time: 26    - [train] loss: 0.0334 (+/-0.017 ) - [valid] loss: 0.0424 (+/-0.0216) - [test] loss: 0.0215 (+/-0.0056)
2019-07-22 14:39:07,151 INFO - logger - Iter 30700 - time: 25    - [train] loss: 0.0424 (+/-0.0256) - [valid] loss: 0.0339 (+/-0.0185) - [test] loss: 0.0269 (+/-0.0071)
2019-07-22 14:39:33,618 INFO - logger - Iter 30800 - time: 26    - [train] loss: 0.0278 (+/-0.0078) - [valid] loss: 0.0242 (+/-0.0081) - [test] loss: 0.0539 (+/-0.0563)
2019-07-22 14:40:00,013 INFO - logger - Iter 30900 - time: 26    - [train] loss: 0.0252 (+/-0.0052) - [valid] loss: 0.0412 (+/-0.0171) - [test] loss: 0.0274 (+/-0.0089)
2019-07-22 14:40:25,786 INFO - logger - Iter 31000 - time: 25    - [train] loss: 0.0467 (+/-0.0397) - [valid] loss: 0.0405 (+/-0.0176) - [test] loss: 0.0283 (+/-0.0069)
2019-07-22 14:40:51,825 INFO - logger - Iter 31100 - time: 26    - [train] loss: 0.0304 (+/-0.0085) - [valid] loss: 0.0274 (+/-0.0124) - [test] loss: 0.0245 (+/-0.0061)
2019-07-22 14:41:17,418 INFO - logger - Iter 31200 - time: 25    - [train] loss: 0.035  (+/-0.0143) - [valid] loss: 0.0367 (+/-0.0111) - [test] loss: 0.0275 (+/-0.0065)
2019-07-22 14:41:42,914 INFO - logger - Iter 31300 - time: 25    - [train] loss: 0.0585 (+/-0.0527) - [valid] loss: 0.0278 (+/-0.0121) - [test] loss: 0.0261 (+/-0.0068)
2019-07-22 14:42:08,541 INFO - logger - Iter 31400 - time: 25    - [train] loss: 0.0387 (+/-0.0214) - [valid] loss: 0.044  (+/-0.026 ) - [test] loss: 0.0244 (+/-0.0061)
2019-07-22 14:42:34,602 INFO - logger - Iter 31500 - time: 26    - [train] loss: 0.0315 (+/-0.0135) - [valid] loss: 0.0376 (+/-0.0238) - [test] loss: 0.0316 (+/-0.0129)
2019-07-22 14:42:59,606 INFO - logger - Iter 31600 - time: 25    - [train] loss: 0.0238 (+/-0.0051) - [valid] loss: 0.0343 (+/-0.0158) - [test] loss: 0.0173 (+/-0.0041)
2019-07-22 14:43:25,891 INFO - logger - Iter 31700 - time: 26    - [train] loss: 0.0303 (+/-0.008 ) - [valid] loss: 0.0295 (+/-0.0094) - [test] loss: 0.0301 (+/-0.009 )
2019-07-22 14:43:51,505 INFO - logger - Iter 31800 - time: 25    - [train] loss: 0.0357 (+/-0.0117) - [valid] loss: 0.0231 (+/-0.0062) - [test] loss: 0.0216 (+/-0.0049)
2019-07-22 14:44:18,792 INFO - logger - Iter 31900 - time: 27    - [train] loss: 0.0281 (+/-0.0102) - [valid] loss: 0.0253 (+/-0.0076) - [test] loss: 0.0273 (+/-0.0076)
2019-07-22 14:44:44,543 INFO - logger - Iter 32000 - time: 25    - [train] loss: 0.0355 (+/-0.0049) - [valid] loss: 0.0415 (+/-0.0098) - [test] loss: 0.046  (+/-0.0166)
2019-07-22 14:45:11,142 INFO - logger - Iter 32100 - time: 26    - [train] loss: 0.033  (+/-0.0132) - [valid] loss: 0.0264 (+/-0.0074) - [test] loss: 0.0295 (+/-0.0097)
2019-07-22 14:45:37,656 INFO - logger - Iter 32200 - time: 26    - [train] loss: 0.0258 (+/-0.0079) - [valid] loss: 0.0272 (+/-0.0077) - [test] loss: 0.0226 (+/-0.0095)
2019-07-22 14:46:03,609 INFO - logger - Iter 32300 - time: 25    - [train] loss: 0.0344 (+/-0.009 ) - [valid] loss: 0.0368 (+/-0.0129) - [test] loss: 0.0359 (+/-0.0114)
2019-07-22 14:46:29,770 INFO - logger - Iter 32400 - time: 26    - [train] loss: 0.0281 (+/-0.0093) - [valid] loss: 0.0238 (+/-0.0115) - [test] loss: 0.0235 (+/-0.0073)
2019-07-22 14:46:56,980 INFO - logger - Iter 32500 - time: 27    - [train] loss: 0.0601 (+/-0.0305) - [valid] loss: 0.0423 (+/-0.0256) - [test] loss: 0.0328 (+/-0.0151)
2019-07-22 14:47:22,957 INFO - logger - Iter 32600 - time: 25    - [train] loss: 0.0243 (+/-0.0065) - [valid] loss: 0.0423 (+/-0.0344) - [test] loss: 0.0285 (+/-0.0133)
2019-07-22 14:47:49,736 INFO - logger - Iter 32700 - time: 26    - [train] loss: 0.0258 (+/-0.0058) - [valid] loss: 0.0269 (+/-0.0071) - [test] loss: 0.0269 (+/-0.0099)
2019-07-22 14:48:15,180 INFO - logger - Iter 32800 - time: 25    - [train] loss: 0.0282 (+/-0.009 ) - [valid] loss: 0.0235 (+/-0.0065) - [test] loss: 0.023  (+/-0.005 )
2019-07-22 14:48:41,714 INFO - logger - Iter 32900 - time: 26    - [train] loss: 0.023  (+/-0.0059) - [valid] loss: 0.0266 (+/-0.0063) - [test] loss: 0.0289 (+/-0.0087)
2019-07-22 14:49:07,321 INFO - logger - Iter 33000 - time: 25    - [train] loss: 0.0221 (+/-0.0056) - [valid] loss: 0.0321 (+/-0.0142) - [test] loss: 0.023  (+/-0.0089)
2019-07-22 14:49:33,079 INFO - logger - Iter 33100 - time: 25    - [train] loss: 0.0279 (+/-0.0074) - [valid] loss: 0.0259 (+/-0.0077) - [test] loss: 0.0359 (+/-0.0206)
2019-07-22 14:49:58,851 INFO - logger - Iter 33200 - time: 25    - [train] loss: 0.0495 (+/-0.0435) - [valid] loss: 0.0226 (+/-0.0043) - [test] loss: 0.0287 (+/-0.0076)
2019-07-22 14:50:24,633 INFO - logger - Iter 33300 - time: 25    - [train] loss: 0.0228 (+/-0.0097) - [valid] loss: 0.0198 (+/-0.0051) - [test] loss: 0.0257 (+/-0.0091)
2019-07-22 14:50:49,579 INFO - logger - Iter 33400 - time: 24    - [train] loss: 0.0272 (+/-0.0078) - [valid] loss: 0.0263 (+/-0.0117) - [test] loss: 0.0244 (+/-0.0074)
2019-07-22 14:51:16,615 INFO - logger - Iter 33500 - time: 27    - [train] loss: 0.0274 (+/-0.007 ) - [valid] loss: 0.0337 (+/-0.0304) - [test] loss: 0.027  (+/-0.01  )
2019-07-22 14:51:42,385 INFO - logger - Iter 33600 - time: 25    - [train] loss: 0.0241 (+/-0.0105) - [valid] loss: 0.0298 (+/-0.0135) - [test] loss: 0.0252 (+/-0.0104)
2019-07-22 14:52:08,459 INFO - logger - Iter 33700 - time: 26    - [train] loss: 0.0354 (+/-0.0103) - [valid] loss: 0.0235 (+/-0.007 ) - [test] loss: 0.0299 (+/-0.0138)
2019-07-22 14:52:34,182 INFO - logger - Iter 33800 - time: 25    - [train] loss: 0.0248 (+/-0.0097) - [valid] loss: 0.0241 (+/-0.0061) - [test] loss: 0.0328 (+/-0.0108)
2019-07-22 14:52:59,497 INFO - logger - Iter 33900 - time: 25    - [train] loss: 0.0439 (+/-0.0302) - [valid] loss: 0.0253 (+/-0.0094) - [test] loss: 0.0312 (+/-0.0088)
2019-07-22 14:53:26,097 INFO - logger - Iter 34000 - time: 26    - [train] loss: 0.0403 (+/-0.0166) - [valid] loss: 0.0351 (+/-0.01  ) - [test] loss: 0.0278 (+/-0.0066)
2019-07-22 14:53:51,706 INFO - logger - Iter 34100 - time: 25    - [train] loss: 0.0339 (+/-0.0189) - [valid] loss: 0.0332 (+/-0.0228) - [test] loss: 0.024  (+/-0.0061)
2019-07-22 14:54:17,821 INFO - logger - Iter 34200 - time: 26    - [train] loss: 0.0314 (+/-0.0136) - [valid] loss: 0.0232 (+/-0.0069) - [test] loss: 0.025  (+/-0.0065)
2019-07-22 14:54:43,238 INFO - logger - Iter 34300 - time: 25    - [train] loss: 0.0267 (+/-0.0127) - [valid] loss: 0.0234 (+/-0.01  ) - [test] loss: 0.0207 (+/-0.0059)
2019-07-22 14:55:08,620 INFO - logger - Iter 34400 - time: 25    - [train] loss: 0.0349 (+/-0.0105) - [valid] loss: 0.0219 (+/-0.0045) - [test] loss: 0.0226 (+/-0.0049)
2019-07-22 14:55:35,917 INFO - logger - Iter 34500 - time: 27    - [train] loss: 0.0237 (+/-0.0066) - [valid] loss: 0.0333 (+/-0.0146) - [test] loss: 0.0331 (+/-0.0142)
2019-07-22 14:56:00,995 INFO - logger - Iter 34600 - time: 25    - [train] loss: 0.0251 (+/-0.0075) - [valid] loss: 0.0247 (+/-0.0086) - [test] loss: 0.0266 (+/-0.0083)
2019-07-22 14:56:26,533 INFO - logger - Iter 34700 - time: 25    - [train] loss: 0.0295 (+/-0.0096) - [valid] loss: 0.025  (+/-0.0062) - [test] loss: 0.0756 (+/-0.0674)
2019-07-22 14:56:52,790 INFO - logger - Iter 34800 - time: 26    - [train] loss: 0.0216 (+/-0.0052) - [valid] loss: 0.0348 (+/-0.0234) - [test] loss: 0.0219 (+/-0.0061)
2019-07-22 14:57:18,988 INFO - logger - Iter 34900 - time: 26    - [train] loss: 0.0338 (+/-0.0169) - [valid] loss: 0.0292 (+/-0.0164) - [test] loss: 0.0293 (+/-0.0105)
2019-07-22 14:57:45,941 INFO - logger - Iter 35000 - time: 26    - [train] loss: 0.0347 (+/-0.0116) - [valid] loss: 0.021  (+/-0.009 ) - [test] loss: 0.0376 (+/-0.0162)
2019-07-22 14:58:11,587 INFO - logger - Iter 35100 - time: 25    - [train] loss: 0.0148 (+/-0.0029) - [valid] loss: 0.0223 (+/-0.0055) - [test] loss: 0.0372 (+/-0.0202)
2019-07-22 14:58:37,889 INFO - logger - Iter 35200 - time: 26    - [train] loss: 0.0393 (+/-0.0238) - [valid] loss: 0.0297 (+/-0.0066) - [test] loss: 0.0275 (+/-0.0098)
2019-07-22 14:59:03,151 INFO - logger - Iter 35300 - time: 25    - [train] loss: 0.0245 (+/-0.0051) - [valid] loss: 0.0313 (+/-0.0096) - [test] loss: 0.0305 (+/-0.0108)
2019-07-22 14:59:29,114 INFO - logger - Iter 35400 - time: 25    - [train] loss: 0.0383 (+/-0.0172) - [valid] loss: 0.0248 (+/-0.0064) - [test] loss: 0.0277 (+/-0.0111)
2019-07-22 14:59:54,942 INFO - logger - Iter 35500 - time: 25    - [train] loss: 0.0247 (+/-0.0078) - [valid] loss: 0.0257 (+/-0.0079) - [test] loss: 0.0364 (+/-0.0149)
2019-07-22 15:00:21,243 INFO - logger - Iter 35600 - time: 26    - [train] loss: 0.0423 (+/-0.0143) - [valid] loss: 0.0241 (+/-0.0065) - [test] loss: 0.0247 (+/-0.0102)
2019-07-22 15:00:46,037 INFO - logger - Iter 35700 - time: 24    - [train] loss: 0.0198 (+/-0.0066) - [valid] loss: 0.0411 (+/-0.0262) - [test] loss: 0.0243 (+/-0.01  )
2019-07-22 15:01:12,264 INFO - logger - Iter 35800 - time: 26    - [train] loss: 0.0209 (+/-0.0083) - [valid] loss: 0.0265 (+/-0.0082) - [test] loss: 0.0223 (+/-0.006 )
2019-07-22 15:01:37,620 INFO - logger - Iter 35900 - time: 25    - [train] loss: 0.0317 (+/-0.0096) - [valid] loss: 0.0605 (+/-0.0379) - [test] loss: 0.0296 (+/-0.0088)
2019-07-22 15:02:04,736 INFO - logger - Iter 36000 - time: 27    - [train] loss: 0.0265 (+/-0.0071) - [valid] loss: 0.0169 (+/-0.0053) - [test] loss: 0.0267 (+/-0.0087)
2019-07-22 15:02:30,417 INFO - logger - Iter 36100 - time: 25    - [train] loss: 0.0267 (+/-0.0079) - [valid] loss: 0.0253 (+/-0.0095) - [test] loss: 0.0284 (+/-0.0081)
2019-07-22 15:02:55,039 INFO - logger - Iter 36200 - time: 24    - [train] loss: 0.0196 (+/-0.0039) - [valid] loss: 0.0254 (+/-0.0066) - [test] loss: 0.0308 (+/-0.0113)
2019-07-22 15:03:21,142 INFO - logger - Iter 36300 - time: 26    - [train] loss: 0.035  (+/-0.0159) - [valid] loss: 0.0215 (+/-0.0067) - [test] loss: 0.0339 (+/-0.0107)
2019-07-22 15:03:47,433 INFO - logger - Iter 36400 - time: 26    - [train] loss: 0.0263 (+/-0.0096) - [valid] loss: 0.0311 (+/-0.015 ) - [test] loss: 0.0266 (+/-0.0108)
2019-07-22 15:04:13,244 INFO - logger - Iter 36500 - time: 25    - [train] loss: 0.0572 (+/-0.0335) - [valid] loss: 0.0366 (+/-0.0172) - [test] loss: 0.0349 (+/-0.0277)
2019-07-22 15:04:38,906 INFO - logger - Iter 36600 - time: 25    - [train] loss: 0.027  (+/-0.0091) - [valid] loss: 0.0218 (+/-0.0065) - [test] loss: 0.0236 (+/-0.0068)
2019-07-22 15:05:04,829 INFO - logger - Iter 36700 - time: 25    - [train] loss: 0.0236 (+/-0.0054) - [valid] loss: 0.0418 (+/-0.0174) - [test] loss: 0.023  (+/-0.0096)
2019-07-22 15:05:31,248 INFO - logger - Iter 36800 - time: 26    - [train] loss: 0.0365 (+/-0.0195) - [valid] loss: 0.0278 (+/-0.0117) - [test] loss: 0.0353 (+/-0.0263)
2019-07-22 15:05:58,335 INFO - logger - Iter 36900 - time: 27    - [train] loss: 0.0352 (+/-0.0203) - [valid] loss: 0.0295 (+/-0.0087) - [test] loss: 0.0241 (+/-0.0066)
2019-07-22 15:06:25,015 INFO - logger - Iter 37000 - time: 26    - [train] loss: 0.0241 (+/-0.0093) - [valid] loss: 0.0312 (+/-0.01  ) - [test] loss: 0.029  (+/-0.0124)
2019-07-22 15:06:51,878 INFO - logger - Iter 37100 - time: 26    - [train] loss: 0.0402 (+/-0.0311) - [valid] loss: 0.024  (+/-0.0089) - [test] loss: 0.0265 (+/-0.0076)
2019-07-22 15:07:17,415 INFO - logger - Iter 37200 - time: 25    - [train] loss: 0.0257 (+/-0.0094) - [valid] loss: 0.0286 (+/-0.0153) - [test] loss: 0.0327 (+/-0.0133)
2019-07-22 15:07:44,036 INFO - logger - Iter 37300 - time: 26    - [train] loss: 0.0332 (+/-0.016 ) - [valid] loss: 0.0195 (+/-0.0046) - [test] loss: 0.0271 (+/-0.0058)
2019-07-22 15:08:11,033 INFO - logger - Iter 37400 - time: 26    - [train] loss: 0.0301 (+/-0.0096) - [valid] loss: 0.0379 (+/-0.0133) - [test] loss: 0.0295 (+/-0.0104)
2019-07-22 15:08:37,377 INFO - logger - Iter 37500 - time: 26    - [train] loss: 0.0186 (+/-0.0058) - [valid] loss: 0.0249 (+/-0.0061) - [test] loss: 0.0183 (+/-0.0044)
2019-07-22 15:09:03,931 INFO - logger - Iter 37600 - time: 26    - [train] loss: 0.0252 (+/-0.0092) - [valid] loss: 0.0178 (+/-0.0039) - [test] loss: 0.0219 (+/-0.0076)
2019-07-22 15:09:30,558 INFO - logger - Iter 37700 - time: 26    - [train] loss: 0.0188 (+/-0.0041) - [valid] loss: 0.0304 (+/-0.0083) - [test] loss: 0.0218 (+/-0.0049)
2019-07-22 15:09:56,991 INFO - logger - Iter 37800 - time: 26    - [train] loss: 0.0238 (+/-0.0088) - [valid] loss: 0.0347 (+/-0.013 ) - [test] loss: 0.0306 (+/-0.0119)
2019-07-22 15:10:23,174 INFO - logger - Iter 37900 - time: 26    - [train] loss: 0.0407 (+/-0.0183) - [valid] loss: 0.0468 (+/-0.0204) - [test] loss: 0.0293 (+/-0.0103)
2019-07-22 15:10:48,586 INFO - logger - Iter 38000 - time: 25    - [train] loss: 0.0328 (+/-0.01  ) - [valid] loss: 0.028  (+/-0.0125) - [test] loss: 0.0241 (+/-0.0058)
2019-07-22 15:11:14,915 INFO - logger - Iter 38100 - time: 26    - [train] loss: 0.0352 (+/-0.013 ) - [valid] loss: 0.0293 (+/-0.011 ) - [test] loss: 0.0183 (+/-0.0038)
2019-07-22 15:11:41,649 INFO - logger - Iter 38200 - time: 26    - [train] loss: 0.0349 (+/-0.0186) - [valid] loss: 0.042  (+/-0.0186) - [test] loss: 0.0374 (+/-0.0203)
2019-07-22 15:12:08,225 INFO - logger - Iter 38300 - time: 26    - [train] loss: 0.0288 (+/-0.0075) - [valid] loss: 0.0346 (+/-0.0134) - [test] loss: 0.0251 (+/-0.0056)
2019-07-22 15:12:34,246 INFO - logger - Iter 38400 - time: 26    - [train] loss: 0.0352 (+/-0.0188) - [valid] loss: 0.0214 (+/-0.0051) - [test] loss: 0.0329 (+/-0.0153)
2019-07-22 15:13:00,593 INFO - logger - Iter 38500 - time: 26    - [train] loss: 0.0281 (+/-0.0073) - [valid] loss: 0.0296 (+/-0.0079) - [test] loss: 0.045  (+/-0.0231)
2019-07-22 15:13:26,930 INFO - logger - Iter 38600 - time: 26    - [train] loss: 0.0261 (+/-0.0072) - [valid] loss: 0.0286 (+/-0.0107) - [test] loss: 0.0317 (+/-0.0142)
2019-07-22 15:13:53,238 INFO - logger - Iter 38700 - time: 26    - [train] loss: 0.0211 (+/-0.0063) - [valid] loss: 0.0187 (+/-0.0069) - [test] loss: 0.0335 (+/-0.0217)
2019-07-22 15:14:18,953 INFO - logger - Iter 38800 - time: 25    - [train] loss: 0.0269 (+/-0.0211) - [valid] loss: 0.0201 (+/-0.0093) - [test] loss: 0.0315 (+/-0.0144)
2019-07-22 15:14:45,805 INFO - logger - Iter 38900 - time: 26    - [train] loss: 0.0269 (+/-0.0066) - [valid] loss: 0.0253 (+/-0.0078) - [test] loss: 0.0311 (+/-0.0135)
2019-07-22 15:15:12,349 INFO - logger - Iter 39000 - time: 26    - [train] loss: 0.0397 (+/-0.0238) - [valid] loss: 0.0293 (+/-0.0107) - [test] loss: 0.0277 (+/-0.008 )
2019-07-22 15:15:38,130 INFO - logger - Iter 39100 - time: 25    - [train] loss: 0.0279 (+/-0.0111) - [valid] loss: 0.0344 (+/-0.0143) - [test] loss: 0.0148 (+/-0.0025)
2019-07-22 15:16:04,692 INFO - logger - Iter 39200 - time: 26    - [train] loss: 0.0223 (+/-0.0088) - [valid] loss: 0.0294 (+/-0.0091) - [test] loss: 0.0343 (+/-0.0275)
2019-07-22 15:16:30,647 INFO - logger - Iter 39300 - time: 25    - [train] loss: 0.0285 (+/-0.0105) - [valid] loss: 0.0226 (+/-0.007 ) - [test] loss: 0.0223 (+/-0.0044)
2019-07-22 15:16:56,536 INFO - logger - Iter 39400 - time: 25    - [train] loss: 0.0231 (+/-0.0086) - [valid] loss: 0.0279 (+/-0.0128) - [test] loss: 0.0349 (+/-0.0168)
2019-07-22 15:17:23,742 INFO - logger - Iter 39500 - time: 27    - [train] loss: 0.0296 (+/-0.0096) - [valid] loss: 0.0283 (+/-0.008 ) - [test] loss: 0.0328 (+/-0.0113)
2019-07-22 15:17:50,626 INFO - logger - Iter 39600 - time: 26    - [train] loss: 0.0249 (+/-0.0077) - [valid] loss: 0.0221 (+/-0.0082) - [test] loss: 0.0264 (+/-0.0079)
2019-07-22 15:18:16,565 INFO - logger - Iter 39700 - time: 25    - [train] loss: 0.0368 (+/-0.0213) - [valid] loss: 0.0192 (+/-0.0076) - [test] loss: 0.0243 (+/-0.0092)
2019-07-22 15:18:43,751 INFO - logger - Iter 39800 - time: 27    - [train] loss: 0.0218 (+/-0.0085) - [valid] loss: 0.0153 (+/-0.0026) - [test] loss: 0.0307 (+/-0.02  )
2019-07-22 15:19:09,517 INFO - logger - Iter 39900 - time: 25    - [train] loss: 0.0345 (+/-0.0111) - [valid] loss: 0.0304 (+/-0.0142) - [test] loss: 0.0357 (+/-0.0186)
2019-07-22 15:19:34,413 INFO - logger - Iter 40000 - time: 24    - [train] loss: 0.024  (+/-0.0056) - [valid] loss: 0.0224 (+/-0.0046) - [test] loss: 0.0273 (+/-0.0105)
2019-07-22 15:20:00,995 INFO - logger - Iter 40100 - time: 26    - [train] loss: 0.0291 (+/-0.0113) - [valid] loss: 0.024  (+/-0.0044) - [test] loss: 0.0258 (+/-0.0083)
2019-07-22 15:20:26,260 INFO - logger - Iter 40200 - time: 25    - [train] loss: 0.0297 (+/-0.0105) - [valid] loss: 0.0232 (+/-0.0084) - [test] loss: 0.0239 (+/-0.006 )
2019-07-22 15:20:52,511 INFO - logger - Iter 40300 - time: 26    - [train] loss: 0.0347 (+/-0.0131) - [valid] loss: 0.0401 (+/-0.0258) - [test] loss: 0.0262 (+/-0.0149)
2019-07-22 15:21:17,886 INFO - logger - Iter 40400 - time: 25    - [train] loss: 0.0303 (+/-0.0129) - [valid] loss: 0.0307 (+/-0.015 ) - [test] loss: 0.0396 (+/-0.0294)
2019-07-22 15:21:44,157 INFO - logger - Iter 40500 - time: 26    - [train] loss: 0.0261 (+/-0.0138) - [valid] loss: 0.0302 (+/-0.012 ) - [test] loss: 0.0271 (+/-0.0071)
2019-07-22 15:22:10,584 INFO - logger - Iter 40600 - time: 26    - [train] loss: 0.0231 (+/-0.0063) - [valid] loss: 0.0326 (+/-0.0139) - [test] loss: 0.0307 (+/-0.0147)
2019-07-22 15:22:36,553 INFO - logger - Iter 40700 - time: 25    - [train] loss: 0.0225 (+/-0.007 ) - [valid] loss: 0.0355 (+/-0.0163) - [test] loss: 0.0266 (+/-0.0186)
2019-07-22 15:23:03,417 INFO - logger - Iter 40800 - time: 26    - [train] loss: 0.0311 (+/-0.0131) - [valid] loss: 0.0329 (+/-0.0152) - [test] loss: 0.0219 (+/-0.0051)
2019-07-22 15:23:30,024 INFO - logger - Iter 40900 - time: 26    - [train] loss: 0.0195 (+/-0.0041) - [valid] loss: 0.0194 (+/-0.006 ) - [test] loss: 0.0291 (+/-0.0129)
2019-07-22 15:23:55,356 INFO - logger - Iter 41000 - time: 25    - [train] loss: 0.0191 (+/-0.0052) - [valid] loss: 0.0342 (+/-0.0131) - [test] loss: 0.0222 (+/-0.0074)
2019-07-22 15:24:21,476 INFO - logger - Iter 41100 - time: 26    - [train] loss: 0.0234 (+/-0.0079) - [valid] loss: 0.0279 (+/-0.0083) - [test] loss: 0.0314 (+/-0.0229)
2019-07-22 15:24:47,557 INFO - logger - Iter 41200 - time: 26    - [train] loss: 0.0301 (+/-0.0151) - [valid] loss: 0.029  (+/-0.0095) - [test] loss: 0.0196 (+/-0.0053)
2019-07-22 15:25:14,725 INFO - logger - Iter 41300 - time: 27    - [train] loss: 0.03   (+/-0.0159) - [valid] loss: 0.0322 (+/-0.0116) - [test] loss: 0.0415 (+/-0.0397)
2019-07-22 15:25:41,054 INFO - logger - Iter 41400 - time: 26    - [train] loss: 0.0244 (+/-0.0078) - [valid] loss: 0.0313 (+/-0.0159) - [test] loss: 0.0234 (+/-0.0119)
2019-07-22 15:26:07,405 INFO - logger - Iter 41500 - time: 26    - [train] loss: 0.0307 (+/-0.0151) - [valid] loss: 0.0284 (+/-0.0097) - [test] loss: 0.0209 (+/-0.0053)
2019-07-22 15:26:33,477 INFO - logger - Iter 41600 - time: 26    - [train] loss: 0.0276 (+/-0.0085) - [valid] loss: 0.0225 (+/-0.0078) - [test] loss: 0.0254 (+/-0.0106)
2019-07-22 15:26:59,806 INFO - logger - Iter 41700 - time: 26    - [train] loss: 0.0274 (+/-0.0116) - [valid] loss: 0.0218 (+/-0.0061) - [test] loss: 0.0342 (+/-0.0162)
2019-07-22 15:27:25,118 INFO - logger - Iter 41800 - time: 25    - [train] loss: 0.0326 (+/-0.0184) - [valid] loss: 0.0223 (+/-0.0046) - [test] loss: 0.0198 (+/-0.0043)
2019-07-22 15:27:51,937 INFO - logger - Iter 41900 - time: 26    - [train] loss: 0.032  (+/-0.0125) - [valid] loss: 0.0327 (+/-0.0146) - [test] loss: 0.0249 (+/-0.006 )
2019-07-22 15:28:17,982 INFO - logger - Iter 42000 - time: 26    - [train] loss: 0.0368 (+/-0.0239) - [valid] loss: 0.0264 (+/-0.0066) - [test] loss: 0.0275 (+/-0.0085)
2019-07-22 15:28:44,812 INFO - logger - Iter 42100 - time: 26    - [train] loss: 0.0319 (+/-0.0186) - [valid] loss: 0.0253 (+/-0.0084) - [test] loss: 0.0298 (+/-0.0128)
2019-07-22 15:29:10,734 INFO - logger - Iter 42200 - time: 25    - [train] loss: 0.0302 (+/-0.0129) - [valid] loss: 0.0253 (+/-0.0076) - [test] loss: 0.0355 (+/-0.0125)
2019-07-22 15:29:36,798 INFO - logger - Iter 42300 - time: 26    - [train] loss: 0.0265 (+/-0.008 ) - [valid] loss: 0.0242 (+/-0.0076) - [test] loss: 0.0284 (+/-0.0096)
2019-07-22 15:30:02,223 INFO - logger - Iter 42400 - time: 25    - [train] loss: 0.0326 (+/-0.012 ) - [valid] loss: 0.0381 (+/-0.0209) - [test] loss: 0.0256 (+/-0.0077)
2019-07-22 15:30:28,182 INFO - logger - Iter 42500 - time: 25    - [train] loss: 0.0237 (+/-0.0058) - [valid] loss: 0.0235 (+/-0.0067) - [test] loss: 0.03   (+/-0.0119)
2019-07-22 15:30:54,024 INFO - logger - Iter 42600 - time: 25    - [train] loss: 0.0221 (+/-0.0062) - [valid] loss: 0.034  (+/-0.0134) - [test] loss: 0.0231 (+/-0.0072)
2019-07-22 15:31:21,211 INFO - logger - Iter 42700 - time: 27    - [train] loss: 0.0289 (+/-0.0104) - [valid] loss: 0.0344 (+/-0.0175) - [test] loss: 0.0237 (+/-0.0056)
2019-07-22 15:31:47,520 INFO - logger - Iter 42800 - time: 26    - [train] loss: 0.0266 (+/-0.0087) - [valid] loss: 0.0241 (+/-0.0107) - [test] loss: 0.0347 (+/-0.0229)
2019-07-22 15:32:12,105 INFO - logger - Iter 42900 - time: 24    - [train] loss: 0.0287 (+/-0.0092) - [valid] loss: 0.0352 (+/-0.0134) - [test] loss: 0.033  (+/-0.0238)
2019-07-22 15:32:38,708 INFO - logger - Iter 43000 - time: 26    - [train] loss: 0.0291 (+/-0.0101) - [valid] loss: 0.0273 (+/-0.0115) - [test] loss: 0.0334 (+/-0.0107)
2019-07-22 15:33:05,336 INFO - logger - Iter 43100 - time: 26    - [train] loss: 0.0417 (+/-0.0407) - [valid] loss: 0.0375 (+/-0.0207) - [test] loss: 0.0226 (+/-0.0057)
2019-07-22 15:33:31,843 INFO - logger - Iter 43200 - time: 26    - [train] loss: 0.0282 (+/-0.0114) - [valid] loss: 0.0194 (+/-0.0081) - [test] loss: 0.0212 (+/-0.0072)
2019-07-22 15:33:58,947 INFO - logger - Iter 43300 - time: 27    - [train] loss: 0.0237 (+/-0.0093) - [valid] loss: 0.0302 (+/-0.0206) - [test] loss: 0.0262 (+/-0.01  )
2019-07-22 15:34:25,528 INFO - logger - Iter 43400 - time: 26    - [train] loss: 0.0227 (+/-0.0081) - [valid] loss: 0.022  (+/-0.0123) - [test] loss: 0.0213 (+/-0.0088)
2019-07-22 15:34:52,703 INFO - logger - Iter 43500 - time: 27    - [train] loss: 0.0208 (+/-0.0086) - [valid] loss: 0.0168 (+/-0.0047) - [test] loss: 0.0195 (+/-0.0048)
2019-07-22 15:35:18,751 INFO - logger - Iter 43600 - time: 26    - [train] loss: 0.0289 (+/-0.0107) - [valid] loss: 0.0358 (+/-0.0213) - [test] loss: 0.0347 (+/-0.017 )
2019-07-22 15:35:44,472 INFO - logger - Iter 43700 - time: 25    - [train] loss: 0.0285 (+/-0.0143) - [valid] loss: 0.0162 (+/-0.0047) - [test] loss: 0.0376 (+/-0.0216)
2019-07-22 15:36:11,843 INFO - logger - Iter 43800 - time: 27    - [train] loss: 0.0259 (+/-0.012 ) - [valid] loss: 0.0382 (+/-0.024 ) - [test] loss: 0.0234 (+/-0.0072)
2019-07-22 15:36:37,219 INFO - logger - Iter 43900 - time: 25    - [train] loss: 0.018  (+/-0.0047) - [valid] loss: 0.0245 (+/-0.0082) - [test] loss: 0.0224 (+/-0.0072)
2019-07-22 15:37:03,265 INFO - logger - Iter 44000 - time: 26    - [train] loss: 0.0322 (+/-0.0137) - [valid] loss: 0.0273 (+/-0.0084) - [test] loss: 0.0233 (+/-0.0091)
2019-07-22 15:37:29,520 INFO - logger - Iter 44100 - time: 26    - [train] loss: 0.0267 (+/-0.0116) - [valid] loss: 0.0223 (+/-0.0066) - [test] loss: 0.0244 (+/-0.0082)
2019-07-22 15:37:55,904 INFO - logger - Iter 44200 - time: 26    - [train] loss: 0.0235 (+/-0.0078) - [valid] loss: 0.0228 (+/-0.0063) - [test] loss: 0.0192 (+/-0.0045)
2019-07-22 15:38:21,918 INFO - logger - Iter 44300 - time: 26    - [train] loss: 0.0222 (+/-0.0067) - [valid] loss: 0.0274 (+/-0.0099) - [test] loss: 0.024  (+/-0.0097)
2019-07-22 15:38:48,094 INFO - logger - Iter 44400 - time: 26    - [train] loss: 0.0228 (+/-0.0073) - [valid] loss: 0.021  (+/-0.0093) - [test] loss: 0.0331 (+/-0.0113)
2019-07-22 15:39:14,503 INFO - logger - Iter 44500 - time: 26    - [train] loss: 0.0182 (+/-0.004 ) - [valid] loss: 0.0373 (+/-0.015 ) - [test] loss: 0.027  (+/-0.0085)
2019-07-22 15:39:41,598 INFO - logger - Iter 44600 - time: 27    - [train] loss: 0.0293 (+/-0.0112) - [valid] loss: 0.0343 (+/-0.023 ) - [test] loss: 0.0228 (+/-0.006 )
2019-07-22 15:40:08,594 INFO - logger - Iter 44700 - time: 26    - [train] loss: 0.029  (+/-0.0106) - [valid] loss: 0.0224 (+/-0.0097) - [test] loss: 0.0231 (+/-0.0111)
2019-07-22 15:40:35,034 INFO - logger - Iter 44800 - time: 26    - [train] loss: 0.0339 (+/-0.0186) - [valid] loss: 0.0201 (+/-0.005 ) - [test] loss: 0.0232 (+/-0.0077)
2019-07-22 15:41:02,181 INFO - logger - Iter 44900 - time: 27    - [train] loss: 0.0315 (+/-0.0135) - [valid] loss: 0.0252 (+/-0.0069) - [test] loss: 0.0349 (+/-0.0154)
2019-07-22 15:41:27,773 INFO - logger - Iter 45000 - time: 25    - [train] loss: 0.0288 (+/-0.012 ) - [valid] loss: 0.0214 (+/-0.0065) - [test] loss: 0.0271 (+/-0.0072)
2019-07-22 15:41:53,393 INFO - logger - Iter 45100 - time: 25    - [train] loss: 0.0268 (+/-0.0115) - [valid] loss: 0.0207 (+/-0.0057) - [test] loss: 0.0235 (+/-0.007 )
2019-07-22 15:42:18,084 INFO - logger - Iter 45200 - time: 24    - [train] loss: 0.0207 (+/-0.0052) - [valid] loss: 0.0205 (+/-0.0056) - [test] loss: 0.0206 (+/-0.0061)
2019-07-22 15:42:44,257 INFO - logger - Iter 45300 - time: 26    - [train] loss: 0.028  (+/-0.0093) - [valid] loss: 0.0301 (+/-0.0112) - [test] loss: 0.0225 (+/-0.0061)
2019-07-22 15:43:11,141 INFO - logger - Iter 45400 - time: 26    - [train] loss: 0.0224 (+/-0.0072) - [valid] loss: 0.0185 (+/-0.0053) - [test] loss: 0.0289 (+/-0.0118)
2019-07-22 15:43:37,236 INFO - logger - Iter 45500 - time: 26    - [train] loss: 0.0301 (+/-0.0141) - [valid] loss: 0.0305 (+/-0.0163) - [test] loss: 0.0247 (+/-0.0052)
2019-07-22 15:44:03,557 INFO - logger - Iter 45600 - time: 26    - [train] loss: 0.0386 (+/-0.0222) - [valid] loss: 0.0268 (+/-0.0097) - [test] loss: 0.0238 (+/-0.0077)
2019-07-22 15:44:29,415 INFO - logger - Iter 45700 - time: 25    - [train] loss: 0.0263 (+/-0.0122) - [valid] loss: 0.0356 (+/-0.0181) - [test] loss: 0.0248 (+/-0.0109)
2019-07-22 15:44:54,763 INFO - logger - Iter 45800 - time: 25    - [train] loss: 0.0228 (+/-0.0089) - [valid] loss: 0.0229 (+/-0.0104) - [test] loss: 0.025  (+/-0.007 )
2019-07-22 15:45:21,460 INFO - logger - Iter 45900 - time: 26    - [train] loss: 0.038  (+/-0.0201) - [valid] loss: 0.0566 (+/-0.0463) - [test] loss: 0.0239 (+/-0.0073)
2019-07-22 15:45:47,535 INFO - logger - Iter 46000 - time: 26    - [train] loss: 0.0324 (+/-0.0114) - [valid] loss: 0.0206 (+/-0.0049) - [test] loss: 0.0205 (+/-0.0051)
2019-07-22 15:46:13,225 INFO - logger - Iter 46100 - time: 25    - [train] loss: 0.0177 (+/-0.0056) - [valid] loss: 0.0237 (+/-0.0096) - [test] loss: 0.0192 (+/-0.0044)
2019-07-22 15:46:38,827 INFO - logger - Iter 46200 - time: 25    - [train] loss: 0.0221 (+/-0.0095) - [valid] loss: 0.0567 (+/-0.0512) - [test] loss: 0.0255 (+/-0.0074)
2019-07-22 15:47:05,634 INFO - logger - Iter 46300 - time: 26    - [train] loss: 0.0333 (+/-0.0147) - [valid] loss: 0.037  (+/-0.0207) - [test] loss: 0.0292 (+/-0.0115)
2019-07-22 15:47:31,627 INFO - logger - Iter 46400 - time: 25    - [train] loss: 0.0553 (+/-0.0407) - [valid] loss: 0.0327 (+/-0.0103) - [test] loss: 0.0401 (+/-0.0129)
2019-07-22 15:47:57,528 INFO - logger - Iter 46500 - time: 25    - [train] loss: 0.0258 (+/-0.0086) - [valid] loss: 0.0213 (+/-0.0052) - [test] loss: 0.0216 (+/-0.0064)
2019-07-22 15:48:24,493 INFO - logger - Iter 46600 - time: 26    - [train] loss: 0.02   (+/-0.0082) - [valid] loss: 0.0357 (+/-0.0165) - [test] loss: 0.0274 (+/-0.0108)
2019-07-22 15:48:49,863 INFO - logger - Iter 46700 - time: 25    - [train] loss: 0.0333 (+/-0.0162) - [valid] loss: 0.0213 (+/-0.0073) - [test] loss: 0.0249 (+/-0.0083)
2019-07-22 15:49:16,047 INFO - logger - Iter 46800 - time: 26    - [train] loss: 0.0261 (+/-0.0079) - [valid] loss: 0.0256 (+/-0.0077) - [test] loss: 0.0254 (+/-0.0073)
2019-07-22 15:49:42,250 INFO - logger - Iter 46900 - time: 26    - [train] loss: 0.0285 (+/-0.0155) - [valid] loss: 0.0227 (+/-0.0067) - [test] loss: 0.0306 (+/-0.0134)
2019-07-22 15:50:08,487 INFO - logger - Iter 47000 - time: 26    - [train] loss: 0.024  (+/-0.0052) - [valid] loss: 0.0233 (+/-0.0067) - [test] loss: 0.0291 (+/-0.0097)
2019-07-22 15:50:35,361 INFO - logger - Iter 47100 - time: 26    - [train] loss: 0.0291 (+/-0.0181) - [valid] loss: 0.0249 (+/-0.0091) - [test] loss: 0.0324 (+/-0.0201)
2019-07-22 15:51:01,449 INFO - logger - Iter 47200 - time: 26    - [train] loss: 0.0198 (+/-0.0049) - [valid] loss: 0.0214 (+/-0.007 ) - [test] loss: 0.0218 (+/-0.0066)
2019-07-22 15:51:27,368 INFO - logger - Iter 47300 - time: 25    - [train] loss: 0.0191 (+/-0.0052) - [valid] loss: 0.0173 (+/-0.0044) - [test] loss: 0.0215 (+/-0.0088)
2019-07-22 15:51:53,860 INFO - logger - Iter 47400 - time: 26    - [train] loss: 0.02   (+/-0.0065) - [valid] loss: 0.0324 (+/-0.019 ) - [test] loss: 0.0346 (+/-0.0207)
2019-07-22 15:52:20,521 INFO - logger - Iter 47500 - time: 26    - [train] loss: 0.0208 (+/-0.0055) - [valid] loss: 0.027  (+/-0.0103) - [test] loss: 0.0199 (+/-0.009 )
2019-07-22 15:52:46,832 INFO - logger - Iter 47600 - time: 26    - [train] loss: 0.0215 (+/-0.0037) - [valid] loss: 0.0228 (+/-0.0059) - [test] loss: 0.0223 (+/-0.0069)
2019-07-22 15:53:13,786 INFO - logger - Iter 47700 - time: 26    - [train] loss: 0.0271 (+/-0.0098) - [valid] loss: 0.0225 (+/-0.0066) - [test] loss: 0.0334 (+/-0.0186)
2019-07-22 15:53:40,541 INFO - logger - Iter 47800 - time: 26    - [train] loss: 0.0197 (+/-0.0084) - [valid] loss: 0.0399 (+/-0.0178) - [test] loss: 0.0214 (+/-0.0066)
2019-07-22 15:54:07,587 INFO - logger - Iter 47900 - time: 27    - [train] loss: 0.0258 (+/-0.0087) - [valid] loss: 0.0222 (+/-0.0062) - [test] loss: 0.0228 (+/-0.0082)
2019-07-22 15:54:33,452 INFO - logger - Iter 48000 - time: 25    - [train] loss: 0.0202 (+/-0.0062) - [valid] loss: 0.0283 (+/-0.0111) - [test] loss: 0.0226 (+/-0.0072)
2019-07-22 15:54:59,877 INFO - logger - Iter 48100 - time: 26    - [train] loss: 0.0233 (+/-0.0071) - [valid] loss: 0.0155 (+/-0.0035) - [test] loss: 0.0199 (+/-0.0055)
2019-07-22 15:55:26,769 INFO - logger - Iter 48200 - time: 26    - [train] loss: 0.0316 (+/-0.0173) - [valid] loss: 0.0191 (+/-0.0054) - [test] loss: 0.0236 (+/-0.0088)
2019-07-22 15:55:53,014 INFO - logger - Iter 48300 - time: 26    - [train] loss: 0.0233 (+/-0.0075) - [valid] loss: 0.0222 (+/-0.0065) - [test] loss: 0.0233 (+/-0.008 )
2019-07-22 15:56:18,098 INFO - logger - Iter 48400 - time: 25    - [train] loss: 0.023  (+/-0.006 ) - [valid] loss: 0.0266 (+/-0.0087) - [test] loss: 0.0263 (+/-0.0101)
2019-07-22 15:56:45,236 INFO - logger - Iter 48500 - time: 27    - [train] loss: 0.0286 (+/-0.0128) - [valid] loss: 0.0307 (+/-0.0102) - [test] loss: 0.0228 (+/-0.0067)
2019-07-22 15:57:10,628 INFO - logger - Iter 48600 - time: 25    - [train] loss: 0.0309 (+/-0.019 ) - [valid] loss: 0.0308 (+/-0.0116) - [test] loss: 0.0363 (+/-0.0184)
2019-07-22 15:57:36,267 INFO - logger - Iter 48700 - time: 25    - [train] loss: 0.0263 (+/-0.0108) - [valid] loss: 0.0273 (+/-0.0097) - [test] loss: 0.0251 (+/-0.0095)
2019-07-22 15:58:02,869 INFO - logger - Iter 48800 - time: 26    - [train] loss: 0.0249 (+/-0.0092) - [valid] loss: 0.026  (+/-0.0075) - [test] loss: 0.0355 (+/-0.0211)
2019-07-22 15:58:28,766 INFO - logger - Iter 48900 - time: 25    - [train] loss: 0.0335 (+/-0.018 ) - [valid] loss: 0.0191 (+/-0.0049) - [test] loss: 0.0196 (+/-0.0082)
2019-07-22 15:58:54,558 INFO - logger - Iter 49000 - time: 25    - [train] loss: 0.0272 (+/-0.0087) - [valid] loss: 0.0416 (+/-0.0383) - [test] loss: 0.0374 (+/-0.0167)
2019-07-22 15:59:20,912 INFO - logger - Iter 49100 - time: 26    - [train] loss: 0.0266 (+/-0.0092) - [valid] loss: 0.0265 (+/-0.0063) - [test] loss: 0.0311 (+/-0.0113)
2019-07-22 15:59:47,310 INFO - logger - Iter 49200 - time: 26    - [train] loss: 0.0318 (+/-0.0137) - [valid] loss: 0.0535 (+/-0.0468) - [test] loss: 0.0219 (+/-0.0049)
2019-07-22 16:00:13,287 INFO - logger - Iter 49300 - time: 25    - [train] loss: 0.0196 (+/-0.0052) - [valid] loss: 0.0217 (+/-0.0074) - [test] loss: 0.0258 (+/-0.0092)
2019-07-22 16:00:39,101 INFO - logger - Iter 49400 - time: 25    - [train] loss: 0.0224 (+/-0.0076) - [valid] loss: 0.0275 (+/-0.0139) - [test] loss: 0.0202 (+/-0.0072)
2019-07-22 16:01:04,975 INFO - logger - Iter 49500 - time: 25    - [train] loss: 0.0254 (+/-0.0083) - [valid] loss: 0.0254 (+/-0.0068) - [test] loss: 0.0229 (+/-0.006 )
2019-07-22 16:01:30,809 INFO - logger - Iter 49600 - time: 25    - [train] loss: 0.0287 (+/-0.0102) - [valid] loss: 0.0273 (+/-0.0063) - [test] loss: 0.0317 (+/-0.0119)
2019-07-22 16:01:56,105 INFO - logger - Iter 49700 - time: 25    - [train] loss: 0.0246 (+/-0.0078) - [valid] loss: 0.0227 (+/-0.0083) - [test] loss: 0.0197 (+/-0.0061)
2019-07-22 16:02:22,963 INFO - logger - Iter 49800 - time: 26    - [train] loss: 0.0201 (+/-0.0063) - [valid] loss: 0.0212 (+/-0.0063) - [test] loss: 0.0273 (+/-0.0122)
2019-07-22 16:02:49,086 INFO - logger - Iter 49900 - time: 26    - [train] loss: 0.0201 (+/-0.0063) - [valid] loss: 0.0255 (+/-0.0083) - [test] loss: 0.023  (+/-0.0077)
