2019-07-22 12:26:11,421 INFO - log_helper - Finished configuring logger
2019-07-22 12:26:12,012 INFO - logger - Iter 0    - time: 5     - [train] loss: 4.0699 (+/-3.4825) - [valid] loss: 5.185  (+/-2.5725) - [test] loss: 3.2707 (+/-2.624 )
2019-07-22 12:26:32,417 INFO - logger - Iter 100  - time: 20    - [train] loss: 3.4881 (+/-2.4794) - [valid] loss: 4.0043 (+/-1.585 ) - [test] loss: 2.3805 (+/-1.9456)
2019-07-22 12:26:52,222 INFO - logger - Iter 200  - time: 19    - [train] loss: 2.2153 (+/-1.7536) - [valid] loss: 1.3695 (+/-1.0963) - [test] loss: 3.0111 (+/-1.7736)
2019-07-22 12:27:12,046 INFO - logger - Iter 300  - time: 19    - [train] loss: 1.3554 (+/-0.9109) - [valid] loss: 1.0866 (+/-0.6923) - [test] loss: 1.2754 (+/-0.8881)
2019-07-22 12:27:31,365 INFO - logger - Iter 400  - time: 19    - [train] loss: 0.8257 (+/-0.4209) - [valid] loss: 0.452  (+/-0.2615) - [test] loss: 0.9895 (+/-0.5004)
2019-07-22 12:27:49,746 INFO - logger - Iter 500  - time: 18    - [train] loss: 0.3987 (+/-0.3386) - [valid] loss: 0.385  (+/-0.1253) - [test] loss: 0.4656 (+/-0.4048)
2019-07-22 12:28:08,934 INFO - logger - Iter 600  - time: 19    - [train] loss: 0.4345 (+/-0.2409) - [valid] loss: 0.2902 (+/-0.2661) - [test] loss: 0.2433 (+/-0.1694)
2019-07-22 12:28:28,215 INFO - logger - Iter 700  - time: 19    - [train] loss: 0.2433 (+/-0.1775) - [valid] loss: 0.2677 (+/-0.2155) - [test] loss: 0.1974 (+/-0.1246)
2019-07-22 12:28:47,003 INFO - logger - Iter 800  - time: 18    - [train] loss: 0.1741 (+/-0.1315) - [valid] loss: 0.2005 (+/-0.1654) - [test] loss: 0.3861 (+/-0.4008)
2019-07-22 12:29:06,791 INFO - logger - Iter 900  - time: 19    - [train] loss: 0.1021 (+/-0.0523) - [valid] loss: 0.1683 (+/-0.1553) - [test] loss: 0.1749 (+/-0.1078)
2019-07-22 12:29:26,533 INFO - logger - Iter 1000 - time: 19    - [train] loss: 0.219  (+/-0.1457) - [valid] loss: 0.1949 (+/-0.1519) - [test] loss: 0.173  (+/-0.0976)
2019-07-22 12:29:45,714 INFO - logger - Iter 1100 - time: 19    - [train] loss: 0.1855 (+/-0.1342) - [valid] loss: 0.102  (+/-0.0809) - [test] loss: 0.0557 (+/-0.0184)
2019-07-22 12:30:04,626 INFO - logger - Iter 1200 - time: 18    - [train] loss: 0.2477 (+/-0.3127) - [valid] loss: 0.1092 (+/-0.109 ) - [test] loss: 0.1153 (+/-0.0818)
2019-07-22 12:30:24,826 INFO - logger - Iter 1300 - time: 20    - [train] loss: 0.1698 (+/-0.1046) - [valid] loss: 0.1375 (+/-0.0824) - [test] loss: 0.1202 (+/-0.0925)
2019-07-22 12:30:44,451 INFO - logger - Iter 1400 - time: 19    - [train] loss: 0.1432 (+/-0.1191) - [valid] loss: 0.1034 (+/-0.08  ) - [test] loss: 0.1005 (+/-0.055 )
2019-07-22 12:31:04,210 INFO - logger - Iter 1500 - time: 19    - [train] loss: 0.0879 (+/-0.0639) - [valid] loss: 0.0413 (+/-0.0232) - [test] loss: 0.1606 (+/-0.1016)
2019-07-22 12:31:22,554 INFO - logger - Iter 1600 - time: 18    - [train] loss: 0.1348 (+/-0.1077) - [valid] loss: 0.1509 (+/-0.1274) - [test] loss: 0.0832 (+/-0.043 )
2019-07-22 12:31:41,665 INFO - logger - Iter 1700 - time: 19    - [train] loss: 0.1927 (+/-0.1928) - [valid] loss: 0.1762 (+/-0.1595) - [test] loss: 0.1006 (+/-0.0847)
2019-07-22 12:32:00,312 INFO - logger - Iter 1800 - time: 18    - [train] loss: 0.0402 (+/-0.0256) - [valid] loss: 0.1442 (+/-0.1504) - [test] loss: 0.1276 (+/-0.1622)
2019-07-22 12:32:18,768 INFO - logger - Iter 1900 - time: 18    - [train] loss: 0.0657 (+/-0.0389) - [valid] loss: 0.0508 (+/-0.0306) - [test] loss: 0.0867 (+/-0.0661)
2019-07-22 12:32:37,795 INFO - logger - Iter 2000 - time: 19    - [train] loss: 0.1629 (+/-0.238 ) - [valid] loss: 0.0421 (+/-0.0269) - [test] loss: 0.1073 (+/-0.0583)
2019-07-22 12:32:56,525 INFO - logger - Iter 2100 - time: 18    - [train] loss: 0.0877 (+/-0.0417) - [valid] loss: 0.1253 (+/-0.0888) - [test] loss: 0.0938 (+/-0.0505)
2019-07-22 12:33:15,541 INFO - logger - Iter 2200 - time: 19    - [train] loss: 0.0948 (+/-0.0646) - [valid] loss: 0.0701 (+/-0.0518) - [test] loss: 0.2044 (+/-0.129 )
2019-07-22 12:33:34,151 INFO - logger - Iter 2300 - time: 18    - [train] loss: 0.1    (+/-0.071 ) - [valid] loss: 0.1563 (+/-0.1548) - [test] loss: 0.0515 (+/-0.0212)
2019-07-22 12:33:53,368 INFO - logger - Iter 2400 - time: 19    - [train] loss: 0.1398 (+/-0.1263) - [valid] loss: 0.08   (+/-0.0678) - [test] loss: 0.2041 (+/-0.1747)
2019-07-22 12:34:11,864 INFO - logger - Iter 2500 - time: 18    - [train] loss: 0.0714 (+/-0.0797) - [valid] loss: 0.0752 (+/-0.0462) - [test] loss: 0.0404 (+/-0.0266)
2019-07-22 12:34:31,514 INFO - logger - Iter 2600 - time: 19    - [train] loss: 0.1044 (+/-0.1327) - [valid] loss: 0.1179 (+/-0.1168) - [test] loss: 0.0473 (+/-0.02  )
2019-07-22 12:34:51,203 INFO - logger - Iter 2700 - time: 19    - [train] loss: 0.0684 (+/-0.0771) - [valid] loss: 0.0745 (+/-0.0533) - [test] loss: 0.0513 (+/-0.0381)
2019-07-22 12:35:09,629 INFO - logger - Iter 2800 - time: 18    - [train] loss: 0.0521 (+/-0.0349) - [valid] loss: 0.0388 (+/-0.0328) - [test] loss: 0.0781 (+/-0.0445)
2019-07-22 12:35:29,020 INFO - logger - Iter 2900 - time: 19    - [train] loss: 0.0546 (+/-0.0431) - [valid] loss: 0.0508 (+/-0.0346) - [test] loss: 0.038  (+/-0.0164)
2019-07-22 12:35:47,952 INFO - logger - Iter 3000 - time: 18    - [train] loss: 0.1378 (+/-0.1418) - [valid] loss: 0.0533 (+/-0.0323) - [test] loss: 0.0941 (+/-0.0922)
2019-07-22 12:36:07,775 INFO - logger - Iter 3100 - time: 19    - [train] loss: 0.0482 (+/-0.0316) - [valid] loss: 0.0695 (+/-0.0516) - [test] loss: 0.0717 (+/-0.0791)
2019-07-22 12:36:27,368 INFO - logger - Iter 3200 - time: 19    - [train] loss: 0.3191 (+/-0.3884) - [valid] loss: 0.0589 (+/-0.0367) - [test] loss: 0.0898 (+/-0.0661)
2019-07-22 12:36:46,836 INFO - logger - Iter 3300 - time: 19    - [train] loss: 0.1283 (+/-0.1298) - [valid] loss: 0.1068 (+/-0.1027) - [test] loss: 0.1098 (+/-0.0812)
2019-07-22 12:37:06,483 INFO - logger - Iter 3400 - time: 19    - [train] loss: 0.0398 (+/-0.0176) - [valid] loss: 0.1333 (+/-0.1775) - [test] loss: 0.0993 (+/-0.0899)
2019-07-22 12:37:26,460 INFO - logger - Iter 3500 - time: 19    - [train] loss: 0.1208 (+/-0.0622) - [valid] loss: 0.0598 (+/-0.0394) - [test] loss: 0.0621 (+/-0.039 )
2019-07-22 12:37:45,229 INFO - logger - Iter 3600 - time: 18    - [train] loss: 0.0589 (+/-0.0507) - [valid] loss: 0.0478 (+/-0.0342) - [test] loss: 0.0686 (+/-0.0473)
2019-07-22 12:38:04,784 INFO - logger - Iter 3700 - time: 19    - [train] loss: 0.0498 (+/-0.0264) - [valid] loss: 0.1158 (+/-0.0966) - [test] loss: 0.042  (+/-0.0314)
2019-07-22 12:38:24,338 INFO - logger - Iter 3800 - time: 19    - [train] loss: 0.1064 (+/-0.1061) - [valid] loss: 0.0344 (+/-0.0235) - [test] loss: 0.1413 (+/-0.1331)
2019-07-22 12:38:43,833 INFO - logger - Iter 3900 - time: 19    - [train] loss: 0.127  (+/-0.1595) - [valid] loss: 0.0483 (+/-0.0522) - [test] loss: 0.0627 (+/-0.026 )
2019-07-22 12:39:02,739 INFO - logger - Iter 4000 - time: 18    - [train] loss: 0.0482 (+/-0.0318) - [valid] loss: 0.1027 (+/-0.134 ) - [test] loss: 0.181  (+/-0.3004)
2019-07-22 12:39:21,541 INFO - logger - Iter 4100 - time: 18    - [train] loss: 0.0377 (+/-0.0277) - [valid] loss: 0.0351 (+/-0.0211) - [test] loss: 0.1081 (+/-0.1227)
2019-07-22 12:39:40,482 INFO - logger - Iter 4200 - time: 18    - [train] loss: 0.0476 (+/-0.0392) - [valid] loss: 0.0427 (+/-0.0352) - [test] loss: 0.0805 (+/-0.054 )
2019-07-22 12:40:00,140 INFO - logger - Iter 4300 - time: 19    - [train] loss: 0.0858 (+/-0.047 ) - [valid] loss: 0.1127 (+/-0.139 ) - [test] loss: 0.0672 (+/-0.0457)
2019-07-22 12:40:19,625 INFO - logger - Iter 4400 - time: 19    - [train] loss: 0.0278 (+/-0.0243) - [valid] loss: 0.0333 (+/-0.0223) - [test] loss: 0.1599 (+/-0.1494)
2019-07-22 12:40:38,320 INFO - logger - Iter 4500 - time: 18    - [train] loss: 0.136  (+/-0.1932) - [valid] loss: 0.0217 (+/-0.0083) - [test] loss: 0.0399 (+/-0.0292)
2019-07-22 12:40:57,547 INFO - logger - Iter 4600 - time: 19    - [train] loss: 0.0548 (+/-0.0508) - [valid] loss: 0.0378 (+/-0.0289) - [test] loss: 0.085  (+/-0.1167)
2019-07-22 12:41:16,960 INFO - logger - Iter 4700 - time: 19    - [train] loss: 0.1228 (+/-0.0907) - [valid] loss: 0.0631 (+/-0.0518) - [test] loss: 0.0605 (+/-0.0348)
2019-07-22 12:41:36,093 INFO - logger - Iter 4800 - time: 19    - [train] loss: 0.0891 (+/-0.0528) - [valid] loss: 0.0611 (+/-0.0448) - [test] loss: 0.0399 (+/-0.0427)
2019-07-22 12:41:55,194 INFO - logger - Iter 4900 - time: 19    - [train] loss: 0.0322 (+/-0.0206) - [valid] loss: 0.0827 (+/-0.0728) - [test] loss: 0.0641 (+/-0.0545)
2019-07-22 12:42:13,537 INFO - logger - Iter 5000 - time: 18    - [train] loss: 0.1231 (+/-0.0863) - [valid] loss: 0.1461 (+/-0.2022) - [test] loss: 0.0765 (+/-0.0744)
2019-07-22 12:42:33,046 INFO - logger - Iter 5100 - time: 19    - [train] loss: 0.0999 (+/-0.0581) - [valid] loss: 0.1138 (+/-0.1023) - [test] loss: 0.0747 (+/-0.0579)
2019-07-22 12:42:51,735 INFO - logger - Iter 5200 - time: 18    - [train] loss: 0.0505 (+/-0.0456) - [valid] loss: 0.0401 (+/-0.0226) - [test] loss: 0.079  (+/-0.059 )
2019-07-22 12:43:10,908 INFO - logger - Iter 5300 - time: 19    - [train] loss: 0.1165 (+/-0.0795) - [valid] loss: 0.0296 (+/-0.0262) - [test] loss: 0.0445 (+/-0.0333)
2019-07-22 12:43:29,983 INFO - logger - Iter 5400 - time: 19    - [train] loss: 0.0402 (+/-0.036 ) - [valid] loss: 0.0744 (+/-0.0796) - [test] loss: 0.1187 (+/-0.0839)
2019-07-22 12:43:48,948 INFO - logger - Iter 5500 - time: 18    - [train] loss: 0.0253 (+/-0.0079) - [valid] loss: 0.2714 (+/-0.4659) - [test] loss: 0.0497 (+/-0.0563)
2019-07-22 12:44:07,844 INFO - logger - Iter 5600 - time: 18    - [train] loss: 0.0719 (+/-0.0389) - [valid] loss: 0.0264 (+/-0.0086) - [test] loss: 0.0188 (+/-0.0097)
2019-07-22 12:44:26,843 INFO - logger - Iter 5700 - time: 18    - [train] loss: 0.0974 (+/-0.0698) - [valid] loss: 0.0425 (+/-0.0269) - [test] loss: 0.0371 (+/-0.0374)
2019-07-22 12:44:46,076 INFO - logger - Iter 5800 - time: 19    - [train] loss: 0.0576 (+/-0.0425) - [valid] loss: 0.1095 (+/-0.0782) - [test] loss: 0.1227 (+/-0.1702)
2019-07-22 12:45:04,402 INFO - logger - Iter 5900 - time: 18    - [train] loss: 0.0952 (+/-0.0931) - [valid] loss: 0.0439 (+/-0.0398) - [test] loss: 0.0375 (+/-0.0223)
2019-07-22 12:45:24,081 INFO - logger - Iter 6000 - time: 19    - [train] loss: 0.0524 (+/-0.0406) - [valid] loss: 0.0447 (+/-0.0235) - [test] loss: 0.0509 (+/-0.039 )
2019-07-22 12:45:43,265 INFO - logger - Iter 6100 - time: 19    - [train] loss: 0.1621 (+/-0.126 ) - [valid] loss: 0.0341 (+/-0.0268) - [test] loss: 0.0641 (+/-0.0451)
2019-07-22 12:46:02,374 INFO - logger - Iter 6200 - time: 19    - [train] loss: 0.0822 (+/-0.1057) - [valid] loss: 0.0496 (+/-0.057 ) - [test] loss: 0.0602 (+/-0.0472)
2019-07-22 12:46:21,343 INFO - logger - Iter 6300 - time: 18    - [train] loss: 0.0595 (+/-0.048 ) - [valid] loss: 0.043  (+/-0.0198) - [test] loss: 0.0239 (+/-0.0121)
2019-07-22 12:46:39,877 INFO - logger - Iter 6400 - time: 18    - [train] loss: 0.0361 (+/-0.0542) - [valid] loss: 0.1325 (+/-0.1786) - [test] loss: 0.0203 (+/-0.017 )
2019-07-22 12:46:58,315 INFO - logger - Iter 6500 - time: 18    - [train] loss: 0.0873 (+/-0.0941) - [valid] loss: 0.1053 (+/-0.0624) - [test] loss: 0.1132 (+/-0.124 )
2019-07-22 12:47:18,422 INFO - logger - Iter 6600 - time: 20    - [train] loss: 0.0362 (+/-0.028 ) - [valid] loss: 0.0773 (+/-0.0436) - [test] loss: 0.0403 (+/-0.0278)
2019-07-22 12:47:37,023 INFO - logger - Iter 6700 - time: 18    - [train] loss: 0.0287 (+/-0.0149) - [valid] loss: 0.1218 (+/-0.0819) - [test] loss: 0.0178 (+/-0.0099)
2019-07-22 12:47:56,151 INFO - logger - Iter 6800 - time: 19    - [train] loss: 0.1031 (+/-0.1392) - [valid] loss: 0.0643 (+/-0.0851) - [test] loss: 0.1287 (+/-0.1259)
2019-07-22 12:48:15,279 INFO - logger - Iter 6900 - time: 19    - [train] loss: 0.034  (+/-0.0249) - [valid] loss: 0.0604 (+/-0.0599) - [test] loss: 0.0843 (+/-0.0696)
2019-07-22 12:48:34,097 INFO - logger - Iter 7000 - time: 18    - [train] loss: 0.0393 (+/-0.0238) - [valid] loss: 0.0412 (+/-0.0178) - [test] loss: 0.0524 (+/-0.0445)
2019-07-22 12:48:53,206 INFO - logger - Iter 7100 - time: 19    - [train] loss: 0.0686 (+/-0.0795) - [valid] loss: 0.0722 (+/-0.0689) - [test] loss: 0.0525 (+/-0.0375)
2019-07-22 12:49:12,792 INFO - logger - Iter 7200 - time: 19    - [train] loss: 0.0591 (+/-0.0828) - [valid] loss: 0.0525 (+/-0.0318) - [test] loss: 0.1279 (+/-0.1557)
2019-07-22 12:49:32,219 INFO - logger - Iter 7300 - time: 19    - [train] loss: 0.0485 (+/-0.0542) - [valid] loss: 0.0769 (+/-0.1232) - [test] loss: 0.0233 (+/-0.0207)
2019-07-22 12:49:50,336 INFO - logger - Iter 7400 - time: 18    - [train] loss: 0.0872 (+/-0.0619) - [valid] loss: 0.0245 (+/-0.0159) - [test] loss: 0.0361 (+/-0.0211)
2019-07-22 12:50:09,422 INFO - logger - Iter 7500 - time: 19    - [train] loss: 0.0626 (+/-0.0519) - [valid] loss: 0.0224 (+/-0.0125) - [test] loss: 0.0912 (+/-0.0893)
2019-07-22 12:50:28,376 INFO - logger - Iter 7600 - time: 18    - [train] loss: 0.1448 (+/-0.1898) - [valid] loss: 0.0762 (+/-0.1016) - [test] loss: 0.1031 (+/-0.0921)
2019-07-22 12:50:47,089 INFO - logger - Iter 7700 - time: 18    - [train] loss: 0.0266 (+/-0.0127) - [valid] loss: 0.1312 (+/-0.1946) - [test] loss: 0.0753 (+/-0.0725)
2019-07-22 12:51:06,099 INFO - logger - Iter 7800 - time: 19    - [train] loss: 0.0674 (+/-0.0556) - [valid] loss: 0.0358 (+/-0.032 ) - [test] loss: 0.0706 (+/-0.0432)
2019-07-22 12:51:24,606 INFO - logger - Iter 7900 - time: 18    - [train] loss: 0.0673 (+/-0.0618) - [valid] loss: 0.0958 (+/-0.0861) - [test] loss: 0.0283 (+/-0.0178)
2019-07-22 12:51:43,682 INFO - logger - Iter 8000 - time: 19    - [train] loss: 0.0924 (+/-0.108 ) - [valid] loss: 0.0444 (+/-0.0466) - [test] loss: 0.0657 (+/-0.0461)
2019-07-22 12:52:02,301 INFO - logger - Iter 8100 - time: 18    - [train] loss: 0.3327 (+/-0.4807) - [valid] loss: 0.0295 (+/-0.0172) - [test] loss: 0.0513 (+/-0.0377)
2019-07-22 12:52:21,952 INFO - logger - Iter 8200 - time: 19    - [train] loss: 0.0732 (+/-0.0866) - [valid] loss: 0.107  (+/-0.0882) - [test] loss: 0.1316 (+/-0.084 )
2019-07-22 12:52:40,112 INFO - logger - Iter 8300 - time: 18    - [train] loss: 0.4209 (+/-0.6292) - [valid] loss: 0.0275 (+/-0.0088) - [test] loss: 0.0738 (+/-0.0994)
2019-07-22 12:52:59,106 INFO - logger - Iter 8400 - time: 18    - [train] loss: 0.0558 (+/-0.0468) - [valid] loss: 0.0313 (+/-0.0264) - [test] loss: 0.1572 (+/-0.1623)
2019-07-22 12:53:18,491 INFO - logger - Iter 8500 - time: 19    - [train] loss: 0.0281 (+/-0.0186) - [valid] loss: 0.0355 (+/-0.0279) - [test] loss: 0.0446 (+/-0.0345)
2019-07-22 12:53:37,138 INFO - logger - Iter 8600 - time: 18    - [train] loss: 0.0779 (+/-0.0957) - [valid] loss: 0.0776 (+/-0.0536) - [test] loss: 0.0613 (+/-0.0676)
2019-07-22 12:53:55,955 INFO - logger - Iter 8700 - time: 18    - [train] loss: 0.0674 (+/-0.062 ) - [valid] loss: 0.0321 (+/-0.0188) - [test] loss: 0.0427 (+/-0.0438)
2019-07-22 12:54:13,415 INFO - logger - Iter 8800 - time: 17    - [train] loss: 0.0268 (+/-0.0129) - [valid] loss: 0.0597 (+/-0.0629) - [test] loss: 0.0436 (+/-0.0467)
2019-07-22 12:54:32,720 INFO - logger - Iter 8900 - time: 19    - [train] loss: 0.065  (+/-0.0324) - [valid] loss: 0.0985 (+/-0.1075) - [test] loss: 0.2664 (+/-0.3913)
2019-07-22 12:54:51,722 INFO - logger - Iter 9000 - time: 19    - [train] loss: 0.0844 (+/-0.0708) - [valid] loss: 0.0554 (+/-0.0453) - [test] loss: 0.0943 (+/-0.1342)
2019-07-22 12:55:11,056 INFO - logger - Iter 9100 - time: 19    - [train] loss: 0.0683 (+/-0.0959) - [valid] loss: 0.0576 (+/-0.0646) - [test] loss: 0.1159 (+/-0.1324)
2019-07-22 12:55:30,184 INFO - logger - Iter 9200 - time: 19    - [train] loss: 0.1124 (+/-0.1399) - [valid] loss: 0.0371 (+/-0.0335) - [test] loss: 0.182  (+/-0.2143)
2019-07-22 12:55:49,119 INFO - logger - Iter 9300 - time: 18    - [train] loss: 0.0487 (+/-0.0502) - [valid] loss: 0.0951 (+/-0.094 ) - [test] loss: 0.0397 (+/-0.0468)
2019-07-22 12:56:07,430 INFO - logger - Iter 9400 - time: 18    - [train] loss: 0.035  (+/-0.035 ) - [valid] loss: 0.0356 (+/-0.0254) - [test] loss: 0.0319 (+/-0.0216)
2019-07-22 12:56:26,734 INFO - logger - Iter 9500 - time: 19    - [train] loss: 0.0315 (+/-0.0196) - [valid] loss: 0.053  (+/-0.0389) - [test] loss: 0.0308 (+/-0.0125)
2019-07-22 12:56:45,732 INFO - logger - Iter 9600 - time: 18    - [train] loss: 0.1203 (+/-0.095 ) - [valid] loss: 0.1987 (+/-0.2795) - [test] loss: 0.0244 (+/-0.0161)
2019-07-22 12:57:04,740 INFO - logger - Iter 9700 - time: 19    - [train] loss: 0.0806 (+/-0.0499) - [valid] loss: 0.0371 (+/-0.026 ) - [test] loss: 0.0473 (+/-0.0352)
2019-07-22 12:57:24,374 INFO - logger - Iter 9800 - time: 19    - [train] loss: 0.04   (+/-0.044 ) - [valid] loss: 0.0283 (+/-0.0099) - [test] loss: 0.0479 (+/-0.0689)
2019-07-22 12:57:43,244 INFO - logger - Iter 9900 - time: 18    - [train] loss: 0.1272 (+/-0.104 ) - [valid] loss: 0.0487 (+/-0.0397) - [test] loss: 0.0314 (+/-0.0275)
2019-07-22 12:58:01,897 INFO - logger - Iter 10000 - time: 18    - [train] loss: 0.0424 (+/-0.0343) - [valid] loss: 0.0362 (+/-0.0316) - [test] loss: 0.02   (+/-0.0106)
2019-07-22 12:58:20,868 INFO - logger - Iter 10100 - time: 18    - [train] loss: 0.0507 (+/-0.0459) - [valid] loss: 0.0387 (+/-0.0243) - [test] loss: 0.0586 (+/-0.0266)
2019-07-22 12:58:40,082 INFO - logger - Iter 10200 - time: 19    - [train] loss: 0.2199 (+/-0.2483) - [valid] loss: 0.0706 (+/-0.1188) - [test] loss: 0.0692 (+/-0.094 )
2019-07-22 12:58:59,643 INFO - logger - Iter 10300 - time: 19    - [train] loss: 0.1282 (+/-0.152 ) - [valid] loss: 0.0351 (+/-0.0485) - [test] loss: 0.0325 (+/-0.0316)
2019-07-22 12:59:18,196 INFO - logger - Iter 10400 - time: 18    - [train] loss: 0.0309 (+/-0.0213) - [valid] loss: 0.0457 (+/-0.0328) - [test] loss: 0.1128 (+/-0.1791)
2019-07-22 12:59:36,508 INFO - logger - Iter 10500 - time: 18    - [train] loss: 0.1401 (+/-0.0791) - [valid] loss: 0.0424 (+/-0.0156) - [test] loss: 0.0567 (+/-0.0273)
2019-07-22 12:59:55,379 INFO - logger - Iter 10600 - time: 18    - [train] loss: 0.0498 (+/-0.031 ) - [valid] loss: 0.0508 (+/-0.0405) - [test] loss: 0.0472 (+/-0.0396)
2019-07-22 13:00:15,053 INFO - logger - Iter 10700 - time: 19    - [train] loss: 0.0773 (+/-0.1063) - [valid] loss: 0.0912 (+/-0.0778) - [test] loss: 0.0563 (+/-0.065 )
2019-07-22 13:00:34,489 INFO - logger - Iter 10800 - time: 19    - [train] loss: 0.0688 (+/-0.054 ) - [valid] loss: 0.0341 (+/-0.0355) - [test] loss: 0.0298 (+/-0.0177)
2019-07-22 13:00:53,534 INFO - logger - Iter 10900 - time: 19    - [train] loss: 0.0345 (+/-0.0245) - [valid] loss: 0.0236 (+/-0.0092) - [test] loss: 0.0576 (+/-0.0428)
2019-07-22 13:01:12,269 INFO - logger - Iter 11000 - time: 18    - [train] loss: 0.0341 (+/-0.0414) - [valid] loss: 0.0415 (+/-0.0389) - [test] loss: 0.0214 (+/-0.0092)
2019-07-22 13:01:31,026 INFO - logger - Iter 11100 - time: 18    - [train] loss: 0.0501 (+/-0.0355) - [valid] loss: 0.0249 (+/-0.0095) - [test] loss: 0.0421 (+/-0.0262)
2019-07-22 13:01:49,793 INFO - logger - Iter 11200 - time: 18    - [train] loss: 0.0802 (+/-0.0674) - [valid] loss: 0.0393 (+/-0.0275) - [test] loss: 0.0471 (+/-0.024 )
2019-07-22 13:02:09,230 INFO - logger - Iter 11300 - time: 19    - [train] loss: 0.0843 (+/-0.0774) - [valid] loss: 0.0727 (+/-0.0779) - [test] loss: 0.0394 (+/-0.0274)
2019-07-22 13:02:28,180 INFO - logger - Iter 11400 - time: 18    - [train] loss: 0.0459 (+/-0.0438) - [valid] loss: 0.0774 (+/-0.0697) - [test] loss: 0.0411 (+/-0.0312)
2019-07-22 13:02:47,586 INFO - logger - Iter 11500 - time: 19    - [train] loss: 0.0284 (+/-0.0297) - [valid] loss: 0.0646 (+/-0.0832) - [test] loss: 0.0654 (+/-0.055 )
2019-07-22 13:03:06,365 INFO - logger - Iter 11600 - time: 18    - [train] loss: 0.0467 (+/-0.0495) - [valid] loss: 0.0909 (+/-0.0507) - [test] loss: 0.0992 (+/-0.1669)
2019-07-22 13:03:25,826 INFO - logger - Iter 11700 - time: 19    - [train] loss: 0.0484 (+/-0.0527) - [valid] loss: 0.0578 (+/-0.065 ) - [test] loss: 0.0446 (+/-0.0415)
2019-07-22 13:03:44,988 INFO - logger - Iter 11800 - time: 19    - [train] loss: 0.0569 (+/-0.0567) - [valid] loss: 0.0339 (+/-0.0257) - [test] loss: 0.042  (+/-0.0444)
2019-07-22 13:04:03,374 INFO - logger - Iter 11900 - time: 18    - [train] loss: 0.018  (+/-0.011 ) - [valid] loss: 0.0809 (+/-0.0652) - [test] loss: 0.0226 (+/-0.0115)
2019-07-22 13:04:22,904 INFO - logger - Iter 12000 - time: 19    - [train] loss: 0.0295 (+/-0.0196) - [valid] loss: 0.0741 (+/-0.0434) - [test] loss: 0.027  (+/-0.0147)
2019-07-22 13:04:42,169 INFO - logger - Iter 12100 - time: 19    - [train] loss: 0.0675 (+/-0.078 ) - [valid] loss: 0.0488 (+/-0.0423) - [test] loss: 0.0512 (+/-0.0429)
2019-07-22 13:05:00,875 INFO - logger - Iter 12200 - time: 18    - [train] loss: 0.0575 (+/-0.0668) - [valid] loss: 0.0556 (+/-0.037 ) - [test] loss: 0.0923 (+/-0.0878)
2019-07-22 13:05:19,724 INFO - logger - Iter 12300 - time: 18    - [train] loss: 0.0336 (+/-0.0336) - [valid] loss: 0.0276 (+/-0.0138) - [test] loss: 0.0236 (+/-0.0151)
2019-07-22 13:05:38,277 INFO - logger - Iter 12400 - time: 18    - [train] loss: 0.0502 (+/-0.0444) - [valid] loss: 0.029  (+/-0.0154) - [test] loss: 0.0488 (+/-0.0374)
2019-07-22 13:05:57,497 INFO - logger - Iter 12500 - time: 19    - [train] loss: 0.0397 (+/-0.041 ) - [valid] loss: 0.0521 (+/-0.0295) - [test] loss: 0.0553 (+/-0.0416)
2019-07-22 13:06:16,519 INFO - logger - Iter 12600 - time: 19    - [train] loss: 0.3218 (+/-0.5692) - [valid] loss: 0.0547 (+/-0.0312) - [test] loss: 0.0903 (+/-0.075 )
2019-07-22 13:06:34,548 INFO - logger - Iter 12700 - time: 18    - [train] loss: 0.0817 (+/-0.0969) - [valid] loss: 0.0217 (+/-0.02  ) - [test] loss: 0.0564 (+/-0.0687)
2019-07-22 13:06:53,279 INFO - logger - Iter 12800 - time: 18    - [train] loss: 0.0651 (+/-0.0657) - [valid] loss: 0.1046 (+/-0.1547) - [test] loss: 0.0486 (+/-0.0288)
2019-07-22 13:07:11,922 INFO - logger - Iter 12900 - time: 18    - [train] loss: 0.0273 (+/-0.016 ) - [valid] loss: 0.0546 (+/-0.0368) - [test] loss: 0.0224 (+/-0.0211)
2019-07-22 13:07:30,323 INFO - logger - Iter 13000 - time: 18    - [train] loss: 0.0278 (+/-0.0228) - [valid] loss: 0.0367 (+/-0.0296) - [test] loss: 0.0325 (+/-0.0249)
2019-07-22 13:07:49,143 INFO - logger - Iter 13100 - time: 18    - [train] loss: 0.0822 (+/-0.0802) - [valid] loss: 0.0319 (+/-0.0171) - [test] loss: 0.0434 (+/-0.0513)
2019-07-22 13:08:07,403 INFO - logger - Iter 13200 - time: 18    - [train] loss: 0.0145 (+/-0.0063) - [valid] loss: 0.0556 (+/-0.0686) - [test] loss: 0.0646 (+/-0.0678)
2019-07-22 13:08:25,413 INFO - logger - Iter 13300 - time: 18    - [train] loss: 0.0318 (+/-0.0338) - [valid] loss: 0.0487 (+/-0.0367) - [test] loss: 0.1465 (+/-0.176 )
2019-07-22 13:08:44,967 INFO - logger - Iter 13400 - time: 19    - [train] loss: 0.0383 (+/-0.0351) - [valid] loss: 0.0357 (+/-0.0197) - [test] loss: 0.0925 (+/-0.1014)
2019-07-22 13:09:05,026 INFO - logger - Iter 13500 - time: 20    - [train] loss: 0.0469 (+/-0.041 ) - [valid] loss: 0.0565 (+/-0.0679) - [test] loss: 0.057  (+/-0.0847)
2019-07-22 13:09:23,943 INFO - logger - Iter 13600 - time: 18    - [train] loss: 0.0842 (+/-0.1237) - [valid] loss: 0.0943 (+/-0.1204) - [test] loss: 0.0528 (+/-0.0374)
2019-07-22 13:09:42,617 INFO - logger - Iter 13700 - time: 18    - [train] loss: 0.1457 (+/-0.138 ) - [valid] loss: 0.045  (+/-0.0643) - [test] loss: 0.0566 (+/-0.0467)
2019-07-22 13:10:01,521 INFO - logger - Iter 13800 - time: 18    - [train] loss: 0.1114 (+/-0.0973) - [valid] loss: 0.0796 (+/-0.0538) - [test] loss: 0.1511 (+/-0.1967)
2019-07-22 13:10:20,565 INFO - logger - Iter 13900 - time: 19    - [train] loss: 0.0892 (+/-0.0513) - [valid] loss: 0.0716 (+/-0.1296) - [test] loss: 0.0188 (+/-0.0152)
2019-07-22 13:10:39,814 INFO - logger - Iter 14000 - time: 19    - [train] loss: 0.0494 (+/-0.0266) - [valid] loss: 0.0321 (+/-0.0203) - [test] loss: 0.0929 (+/-0.0907)
2019-07-22 13:10:59,164 INFO - logger - Iter 14100 - time: 19    - [train] loss: 0.0252 (+/-0.0123) - [valid] loss: 0.0547 (+/-0.0436) - [test] loss: 0.0648 (+/-0.0486)
2019-07-22 13:11:18,442 INFO - logger - Iter 14200 - time: 19    - [train] loss: 0.0331 (+/-0.0203) - [valid] loss: 0.0282 (+/-0.0158) - [test] loss: 0.017  (+/-0.0112)
2019-07-22 13:11:37,547 INFO - logger - Iter 14300 - time: 19    - [train] loss: 0.0353 (+/-0.024 ) - [valid] loss: 0.0818 (+/-0.0674) - [test] loss: 0.0441 (+/-0.0398)
2019-07-22 13:11:56,656 INFO - logger - Iter 14400 - time: 19    - [train] loss: 0.0503 (+/-0.0552) - [valid] loss: 0.0834 (+/-0.0609) - [test] loss: 0.0299 (+/-0.0138)
2019-07-22 13:12:14,524 INFO - logger - Iter 14500 - time: 17    - [train] loss: 0.0577 (+/-0.039 ) - [valid] loss: 0.0202 (+/-0.0111) - [test] loss: 0.0999 (+/-0.0986)
2019-07-22 13:12:33,914 INFO - logger - Iter 14600 - time: 19    - [train] loss: 0.0732 (+/-0.0726) - [valid] loss: 0.0721 (+/-0.0645) - [test] loss: 0.0447 (+/-0.03  )
2019-07-22 13:12:52,706 INFO - logger - Iter 14700 - time: 18    - [train] loss: 0.0203 (+/-0.0149) - [valid] loss: 0.0688 (+/-0.1158) - [test] loss: 0.0354 (+/-0.0357)
2019-07-22 13:13:11,404 INFO - logger - Iter 14800 - time: 18    - [train] loss: 0.1255 (+/-0.135 ) - [valid] loss: 0.0296 (+/-0.0212) - [test] loss: 0.0814 (+/-0.0706)
2019-07-22 13:13:29,709 INFO - logger - Iter 14900 - time: 18    - [train] loss: 0.0558 (+/-0.0487) - [valid] loss: 0.0186 (+/-0.0102) - [test] loss: 0.0224 (+/-0.0113)
2019-07-22 13:13:48,992 INFO - logger - Iter 15000 - time: 19    - [train] loss: 0.0435 (+/-0.0601) - [valid] loss: 0.0637 (+/-0.0898) - [test] loss: 0.1544 (+/-0.1543)
2019-07-22 13:14:08,027 INFO - logger - Iter 15100 - time: 19    - [train] loss: 0.0354 (+/-0.0357) - [valid] loss: 0.0438 (+/-0.0259) - [test] loss: 0.0735 (+/-0.0694)
2019-07-22 13:14:27,611 INFO - logger - Iter 15200 - time: 19    - [train] loss: 0.0834 (+/-0.1162) - [valid] loss: 0.0168 (+/-0.0105) - [test] loss: 0.0321 (+/-0.0183)
2019-07-22 13:14:46,395 INFO - logger - Iter 15300 - time: 18    - [train] loss: 0.0427 (+/-0.0252) - [valid] loss: 0.0095 (+/-0.0034) - [test] loss: 0.1141 (+/-0.1199)
2019-07-22 13:15:05,732 INFO - logger - Iter 15400 - time: 19    - [train] loss: 0.0827 (+/-0.0855) - [valid] loss: 0.1015 (+/-0.1385) - [test] loss: 0.0395 (+/-0.0232)
2019-07-22 13:15:25,163 INFO - logger - Iter 15500 - time: 19    - [train] loss: 0.0658 (+/-0.0341) - [valid] loss: 0.0688 (+/-0.0311) - [test] loss: 0.0267 (+/-0.0237)
2019-07-22 13:15:44,556 INFO - logger - Iter 15600 - time: 19    - [train] loss: 0.0862 (+/-0.0969) - [valid] loss: 0.0505 (+/-0.0367) - [test] loss: 0.0598 (+/-0.0426)
2019-07-22 13:16:03,229 INFO - logger - Iter 15700 - time: 18    - [train] loss: 0.0757 (+/-0.0645) - [valid] loss: 0.0574 (+/-0.0446) - [test] loss: 0.0835 (+/-0.0886)
2019-07-22 13:16:21,922 INFO - logger - Iter 15800 - time: 18    - [train] loss: 0.0321 (+/-0.0196) - [valid] loss: 0.0536 (+/-0.0462) - [test] loss: 0.0621 (+/-0.0466)
2019-07-22 13:16:40,991 INFO - logger - Iter 15900 - time: 19    - [train] loss: 0.0718 (+/-0.0646) - [valid] loss: 0.0672 (+/-0.0775) - [test] loss: 0.0423 (+/-0.0458)
2019-07-22 13:16:59,951 INFO - logger - Iter 16000 - time: 18    - [train] loss: 0.0817 (+/-0.0977) - [valid] loss: 0.0425 (+/-0.0247) - [test] loss: 0.2427 (+/-0.4438)
2019-07-22 13:17:18,771 INFO - logger - Iter 16100 - time: 18    - [train] loss: 0.1529 (+/-0.1881) - [valid] loss: 0.0436 (+/-0.0529) - [test] loss: 0.0488 (+/-0.0466)
2019-07-22 13:17:38,027 INFO - logger - Iter 16200 - time: 19    - [train] loss: 0.0686 (+/-0.0843) - [valid] loss: 0.0615 (+/-0.0851) - [test] loss: 0.0513 (+/-0.0336)
2019-07-22 13:17:57,507 INFO - logger - Iter 16300 - time: 19    - [train] loss: 0.0425 (+/-0.044 ) - [valid] loss: 0.0205 (+/-0.0095) - [test] loss: 0.0286 (+/-0.0277)
2019-07-22 13:18:16,074 INFO - logger - Iter 16400 - time: 18    - [train] loss: 0.0525 (+/-0.0455) - [valid] loss: 0.0801 (+/-0.0683) - [test] loss: 0.0529 (+/-0.0412)
2019-07-22 13:18:35,964 INFO - logger - Iter 16500 - time: 19    - [train] loss: 0.0432 (+/-0.0319) - [valid] loss: 0.0822 (+/-0.1049) - [test] loss: 0.0314 (+/-0.0212)
2019-07-22 13:18:55,048 INFO - logger - Iter 16600 - time: 19    - [train] loss: 0.0569 (+/-0.0499) - [valid] loss: 0.03   (+/-0.0227) - [test] loss: 0.0518 (+/-0.0414)
2019-07-22 13:19:13,683 INFO - logger - Iter 16700 - time: 18    - [train] loss: 0.0423 (+/-0.0324) - [valid] loss: 0.0372 (+/-0.0263) - [test] loss: 0.0951 (+/-0.1386)
2019-07-22 13:19:32,714 INFO - logger - Iter 16800 - time: 19    - [train] loss: 0.0823 (+/-0.0792) - [valid] loss: 0.1092 (+/-0.0583) - [test] loss: 0.0999 (+/-0.1014)
2019-07-22 13:19:52,617 INFO - logger - Iter 16900 - time: 19    - [train] loss: 0.0657 (+/-0.0553) - [valid] loss: 0.0394 (+/-0.025 ) - [test] loss: 0.048  (+/-0.0303)
2019-07-22 13:20:11,691 INFO - logger - Iter 17000 - time: 19    - [train] loss: 0.0338 (+/-0.0242) - [valid] loss: 0.0575 (+/-0.0548) - [test] loss: 0.0862 (+/-0.0804)
2019-07-22 13:20:30,707 INFO - logger - Iter 17100 - time: 19    - [train] loss: 0.0366 (+/-0.0402) - [valid] loss: 0.0856 (+/-0.1213) - [test] loss: 0.0825 (+/-0.099 )
2019-07-22 13:20:50,045 INFO - logger - Iter 17200 - time: 19    - [train] loss: 0.0937 (+/-0.0853) - [valid] loss: 0.0562 (+/-0.031 ) - [test] loss: 0.0401 (+/-0.0285)
2019-07-22 13:21:09,215 INFO - logger - Iter 17300 - time: 19    - [train] loss: 0.0361 (+/-0.0251) - [valid] loss: 0.0233 (+/-0.0143) - [test] loss: 0.057  (+/-0.0529)
2019-07-22 13:21:27,919 INFO - logger - Iter 17400 - time: 18    - [train] loss: 0.0747 (+/-0.0713) - [valid] loss: 0.1421 (+/-0.1788) - [test] loss: 0.0409 (+/-0.0189)
2019-07-22 13:21:47,049 INFO - logger - Iter 17500 - time: 19    - [train] loss: 0.0581 (+/-0.0481) - [valid] loss: 0.021  (+/-0.0101) - [test] loss: 0.0698 (+/-0.0902)
2019-07-22 13:22:06,102 INFO - logger - Iter 17600 - time: 19    - [train] loss: 0.0146 (+/-0.0088) - [valid] loss: 0.0609 (+/-0.0425) - [test] loss: 0.0362 (+/-0.0355)
2019-07-22 13:22:25,217 INFO - logger - Iter 17700 - time: 19    - [train] loss: 0.0492 (+/-0.0509) - [valid] loss: 0.0171 (+/-0.0115) - [test] loss: 0.0532 (+/-0.0691)
2019-07-22 13:22:44,970 INFO - logger - Iter 17800 - time: 19    - [train] loss: 0.0459 (+/-0.0457) - [valid] loss: 0.0193 (+/-0.0108) - [test] loss: 0.0322 (+/-0.0254)
2019-07-22 13:23:04,112 INFO - logger - Iter 17900 - time: 19    - [train] loss: 0.0468 (+/-0.0389) - [valid] loss: 0.0232 (+/-0.0126) - [test] loss: 0.0422 (+/-0.0614)
2019-07-22 13:23:24,233 INFO - logger - Iter 18000 - time: 20    - [train] loss: 0.0785 (+/-0.0982) - [valid] loss: 0.0577 (+/-0.0378) - [test] loss: 0.0572 (+/-0.058 )
2019-07-22 13:23:43,561 INFO - logger - Iter 18100 - time: 19    - [train] loss: 0.0852 (+/-0.1217) - [valid] loss: 0.0838 (+/-0.0828) - [test] loss: 0.0759 (+/-0.073 )
2019-07-22 13:24:02,948 INFO - logger - Iter 18200 - time: 19    - [train] loss: 0.0303 (+/-0.0332) - [valid] loss: 0.0577 (+/-0.0524) - [test] loss: 0.0772 (+/-0.0791)
2019-07-22 13:24:20,848 INFO - logger - Iter 18300 - time: 17    - [train] loss: 0.0547 (+/-0.0563) - [valid] loss: 0.0293 (+/-0.0191) - [test] loss: 0.0884 (+/-0.1068)
2019-07-22 13:24:39,913 INFO - logger - Iter 18400 - time: 19    - [train] loss: 0.1195 (+/-0.1582) - [valid] loss: 0.0351 (+/-0.0205) - [test] loss: 0.0492 (+/-0.0388)
2019-07-22 13:24:58,467 INFO - logger - Iter 18500 - time: 18    - [train] loss: 0.0238 (+/-0.0174) - [valid] loss: 0.0339 (+/-0.0355) - [test] loss: 0.052  (+/-0.0469)
2019-07-22 13:25:17,900 INFO - logger - Iter 18600 - time: 19    - [train] loss: 0.0433 (+/-0.0221) - [valid] loss: 0.0477 (+/-0.0615) - [test] loss: 0.0223 (+/-0.0099)
2019-07-22 13:25:36,854 INFO - logger - Iter 18700 - time: 18    - [train] loss: 0.0346 (+/-0.0294) - [valid] loss: 0.0339 (+/-0.0264) - [test] loss: 0.0511 (+/-0.0448)
2019-07-22 13:25:55,387 INFO - logger - Iter 18800 - time: 18    - [train] loss: 0.0581 (+/-0.0715) - [valid] loss: 0.0278 (+/-0.0209) - [test] loss: 0.0365 (+/-0.0226)
2019-07-22 13:26:14,239 INFO - logger - Iter 18900 - time: 18    - [train] loss: 0.059  (+/-0.0526) - [valid] loss: 0.0917 (+/-0.1005) - [test] loss: 0.0383 (+/-0.0353)
2019-07-22 13:26:33,256 INFO - logger - Iter 19000 - time: 19    - [train] loss: 0.074  (+/-0.0862) - [valid] loss: 0.0248 (+/-0.0167) - [test] loss: 0.0989 (+/-0.1288)
2019-07-22 13:26:52,526 INFO - logger - Iter 19100 - time: 19    - [train] loss: 0.0602 (+/-0.0672) - [valid] loss: 0.0659 (+/-0.0467) - [test] loss: 0.0646 (+/-0.057 )
2019-07-22 13:27:10,991 INFO - logger - Iter 19200 - time: 18    - [train] loss: 0.0218 (+/-0.0113) - [valid] loss: 0.0592 (+/-0.041 ) - [test] loss: 0.0285 (+/-0.0307)
2019-07-22 13:27:29,613 INFO - logger - Iter 19300 - time: 18    - [train] loss: 0.0394 (+/-0.0384) - [valid] loss: 0.0358 (+/-0.0344) - [test] loss: 0.039  (+/-0.0214)
2019-07-22 13:27:48,725 INFO - logger - Iter 19400 - time: 19    - [train] loss: 0.0557 (+/-0.0247) - [valid] loss: 0.0473 (+/-0.0274) - [test] loss: 0.0518 (+/-0.0518)
2019-07-22 13:28:08,113 INFO - logger - Iter 19500 - time: 19    - [train] loss: 0.0707 (+/-0.0896) - [valid] loss: 0.0304 (+/-0.0196) - [test] loss: 0.1137 (+/-0.123 )
2019-07-22 13:28:27,801 INFO - logger - Iter 19600 - time: 19    - [train] loss: 0.0225 (+/-0.011 ) - [valid] loss: 0.0221 (+/-0.0082) - [test] loss: 0.0761 (+/-0.1085)
2019-07-22 13:28:46,834 INFO - logger - Iter 19700 - time: 19    - [train] loss: 0.0432 (+/-0.0341) - [valid] loss: 0.0668 (+/-0.0442) - [test] loss: 0.1113 (+/-0.1129)
2019-07-22 13:29:06,221 INFO - logger - Iter 19800 - time: 19    - [train] loss: 0.0353 (+/-0.0288) - [valid] loss: 0.0598 (+/-0.0395) - [test] loss: 0.0394 (+/-0.0447)
2019-07-22 13:29:25,149 INFO - logger - Iter 19900 - time: 18    - [train] loss: 0.0363 (+/-0.0165) - [valid] loss: 0.0597 (+/-0.0702) - [test] loss: 0.0539 (+/-0.0398)
2019-07-22 13:29:44,563 INFO - logger - Iter 20000 - time: 19    - [train] loss: 0.0438 (+/-0.0514) - [valid] loss: 0.1362 (+/-0.2467) - [test] loss: 0.0285 (+/-0.0168)
2019-07-22 13:30:03,677 INFO - logger - Iter 20100 - time: 19    - [train] loss: 0.0422 (+/-0.023 ) - [valid] loss: 0.0716 (+/-0.0661) - [test] loss: 0.0875 (+/-0.1385)
2019-07-22 13:30:21,607 INFO - logger - Iter 20200 - time: 17    - [train] loss: 0.059  (+/-0.0383) - [valid] loss: 0.0406 (+/-0.0208) - [test] loss: 0.0403 (+/-0.0462)
2019-07-22 13:30:40,789 INFO - logger - Iter 20300 - time: 19    - [train] loss: 0.1044 (+/-0.1017) - [valid] loss: 0.0297 (+/-0.0157) - [test] loss: 0.0182 (+/-0.0077)
2019-07-22 13:31:00,723 INFO - logger - Iter 20400 - time: 19    - [train] loss: 0.0832 (+/-0.1065) - [valid] loss: 0.1743 (+/-0.2158) - [test] loss: 0.0312 (+/-0.0202)
2019-07-22 13:31:19,381 INFO - logger - Iter 20500 - time: 18    - [train] loss: 0.1249 (+/-0.1337) - [valid] loss: 0.0221 (+/-0.0128) - [test] loss: 0.0674 (+/-0.0605)
2019-07-22 13:31:38,786 INFO - logger - Iter 20600 - time: 19    - [train] loss: 0.0492 (+/-0.038 ) - [valid] loss: 0.0687 (+/-0.0767) - [test] loss: 0.0495 (+/-0.0395)
2019-07-22 13:31:57,225 INFO - logger - Iter 20700 - time: 18    - [train] loss: 0.0621 (+/-0.0623) - [valid] loss: 0.0289 (+/-0.0155) - [test] loss: 0.0363 (+/-0.0252)
2019-07-22 13:32:16,812 INFO - logger - Iter 20800 - time: 19    - [train] loss: 0.0489 (+/-0.0558) - [valid] loss: 0.0431 (+/-0.0279) - [test] loss: 0.0257 (+/-0.0183)
2019-07-22 13:32:36,123 INFO - logger - Iter 20900 - time: 19    - [train] loss: 0.0296 (+/-0.0117) - [valid] loss: 0.0339 (+/-0.0241) - [test] loss: 0.0495 (+/-0.0426)
2019-07-22 13:32:55,790 INFO - logger - Iter 21000 - time: 19    - [train] loss: 0.0522 (+/-0.0527) - [valid] loss: 0.049  (+/-0.0386) - [test] loss: 0.0833 (+/-0.0895)
2019-07-22 13:33:15,356 INFO - logger - Iter 21100 - time: 19    - [train] loss: 0.0491 (+/-0.0374) - [valid] loss: 0.1052 (+/-0.099 ) - [test] loss: 0.0373 (+/-0.0299)
2019-07-22 13:33:34,211 INFO - logger - Iter 21200 - time: 18    - [train] loss: 0.0852 (+/-0.0964) - [valid] loss: 0.1236 (+/-0.1074) - [test] loss: 0.043  (+/-0.0308)
2019-07-22 13:33:52,580 INFO - logger - Iter 21300 - time: 18    - [train] loss: 0.1197 (+/-0.1495) - [valid] loss: 0.0242 (+/-0.0134) - [test] loss: 0.0536 (+/-0.0442)
2019-07-22 13:34:11,565 INFO - logger - Iter 21400 - time: 18    - [train] loss: 0.0595 (+/-0.0887) - [valid] loss: 0.0321 (+/-0.0234) - [test] loss: 0.0245 (+/-0.0234)
2019-07-22 13:34:31,031 INFO - logger - Iter 21500 - time: 19    - [train] loss: 0.042  (+/-0.0291) - [valid] loss: 0.0506 (+/-0.0455) - [test] loss: 0.0407 (+/-0.0262)
2019-07-22 13:34:49,298 INFO - logger - Iter 21600 - time: 18    - [train] loss: 0.0154 (+/-0.0166) - [valid] loss: 0.083  (+/-0.1045) - [test] loss: 0.0206 (+/-0.0122)
2019-07-22 13:35:09,518 INFO - logger - Iter 21700 - time: 20    - [train] loss: 0.0364 (+/-0.0215) - [valid] loss: 0.0193 (+/-0.0129) - [test] loss: 0.0227 (+/-0.0145)
2019-07-22 13:35:29,340 INFO - logger - Iter 21800 - time: 19    - [train] loss: 0.0364 (+/-0.0327) - [valid] loss: 0.0461 (+/-0.0423) - [test] loss: 0.1133 (+/-0.13  )
2019-07-22 13:35:48,391 INFO - logger - Iter 21900 - time: 19    - [train] loss: 0.0533 (+/-0.0418) - [valid] loss: 0.0322 (+/-0.0186) - [test] loss: 0.0297 (+/-0.0203)
2019-07-22 13:36:06,723 INFO - logger - Iter 22000 - time: 18    - [train] loss: 0.0237 (+/-0.0162) - [valid] loss: 0.059  (+/-0.058 ) - [test] loss: 0.0432 (+/-0.0484)
2019-07-22 13:36:25,788 INFO - logger - Iter 22100 - time: 19    - [train] loss: 0.0376 (+/-0.0365) - [valid] loss: 0.0371 (+/-0.0347) - [test] loss: 0.065  (+/-0.0481)
2019-07-22 13:36:44,778 INFO - logger - Iter 22200 - time: 18    - [train] loss: 0.1332 (+/-0.1276) - [valid] loss: 0.0554 (+/-0.0254) - [test] loss: 0.0999 (+/-0.0921)
2019-07-22 13:37:03,782 INFO - logger - Iter 22300 - time: 19    - [train] loss: 0.0902 (+/-0.0841) - [valid] loss: 0.0363 (+/-0.0261) - [test] loss: 0.0814 (+/-0.0595)
2019-07-22 13:37:23,393 INFO - logger - Iter 22400 - time: 19    - [train] loss: 0.0295 (+/-0.0171) - [valid] loss: 0.0483 (+/-0.0344) - [test] loss: 0.0705 (+/-0.0797)
2019-07-22 13:37:42,434 INFO - logger - Iter 22500 - time: 19    - [train] loss: 0.0645 (+/-0.1002) - [valid] loss: 0.0567 (+/-0.0707) - [test] loss: 0.1205 (+/-0.1051)
2019-07-22 13:38:00,477 INFO - logger - Iter 22600 - time: 18    - [train] loss: 0.0257 (+/-0.0188) - [valid] loss: 0.1244 (+/-0.1298) - [test] loss: 0.0321 (+/-0.0219)
2019-07-22 13:38:19,768 INFO - logger - Iter 22700 - time: 19    - [train] loss: 0.0328 (+/-0.0187) - [valid] loss: 0.0298 (+/-0.0167) - [test] loss: 0.1462 (+/-0.1173)
2019-07-22 13:38:39,170 INFO - logger - Iter 22800 - time: 19    - [train] loss: 0.0862 (+/-0.0892) - [valid] loss: 0.0532 (+/-0.0418) - [test] loss: 0.0303 (+/-0.0189)
2019-07-22 13:38:58,802 INFO - logger - Iter 22900 - time: 19    - [train] loss: 0.0748 (+/-0.1096) - [valid] loss: 0.0447 (+/-0.0399) - [test] loss: 0.0603 (+/-0.0384)
2019-07-22 13:39:17,161 INFO - logger - Iter 23000 - time: 18    - [train] loss: 0.1519 (+/-0.2652) - [valid] loss: 0.1344 (+/-0.2317) - [test] loss: 0.0224 (+/-0.0116)
2019-07-22 13:39:36,271 INFO - logger - Iter 23100 - time: 19    - [train] loss: 0.0592 (+/-0.0581) - [valid] loss: 0.0257 (+/-0.0243) - [test] loss: 0.0517 (+/-0.0454)
2019-07-22 13:39:56,380 INFO - logger - Iter 23200 - time: 20    - [train] loss: 0.0359 (+/-0.0207) - [valid] loss: 0.0448 (+/-0.0319) - [test] loss: 0.0459 (+/-0.0371)
2019-07-22 13:40:16,063 INFO - logger - Iter 23300 - time: 19    - [train] loss: 0.035  (+/-0.0361) - [valid] loss: 0.0333 (+/-0.0126) - [test] loss: 0.0169 (+/-0.0096)
2019-07-22 13:40:34,500 INFO - logger - Iter 23400 - time: 18    - [train] loss: 0.016  (+/-0.0082) - [valid] loss: 0.1375 (+/-0.1119) - [test] loss: 0.0272 (+/-0.0161)
2019-07-22 13:40:53,422 INFO - logger - Iter 23500 - time: 18    - [train] loss: 0.033  (+/-0.0326) - [valid] loss: 0.0815 (+/-0.0569) - [test] loss: 0.0254 (+/-0.0146)
2019-07-22 13:41:12,826 INFO - logger - Iter 23600 - time: 19    - [train] loss: 0.0517 (+/-0.0518) - [valid] loss: 0.1369 (+/-0.1289) - [test] loss: 0.0359 (+/-0.0169)
2019-07-22 13:41:31,989 INFO - logger - Iter 23700 - time: 19    - [train] loss: 0.0867 (+/-0.0581) - [valid] loss: 0.0863 (+/-0.1456) - [test] loss: 0.027  (+/-0.0216)
2019-07-22 13:41:50,707 INFO - logger - Iter 23800 - time: 18    - [train] loss: 0.061  (+/-0.0617) - [valid] loss: 0.1362 (+/-0.2007) - [test] loss: 0.1405 (+/-0.2043)
2019-07-22 13:42:09,081 INFO - logger - Iter 23900 - time: 18    - [train] loss: 0.083  (+/-0.1027) - [valid] loss: 0.0459 (+/-0.046 ) - [test] loss: 0.0537 (+/-0.035 )
2019-07-22 13:42:28,035 INFO - logger - Iter 24000 - time: 18    - [train] loss: 0.0887 (+/-0.091 ) - [valid] loss: 0.086  (+/-0.052 ) - [test] loss: 0.0435 (+/-0.0227)
2019-07-22 13:42:47,663 INFO - logger - Iter 24100 - time: 19    - [train] loss: 0.082  (+/-0.0565) - [valid] loss: 0.0351 (+/-0.0213) - [test] loss: 0.0502 (+/-0.0391)
2019-07-22 13:43:05,280 INFO - logger - Iter 24200 - time: 17    - [train] loss: 0.0881 (+/-0.0922) - [valid] loss: 0.0429 (+/-0.0313) - [test] loss: 0.0718 (+/-0.0836)
2019-07-22 13:43:23,749 INFO - logger - Iter 24300 - time: 18    - [train] loss: 0.0728 (+/-0.0871) - [valid] loss: 0.0508 (+/-0.0385) - [test] loss: 0.265  (+/-0.5477)
2019-07-22 13:43:42,355 INFO - logger - Iter 24400 - time: 18    - [train] loss: 0.0193 (+/-0.0134) - [valid] loss: 0.0583 (+/-0.0809) - [test] loss: 0.0575 (+/-0.0636)
2019-07-22 13:44:01,772 INFO - logger - Iter 24500 - time: 19    - [train] loss: 0.0301 (+/-0.0288) - [valid] loss: 0.0662 (+/-0.0416) - [test] loss: 0.0249 (+/-0.015 )
2019-07-22 13:44:20,633 INFO - logger - Iter 24600 - time: 18    - [train] loss: 0.0608 (+/-0.0699) - [valid] loss: 0.0125 (+/-0.0067) - [test] loss: 0.0886 (+/-0.0771)
2019-07-22 13:44:39,816 INFO - logger - Iter 24700 - time: 19    - [train] loss: 0.0434 (+/-0.0758) - [valid] loss: 0.0316 (+/-0.0281) - [test] loss: 0.1113 (+/-0.1627)
2019-07-22 13:44:58,414 INFO - logger - Iter 24800 - time: 18    - [train] loss: 0.0359 (+/-0.0301) - [valid] loss: 0.0388 (+/-0.0296) - [test] loss: 0.0235 (+/-0.0097)
2019-07-22 13:45:17,120 INFO - logger - Iter 24900 - time: 18    - [train] loss: 0.0623 (+/-0.0541) - [valid] loss: 0.0195 (+/-0.0175) - [test] loss: 0.2124 (+/-0.325 )
2019-07-22 13:45:36,393 INFO - logger - Iter 25000 - time: 19    - [train] loss: 0.0829 (+/-0.1438) - [valid] loss: 0.0428 (+/-0.0374) - [test] loss: 0.0374 (+/-0.0542)
2019-07-22 13:45:55,330 INFO - logger - Iter 25100 - time: 18    - [train] loss: 0.0236 (+/-0.0158) - [valid] loss: 0.023  (+/-0.0139) - [test] loss: 0.0521 (+/-0.0576)
2019-07-22 13:46:13,998 INFO - logger - Iter 25200 - time: 18    - [train] loss: 0.0467 (+/-0.0332) - [valid] loss: 0.0278 (+/-0.0333) - [test] loss: 0.0589 (+/-0.0498)
2019-07-22 13:46:33,259 INFO - logger - Iter 25300 - time: 19    - [train] loss: 0.0799 (+/-0.0897) - [valid] loss: 0.1012 (+/-0.1738) - [test] loss: 0.131  (+/-0.0841)
2019-07-22 13:46:52,249 INFO - logger - Iter 25400 - time: 18    - [train] loss: 0.0469 (+/-0.0204) - [valid] loss: 0.0436 (+/-0.0307) - [test] loss: 0.0702 (+/-0.0918)
2019-07-22 13:47:11,654 INFO - logger - Iter 25500 - time: 19    - [train] loss: 0.0469 (+/-0.0488) - [valid] loss: 0.0556 (+/-0.0349) - [test] loss: 0.0227 (+/-0.0184)
2019-07-22 13:47:30,032 INFO - logger - Iter 25600 - time: 18    - [train] loss: 0.06   (+/-0.0558) - [valid] loss: 0.0297 (+/-0.0198) - [test] loss: 0.0217 (+/-0.011 )
2019-07-22 13:47:48,429 INFO - logger - Iter 25700 - time: 18    - [train] loss: 0.0218 (+/-0.0235) - [valid] loss: 0.0345 (+/-0.0185) - [test] loss: 0.0206 (+/-0.0101)
2019-07-22 13:48:07,441 INFO - logger - Iter 25800 - time: 19    - [train] loss: 0.0381 (+/-0.0331) - [valid] loss: 0.0865 (+/-0.1036) - [test] loss: 0.0471 (+/-0.0232)
2019-07-22 13:48:27,058 INFO - logger - Iter 25900 - time: 19    - [train] loss: 0.0447 (+/-0.0274) - [valid] loss: 0.0233 (+/-0.0137) - [test] loss: 0.0668 (+/-0.0633)
2019-07-22 13:48:46,075 INFO - logger - Iter 26000 - time: 19    - [train] loss: 0.0543 (+/-0.0281) - [valid] loss: 0.0928 (+/-0.0912) - [test] loss: 0.0364 (+/-0.0206)
2019-07-22 13:49:05,283 INFO - logger - Iter 26100 - time: 19    - [train] loss: 0.0953 (+/-0.0789) - [valid] loss: 0.0974 (+/-0.0697) - [test] loss: 0.0497 (+/-0.0293)
2019-07-22 13:49:24,455 INFO - logger - Iter 26200 - time: 19    - [train] loss: 0.0444 (+/-0.0412) - [valid] loss: 0.0347 (+/-0.035 ) - [test] loss: 0.0201 (+/-0.0203)
2019-07-22 13:49:43,456 INFO - logger - Iter 26300 - time: 19    - [train] loss: 0.0303 (+/-0.0369) - [valid] loss: 0.0361 (+/-0.0185) - [test] loss: 0.0236 (+/-0.0112)
2019-07-22 13:50:02,570 INFO - logger - Iter 26400 - time: 19    - [train] loss: 0.017  (+/-0.0114) - [valid] loss: 0.164  (+/-0.2611) - [test] loss: 0.0488 (+/-0.0518)
2019-07-22 13:50:21,124 INFO - logger - Iter 26500 - time: 18    - [train] loss: 0.077  (+/-0.07  ) - [valid] loss: 0.0579 (+/-0.0771) - [test] loss: 0.1143 (+/-0.117 )
2019-07-22 13:50:39,626 INFO - logger - Iter 26600 - time: 18    - [train] loss: 0.0937 (+/-0.1068) - [valid] loss: 0.0183 (+/-0.0135) - [test] loss: 0.0313 (+/-0.0197)
2019-07-22 13:50:58,273 INFO - logger - Iter 26700 - time: 18    - [train] loss: 0.0269 (+/-0.0176) - [valid] loss: 0.0308 (+/-0.0193) - [test] loss: 0.0485 (+/-0.0545)
2019-07-22 13:51:17,383 INFO - logger - Iter 26800 - time: 19    - [train] loss: 0.0257 (+/-0.0226) - [valid] loss: 0.0445 (+/-0.0506) - [test] loss: 0.0386 (+/-0.0464)
2019-07-22 13:51:36,505 INFO - logger - Iter 26900 - time: 19    - [train] loss: 0.0452 (+/-0.0307) - [valid] loss: 0.0346 (+/-0.0168) - [test] loss: 0.0754 (+/-0.0706)
2019-07-22 13:51:55,756 INFO - logger - Iter 27000 - time: 19    - [train] loss: 0.0307 (+/-0.0337) - [valid] loss: 0.0167 (+/-0.0108) - [test] loss: 0.0781 (+/-0.0528)
2019-07-22 13:52:15,547 INFO - logger - Iter 27100 - time: 19    - [train] loss: 0.0421 (+/-0.0512) - [valid] loss: 0.0331 (+/-0.0334) - [test] loss: 0.1481 (+/-0.1851)
2019-07-22 13:52:33,971 INFO - logger - Iter 27200 - time: 18    - [train] loss: 0.0238 (+/-0.0244) - [valid] loss: 0.0206 (+/-0.0164) - [test] loss: 0.1067 (+/-0.1719)
2019-07-22 13:52:52,767 INFO - logger - Iter 27300 - time: 18    - [train] loss: 0.0227 (+/-0.0107) - [valid] loss: 0.0664 (+/-0.1087) - [test] loss: 0.0403 (+/-0.0317)
2019-07-22 13:53:12,273 INFO - logger - Iter 27400 - time: 19    - [train] loss: 0.0276 (+/-0.0236) - [valid] loss: 0.0304 (+/-0.0351) - [test] loss: 0.1004 (+/-0.1318)
2019-07-22 13:53:31,141 INFO - logger - Iter 27500 - time: 18    - [train] loss: 0.0782 (+/-0.0876) - [valid] loss: 0.0835 (+/-0.095 ) - [test] loss: 0.047  (+/-0.0366)
2019-07-22 13:53:50,237 INFO - logger - Iter 27600 - time: 19    - [train] loss: 0.068  (+/-0.0658) - [valid] loss: 0.0902 (+/-0.1291) - [test] loss: 0.0369 (+/-0.0449)
2019-07-22 13:54:09,642 INFO - logger - Iter 27700 - time: 19    - [train] loss: 0.0119 (+/-0.006 ) - [valid] loss: 0.0547 (+/-0.0442) - [test] loss: 0.0217 (+/-0.0126)
2019-07-22 13:54:28,929 INFO - logger - Iter 27800 - time: 19    - [train] loss: 0.0294 (+/-0.0342) - [valid] loss: 0.141  (+/-0.1951) - [test] loss: 0.0262 (+/-0.0109)
2019-07-22 13:54:49,153 INFO - logger - Iter 27900 - time: 20    - [train] loss: 0.0518 (+/-0.0779) - [valid] loss: 0.1591 (+/-0.1566) - [test] loss: 0.0673 (+/-0.0524)
2019-07-22 13:55:08,416 INFO - logger - Iter 28000 - time: 19    - [train] loss: 0.0306 (+/-0.0219) - [valid] loss: 0.0711 (+/-0.0753) - [test] loss: 0.0544 (+/-0.043 )
2019-07-22 13:55:27,197 INFO - logger - Iter 28100 - time: 18    - [train] loss: 0.0478 (+/-0.0282) - [valid] loss: 0.0569 (+/-0.0576) - [test] loss: 0.1547 (+/-0.1903)
2019-07-22 13:55:44,870 INFO - logger - Iter 28200 - time: 17    - [train] loss: 0.0384 (+/-0.0274) - [valid] loss: 0.1066 (+/-0.1591) - [test] loss: 0.0346 (+/-0.0334)
2019-07-22 13:56:04,309 INFO - logger - Iter 28300 - time: 19    - [train] loss: 0.0306 (+/-0.0175) - [valid] loss: 0.2835 (+/-0.4408) - [test] loss: 0.0215 (+/-0.0098)
2019-07-22 13:56:23,083 INFO - logger - Iter 28400 - time: 18    - [train] loss: 0.0542 (+/-0.0498) - [valid] loss: 0.0918 (+/-0.1053) - [test] loss: 0.0219 (+/-0.0156)
2019-07-22 13:56:42,716 INFO - logger - Iter 28500 - time: 19    - [train] loss: 0.0746 (+/-0.0398) - [valid] loss: 0.0525 (+/-0.0302) - [test] loss: 0.0327 (+/-0.0299)
2019-07-22 13:57:00,609 INFO - logger - Iter 28600 - time: 17    - [train] loss: 0.0374 (+/-0.0296) - [valid] loss: 0.0953 (+/-0.0831) - [test] loss: 0.0361 (+/-0.0381)
2019-07-22 13:57:20,162 INFO - logger - Iter 28700 - time: 19    - [train] loss: 0.028  (+/-0.0205) - [valid] loss: 0.1267 (+/-0.1219) - [test] loss: 0.0649 (+/-0.0684)
2019-07-22 13:57:39,048 INFO - logger - Iter 28800 - time: 18    - [train] loss: 0.1146 (+/-0.1867) - [valid] loss: 0.1364 (+/-0.2628) - [test] loss: 0.0717 (+/-0.0621)
2019-07-22 13:57:58,324 INFO - logger - Iter 28900 - time: 19    - [train] loss: 0.0319 (+/-0.0256) - [valid] loss: 0.0707 (+/-0.1236) - [test] loss: 0.0732 (+/-0.0654)
2019-07-22 13:58:17,771 INFO - logger - Iter 29000 - time: 19    - [train] loss: 0.1456 (+/-0.1962) - [valid] loss: 0.0608 (+/-0.0476) - [test] loss: 0.0398 (+/-0.0386)
2019-07-22 13:58:37,514 INFO - logger - Iter 29100 - time: 19    - [train] loss: 0.1155 (+/-0.1064) - [valid] loss: 0.0181 (+/-0.0062) - [test] loss: 0.0263 (+/-0.0188)
2019-07-22 13:58:56,098 INFO - logger - Iter 29200 - time: 18    - [train] loss: 0.022  (+/-0.012 ) - [valid] loss: 0.471  (+/-0.9449) - [test] loss: 0.1652 (+/-0.2887)
2019-07-22 13:59:15,369 INFO - logger - Iter 29300 - time: 19    - [train] loss: 0.0486 (+/-0.0258) - [valid] loss: 0.0225 (+/-0.0097) - [test] loss: 0.1561 (+/-0.2584)
2019-07-22 13:59:34,467 INFO - logger - Iter 29400 - time: 19    - [train] loss: 0.0332 (+/-0.0317) - [valid] loss: 0.0491 (+/-0.0293) - [test] loss: 0.0216 (+/-0.0138)
2019-07-22 13:59:53,334 INFO - logger - Iter 29500 - time: 18    - [train] loss: 0.0605 (+/-0.0457) - [valid] loss: 0.0311 (+/-0.0272) - [test] loss: 0.0608 (+/-0.0723)
2019-07-22 14:00:12,575 INFO - logger - Iter 29600 - time: 19    - [train] loss: 0.0361 (+/-0.0181) - [valid] loss: 0.0341 (+/-0.0336) - [test] loss: 0.0136 (+/-0.0082)
2019-07-22 14:00:31,350 INFO - logger - Iter 29700 - time: 18    - [train] loss: 0.03   (+/-0.0149) - [valid] loss: 0.067  (+/-0.0856) - [test] loss: 0.1035 (+/-0.1245)
2019-07-22 14:00:50,503 INFO - logger - Iter 29800 - time: 19    - [train] loss: 0.1608 (+/-0.274 ) - [valid] loss: 0.0937 (+/-0.0744) - [test] loss: 0.0283 (+/-0.0213)
2019-07-22 14:01:09,602 INFO - logger - Iter 29900 - time: 19    - [train] loss: 0.0407 (+/-0.0226) - [valid] loss: 0.0493 (+/-0.0545) - [test] loss: 0.0468 (+/-0.0479)
2019-07-22 14:01:28,283 INFO - logger - Iter 30000 - time: 18    - [train] loss: 0.0548 (+/-0.0326) - [valid] loss: 0.0249 (+/-0.0114) - [test] loss: 0.0222 (+/-0.0122)
2019-07-22 14:01:47,240 INFO - logger - Iter 30100 - time: 18    - [train] loss: 0.0495 (+/-0.0363) - [valid] loss: 0.0475 (+/-0.0429) - [test] loss: 0.0564 (+/-0.0398)
2019-07-22 14:02:06,887 INFO - logger - Iter 30200 - time: 19    - [train] loss: 0.0413 (+/-0.042 ) - [valid] loss: 0.0556 (+/-0.0537) - [test] loss: 0.017  (+/-0.0091)
2019-07-22 14:02:26,100 INFO - logger - Iter 30300 - time: 19    - [train] loss: 0.0246 (+/-0.0181) - [valid] loss: 0.0741 (+/-0.0645) - [test] loss: 0.0754 (+/-0.0678)
2019-07-22 14:02:44,845 INFO - logger - Iter 30400 - time: 18    - [train] loss: 0.0274 (+/-0.0165) - [valid] loss: 0.0604 (+/-0.047 ) - [test] loss: 0.1104 (+/-0.1076)
2019-07-22 14:03:04,198 INFO - logger - Iter 30500 - time: 19    - [train] loss: 0.0549 (+/-0.0405) - [valid] loss: 0.0348 (+/-0.0271) - [test] loss: 0.0258 (+/-0.0221)
2019-07-22 14:03:22,981 INFO - logger - Iter 30600 - time: 18    - [train] loss: 0.0169 (+/-0.0162) - [valid] loss: 0.0521 (+/-0.0868) - [test] loss: 0.0679 (+/-0.0755)
2019-07-22 14:03:42,203 INFO - logger - Iter 30700 - time: 19    - [train] loss: 0.0364 (+/-0.0285) - [valid] loss: 0.0535 (+/-0.0447) - [test] loss: 0.0327 (+/-0.0184)
2019-07-22 14:04:01,921 INFO - logger - Iter 30800 - time: 19    - [train] loss: 0.0535 (+/-0.0687) - [valid] loss: 0.0173 (+/-0.0056) - [test] loss: 0.0171 (+/-0.007 )
2019-07-22 14:04:21,172 INFO - logger - Iter 30900 - time: 19    - [train] loss: 0.0379 (+/-0.026 ) - [valid] loss: 0.0684 (+/-0.051 ) - [test] loss: 0.1274 (+/-0.2137)
2019-07-22 14:04:40,680 INFO - logger - Iter 31000 - time: 19    - [train] loss: 0.0477 (+/-0.0405) - [valid] loss: 0.0351 (+/-0.0242) - [test] loss: 0.095  (+/-0.123 )
2019-07-22 14:04:59,397 INFO - logger - Iter 31100 - time: 18    - [train] loss: 0.0516 (+/-0.0479) - [valid] loss: 0.0605 (+/-0.0648) - [test] loss: 0.0465 (+/-0.0398)
2019-07-22 14:05:18,991 INFO - logger - Iter 31200 - time: 19    - [train] loss: 0.1036 (+/-0.1115) - [valid] loss: 0.1028 (+/-0.1096) - [test] loss: 0.0536 (+/-0.0328)
2019-07-22 14:05:37,510 INFO - logger - Iter 31300 - time: 18    - [train] loss: 0.0931 (+/-0.0861) - [valid] loss: 0.0368 (+/-0.0149) - [test] loss: 0.0285 (+/-0.0194)
2019-07-22 14:05:55,632 INFO - logger - Iter 31400 - time: 18    - [train] loss: 0.1237 (+/-0.1169) - [valid] loss: 0.0425 (+/-0.0333) - [test] loss: 0.1652 (+/-0.2783)
2019-07-22 14:06:15,286 INFO - logger - Iter 31500 - time: 19    - [train] loss: 0.0959 (+/-0.123 ) - [valid] loss: 0.0918 (+/-0.1733) - [test] loss: 0.0355 (+/-0.04  )
2019-07-22 14:06:34,616 INFO - logger - Iter 31600 - time: 19    - [train] loss: 0.1314 (+/-0.1249) - [valid] loss: 0.0343 (+/-0.0269) - [test] loss: 0.047  (+/-0.0387)
2019-07-22 14:06:53,224 INFO - logger - Iter 31700 - time: 18    - [train] loss: 0.0417 (+/-0.0262) - [valid] loss: 0.1036 (+/-0.1615) - [test] loss: 0.0396 (+/-0.0504)
2019-07-22 14:07:12,383 INFO - logger - Iter 31800 - time: 19    - [train] loss: 0.0744 (+/-0.083 ) - [valid] loss: 0.0464 (+/-0.034 ) - [test] loss: 0.0168 (+/-0.0078)
2019-07-22 14:07:32,042 INFO - logger - Iter 31900 - time: 19    - [train] loss: 0.0413 (+/-0.0419) - [valid] loss: 0.0359 (+/-0.0306) - [test] loss: 0.0383 (+/-0.0358)
2019-07-22 14:07:51,090 INFO - logger - Iter 32000 - time: 19    - [train] loss: 0.0354 (+/-0.0282) - [valid] loss: 0.0511 (+/-0.0608) - [test] loss: 0.1165 (+/-0.1969)
2019-07-22 14:08:10,514 INFO - logger - Iter 32100 - time: 19    - [train] loss: 0.0652 (+/-0.0606) - [valid] loss: 0.0976 (+/-0.168 ) - [test] loss: 0.0284 (+/-0.0112)
2019-07-22 14:08:28,961 INFO - logger - Iter 32200 - time: 18    - [train] loss: 0.1002 (+/-0.1116) - [valid] loss: 0.0206 (+/-0.013 ) - [test] loss: 0.0755 (+/-0.0535)
2019-07-22 14:08:47,541 INFO - logger - Iter 32300 - time: 18    - [train] loss: 0.16   (+/-0.2076) - [valid] loss: 0.0184 (+/-0.0096) - [test] loss: 0.1201 (+/-0.1251)
2019-07-22 14:09:06,842 INFO - logger - Iter 32400 - time: 19    - [train] loss: 0.1165 (+/-0.1105) - [valid] loss: 0.0649 (+/-0.0367) - [test] loss: 0.0334 (+/-0.0175)
2019-07-22 14:09:26,070 INFO - logger - Iter 32500 - time: 19    - [train] loss: 0.0469 (+/-0.037 ) - [valid] loss: 0.0348 (+/-0.0201) - [test] loss: 0.0561 (+/-0.0531)
2019-07-22 14:09:45,052 INFO - logger - Iter 32600 - time: 18    - [train] loss: 0.0291 (+/-0.0113) - [valid] loss: 0.0852 (+/-0.0633) - [test] loss: 0.0716 (+/-0.0622)
2019-07-22 14:10:03,368 INFO - logger - Iter 32700 - time: 18    - [train] loss: 0.0324 (+/-0.0123) - [valid] loss: 0.0374 (+/-0.0452) - [test] loss: 0.0353 (+/-0.0282)
2019-07-22 14:10:21,813 INFO - logger - Iter 32800 - time: 18    - [train] loss: 0.0405 (+/-0.0276) - [valid] loss: 0.1311 (+/-0.23  ) - [test] loss: 0.0365 (+/-0.036 )
2019-07-22 14:10:41,095 INFO - logger - Iter 32900 - time: 19    - [train] loss: 0.0258 (+/-0.0189) - [valid] loss: 0.0298 (+/-0.0293) - [test] loss: 0.0953 (+/-0.1146)
2019-07-22 14:10:59,835 INFO - logger - Iter 33000 - time: 18    - [train] loss: 0.0319 (+/-0.0339) - [valid] loss: 0.0276 (+/-0.0176) - [test] loss: 0.0355 (+/-0.0284)
2019-07-22 14:11:19,217 INFO - logger - Iter 33100 - time: 19    - [train] loss: 0.024  (+/-0.0147) - [valid] loss: 0.0288 (+/-0.0224) - [test] loss: 0.0456 (+/-0.0177)
2019-07-22 14:11:38,462 INFO - logger - Iter 33200 - time: 19    - [train] loss: 0.0707 (+/-0.0493) - [valid] loss: 0.0374 (+/-0.0368) - [test] loss: 0.0615 (+/-0.0742)
2019-07-22 14:11:57,895 INFO - logger - Iter 33300 - time: 19    - [train] loss: 0.0393 (+/-0.0352) - [valid] loss: 0.0245 (+/-0.0166) - [test] loss: 0.0182 (+/-0.0078)
2019-07-22 14:12:16,787 INFO - logger - Iter 33400 - time: 18    - [train] loss: 0.0698 (+/-0.059 ) - [valid] loss: 0.0634 (+/-0.0338) - [test] loss: 0.035  (+/-0.0258)
2019-07-22 14:12:36,053 INFO - logger - Iter 33500 - time: 19    - [train] loss: 0.0567 (+/-0.0444) - [valid] loss: 0.0483 (+/-0.0322) - [test] loss: 0.0527 (+/-0.0477)
2019-07-22 14:12:55,251 INFO - logger - Iter 33600 - time: 19    - [train] loss: 0.0842 (+/-0.1183) - [valid] loss: 0.0498 (+/-0.0375) - [test] loss: 0.0438 (+/-0.0502)
2019-07-22 14:13:14,453 INFO - logger - Iter 33700 - time: 19    - [train] loss: 0.0423 (+/-0.0251) - [valid] loss: 0.0284 (+/-0.0147) - [test] loss: 0.0487 (+/-0.0611)
2019-07-22 14:13:33,425 INFO - logger - Iter 33800 - time: 18    - [train] loss: 0.0628 (+/-0.0588) - [valid] loss: 0.0436 (+/-0.0409) - [test] loss: 0.1536 (+/-0.1666)
2019-07-22 14:13:51,898 INFO - logger - Iter 33900 - time: 18    - [train] loss: 0.0567 (+/-0.0878) - [valid] loss: 0.0437 (+/-0.0435) - [test] loss: 0.1175 (+/-0.1388)
2019-07-22 14:14:11,226 INFO - logger - Iter 34000 - time: 19    - [train] loss: 0.0506 (+/-0.0354) - [valid] loss: 0.199  (+/-0.2324) - [test] loss: 0.0509 (+/-0.0582)
2019-07-22 14:14:29,911 INFO - logger - Iter 34100 - time: 18    - [train] loss: 0.0552 (+/-0.0986) - [valid] loss: 0.1189 (+/-0.1421) - [test] loss: 0.0642 (+/-0.0855)
2019-07-22 14:14:48,527 INFO - logger - Iter 34200 - time: 18    - [train] loss: 0.0435 (+/-0.0257) - [valid] loss: 0.0356 (+/-0.031 ) - [test] loss: 0.0512 (+/-0.0685)
2019-07-22 14:15:08,433 INFO - logger - Iter 34300 - time: 19    - [train] loss: 0.0605 (+/-0.0684) - [valid] loss: 0.0472 (+/-0.0393) - [test] loss: 0.0651 (+/-0.0457)
2019-07-22 14:15:27,962 INFO - logger - Iter 34400 - time: 19    - [train] loss: 0.0388 (+/-0.0192) - [valid] loss: 0.0847 (+/-0.0691) - [test] loss: 0.0393 (+/-0.0354)
2019-07-22 14:15:46,939 INFO - logger - Iter 34500 - time: 18    - [train] loss: 0.0142 (+/-0.0067) - [valid] loss: 0.0624 (+/-0.0473) - [test] loss: 0.0552 (+/-0.0707)
2019-07-22 14:16:05,890 INFO - logger - Iter 34600 - time: 18    - [train] loss: 0.0511 (+/-0.0307) - [valid] loss: 0.0384 (+/-0.032 ) - [test] loss: 0.1314 (+/-0.1456)
2019-07-22 14:16:24,627 INFO - logger - Iter 34700 - time: 18    - [train] loss: 0.0479 (+/-0.0445) - [valid] loss: 0.0418 (+/-0.0325) - [test] loss: 0.0454 (+/-0.0363)
2019-07-22 14:16:43,797 INFO - logger - Iter 34800 - time: 19    - [train] loss: 0.0719 (+/-0.076 ) - [valid] loss: 0.0264 (+/-0.0186) - [test] loss: 0.0693 (+/-0.0691)
2019-07-22 14:17:02,954 INFO - logger - Iter 34900 - time: 19    - [train] loss: 0.0319 (+/-0.0231) - [valid] loss: 0.0571 (+/-0.036 ) - [test] loss: 0.0395 (+/-0.0236)
2019-07-22 14:17:21,732 INFO - logger - Iter 35000 - time: 18    - [train] loss: 0.0487 (+/-0.0589) - [valid] loss: 0.1144 (+/-0.1157) - [test] loss: 0.0344 (+/-0.027 )
2019-07-22 14:17:40,936 INFO - logger - Iter 35100 - time: 19    - [train] loss: 0.0362 (+/-0.0268) - [valid] loss: 0.0272 (+/-0.0317) - [test] loss: 0.0549 (+/-0.0436)
2019-07-22 14:18:00,465 INFO - logger - Iter 35200 - time: 19    - [train] loss: 0.1161 (+/-0.1157) - [valid] loss: 0.0279 (+/-0.0169) - [test] loss: 0.072  (+/-0.0435)
2019-07-22 14:18:19,630 INFO - logger - Iter 35300 - time: 19    - [train] loss: 0.0565 (+/-0.0634) - [valid] loss: 0.0498 (+/-0.074 ) - [test] loss: 0.0278 (+/-0.0249)
2019-07-22 14:18:39,034 INFO - logger - Iter 35400 - time: 19    - [train] loss: 0.0986 (+/-0.0608) - [valid] loss: 0.0696 (+/-0.0715) - [test] loss: 0.0497 (+/-0.0538)
2019-07-22 14:18:57,761 INFO - logger - Iter 35500 - time: 18    - [train] loss: 0.0259 (+/-0.0142) - [valid] loss: 0.0957 (+/-0.0887) - [test] loss: 0.0611 (+/-0.0588)
2019-07-22 14:19:17,355 INFO - logger - Iter 35600 - time: 19    - [train] loss: 0.0695 (+/-0.0383) - [valid] loss: 0.0246 (+/-0.0206) - [test] loss: 0.0209 (+/-0.0146)
2019-07-22 14:19:36,483 INFO - logger - Iter 35700 - time: 19    - [train] loss: 0.0642 (+/-0.0435) - [valid] loss: 0.0781 (+/-0.0925) - [test] loss: 0.0175 (+/-0.0098)
2019-07-22 14:19:55,176 INFO - logger - Iter 35800 - time: 18    - [train] loss: 0.088  (+/-0.1127) - [valid] loss: 0.0405 (+/-0.028 ) - [test] loss: 0.1485 (+/-0.2643)
2019-07-22 14:20:13,478 INFO - logger - Iter 35900 - time: 18    - [train] loss: 0.0626 (+/-0.0626) - [valid] loss: 0.124  (+/-0.1386) - [test] loss: 0.0367 (+/-0.0158)
2019-07-22 14:20:33,277 INFO - logger - Iter 36000 - time: 19    - [train] loss: 0.0714 (+/-0.0509) - [valid] loss: 0.0717 (+/-0.0795) - [test] loss: 0.0294 (+/-0.0148)
2019-07-22 14:20:52,022 INFO - logger - Iter 36100 - time: 18    - [train] loss: 0.0566 (+/-0.0777) - [valid] loss: 0.0554 (+/-0.0549) - [test] loss: 0.1037 (+/-0.1342)
2019-07-22 14:21:11,361 INFO - logger - Iter 36200 - time: 19    - [train] loss: 0.0483 (+/-0.0335) - [valid] loss: 0.0232 (+/-0.022 ) - [test] loss: 0.0908 (+/-0.0789)
2019-07-22 14:21:29,885 INFO - logger - Iter 36300 - time: 18    - [train] loss: 0.0471 (+/-0.0265) - [valid] loss: 0.0429 (+/-0.0281) - [test] loss: 0.0412 (+/-0.031 )
2019-07-22 14:21:48,577 INFO - logger - Iter 36400 - time: 18    - [train] loss: 0.0566 (+/-0.038 ) - [valid] loss: 0.1233 (+/-0.0937) - [test] loss: 0.0868 (+/-0.0994)
2019-07-22 14:22:07,743 INFO - logger - Iter 36500 - time: 19    - [train] loss: 0.0454 (+/-0.0474) - [valid] loss: 0.0436 (+/-0.0292) - [test] loss: 0.0184 (+/-0.015 )
2019-07-22 14:22:26,765 INFO - logger - Iter 36600 - time: 19    - [train] loss: 0.0522 (+/-0.0395) - [valid] loss: 0.0377 (+/-0.0284) - [test] loss: 0.0544 (+/-0.0903)
2019-07-22 14:22:45,457 INFO - logger - Iter 36700 - time: 18    - [train] loss: 0.0408 (+/-0.0273) - [valid] loss: 0.0266 (+/-0.0223) - [test] loss: 0.0999 (+/-0.1098)
2019-07-22 14:23:04,926 INFO - logger - Iter 36800 - time: 19    - [train] loss: 0.0324 (+/-0.0228) - [valid] loss: 0.0602 (+/-0.0759) - [test] loss: 0.0679 (+/-0.0434)
2019-07-22 14:23:24,070 INFO - logger - Iter 36900 - time: 19    - [train] loss: 0.0702 (+/-0.0614) - [valid] loss: 0.1049 (+/-0.1056) - [test] loss: 0.0384 (+/-0.0319)
2019-07-22 14:23:42,679 INFO - logger - Iter 37000 - time: 18    - [train] loss: 0.0357 (+/-0.0228) - [valid] loss: 0.0801 (+/-0.08  ) - [test] loss: 0.0374 (+/-0.0294)
2019-07-22 14:24:01,561 INFO - logger - Iter 37100 - time: 18    - [train] loss: 0.0296 (+/-0.0246) - [valid] loss: 0.0602 (+/-0.0597) - [test] loss: 0.0472 (+/-0.0357)
2019-07-22 14:24:20,876 INFO - logger - Iter 37200 - time: 19    - [train] loss: 0.0856 (+/-0.1388) - [valid] loss: 0.0821 (+/-0.0604) - [test] loss: 0.1488 (+/-0.1717)
2019-07-22 14:24:40,368 INFO - logger - Iter 37300 - time: 19    - [train] loss: 0.0359 (+/-0.0263) - [valid] loss: 0.0303 (+/-0.0169) - [test] loss: 0.0723 (+/-0.0877)
2019-07-22 14:24:59,819 INFO - logger - Iter 37400 - time: 19    - [train] loss: 0.1779 (+/-0.1786) - [valid] loss: 0.0651 (+/-0.0685) - [test] loss: 0.016  (+/-0.0156)
2019-07-22 14:25:18,982 INFO - logger - Iter 37500 - time: 19    - [train] loss: 0.0197 (+/-0.0101) - [valid] loss: 0.0493 (+/-0.0571) - [test] loss: 0.0339 (+/-0.0159)
2019-07-22 14:25:37,946 INFO - logger - Iter 37600 - time: 18    - [train] loss: 0.046  (+/-0.0335) - [valid] loss: 0.0343 (+/-0.0221) - [test] loss: 0.045  (+/-0.0391)
2019-07-22 14:25:57,372 INFO - logger - Iter 37700 - time: 19    - [train] loss: 0.0557 (+/-0.1017) - [valid] loss: 0.0604 (+/-0.071 ) - [test] loss: 0.0263 (+/-0.0276)
2019-07-22 14:26:17,040 INFO - logger - Iter 37800 - time: 19    - [train] loss: 0.0663 (+/-0.056 ) - [valid] loss: 0.0126 (+/-0.0042) - [test] loss: 0.182  (+/-0.3282)
2019-07-22 14:26:36,256 INFO - logger - Iter 37900 - time: 19    - [train] loss: 0.0637 (+/-0.0631) - [valid] loss: 0.0298 (+/-0.0229) - [test] loss: 0.0391 (+/-0.029 )
2019-07-22 14:26:55,599 INFO - logger - Iter 38000 - time: 19    - [train] loss: 0.0552 (+/-0.0487) - [valid] loss: 0.069  (+/-0.0473) - [test] loss: 0.0317 (+/-0.0162)
2019-07-22 14:27:15,436 INFO - logger - Iter 38100 - time: 19    - [train] loss: 0.0432 (+/-0.0425) - [valid] loss: 0.0144 (+/-0.0067) - [test] loss: 0.1956 (+/-0.3088)
2019-07-22 14:27:35,688 INFO - logger - Iter 38200 - time: 20    - [train] loss: 0.0326 (+/-0.0263) - [valid] loss: 0.0578 (+/-0.0684) - [test] loss: 0.1316 (+/-0.178 )
2019-07-22 14:27:54,860 INFO - logger - Iter 38300 - time: 19    - [train] loss: 0.0242 (+/-0.0129) - [valid] loss: 0.0546 (+/-0.0703) - [test] loss: 0.1698 (+/-0.2138)
2019-07-22 14:28:14,016 INFO - logger - Iter 38400 - time: 19    - [train] loss: 0.0432 (+/-0.0266) - [valid] loss: 0.0128 (+/-0.0046) - [test] loss: 0.1271 (+/-0.2278)
2019-07-22 14:28:33,190 INFO - logger - Iter 38500 - time: 19    - [train] loss: 0.0522 (+/-0.0331) - [valid] loss: 0.072  (+/-0.0457) - [test] loss: 0.101  (+/-0.1328)
2019-07-22 14:28:51,410 INFO - logger - Iter 38600 - time: 18    - [train] loss: 0.0313 (+/-0.0347) - [valid] loss: 0.0372 (+/-0.0286) - [test] loss: 0.0442 (+/-0.042 )
2019-07-22 14:29:10,510 INFO - logger - Iter 38700 - time: 19    - [train] loss: 0.0289 (+/-0.0217) - [valid] loss: 0.0453 (+/-0.041 ) - [test] loss: 0.0105 (+/-0.0034)
2019-07-22 14:29:29,935 INFO - logger - Iter 38800 - time: 19    - [train] loss: 0.0911 (+/-0.1002) - [valid] loss: 0.0618 (+/-0.0436) - [test] loss: 0.0365 (+/-0.0305)
2019-07-22 14:29:49,175 INFO - logger - Iter 38900 - time: 19    - [train] loss: 0.1911 (+/-0.3107) - [valid] loss: 0.0361 (+/-0.0228) - [test] loss: 0.0936 (+/-0.1568)
2019-07-22 14:30:08,499 INFO - logger - Iter 39000 - time: 19    - [train] loss: 0.066  (+/-0.0655) - [valid] loss: 0.0183 (+/-0.0094) - [test] loss: 0.0474 (+/-0.0372)
2019-07-22 14:30:27,553 INFO - logger - Iter 39100 - time: 19    - [train] loss: 0.029  (+/-0.0204) - [valid] loss: 0.0307 (+/-0.0189) - [test] loss: 0.0192 (+/-0.0168)
2019-07-22 14:30:46,419 INFO - logger - Iter 39200 - time: 18    - [train] loss: 0.1643 (+/-0.2644) - [valid] loss: 0.0338 (+/-0.0213) - [test] loss: 0.0612 (+/-0.0532)
2019-07-22 14:31:05,371 INFO - logger - Iter 39300 - time: 18    - [train] loss: 0.0621 (+/-0.0865) - [valid] loss: 0.0852 (+/-0.0818) - [test] loss: 0.0514 (+/-0.0492)
2019-07-22 14:31:25,149 INFO - logger - Iter 39400 - time: 19    - [train] loss: 0.0367 (+/-0.028 ) - [valid] loss: 0.0634 (+/-0.0613) - [test] loss: 0.1083 (+/-0.1047)
2019-07-22 14:31:44,685 INFO - logger - Iter 39500 - time: 19    - [train] loss: 0.0744 (+/-0.0581) - [valid] loss: 0.0268 (+/-0.015 ) - [test] loss: 0.0312 (+/-0.0263)
2019-07-22 14:32:03,796 INFO - logger - Iter 39600 - time: 19    - [train] loss: 0.0467 (+/-0.0386) - [valid] loss: 0.0419 (+/-0.0508) - [test] loss: 0.0756 (+/-0.0977)
2019-07-22 14:32:23,288 INFO - logger - Iter 39700 - time: 19    - [train] loss: 0.0886 (+/-0.11  ) - [valid] loss: 0.0374 (+/-0.0224) - [test] loss: 0.0388 (+/-0.0282)
2019-07-22 14:32:41,817 INFO - logger - Iter 39800 - time: 18    - [train] loss: 0.062  (+/-0.0357) - [valid] loss: 0.0427 (+/-0.0389) - [test] loss: 0.0606 (+/-0.0512)
2019-07-22 14:33:00,825 INFO - logger - Iter 39900 - time: 19    - [train] loss: 0.1109 (+/-0.0998) - [valid] loss: 0.0787 (+/-0.1073) - [test] loss: 0.0462 (+/-0.0438)
2019-07-22 14:33:19,753 INFO - logger - Iter 40000 - time: 18    - [train] loss: 0.1731 (+/-0.1889) - [valid] loss: 0.0773 (+/-0.0724) - [test] loss: 0.064  (+/-0.0352)
2019-07-22 14:33:38,407 INFO - logger - Iter 40100 - time: 18    - [train] loss: 0.0423 (+/-0.0308) - [valid] loss: 0.0495 (+/-0.0416) - [test] loss: 0.0676 (+/-0.0516)
2019-07-22 14:33:57,335 INFO - logger - Iter 40200 - time: 18    - [train] loss: 0.0388 (+/-0.0368) - [valid] loss: 0.0435 (+/-0.0442) - [test] loss: 0.0477 (+/-0.0502)
2019-07-22 14:34:16,777 INFO - logger - Iter 40300 - time: 19    - [train] loss: 0.0217 (+/-0.0228) - [valid] loss: 0.1902 (+/-0.2091) - [test] loss: 0.0339 (+/-0.0221)
2019-07-22 14:34:36,153 INFO - logger - Iter 40400 - time: 19    - [train] loss: 0.0233 (+/-0.0093) - [valid] loss: 0.0317 (+/-0.0246) - [test] loss: 0.0176 (+/-0.0097)
2019-07-22 14:34:55,130 INFO - logger - Iter 40500 - time: 18    - [train] loss: 0.1478 (+/-0.1836) - [valid] loss: 0.0421 (+/-0.0281) - [test] loss: 0.0847 (+/-0.082 )
2019-07-22 14:35:14,669 INFO - logger - Iter 40600 - time: 19    - [train] loss: 0.0147 (+/-0.0047) - [valid] loss: 0.1636 (+/-0.2257) - [test] loss: 0.0447 (+/-0.0439)
2019-07-22 14:35:33,555 INFO - logger - Iter 40700 - time: 18    - [train] loss: 0.0887 (+/-0.1068) - [valid] loss: 0.0352 (+/-0.0347) - [test] loss: 0.0336 (+/-0.0299)
2019-07-22 14:35:53,625 INFO - logger - Iter 40800 - time: 20    - [train] loss: 0.1356 (+/-0.1743) - [valid] loss: 0.0498 (+/-0.0555) - [test] loss: 0.063  (+/-0.0691)
2019-07-22 14:36:12,620 INFO - logger - Iter 40900 - time: 18    - [train] loss: 0.0821 (+/-0.0599) - [valid] loss: 0.0365 (+/-0.0294) - [test] loss: 0.0605 (+/-0.0713)
2019-07-22 14:36:31,827 INFO - logger - Iter 41000 - time: 19    - [train] loss: 0.0565 (+/-0.0473) - [valid] loss: 0.1369 (+/-0.1262) - [test] loss: 0.0143 (+/-0.0068)
2019-07-22 14:36:51,126 INFO - logger - Iter 41100 - time: 19    - [train] loss: 0.0882 (+/-0.0873) - [valid] loss: 0.0305 (+/-0.0164) - [test] loss: 0.0606 (+/-0.0325)
2019-07-22 14:37:10,136 INFO - logger - Iter 41200 - time: 19    - [train] loss: 0.0523 (+/-0.0512) - [valid] loss: 0.0199 (+/-0.0111) - [test] loss: 0.038  (+/-0.0301)
2019-07-22 14:37:29,785 INFO - logger - Iter 41300 - time: 19    - [train] loss: 0.0397 (+/-0.0291) - [valid] loss: 0.0812 (+/-0.0834) - [test] loss: 0.0751 (+/-0.052 )
2019-07-22 14:37:48,608 INFO - logger - Iter 41400 - time: 18    - [train] loss: 0.0622 (+/-0.0549) - [valid] loss: 0.0786 (+/-0.0938) - [test] loss: 0.0485 (+/-0.0561)
2019-07-22 14:38:07,769 INFO - logger - Iter 41500 - time: 19    - [train] loss: 0.0757 (+/-0.0643) - [valid] loss: 0.0359 (+/-0.0335) - [test] loss: 0.062  (+/-0.0875)
2019-07-22 14:38:27,377 INFO - logger - Iter 41600 - time: 19    - [train] loss: 0.034  (+/-0.0208) - [valid] loss: 0.0278 (+/-0.0184) - [test] loss: 0.0298 (+/-0.0225)
2019-07-22 14:38:46,701 INFO - logger - Iter 41700 - time: 19    - [train] loss: 0.2494 (+/-0.3507) - [valid] loss: 0.0564 (+/-0.0788) - [test] loss: 0.0659 (+/-0.0448)
2019-07-22 14:39:04,779 INFO - logger - Iter 41800 - time: 18    - [train] loss: 0.0879 (+/-0.091 ) - [valid] loss: 0.1001 (+/-0.1391) - [test] loss: 0.0324 (+/-0.0313)
2019-07-22 14:39:24,288 INFO - logger - Iter 41900 - time: 19    - [train] loss: 0.0544 (+/-0.0581) - [valid] loss: 0.0511 (+/-0.0624) - [test] loss: 0.0293 (+/-0.033 )
2019-07-22 14:39:43,061 INFO - logger - Iter 42000 - time: 18    - [train] loss: 0.1523 (+/-0.1618) - [valid] loss: 0.0618 (+/-0.068 ) - [test] loss: 0.0233 (+/-0.0157)
2019-07-22 14:40:02,444 INFO - logger - Iter 42100 - time: 19    - [train] loss: 0.0481 (+/-0.0272) - [valid] loss: 0.038  (+/-0.0324) - [test] loss: 0.1308 (+/-0.2137)
2019-07-22 14:40:22,258 INFO - logger - Iter 42200 - time: 19    - [train] loss: 0.0376 (+/-0.0224) - [valid] loss: 0.0217 (+/-0.014 ) - [test] loss: 0.0428 (+/-0.0231)
2019-07-22 14:40:41,147 INFO - logger - Iter 42300 - time: 18    - [train] loss: 0.0311 (+/-0.0166) - [valid] loss: 0.1229 (+/-0.1134) - [test] loss: 0.0442 (+/-0.0471)
2019-07-22 14:40:59,305 INFO - logger - Iter 42400 - time: 18    - [train] loss: 0.0924 (+/-0.1107) - [valid] loss: 0.0748 (+/-0.1047) - [test] loss: 0.0283 (+/-0.0181)
2019-07-22 14:41:18,295 INFO - logger - Iter 42500 - time: 18    - [train] loss: 0.1084 (+/-0.1485) - [valid] loss: 0.0367 (+/-0.0355) - [test] loss: 0.035  (+/-0.0183)
2019-07-22 14:41:36,674 INFO - logger - Iter 42600 - time: 18    - [train] loss: 0.0236 (+/-0.0181) - [valid] loss: 0.0625 (+/-0.0498) - [test] loss: 0.053  (+/-0.0361)
2019-07-22 14:41:55,317 INFO - logger - Iter 42700 - time: 18    - [train] loss: 0.0547 (+/-0.0548) - [valid] loss: 0.0512 (+/-0.0381) - [test] loss: 0.0517 (+/-0.0519)
2019-07-22 14:42:15,049 INFO - logger - Iter 42800 - time: 19    - [train] loss: 0.0212 (+/-0.0183) - [valid] loss: 0.0403 (+/-0.0343) - [test] loss: 0.05   (+/-0.0261)
2019-07-22 14:42:34,264 INFO - logger - Iter 42900 - time: 19    - [train] loss: 0.0499 (+/-0.0396) - [valid] loss: 0.0819 (+/-0.1085) - [test] loss: 0.0299 (+/-0.0228)
2019-07-22 14:42:53,767 INFO - logger - Iter 43000 - time: 19    - [train] loss: 0.0266 (+/-0.0117) - [valid] loss: 0.0342 (+/-0.0378) - [test] loss: 0.0303 (+/-0.0236)
2019-07-22 14:43:13,489 INFO - logger - Iter 43100 - time: 19    - [train] loss: 0.0536 (+/-0.0665) - [valid] loss: 0.05   (+/-0.0508) - [test] loss: 0.1561 (+/-0.175 )
2019-07-22 14:43:31,986 INFO - logger - Iter 43200 - time: 18    - [train] loss: 0.0249 (+/-0.0177) - [valid] loss: 0.0298 (+/-0.0354) - [test] loss: 0.0155 (+/-0.0106)
2019-07-22 14:43:51,494 INFO - logger - Iter 43300 - time: 19    - [train] loss: 0.0551 (+/-0.0425) - [valid] loss: 0.0333 (+/-0.0384) - [test] loss: 0.018  (+/-0.0134)
2019-07-22 14:44:11,451 INFO - logger - Iter 43400 - time: 19    - [train] loss: 0.0241 (+/-0.0174) - [valid] loss: 0.0319 (+/-0.0181) - [test] loss: 0.0289 (+/-0.0227)
2019-07-22 14:44:30,550 INFO - logger - Iter 43500 - time: 19    - [train] loss: 0.0945 (+/-0.1207) - [valid] loss: 0.0985 (+/-0.136 ) - [test] loss: 0.0294 (+/-0.0142)
2019-07-22 14:44:49,675 INFO - logger - Iter 43600 - time: 19    - [train] loss: 0.0486 (+/-0.0334) - [valid] loss: 0.0521 (+/-0.0505) - [test] loss: 0.0397 (+/-0.0236)
2019-07-22 14:45:08,979 INFO - logger - Iter 43700 - time: 19    - [train] loss: 0.0283 (+/-0.0231) - [valid] loss: 0.0844 (+/-0.0617) - [test] loss: 0.0385 (+/-0.0425)
2019-07-22 14:45:28,301 INFO - logger - Iter 43800 - time: 19    - [train] loss: 0.0449 (+/-0.0757) - [valid] loss: 0.0327 (+/-0.0193) - [test] loss: 0.0361 (+/-0.0336)
2019-07-22 14:45:47,542 INFO - logger - Iter 43900 - time: 19    - [train] loss: 0.0734 (+/-0.0583) - [valid] loss: 0.1252 (+/-0.1007) - [test] loss: 0.0584 (+/-0.066 )
2019-07-22 14:46:06,425 INFO - logger - Iter 44000 - time: 18    - [train] loss: 0.043  (+/-0.0377) - [valid] loss: 0.0548 (+/-0.0519) - [test] loss: 0.0297 (+/-0.0328)
2019-07-22 14:46:24,906 INFO - logger - Iter 44100 - time: 18    - [train] loss: 0.0956 (+/-0.152 ) - [valid] loss: 0.0824 (+/-0.0705) - [test] loss: 0.0438 (+/-0.0455)
2019-07-22 14:46:43,979 INFO - logger - Iter 44200 - time: 19    - [train] loss: 0.0561 (+/-0.0491) - [valid] loss: 0.0536 (+/-0.0518) - [test] loss: 0.0299 (+/-0.0244)
2019-07-22 14:47:03,071 INFO - logger - Iter 44300 - time: 19    - [train] loss: 0.0261 (+/-0.0271) - [valid] loss: 0.0679 (+/-0.061 ) - [test] loss: 0.0207 (+/-0.0053)
2019-07-22 14:47:22,036 INFO - logger - Iter 44400 - time: 18    - [train] loss: 0.0619 (+/-0.0514) - [valid] loss: 0.05   (+/-0.0315) - [test] loss: 0.05   (+/-0.0444)
2019-07-22 14:47:42,059 INFO - logger - Iter 44500 - time: 20    - [train] loss: 0.0347 (+/-0.0334) - [valid] loss: 0.0977 (+/-0.0948) - [test] loss: 0.0206 (+/-0.0181)
2019-07-22 14:48:00,459 INFO - logger - Iter 44600 - time: 18    - [train] loss: 0.0414 (+/-0.0395) - [valid] loss: 0.0245 (+/-0.012 ) - [test] loss: 0.0527 (+/-0.0601)
2019-07-22 14:48:20,317 INFO - logger - Iter 44700 - time: 19    - [train] loss: 0.0412 (+/-0.041 ) - [valid] loss: 0.0282 (+/-0.0289) - [test] loss: 0.0298 (+/-0.0224)
2019-07-22 14:48:38,606 INFO - logger - Iter 44800 - time: 18    - [train] loss: 0.0487 (+/-0.0417) - [valid] loss: 0.0194 (+/-0.0155) - [test] loss: 0.0636 (+/-0.0703)
2019-07-22 14:48:56,949 INFO - logger - Iter 44900 - time: 18    - [train] loss: 0.0332 (+/-0.0303) - [valid] loss: 0.0807 (+/-0.1241) - [test] loss: 0.0489 (+/-0.029 )
2019-07-22 14:49:15,539 INFO - logger - Iter 45000 - time: 18    - [train] loss: 0.1523 (+/-0.1752) - [valid] loss: 0.0552 (+/-0.042 ) - [test] loss: 0.0586 (+/-0.0481)
2019-07-22 14:49:34,977 INFO - logger - Iter 45100 - time: 19    - [train] loss: 0.0597 (+/-0.0509) - [valid] loss: 0.0265 (+/-0.0283) - [test] loss: 0.0389 (+/-0.035 )
2019-07-22 14:49:54,311 INFO - logger - Iter 45200 - time: 19    - [train] loss: 0.0179 (+/-0.0138) - [valid] loss: 0.057  (+/-0.1006) - [test] loss: 0.055  (+/-0.0758)
2019-07-22 14:50:12,805 INFO - logger - Iter 45300 - time: 18    - [train] loss: 0.0309 (+/-0.0214) - [valid] loss: 0.067  (+/-0.0484) - [test] loss: 0.0624 (+/-0.056 )
2019-07-22 14:50:31,562 INFO - logger - Iter 45400 - time: 18    - [train] loss: 0.093  (+/-0.1339) - [valid] loss: 0.0362 (+/-0.0179) - [test] loss: 0.0281 (+/-0.0156)
2019-07-22 14:50:51,617 INFO - logger - Iter 45500 - time: 20    - [train] loss: 0.013  (+/-0.0127) - [valid] loss: 0.0452 (+/-0.0604) - [test] loss: 0.0206 (+/-0.0121)
2019-07-22 14:51:10,193 INFO - logger - Iter 45600 - time: 18    - [train] loss: 0.0659 (+/-0.084 ) - [valid] loss: 0.0466 (+/-0.0314) - [test] loss: 0.0194 (+/-0.0113)
2019-07-22 14:51:29,175 INFO - logger - Iter 45700 - time: 18    - [train] loss: 0.0404 (+/-0.0293) - [valid] loss: 0.0534 (+/-0.0464) - [test] loss: 0.023  (+/-0.0166)
2019-07-22 14:51:48,586 INFO - logger - Iter 45800 - time: 19    - [train] loss: 0.0406 (+/-0.0199) - [valid] loss: 0.0246 (+/-0.0146) - [test] loss: 0.089  (+/-0.0817)
2019-07-22 14:52:07,407 INFO - logger - Iter 45900 - time: 18    - [train] loss: 0.1748 (+/-0.2364) - [valid] loss: 0.0201 (+/-0.0101) - [test] loss: 0.0351 (+/-0.0244)
2019-07-22 14:52:26,886 INFO - logger - Iter 46000 - time: 19    - [train] loss: 0.0681 (+/-0.0639) - [valid] loss: 0.0534 (+/-0.0636) - [test] loss: 0.0514 (+/-0.0488)
2019-07-22 14:52:45,946 INFO - logger - Iter 46100 - time: 19    - [train] loss: 0.0279 (+/-0.0143) - [valid] loss: 0.0295 (+/-0.0218) - [test] loss: 0.0307 (+/-0.0204)
2019-07-22 14:53:05,830 INFO - logger - Iter 46200 - time: 19    - [train] loss: 0.0448 (+/-0.0417) - [valid] loss: 0.0389 (+/-0.0234) - [test] loss: 0.0546 (+/-0.0506)
2019-07-22 14:53:24,744 INFO - logger - Iter 46300 - time: 18    - [train] loss: 0.0257 (+/-0.02  ) - [valid] loss: 0.0239 (+/-0.0253) - [test] loss: 0.0416 (+/-0.031 )
2019-07-22 14:53:43,450 INFO - logger - Iter 46400 - time: 18    - [train] loss: 0.0154 (+/-0.0105) - [valid] loss: 0.0258 (+/-0.0135) - [test] loss: 0.0396 (+/-0.0269)
2019-07-22 14:54:02,324 INFO - logger - Iter 46500 - time: 18    - [train] loss: 0.0492 (+/-0.0724) - [valid] loss: 0.0593 (+/-0.0652) - [test] loss: 0.031  (+/-0.0251)
2019-07-22 14:54:21,215 INFO - logger - Iter 46600 - time: 18    - [train] loss: 0.0673 (+/-0.0638) - [valid] loss: 0.0731 (+/-0.0623) - [test] loss: 0.0237 (+/-0.0126)
2019-07-22 14:54:41,097 INFO - logger - Iter 46700 - time: 19    - [train] loss: 0.0234 (+/-0.0191) - [valid] loss: 0.0502 (+/-0.0407) - [test] loss: 0.0449 (+/-0.0324)
2019-07-22 14:54:59,780 INFO - logger - Iter 46800 - time: 18    - [train] loss: 0.028  (+/-0.0325) - [valid] loss: 0.0287 (+/-0.0186) - [test] loss: 0.0153 (+/-0.0106)
2019-07-22 14:55:18,938 INFO - logger - Iter 46900 - time: 19    - [train] loss: 0.0431 (+/-0.0376) - [valid] loss: 0.0873 (+/-0.068 ) - [test] loss: 0.0949 (+/-0.0975)
2019-07-22 14:55:38,223 INFO - logger - Iter 47000 - time: 19    - [train] loss: 0.0233 (+/-0.0097) - [valid] loss: 0.039  (+/-0.0328) - [test] loss: 0.0391 (+/-0.0268)
2019-07-22 14:55:58,150 INFO - logger - Iter 47100 - time: 19    - [train] loss: 0.0581 (+/-0.0834) - [valid] loss: 0.0528 (+/-0.0326) - [test] loss: 0.0237 (+/-0.0184)
2019-07-22 14:56:16,034 INFO - logger - Iter 47200 - time: 17    - [train] loss: 0.0966 (+/-0.0832) - [valid] loss: 0.0507 (+/-0.0266) - [test] loss: 0.1072 (+/-0.1363)
2019-07-22 14:56:34,836 INFO - logger - Iter 47300 - time: 18    - [train] loss: 0.0882 (+/-0.0885) - [valid] loss: 0.0791 (+/-0.0897) - [test] loss: 0.0288 (+/-0.036 )
2019-07-22 14:56:53,931 INFO - logger - Iter 47400 - time: 19    - [train] loss: 0.0368 (+/-0.023 ) - [valid] loss: 0.0524 (+/-0.0656) - [test] loss: 0.0702 (+/-0.0699)
2019-07-22 14:57:12,400 INFO - logger - Iter 47500 - time: 18    - [train] loss: 0.0382 (+/-0.0409) - [valid] loss: 0.1069 (+/-0.1473) - [test] loss: 0.0575 (+/-0.0452)
2019-07-22 14:57:31,539 INFO - logger - Iter 47600 - time: 19    - [train] loss: 0.0464 (+/-0.0301) - [valid] loss: 0.0583 (+/-0.0569) - [test] loss: 0.0864 (+/-0.0854)
2019-07-22 14:57:50,737 INFO - logger - Iter 47700 - time: 19    - [train] loss: 0.0703 (+/-0.0638) - [valid] loss: 0.0271 (+/-0.0242) - [test] loss: 0.0357 (+/-0.0193)
2019-07-22 14:58:09,447 INFO - logger - Iter 47800 - time: 18    - [train] loss: 0.08   (+/-0.1059) - [valid] loss: 0.0424 (+/-0.0321) - [test] loss: 0.0373 (+/-0.0391)
2019-07-22 14:58:29,040 INFO - logger - Iter 47900 - time: 19    - [train] loss: 0.0376 (+/-0.044 ) - [valid] loss: 0.0258 (+/-0.0186) - [test] loss: 0.0845 (+/-0.1486)
2019-07-22 14:58:48,005 INFO - logger - Iter 48000 - time: 18    - [train] loss: 0.1258 (+/-0.1616) - [valid] loss: 0.0478 (+/-0.0213) - [test] loss: 0.0676 (+/-0.0463)
2019-07-22 14:59:06,937 INFO - logger - Iter 48100 - time: 18    - [train] loss: 0.0316 (+/-0.0146) - [valid] loss: 0.1655 (+/-0.2352) - [test] loss: 0.0515 (+/-0.0343)
2019-07-22 14:59:26,210 INFO - logger - Iter 48200 - time: 19    - [train] loss: 0.0288 (+/-0.0208) - [valid] loss: 0.0678 (+/-0.0481) - [test] loss: 0.0318 (+/-0.0238)
2019-07-22 14:59:45,565 INFO - logger - Iter 48300 - time: 19    - [train] loss: 0.0877 (+/-0.0718) - [valid] loss: 0.0421 (+/-0.0321) - [test] loss: 0.0353 (+/-0.0213)
2019-07-22 15:00:04,146 INFO - logger - Iter 48400 - time: 18    - [train] loss: 0.0302 (+/-0.03  ) - [valid] loss: 0.0332 (+/-0.0162) - [test] loss: 0.0426 (+/-0.0321)
2019-07-22 15:00:23,502 INFO - logger - Iter 48500 - time: 19    - [train] loss: 0.0975 (+/-0.1077) - [valid] loss: 0.0253 (+/-0.0118) - [test] loss: 0.0127 (+/-0.0054)
2019-07-22 15:00:43,329 INFO - logger - Iter 48600 - time: 19    - [train] loss: 0.0624 (+/-0.0582) - [valid] loss: 0.0458 (+/-0.0346) - [test] loss: 0.0243 (+/-0.0245)
2019-07-22 15:01:02,491 INFO - logger - Iter 48700 - time: 19    - [train] loss: 0.0349 (+/-0.0197) - [valid] loss: 0.0368 (+/-0.0251) - [test] loss: 0.0273 (+/-0.0182)
2019-07-22 15:01:22,012 INFO - logger - Iter 48800 - time: 19    - [train] loss: 0.0694 (+/-0.0481) - [valid] loss: 0.0274 (+/-0.0159) - [test] loss: 0.0259 (+/-0.0144)
2019-07-22 15:01:41,665 INFO - logger - Iter 48900 - time: 19    - [train] loss: 0.1104 (+/-0.1907) - [valid] loss: 0.0301 (+/-0.0178) - [test] loss: 0.1914 (+/-0.3048)
2019-07-22 15:02:01,302 INFO - logger - Iter 49000 - time: 19    - [train] loss: 0.0389 (+/-0.0379) - [valid] loss: 0.0137 (+/-0.0067) - [test] loss: 0.0352 (+/-0.0269)
2019-07-22 15:02:20,464 INFO - logger - Iter 49100 - time: 19    - [train] loss: 0.0352 (+/-0.0253) - [valid] loss: 0.0363 (+/-0.0335) - [test] loss: 0.0735 (+/-0.0619)
2019-07-22 15:02:40,444 INFO - logger - Iter 49200 - time: 19    - [train] loss: 0.0505 (+/-0.0512) - [valid] loss: 0.046  (+/-0.0497) - [test] loss: 0.0252 (+/-0.0161)
2019-07-22 15:02:59,727 INFO - logger - Iter 49300 - time: 19    - [train] loss: 0.0356 (+/-0.0284) - [valid] loss: 0.0471 (+/-0.0498) - [test] loss: 0.0317 (+/-0.0263)
2019-07-22 15:03:18,641 INFO - logger - Iter 49400 - time: 18    - [train] loss: 0.0282 (+/-0.0297) - [valid] loss: 0.0171 (+/-0.0127) - [test] loss: 0.03   (+/-0.035 )
2019-07-22 15:03:38,363 INFO - logger - Iter 49500 - time: 19    - [train] loss: 0.078  (+/-0.083 ) - [valid] loss: 0.0339 (+/-0.0224) - [test] loss: 0.0343 (+/-0.0315)
2019-07-22 15:03:57,561 INFO - logger - Iter 49600 - time: 19    - [train] loss: 0.0269 (+/-0.0251) - [valid] loss: 0.0553 (+/-0.0432) - [test] loss: 0.0372 (+/-0.0294)
2019-07-22 15:04:16,402 INFO - logger - Iter 49700 - time: 18    - [train] loss: 0.0422 (+/-0.0396) - [valid] loss: 0.0327 (+/-0.0215) - [test] loss: 0.0314 (+/-0.0384)
2019-07-22 15:04:35,075 INFO - logger - Iter 49800 - time: 18    - [train] loss: 0.0919 (+/-0.1305) - [valid] loss: 0.0264 (+/-0.0252) - [test] loss: 0.0645 (+/-0.0546)
2019-07-22 15:04:54,523 INFO - logger - Iter 49900 - time: 19    - [train] loss: 0.0399 (+/-0.0258) - [valid] loss: 0.0792 (+/-0.1069) - [test] loss: 0.0222 (+/-0.0099)
