2019-07-20 05:06:31,113 INFO - log_helper - Finished configuring logger
2019-07-20 05:06:33,353 INFO - logger - Iter 0    - time: 7     - [train] loss: 5389.4855 (+/-8837.1765) - [valid] loss: 352.6988 (+/-679.5335) - [test] loss: 1043.4988 (+/-1784.0711)
2019-07-20 05:07:00,798 INFO - logger - Iter 100  - time: 27    - [train] loss: 7.1034 (+/-4.0675) - [valid] loss: 5.2064 (+/-1.2498) - [test] loss: 3.5811 (+/-0.7439)
2019-07-20 05:07:29,675 INFO - logger - Iter 200  - time: 28    - [train] loss: 5.5326 (+/-1.2896) - [valid] loss: 5.1575 (+/-1.1749) - [test] loss: 4.7302 (+/-1.0049)
2019-07-20 05:07:58,607 INFO - logger - Iter 300  - time: 28    - [train] loss: 5.3076 (+/-0.9738) - [valid] loss: 4.7958 (+/-0.8141) - [test] loss: 4.7343 (+/-1.1595)
2019-07-20 05:08:28,206 INFO - logger - Iter 400  - time: 29    - [train] loss: 5.2623 (+/-0.8526) - [valid] loss: 5.028  (+/-1.0186) - [test] loss: 4.0747 (+/-0.7413)
2019-07-20 05:09:00,413 INFO - logger - Iter 500  - time: 32    - [train] loss: 3.7876 (+/-0.895 ) - [valid] loss: 4.1305 (+/-0.8757) - [test] loss: 4.1011 (+/-0.7008)
2019-07-20 05:09:30,147 INFO - logger - Iter 600  - time: 29    - [train] loss: 3.6457 (+/-0.7183) - [valid] loss: 5.0731 (+/-1.3982) - [test] loss: 4.493  (+/-0.7854)
2019-07-20 05:09:58,911 INFO - logger - Iter 700  - time: 28    - [train] loss: 4.1706 (+/-0.8048) - [valid] loss: 4.6598 (+/-0.8693) - [test] loss: 4.6236 (+/-0.8668)
2019-07-20 05:10:28,412 INFO - logger - Iter 800  - time: 29    - [train] loss: 4.6876 (+/-1.5581) - [valid] loss: 3.6725 (+/-0.726 ) - [test] loss: 4.5282 (+/-0.7901)
2019-07-20 05:10:57,966 INFO - logger - Iter 900  - time: 29    - [train] loss: 5.1625 (+/-1.137 ) - [valid] loss: 4.4866 (+/-0.7025) - [test] loss: 4.9956 (+/-0.9418)
2019-07-20 05:11:28,777 INFO - logger - Iter 1000 - time: 30    - [train] loss: 4.6917 (+/-0.9   ) - [valid] loss: 4.9876 (+/-0.9819) - [test] loss: 4.5929 (+/-0.8424)
2019-07-20 05:11:59,107 INFO - logger - Iter 1100 - time: 30    - [train] loss: 5.4182 (+/-1.0802) - [valid] loss: 4.3416 (+/-0.8511) - [test] loss: 4.0202 (+/-0.7385)
2019-07-20 05:12:28,730 INFO - logger - Iter 1200 - time: 29    - [train] loss: 3.4661 (+/-0.6567) - [valid] loss: 3.5168 (+/-0.7536) - [test] loss: 4.6507 (+/-0.7248)
2019-07-20 05:12:57,281 INFO - logger - Iter 1300 - time: 28    - [train] loss: 5.0567 (+/-0.9977) - [valid] loss: 5.7493 (+/-1.7166) - [test] loss: 5.2836 (+/-0.9364)
2019-07-20 05:13:27,036 INFO - logger - Iter 1400 - time: 29    - [train] loss: 3.9799 (+/-0.721 ) - [valid] loss: 4.0226 (+/-0.7817) - [test] loss: 4.2936 (+/-0.7899)
2019-07-20 05:13:56,107 INFO - logger - Iter 1500 - time: 29    - [train] loss: 4.3439 (+/-0.7834) - [valid] loss: 4.0053 (+/-0.7921) - [test] loss: 3.8129 (+/-0.9237)
2019-07-20 05:14:29,751 INFO - logger - Iter 1600 - time: 33    - [train] loss: 4.3353 (+/-0.8114) - [valid] loss: 3.6395 (+/-0.8601) - [test] loss: 3.9225 (+/-0.6846)
2019-07-20 05:15:00,609 INFO - logger - Iter 1700 - time: 30    - [train] loss: 3.8053 (+/-0.9127) - [valid] loss: 4.4081 (+/-0.8106) - [test] loss: 4.7001 (+/-1.2683)
2019-07-20 05:15:30,862 INFO - logger - Iter 1800 - time: 30    - [train] loss: 4.4701 (+/-0.8426) - [valid] loss: 3.9852 (+/-0.6989) - [test] loss: 3.9864 (+/-0.7459)
2019-07-20 05:16:01,040 INFO - logger - Iter 1900 - time: 30    - [train] loss: 3.5451 (+/-0.7382) - [valid] loss: 3.5641 (+/-0.6775) - [test] loss: 4.1502 (+/-0.7711)
2019-07-20 05:16:30,057 INFO - logger - Iter 2000 - time: 29    - [train] loss: 3.7188 (+/-0.7899) - [valid] loss: 4.3977 (+/-0.7393) - [test] loss: 3.8711 (+/-0.7855)
2019-07-20 05:17:00,785 INFO - logger - Iter 2100 - time: 30    - [train] loss: 3.5739 (+/-0.7526) - [valid] loss: 4.287  (+/-0.8873) - [test] loss: 4.2641 (+/-0.7361)
2019-07-20 05:17:36,827 INFO - logger - Iter 2200 - time: 36    - [train] loss: 3.1418 (+/-0.6142) - [valid] loss: 3.5163 (+/-0.7027) - [test] loss: 3.6428 (+/-0.6987)
2019-07-20 05:18:09,068 INFO - logger - Iter 2300 - time: 32    - [train] loss: 4.2548 (+/-0.7825) - [valid] loss: 3.8482 (+/-0.728 ) - [test] loss: 3.8547 (+/-0.7576)
2019-07-20 05:18:40,652 INFO - logger - Iter 2400 - time: 31    - [train] loss: 3.7198 (+/-0.7064) - [valid] loss: 4.1351 (+/-0.9156) - [test] loss: 3.8792 (+/-0.7376)
2019-07-20 05:19:10,938 INFO - logger - Iter 2500 - time: 30    - [train] loss: 3.9153 (+/-0.7741) - [valid] loss: 4.0861 (+/-0.7215) - [test] loss: 3.5329 (+/-0.6802)
2019-07-20 05:19:41,280 INFO - logger - Iter 2600 - time: 30    - [train] loss: 3.6325 (+/-0.7701) - [valid] loss: 4.739  (+/-0.8219) - [test] loss: 3.5224 (+/-0.7043)
2019-07-20 05:20:12,253 INFO - logger - Iter 2700 - time: 30    - [train] loss: 3.7354 (+/-0.6775) - [valid] loss: 4.5477 (+/-1.0243) - [test] loss: 3.5204 (+/-0.6982)
2019-07-20 05:20:44,501 INFO - logger - Iter 2800 - time: 32    - [train] loss: 3.4705 (+/-0.6541) - [valid] loss: 4.7966 (+/-0.8457) - [test] loss: 4.1599 (+/-0.759 )
2019-07-20 05:21:17,478 INFO - logger - Iter 2900 - time: 32    - [train] loss: 3.5888 (+/-0.7395) - [valid] loss: 4.3145 (+/-0.8235) - [test] loss: 4.0389 (+/-0.8009)
2019-07-20 05:21:48,980 INFO - logger - Iter 3000 - time: 31    - [train] loss: 4.0444 (+/-0.7363) - [valid] loss: 3.9418 (+/-0.7559) - [test] loss: 3.6914 (+/-0.6883)
2019-07-20 05:22:20,100 INFO - logger - Iter 3100 - time: 31    - [train] loss: 3.9738 (+/-0.7434) - [valid] loss: 3.6282 (+/-0.7815) - [test] loss: 4.3004 (+/-0.9068)
2019-07-20 05:22:50,635 INFO - logger - Iter 3200 - time: 30    - [train] loss: 3.8432 (+/-0.77  ) - [valid] loss: 3.968  (+/-0.8219) - [test] loss: 3.991  (+/-0.7962)
2019-07-20 05:23:21,894 INFO - logger - Iter 3300 - time: 31    - [train] loss: 4.2365 (+/-1.0387) - [valid] loss: 3.7662 (+/-0.7887) - [test] loss: 3.8636 (+/-0.6873)
2019-07-20 05:23:55,231 INFO - logger - Iter 3400 - time: 33    - [train] loss: 3.6993 (+/-0.7251) - [valid] loss: 4.0094 (+/-0.7434) - [test] loss: 4.6084 (+/-0.8408)
2019-07-20 05:24:27,651 INFO - logger - Iter 3500 - time: 32    - [train] loss: 3.9891 (+/-0.8034) - [valid] loss: 3.9364 (+/-0.7952) - [test] loss: 4.5963 (+/-0.8598)
2019-07-20 05:25:00,268 INFO - logger - Iter 3600 - time: 32    - [train] loss: 3.504  (+/-0.695 ) - [valid] loss: 3.9859 (+/-0.8293) - [test] loss: 4.0468 (+/-0.7448)
2019-07-20 05:25:31,904 INFO - logger - Iter 3700 - time: 31    - [train] loss: 4.4983 (+/-0.7983) - [valid] loss: 3.5064 (+/-0.7492) - [test] loss: 4.2396 (+/-0.7332)
2019-07-20 05:26:02,226 INFO - logger - Iter 3800 - time: 30    - [train] loss: 4.411  (+/-0.7428) - [valid] loss: 3.8884 (+/-0.8045) - [test] loss: 4.3858 (+/-0.8186)
2019-07-20 05:26:33,983 INFO - logger - Iter 3900 - time: 31    - [train] loss: 4.172  (+/-0.7602) - [valid] loss: 4.483  (+/-0.7799) - [test] loss: 3.6491 (+/-0.6841)
2019-07-20 05:27:06,881 INFO - logger - Iter 4000 - time: 32    - [train] loss: 3.9096 (+/-0.7753) - [valid] loss: 3.9856 (+/-0.7366) - [test] loss: 3.5714 (+/-0.6707)
2019-07-20 05:27:39,098 INFO - logger - Iter 4100 - time: 32    - [train] loss: 6.3619 (+/-5.3054) - [valid] loss: 4.3211 (+/-0.7606) - [test] loss: 4.255  (+/-0.7372)
2019-07-20 05:28:10,176 INFO - logger - Iter 4200 - time: 31    - [train] loss: 4.0838 (+/-1.0337) - [valid] loss: 3.9637 (+/-0.6635) - [test] loss: 4.3565 (+/-0.7786)
2019-07-20 05:28:41,632 INFO - logger - Iter 4300 - time: 31    - [train] loss: 3.2447 (+/-0.5876) - [valid] loss: 4.3923 (+/-0.7894) - [test] loss: 4.074  (+/-0.795 )
2019-07-20 05:29:12,671 INFO - logger - Iter 4400 - time: 31    - [train] loss: 4.1125 (+/-0.7502) - [valid] loss: 3.3411 (+/-0.7035) - [test] loss: 3.5761 (+/-0.6555)
2019-07-20 05:29:45,129 INFO - logger - Iter 4500 - time: 32    - [train] loss: 3.8096 (+/-0.7174) - [valid] loss: 4.1749 (+/-0.6827) - [test] loss: 4.0242 (+/-0.7106)
2019-07-20 05:30:17,939 INFO - logger - Iter 4600 - time: 32    - [train] loss: 3.6515 (+/-0.6836) - [valid] loss: 4.3209 (+/-0.7762) - [test] loss: 4.1782 (+/-0.7589)
2019-07-20 05:30:49,159 INFO - logger - Iter 4700 - time: 31    - [train] loss: 4.0364 (+/-0.6902) - [valid] loss: 4.6109 (+/-0.7532) - [test] loss: 3.5596 (+/-0.7071)
2019-07-20 05:31:20,946 INFO - logger - Iter 4800 - time: 31    - [train] loss: 4.1887 (+/-0.787 ) - [valid] loss: 4.3153 (+/-0.7607) - [test] loss: 4.1594 (+/-0.7653)
2019-07-20 05:31:52,387 INFO - logger - Iter 4900 - time: 31    - [train] loss: 3.9826 (+/-0.7492) - [valid] loss: 3.7505 (+/-0.6857) - [test] loss: 3.6648 (+/-0.637 )
2019-07-20 05:32:23,216 INFO - logger - Iter 5000 - time: 30    - [train] loss: 4.0898 (+/-1.7417) - [valid] loss: 4.1996 (+/-0.6699) - [test] loss: 3.4489 (+/-0.6884)
2019-07-20 05:32:55,307 INFO - logger - Iter 5100 - time: 32    - [train] loss: 4.2247 (+/-0.7602) - [valid] loss: 4.0917 (+/-0.759 ) - [test] loss: 4.0434 (+/-0.7387)
2019-07-20 05:33:25,913 INFO - logger - Iter 5200 - time: 30    - [train] loss: 4.3056 (+/-0.8825) - [valid] loss: 4.0144 (+/-0.7252) - [test] loss: 3.4015 (+/-0.671 )
2019-07-20 05:33:56,756 INFO - logger - Iter 5300 - time: 30    - [train] loss: 4.0482 (+/-0.7163) - [valid] loss: 3.6001 (+/-0.6809) - [test] loss: 3.5984 (+/-0.6565)
2019-07-20 05:34:27,637 INFO - logger - Iter 5400 - time: 30    - [train] loss: 3.7678 (+/-0.671 ) - [valid] loss: 4.1142 (+/-0.6706) - [test] loss: 3.6558 (+/-0.7575)
2019-07-20 05:34:58,528 INFO - logger - Iter 5500 - time: 30    - [train] loss: 3.837  (+/-0.705 ) - [valid] loss: 3.946  (+/-0.6771) - [test] loss: 4.0829 (+/-0.7231)
2019-07-20 05:35:29,962 INFO - logger - Iter 5600 - time: 31    - [train] loss: 3.4863 (+/-0.7415) - [valid] loss: 3.1752 (+/-0.6453) - [test] loss: 4.2491 (+/-0.758 )
2019-07-20 05:36:00,388 INFO - logger - Iter 5700 - time: 30    - [train] loss: 3.3064 (+/-0.6373) - [valid] loss: 4.1765 (+/-0.715 ) - [test] loss: 4.0778 (+/-0.7366)
2019-07-20 05:36:31,186 INFO - logger - Iter 5800 - time: 30    - [train] loss: 3.4429 (+/-0.6915) - [valid] loss: 3.3335 (+/-0.6572) - [test] loss: 4.0009 (+/-0.76  )
2019-07-20 05:37:02,290 INFO - logger - Iter 5900 - time: 31    - [train] loss: 4.3529 (+/-0.7803) - [valid] loss: 3.6371 (+/-0.7413) - [test] loss: 4.098  (+/-0.7201)
2019-07-20 05:37:32,948 INFO - logger - Iter 6000 - time: 30    - [train] loss: 4.0416 (+/-0.7433) - [valid] loss: 3.9897 (+/-0.6222) - [test] loss: 3.8875 (+/-0.7911)
2019-07-20 05:38:03,843 INFO - logger - Iter 6100 - time: 30    - [train] loss: 3.529  (+/-0.6583) - [valid] loss: 3.882  (+/-0.7345) - [test] loss: 3.7051 (+/-0.6748)
2019-07-20 05:38:33,769 INFO - logger - Iter 6200 - time: 29    - [train] loss: 3.4041 (+/-0.6778) - [valid] loss: 2.9096 (+/-0.6244) - [test] loss: 2.7154 (+/-0.5739)
2019-07-20 05:39:04,782 INFO - logger - Iter 6300 - time: 31    - [train] loss: 4.096  (+/-0.7905) - [valid] loss: 3.7817 (+/-0.6613) - [test] loss: 3.9882 (+/-0.8968)
2019-07-20 05:39:35,596 INFO - logger - Iter 6400 - time: 30    - [train] loss: 3.2507 (+/-0.7013) - [valid] loss: 4.1897 (+/-0.7261) - [test] loss: 3.894  (+/-0.7042)
2019-07-20 05:40:06,289 INFO - logger - Iter 6500 - time: 30    - [train] loss: 3.4934 (+/-0.6344) - [valid] loss: 3.3205 (+/-0.6498) - [test] loss: 4.4143 (+/-0.8791)
2019-07-20 05:40:37,850 INFO - logger - Iter 6600 - time: 31    - [train] loss: 4.2782 (+/-0.8704) - [valid] loss: 3.1305 (+/-0.7259) - [test] loss: 3.8652 (+/-0.7054)
2019-07-20 05:41:08,408 INFO - logger - Iter 6700 - time: 30    - [train] loss: 3.941  (+/-0.7463) - [valid] loss: 3.314  (+/-0.6958) - [test] loss: 4.2304 (+/-0.7817)
2019-07-20 05:41:39,671 INFO - logger - Iter 6800 - time: 31    - [train] loss: 3.6454 (+/-0.6358) - [valid] loss: 3.1883 (+/-0.6797) - [test] loss: 3.2675 (+/-0.7027)
2019-07-20 05:42:11,403 INFO - logger - Iter 6900 - time: 31    - [train] loss: 3.601  (+/-0.6715) - [valid] loss: 2.8945 (+/-0.5653) - [test] loss: 3.5244 (+/-0.7528)
2019-07-20 05:42:42,053 INFO - logger - Iter 7000 - time: 30    - [train] loss: 4.2438 (+/-0.7255) - [valid] loss: 3.7519 (+/-0.7335) - [test] loss: 4.0492 (+/-0.6775)
2019-07-20 05:43:13,904 INFO - logger - Iter 7100 - time: 31    - [train] loss: 3.4996 (+/-0.7015) - [valid] loss: 3.4709 (+/-0.6763) - [test] loss: 3.4711 (+/-0.6617)
2019-07-20 05:43:44,631 INFO - logger - Iter 7200 - time: 30    - [train] loss: 3.4361 (+/-0.7299) - [valid] loss: 3.6067 (+/-0.6726) - [test] loss: 3.6591 (+/-0.7056)
2019-07-20 05:44:16,371 INFO - logger - Iter 7300 - time: 31    - [train] loss: 3.4354 (+/-0.9603) - [valid] loss: 3.9217 (+/-0.7852) - [test] loss: 3.7697 (+/-0.732 )
2019-07-20 05:44:48,516 INFO - logger - Iter 7400 - time: 32    - [train] loss: 4.2504 (+/-0.7078) - [valid] loss: 3.7015 (+/-0.7083) - [test] loss: 3.6181 (+/-0.7588)
2019-07-20 05:45:19,224 INFO - logger - Iter 7500 - time: 30    - [train] loss: 3.6169 (+/-0.7713) - [valid] loss: 3.2897 (+/-0.6135) - [test] loss: 3.9415 (+/-0.696 )
2019-07-20 05:45:50,085 INFO - logger - Iter 7600 - time: 30    - [train] loss: 3.4716 (+/-0.6313) - [valid] loss: 3.7918 (+/-0.699 ) - [test] loss: 4.1936 (+/-0.664 )
2019-07-20 05:46:20,808 INFO - logger - Iter 7700 - time: 30    - [train] loss: 3.6476 (+/-0.6812) - [valid] loss: 3.8197 (+/-0.7644) - [test] loss: 3.8981 (+/-0.8168)
2019-07-20 05:46:51,958 INFO - logger - Iter 7800 - time: 31    - [train] loss: 3.8722 (+/-0.7824) - [valid] loss: 4.1724 (+/-0.7021) - [test] loss: 3.7224 (+/-0.7188)
2019-07-20 05:47:24,417 INFO - logger - Iter 7900 - time: 32    - [train] loss: 4.1673 (+/-0.8825) - [valid] loss: 3.5921 (+/-0.6974) - [test] loss: 3.3739 (+/-0.6051)
2019-07-20 05:47:56,687 INFO - logger - Iter 8000 - time: 32    - [train] loss: 3.411  (+/-0.6786) - [valid] loss: 3.5036 (+/-0.6524) - [test] loss: 3.4347 (+/-0.73  )
2019-07-20 05:48:27,673 INFO - logger - Iter 8100 - time: 30    - [train] loss: 3.2551 (+/-0.5919) - [valid] loss: 3.4129 (+/-0.6408) - [test] loss: 3.623  (+/-0.6295)
2019-07-20 05:48:58,547 INFO - logger - Iter 8200 - time: 30    - [train] loss: 3.6443 (+/-0.7116) - [valid] loss: 3.5688 (+/-0.6427) - [test] loss: 3.849  (+/-0.6284)
2019-07-20 05:49:29,053 INFO - logger - Iter 8300 - time: 30    - [train] loss: 3.2133 (+/-0.727 ) - [valid] loss: 3.9327 (+/-0.7716) - [test] loss: 4.1479 (+/-0.8193)
2019-07-20 05:50:00,701 INFO - logger - Iter 8400 - time: 31    - [train] loss: 4.3099 (+/-0.7215) - [valid] loss: 3.7118 (+/-0.6967) - [test] loss: 4.0689 (+/-0.7388)
2019-07-20 05:50:31,454 INFO - logger - Iter 8500 - time: 30    - [train] loss: 3.4666 (+/-0.6492) - [valid] loss: 3.754  (+/-0.7078) - [test] loss: 3.8885 (+/-0.765 )
2019-07-20 05:51:00,743 INFO - logger - Iter 8600 - time: 29    - [train] loss: 3.414  (+/-0.6116) - [valid] loss: 3.6583 (+/-0.9075) - [test] loss: 3.2785 (+/-0.6413)
2019-07-20 05:51:31,907 INFO - logger - Iter 8700 - time: 31    - [train] loss: 3.1015 (+/-0.6297) - [valid] loss: 3.8261 (+/-0.8756) - [test] loss: 3.6112 (+/-0.6271)
2019-07-20 05:52:02,469 INFO - logger - Iter 8800 - time: 30    - [train] loss: 3.149  (+/-0.6515) - [valid] loss: 3.4353 (+/-0.6854) - [test] loss: 3.9926 (+/-0.7001)
2019-07-20 05:52:33,920 INFO - logger - Iter 8900 - time: 31    - [train] loss: 3.7084 (+/-0.6556) - [valid] loss: 3.3341 (+/-0.6792) - [test] loss: 4.0637 (+/-0.7425)
2019-07-20 05:53:04,827 INFO - logger - Iter 9000 - time: 30    - [train] loss: 3.9784 (+/-0.7763) - [valid] loss: 3.4591 (+/-0.6549) - [test] loss: 3.1252 (+/-0.6045)
2019-07-20 05:53:36,444 INFO - logger - Iter 9100 - time: 31    - [train] loss: 3.2719 (+/-0.6584) - [valid] loss: 3.5047 (+/-0.6218) - [test] loss: 3.1479 (+/-0.6136)
2019-07-20 05:54:07,085 INFO - logger - Iter 9200 - time: 30    - [train] loss: 3.8031 (+/-0.7222) - [valid] loss: 3.5126 (+/-0.6442) - [test] loss: 3.8325 (+/-0.7082)
2019-07-20 05:54:37,249 INFO - logger - Iter 9300 - time: 30    - [train] loss: 3.627  (+/-0.6915) - [valid] loss: 3.5978 (+/-0.696 ) - [test] loss: 3.6761 (+/-0.7077)
2019-07-20 05:55:08,907 INFO - logger - Iter 9400 - time: 31    - [train] loss: 2.8104 (+/-0.609 ) - [valid] loss: 2.743  (+/-0.5882) - [test] loss: 3.6356 (+/-0.7082)
2019-07-20 05:55:39,739 INFO - logger - Iter 9500 - time: 30    - [train] loss: 3.864  (+/-0.6776) - [valid] loss: 3.274  (+/-0.628 ) - [test] loss: 4.2408 (+/-0.7448)
2019-07-20 05:56:11,865 INFO - logger - Iter 9600 - time: 32    - [train] loss: 3.5354 (+/-0.6844) - [valid] loss: 3.2266 (+/-0.6035) - [test] loss: 3.9786 (+/-0.7418)
2019-07-20 05:56:42,984 INFO - logger - Iter 9700 - time: 31    - [train] loss: 2.4919 (+/-0.5621) - [valid] loss: 3.0539 (+/-0.6763) - [test] loss: 3.9223 (+/-0.6467)
2019-07-20 05:57:12,207 INFO - logger - Iter 9800 - time: 29    - [train] loss: 3.6725 (+/-0.7854) - [valid] loss: 3.5077 (+/-0.7006) - [test] loss: 3.84   (+/-0.6715)
2019-07-20 05:57:43,453 INFO - logger - Iter 9900 - time: 31    - [train] loss: 3.484  (+/-0.6547) - [valid] loss: 3.5072 (+/-0.6845) - [test] loss: 3.0352 (+/-0.7962)
2019-07-20 05:58:15,716 INFO - logger - Iter 10000 - time: 32    - [train] loss: 3.2495 (+/-0.6806) - [valid] loss: 4.0618 (+/-0.7135) - [test] loss: 3.2755 (+/-0.682 )
2019-07-20 05:58:47,494 INFO - logger - Iter 10100 - time: 31    - [train] loss: 4.6529 (+/-1.2007) - [valid] loss: 3.5743 (+/-0.6937) - [test] loss: 2.9464 (+/-0.7091)
2019-07-20 05:59:19,047 INFO - logger - Iter 10200 - time: 31    - [train] loss: 3.4714 (+/-0.7379) - [valid] loss: 3.4105 (+/-0.7325) - [test] loss: 4.0732 (+/-0.7077)
2019-07-20 05:59:49,819 INFO - logger - Iter 10300 - time: 30    - [train] loss: 3.5489 (+/-0.7843) - [valid] loss: 3.6815 (+/-0.7238) - [test] loss: 2.968  (+/-0.5459)
2019-07-20 06:00:19,688 INFO - logger - Iter 10400 - time: 29    - [train] loss: 3.3673 (+/-0.6551) - [valid] loss: 2.8983 (+/-0.5458) - [test] loss: 3.3131 (+/-0.6553)
2019-07-20 06:00:51,968 INFO - logger - Iter 10500 - time: 32    - [train] loss: 3.9974 (+/-0.7457) - [valid] loss: 2.8279 (+/-0.5842) - [test] loss: 3.3828 (+/-0.7605)
2019-07-20 06:01:24,151 INFO - logger - Iter 10600 - time: 32    - [train] loss: 2.9165 (+/-0.667 ) - [valid] loss: 3.3186 (+/-0.6865) - [test] loss: 3.6492 (+/-0.7002)
2019-07-20 06:01:56,743 INFO - logger - Iter 10700 - time: 32    - [train] loss: 3.7811 (+/-0.6928) - [valid] loss: 3.2953 (+/-0.6512) - [test] loss: 2.9669 (+/-0.6936)
2019-07-20 06:02:27,834 INFO - logger - Iter 10800 - time: 31    - [train] loss: 2.7926 (+/-0.6831) - [valid] loss: 3.3115 (+/-0.7126) - [test] loss: 3.4353 (+/-0.7198)
2019-07-20 06:02:58,556 INFO - logger - Iter 10900 - time: 30    - [train] loss: 3.3251 (+/-0.6162) - [valid] loss: 3.3495 (+/-0.6163) - [test] loss: 3.5911 (+/-0.6425)
2019-07-20 06:03:28,114 INFO - logger - Iter 11000 - time: 29    - [train] loss: 3.2942 (+/-0.5932) - [valid] loss: 3.2851 (+/-0.6482) - [test] loss: 3.515  (+/-0.6865)
2019-07-20 06:03:59,549 INFO - logger - Iter 11100 - time: 31    - [train] loss: 3.2691 (+/-0.7787) - [valid] loss: 3.5037 (+/-0.7063) - [test] loss: 3.4931 (+/-0.691 )
2019-07-20 06:04:30,622 INFO - logger - Iter 11200 - time: 31    - [train] loss: 3.357  (+/-0.6653) - [valid] loss: 3.6984 (+/-0.6646) - [test] loss: 3.44   (+/-0.6713)
2019-07-20 06:05:01,094 INFO - logger - Iter 11300 - time: 30    - [train] loss: 3.1502 (+/-0.5825) - [valid] loss: 3.0903 (+/-0.6327) - [test] loss: 2.9117 (+/-0.6242)
2019-07-20 06:05:32,553 INFO - logger - Iter 11400 - time: 31    - [train] loss: 3.6219 (+/-0.6341) - [valid] loss: 2.8696 (+/-0.634 ) - [test] loss: 3.6124 (+/-0.9222)
2019-07-20 06:06:03,646 INFO - logger - Iter 11500 - time: 31    - [train] loss: 3.6195 (+/-0.7246) - [valid] loss: 3.3639 (+/-0.6933) - [test] loss: 3.6529 (+/-0.6987)
2019-07-20 06:06:35,303 INFO - logger - Iter 11600 - time: 31    - [train] loss: 3.2578 (+/-0.6989) - [valid] loss: 3.0027 (+/-0.644 ) - [test] loss: 3.4462 (+/-0.6575)
2019-07-20 06:07:06,408 INFO - logger - Iter 11700 - time: 31    - [train] loss: 3.3248 (+/-0.6173) - [valid] loss: 2.9789 (+/-0.608 ) - [test] loss: 3.0189 (+/-0.6104)
2019-07-20 06:07:37,753 INFO - logger - Iter 11800 - time: 31    - [train] loss: 3.2297 (+/-0.6636) - [valid] loss: 3.1198 (+/-0.7388) - [test] loss: 3.2578 (+/-0.646 )
2019-07-20 06:08:08,099 INFO - logger - Iter 11900 - time: 30    - [train] loss: 3.5894 (+/-0.6659) - [valid] loss: 4.1687 (+/-1.6146) - [test] loss: 3.5207 (+/-0.6723)
2019-07-20 06:08:39,978 INFO - logger - Iter 12000 - time: 31    - [train] loss: 3.3937 (+/-0.6896) - [valid] loss: 3.3166 (+/-0.6472) - [test] loss: 2.6367 (+/-0.5683)
2019-07-20 06:09:11,564 INFO - logger - Iter 12100 - time: 31    - [train] loss: 3.3874 (+/-0.7005) - [valid] loss: 2.9446 (+/-0.7489) - [test] loss: 3.3071 (+/-0.6919)
2019-07-20 06:09:42,226 INFO - logger - Iter 12200 - time: 30    - [train] loss: 2.8526 (+/-0.6553) - [valid] loss: 3.7502 (+/-1.0145) - [test] loss: 2.7931 (+/-0.5923)
2019-07-20 06:10:13,004 INFO - logger - Iter 12300 - time: 30    - [train] loss: 2.977  (+/-0.608 ) - [valid] loss: 3.5338 (+/-0.8167) - [test] loss: 3.2776 (+/-0.734 )
2019-07-20 06:10:44,070 INFO - logger - Iter 12400 - time: 31    - [train] loss: 2.9967 (+/-0.6362) - [valid] loss: 2.9734 (+/-0.6304) - [test] loss: 2.9986 (+/-0.7606)
2019-07-20 06:11:13,647 INFO - logger - Iter 12500 - time: 29    - [train] loss: 3.2639 (+/-0.7134) - [valid] loss: 3.3643 (+/-0.8133) - [test] loss: 2.5945 (+/-0.5272)
2019-07-20 06:11:44,626 INFO - logger - Iter 12600 - time: 30    - [train] loss: 3.2674 (+/-0.6585) - [valid] loss: 3.4493 (+/-0.6528) - [test] loss: 3.1125 (+/-0.6172)
2019-07-20 06:12:15,423 INFO - logger - Iter 12700 - time: 30    - [train] loss: 3.3208 (+/-0.6265) - [valid] loss: 3.1604 (+/-0.718 ) - [test] loss: 2.9582 (+/-0.7146)
2019-07-20 06:12:46,270 INFO - logger - Iter 12800 - time: 30    - [train] loss: 2.7934 (+/-0.5677) - [valid] loss: 3.2246 (+/-0.9649) - [test] loss: 2.839  (+/-0.5852)
2019-07-20 06:13:16,948 INFO - logger - Iter 12900 - time: 30    - [train] loss: 2.4744 (+/-0.5265) - [valid] loss: 3.0855 (+/-0.6775) - [test] loss: 2.5316 (+/-0.5012)
2019-07-20 06:13:47,974 INFO - logger - Iter 13000 - time: 31    - [train] loss: 3.223  (+/-0.6095) - [valid] loss: 2.8597 (+/-0.6958) - [test] loss: 2.6749 (+/-0.6004)
2019-07-20 06:14:18,593 INFO - logger - Iter 13100 - time: 30    - [train] loss: 2.604  (+/-0.5831) - [valid] loss: 3.0163 (+/-0.6023) - [test] loss: 2.8055 (+/-0.6173)
2019-07-20 06:14:48,891 INFO - logger - Iter 13200 - time: 30    - [train] loss: 2.3385 (+/-0.5194) - [valid] loss: 3.1079 (+/-0.5995) - [test] loss: 2.678  (+/-0.5784)
2019-07-20 06:15:19,157 INFO - logger - Iter 13300 - time: 30    - [train] loss: 3.3246 (+/-0.6757) - [valid] loss: 2.9832 (+/-0.5963) - [test] loss: 2.6802 (+/-0.5969)
2019-07-20 06:15:50,585 INFO - logger - Iter 13400 - time: 31    - [train] loss: 2.7468 (+/-0.6059) - [valid] loss: 3.1314 (+/-0.6102) - [test] loss: 3.0817 (+/-0.6564)
2019-07-20 06:16:21,540 INFO - logger - Iter 13500 - time: 30    - [train] loss: 2.83   (+/-0.5659) - [valid] loss: 2.8207 (+/-0.6546) - [test] loss: 2.5193 (+/-0.5707)
2019-07-20 06:16:52,565 INFO - logger - Iter 13600 - time: 31    - [train] loss: 2.875  (+/-0.5804) - [valid] loss: 2.8319 (+/-0.5274) - [test] loss: 3.2012 (+/-0.6916)
2019-07-20 06:17:23,540 INFO - logger - Iter 13700 - time: 30    - [train] loss: 3.0386 (+/-0.8513) - [valid] loss: 2.9614 (+/-0.7632) - [test] loss: 2.8245 (+/-0.6306)
2019-07-20 06:17:54,776 INFO - logger - Iter 13800 - time: 31    - [train] loss: 2.9615 (+/-0.8507) - [valid] loss: 2.9938 (+/-0.778 ) - [test] loss: 2.5836 (+/-0.5592)
2019-07-20 06:18:25,450 INFO - logger - Iter 13900 - time: 30    - [train] loss: 3.1946 (+/-0.6219) - [valid] loss: 2.6409 (+/-0.5631) - [test] loss: 2.7829 (+/-0.6926)
2019-07-20 06:18:55,713 INFO - logger - Iter 14000 - time: 30    - [train] loss: 2.7987 (+/-0.5299) - [valid] loss: 3.2951 (+/-0.7588) - [test] loss: 3.3039 (+/-0.6502)
2019-07-20 06:19:26,427 INFO - logger - Iter 14100 - time: 30    - [train] loss: 2.3831 (+/-0.5394) - [valid] loss: 2.6092 (+/-0.6015) - [test] loss: 2.9789 (+/-0.8265)
2019-07-20 06:19:57,812 INFO - logger - Iter 14200 - time: 31    - [train] loss: 2.6678 (+/-0.7176) - [valid] loss: 2.5586 (+/-0.606 ) - [test] loss: 2.0671 (+/-0.4875)
2019-07-20 06:20:27,883 INFO - logger - Iter 14300 - time: 30    - [train] loss: 2.7422 (+/-0.6107) - [valid] loss: 2.3792 (+/-0.5844) - [test] loss: 2.8848 (+/-0.5556)
2019-07-20 06:20:59,264 INFO - logger - Iter 14400 - time: 31    - [train] loss: 2.4657 (+/-0.5771) - [valid] loss: 2.9629 (+/-0.6045) - [test] loss: 2.062  (+/-0.4981)
2019-07-20 06:21:29,717 INFO - logger - Iter 14500 - time: 30    - [train] loss: 2.2913 (+/-0.5656) - [valid] loss: 2.2531 (+/-0.5392) - [test] loss: 2.395  (+/-0.5484)
2019-07-20 06:22:01,001 INFO - logger - Iter 14600 - time: 31    - [train] loss: 2.985  (+/-0.8506) - [valid] loss: 2.2529 (+/-0.5571) - [test] loss: 2.3718 (+/-0.4415)
2019-07-20 06:22:32,035 INFO - logger - Iter 14700 - time: 31    - [train] loss: 2.5006 (+/-0.5356) - [valid] loss: 2.0563 (+/-0.4303) - [test] loss: 2.5415 (+/-0.583 )
2019-07-20 06:23:02,436 INFO - logger - Iter 14800 - time: 30    - [train] loss: 3.0242 (+/-0.6122) - [valid] loss: 2.2258 (+/-0.5611) - [test] loss: 2.6465 (+/-0.6102)
2019-07-20 06:23:33,724 INFO - logger - Iter 14900 - time: 31    - [train] loss: 2.4082 (+/-0.5615) - [valid] loss: 2.618  (+/-0.6348) - [test] loss: 2.5615 (+/-0.6902)
2019-07-20 06:24:04,497 INFO - logger - Iter 15000 - time: 30    - [train] loss: 3.1316 (+/-0.7194) - [valid] loss: 2.6277 (+/-0.51  ) - [test] loss: 2.5771 (+/-0.5305)
2019-07-20 06:24:35,155 INFO - logger - Iter 15100 - time: 30    - [train] loss: 2.5934 (+/-0.5988) - [valid] loss: 2.907  (+/-0.6441) - [test] loss: 2.6844 (+/-0.6669)
2019-07-20 06:25:05,462 INFO - logger - Iter 15200 - time: 30    - [train] loss: 2.558  (+/-0.7824) - [valid] loss: 1.983  (+/-0.381 ) - [test] loss: 2.6748 (+/-0.614 )
2019-07-20 06:25:36,529 INFO - logger - Iter 15300 - time: 31    - [train] loss: 2.5605 (+/-0.7487) - [valid] loss: 2.6654 (+/-0.8496) - [test] loss: 2.1215 (+/-0.4624)
2019-07-20 06:26:07,607 INFO - logger - Iter 15400 - time: 31    - [train] loss: 2.1621 (+/-0.4003) - [valid] loss: 2.2994 (+/-0.6374) - [test] loss: 2.6937 (+/-0.8518)
2019-07-20 06:26:39,373 INFO - logger - Iter 15500 - time: 31    - [train] loss: 2.3003 (+/-0.5455) - [valid] loss: 2.1031 (+/-0.4192) - [test] loss: 2.8963 (+/-0.6256)
2019-07-20 06:27:10,075 INFO - logger - Iter 15600 - time: 30    - [train] loss: 2.8009 (+/-0.9654) - [valid] loss: 2.2487 (+/-0.4987) - [test] loss: 2.6646 (+/-0.5942)
2019-07-20 06:27:40,634 INFO - logger - Iter 15700 - time: 30    - [train] loss: 2.1934 (+/-0.6136) - [valid] loss: 2.5199 (+/-0.951 ) - [test] loss: 2.3326 (+/-0.5114)
2019-07-20 06:28:12,320 INFO - logger - Iter 15800 - time: 31    - [train] loss: 2.2893 (+/-0.5408) - [valid] loss: 2.4342 (+/-0.6033) - [test] loss: 2.4111 (+/-0.5287)
2019-07-20 06:28:42,418 INFO - logger - Iter 15900 - time: 30    - [train] loss: 2.5096 (+/-0.5548) - [valid] loss: 2.8662 (+/-0.7359) - [test] loss: 2.4228 (+/-0.7636)
2019-07-20 06:29:14,392 INFO - logger - Iter 16000 - time: 31    - [train] loss: 2.7553 (+/-0.573 ) - [valid] loss: 2.6633 (+/-0.7419) - [test] loss: 2.3127 (+/-0.6937)
2019-07-20 06:29:45,492 INFO - logger - Iter 16100 - time: 31    - [train] loss: 2.5738 (+/-0.6715) - [valid] loss: 2.3852 (+/-0.5723) - [test] loss: 2.6536 (+/-0.6081)
2019-07-20 06:30:16,508 INFO - logger - Iter 16200 - time: 31    - [train] loss: 1.8664 (+/-0.4819) - [valid] loss: 2.2571 (+/-0.5326) - [test] loss: 2.1604 (+/-0.5102)
2019-07-20 06:30:46,879 INFO - logger - Iter 16300 - time: 30    - [train] loss: 2.2725 (+/-0.5281) - [valid] loss: 2.6272 (+/-0.5974) - [test] loss: 2.4875 (+/-0.5235)
2019-07-20 06:31:18,668 INFO - logger - Iter 16400 - time: 31    - [train] loss: 2.2281 (+/-0.5872) - [valid] loss: 1.9112 (+/-0.461 ) - [test] loss: 2.1979 (+/-0.4582)
2019-07-20 06:31:50,061 INFO - logger - Iter 16500 - time: 31    - [train] loss: 2.0872 (+/-0.4455) - [valid] loss: 2.4985 (+/-0.7352) - [test] loss: 3.5777 (+/-1.0782)
2019-07-20 06:32:20,923 INFO - logger - Iter 16600 - time: 30    - [train] loss: 3.1656 (+/-1.8142) - [valid] loss: 2.6249 (+/-0.6345) - [test] loss: 2.3302 (+/-0.4726)
2019-07-20 06:32:51,398 INFO - logger - Iter 16700 - time: 30    - [train] loss: 2.2585 (+/-0.4647) - [valid] loss: 2.8679 (+/-0.7287) - [test] loss: 2.1904 (+/-0.5421)
2019-07-20 06:33:21,498 INFO - logger - Iter 16800 - time: 30    - [train] loss: 2.3841 (+/-0.4993) - [valid] loss: 2.9622 (+/-1.3896) - [test] loss: 2.4374 (+/-0.5606)
2019-07-20 06:33:52,307 INFO - logger - Iter 16900 - time: 30    - [train] loss: 2.5295 (+/-0.5493) - [valid] loss: 2.0729 (+/-0.5531) - [test] loss: 2.4337 (+/-0.6272)
2019-07-20 06:34:23,717 INFO - logger - Iter 17000 - time: 31    - [train] loss: 1.9049 (+/-0.4998) - [valid] loss: 1.8633 (+/-0.4061) - [test] loss: 2.0574 (+/-0.4578)
2019-07-20 06:34:54,165 INFO - logger - Iter 17100 - time: 30    - [train] loss: 2.3662 (+/-0.5095) - [valid] loss: 2.4226 (+/-0.5412) - [test] loss: 2.5007 (+/-0.442 )
2019-07-20 06:35:25,317 INFO - logger - Iter 17200 - time: 31    - [train] loss: 2.2343 (+/-0.4911) - [valid] loss: 2.4226 (+/-0.6213) - [test] loss: 2.9022 (+/-0.6552)
2019-07-20 06:35:56,078 INFO - logger - Iter 17300 - time: 30    - [train] loss: 2.3445 (+/-0.5666) - [valid] loss: 2.5175 (+/-0.5092) - [test] loss: 2.0985 (+/-0.4401)
2019-07-20 06:36:27,134 INFO - logger - Iter 17400 - time: 31    - [train] loss: 2.4048 (+/-0.4913) - [valid] loss: 2.3268 (+/-0.5601) - [test] loss: 2.6571 (+/-0.5909)
2019-07-20 06:36:58,507 INFO - logger - Iter 17500 - time: 31    - [train] loss: 1.7779 (+/-0.3808) - [valid] loss: 1.897  (+/-0.407 ) - [test] loss: 2.0121 (+/-0.4985)
2019-07-20 06:37:30,736 INFO - logger - Iter 17600 - time: 32    - [train] loss: 2.3754 (+/-0.512 ) - [valid] loss: 2.1756 (+/-0.4262) - [test] loss: 2.2539 (+/-0.4734)
2019-07-20 06:38:01,665 INFO - logger - Iter 17700 - time: 30    - [train] loss: 2.6352 (+/-0.649 ) - [valid] loss: 1.8575 (+/-0.4621) - [test] loss: 1.8542 (+/-0.4267)
2019-07-20 06:38:32,920 INFO - logger - Iter 17800 - time: 31    - [train] loss: 2.0113 (+/-0.4023) - [valid] loss: 2.752  (+/-0.4843) - [test] loss: 2.4776 (+/-1.1141)
2019-07-20 06:39:03,470 INFO - logger - Iter 17900 - time: 30    - [train] loss: 2.7327 (+/-0.5902) - [valid] loss: 1.8843 (+/-0.4457) - [test] loss: 1.9375 (+/-0.4333)
2019-07-20 06:39:35,436 INFO - logger - Iter 18000 - time: 31    - [train] loss: 2.3854 (+/-0.6214) - [valid] loss: 2.3319 (+/-0.5271) - [test] loss: 2.1766 (+/-0.5067)
2019-07-20 06:40:06,040 INFO - logger - Iter 18100 - time: 30    - [train] loss: 2.0723 (+/-0.5174) - [valid] loss: 2.3339 (+/-0.5107) - [test] loss: 2.1763 (+/-0.634 )
2019-07-20 06:40:36,750 INFO - logger - Iter 18200 - time: 30    - [train] loss: 1.9594 (+/-0.4458) - [valid] loss: 2.6329 (+/-0.5992) - [test] loss: 2.2204 (+/-0.477 )
2019-07-20 06:41:07,685 INFO - logger - Iter 18300 - time: 30    - [train] loss: 1.9143 (+/-0.4254) - [valid] loss: 1.8011 (+/-0.4184) - [test] loss: 1.7771 (+/-0.4306)
2019-07-20 06:41:38,756 INFO - logger - Iter 18400 - time: 31    - [train] loss: 2.3589 (+/-0.5041) - [valid] loss: 1.871  (+/-0.4123) - [test] loss: 2.288  (+/-0.4981)
2019-07-20 06:42:10,250 INFO - logger - Iter 18500 - time: 31    - [train] loss: 2.3333 (+/-0.5241) - [valid] loss: 2.1698 (+/-0.4744) - [test] loss: 1.9653 (+/-0.4501)
2019-07-20 06:42:41,040 INFO - logger - Iter 18600 - time: 30    - [train] loss: 1.8328 (+/-0.4123) - [valid] loss: 2.2242 (+/-0.5279) - [test] loss: 2.3303 (+/-0.597 )
2019-07-20 06:43:12,060 INFO - logger - Iter 18700 - time: 31    - [train] loss: 1.6969 (+/-0.432 ) - [valid] loss: 1.7065 (+/-0.3631) - [test] loss: 1.7991 (+/-0.4309)
2019-07-20 06:43:43,351 INFO - logger - Iter 18800 - time: 31    - [train] loss: 2.181  (+/-0.8001) - [valid] loss: 1.6666 (+/-0.4758) - [test] loss: 2.3171 (+/-0.5784)
2019-07-20 06:44:13,951 INFO - logger - Iter 18900 - time: 30    - [train] loss: 2.2751 (+/-0.4776) - [valid] loss: 1.8099 (+/-0.3707) - [test] loss: 1.9733 (+/-0.533 )
2019-07-20 06:44:45,009 INFO - logger - Iter 19000 - time: 31    - [train] loss: 1.8822 (+/-0.4078) - [valid] loss: 2.6157 (+/-0.7582) - [test] loss: 2.0738 (+/-0.4553)
2019-07-20 06:45:16,327 INFO - logger - Iter 19100 - time: 31    - [train] loss: 2.4618 (+/-0.5136) - [valid] loss: 2.2884 (+/-0.5272) - [test] loss: 2.0702 (+/-0.4618)
2019-07-20 06:45:46,593 INFO - logger - Iter 19200 - time: 30    - [train] loss: 1.8125 (+/-0.5166) - [valid] loss: 1.9002 (+/-0.4163) - [test] loss: 1.976  (+/-0.4449)
2019-07-20 06:46:17,535 INFO - logger - Iter 19300 - time: 30    - [train] loss: 2.1336 (+/-0.4767) - [valid] loss: 1.9898 (+/-0.5133) - [test] loss: 2.0953 (+/-0.3786)
2019-07-20 06:46:48,840 INFO - logger - Iter 19400 - time: 31    - [train] loss: 2.3204 (+/-0.6883) - [valid] loss: 1.5966 (+/-0.3606) - [test] loss: 2.3688 (+/-0.6656)
2019-07-20 06:47:19,303 INFO - logger - Iter 19500 - time: 30    - [train] loss: 1.8306 (+/-0.6791) - [valid] loss: 2.378  (+/-0.4834) - [test] loss: 1.9979 (+/-0.4967)
2019-07-20 06:47:49,606 INFO - logger - Iter 19600 - time: 30    - [train] loss: 2.0366 (+/-0.5721) - [valid] loss: 1.9364 (+/-0.4614) - [test] loss: 2.1276 (+/-0.5111)
2019-07-20 06:48:21,047 INFO - logger - Iter 19700 - time: 31    - [train] loss: 2.4602 (+/-0.626 ) - [valid] loss: 2.0537 (+/-0.3825) - [test] loss: 1.5566 (+/-0.3986)
2019-07-20 06:48:52,421 INFO - logger - Iter 19800 - time: 31    - [train] loss: 2.3033 (+/-0.7828) - [valid] loss: 1.8584 (+/-0.4355) - [test] loss: 2.1689 (+/-0.464 )
2019-07-20 06:49:23,574 INFO - logger - Iter 19900 - time: 31    - [train] loss: 2.0744 (+/-0.4832) - [valid] loss: 2.0136 (+/-0.4079) - [test] loss: 1.754  (+/-0.3379)
2019-07-20 06:49:54,699 INFO - logger - Iter 20000 - time: 31    - [train] loss: 1.9654 (+/-0.6124) - [valid] loss: 1.8222 (+/-0.4962) - [test] loss: 2.0315 (+/-0.4226)
2019-07-20 06:50:25,554 INFO - logger - Iter 20100 - time: 30    - [train] loss: 1.8695 (+/-0.4799) - [valid] loss: 1.5508 (+/-0.2915) - [test] loss: 2.1872 (+/-0.6365)
2019-07-20 06:50:56,484 INFO - logger - Iter 20200 - time: 30    - [train] loss: 1.8522 (+/-0.3608) - [valid] loss: 1.9123 (+/-0.4019) - [test] loss: 2.0234 (+/-0.4187)
2019-07-20 06:51:26,921 INFO - logger - Iter 20300 - time: 30    - [train] loss: 1.9209 (+/-0.5662) - [valid] loss: 1.9139 (+/-0.4954) - [test] loss: 1.4723 (+/-0.3926)
2019-07-20 06:51:57,559 INFO - logger - Iter 20400 - time: 30    - [train] loss: 1.3226 (+/-0.3273) - [valid] loss: 1.8751 (+/-0.4456) - [test] loss: 2.0221 (+/-0.4733)
2019-07-20 06:52:28,141 INFO - logger - Iter 20500 - time: 30    - [train] loss: 1.6207 (+/-0.4142) - [valid] loss: 1.4683 (+/-0.3443) - [test] loss: 2.4774 (+/-0.594 )
2019-07-20 06:52:58,846 INFO - logger - Iter 20600 - time: 30    - [train] loss: 1.8015 (+/-0.3714) - [valid] loss: 1.7908 (+/-0.468 ) - [test] loss: 2.0675 (+/-0.8463)
2019-07-20 06:53:29,210 INFO - logger - Iter 20700 - time: 30    - [train] loss: 2.7078 (+/-1.9558) - [valid] loss: 1.9847 (+/-0.4236) - [test] loss: 1.7183 (+/-0.4051)
2019-07-20 06:54:01,463 INFO - logger - Iter 20800 - time: 32    - [train] loss: 2.0096 (+/-0.4409) - [valid] loss: 1.499  (+/-0.3126) - [test] loss: 1.9063 (+/-0.4699)
2019-07-20 06:54:31,865 INFO - logger - Iter 20900 - time: 30    - [train] loss: 1.7431 (+/-0.4399) - [valid] loss: 2.0335 (+/-0.6341) - [test] loss: 1.4572 (+/-0.349 )
2019-07-20 06:55:03,355 INFO - logger - Iter 21000 - time: 31    - [train] loss: 1.7788 (+/-0.3405) - [valid] loss: 1.8415 (+/-0.4315) - [test] loss: 1.439  (+/-0.3074)
2019-07-20 06:55:34,018 INFO - logger - Iter 21100 - time: 30    - [train] loss: 2.3608 (+/-0.8722) - [valid] loss: 1.8501 (+/-0.4029) - [test] loss: 1.6493 (+/-0.3613)
2019-07-20 06:56:05,865 INFO - logger - Iter 21200 - time: 31    - [train] loss: 1.8346 (+/-0.5136) - [valid] loss: 1.2069 (+/-0.2958) - [test] loss: 1.7091 (+/-0.3657)
2019-07-20 06:56:37,373 INFO - logger - Iter 21300 - time: 31    - [train] loss: 2.2626 (+/-0.6011) - [valid] loss: 1.8655 (+/-0.386 ) - [test] loss: 1.767  (+/-0.4024)
2019-07-20 06:57:07,671 INFO - logger - Iter 21400 - time: 30    - [train] loss: 1.9991 (+/-0.4414) - [valid] loss: 1.4591 (+/-0.3401) - [test] loss: 1.354  (+/-0.3294)
2019-07-20 06:57:37,798 INFO - logger - Iter 21500 - time: 30    - [train] loss: 1.6127 (+/-0.3857) - [valid] loss: 1.6611 (+/-0.4037) - [test] loss: 1.4997 (+/-0.3847)
2019-07-20 06:58:08,784 INFO - logger - Iter 21600 - time: 30    - [train] loss: 1.9688 (+/-0.4052) - [valid] loss: 1.8424 (+/-0.4489) - [test] loss: 1.5728 (+/-0.3303)
2019-07-20 06:58:39,241 INFO - logger - Iter 21700 - time: 30    - [train] loss: 2.0082 (+/-0.7005) - [valid] loss: 1.5849 (+/-0.4197) - [test] loss: 1.7864 (+/-0.5678)
2019-07-20 06:59:09,810 INFO - logger - Iter 21800 - time: 30    - [train] loss: 1.606  (+/-0.3355) - [valid] loss: 2.0009 (+/-0.5454) - [test] loss: 1.3599 (+/-0.4761)
2019-07-20 06:59:41,673 INFO - logger - Iter 21900 - time: 31    - [train] loss: 1.314  (+/-0.3035) - [valid] loss: 1.8723 (+/-0.4827) - [test] loss: 1.812  (+/-0.3923)
2019-07-20 07:00:12,524 INFO - logger - Iter 22000 - time: 30    - [train] loss: 1.4701 (+/-0.33  ) - [valid] loss: 1.9829 (+/-0.4702) - [test] loss: 1.5875 (+/-0.3949)
2019-07-20 07:00:43,614 INFO - logger - Iter 22100 - time: 31    - [train] loss: 1.232  (+/-0.27  ) - [valid] loss: 1.6069 (+/-0.3935) - [test] loss: 2.0355 (+/-0.4226)
2019-07-20 07:01:14,672 INFO - logger - Iter 22200 - time: 31    - [train] loss: 2.06   (+/-0.7025) - [valid] loss: 1.5347 (+/-0.3399) - [test] loss: 2.1282 (+/-0.493 )
2019-07-20 07:01:45,599 INFO - logger - Iter 22300 - time: 30    - [train] loss: 2.0236 (+/-0.5052) - [valid] loss: 1.5044 (+/-0.3429) - [test] loss: 1.8173 (+/-0.341 )
2019-07-20 07:02:15,114 INFO - logger - Iter 22400 - time: 29    - [train] loss: 1.7573 (+/-0.4238) - [valid] loss: 1.6143 (+/-0.4006) - [test] loss: 1.7621 (+/-0.392 )
2019-07-20 07:02:46,024 INFO - logger - Iter 22500 - time: 30    - [train] loss: 1.6249 (+/-0.3805) - [valid] loss: 1.9534 (+/-0.6832) - [test] loss: 1.8645 (+/-0.4881)
2019-07-20 07:03:16,578 INFO - logger - Iter 22600 - time: 30    - [train] loss: 1.5323 (+/-0.4283) - [valid] loss: 1.6566 (+/-0.3804) - [test] loss: 1.5356 (+/-0.3787)
2019-07-20 07:03:46,903 INFO - logger - Iter 22700 - time: 30    - [train] loss: 1.3515 (+/-0.3062) - [valid] loss: 1.7346 (+/-0.3733) - [test] loss: 1.8083 (+/-0.4217)
2019-07-20 07:04:18,490 INFO - logger - Iter 22800 - time: 31    - [train] loss: 1.5631 (+/-0.3705) - [valid] loss: 1.8396 (+/-0.4878) - [test] loss: 1.5271 (+/-0.3737)
2019-07-20 07:04:48,878 INFO - logger - Iter 22900 - time: 30    - [train] loss: 1.6526 (+/-0.4534) - [valid] loss: 1.8546 (+/-0.4774) - [test] loss: 1.4541 (+/-0.428 )
2019-07-20 07:05:19,683 INFO - logger - Iter 23000 - time: 30    - [train] loss: 1.6888 (+/-0.5206) - [valid] loss: 1.795  (+/-0.5096) - [test] loss: 1.604  (+/-0.3703)
2019-07-20 07:05:50,693 INFO - logger - Iter 23100 - time: 31    - [train] loss: 1.6923 (+/-0.4375) - [valid] loss: 1.6595 (+/-0.3671) - [test] loss: 2.0098 (+/-0.6072)
2019-07-20 07:06:21,088 INFO - logger - Iter 23200 - time: 30    - [train] loss: 1.5624 (+/-0.3407) - [valid] loss: 1.6723 (+/-0.4611) - [test] loss: 1.6176 (+/-0.3799)
2019-07-20 07:06:52,462 INFO - logger - Iter 23300 - time: 31    - [train] loss: 1.6168 (+/-0.3557) - [valid] loss: 1.9566 (+/-0.9524) - [test] loss: 1.2152 (+/-0.2706)
2019-07-20 07:07:24,247 INFO - logger - Iter 23400 - time: 31    - [train] loss: 1.6151 (+/-0.361 ) - [valid] loss: 1.6932 (+/-0.512 ) - [test] loss: 1.7325 (+/-0.3505)
2019-07-20 07:07:55,114 INFO - logger - Iter 23500 - time: 30    - [train] loss: 1.9314 (+/-0.5341) - [valid] loss: 1.1704 (+/-0.2419) - [test] loss: 2.0515 (+/-0.5031)
2019-07-20 07:08:25,680 INFO - logger - Iter 23600 - time: 30    - [train] loss: 1.3156 (+/-0.2788) - [valid] loss: 1.5002 (+/-0.45  ) - [test] loss: 1.6546 (+/-0.4444)
2019-07-20 07:08:56,606 INFO - logger - Iter 23700 - time: 30    - [train] loss: 1.7429 (+/-0.6469) - [valid] loss: 1.4587 (+/-0.3596) - [test] loss: 1.288  (+/-0.2706)
2019-07-20 07:09:27,855 INFO - logger - Iter 23800 - time: 31    - [train] loss: 1.9207 (+/-0.4216) - [valid] loss: 1.5034 (+/-0.3425) - [test] loss: 1.5243 (+/-0.3952)
2019-07-20 07:09:59,000 INFO - logger - Iter 23900 - time: 31    - [train] loss: 1.547  (+/-0.4194) - [valid] loss: 1.8202 (+/-0.4004) - [test] loss: 1.4655 (+/-0.3727)
2019-07-20 07:10:29,735 INFO - logger - Iter 24000 - time: 30    - [train] loss: 1.5731 (+/-0.3219) - [valid] loss: 1.3867 (+/-0.3679) - [test] loss: 1.6279 (+/-0.4651)
2019-07-20 07:10:59,995 INFO - logger - Iter 24100 - time: 30    - [train] loss: 1.6114 (+/-0.3865) - [valid] loss: 1.7029 (+/-0.3668) - [test] loss: 1.5618 (+/-0.372 )
2019-07-20 07:11:29,978 INFO - logger - Iter 24200 - time: 29    - [train] loss: 1.4821 (+/-0.472 ) - [valid] loss: 1.4718 (+/-0.3265) - [test] loss: 1.4473 (+/-0.4068)
2019-07-20 07:11:59,519 INFO - logger - Iter 24300 - time: 29    - [train] loss: 1.5522 (+/-0.3764) - [valid] loss: 1.2847 (+/-0.3691) - [test] loss: 1.3898 (+/-0.3966)
2019-07-20 07:12:29,809 INFO - logger - Iter 24400 - time: 30    - [train] loss: 1.6428 (+/-0.4034) - [valid] loss: 1.5289 (+/-0.3717) - [test] loss: 1.3939 (+/-0.3216)
2019-07-20 07:13:00,486 INFO - logger - Iter 24500 - time: 30    - [train] loss: 1.8678 (+/-0.5155) - [valid] loss: 2.0142 (+/-0.472 ) - [test] loss: 1.3557 (+/-0.4573)
2019-07-20 07:13:30,691 INFO - logger - Iter 24600 - time: 30    - [train] loss: 1.3874 (+/-0.3307) - [valid] loss: 1.5952 (+/-0.2979) - [test] loss: 1.3721 (+/-0.3691)
2019-07-20 07:14:00,800 INFO - logger - Iter 24700 - time: 30    - [train] loss: 1.6566 (+/-0.5403) - [valid] loss: 1.3656 (+/-0.5193) - [test] loss: 1.6333 (+/-0.4871)
2019-07-20 07:14:30,876 INFO - logger - Iter 24800 - time: 30    - [train] loss: 1.5893 (+/-0.5616) - [valid] loss: 1.1653 (+/-0.2702) - [test] loss: 1.0238 (+/-0.3   )
2019-07-20 07:15:01,525 INFO - logger - Iter 24900 - time: 30    - [train] loss: 1.4652 (+/-0.3247) - [valid] loss: 1.5178 (+/-0.3489) - [test] loss: 1.4538 (+/-0.3939)
2019-07-20 07:15:31,545 INFO - logger - Iter 25000 - time: 30    - [train] loss: 1.4486 (+/-0.3929) - [valid] loss: 1.8435 (+/-0.4351) - [test] loss: 1.3935 (+/-0.3977)
2019-07-20 07:16:00,947 INFO - logger - Iter 25100 - time: 29    - [train] loss: 1.5643 (+/-0.3831) - [valid] loss: 1.3394 (+/-0.5506) - [test] loss: 2.0948 (+/-1.4211)
2019-07-20 07:16:30,987 INFO - logger - Iter 25200 - time: 30    - [train] loss: 1.5069 (+/-0.3313) - [valid] loss: 1.8521 (+/-0.3967) - [test] loss: 1.2684 (+/-0.3167)
2019-07-20 07:17:01,119 INFO - logger - Iter 25300 - time: 30    - [train] loss: 1.476  (+/-0.454 ) - [valid] loss: 1.3298 (+/-0.3783) - [test] loss: 1.4623 (+/-0.4576)
2019-07-20 07:17:31,519 INFO - logger - Iter 25400 - time: 30    - [train] loss: 1.39   (+/-0.3658) - [valid] loss: 1.2396 (+/-0.4276) - [test] loss: 1.7254 (+/-0.4637)
2019-07-20 07:18:01,042 INFO - logger - Iter 25500 - time: 29    - [train] loss: 1.274  (+/-0.3802) - [valid] loss: 1.5892 (+/-0.439 ) - [test] loss: 1.2313 (+/-0.3264)
2019-07-20 07:18:30,995 INFO - logger - Iter 25600 - time: 29    - [train] loss: 1.7526 (+/-0.4094) - [valid] loss: 1.7532 (+/-0.3917) - [test] loss: 1.4462 (+/-0.3879)
2019-07-20 07:19:01,357 INFO - logger - Iter 25700 - time: 30    - [train] loss: 1.5193 (+/-0.3379) - [valid] loss: 1.6205 (+/-0.3508) - [test] loss: 1.623  (+/-0.4367)
2019-07-20 07:19:31,404 INFO - logger - Iter 25800 - time: 30    - [train] loss: 1.4897 (+/-0.3981) - [valid] loss: 1.6062 (+/-0.3762) - [test] loss: 1.8521 (+/-0.3988)
2019-07-20 07:20:01,960 INFO - logger - Iter 25900 - time: 30    - [train] loss: 1.4602 (+/-0.3407) - [valid] loss: 1.4332 (+/-0.3018) - [test] loss: 1.6082 (+/-0.3661)
2019-07-20 07:20:31,484 INFO - logger - Iter 26000 - time: 29    - [train] loss: 1.2189 (+/-0.3381) - [valid] loss: 1.8531 (+/-0.4735) - [test] loss: 1.6065 (+/-0.3346)
2019-07-20 07:21:01,999 INFO - logger - Iter 26100 - time: 30    - [train] loss: 1.4131 (+/-0.379 ) - [valid] loss: 1.3136 (+/-0.2909) - [test] loss: 1.282  (+/-0.3431)
2019-07-20 07:21:31,596 INFO - logger - Iter 26200 - time: 29    - [train] loss: 1.6043 (+/-0.3867) - [valid] loss: 1.7382 (+/-0.444 ) - [test] loss: 1.2281 (+/-0.26  )
2019-07-20 07:22:01,862 INFO - logger - Iter 26300 - time: 30    - [train] loss: 1.7069 (+/-0.4167) - [valid] loss: 1.2542 (+/-0.3394) - [test] loss: 1.3447 (+/-0.3872)
2019-07-20 07:22:31,816 INFO - logger - Iter 26400 - time: 29    - [train] loss: 1.4101 (+/-0.3371) - [valid] loss: 1.3369 (+/-0.3526) - [test] loss: 1.2335 (+/-0.2701)
2019-07-20 07:23:01,999 INFO - logger - Iter 26500 - time: 30    - [train] loss: 1.9167 (+/-0.5206) - [valid] loss: 1.2555 (+/-0.303 ) - [test] loss: 1.4249 (+/-0.3362)
2019-07-20 07:23:31,646 INFO - logger - Iter 26600 - time: 29    - [train] loss: 1.8901 (+/-0.4707) - [valid] loss: 1.7802 (+/-0.6785) - [test] loss: 2.0193 (+/-0.9142)
2019-07-20 07:24:01,646 INFO - logger - Iter 26700 - time: 29    - [train] loss: 1.736  (+/-0.4252) - [valid] loss: 1.4242 (+/-0.3296) - [test] loss: 1.5558 (+/-0.3464)
2019-07-20 07:24:31,402 INFO - logger - Iter 26800 - time: 29    - [train] loss: 1.507  (+/-0.3579) - [valid] loss: 1.6212 (+/-0.3515) - [test] loss: 1.4705 (+/-0.5527)
2019-07-20 07:25:00,674 INFO - logger - Iter 26900 - time: 29    - [train] loss: 1.5088 (+/-0.3438) - [valid] loss: 1.3488 (+/-0.3038) - [test] loss: 1.1967 (+/-0.3395)
2019-07-20 07:25:29,789 INFO - logger - Iter 27000 - time: 29    - [train] loss: 1.6297 (+/-0.5054) - [valid] loss: 1.2919 (+/-0.3129) - [test] loss: 1.5969 (+/-0.3817)
2019-07-20 07:26:00,115 INFO - logger - Iter 27100 - time: 30    - [train] loss: 1.0827 (+/-0.2718) - [valid] loss: 1.3925 (+/-0.3642) - [test] loss: 1.7379 (+/-0.377 )
2019-07-20 07:26:30,044 INFO - logger - Iter 27200 - time: 29    - [train] loss: 1.2366 (+/-0.2618) - [valid] loss: 1.407  (+/-0.3399) - [test] loss: 1.5917 (+/-0.5808)
2019-07-20 07:26:58,997 INFO - logger - Iter 27300 - time: 28    - [train] loss: 1.2405 (+/-0.3474) - [valid] loss: 1.2394 (+/-0.2653) - [test] loss: 1.4409 (+/-0.3138)
2019-07-20 07:27:28,411 INFO - logger - Iter 27400 - time: 29    - [train] loss: 1.2318 (+/-0.2737) - [valid] loss: 1.2452 (+/-0.2947) - [test] loss: 1.3197 (+/-0.3673)
2019-07-20 07:27:57,873 INFO - logger - Iter 27500 - time: 29    - [train] loss: 1.739  (+/-0.5988) - [valid] loss: 1.0905 (+/-0.2817) - [test] loss: 1.3156 (+/-0.3476)
2019-07-20 07:28:27,927 INFO - logger - Iter 27600 - time: 30    - [train] loss: 1.5632 (+/-0.3708) - [valid] loss: 1.3079 (+/-0.2721) - [test] loss: 1.249  (+/-0.2771)
2019-07-20 07:28:58,977 INFO - logger - Iter 27700 - time: 31    - [train] loss: 1.6612 (+/-0.4857) - [valid] loss: 1.231  (+/-0.2824) - [test] loss: 1.2884 (+/-0.2989)
2019-07-20 07:29:28,948 INFO - logger - Iter 27800 - time: 29    - [train] loss: 1.4061 (+/-0.4867) - [valid] loss: 1.1638 (+/-0.3171) - [test] loss: 1.1344 (+/-0.304 )
2019-07-20 07:29:58,292 INFO - logger - Iter 27900 - time: 29    - [train] loss: 1.3173 (+/-0.2973) - [valid] loss: 1.4333 (+/-0.367 ) - [test] loss: 1.5723 (+/-0.3493)
2019-07-20 07:30:28,483 INFO - logger - Iter 28000 - time: 30    - [train] loss: 1.2161 (+/-0.2489) - [valid] loss: 1.4263 (+/-0.4753) - [test] loss: 1.4938 (+/-0.3198)
2019-07-20 07:30:57,837 INFO - logger - Iter 28100 - time: 29    - [train] loss: 1.5087 (+/-0.3794) - [valid] loss: 1.4418 (+/-0.3593) - [test] loss: 0.9681 (+/-0.2207)
2019-07-20 07:31:28,476 INFO - logger - Iter 28200 - time: 30    - [train] loss: 1.4538 (+/-0.4877) - [valid] loss: 1.1701 (+/-0.3301) - [test] loss: 1.7413 (+/-0.7569)
2019-07-20 07:31:58,101 INFO - logger - Iter 28300 - time: 29    - [train] loss: 1.1211 (+/-0.2706) - [valid] loss: 1.4416 (+/-0.4528) - [test] loss: 1.1921 (+/-0.2815)
2019-07-20 07:32:27,307 INFO - logger - Iter 28400 - time: 29    - [train] loss: 1.2712 (+/-0.4576) - [valid] loss: 1.0707 (+/-0.2411) - [test] loss: 1.2139 (+/-0.3165)
2019-07-20 07:32:56,319 INFO - logger - Iter 28500 - time: 29    - [train] loss: 1.3236 (+/-0.3259) - [valid] loss: 1.2957 (+/-0.3226) - [test] loss: 1.2585 (+/-0.3658)
2019-07-20 07:33:27,373 INFO - logger - Iter 28600 - time: 31    - [train] loss: 1.7472 (+/-0.6475) - [valid] loss: 2.0129 (+/-0.764 ) - [test] loss: 1.4802 (+/-0.3745)
2019-07-20 07:33:57,525 INFO - logger - Iter 28700 - time: 30    - [train] loss: 1.4991 (+/-0.3092) - [valid] loss: 1.367  (+/-0.3776) - [test] loss: 1.6504 (+/-0.3466)
2019-07-20 07:34:27,041 INFO - logger - Iter 28800 - time: 29    - [train] loss: 1.1609 (+/-0.2956) - [valid] loss: 1.382  (+/-0.3963) - [test] loss: 1.1929 (+/-0.3214)
2019-07-20 07:34:57,000 INFO - logger - Iter 28900 - time: 29    - [train] loss: 1.1245 (+/-0.2903) - [valid] loss: 1.3182 (+/-0.4036) - [test] loss: 1.1816 (+/-0.3226)
2019-07-20 07:35:26,309 INFO - logger - Iter 29000 - time: 29    - [train] loss: 1.225  (+/-0.3821) - [valid] loss: 1.34   (+/-0.3515) - [test] loss: 2.1932 (+/-1.1796)
2019-07-20 07:35:57,781 INFO - logger - Iter 29100 - time: 31    - [train] loss: 1.3829 (+/-0.4266) - [valid] loss: 1.4063 (+/-0.4266) - [test] loss: 1.3782 (+/-0.4145)
2019-07-20 07:36:26,915 INFO - logger - Iter 29200 - time: 29    - [train] loss: 1.35   (+/-0.3393) - [valid] loss: 1.2368 (+/-0.2983) - [test] loss: 1.5003 (+/-0.539 )
2019-07-20 07:36:56,572 INFO - logger - Iter 29300 - time: 29    - [train] loss: 1.0287 (+/-0.2261) - [valid] loss: 1.2923 (+/-0.3518) - [test] loss: 1.3577 (+/-0.3349)
2019-07-20 07:37:26,446 INFO - logger - Iter 29400 - time: 29    - [train] loss: 1.5719 (+/-0.4235) - [valid] loss: 1.0534 (+/-0.2713) - [test] loss: 1.2275 (+/-0.2762)
2019-07-20 07:37:56,750 INFO - logger - Iter 29500 - time: 30    - [train] loss: 1.2051 (+/-0.3008) - [valid] loss: 1.0506 (+/-0.2859) - [test] loss: 1.0827 (+/-0.2931)
2019-07-20 07:38:26,441 INFO - logger - Iter 29600 - time: 29    - [train] loss: 1.4102 (+/-0.4414) - [valid] loss: 1.1371 (+/-0.2609) - [test] loss: 1.1906 (+/-0.2599)
2019-07-20 07:38:55,942 INFO - logger - Iter 29700 - time: 29    - [train] loss: 0.965  (+/-0.2235) - [valid] loss: 0.959  (+/-0.2365) - [test] loss: 1.0558 (+/-0.2912)
2019-07-20 07:39:25,630 INFO - logger - Iter 29800 - time: 29    - [train] loss: 1.2249 (+/-0.3031) - [valid] loss: 1.2034 (+/-0.358 ) - [test] loss: 1.1942 (+/-0.3991)
2019-07-20 07:39:54,934 INFO - logger - Iter 29900 - time: 29    - [train] loss: 1.5504 (+/-0.3832) - [valid] loss: 1.6032 (+/-0.7068) - [test] loss: 1.8782 (+/-0.5349)
2019-07-20 07:40:25,698 INFO - logger - Iter 30000 - time: 30    - [train] loss: 1.8884 (+/-0.6412) - [valid] loss: 1.5257 (+/-0.4929) - [test] loss: 1.6639 (+/-0.3907)
2019-07-20 07:40:55,123 INFO - logger - Iter 30100 - time: 29    - [train] loss: 1.5452 (+/-0.4246) - [valid] loss: 1.8173 (+/-0.8105) - [test] loss: 1.8698 (+/-0.487 )
2019-07-20 07:41:25,531 INFO - logger - Iter 30200 - time: 30    - [train] loss: 1.5958 (+/-0.4341) - [valid] loss: 1.5953 (+/-0.6792) - [test] loss: 1.7407 (+/-0.5656)
2019-07-20 07:41:54,885 INFO - logger - Iter 30300 - time: 29    - [train] loss: 1.8154 (+/-0.4816) - [valid] loss: 1.8712 (+/-0.6135) - [test] loss: 1.8879 (+/-0.876 )
2019-07-20 07:42:25,581 INFO - logger - Iter 30400 - time: 30    - [train] loss: 1.1676 (+/-0.2908) - [valid] loss: 1.1199 (+/-0.2973) - [test] loss: 1.6498 (+/-0.4795)
2019-07-20 07:42:56,563 INFO - logger - Iter 30500 - time: 30    - [train] loss: 2.1594 (+/-0.5699) - [valid] loss: 2.2644 (+/-0.6343) - [test] loss: 1.6808 (+/-0.5046)
2019-07-20 07:43:26,447 INFO - logger - Iter 30600 - time: 29    - [train] loss: 2.0609 (+/-0.6404) - [valid] loss: 1.904  (+/-0.49  ) - [test] loss: 1.4713 (+/-0.3223)
2019-07-20 07:43:55,826 INFO - logger - Iter 30700 - time: 29    - [train] loss: 1.5271 (+/-0.3971) - [valid] loss: 1.8781 (+/-0.4517) - [test] loss: 1.3921 (+/-0.3047)
2019-07-20 07:44:24,376 INFO - logger - Iter 30800 - time: 28    - [train] loss: 1.9489 (+/-0.4157) - [valid] loss: 1.6793 (+/-0.433 ) - [test] loss: 1.4093 (+/-0.3329)
2019-07-20 07:44:55,579 INFO - logger - Iter 30900 - time: 31    - [train] loss: 1.4453 (+/-0.39  ) - [valid] loss: 1.6288 (+/-0.4374) - [test] loss: 1.3963 (+/-0.3521)
2019-07-20 07:45:25,659 INFO - logger - Iter 31000 - time: 30    - [train] loss: 1.6491 (+/-0.4163) - [valid] loss: 1.9467 (+/-0.5134) - [test] loss: 1.5985 (+/-0.3728)
2019-07-20 07:45:55,247 INFO - logger - Iter 31100 - time: 29    - [train] loss: 2.4897 (+/-1.0284) - [valid] loss: 1.5736 (+/-0.4452) - [test] loss: 1.9068 (+/-0.5721)
2019-07-20 07:46:25,034 INFO - logger - Iter 31200 - time: 29    - [train] loss: 1.6876 (+/-0.4506) - [valid] loss: 2.1741 (+/-0.8487) - [test] loss: 1.7018 (+/-0.417 )
2019-07-20 07:46:55,784 INFO - logger - Iter 31300 - time: 30    - [train] loss: 2.2955 (+/-0.6651) - [valid] loss: 1.5022 (+/-0.3747) - [test] loss: 1.7869 (+/-0.4665)
2019-07-20 07:47:25,449 INFO - logger - Iter 31400 - time: 29    - [train] loss: 1.4681 (+/-0.3276) - [valid] loss: 1.6477 (+/-0.447 ) - [test] loss: 1.4472 (+/-0.3234)
2019-07-20 07:47:54,803 INFO - logger - Iter 31500 - time: 29    - [train] loss: 3.3095 (+/-3.2396) - [valid] loss: 1.6051 (+/-0.3545) - [test] loss: 1.6775 (+/-0.5392)
2019-07-20 07:48:24,296 INFO - logger - Iter 31600 - time: 29    - [train] loss: 1.8928 (+/-0.7772) - [valid] loss: 2.8515 (+/-1.689 ) - [test] loss: 1.6534 (+/-0.467 )
2019-07-20 07:48:53,177 INFO - logger - Iter 31700 - time: 28    - [train] loss: 1.6013 (+/-0.4937) - [valid] loss: 1.7745 (+/-0.4749) - [test] loss: 1.6726 (+/-0.375 )
2019-07-20 07:49:24,027 INFO - logger - Iter 31800 - time: 30    - [train] loss: 2.4433 (+/-0.7643) - [valid] loss: 1.8647 (+/-0.7378) - [test] loss: 1.5142 (+/-0.5121)
2019-07-20 07:49:52,828 INFO - logger - Iter 31900 - time: 28    - [train] loss: 1.5174 (+/-0.3871) - [valid] loss: 1.8498 (+/-0.5283) - [test] loss: 1.4978 (+/-0.3287)
2019-07-20 07:50:21,758 INFO - logger - Iter 32000 - time: 28    - [train] loss: 1.7357 (+/-0.5189) - [valid] loss: 1.8889 (+/-0.5958) - [test] loss: 1.5682 (+/-0.3858)
2019-07-20 07:50:51,450 INFO - logger - Iter 32100 - time: 29    - [train] loss: 1.8388 (+/-0.3812) - [valid] loss: 1.6287 (+/-0.3719) - [test] loss: 2.5987 (+/-1.412 )
2019-07-20 07:51:20,957 INFO - logger - Iter 32200 - time: 29    - [train] loss: 1.6829 (+/-0.6475) - [valid] loss: 1.7589 (+/-0.4905) - [test] loss: 2.069  (+/-0.885 )
2019-07-20 07:51:50,687 INFO - logger - Iter 32300 - time: 29    - [train] loss: 1.967  (+/-0.6291) - [valid] loss: 1.592  (+/-0.4214) - [test] loss: 1.6615 (+/-0.3708)
2019-07-20 07:52:19,802 INFO - logger - Iter 32400 - time: 29    - [train] loss: 1.7158 (+/-0.409 ) - [valid] loss: 1.151  (+/-0.3304) - [test] loss: 1.6763 (+/-0.4077)
2019-07-20 07:52:49,836 INFO - logger - Iter 32500 - time: 30    - [train] loss: 1.616  (+/-0.3607) - [valid] loss: 1.2925 (+/-0.3135) - [test] loss: 2.6953 (+/-1.2914)
2019-07-20 07:53:19,493 INFO - logger - Iter 32600 - time: 29    - [train] loss: 1.7589 (+/-0.4659) - [valid] loss: 1.691  (+/-0.4048) - [test] loss: 1.6823 (+/-0.4537)
2019-07-20 07:53:48,399 INFO - logger - Iter 32700 - time: 28    - [train] loss: 1.4106 (+/-0.3597) - [valid] loss: 1.8413 (+/-0.5001) - [test] loss: 1.4628 (+/-0.4417)
2019-07-20 07:54:18,698 INFO - logger - Iter 32800 - time: 30    - [train] loss: 1.7381 (+/-0.4693) - [valid] loss: 1.6874 (+/-0.4962) - [test] loss: 1.5312 (+/-0.3768)
2019-07-20 07:54:48,012 INFO - logger - Iter 32900 - time: 29    - [train] loss: 1.3683 (+/-0.321 ) - [valid] loss: 1.4864 (+/-0.3528) - [test] loss: 1.6689 (+/-0.4331)
2019-07-20 07:55:17,152 INFO - logger - Iter 33000 - time: 29    - [train] loss: 1.8606 (+/-0.4248) - [valid] loss: 1.3619 (+/-0.3511) - [test] loss: 1.3844 (+/-0.3714)
2019-07-20 07:55:46,474 INFO - logger - Iter 33100 - time: 29    - [train] loss: 1.5536 (+/-0.3972) - [valid] loss: 1.5462 (+/-0.4722) - [test] loss: 1.5174 (+/-0.471 )
2019-07-20 07:56:15,678 INFO - logger - Iter 33200 - time: 29    - [train] loss: 1.5759 (+/-0.4019) - [valid] loss: 1.6507 (+/-0.4182) - [test] loss: 1.8871 (+/-0.5017)
2019-07-20 07:56:45,013 INFO - logger - Iter 33300 - time: 29    - [train] loss: 1.496  (+/-0.3531) - [valid] loss: 1.6959 (+/-0.7797) - [test] loss: 1.4146 (+/-0.3461)
2019-07-20 07:57:14,695 INFO - logger - Iter 33400 - time: 29    - [train] loss: 1.5908 (+/-0.5772) - [valid] loss: 1.5629 (+/-0.4378) - [test] loss: 1.8726 (+/-0.6121)
2019-07-20 07:57:44,871 INFO - logger - Iter 33500 - time: 30    - [train] loss: 1.7923 (+/-0.3944) - [valid] loss: 1.1795 (+/-0.2611) - [test] loss: 1.8639 (+/-0.4971)
2019-07-20 07:58:14,281 INFO - logger - Iter 33600 - time: 29    - [train] loss: 1.7053 (+/-0.5141) - [valid] loss: 1.7609 (+/-0.4063) - [test] loss: 1.3795 (+/-0.3579)
2019-07-20 07:58:43,489 INFO - logger - Iter 33700 - time: 29    - [train] loss: 1.7844 (+/-0.4411) - [valid] loss: 1.5897 (+/-0.394 ) - [test] loss: 1.5336 (+/-0.3678)
2019-07-20 07:59:13,457 INFO - logger - Iter 33800 - time: 29    - [train] loss: 1.4976 (+/-0.4733) - [valid] loss: 1.6053 (+/-0.4372) - [test] loss: 2.6512 (+/-2.0719)
2019-07-20 07:59:42,409 INFO - logger - Iter 33900 - time: 28    - [train] loss: 1.6625 (+/-0.422 ) - [valid] loss: 1.9758 (+/-0.7096) - [test] loss: 1.5436 (+/-0.3855)
2019-07-20 08:00:13,779 INFO - logger - Iter 34000 - time: 31    - [train] loss: 1.2499 (+/-0.3568) - [valid] loss: 1.7425 (+/-0.4756) - [test] loss: 1.3566 (+/-0.3385)
2019-07-20 08:00:43,144 INFO - logger - Iter 34100 - time: 29    - [train] loss: 2.8131 (+/-1.5263) - [valid] loss: 1.2889 (+/-0.2587) - [test] loss: 1.6689 (+/-0.4986)
2019-07-20 08:01:12,504 INFO - logger - Iter 34200 - time: 29    - [train] loss: 1.5437 (+/-0.3324) - [valid] loss: 1.5826 (+/-0.3575) - [test] loss: 1.2222 (+/-0.2775)
2019-07-20 08:01:41,883 INFO - logger - Iter 34300 - time: 29    - [train] loss: 1.7193 (+/-0.536 ) - [valid] loss: 1.801  (+/-0.4323) - [test] loss: 1.3173 (+/-0.2871)
2019-07-20 08:02:12,372 INFO - logger - Iter 34400 - time: 30    - [train] loss: 2.2781 (+/-0.7488) - [valid] loss: 1.7129 (+/-0.5427) - [test] loss: 1.5596 (+/-0.379 )
2019-07-20 08:02:41,742 INFO - logger - Iter 34500 - time: 29    - [train] loss: 1.7456 (+/-0.3901) - [valid] loss: 1.21   (+/-0.2981) - [test] loss: 1.7341 (+/-0.3797)
2019-07-20 08:03:12,004 INFO - logger - Iter 34600 - time: 30    - [train] loss: 1.6155 (+/-0.4591) - [valid] loss: 1.1736 (+/-0.2522) - [test] loss: 1.6944 (+/-0.4441)
2019-07-20 08:03:40,962 INFO - logger - Iter 34700 - time: 28    - [train] loss: 1.1406 (+/-0.2936) - [valid] loss: 1.2625 (+/-0.2903) - [test] loss: 1.71   (+/-0.4217)
2019-07-20 08:04:11,065 INFO - logger - Iter 34800 - time: 30    - [train] loss: 1.9779 (+/-0.581 ) - [valid] loss: 1.1902 (+/-0.2847) - [test] loss: 1.8325 (+/-0.4546)
2019-07-20 08:04:41,241 INFO - logger - Iter 34900 - time: 30    - [train] loss: 1.7415 (+/-1.016 ) - [valid] loss: 1.2065 (+/-0.3045) - [test] loss: 1.3972 (+/-0.3204)
2019-07-20 08:05:10,799 INFO - logger - Iter 35000 - time: 29    - [train] loss: 1.5668 (+/-0.3934) - [valid] loss: 1.1891 (+/-0.3004) - [test] loss: 1.4854 (+/-0.3721)
2019-07-20 08:05:39,226 INFO - logger - Iter 35100 - time: 28    - [train] loss: 1.4742 (+/-0.3792) - [valid] loss: 1.6857 (+/-0.4727) - [test] loss: 1.5169 (+/-0.3523)
2019-07-20 08:06:08,423 INFO - logger - Iter 35200 - time: 29    - [train] loss: 1.3517 (+/-0.5101) - [valid] loss: 1.6594 (+/-0.4261) - [test] loss: 1.3049 (+/-0.2983)
2019-07-20 08:06:39,288 INFO - logger - Iter 35300 - time: 30    - [train] loss: 1.7286 (+/-0.3973) - [valid] loss: 1.2493 (+/-0.3112) - [test] loss: 1.7212 (+/-0.538 )
2019-07-20 08:07:09,316 INFO - logger - Iter 35400 - time: 30    - [train] loss: 2.0515 (+/-0.7626) - [valid] loss: 1.7464 (+/-0.5594) - [test] loss: 1.3428 (+/-0.3488)
2019-07-20 08:07:39,472 INFO - logger - Iter 35500 - time: 30    - [train] loss: 1.5778 (+/-0.5691) - [valid] loss: 1.2312 (+/-0.3103) - [test] loss: 1.7358 (+/-0.4552)
2019-07-20 08:08:08,829 INFO - logger - Iter 35600 - time: 29    - [train] loss: 1.7222 (+/-0.4678) - [valid] loss: 1.4972 (+/-0.4587) - [test] loss: 1.4979 (+/-0.3699)
2019-07-20 08:08:38,676 INFO - logger - Iter 35700 - time: 29    - [train] loss: 1.512  (+/-0.4415) - [valid] loss: 1.1152 (+/-0.311 ) - [test] loss: 1.4883 (+/-0.4364)
2019-07-20 08:09:08,878 INFO - logger - Iter 35800 - time: 30    - [train] loss: 1.2665 (+/-0.3028) - [valid] loss: 1.3602 (+/-0.3345) - [test] loss: 1.5669 (+/-0.4166)
2019-07-20 08:09:38,575 INFO - logger - Iter 35900 - time: 29    - [train] loss: 1.4797 (+/-0.339 ) - [valid] loss: 1.4518 (+/-0.3589) - [test] loss: 1.3526 (+/-0.3142)
2019-07-20 08:10:08,562 INFO - logger - Iter 36000 - time: 29    - [train] loss: 2.1063 (+/-1.6686) - [valid] loss: 1.0879 (+/-0.2688) - [test] loss: 1.5488 (+/-0.366 )
2019-07-20 08:10:38,030 INFO - logger - Iter 36100 - time: 29    - [train] loss: 1.1959 (+/-0.2697) - [valid] loss: 1.4552 (+/-0.3644) - [test] loss: 1.4958 (+/-0.4086)
2019-07-20 08:11:08,739 INFO - logger - Iter 36200 - time: 30    - [train] loss: 1.7353 (+/-0.5193) - [valid] loss: 1.4004 (+/-0.3291) - [test] loss: 1.4604 (+/-0.4673)
2019-07-20 08:11:38,086 INFO - logger - Iter 36300 - time: 29    - [train] loss: 1.5256 (+/-0.406 ) - [valid] loss: 1.5161 (+/-0.3902) - [test] loss: 1.5124 (+/-0.4846)
2019-07-20 08:12:07,371 INFO - logger - Iter 36400 - time: 29    - [train] loss: 1.2994 (+/-0.388 ) - [valid] loss: 1.5312 (+/-0.4034) - [test] loss: 1.852  (+/-0.4384)
2019-07-20 08:12:37,090 INFO - logger - Iter 36500 - time: 29    - [train] loss: 1.794  (+/-0.4494) - [valid] loss: 1.4476 (+/-0.3795) - [test] loss: 1.2791 (+/-0.3303)
2019-07-20 08:13:06,878 INFO - logger - Iter 36600 - time: 29    - [train] loss: 1.4292 (+/-0.3666) - [valid] loss: 1.3234 (+/-0.3184) - [test] loss: 1.3421 (+/-0.3011)
2019-07-20 08:13:37,248 INFO - logger - Iter 36700 - time: 30    - [train] loss: 1.2092 (+/-0.3215) - [valid] loss: 1.3721 (+/-0.3124) - [test] loss: 1.2009 (+/-0.4453)
2019-07-20 08:14:06,852 INFO - logger - Iter 36800 - time: 29    - [train] loss: 1.1781 (+/-0.3314) - [valid] loss: 1.651  (+/-0.378 ) - [test] loss: 1.3213 (+/-0.2925)
2019-07-20 08:14:36,540 INFO - logger - Iter 36900 - time: 29    - [train] loss: 1.2743 (+/-0.3105) - [valid] loss: 1.4809 (+/-0.3808) - [test] loss: 1.4602 (+/-0.3556)
2019-07-20 08:15:05,911 INFO - logger - Iter 37000 - time: 29    - [train] loss: 1.3669 (+/-0.3177) - [valid] loss: 1.3107 (+/-0.3   ) - [test] loss: 1.6948 (+/-0.3975)
2019-07-20 08:15:36,021 INFO - logger - Iter 37100 - time: 30    - [train] loss: 1.5053 (+/-0.3534) - [valid] loss: 1.5401 (+/-0.4018) - [test] loss: 1.4358 (+/-0.4028)
2019-07-20 08:16:05,012 INFO - logger - Iter 37200 - time: 28    - [train] loss: 1.141  (+/-0.2854) - [valid] loss: 1.2859 (+/-0.3011) - [test] loss: 1.257  (+/-0.3225)
2019-07-20 08:16:33,777 INFO - logger - Iter 37300 - time: 28    - [train] loss: 1.5313 (+/-0.3584) - [valid] loss: 1.5085 (+/-0.3594) - [test] loss: 1.6819 (+/-0.4375)
2019-07-20 08:17:02,822 INFO - logger - Iter 37400 - time: 29    - [train] loss: 1.7446 (+/-0.374 ) - [valid] loss: 1.6154 (+/-0.3875) - [test] loss: 1.6131 (+/-0.4978)
2019-07-20 08:17:34,012 INFO - logger - Iter 37500 - time: 31    - [train] loss: 1.1695 (+/-0.3104) - [valid] loss: 1.4839 (+/-0.3596) - [test] loss: 1.1579 (+/-0.2705)
2019-07-20 08:18:03,424 INFO - logger - Iter 37600 - time: 29    - [train] loss: 1.4657 (+/-0.4209) - [valid] loss: 1.0254 (+/-0.2522) - [test] loss: 1.2476 (+/-0.3427)
2019-07-20 08:18:32,549 INFO - logger - Iter 37700 - time: 29    - [train] loss: 1.4286 (+/-0.3272) - [valid] loss: 1.4943 (+/-0.3503) - [test] loss: 1.2313 (+/-0.3034)
2019-07-20 08:19:01,225 INFO - logger - Iter 37800 - time: 28    - [train] loss: 1.4727 (+/-0.4255) - [valid] loss: 1.4188 (+/-0.4813) - [test] loss: 1.4046 (+/-0.3414)
2019-07-20 08:19:29,961 INFO - logger - Iter 37900 - time: 28    - [train] loss: 1.2917 (+/-0.2856) - [valid] loss: 1.1273 (+/-0.2553) - [test] loss: 1.407  (+/-0.3893)
2019-07-20 08:19:59,564 INFO - logger - Iter 38000 - time: 29    - [train] loss: 1.451  (+/-0.2865) - [valid] loss: 1.109  (+/-0.2963) - [test] loss: 1.4373 (+/-0.3408)
2019-07-20 08:20:28,540 INFO - logger - Iter 38100 - time: 28    - [train] loss: 1.5127 (+/-0.4212) - [valid] loss: 1.2725 (+/-0.3732) - [test] loss: 1.4185 (+/-0.3823)
2019-07-20 08:20:56,671 INFO - logger - Iter 38200 - time: 28    - [train] loss: 1.4281 (+/-0.3952) - [valid] loss: 2.3055 (+/-0.8923) - [test] loss: 1.2948 (+/-0.3376)
2019-07-20 08:21:25,313 INFO - logger - Iter 38300 - time: 28    - [train] loss: 1.4947 (+/-0.3663) - [valid] loss: 1.4473 (+/-0.3956) - [test] loss: 1.333  (+/-0.3418)
2019-07-20 08:21:53,415 INFO - logger - Iter 38400 - time: 28    - [train] loss: 1.3141 (+/-0.3212) - [valid] loss: 1.5017 (+/-0.5552) - [test] loss: 1.7172 (+/-1.1878)
2019-07-20 08:22:21,691 INFO - logger - Iter 38500 - time: 28    - [train] loss: 1.3302 (+/-0.3468) - [valid] loss: 1.3945 (+/-0.3117) - [test] loss: 1.6238 (+/-0.4002)
2019-07-20 08:22:50,251 INFO - logger - Iter 38600 - time: 28    - [train] loss: 1.2535 (+/-0.2856) - [valid] loss: 1.4948 (+/-0.4061) - [test] loss: 1.4293 (+/-0.3229)
2019-07-20 08:23:17,784 INFO - logger - Iter 38700 - time: 27    - [train] loss: 1.2816 (+/-0.34  ) - [valid] loss: 1.1097 (+/-0.288 ) - [test] loss: 1.3411 (+/-0.2974)
2019-07-20 08:23:46,203 INFO - logger - Iter 38800 - time: 28    - [train] loss: 1.2149 (+/-0.3606) - [valid] loss: 1.2956 (+/-0.3982) - [test] loss: 1.3409 (+/-0.4763)
2019-07-20 08:24:14,750 INFO - logger - Iter 38900 - time: 28    - [train] loss: 1.6026 (+/-0.5412) - [valid] loss: 1.7382 (+/-0.4947) - [test] loss: 1.3832 (+/-0.3833)
2019-07-20 08:24:43,117 INFO - logger - Iter 39000 - time: 28    - [train] loss: 1.4503 (+/-0.4107) - [valid] loss: 1.6321 (+/-0.415 ) - [test] loss: 1.2075 (+/-0.281 )
2019-07-20 08:25:13,675 INFO - logger - Iter 39100 - time: 30    - [train] loss: 1.193  (+/-0.3284) - [valid] loss: 1.2866 (+/-0.3983) - [test] loss: 1.2391 (+/-0.3436)
2019-07-20 08:25:42,653 INFO - logger - Iter 39200 - time: 28    - [train] loss: 1.1636 (+/-0.2909) - [valid] loss: 1.3137 (+/-0.2916) - [test] loss: 1.4411 (+/-0.4969)
2019-07-20 08:26:11,095 INFO - logger - Iter 39300 - time: 28    - [train] loss: 1.0739 (+/-0.3164) - [valid] loss: 1.2994 (+/-0.4826) - [test] loss: 1.3847 (+/-0.3392)
2019-07-20 08:26:39,820 INFO - logger - Iter 39400 - time: 28    - [train] loss: 1.4788 (+/-0.3402) - [valid] loss: 1.1403 (+/-0.3704) - [test] loss: 1.6626 (+/-0.7982)
2019-07-20 08:27:09,472 INFO - logger - Iter 39500 - time: 29    - [train] loss: 1.4112 (+/-0.3638) - [valid] loss: 1.0529 (+/-0.3039) - [test] loss: 1.3721 (+/-0.508 )
2019-07-20 08:27:38,018 INFO - logger - Iter 39600 - time: 28    - [train] loss: 1.1293 (+/-0.2712) - [valid] loss: 1.1209 (+/-0.2625) - [test] loss: 1.264  (+/-0.2888)
2019-07-20 08:28:07,066 INFO - logger - Iter 39700 - time: 29    - [train] loss: 0.9299 (+/-0.2506) - [valid] loss: 1.0412 (+/-0.3323) - [test] loss: 1.1428 (+/-0.2911)
2019-07-20 08:28:35,261 INFO - logger - Iter 39800 - time: 28    - [train] loss: 1.2524 (+/-0.3223) - [valid] loss: 1.5225 (+/-0.3822) - [test] loss: 1.1761 (+/-0.2528)
2019-07-20 08:29:04,207 INFO - logger - Iter 39900 - time: 28    - [train] loss: 1.6171 (+/-0.4116) - [valid] loss: 1.3236 (+/-0.3572) - [test] loss: 1.3463 (+/-0.3124)
2019-07-20 08:29:33,711 INFO - logger - Iter 40000 - time: 29    - [train] loss: 1.2142 (+/-0.2903) - [valid] loss: 1.1205 (+/-0.2825) - [test] loss: 1.1724 (+/-0.3397)
2019-07-20 08:30:02,628 INFO - logger - Iter 40100 - time: 28    - [train] loss: 1.3566 (+/-0.3082) - [valid] loss: 1.4236 (+/-0.3324) - [test] loss: 1.4624 (+/-0.3754)
2019-07-20 08:30:30,912 INFO - logger - Iter 40200 - time: 28    - [train] loss: 1.2046 (+/-0.2989) - [valid] loss: 1.3187 (+/-0.4868) - [test] loss: 1.4902 (+/-0.4067)
2019-07-20 08:31:00,607 INFO - logger - Iter 40300 - time: 29    - [train] loss: 1.4075 (+/-0.3128) - [valid] loss: 1.5768 (+/-0.4183) - [test] loss: 1.1516 (+/-0.2835)
2019-07-20 08:31:30,753 INFO - logger - Iter 40400 - time: 30    - [train] loss: 1.5228 (+/-0.3728) - [valid] loss: 1.3846 (+/-0.4528) - [test] loss: 1.2254 (+/-0.2953)
2019-07-20 08:31:59,503 INFO - logger - Iter 40500 - time: 28    - [train] loss: 1.1239 (+/-0.3045) - [valid] loss: 1.5347 (+/-0.4101) - [test] loss: 1.2019 (+/-0.309 )
2019-07-20 08:32:27,361 INFO - logger - Iter 40600 - time: 27    - [train] loss: 1.3831 (+/-0.368 ) - [valid] loss: 1.4385 (+/-0.4255) - [test] loss: 1.1136 (+/-0.2554)
2019-07-20 08:32:56,341 INFO - logger - Iter 40700 - time: 28    - [train] loss: 1.2262 (+/-0.2849) - [valid] loss: 1.5885 (+/-0.489 ) - [test] loss: 1.0614 (+/-0.2901)
2019-07-20 08:33:25,786 INFO - logger - Iter 40800 - time: 29    - [train] loss: 1.3628 (+/-0.4068) - [valid] loss: 1.4516 (+/-0.4168) - [test] loss: 1.269  (+/-0.3788)
2019-07-20 08:33:54,114 INFO - logger - Iter 40900 - time: 28    - [train] loss: 1.2665 (+/-0.308 ) - [valid] loss: 1.1274 (+/-0.3164) - [test] loss: 1.4693 (+/-0.4019)
2019-07-20 08:34:23,345 INFO - logger - Iter 41000 - time: 29    - [train] loss: 1.3424 (+/-0.3798) - [valid] loss: 1.2108 (+/-0.2906) - [test] loss: 1.1644 (+/-0.2838)
2019-07-20 08:34:52,739 INFO - logger - Iter 41100 - time: 29    - [train] loss: 1.0501 (+/-0.2428) - [valid] loss: 1.6369 (+/-0.4052) - [test] loss: 1.1243 (+/-0.3127)
2019-07-20 08:35:23,180 INFO - logger - Iter 41200 - time: 30    - [train] loss: 1.2975 (+/-0.3127) - [valid] loss: 1.2056 (+/-0.3235) - [test] loss: 1.0211 (+/-0.3054)
2019-07-20 08:35:51,756 INFO - logger - Iter 41300 - time: 28    - [train] loss: 1.4764 (+/-0.3491) - [valid] loss: 1.4697 (+/-0.3623) - [test] loss: 1.1505 (+/-0.3057)
2019-07-20 08:36:21,179 INFO - logger - Iter 41400 - time: 29    - [train] loss: 1.3185 (+/-0.5153) - [valid] loss: 1.1112 (+/-0.2727) - [test] loss: 1.5343 (+/-0.3442)
2019-07-20 08:36:50,363 INFO - logger - Iter 41500 - time: 29    - [train] loss: 3.2652 (+/-2.4527) - [valid] loss: 2.2317 (+/-0.9986) - [test] loss: 2.3496 (+/-1.3774)
2019-07-20 08:37:20,995 INFO - logger - Iter 41600 - time: 30    - [train] loss: 1.6582 (+/-0.4499) - [valid] loss: 3.7303 (+/-2.7891) - [test] loss: 3.0943 (+/-1.5341)
2019-07-20 08:37:49,797 INFO - logger - Iter 41700 - time: 28    - [train] loss: 7.0029 (+/-7.3264) - [valid] loss: 1.9693 (+/-0.4481) - [test] loss: 2.0131 (+/-0.6055)
2019-07-20 08:38:18,116 INFO - logger - Iter 41800 - time: 28    - [train] loss: 2.5855 (+/-0.767 ) - [valid] loss: 2.0562 (+/-0.5643) - [test] loss: 2.0074 (+/-0.8066)
2019-07-20 08:38:47,237 INFO - logger - Iter 41900 - time: 29    - [train] loss: 2.2135 (+/-0.9383) - [valid] loss: 1.7824 (+/-0.4968) - [test] loss: 2.0547 (+/-0.5457)
2019-07-20 08:39:17,178 INFO - logger - Iter 42000 - time: 29    - [train] loss: 1.6708 (+/-0.4586) - [valid] loss: 1.9557 (+/-0.6382) - [test] loss: 2.2687 (+/-0.7232)
2019-07-20 08:39:45,566 INFO - logger - Iter 42100 - time: 28    - [train] loss: 1.961  (+/-0.574 ) - [valid] loss: 2.0796 (+/-0.6732) - [test] loss: 3.5681 (+/-2.9382)
2019-07-20 08:40:14,482 INFO - logger - Iter 42200 - time: 28    - [train] loss: 1.6901 (+/-0.3786) - [valid] loss: 1.5505 (+/-0.3493) - [test] loss: 2.936  (+/-1.5642)
2019-07-20 08:40:43,340 INFO - logger - Iter 42300 - time: 28    - [train] loss: 1.7716 (+/-0.4899) - [valid] loss: 1.8901 (+/-0.4675) - [test] loss: 1.8312 (+/-0.4852)
2019-07-20 08:41:14,410 INFO - logger - Iter 42400 - time: 31    - [train] loss: 2.2193 (+/-1.29  ) - [valid] loss: 1.7284 (+/-0.4491) - [test] loss: 1.6973 (+/-0.4428)
2019-07-20 08:41:43,626 INFO - logger - Iter 42500 - time: 29    - [train] loss: 1.7051 (+/-0.5512) - [valid] loss: 1.9946 (+/-0.7814) - [test] loss: 1.8936 (+/-1.1171)
2019-07-20 08:42:12,606 INFO - logger - Iter 42600 - time: 28    - [train] loss: 2.8861 (+/-1.9073) - [valid] loss: 1.3137 (+/-0.2782) - [test] loss: 1.8496 (+/-0.5021)
2019-07-20 08:42:40,843 INFO - logger - Iter 42700 - time: 28    - [train] loss: 1.638  (+/-0.419 ) - [valid] loss: 1.7391 (+/-0.7093) - [test] loss: 1.4266 (+/-0.4577)
2019-07-20 08:43:11,321 INFO - logger - Iter 42800 - time: 30    - [train] loss: 1.4733 (+/-0.3313) - [valid] loss: 1.3842 (+/-0.3225) - [test] loss: 1.9101 (+/-0.5309)
2019-07-20 08:43:39,817 INFO - logger - Iter 42900 - time: 28    - [train] loss: 2.1635 (+/-1.4288) - [valid] loss: 1.5236 (+/-0.4641) - [test] loss: 2.0318 (+/-0.6367)
2019-07-20 08:44:08,262 INFO - logger - Iter 43000 - time: 28    - [train] loss: 1.7636 (+/-0.4344) - [valid] loss: 1.6614 (+/-0.4963) - [test] loss: 1.5014 (+/-0.3503)
2019-07-20 08:44:37,289 INFO - logger - Iter 43100 - time: 29    - [train] loss: 1.65   (+/-0.4484) - [valid] loss: 1.8333 (+/-0.7271) - [test] loss: 1.1907 (+/-0.3041)
2019-07-20 08:45:05,955 INFO - logger - Iter 43200 - time: 28    - [train] loss: 1.4813 (+/-0.3911) - [valid] loss: 1.7855 (+/-1.1172) - [test] loss: 1.8619 (+/-0.5114)
2019-07-20 08:45:34,825 INFO - logger - Iter 43300 - time: 28    - [train] loss: 2.2029 (+/-1.5284) - [valid] loss: 1.82   (+/-0.4765) - [test] loss: 1.9226 (+/-0.7858)
2019-07-20 08:46:04,086 INFO - logger - Iter 43400 - time: 29    - [train] loss: 1.4848 (+/-0.3655) - [valid] loss: 1.8131 (+/-0.7942) - [test] loss: 2.7163 (+/-1.8364)
2019-07-20 08:46:32,547 INFO - logger - Iter 43500 - time: 28    - [train] loss: 1.1277 (+/-0.2357) - [valid] loss: 1.5685 (+/-0.4572) - [test] loss: 1.8324 (+/-0.6117)
2019-07-20 08:47:01,596 INFO - logger - Iter 43600 - time: 29    - [train] loss: 1.3561 (+/-0.3512) - [valid] loss: 1.2556 (+/-0.2926) - [test] loss: 1.2242 (+/-0.3032)
2019-07-20 08:47:30,470 INFO - logger - Iter 43700 - time: 28    - [train] loss: 1.7047 (+/-0.3603) - [valid] loss: 0.9523 (+/-0.1872) - [test] loss: 1.4765 (+/-0.3119)
2019-07-20 08:47:59,694 INFO - logger - Iter 43800 - time: 29    - [train] loss: 1.8899 (+/-0.5199) - [valid] loss: 1.6184 (+/-0.4515) - [test] loss: 1.6276 (+/-0.4893)
2019-07-20 08:48:28,695 INFO - logger - Iter 43900 - time: 29    - [train] loss: 1.3436 (+/-0.3311) - [valid] loss: 1.7473 (+/-0.625 ) - [test] loss: 1.6709 (+/-0.4376)
2019-07-20 08:48:56,570 INFO - logger - Iter 44000 - time: 27    - [train] loss: 1.5609 (+/-0.4943) - [valid] loss: 1.5643 (+/-0.3624) - [test] loss: 1.8128 (+/-0.4871)
2019-07-20 08:49:25,314 INFO - logger - Iter 44100 - time: 28    - [train] loss: 1.2989 (+/-0.3584) - [valid] loss: 1.784  (+/-0.7365) - [test] loss: 1.7927 (+/-0.7371)
2019-07-20 08:49:54,285 INFO - logger - Iter 44200 - time: 28    - [train] loss: 1.7493 (+/-0.3598) - [valid] loss: 1.632  (+/-0.4349) - [test] loss: 2.0796 (+/-0.5535)
2019-07-20 08:50:23,162 INFO - logger - Iter 44300 - time: 28    - [train] loss: 1.9227 (+/-0.6006) - [valid] loss: 1.7403 (+/-0.7403) - [test] loss: 1.7621 (+/-0.5404)
2019-07-20 08:50:53,702 INFO - logger - Iter 44400 - time: 30    - [train] loss: 1.9608 (+/-1.0281) - [valid] loss: 1.8518 (+/-0.682 ) - [test] loss: 1.9957 (+/-0.8181)
2019-07-20 08:51:23,083 INFO - logger - Iter 44500 - time: 29    - [train] loss: 1.3317 (+/-0.3979) - [valid] loss: 1.6787 (+/-0.3836) - [test] loss: 1.8526 (+/-0.4172)
2019-07-20 08:51:51,750 INFO - logger - Iter 44600 - time: 28    - [train] loss: 1.5539 (+/-0.4324) - [valid] loss: 1.8384 (+/-0.5552) - [test] loss: 1.1209 (+/-0.314 )
2019-07-20 08:52:20,189 INFO - logger - Iter 44700 - time: 28    - [train] loss: 1.1687 (+/-0.2942) - [valid] loss: 1.5096 (+/-0.3573) - [test] loss: 1.4558 (+/-0.3945)
2019-07-20 08:52:50,408 INFO - logger - Iter 44800 - time: 30    - [train] loss: 1.5527 (+/-0.4311) - [valid] loss: 1.31   (+/-0.3789) - [test] loss: 1.7299 (+/-0.4421)
2019-07-20 08:53:18,704 INFO - logger - Iter 44900 - time: 28    - [train] loss: 1.3795 (+/-0.3821) - [valid] loss: 1.535  (+/-0.3653) - [test] loss: 1.3345 (+/-0.3623)
2019-07-20 08:53:47,170 INFO - logger - Iter 45000 - time: 28    - [train] loss: 1.0282 (+/-0.2472) - [valid] loss: 1.4304 (+/-0.4318) - [test] loss: 1.6549 (+/-0.4335)
2019-07-20 08:54:15,190 INFO - logger - Iter 45100 - time: 28    - [train] loss: 1.4582 (+/-0.3377) - [valid] loss: 1.5155 (+/-0.4538) - [test] loss: 1.5626 (+/-0.381 )
2019-07-20 08:54:45,110 INFO - logger - Iter 45200 - time: 29    - [train] loss: 1.0999 (+/-0.2289) - [valid] loss: 1.7026 (+/-0.6304) - [test] loss: 1.4604 (+/-0.3872)
2019-07-20 08:55:13,722 INFO - logger - Iter 45300 - time: 28    - [train] loss: 1.4024 (+/-0.3848) - [valid] loss: 1.3812 (+/-0.3189) - [test] loss: 1.5872 (+/-0.3798)
2019-07-20 08:55:42,481 INFO - logger - Iter 45400 - time: 28    - [train] loss: 1.2925 (+/-0.3115) - [valid] loss: 1.1777 (+/-0.272 ) - [test] loss: 1.5768 (+/-0.3967)
2019-07-20 08:56:10,995 INFO - logger - Iter 45500 - time: 28    - [train] loss: 1.1798 (+/-0.346 ) - [valid] loss: 1.6142 (+/-0.4176) - [test] loss: 1.3556 (+/-0.4566)
2019-07-20 08:56:41,019 INFO - logger - Iter 45600 - time: 30    - [train] loss: 1.2812 (+/-0.3085) - [valid] loss: 1.6188 (+/-0.4997) - [test] loss: 1.4749 (+/-0.3637)
2019-07-20 08:57:10,353 INFO - logger - Iter 45700 - time: 29    - [train] loss: 1.5957 (+/-0.4754) - [valid] loss: 1.3415 (+/-0.3122) - [test] loss: 1.4726 (+/-0.4196)
2019-07-20 08:57:38,899 INFO - logger - Iter 45800 - time: 28    - [train] loss: 1.3648 (+/-0.3989) - [valid] loss: 1.3602 (+/-0.3231) - [test] loss: 1.5722 (+/-0.4009)
2019-07-20 08:58:08,271 INFO - logger - Iter 45900 - time: 29    - [train] loss: 1.3246 (+/-0.3301) - [valid] loss: 1.4129 (+/-0.2818) - [test] loss: 1.8321 (+/-0.6822)
2019-07-20 08:58:38,827 INFO - logger - Iter 46000 - time: 30    - [train] loss: 1.7611 (+/-0.5265) - [valid] loss: 1.147  (+/-0.2534) - [test] loss: 1.5736 (+/-0.542 )
2019-07-20 08:59:07,677 INFO - logger - Iter 46100 - time: 28    - [train] loss: 1.3926 (+/-0.358 ) - [valid] loss: 1.174  (+/-0.3357) - [test] loss: 1.3091 (+/-0.422 )
2019-07-20 08:59:36,228 INFO - logger - Iter 46200 - time: 28    - [train] loss: 1.5995 (+/-0.3594) - [valid] loss: 1.3687 (+/-0.3589) - [test] loss: 1.2683 (+/-0.2959)
2019-07-20 09:00:04,880 INFO - logger - Iter 46300 - time: 28    - [train] loss: 1.5771 (+/-0.4535) - [valid] loss: 1.3416 (+/-0.3124) - [test] loss: 1.2799 (+/-0.341 )
2019-07-20 09:00:34,127 INFO - logger - Iter 46400 - time: 29    - [train] loss: 1.4597 (+/-0.4686) - [valid] loss: 0.7953 (+/-0.18  ) - [test] loss: 1.4187 (+/-0.4654)
2019-07-20 09:01:04,360 INFO - logger - Iter 46500 - time: 30    - [train] loss: 1.3611 (+/-0.5523) - [valid] loss: 1.6133 (+/-0.465 ) - [test] loss: 1.5065 (+/-0.6533)
2019-07-20 09:01:32,971 INFO - logger - Iter 46600 - time: 28    - [train] loss: 1.341  (+/-0.4887) - [valid] loss: 1.7189 (+/-0.5226) - [test] loss: 1.2098 (+/-0.3082)
2019-07-20 09:02:01,531 INFO - logger - Iter 46700 - time: 28    - [train] loss: 1.3869 (+/-0.3433) - [valid] loss: 2.1274 (+/-1.5183) - [test] loss: 1.4592 (+/-0.3761)
2019-07-20 09:02:30,225 INFO - logger - Iter 46800 - time: 28    - [train] loss: 1.3327 (+/-0.4107) - [valid] loss: 1.2448 (+/-0.3621) - [test] loss: 1.5727 (+/-0.3683)
2019-07-20 09:03:00,303 INFO - logger - Iter 46900 - time: 30    - [train] loss: 1.3669 (+/-0.3355) - [valid] loss: 1.0606 (+/-0.278 ) - [test] loss: 1.7315 (+/-0.5375)
2019-07-20 09:03:28,511 INFO - logger - Iter 47000 - time: 28    - [train] loss: 1.2344 (+/-0.3254) - [valid] loss: 1.6425 (+/-0.3819) - [test] loss: 1.232  (+/-0.3163)
2019-07-20 09:03:57,603 INFO - logger - Iter 47100 - time: 29    - [train] loss: 1.3408 (+/-0.3713) - [valid] loss: 1.2579 (+/-0.3465) - [test] loss: 1.3841 (+/-0.3419)
2019-07-20 09:04:26,141 INFO - logger - Iter 47200 - time: 28    - [train] loss: 1.0978 (+/-0.3111) - [valid] loss: 1.2796 (+/-0.3375) - [test] loss: 1.2924 (+/-0.3691)
2019-07-20 09:04:55,922 INFO - logger - Iter 47300 - time: 29    - [train] loss: 1.5102 (+/-0.3836) - [valid] loss: 1.463  (+/-0.3567) - [test] loss: 1.0294 (+/-0.3199)
2019-07-20 09:05:24,764 INFO - logger - Iter 47400 - time: 28    - [train] loss: 1.0727 (+/-0.2409) - [valid] loss: 1.2933 (+/-0.2988) - [test] loss: 1.3834 (+/-0.3421)
2019-07-20 09:05:52,727 INFO - logger - Iter 47500 - time: 27    - [train] loss: 1.1771 (+/-0.3558) - [valid] loss: 1.487  (+/-0.5036) - [test] loss: 1.0889 (+/-0.2799)
2019-07-20 09:06:21,469 INFO - logger - Iter 47600 - time: 28    - [train] loss: 1.3538 (+/-0.3707) - [valid] loss: 1.3723 (+/-0.3403) - [test] loss: 1.1086 (+/-0.279 )
2019-07-20 09:06:52,423 INFO - logger - Iter 47700 - time: 30    - [train] loss: 1.3047 (+/-0.3059) - [valid] loss: 1.3443 (+/-0.527 ) - [test] loss: 1.3788 (+/-0.4089)
2019-07-20 09:07:21,309 INFO - logger - Iter 47800 - time: 28    - [train] loss: 1.1735 (+/-0.3047) - [valid] loss: 1.3167 (+/-0.312 ) - [test] loss: 1.258  (+/-0.3191)
2019-07-20 09:07:49,881 INFO - logger - Iter 47900 - time: 28    - [train] loss: 1.138  (+/-0.3183) - [valid] loss: 1.506  (+/-0.4959) - [test] loss: 1.3737 (+/-0.364 )
2019-07-20 09:08:19,461 INFO - logger - Iter 48000 - time: 29    - [train] loss: 1.4365 (+/-0.3391) - [valid] loss: 1.575  (+/-0.6262) - [test] loss: 1.1426 (+/-0.3336)
2019-07-20 09:08:51,451 INFO - logger - Iter 48100 - time: 31    - [train] loss: 1.1459 (+/-0.3209) - [valid] loss: 0.926  (+/-0.2071) - [test] loss: 1.4043 (+/-0.3779)
2019-07-20 09:09:20,399 INFO - logger - Iter 48200 - time: 28    - [train] loss: 1.129  (+/-0.275 ) - [valid] loss: 0.929  (+/-0.2346) - [test] loss: 1.3156 (+/-0.3674)
2019-07-20 09:09:48,955 INFO - logger - Iter 48300 - time: 28    - [train] loss: 1.0043 (+/-0.2308) - [valid] loss: 1.3134 (+/-0.3201) - [test] loss: 1.3778 (+/-0.2785)
2019-07-20 09:10:17,636 INFO - logger - Iter 48400 - time: 28    - [train] loss: 1.1128 (+/-0.2937) - [valid] loss: 1.1157 (+/-0.329 ) - [test] loss: 1.4166 (+/-0.5452)
2019-07-20 09:10:47,416 INFO - logger - Iter 48500 - time: 29    - [train] loss: 1.4661 (+/-0.3761) - [valid] loss: 1.459  (+/-0.3245) - [test] loss: 1.4807 (+/-0.3436)
2019-07-20 09:11:16,862 INFO - logger - Iter 48600 - time: 29    - [train] loss: 1.5196 (+/-0.4093) - [valid] loss: 1.4135 (+/-0.3905) - [test] loss: 1.2104 (+/-0.4041)
2019-07-20 09:11:46,406 INFO - logger - Iter 48700 - time: 29    - [train] loss: 1.1819 (+/-0.2801) - [valid] loss: 1.4118 (+/-0.3841) - [test] loss: 1.2043 (+/-0.2858)
2019-07-20 09:12:16,073 INFO - logger - Iter 48800 - time: 29    - [train] loss: 1.6532 (+/-0.4244) - [valid] loss: 1.304  (+/-0.3357) - [test] loss: 1.2339 (+/-0.2315)
2019-07-20 09:12:45,247 INFO - logger - Iter 48900 - time: 29    - [train] loss: 1.3743 (+/-0.394 ) - [valid] loss: 1.0616 (+/-0.2322) - [test] loss: 1.6525 (+/-0.8857)
2019-07-20 09:13:14,752 INFO - logger - Iter 49000 - time: 29    - [train] loss: 1.2215 (+/-0.2923) - [valid] loss: 1.3263 (+/-0.3383) - [test] loss: 1.3067 (+/-0.341 )
2019-07-20 09:13:43,914 INFO - logger - Iter 49100 - time: 29    - [train] loss: 1.6189 (+/-0.4337) - [valid] loss: 1.6116 (+/-0.647 ) - [test] loss: 1.2641 (+/-0.285 )
2019-07-20 09:14:13,225 INFO - logger - Iter 49200 - time: 29    - [train] loss: 1.3788 (+/-0.4271) - [valid] loss: 1.2146 (+/-0.3878) - [test] loss: 1.5865 (+/-0.5118)
2019-07-20 09:14:42,589 INFO - logger - Iter 49300 - time: 29    - [train] loss: 1.3572 (+/-0.3725) - [valid] loss: 1.3688 (+/-0.3092) - [test] loss: 1.3456 (+/-0.3072)
2019-07-20 09:15:10,950 INFO - logger - Iter 49400 - time: 28    - [train] loss: 1.397  (+/-0.3658) - [valid] loss: 1.3022 (+/-0.3421) - [test] loss: 0.8682 (+/-0.2081)
2019-07-20 09:15:39,314 INFO - logger - Iter 49500 - time: 28    - [train] loss: 1.0854 (+/-0.238 ) - [valid] loss: 1.08   (+/-0.2532) - [test] loss: 1.0958 (+/-0.3041)
2019-07-20 09:16:08,863 INFO - logger - Iter 49600 - time: 29    - [train] loss: 1.535  (+/-0.3775) - [valid] loss: 1.3752 (+/-0.2983) - [test] loss: 1.5028 (+/-0.4529)
2019-07-20 09:16:37,970 INFO - logger - Iter 49700 - time: 29    - [train] loss: 1.2349 (+/-0.2736) - [valid] loss: 1.2226 (+/-0.2684) - [test] loss: 1.3634 (+/-0.3623)
2019-07-20 09:17:08,848 INFO - logger - Iter 49800 - time: 30    - [train] loss: 1.0348 (+/-0.2433) - [valid] loss: 1.2322 (+/-0.2793) - [test] loss: 1.2079 (+/-0.3096)
2019-07-20 09:17:37,487 INFO - logger - Iter 49900 - time: 28    - [train] loss: 1.1709 (+/-0.3005) - [valid] loss: 1.2832 (+/-0.5258) - [test] loss: 1.2352 (+/-0.4629)
