2019-07-22 12:26:39,371 INFO - log_helper - Finished configuring logger
2019-07-22 12:26:41,503 INFO - logger - Iter 0    - time: 5     - [train] loss: 4.6296 (+/-0.7982) - [valid] loss: 4.2924 (+/-0.7421) - [test] loss: 4.0764 (+/-0.7789)
2019-07-22 12:27:08,363 INFO - logger - Iter 100  - time: 26    - [train] loss: 3.7484 (+/-0.6587) - [valid] loss: 3.3578 (+/-0.581 ) - [test] loss: 2.5893 (+/-0.5159)
2019-07-22 12:27:35,081 INFO - logger - Iter 200  - time: 26    - [train] loss: 2.2314 (+/-0.395 ) - [valid] loss: 2.1592 (+/-0.42  ) - [test] loss: 2.2077 (+/-0.4716)
2019-07-22 12:28:00,575 INFO - logger - Iter 300  - time: 25    - [train] loss: 1.7335 (+/-0.3685) - [valid] loss: 1.5028 (+/-0.2771) - [test] loss: 1.3516 (+/-0.2995)
2019-07-22 12:28:27,783 INFO - logger - Iter 400  - time: 27    - [train] loss: 1.1063 (+/-0.2472) - [valid] loss: 1.1576 (+/-0.2698) - [test] loss: 0.9323 (+/-0.2128)
2019-07-22 12:28:53,920 INFO - logger - Iter 500  - time: 26    - [train] loss: 0.6199 (+/-0.2186) - [valid] loss: 0.6766 (+/-0.149 ) - [test] loss: 0.7035 (+/-0.1498)
2019-07-22 12:29:20,058 INFO - logger - Iter 600  - time: 26    - [train] loss: 0.4349 (+/-0.0973) - [valid] loss: 0.6323 (+/-0.2415) - [test] loss: 0.6042 (+/-0.1752)
2019-07-22 12:29:46,459 INFO - logger - Iter 700  - time: 26    - [train] loss: 0.4169 (+/-0.1335) - [valid] loss: 0.4218 (+/-0.0891) - [test] loss: 0.4529 (+/-0.127 )
2019-07-22 12:30:12,823 INFO - logger - Iter 800  - time: 26    - [train] loss: 0.3759 (+/-0.1517) - [valid] loss: 0.2519 (+/-0.0584) - [test] loss: 0.354  (+/-0.0985)
2019-07-22 12:30:38,160 INFO - logger - Iter 900  - time: 25    - [train] loss: 0.4252 (+/-0.1187) - [valid] loss: 0.3895 (+/-0.0865) - [test] loss: 0.482  (+/-0.1562)
2019-07-22 12:31:05,584 INFO - logger - Iter 1000 - time: 27    - [train] loss: 0.3796 (+/-0.1162) - [valid] loss: 0.4531 (+/-0.1223) - [test] loss: 0.3762 (+/-0.1515)
2019-07-22 12:31:30,818 INFO - logger - Iter 1100 - time: 25    - [train] loss: 0.3283 (+/-0.0894) - [valid] loss: 0.2813 (+/-0.069 ) - [test] loss: 0.2338 (+/-0.0586)
2019-07-22 12:31:56,684 INFO - logger - Iter 1200 - time: 25    - [train] loss: 0.1821 (+/-0.0442) - [valid] loss: 0.2539 (+/-0.1069) - [test] loss: 0.2226 (+/-0.0531)
2019-07-22 12:32:22,544 INFO - logger - Iter 1300 - time: 25    - [train] loss: 0.2045 (+/-0.0498) - [valid] loss: 0.2444 (+/-0.0703) - [test] loss: 0.213  (+/-0.0577)
2019-07-22 12:32:49,236 INFO - logger - Iter 1400 - time: 26    - [train] loss: 0.1885 (+/-0.035 ) - [valid] loss: 0.2111 (+/-0.056 ) - [test] loss: 0.2266 (+/-0.0817)
2019-07-22 12:33:14,860 INFO - logger - Iter 1500 - time: 25    - [train] loss: 0.2683 (+/-0.0613) - [valid] loss: 0.2765 (+/-0.0711) - [test] loss: 0.2377 (+/-0.0574)
2019-07-22 12:33:40,020 INFO - logger - Iter 1600 - time: 25    - [train] loss: 0.2384 (+/-0.0819) - [valid] loss: 0.187  (+/-0.052 ) - [test] loss: 0.183  (+/-0.0428)
2019-07-22 12:34:05,996 INFO - logger - Iter 1700 - time: 25    - [train] loss: 0.1976 (+/-0.0794) - [valid] loss: 0.2063 (+/-0.0604) - [test] loss: 0.1827 (+/-0.053 )
2019-07-22 12:34:32,883 INFO - logger - Iter 1800 - time: 26    - [train] loss: 0.1516 (+/-0.0378) - [valid] loss: 0.1803 (+/-0.0711) - [test] loss: 0.1576 (+/-0.0366)
2019-07-22 12:34:58,784 INFO - logger - Iter 1900 - time: 25    - [train] loss: 0.1553 (+/-0.0413) - [valid] loss: 0.1816 (+/-0.0458) - [test] loss: 0.2338 (+/-0.0981)
2019-07-22 12:35:25,447 INFO - logger - Iter 2000 - time: 26    - [train] loss: 0.1701 (+/-0.0726) - [valid] loss: 0.1586 (+/-0.0379) - [test] loss: 0.1268 (+/-0.0293)
2019-07-22 12:35:52,315 INFO - logger - Iter 2100 - time: 26    - [train] loss: 0.1339 (+/-0.0416) - [valid] loss: 0.1309 (+/-0.0524) - [test] loss: 0.1827 (+/-0.0595)
2019-07-22 12:36:17,989 INFO - logger - Iter 2200 - time: 25    - [train] loss: 0.1207 (+/-0.0428) - [valid] loss: 0.1357 (+/-0.0542) - [test] loss: 0.1602 (+/-0.0879)
2019-07-22 12:36:45,363 INFO - logger - Iter 2300 - time: 27    - [train] loss: 0.1481 (+/-0.0369) - [valid] loss: 0.1867 (+/-0.0898) - [test] loss: 0.1799 (+/-0.0955)
2019-07-22 12:37:12,226 INFO - logger - Iter 2400 - time: 26    - [train] loss: 0.1029 (+/-0.0242) - [valid] loss: 0.1283 (+/-0.0349) - [test] loss: 0.1122 (+/-0.0213)
2019-07-22 12:37:40,037 INFO - logger - Iter 2500 - time: 27    - [train] loss: 0.1364 (+/-0.0568) - [valid] loss: 0.1289 (+/-0.0371) - [test] loss: 0.0973 (+/-0.0196)
2019-07-22 12:38:06,247 INFO - logger - Iter 2600 - time: 26    - [train] loss: 0.1567 (+/-0.0657) - [valid] loss: 0.1637 (+/-0.102 ) - [test] loss: 0.1334 (+/-0.0425)
2019-07-22 12:38:32,938 INFO - logger - Iter 2700 - time: 26    - [train] loss: 0.1109 (+/-0.0358) - [valid] loss: 0.1243 (+/-0.0745) - [test] loss: 0.1213 (+/-0.0449)
2019-07-22 12:38:58,984 INFO - logger - Iter 2800 - time: 26    - [train] loss: 0.1757 (+/-0.0555) - [valid] loss: 0.2108 (+/-0.073 ) - [test] loss: 0.1785 (+/-0.0481)
2019-07-22 12:39:26,064 INFO - logger - Iter 2900 - time: 27    - [train] loss: 0.1145 (+/-0.0297) - [valid] loss: 0.1346 (+/-0.052 ) - [test] loss: 0.1222 (+/-0.0503)
2019-07-22 12:39:51,956 INFO - logger - Iter 3000 - time: 25    - [train] loss: 0.1852 (+/-0.114 ) - [valid] loss: 0.0884 (+/-0.0212) - [test] loss: 0.0789 (+/-0.0202)
2019-07-22 12:40:18,757 INFO - logger - Iter 3100 - time: 26    - [train] loss: 0.1453 (+/-0.0562) - [valid] loss: 0.1304 (+/-0.0671) - [test] loss: 0.1434 (+/-0.0395)
2019-07-22 12:40:44,345 INFO - logger - Iter 3200 - time: 25    - [train] loss: 0.0946 (+/-0.0329) - [valid] loss: 0.1292 (+/-0.0864) - [test] loss: 0.0792 (+/-0.0215)
2019-07-22 12:41:11,356 INFO - logger - Iter 3300 - time: 27    - [train] loss: 0.1098 (+/-0.0322) - [valid] loss: 0.1174 (+/-0.0454) - [test] loss: 0.0724 (+/-0.0171)
2019-07-22 12:41:37,015 INFO - logger - Iter 3400 - time: 25    - [train] loss: 0.2005 (+/-0.1215) - [valid] loss: 0.1161 (+/-0.0308) - [test] loss: 0.1551 (+/-0.0466)
2019-07-22 12:42:03,309 INFO - logger - Iter 3500 - time: 26    - [train] loss: 0.1275 (+/-0.0599) - [valid] loss: 0.1043 (+/-0.0274) - [test] loss: 0.1381 (+/-0.0606)
2019-07-22 12:42:28,683 INFO - logger - Iter 3600 - time: 25    - [train] loss: 0.1773 (+/-0.0485) - [valid] loss: 0.2211 (+/-0.0857) - [test] loss: 0.2302 (+/-0.0867)
2019-07-22 12:42:55,527 INFO - logger - Iter 3700 - time: 26    - [train] loss: 0.1423 (+/-0.0429) - [valid] loss: 0.1355 (+/-0.0514) - [test] loss: 0.1046 (+/-0.0222)
2019-07-22 12:43:20,611 INFO - logger - Iter 3800 - time: 25    - [train] loss: 0.1348 (+/-0.0416) - [valid] loss: 0.1188 (+/-0.0572) - [test] loss: 0.1229 (+/-0.0383)
2019-07-22 12:43:46,635 INFO - logger - Iter 3900 - time: 26    - [train] loss: 0.0819 (+/-0.0187) - [valid] loss: 0.1067 (+/-0.0214) - [test] loss: 0.1056 (+/-0.0521)
2019-07-22 12:44:11,897 INFO - logger - Iter 4000 - time: 25    - [train] loss: 0.0758 (+/-0.0196) - [valid] loss: 0.0783 (+/-0.0166) - [test] loss: 0.0768 (+/-0.0166)
2019-07-22 12:44:38,414 INFO - logger - Iter 4100 - time: 26    - [train] loss: 0.091  (+/-0.0348) - [valid] loss: 0.133  (+/-0.0693) - [test] loss: 0.0964 (+/-0.0253)
2019-07-22 12:45:03,718 INFO - logger - Iter 4200 - time: 25    - [train] loss: 0.1185 (+/-0.0314) - [valid] loss: 0.1426 (+/-0.0513) - [test] loss: 0.1901 (+/-0.1141)
2019-07-22 12:45:30,008 INFO - logger - Iter 4300 - time: 26    - [train] loss: 0.1354 (+/-0.0275) - [valid] loss: 0.2228 (+/-0.0637) - [test] loss: 0.1809 (+/-0.0497)
2019-07-22 12:45:55,119 INFO - logger - Iter 4400 - time: 25    - [train] loss: 0.1046 (+/-0.0307) - [valid] loss: 0.1008 (+/-0.0302) - [test] loss: 0.0768 (+/-0.018 )
2019-07-22 12:46:21,022 INFO - logger - Iter 4500 - time: 25    - [train] loss: 0.143  (+/-0.0652) - [valid] loss: 0.1041 (+/-0.0267) - [test] loss: 0.1257 (+/-0.0347)
2019-07-22 12:46:46,263 INFO - logger - Iter 4600 - time: 25    - [train] loss: 0.1362 (+/-0.0595) - [valid] loss: 0.144  (+/-0.0466) - [test] loss: 0.1238 (+/-0.0375)
2019-07-22 12:47:12,323 INFO - logger - Iter 4700 - time: 26    - [train] loss: 0.0698 (+/-0.0167) - [valid] loss: 0.1093 (+/-0.0288) - [test] loss: 0.083  (+/-0.0338)
2019-07-22 12:47:38,152 INFO - logger - Iter 4800 - time: 25    - [train] loss: 0.0902 (+/-0.0182) - [valid] loss: 0.1387 (+/-0.0487) - [test] loss: 0.0988 (+/-0.0285)
2019-07-22 12:48:04,019 INFO - logger - Iter 4900 - time: 25    - [train] loss: 0.0687 (+/-0.0135) - [valid] loss: 0.0735 (+/-0.0163) - [test] loss: 0.0699 (+/-0.0145)
2019-07-22 12:48:29,981 INFO - logger - Iter 5000 - time: 25    - [train] loss: 0.0936 (+/-0.037 ) - [valid] loss: 0.0899 (+/-0.0271) - [test] loss: 0.0853 (+/-0.0258)
2019-07-22 12:48:55,309 INFO - logger - Iter 5100 - time: 25    - [train] loss: 0.1084 (+/-0.0381) - [valid] loss: 0.2255 (+/-0.254 ) - [test] loss: 0.1061 (+/-0.031 )
2019-07-22 12:49:21,381 INFO - logger - Iter 5200 - time: 26    - [train] loss: 0.085  (+/-0.0183) - [valid] loss: 0.1451 (+/-0.0681) - [test] loss: 0.0745 (+/-0.0228)
2019-07-22 12:49:46,852 INFO - logger - Iter 5300 - time: 25    - [train] loss: 0.0876 (+/-0.0289) - [valid] loss: 0.096  (+/-0.0426) - [test] loss: 0.0606 (+/-0.0149)
2019-07-22 12:50:13,278 INFO - logger - Iter 5400 - time: 26    - [train] loss: 0.191  (+/-0.0859) - [valid] loss: 0.1253 (+/-0.0474) - [test] loss: 0.1213 (+/-0.0493)
2019-07-22 12:50:37,863 INFO - logger - Iter 5500 - time: 24    - [train] loss: 0.1641 (+/-0.048 ) - [valid] loss: 0.1307 (+/-0.0315) - [test] loss: 0.161  (+/-0.0486)
2019-07-22 12:51:02,480 INFO - logger - Iter 5600 - time: 24    - [train] loss: 0.0601 (+/-0.0161) - [valid] loss: 0.0981 (+/-0.0518) - [test] loss: 0.1055 (+/-0.0551)
2019-07-22 12:51:28,673 INFO - logger - Iter 5700 - time: 26    - [train] loss: 0.0734 (+/-0.0214) - [valid] loss: 0.0966 (+/-0.0275) - [test] loss: 0.0973 (+/-0.0272)
2019-07-22 12:51:54,323 INFO - logger - Iter 5800 - time: 25    - [train] loss: 0.093  (+/-0.0537) - [valid] loss: 0.0688 (+/-0.0196) - [test] loss: 0.0996 (+/-0.0387)
2019-07-22 12:52:20,804 INFO - logger - Iter 5900 - time: 26    - [train] loss: 0.1545 (+/-0.0544) - [valid] loss: 0.2536 (+/-0.18  ) - [test] loss: 0.1751 (+/-0.0573)
2019-07-22 12:52:46,130 INFO - logger - Iter 6000 - time: 25    - [train] loss: 0.134  (+/-0.039 ) - [valid] loss: 0.1528 (+/-0.0506) - [test] loss: 0.1243 (+/-0.0467)
2019-07-22 12:53:11,041 INFO - logger - Iter 6100 - time: 24    - [train] loss: 0.2026 (+/-0.0458) - [valid] loss: 0.1976 (+/-0.0427) - [test] loss: 0.1896 (+/-0.0403)
2019-07-22 12:53:37,317 INFO - logger - Iter 6200 - time: 26    - [train] loss: 0.1052 (+/-0.0398) - [valid] loss: 0.1049 (+/-0.0273) - [test] loss: 0.1082 (+/-0.0488)
2019-07-22 12:54:02,382 INFO - logger - Iter 6300 - time: 25    - [train] loss: 0.4807 (+/-0.4892) - [valid] loss: 0.1872 (+/-0.0406) - [test] loss: 0.2623 (+/-0.0737)
2019-07-22 12:54:27,981 INFO - logger - Iter 6400 - time: 25    - [train] loss: 0.1361 (+/-0.0579) - [valid] loss: 0.1564 (+/-0.0582) - [test] loss: 0.136  (+/-0.0592)
2019-07-22 12:54:52,923 INFO - logger - Iter 6500 - time: 24    - [train] loss: 0.0728 (+/-0.0162) - [valid] loss: 0.0884 (+/-0.025 ) - [test] loss: 0.0956 (+/-0.024 )
2019-07-22 12:55:19,122 INFO - logger - Iter 6600 - time: 26    - [train] loss: 0.0837 (+/-0.0313) - [valid] loss: 0.1261 (+/-0.092 ) - [test] loss: 0.0955 (+/-0.0357)
2019-07-22 12:55:44,928 INFO - logger - Iter 6700 - time: 25    - [train] loss: 0.1071 (+/-0.0294) - [valid] loss: 0.1176 (+/-0.0567) - [test] loss: 0.1695 (+/-0.0548)
2019-07-22 12:56:10,302 INFO - logger - Iter 6800 - time: 25    - [train] loss: 0.0682 (+/-0.0282) - [valid] loss: 0.1033 (+/-0.0764) - [test] loss: 0.1665 (+/-0.1308)
2019-07-22 12:56:36,026 INFO - logger - Iter 6900 - time: 25    - [train] loss: 0.0772 (+/-0.0256) - [valid] loss: 0.0623 (+/-0.0165) - [test] loss: 0.0789 (+/-0.0221)
2019-07-22 12:57:01,571 INFO - logger - Iter 7000 - time: 25    - [train] loss: 0.1114 (+/-0.0297) - [valid] loss: 0.0746 (+/-0.0232) - [test] loss: 0.0876 (+/-0.018 )
2019-07-22 12:57:27,081 INFO - logger - Iter 7100 - time: 25    - [train] loss: 0.0745 (+/-0.017 ) - [valid] loss: 0.0896 (+/-0.0347) - [test] loss: 0.11   (+/-0.0323)
2019-07-22 12:57:53,738 INFO - logger - Iter 7200 - time: 26    - [train] loss: 0.0852 (+/-0.0347) - [valid] loss: 0.1061 (+/-0.0409) - [test] loss: 0.0837 (+/-0.0351)
2019-07-22 12:58:18,809 INFO - logger - Iter 7300 - time: 25    - [train] loss: 0.0898 (+/-0.0333) - [valid] loss: 0.0724 (+/-0.0248) - [test] loss: 0.0623 (+/-0.0174)
2019-07-22 12:58:44,766 INFO - logger - Iter 7400 - time: 25    - [train] loss: 0.0938 (+/-0.0238) - [valid] loss: 0.0785 (+/-0.0166) - [test] loss: 0.084  (+/-0.0221)
2019-07-22 12:59:10,463 INFO - logger - Iter 7500 - time: 25    - [train] loss: 0.0522 (+/-0.0101) - [valid] loss: 0.0604 (+/-0.0186) - [test] loss: 0.063  (+/-0.0161)
2019-07-22 12:59:35,272 INFO - logger - Iter 7600 - time: 24    - [train] loss: 0.0619 (+/-0.0138) - [valid] loss: 0.0737 (+/-0.0231) - [test] loss: 0.07   (+/-0.0129)
2019-07-22 13:00:01,350 INFO - logger - Iter 7700 - time: 26    - [train] loss: 0.0647 (+/-0.0186) - [valid] loss: 0.0794 (+/-0.0248) - [test] loss: 0.1028 (+/-0.0842)
2019-07-22 13:00:27,304 INFO - logger - Iter 7800 - time: 25    - [train] loss: 0.0831 (+/-0.0291) - [valid] loss: 0.1011 (+/-0.0417) - [test] loss: 0.0614 (+/-0.0218)
2019-07-22 13:00:53,296 INFO - logger - Iter 7900 - time: 25    - [train] loss: 0.0708 (+/-0.0212) - [valid] loss: 0.0771 (+/-0.0302) - [test] loss: 0.0683 (+/-0.0149)
2019-07-22 13:01:19,223 INFO - logger - Iter 8000 - time: 25    - [train] loss: 0.0625 (+/-0.0184) - [valid] loss: 0.051  (+/-0.0138) - [test] loss: 0.0552 (+/-0.0181)
2019-07-22 13:01:44,799 INFO - logger - Iter 8100 - time: 25    - [train] loss: 0.084  (+/-0.046 ) - [valid] loss: 0.0492 (+/-0.0131) - [test] loss: 0.1487 (+/-0.1496)
2019-07-22 13:02:11,325 INFO - logger - Iter 8200 - time: 26    - [train] loss: 0.0901 (+/-0.0303) - [valid] loss: 0.0625 (+/-0.0146) - [test] loss: 0.0735 (+/-0.0207)
2019-07-22 13:02:37,328 INFO - logger - Iter 8300 - time: 26    - [train] loss: 0.0588 (+/-0.0157) - [valid] loss: 0.0741 (+/-0.0308) - [test] loss: 0.068  (+/-0.0199)
2019-07-22 13:03:02,914 INFO - logger - Iter 8400 - time: 25    - [train] loss: 0.0714 (+/-0.0232) - [valid] loss: 0.0628 (+/-0.0202) - [test] loss: 0.0591 (+/-0.021 )
2019-07-22 13:03:28,687 INFO - logger - Iter 8500 - time: 25    - [train] loss: 0.064  (+/-0.0244) - [valid] loss: 0.0734 (+/-0.0226) - [test] loss: 0.0637 (+/-0.0161)
2019-07-22 13:03:54,067 INFO - logger - Iter 8600 - time: 25    - [train] loss: 0.0567 (+/-0.0134) - [valid] loss: 0.077  (+/-0.0179) - [test] loss: 0.0509 (+/-0.0159)
2019-07-22 13:04:18,754 INFO - logger - Iter 8700 - time: 24    - [train] loss: 0.0765 (+/-0.0326) - [valid] loss: 0.0609 (+/-0.0178) - [test] loss: 0.0972 (+/-0.0391)
2019-07-22 13:04:44,911 INFO - logger - Iter 8800 - time: 26    - [train] loss: 0.089  (+/-0.0603) - [valid] loss: 0.0416 (+/-0.0114) - [test] loss: 0.189  (+/-0.2674)
2019-07-22 13:05:10,869 INFO - logger - Iter 8900 - time: 25    - [train] loss: 0.0676 (+/-0.0177) - [valid] loss: 0.0644 (+/-0.0258) - [test] loss: 0.0682 (+/-0.018 )
2019-07-22 13:05:37,397 INFO - logger - Iter 9000 - time: 26    - [train] loss: 0.0536 (+/-0.0172) - [valid] loss: 0.0514 (+/-0.0161) - [test] loss: 0.0576 (+/-0.0282)
2019-07-22 13:06:03,125 INFO - logger - Iter 9100 - time: 25    - [train] loss: 0.0688 (+/-0.02  ) - [valid] loss: 0.0516 (+/-0.0116) - [test] loss: 0.0627 (+/-0.0142)
2019-07-22 13:06:29,024 INFO - logger - Iter 9200 - time: 25    - [train] loss: 0.0716 (+/-0.0188) - [valid] loss: 0.0905 (+/-0.0314) - [test] loss: 0.0865 (+/-0.0218)
2019-07-22 13:06:54,266 INFO - logger - Iter 9300 - time: 25    - [train] loss: 0.059  (+/-0.0181) - [valid] loss: 0.0488 (+/-0.0158) - [test] loss: 0.0447 (+/-0.0124)
2019-07-22 13:07:20,187 INFO - logger - Iter 9400 - time: 25    - [train] loss: 0.0513 (+/-0.0151) - [valid] loss: 0.0435 (+/-0.0113) - [test] loss: 0.0608 (+/-0.0229)
2019-07-22 13:07:46,724 INFO - logger - Iter 9500 - time: 26    - [train] loss: 0.0538 (+/-0.0119) - [valid] loss: 0.0598 (+/-0.0212) - [test] loss: 0.0859 (+/-0.0365)
2019-07-22 13:08:12,318 INFO - logger - Iter 9600 - time: 25    - [train] loss: 0.0549 (+/-0.015 ) - [valid] loss: 0.0627 (+/-0.0215) - [test] loss: 0.0623 (+/-0.0164)
2019-07-22 13:08:37,252 INFO - logger - Iter 9700 - time: 24    - [train] loss: 0.0596 (+/-0.0175) - [valid] loss: 0.0829 (+/-0.0571) - [test] loss: 0.0739 (+/-0.0246)
2019-07-22 13:09:04,364 INFO - logger - Iter 9800 - time: 27    - [train] loss: 0.0579 (+/-0.0122) - [valid] loss: 0.0729 (+/-0.0254) - [test] loss: 0.097  (+/-0.0526)
2019-07-22 13:09:30,202 INFO - logger - Iter 9900 - time: 25    - [train] loss: 0.0705 (+/-0.0288) - [valid] loss: 0.0658 (+/-0.0185) - [test] loss: 0.0791 (+/-0.0551)
2019-07-22 13:09:56,838 INFO - logger - Iter 10000 - time: 26    - [train] loss: 0.0631 (+/-0.0213) - [valid] loss: 0.1075 (+/-0.0396) - [test] loss: 0.0876 (+/-0.0399)
2019-07-22 13:10:22,353 INFO - logger - Iter 10100 - time: 25    - [train] loss: 0.0746 (+/-0.0232) - [valid] loss: 0.0673 (+/-0.0165) - [test] loss: 0.0671 (+/-0.0299)
2019-07-22 13:10:48,438 INFO - logger - Iter 10200 - time: 26    - [train] loss: 0.0765 (+/-0.0195) - [valid] loss: 0.0885 (+/-0.0413) - [test] loss: 0.0939 (+/-0.0495)
2019-07-22 13:11:14,074 INFO - logger - Iter 10300 - time: 25    - [train] loss: 0.076  (+/-0.0299) - [valid] loss: 0.0681 (+/-0.0277) - [test] loss: 0.0547 (+/-0.0129)
2019-07-22 13:11:39,669 INFO - logger - Iter 10400 - time: 25    - [train] loss: 0.0703 (+/-0.0173) - [valid] loss: 0.0551 (+/-0.0219) - [test] loss: 0.084  (+/-0.0529)
2019-07-22 13:12:04,798 INFO - logger - Iter 10500 - time: 25    - [train] loss: 0.1    (+/-0.0386) - [valid] loss: 0.0783 (+/-0.0285) - [test] loss: 0.0671 (+/-0.0229)
2019-07-22 13:12:31,266 INFO - logger - Iter 10600 - time: 26    - [train] loss: 0.0412 (+/-0.0079) - [valid] loss: 0.0718 (+/-0.0308) - [test] loss: 0.0632 (+/-0.0166)
2019-07-22 13:12:55,904 INFO - logger - Iter 10700 - time: 24    - [train] loss: 0.0789 (+/-0.019 ) - [valid] loss: 0.0807 (+/-0.0245) - [test] loss: 0.07   (+/-0.0179)
2019-07-22 13:13:21,523 INFO - logger - Iter 10800 - time: 25    - [train] loss: 0.0585 (+/-0.014 ) - [valid] loss: 0.0912 (+/-0.0621) - [test] loss: 0.0686 (+/-0.017 )
2019-07-22 13:13:47,441 INFO - logger - Iter 10900 - time: 25    - [train] loss: 0.069  (+/-0.026 ) - [valid] loss: 0.0747 (+/-0.0218) - [test] loss: 0.0652 (+/-0.0196)
2019-07-22 13:14:13,585 INFO - logger - Iter 11000 - time: 26    - [train] loss: 0.0612 (+/-0.016 ) - [valid] loss: 0.0847 (+/-0.0289) - [test] loss: 0.05   (+/-0.0154)
2019-07-22 13:14:39,021 INFO - logger - Iter 11100 - time: 25    - [train] loss: 0.0623 (+/-0.0147) - [valid] loss: 0.073  (+/-0.0406) - [test] loss: 0.0627 (+/-0.0283)
2019-07-22 13:15:04,428 INFO - logger - Iter 11200 - time: 25    - [train] loss: 0.0649 (+/-0.0192) - [valid] loss: 0.058  (+/-0.0129) - [test] loss: 0.0413 (+/-0.0071)
2019-07-22 13:15:30,257 INFO - logger - Iter 11300 - time: 25    - [train] loss: 0.0669 (+/-0.0261) - [valid] loss: 0.0657 (+/-0.0238) - [test] loss: 0.0507 (+/-0.0118)
2019-07-22 13:15:56,234 INFO - logger - Iter 11400 - time: 25    - [train] loss: 0.0684 (+/-0.0228) - [valid] loss: 0.0769 (+/-0.0316) - [test] loss: 0.0481 (+/-0.0104)
2019-07-22 13:16:22,358 INFO - logger - Iter 11500 - time: 26    - [train] loss: 0.0609 (+/-0.0238) - [valid] loss: 0.0622 (+/-0.0271) - [test] loss: 0.0411 (+/-0.0089)
2019-07-22 13:16:48,746 INFO - logger - Iter 11600 - time: 26    - [train] loss: 0.0481 (+/-0.0138) - [valid] loss: 0.0457 (+/-0.0118) - [test] loss: 0.0492 (+/-0.0115)
2019-07-22 13:17:14,409 INFO - logger - Iter 11700 - time: 25    - [train] loss: 0.0445 (+/-0.0121) - [valid] loss: 0.0443 (+/-0.0118) - [test] loss: 0.0508 (+/-0.011 )
2019-07-22 13:17:39,516 INFO - logger - Iter 11800 - time: 25    - [train] loss: 0.0398 (+/-0.0101) - [valid] loss: 0.0527 (+/-0.024 ) - [test] loss: 0.039  (+/-0.0145)
2019-07-22 13:18:05,740 INFO - logger - Iter 11900 - time: 26    - [train] loss: 0.0629 (+/-0.0312) - [valid] loss: 0.0416 (+/-0.0167) - [test] loss: 0.0592 (+/-0.0203)
2019-07-22 13:18:31,364 INFO - logger - Iter 12000 - time: 25    - [train] loss: 0.0472 (+/-0.0242) - [valid] loss: 0.0531 (+/-0.0249) - [test] loss: 0.0313 (+/-0.0085)
2019-07-22 13:18:57,616 INFO - logger - Iter 12100 - time: 26    - [train] loss: 0.0647 (+/-0.0371) - [valid] loss: 0.0717 (+/-0.0505) - [test] loss: 0.0615 (+/-0.0245)
2019-07-22 13:19:22,985 INFO - logger - Iter 12200 - time: 25    - [train] loss: 0.2089 (+/-0.2165) - [valid] loss: 0.1491 (+/-0.0887) - [test] loss: 0.0778 (+/-0.0319)
2019-07-22 13:19:48,741 INFO - logger - Iter 12300 - time: 25    - [train] loss: 0.0626 (+/-0.0122) - [valid] loss: 0.077  (+/-0.0338) - [test] loss: 0.06   (+/-0.0146)
2019-07-22 13:20:13,936 INFO - logger - Iter 12400 - time: 25    - [train] loss: 0.046  (+/-0.0113) - [valid] loss: 0.0368 (+/-0.0076) - [test] loss: 0.0492 (+/-0.0117)
2019-07-22 13:20:39,693 INFO - logger - Iter 12500 - time: 25    - [train] loss: 0.0463 (+/-0.0127) - [valid] loss: 0.0609 (+/-0.0187) - [test] loss: 0.0369 (+/-0.0068)
2019-07-22 13:21:05,862 INFO - logger - Iter 12600 - time: 26    - [train] loss: 0.0455 (+/-0.0106) - [valid] loss: 0.0548 (+/-0.0206) - [test] loss: 0.043  (+/-0.0109)
2019-07-22 13:21:30,676 INFO - logger - Iter 12700 - time: 24    - [train] loss: 0.0344 (+/-0.0085) - [valid] loss: 0.0446 (+/-0.0178) - [test] loss: 0.052  (+/-0.022 )
2019-07-22 13:21:57,416 INFO - logger - Iter 12800 - time: 26    - [train] loss: 0.0448 (+/-0.0153) - [valid] loss: 0.0376 (+/-0.0122) - [test] loss: 0.029  (+/-0.0094)
2019-07-22 13:22:23,394 INFO - logger - Iter 12900 - time: 25    - [train] loss: 0.0327 (+/-0.0101) - [valid] loss: 0.049  (+/-0.0186) - [test] loss: 0.0322 (+/-0.0087)
2019-07-22 13:22:48,434 INFO - logger - Iter 13000 - time: 25    - [train] loss: 0.0528 (+/-0.0235) - [valid] loss: 0.0403 (+/-0.0089) - [test] loss: 0.0458 (+/-0.0132)
2019-07-22 13:23:15,124 INFO - logger - Iter 13100 - time: 26    - [train] loss: 0.0422 (+/-0.0145) - [valid] loss: 0.0366 (+/-0.0097) - [test] loss: 0.0471 (+/-0.0167)
2019-07-22 13:23:40,850 INFO - logger - Iter 13200 - time: 25    - [train] loss: 0.0392 (+/-0.0113) - [valid] loss: 0.0483 (+/-0.0165) - [test] loss: 0.0421 (+/-0.0131)
2019-07-22 13:24:07,407 INFO - logger - Iter 13300 - time: 26    - [train] loss: 0.0915 (+/-0.0866) - [valid] loss: 0.0499 (+/-0.0187) - [test] loss: 0.0446 (+/-0.0096)
2019-07-22 13:24:32,632 INFO - logger - Iter 13400 - time: 25    - [train] loss: 0.0477 (+/-0.0166) - [valid] loss: 0.031  (+/-0.0087) - [test] loss: 0.0398 (+/-0.0094)
2019-07-22 13:24:58,915 INFO - logger - Iter 13500 - time: 26    - [train] loss: 0.0498 (+/-0.0187) - [valid] loss: 0.055  (+/-0.0135) - [test] loss: 0.0542 (+/-0.0153)
2019-07-22 13:25:24,510 INFO - logger - Iter 13600 - time: 25    - [train] loss: 0.0413 (+/-0.0146) - [valid] loss: 0.0457 (+/-0.0193) - [test] loss: 0.0335 (+/-0.0066)
2019-07-22 13:25:50,533 INFO - logger - Iter 13700 - time: 26    - [train] loss: 0.0373 (+/-0.0186) - [valid] loss: 0.056  (+/-0.0195) - [test] loss: 0.0249 (+/-0.0066)
2019-07-22 13:26:16,960 INFO - logger - Iter 13800 - time: 26    - [train] loss: 0.0414 (+/-0.011 ) - [valid] loss: 0.036  (+/-0.0143) - [test] loss: 0.0477 (+/-0.0288)
2019-07-22 13:26:42,547 INFO - logger - Iter 13900 - time: 25    - [train] loss: 0.0845 (+/-0.0156) - [valid] loss: 0.0856 (+/-0.02  ) - [test] loss: 0.1035 (+/-0.0249)
2019-07-22 13:27:08,282 INFO - logger - Iter 14000 - time: 25    - [train] loss: 0.0485 (+/-0.0143) - [valid] loss: 0.0477 (+/-0.0093) - [test] loss: 0.0564 (+/-0.0143)
2019-07-22 13:27:33,470 INFO - logger - Iter 14100 - time: 25    - [train] loss: 0.0376 (+/-0.0077) - [valid] loss: 0.0435 (+/-0.0129) - [test] loss: 0.0393 (+/-0.0139)
2019-07-22 13:27:59,472 INFO - logger - Iter 14200 - time: 26    - [train] loss: 0.0503 (+/-0.016 ) - [valid] loss: 0.042  (+/-0.012 ) - [test] loss: 0.0314 (+/-0.0084)
2019-07-22 13:28:26,014 INFO - logger - Iter 14300 - time: 26    - [train] loss: 0.0496 (+/-0.0314) - [valid] loss: 0.0354 (+/-0.0088) - [test] loss: 0.0353 (+/-0.0108)
2019-07-22 13:28:52,021 INFO - logger - Iter 14400 - time: 26    - [train] loss: 0.0531 (+/-0.0172) - [valid] loss: 0.0513 (+/-0.0113) - [test] loss: 0.0562 (+/-0.0205)
2019-07-22 13:29:18,353 INFO - logger - Iter 14500 - time: 26    - [train] loss: 0.0366 (+/-0.0103) - [valid] loss: 0.0429 (+/-0.0113) - [test] loss: 0.0368 (+/-0.0079)
2019-07-22 13:29:44,283 INFO - logger - Iter 14600 - time: 25    - [train] loss: 0.0437 (+/-0.0124) - [valid] loss: 0.0532 (+/-0.0364) - [test] loss: 0.047  (+/-0.0158)
2019-07-22 13:30:10,083 INFO - logger - Iter 14700 - time: 25    - [train] loss: 0.1472 (+/-0.2037) - [valid] loss: 0.0367 (+/-0.0109) - [test] loss: 0.0485 (+/-0.0157)
2019-07-22 13:30:35,505 INFO - logger - Iter 14800 - time: 25    - [train] loss: 0.1606 (+/-0.133 ) - [valid] loss: 0.0739 (+/-0.0275) - [test] loss: 0.093  (+/-0.0358)
2019-07-22 13:31:00,674 INFO - logger - Iter 14900 - time: 25    - [train] loss: 0.0383 (+/-0.0111) - [valid] loss: 0.0433 (+/-0.0153) - [test] loss: 0.0424 (+/-0.0119)
2019-07-22 13:31:25,984 INFO - logger - Iter 15000 - time: 25    - [train] loss: 0.0313 (+/-0.0076) - [valid] loss: 0.0544 (+/-0.0217) - [test] loss: 0.0306 (+/-0.008 )
2019-07-22 13:31:51,268 INFO - logger - Iter 15100 - time: 25    - [train] loss: 0.0418 (+/-0.014 ) - [valid] loss: 0.0497 (+/-0.0206) - [test] loss: 0.0514 (+/-0.0166)
2019-07-22 13:32:17,185 INFO - logger - Iter 15200 - time: 25    - [train] loss: 0.0345 (+/-0.0111) - [valid] loss: 0.1131 (+/-0.1393) - [test] loss: 0.0306 (+/-0.0095)
2019-07-22 13:32:43,388 INFO - logger - Iter 15300 - time: 26    - [train] loss: 0.0577 (+/-0.0254) - [valid] loss: 0.0451 (+/-0.0183) - [test] loss: 0.036  (+/-0.0093)
2019-07-22 13:33:09,305 INFO - logger - Iter 15400 - time: 25    - [train] loss: 0.061  (+/-0.0348) - [valid] loss: 0.0462 (+/-0.0132) - [test] loss: 0.0515 (+/-0.023 )
2019-07-22 13:33:36,283 INFO - logger - Iter 15500 - time: 26    - [train] loss: 0.0327 (+/-0.0077) - [valid] loss: 0.0311 (+/-0.0093) - [test] loss: 0.0404 (+/-0.0096)
2019-07-22 13:34:02,310 INFO - logger - Iter 15600 - time: 26    - [train] loss: 0.0369 (+/-0.0083) - [valid] loss: 0.044  (+/-0.013 ) - [test] loss: 0.0298 (+/-0.0057)
2019-07-22 13:34:27,232 INFO - logger - Iter 15700 - time: 24    - [train] loss: 0.0879 (+/-0.0319) - [valid] loss: 0.1043 (+/-0.023 ) - [test] loss: 0.0864 (+/-0.0184)
2019-07-22 13:34:53,230 INFO - logger - Iter 15800 - time: 25    - [train] loss: 0.0322 (+/-0.0087) - [valid] loss: 0.0345 (+/-0.0094) - [test] loss: 0.0317 (+/-0.0083)
2019-07-22 13:35:19,704 INFO - logger - Iter 15900 - time: 26    - [train] loss: 0.0236 (+/-0.0048) - [valid] loss: 0.0417 (+/-0.0181) - [test] loss: 0.0251 (+/-0.0086)
2019-07-22 13:35:44,453 INFO - logger - Iter 16000 - time: 24    - [train] loss: 0.0391 (+/-0.0103) - [valid] loss: 0.065  (+/-0.0514) - [test] loss: 0.0296 (+/-0.0089)
2019-07-22 13:36:10,625 INFO - logger - Iter 16100 - time: 26    - [train] loss: 0.0342 (+/-0.0145) - [valid] loss: 0.034  (+/-0.0185) - [test] loss: 0.0372 (+/-0.0088)
2019-07-22 13:36:36,494 INFO - logger - Iter 16200 - time: 25    - [train] loss: 0.0299 (+/-0.0102) - [valid] loss: 0.0268 (+/-0.0059) - [test] loss: 0.0242 (+/-0.0065)
2019-07-22 13:37:02,340 INFO - logger - Iter 16300 - time: 25    - [train] loss: 0.0227 (+/-0.0054) - [valid] loss: 0.039  (+/-0.0142) - [test] loss: 0.0335 (+/-0.0146)
2019-07-22 13:37:28,497 INFO - logger - Iter 16400 - time: 26    - [train] loss: 0.0363 (+/-0.0114) - [valid] loss: 0.0391 (+/-0.0134) - [test] loss: 0.0327 (+/-0.008 )
2019-07-22 13:37:54,755 INFO - logger - Iter 16500 - time: 26    - [train] loss: 0.0404 (+/-0.017 ) - [valid] loss: 0.0502 (+/-0.0176) - [test] loss: 0.0604 (+/-0.0206)
2019-07-22 13:38:20,319 INFO - logger - Iter 16600 - time: 25    - [train] loss: 0.0344 (+/-0.0088) - [valid] loss: 0.0398 (+/-0.0156) - [test] loss: 0.0329 (+/-0.0074)
2019-07-22 13:38:46,563 INFO - logger - Iter 16700 - time: 26    - [train] loss: 0.0301 (+/-0.0057) - [valid] loss: 0.0355 (+/-0.009 ) - [test] loss: 0.0329 (+/-0.0134)
2019-07-22 13:39:12,014 INFO - logger - Iter 16800 - time: 25    - [train] loss: 0.0469 (+/-0.0172) - [valid] loss: 0.0261 (+/-0.0057) - [test] loss: 0.0383 (+/-0.0112)
2019-07-22 13:39:38,133 INFO - logger - Iter 16900 - time: 26    - [train] loss: 0.1563 (+/-0.1811) - [valid] loss: 0.8468 (+/-1.5481) - [test] loss: 15.4004 (+/-30.3316)
2019-07-22 13:40:04,826 INFO - logger - Iter 17000 - time: 26    - [train] loss: 0.0541 (+/-0.0134) - [valid] loss: 0.0535 (+/-0.0155) - [test] loss: 0.0708 (+/-0.0197)
2019-07-22 13:40:30,539 INFO - logger - Iter 17100 - time: 25    - [train] loss: 0.0377 (+/-0.0102) - [valid] loss: 0.0435 (+/-0.0154) - [test] loss: 0.0456 (+/-0.0111)
2019-07-22 13:40:55,995 INFO - logger - Iter 17200 - time: 25    - [train] loss: 0.0389 (+/-0.0158) - [valid] loss: 0.0404 (+/-0.0121) - [test] loss: 0.0393 (+/-0.011 )
2019-07-22 13:41:22,120 INFO - logger - Iter 17300 - time: 26    - [train] loss: 0.0321 (+/-0.0134) - [valid] loss: 0.0362 (+/-0.0135) - [test] loss: 0.0274 (+/-0.006 )
2019-07-22 13:41:47,862 INFO - logger - Iter 17400 - time: 25    - [train] loss: 0.0293 (+/-0.0046) - [valid] loss: 0.0376 (+/-0.0089) - [test] loss: 0.0387 (+/-0.0074)
2019-07-22 13:42:14,722 INFO - logger - Iter 17500 - time: 26    - [train] loss: 0.0277 (+/-0.0062) - [valid] loss: 0.0222 (+/-0.0085) - [test] loss: 0.0263 (+/-0.0058)
2019-07-22 13:42:40,198 INFO - logger - Iter 17600 - time: 25    - [train] loss: 0.0358 (+/-0.0157) - [valid] loss: 0.0236 (+/-0.0038) - [test] loss: 0.0316 (+/-0.0072)
2019-07-22 13:43:06,348 INFO - logger - Iter 17700 - time: 26    - [train] loss: 0.0211 (+/-0.0043) - [valid] loss: 0.0242 (+/-0.0072) - [test] loss: 0.0215 (+/-0.0056)
2019-07-22 13:43:31,651 INFO - logger - Iter 17800 - time: 25    - [train] loss: 0.0335 (+/-0.0101) - [valid] loss: 0.0399 (+/-0.0108) - [test] loss: 0.03   (+/-0.01  )
2019-07-22 13:43:56,590 INFO - logger - Iter 17900 - time: 24    - [train] loss: 0.0358 (+/-0.0134) - [valid] loss: 0.0248 (+/-0.0075) - [test] loss: 0.0208 (+/-0.0065)
2019-07-22 13:44:22,888 INFO - logger - Iter 18000 - time: 26    - [train] loss: 0.0402 (+/-0.0234) - [valid] loss: 0.0322 (+/-0.0107) - [test] loss: 0.0264 (+/-0.0064)
2019-07-22 13:44:48,638 INFO - logger - Iter 18100 - time: 25    - [train] loss: 0.0188 (+/-0.0041) - [valid] loss: 0.0346 (+/-0.0122) - [test] loss: 0.0259 (+/-0.0173)
2019-07-22 13:45:14,546 INFO - logger - Iter 18200 - time: 25    - [train] loss: 0.0376 (+/-0.0162) - [valid] loss: 0.0407 (+/-0.0136) - [test] loss: 0.101  (+/-0.1513)
2019-07-22 13:45:40,026 INFO - logger - Iter 18300 - time: 25    - [train] loss: 0.0586 (+/-0.034 ) - [valid] loss: 0.0447 (+/-0.018 ) - [test] loss: 0.0603 (+/-0.031 )
2019-07-22 13:46:05,744 INFO - logger - Iter 18400 - time: 25    - [train] loss: 0.0309 (+/-0.0119) - [valid] loss: 0.0235 (+/-0.0064) - [test] loss: 0.0239 (+/-0.0073)
2019-07-22 13:46:31,772 INFO - logger - Iter 18500 - time: 26    - [train] loss: 0.0266 (+/-0.0072) - [valid] loss: 0.0224 (+/-0.0065) - [test] loss: 0.0313 (+/-0.0096)
2019-07-22 13:46:56,546 INFO - logger - Iter 18600 - time: 24    - [train] loss: 0.0289 (+/-0.0101) - [valid] loss: 0.0416 (+/-0.0214) - [test] loss: 0.0301 (+/-0.0069)
2019-07-22 13:47:21,955 INFO - logger - Iter 18700 - time: 25    - [train] loss: 0.0208 (+/-0.0062) - [valid] loss: 0.0321 (+/-0.017 ) - [test] loss: 0.0282 (+/-0.0098)
2019-07-22 13:47:47,276 INFO - logger - Iter 18800 - time: 25    - [train] loss: 0.0281 (+/-0.0063) - [valid] loss: 0.0268 (+/-0.0074) - [test] loss: 0.0255 (+/-0.0061)
2019-07-22 13:48:12,614 INFO - logger - Iter 18900 - time: 25    - [train] loss: 0.0504 (+/-0.0158) - [valid] loss: 0.0405 (+/-0.0099) - [test] loss: 0.0335 (+/-0.0081)
2019-07-22 13:48:38,448 INFO - logger - Iter 19000 - time: 25    - [train] loss: 0.0254 (+/-0.0076) - [valid] loss: 0.0413 (+/-0.03  ) - [test] loss: 0.0267 (+/-0.0079)
2019-07-22 13:49:03,836 INFO - logger - Iter 19100 - time: 25    - [train] loss: 0.0356 (+/-0.0111) - [valid] loss: 0.0289 (+/-0.0082) - [test] loss: 0.0488 (+/-0.0286)
2019-07-22 13:49:29,576 INFO - logger - Iter 19200 - time: 25    - [train] loss: 0.0325 (+/-0.0133) - [valid] loss: 0.0257 (+/-0.0069) - [test] loss: 0.0257 (+/-0.0096)
2019-07-22 13:49:54,741 INFO - logger - Iter 19300 - time: 25    - [train] loss: 0.0252 (+/-0.0081) - [valid] loss: 0.0206 (+/-0.0047) - [test] loss: 0.0324 (+/-0.0151)
2019-07-22 13:50:21,244 INFO - logger - Iter 19400 - time: 26    - [train] loss: 0.0301 (+/-0.0063) - [valid] loss: 0.0239 (+/-0.0054) - [test] loss: 0.0606 (+/-0.0636)
2019-07-22 13:50:46,783 INFO - logger - Iter 19500 - time: 25    - [train] loss: 0.0228 (+/-0.0066) - [valid] loss: 0.0225 (+/-0.0046) - [test] loss: 0.0359 (+/-0.0203)
2019-07-22 13:51:12,812 INFO - logger - Iter 19600 - time: 26    - [train] loss: 0.0294 (+/-0.0142) - [valid] loss: 0.0257 (+/-0.0059) - [test] loss: 0.0539 (+/-0.0503)
2019-07-22 13:51:38,217 INFO - logger - Iter 19700 - time: 25    - [train] loss: 0.0452 (+/-0.0098) - [valid] loss: 0.0498 (+/-0.0141) - [test] loss: 0.0483 (+/-0.0155)
2019-07-22 13:52:04,120 INFO - logger - Iter 19800 - time: 25    - [train] loss: 0.053  (+/-0.0113) - [valid] loss: 0.0552 (+/-0.0168) - [test] loss: 0.0715 (+/-0.0236)
2019-07-22 13:52:29,597 INFO - logger - Iter 19900 - time: 25    - [train] loss: 0.0411 (+/-0.0173) - [valid] loss: 0.0415 (+/-0.0186) - [test] loss: 0.0381 (+/-0.0135)
2019-07-22 13:52:54,941 INFO - logger - Iter 20000 - time: 25    - [train] loss: 0.0253 (+/-0.0085) - [valid] loss: 0.0224 (+/-0.007 ) - [test] loss: 0.027  (+/-0.0062)
2019-07-22 13:53:21,632 INFO - logger - Iter 20100 - time: 26    - [train] loss: 0.0614 (+/-0.0626) - [valid] loss: 0.0387 (+/-0.0302) - [test] loss: 0.0404 (+/-0.0175)
2019-07-22 13:53:46,923 INFO - logger - Iter 20200 - time: 25    - [train] loss: 0.0415 (+/-0.011 ) - [valid] loss: 0.0487 (+/-0.0146) - [test] loss: 0.0481 (+/-0.017 )
2019-07-22 13:54:13,546 INFO - logger - Iter 20300 - time: 26    - [train] loss: 0.0224 (+/-0.0064) - [valid] loss: 0.0227 (+/-0.0058) - [test] loss: 0.0342 (+/-0.0203)
2019-07-22 13:54:39,515 INFO - logger - Iter 20400 - time: 25    - [train] loss: 0.0593 (+/-0.0338) - [valid] loss: 0.0712 (+/-0.024 ) - [test] loss: 0.048  (+/-0.0097)
2019-07-22 13:55:05,925 INFO - logger - Iter 20500 - time: 26    - [train] loss: 0.0209 (+/-0.0041) - [valid] loss: 0.0232 (+/-0.007 ) - [test] loss: 0.0289 (+/-0.007 )
2019-07-22 13:55:31,393 INFO - logger - Iter 20600 - time: 25    - [train] loss: 0.0203 (+/-0.0043) - [valid] loss: 0.0175 (+/-0.0038) - [test] loss: 0.0264 (+/-0.0079)
2019-07-22 13:55:58,335 INFO - logger - Iter 20700 - time: 26    - [train] loss: 0.0227 (+/-0.0059) - [valid] loss: 0.0334 (+/-0.0161) - [test] loss: 0.0221 (+/-0.0095)
2019-07-22 13:56:24,476 INFO - logger - Iter 20800 - time: 26    - [train] loss: 0.0221 (+/-0.0069) - [valid] loss: 0.023  (+/-0.0088) - [test] loss: 0.0183 (+/-0.0057)
2019-07-22 13:56:50,158 INFO - logger - Iter 20900 - time: 25    - [train] loss: 0.0278 (+/-0.0091) - [valid] loss: 0.0189 (+/-0.0043) - [test] loss: 0.0231 (+/-0.0079)
2019-07-22 13:57:16,358 INFO - logger - Iter 21000 - time: 26    - [train] loss: 0.0198 (+/-0.0035) - [valid] loss: 0.0197 (+/-0.0035) - [test] loss: 0.0246 (+/-0.0066)
2019-07-22 13:57:41,198 INFO - logger - Iter 21100 - time: 24    - [train] loss: 0.033  (+/-0.0147) - [valid] loss: 0.0266 (+/-0.0135) - [test] loss: 0.0171 (+/-0.0033)
2019-07-22 13:58:08,154 INFO - logger - Iter 21200 - time: 26    - [train] loss: 0.0276 (+/-0.0061) - [valid] loss: 0.029  (+/-0.0092) - [test] loss: 0.0401 (+/-0.0127)
2019-07-22 13:58:33,847 INFO - logger - Iter 21300 - time: 25    - [train] loss: 0.0195 (+/-0.0052) - [valid] loss: 0.0263 (+/-0.0117) - [test] loss: 0.0171 (+/-0.0048)
2019-07-22 13:59:00,929 INFO - logger - Iter 21400 - time: 27    - [train] loss: 0.0255 (+/-0.0095) - [valid] loss: 0.0244 (+/-0.01  ) - [test] loss: 0.016  (+/-0.0029)
2019-07-22 13:59:26,532 INFO - logger - Iter 21500 - time: 25    - [train] loss: 0.0216 (+/-0.0054) - [valid] loss: 0.0457 (+/-0.0448) - [test] loss: 0.0229 (+/-0.0061)
2019-07-22 13:59:52,427 INFO - logger - Iter 21600 - time: 25    - [train] loss: 0.0245 (+/-0.0073) - [valid] loss: 0.0192 (+/-0.0045) - [test] loss: 0.0242 (+/-0.0099)
2019-07-22 14:00:18,520 INFO - logger - Iter 21700 - time: 26    - [train] loss: 0.0212 (+/-0.006 ) - [valid] loss: 0.0191 (+/-0.0043) - [test] loss: 0.0233 (+/-0.007 )
2019-07-22 14:00:44,253 INFO - logger - Iter 21800 - time: 25    - [train] loss: 0.0145 (+/-0.003 ) - [valid] loss: 0.0157 (+/-0.0038) - [test] loss: 0.0173 (+/-0.0054)
2019-07-22 14:01:10,555 INFO - logger - Iter 21900 - time: 26    - [train] loss: 0.0248 (+/-0.0065) - [valid] loss: 0.0275 (+/-0.0072) - [test] loss: 0.0303 (+/-0.0086)
2019-07-22 14:01:36,035 INFO - logger - Iter 22000 - time: 25    - [train] loss: 0.0191 (+/-0.0054) - [valid] loss: 0.0194 (+/-0.0057) - [test] loss: 0.0358 (+/-0.0195)
2019-07-22 14:02:01,060 INFO - logger - Iter 22100 - time: 25    - [train] loss: 0.0238 (+/-0.0085) - [valid] loss: 0.0235 (+/-0.0043) - [test] loss: 0.0271 (+/-0.0058)
2019-07-22 14:02:27,368 INFO - logger - Iter 22200 - time: 26    - [train] loss: 0.019  (+/-0.0064) - [valid] loss: 0.0305 (+/-0.022 ) - [test] loss: 0.0181 (+/-0.0043)
2019-07-22 14:02:52,648 INFO - logger - Iter 22300 - time: 25    - [train] loss: 0.0265 (+/-0.0105) - [valid] loss: 0.02   (+/-0.0068) - [test] loss: 0.0188 (+/-0.0049)
2019-07-22 14:03:18,789 INFO - logger - Iter 22400 - time: 26    - [train] loss: 0.0365 (+/-0.0271) - [valid] loss: 0.024  (+/-0.0073) - [test] loss: 0.0261 (+/-0.0106)
2019-07-22 14:03:44,696 INFO - logger - Iter 22500 - time: 25    - [train] loss: 0.0223 (+/-0.0065) - [valid] loss: 0.0307 (+/-0.0092) - [test] loss: 0.033  (+/-0.0121)
2019-07-22 14:04:11,138 INFO - logger - Iter 22600 - time: 26    - [train] loss: 0.019  (+/-0.0065) - [valid] loss: 0.023  (+/-0.0089) - [test] loss: 0.0222 (+/-0.0078)
2019-07-22 14:04:37,574 INFO - logger - Iter 22700 - time: 26    - [train] loss: 0.0179 (+/-0.0039) - [valid] loss: 0.0224 (+/-0.0075) - [test] loss: 0.0197 (+/-0.0042)
2019-07-22 14:05:03,712 INFO - logger - Iter 22800 - time: 26    - [train] loss: 0.0171 (+/-0.0041) - [valid] loss: 0.019  (+/-0.004 ) - [test] loss: 0.0207 (+/-0.0097)
2019-07-22 14:05:29,560 INFO - logger - Iter 22900 - time: 25    - [train] loss: 0.0229 (+/-0.0092) - [valid] loss: 0.0143 (+/-0.0043) - [test] loss: 0.0162 (+/-0.0047)
2019-07-22 14:05:55,031 INFO - logger - Iter 23000 - time: 25    - [train] loss: 0.0232 (+/-0.0077) - [valid] loss: 0.0191 (+/-0.0042) - [test] loss: 0.0259 (+/-0.0074)
2019-07-22 14:06:22,040 INFO - logger - Iter 23100 - time: 27    - [train] loss: 0.0264 (+/-0.0062) - [valid] loss: 0.0396 (+/-0.0143) - [test] loss: 0.0354 (+/-0.0119)
2019-07-22 14:06:47,985 INFO - logger - Iter 23200 - time: 25    - [train] loss: 0.0222 (+/-0.009 ) - [valid] loss: 0.0178 (+/-0.0062) - [test] loss: 0.0191 (+/-0.0067)
2019-07-22 14:07:13,350 INFO - logger - Iter 23300 - time: 25    - [train] loss: 0.0257 (+/-0.0072) - [valid] loss: 0.0234 (+/-0.0065) - [test] loss: 0.0303 (+/-0.013 )
2019-07-22 14:07:39,677 INFO - logger - Iter 23400 - time: 26    - [train] loss: 0.0265 (+/-0.0152) - [valid] loss: 0.0139 (+/-0.0033) - [test] loss: 0.0153 (+/-0.0047)
2019-07-22 14:08:04,872 INFO - logger - Iter 23500 - time: 25    - [train] loss: 0.0148 (+/-0.0034) - [valid] loss: 0.0132 (+/-0.0037) - [test] loss: 0.0134 (+/-0.0025)
2019-07-22 14:08:31,396 INFO - logger - Iter 23600 - time: 26    - [train] loss: 0.024  (+/-0.0072) - [valid] loss: 0.0227 (+/-0.0078) - [test] loss: 0.0204 (+/-0.0075)
2019-07-22 14:08:56,836 INFO - logger - Iter 23700 - time: 25    - [train] loss: 0.018  (+/-0.0047) - [valid] loss: 0.0143 (+/-0.0038) - [test] loss: 0.0161 (+/-0.0058)
2019-07-22 14:09:23,115 INFO - logger - Iter 23800 - time: 26    - [train] loss: 0.0264 (+/-0.0143) - [valid] loss: 0.013  (+/-0.0047) - [test] loss: 0.0146 (+/-0.0069)
2019-07-22 14:09:49,333 INFO - logger - Iter 23900 - time: 26    - [train] loss: 0.0162 (+/-0.0039) - [valid] loss: 0.0234 (+/-0.0066) - [test] loss: 0.0176 (+/-0.0039)
2019-07-22 14:10:15,462 INFO - logger - Iter 24000 - time: 26    - [train] loss: 0.0187 (+/-0.0053) - [valid] loss: 0.0173 (+/-0.0051) - [test] loss: 0.019  (+/-0.0071)
2019-07-22 14:10:41,801 INFO - logger - Iter 24100 - time: 26    - [train] loss: 0.0249 (+/-0.015 ) - [valid] loss: 0.0206 (+/-0.0051) - [test] loss: 0.0189 (+/-0.0048)
2019-07-22 14:11:07,655 INFO - logger - Iter 24200 - time: 25    - [train] loss: 0.015  (+/-0.0046) - [valid] loss: 0.0147 (+/-0.0036) - [test] loss: 0.0267 (+/-0.0147)
2019-07-22 14:11:34,515 INFO - logger - Iter 24300 - time: 26    - [train] loss: 0.0268 (+/-0.0093) - [valid] loss: 0.0292 (+/-0.0126) - [test] loss: 0.02   (+/-0.0046)
2019-07-22 14:11:59,845 INFO - logger - Iter 24400 - time: 25    - [train] loss: 0.0198 (+/-0.0062) - [valid] loss: 0.0332 (+/-0.0306) - [test] loss: 0.0193 (+/-0.0088)
2019-07-22 14:12:26,107 INFO - logger - Iter 24500 - time: 26    - [train] loss: 0.0299 (+/-0.0156) - [valid] loss: 0.016  (+/-0.0042) - [test] loss: 0.0213 (+/-0.01  )
2019-07-22 14:12:51,998 INFO - logger - Iter 24600 - time: 25    - [train] loss: 0.013  (+/-0.0029) - [valid] loss: 0.0139 (+/-0.0031) - [test] loss: 0.015  (+/-0.0032)
2019-07-22 14:13:17,313 INFO - logger - Iter 24700 - time: 25    - [train] loss: 0.0167 (+/-0.006 ) - [valid] loss: 0.0183 (+/-0.0084) - [test] loss: 0.0157 (+/-0.0064)
2019-07-22 14:13:44,530 INFO - logger - Iter 24800 - time: 27    - [train] loss: 0.0259 (+/-0.0175) - [valid] loss: 0.0199 (+/-0.0068) - [test] loss: 0.0163 (+/-0.0051)
2019-07-22 14:14:11,367 INFO - logger - Iter 24900 - time: 26    - [train] loss: 0.0174 (+/-0.0036) - [valid] loss: 0.0195 (+/-0.0047) - [test] loss: 0.0141 (+/-0.0035)
2019-07-22 14:14:37,522 INFO - logger - Iter 25000 - time: 26    - [train] loss: 0.0409 (+/-0.0118) - [valid] loss: 0.0544 (+/-0.0185) - [test] loss: 0.0326 (+/-0.0083)
2019-07-22 14:15:02,932 INFO - logger - Iter 25100 - time: 25    - [train] loss: 0.0299 (+/-0.014 ) - [valid] loss: 0.0234 (+/-0.0058) - [test] loss: 0.0201 (+/-0.0039)
2019-07-22 14:15:28,756 INFO - logger - Iter 25200 - time: 25    - [train] loss: 0.0225 (+/-0.0067) - [valid] loss: 0.0346 (+/-0.0107) - [test] loss: 0.0308 (+/-0.0216)
2019-07-22 14:15:54,481 INFO - logger - Iter 25300 - time: 25    - [train] loss: 0.0281 (+/-0.0101) - [valid] loss: 0.0255 (+/-0.0147) - [test] loss: 0.0158 (+/-0.0032)
2019-07-22 14:16:19,546 INFO - logger - Iter 25400 - time: 25    - [train] loss: 0.0154 (+/-0.0039) - [valid] loss: 0.0253 (+/-0.0163) - [test] loss: 0.0143 (+/-0.0039)
2019-07-22 14:16:45,787 INFO - logger - Iter 25500 - time: 26    - [train] loss: 0.0522 (+/-0.0762) - [valid] loss: 0.0146 (+/-0.0047) - [test] loss: 0.0126 (+/-0.0033)
2019-07-22 14:17:11,191 INFO - logger - Iter 25600 - time: 25    - [train] loss: 0.0448 (+/-0.0147) - [valid] loss: 0.0445 (+/-0.0162) - [test] loss: 0.0302 (+/-0.0088)
2019-07-22 14:17:38,110 INFO - logger - Iter 25700 - time: 26    - [train] loss: 0.0131 (+/-0.0035) - [valid] loss: 0.014  (+/-0.0042) - [test] loss: 0.0188 (+/-0.0074)
2019-07-22 14:18:03,817 INFO - logger - Iter 25800 - time: 25    - [train] loss: 0.014  (+/-0.0043) - [valid] loss: 0.0205 (+/-0.0076) - [test] loss: 0.0149 (+/-0.0045)
2019-07-22 14:18:29,813 INFO - logger - Iter 25900 - time: 25    - [train] loss: 0.015  (+/-0.0052) - [valid] loss: 0.0165 (+/-0.0048) - [test] loss: 0.016  (+/-0.0065)
2019-07-22 14:18:54,951 INFO - logger - Iter 26000 - time: 25    - [train] loss: 0.0124 (+/-0.0025) - [valid] loss: 0.0187 (+/-0.0133) - [test] loss: 0.014  (+/-0.0054)
2019-07-22 14:19:20,602 INFO - logger - Iter 26100 - time: 25    - [train] loss: 0.0215 (+/-0.0081) - [valid] loss: 0.0677 (+/-0.1003) - [test] loss: 0.0144 (+/-0.0041)
2019-07-22 14:19:46,150 INFO - logger - Iter 26200 - time: 25    - [train] loss: 0.0158 (+/-0.0041) - [valid] loss: 0.0156 (+/-0.0066) - [test] loss: 0.0125 (+/-0.0024)
2019-07-22 14:20:12,205 INFO - logger - Iter 26300 - time: 26    - [train] loss: 0.0142 (+/-0.0034) - [valid] loss: 0.0132 (+/-0.0031) - [test] loss: 0.015  (+/-0.0042)
2019-07-22 14:20:38,542 INFO - logger - Iter 26400 - time: 26    - [train] loss: 0.0159 (+/-0.0051) - [valid] loss: 0.0152 (+/-0.0043) - [test] loss: 0.0198 (+/-0.0109)
2019-07-22 14:21:03,763 INFO - logger - Iter 26500 - time: 25    - [train] loss: 0.0173 (+/-0.0074) - [valid] loss: 0.0144 (+/-0.0028) - [test] loss: 0.0135 (+/-0.0033)
2019-07-22 14:21:30,271 INFO - logger - Iter 26600 - time: 26    - [train] loss: 0.0172 (+/-0.0034) - [valid] loss: 0.0158 (+/-0.0061) - [test] loss: 0.032  (+/-0.0174)
2019-07-22 14:21:56,678 INFO - logger - Iter 26700 - time: 26    - [train] loss: 0.0179 (+/-0.0104) - [valid] loss: 0.0167 (+/-0.0077) - [test] loss: 0.0123 (+/-0.0026)
2019-07-22 14:22:22,359 INFO - logger - Iter 26800 - time: 25    - [train] loss: 0.0136 (+/-0.0026) - [valid] loss: 0.0183 (+/-0.0055) - [test] loss: 0.0141 (+/-0.0028)
2019-07-22 14:22:48,490 INFO - logger - Iter 26900 - time: 26    - [train] loss: 0.0107 (+/-0.0023) - [valid] loss: 0.0173 (+/-0.0064) - [test] loss: 0.0111 (+/-0.0034)
2019-07-22 14:23:13,985 INFO - logger - Iter 27000 - time: 25    - [train] loss: 0.0094 (+/-0.0023) - [valid] loss: 0.0091 (+/-0.002 ) - [test] loss: 0.0118 (+/-0.003 )
2019-07-22 14:23:39,940 INFO - logger - Iter 27100 - time: 25    - [train] loss: 0.0133 (+/-0.0037) - [valid] loss: 0.011  (+/-0.0037) - [test] loss: 0.0141 (+/-0.004 )
2019-07-22 14:24:05,883 INFO - logger - Iter 27200 - time: 25    - [train] loss: 0.0119 (+/-0.0039) - [valid] loss: 0.0132 (+/-0.0034) - [test] loss: 0.0123 (+/-0.0041)
2019-07-22 14:24:31,492 INFO - logger - Iter 27300 - time: 25    - [train] loss: 0.0262 (+/-0.0259) - [valid] loss: 0.0103 (+/-0.0018) - [test] loss: 0.0157 (+/-0.0068)
2019-07-22 14:24:58,092 INFO - logger - Iter 27400 - time: 26    - [train] loss: 0.0254 (+/-0.008 ) - [valid] loss: 0.0261 (+/-0.0076) - [test] loss: 0.0221 (+/-0.0068)
2019-07-22 14:25:23,704 INFO - logger - Iter 27500 - time: 25    - [train] loss: 0.0194 (+/-0.0041) - [valid] loss: 0.0192 (+/-0.0041) - [test] loss: 0.0253 (+/-0.0101)
2019-07-22 14:25:49,123 INFO - logger - Iter 27600 - time: 25    - [train] loss: 0.0146 (+/-0.0034) - [valid] loss: 0.0116 (+/-0.0023) - [test] loss: 0.013  (+/-0.0035)
2019-07-22 14:26:15,512 INFO - logger - Iter 27700 - time: 26    - [train] loss: 0.0127 (+/-0.0031) - [valid] loss: 0.0152 (+/-0.005 ) - [test] loss: 0.0123 (+/-0.0027)
2019-07-22 14:26:41,073 INFO - logger - Iter 27800 - time: 25    - [train] loss: 0.0116 (+/-0.0031) - [valid] loss: 0.0137 (+/-0.0096) - [test] loss: 0.0248 (+/-0.0265)
2019-07-22 14:27:08,092 INFO - logger - Iter 27900 - time: 27    - [train] loss: 0.0167 (+/-0.004 ) - [valid] loss: 0.0158 (+/-0.0034) - [test] loss: 0.0179 (+/-0.0043)
2019-07-22 14:27:34,245 INFO - logger - Iter 28000 - time: 26    - [train] loss: 0.0145 (+/-0.0049) - [valid] loss: 0.0115 (+/-0.0026) - [test] loss: 0.014  (+/-0.0041)
2019-07-22 14:28:00,555 INFO - logger - Iter 28100 - time: 26    - [train] loss: 0.0139 (+/-0.0038) - [valid] loss: 0.0141 (+/-0.004 ) - [test] loss: 0.0105 (+/-0.0021)
2019-07-22 14:28:26,314 INFO - logger - Iter 28200 - time: 25    - [train] loss: 0.0131 (+/-0.0028) - [valid] loss: 0.0114 (+/-0.0025) - [test] loss: 0.0142 (+/-0.004 )
2019-07-22 14:28:53,028 INFO - logger - Iter 28300 - time: 26    - [train] loss: 0.0232 (+/-0.0073) - [valid] loss: 0.024  (+/-0.0085) - [test] loss: 0.0264 (+/-0.0131)
2019-07-22 14:29:19,126 INFO - logger - Iter 28400 - time: 26    - [train] loss: 0.0138 (+/-0.0051) - [valid] loss: 0.0138 (+/-0.0058) - [test] loss: 0.0157 (+/-0.0052)
2019-07-22 14:29:44,788 INFO - logger - Iter 28500 - time: 25    - [train] loss: 0.0115 (+/-0.0027) - [valid] loss: 0.0092 (+/-0.0019) - [test] loss: 0.0102 (+/-0.0025)
2019-07-22 14:30:11,537 INFO - logger - Iter 28600 - time: 26    - [train] loss: 0.0155 (+/-0.0071) - [valid] loss: 0.0198 (+/-0.0096) - [test] loss: 0.0119 (+/-0.0031)
2019-07-22 14:30:36,731 INFO - logger - Iter 28700 - time: 25    - [train] loss: 0.0241 (+/-0.0052) - [valid] loss: 0.0198 (+/-0.0042) - [test] loss: 0.032  (+/-0.0176)
2019-07-22 14:31:03,674 INFO - logger - Iter 28800 - time: 26    - [train] loss: 0.0132 (+/-0.0049) - [valid] loss: 0.0165 (+/-0.0056) - [test] loss: 0.0125 (+/-0.0033)
2019-07-22 14:31:29,645 INFO - logger - Iter 28900 - time: 25    - [train] loss: 0.0106 (+/-0.0023) - [valid] loss: 0.0104 (+/-0.0023) - [test] loss: 0.014  (+/-0.0048)
2019-07-22 14:31:56,108 INFO - logger - Iter 29000 - time: 26    - [train] loss: 0.0138 (+/-0.0048) - [valid] loss: 0.0108 (+/-0.0027) - [test] loss: 0.0201 (+/-0.0188)
2019-07-22 14:32:21,915 INFO - logger - Iter 29100 - time: 25    - [train] loss: 0.0178 (+/-0.0035) - [valid] loss: 0.0218 (+/-0.007 ) - [test] loss: 0.04   (+/-0.034 )
2019-07-22 14:32:47,155 INFO - logger - Iter 29200 - time: 25    - [train] loss: 0.02   (+/-0.0084) - [valid] loss: 0.0155 (+/-0.0043) - [test] loss: 0.0169 (+/-0.0059)
2019-07-22 14:33:14,308 INFO - logger - Iter 29300 - time: 27    - [train] loss: 0.016  (+/-0.0069) - [valid] loss: 0.0239 (+/-0.0159) - [test] loss: 0.0107 (+/-0.0024)
2019-07-22 14:33:39,951 INFO - logger - Iter 29400 - time: 25    - [train] loss: 0.0126 (+/-0.0063) - [valid] loss: 0.0122 (+/-0.0041) - [test] loss: 0.0131 (+/-0.0039)
2019-07-22 14:34:05,314 INFO - logger - Iter 29500 - time: 25    - [train] loss: 0.0164 (+/-0.0061) - [valid] loss: 0.0149 (+/-0.0059) - [test] loss: 0.0159 (+/-0.0072)
2019-07-22 14:34:32,210 INFO - logger - Iter 29600 - time: 26    - [train] loss: 0.0286 (+/-0.0236) - [valid] loss: 0.0121 (+/-0.0021) - [test] loss: 0.0132 (+/-0.0034)
2019-07-22 14:34:59,107 INFO - logger - Iter 29700 - time: 26    - [train] loss: 0.0123 (+/-0.0042) - [valid] loss: 0.0085 (+/-0.002 ) - [test] loss: 0.0116 (+/-0.0035)
2019-07-22 14:35:24,738 INFO - logger - Iter 29800 - time: 25    - [train] loss: 0.0118 (+/-0.0042) - [valid] loss: 0.0104 (+/-0.0026) - [test] loss: 0.0092 (+/-0.0027)
2019-07-22 14:35:51,496 INFO - logger - Iter 29900 - time: 26    - [train] loss: 0.0166 (+/-0.0044) - [valid] loss: 0.0144 (+/-0.0045) - [test] loss: 0.0228 (+/-0.013 )
2019-07-22 14:36:17,665 INFO - logger - Iter 30000 - time: 26    - [train] loss: 0.0126 (+/-0.0034) - [valid] loss: 0.0186 (+/-0.0153) - [test] loss: 0.0152 (+/-0.0063)
2019-07-22 14:36:42,758 INFO - logger - Iter 30100 - time: 25    - [train] loss: 0.0126 (+/-0.0057) - [valid] loss: 0.0125 (+/-0.0038) - [test] loss: 0.0123 (+/-0.0027)
2019-07-22 14:37:08,486 INFO - logger - Iter 30200 - time: 25    - [train] loss: 0.0139 (+/-0.0024) - [valid] loss: 0.0127 (+/-0.0026) - [test] loss: 0.0141 (+/-0.0025)
2019-07-22 14:37:34,493 INFO - logger - Iter 30300 - time: 26    - [train] loss: 0.0127 (+/-0.005 ) - [valid] loss: 0.0144 (+/-0.0049) - [test] loss: 0.011  (+/-0.0022)
2019-07-22 14:37:59,945 INFO - logger - Iter 30400 - time: 25    - [train] loss: 0.0098 (+/-0.002 ) - [valid] loss: 0.0113 (+/-0.0028) - [test] loss: 0.0097 (+/-0.0017)
2019-07-22 14:38:26,764 INFO - logger - Iter 30500 - time: 26    - [train] loss: 0.01   (+/-0.0026) - [valid] loss: 0.0135 (+/-0.0033) - [test] loss: 0.0168 (+/-0.0078)
2019-07-22 14:38:51,892 INFO - logger - Iter 30600 - time: 25    - [train] loss: 0.0241 (+/-0.0178) - [valid] loss: 0.0154 (+/-0.0042) - [test] loss: 0.0118 (+/-0.003 )
2019-07-22 14:39:18,313 INFO - logger - Iter 30700 - time: 26    - [train] loss: 0.0338 (+/-0.0161) - [valid] loss: 0.0231 (+/-0.0128) - [test] loss: 0.0359 (+/-0.018 )
2019-07-22 14:39:44,137 INFO - logger - Iter 30800 - time: 25    - [train] loss: 0.0236 (+/-0.0124) - [valid] loss: 0.0163 (+/-0.0064) - [test] loss: 0.0176 (+/-0.0071)
2019-07-22 14:40:10,448 INFO - logger - Iter 30900 - time: 26    - [train] loss: 0.009  (+/-0.0027) - [valid] loss: 0.0254 (+/-0.0121) - [test] loss: 0.0231 (+/-0.0189)
2019-07-22 14:40:36,841 INFO - logger - Iter 31000 - time: 26    - [train] loss: 0.0155 (+/-0.0059) - [valid] loss: 0.0172 (+/-0.0056) - [test] loss: 0.0174 (+/-0.0063)
2019-07-22 14:41:03,311 INFO - logger - Iter 31100 - time: 26    - [train] loss: 0.0172 (+/-0.0055) - [valid] loss: 0.0235 (+/-0.0165) - [test] loss: 0.0114 (+/-0.0027)
2019-07-22 14:41:29,102 INFO - logger - Iter 31200 - time: 25    - [train] loss: 0.0127 (+/-0.0055) - [valid] loss: 0.0187 (+/-0.0108) - [test] loss: 0.0095 (+/-0.0021)
2019-07-22 14:41:54,642 INFO - logger - Iter 31300 - time: 25    - [train] loss: 0.0208 (+/-0.0062) - [valid] loss: 0.017  (+/-0.0084) - [test] loss: 0.0146 (+/-0.0037)
2019-07-22 14:42:21,198 INFO - logger - Iter 31400 - time: 26    - [train] loss: 0.022  (+/-0.0173) - [valid] loss: 0.0136 (+/-0.0028) - [test] loss: 0.0106 (+/-0.0025)
2019-07-22 14:42:47,347 INFO - logger - Iter 31500 - time: 26    - [train] loss: 0.0232 (+/-0.0089) - [valid] loss: 0.0178 (+/-0.0043) - [test] loss: 0.0197 (+/-0.0063)
2019-07-22 14:43:13,735 INFO - logger - Iter 31600 - time: 26    - [train] loss: 0.0128 (+/-0.0037) - [valid] loss: 0.0178 (+/-0.0097) - [test] loss: 0.0161 (+/-0.0073)
2019-07-22 14:43:39,667 INFO - logger - Iter 31700 - time: 25    - [train] loss: 0.0151 (+/-0.0097) - [valid] loss: 0.0078 (+/-0.0015) - [test] loss: 0.0091 (+/-0.0027)
2019-07-22 14:44:05,408 INFO - logger - Iter 31800 - time: 25    - [train] loss: 0.0104 (+/-0.0022) - [valid] loss: 0.015  (+/-0.0053) - [test] loss: 0.0109 (+/-0.0043)
2019-07-22 14:44:31,758 INFO - logger - Iter 31900 - time: 26    - [train] loss: 0.0119 (+/-0.0037) - [valid] loss: 0.011  (+/-0.0023) - [test] loss: 0.0144 (+/-0.0051)
2019-07-22 14:44:57,530 INFO - logger - Iter 32000 - time: 25    - [train] loss: 0.0214 (+/-0.008 ) - [valid] loss: 0.0207 (+/-0.0071) - [test] loss: 0.014  (+/-0.0036)
2019-07-22 14:45:23,786 INFO - logger - Iter 32100 - time: 26    - [train] loss: 0.0124 (+/-0.0046) - [valid] loss: 0.009  (+/-0.0019) - [test] loss: 0.0129 (+/-0.005 )
2019-07-22 14:45:50,412 INFO - logger - Iter 32200 - time: 26    - [train] loss: 0.0095 (+/-0.0025) - [valid] loss: 0.0098 (+/-0.003 ) - [test] loss: 0.0111 (+/-0.0041)
2019-07-22 14:46:15,679 INFO - logger - Iter 32300 - time: 25    - [train] loss: 0.0176 (+/-0.0102) - [valid] loss: 0.0106 (+/-0.0027) - [test] loss: 0.0087 (+/-0.0019)
2019-07-22 14:46:41,077 INFO - logger - Iter 32400 - time: 25    - [train] loss: 0.0163 (+/-0.0105) - [valid] loss: 0.0099 (+/-0.0042) - [test] loss: 0.0093 (+/-0.0026)
2019-07-22 14:47:07,261 INFO - logger - Iter 32500 - time: 26    - [train] loss: 0.0161 (+/-0.0092) - [valid] loss: 0.0098 (+/-0.0027) - [test] loss: 0.02   (+/-0.0082)
2019-07-22 14:47:33,214 INFO - logger - Iter 32600 - time: 25    - [train] loss: 0.0108 (+/-0.0031) - [valid] loss: 0.0131 (+/-0.0049) - [test] loss: 0.0114 (+/-0.0038)
2019-07-22 14:47:59,978 INFO - logger - Iter 32700 - time: 26    - [train] loss: 0.0399 (+/-0.015 ) - [valid] loss: 0.0446 (+/-0.0122) - [test] loss: 0.0389 (+/-0.0128)
2019-07-22 14:48:26,216 INFO - logger - Iter 32800 - time: 26    - [train] loss: 0.0194 (+/-0.0074) - [valid] loss: 0.0137 (+/-0.0034) - [test] loss: 0.0184 (+/-0.0043)
2019-07-22 14:48:51,953 INFO - logger - Iter 32900 - time: 25    - [train] loss: 0.0067 (+/-0.0021) - [valid] loss: 0.0133 (+/-0.005 ) - [test] loss: 0.0142 (+/-0.0075)
2019-07-22 14:49:17,615 INFO - logger - Iter 33000 - time: 25    - [train] loss: 0.0117 (+/-0.0041) - [valid] loss: 0.0095 (+/-0.0025) - [test] loss: 0.0226 (+/-0.0222)
2019-07-22 14:49:44,101 INFO - logger - Iter 33100 - time: 26    - [train] loss: 0.0092 (+/-0.0021) - [valid] loss: 0.012  (+/-0.0061) - [test] loss: 0.0134 (+/-0.005 )
2019-07-22 14:50:10,377 INFO - logger - Iter 33200 - time: 26    - [train] loss: 0.0159 (+/-0.0044) - [valid] loss: 0.0129 (+/-0.0026) - [test] loss: 0.0122 (+/-0.0037)
2019-07-22 14:50:36,224 INFO - logger - Iter 33300 - time: 25    - [train] loss: 0.0136 (+/-0.0061) - [valid] loss: 0.0094 (+/-0.0019) - [test] loss: 0.0108 (+/-0.0036)
2019-07-22 14:51:02,640 INFO - logger - Iter 33400 - time: 26    - [train] loss: 0.009  (+/-0.0023) - [valid] loss: 0.0138 (+/-0.0052) - [test] loss: 0.0112 (+/-0.0036)
2019-07-22 14:51:28,755 INFO - logger - Iter 33500 - time: 26    - [train] loss: 0.0156 (+/-0.0071) - [valid] loss: 0.0093 (+/-0.0029) - [test] loss: 0.0116 (+/-0.0022)
2019-07-22 14:51:54,556 INFO - logger - Iter 33600 - time: 25    - [train] loss: 0.0229 (+/-0.0174) - [valid] loss: 0.0107 (+/-0.0037) - [test] loss: 0.0102 (+/-0.0052)
2019-07-22 14:52:20,697 INFO - logger - Iter 33700 - time: 26    - [train] loss: 0.0197 (+/-0.0139) - [valid] loss: 0.0107 (+/-0.0025) - [test] loss: 0.0139 (+/-0.0057)
2019-07-22 14:52:45,937 INFO - logger - Iter 33800 - time: 25    - [train] loss: 0.0099 (+/-0.0022) - [valid] loss: 0.0141 (+/-0.0071) - [test] loss: 0.011  (+/-0.0027)
2019-07-22 14:53:12,632 INFO - logger - Iter 33900 - time: 26    - [train] loss: 0.0117 (+/-0.003 ) - [valid] loss: 0.0112 (+/-0.0024) - [test] loss: 0.0109 (+/-0.0018)
2019-07-22 14:53:38,791 INFO - logger - Iter 34000 - time: 26    - [train] loss: 0.014  (+/-0.0039) - [valid] loss: 0.0154 (+/-0.0077) - [test] loss: 0.0101 (+/-0.0024)
2019-07-22 14:54:05,065 INFO - logger - Iter 34100 - time: 26    - [train] loss: 0.014  (+/-0.0052) - [valid] loss: 0.0131 (+/-0.0051) - [test] loss: 0.0155 (+/-0.0097)
2019-07-22 14:54:31,282 INFO - logger - Iter 34200 - time: 26    - [train] loss: 0.0138 (+/-0.0077) - [valid] loss: 0.0078 (+/-0.0019) - [test] loss: 0.0087 (+/-0.0034)
2019-07-22 14:54:56,566 INFO - logger - Iter 34300 - time: 25    - [train] loss: 0.0091 (+/-0.0035) - [valid] loss: 0.0129 (+/-0.0082) - [test] loss: 0.0148 (+/-0.0136)
2019-07-22 14:55:21,635 INFO - logger - Iter 34400 - time: 25    - [train] loss: 0.0151 (+/-0.0053) - [valid] loss: 0.0125 (+/-0.0038) - [test] loss: 0.0111 (+/-0.0041)
2019-07-22 14:55:48,095 INFO - logger - Iter 34500 - time: 26    - [train] loss: 0.0139 (+/-0.0054) - [valid] loss: 0.0156 (+/-0.0086) - [test] loss: 0.0115 (+/-0.002 )
2019-07-22 14:56:13,995 INFO - logger - Iter 34600 - time: 25    - [train] loss: 0.012  (+/-0.0061) - [valid] loss: 0.0095 (+/-0.0022) - [test] loss: 0.0126 (+/-0.005 )
2019-07-22 14:56:39,997 INFO - logger - Iter 34700 - time: 26    - [train] loss: 0.0108 (+/-0.0019) - [valid] loss: 0.0174 (+/-0.0087) - [test] loss: 0.016  (+/-0.0044)
2019-07-22 14:57:06,066 INFO - logger - Iter 34800 - time: 26    - [train] loss: 0.0073 (+/-0.0019) - [valid] loss: 0.0082 (+/-0.0023) - [test] loss: 0.0066 (+/-0.0012)
2019-07-22 14:57:31,880 INFO - logger - Iter 34900 - time: 25    - [train] loss: 0.0189 (+/-0.018 ) - [valid] loss: 0.0092 (+/-0.0024) - [test] loss: 0.0088 (+/-0.0018)
2019-07-22 14:57:57,342 INFO - logger - Iter 35000 - time: 25    - [train] loss: 0.0235 (+/-0.0118) - [valid] loss: 0.0119 (+/-0.0034) - [test] loss: 0.0153 (+/-0.0062)
2019-07-22 14:58:23,014 INFO - logger - Iter 35100 - time: 25    - [train] loss: 0.0116 (+/-0.0032) - [valid] loss: 0.0207 (+/-0.0121) - [test] loss: 0.0115 (+/-0.0029)
2019-07-22 14:58:49,608 INFO - logger - Iter 35200 - time: 26    - [train] loss: 0.0121 (+/-0.0035) - [valid] loss: 0.0189 (+/-0.006 ) - [test] loss: 0.0151 (+/-0.0044)
2019-07-22 14:59:15,721 INFO - logger - Iter 35300 - time: 26    - [train] loss: 0.0133 (+/-0.0046) - [valid] loss: 0.0118 (+/-0.0023) - [test] loss: 0.0119 (+/-0.0026)
2019-07-22 14:59:41,367 INFO - logger - Iter 35400 - time: 25    - [train] loss: 0.0114 (+/-0.0031) - [valid] loss: 0.0155 (+/-0.006 ) - [test] loss: 0.0099 (+/-0.0022)
2019-07-22 15:00:06,780 INFO - logger - Iter 35500 - time: 25    - [train] loss: 0.0361 (+/-0.0174) - [valid] loss: 0.018  (+/-0.0053) - [test] loss: 0.0378 (+/-0.0115)
2019-07-22 15:00:32,121 INFO - logger - Iter 35600 - time: 25    - [train] loss: 0.0135 (+/-0.0026) - [valid] loss: 0.0106 (+/-0.0021) - [test] loss: 0.0152 (+/-0.0077)
2019-07-22 15:00:58,444 INFO - logger - Iter 35700 - time: 26    - [train] loss: 0.0205 (+/-0.0135) - [valid] loss: 0.0092 (+/-0.0026) - [test] loss: 0.0131 (+/-0.0093)
2019-07-22 15:01:24,299 INFO - logger - Iter 35800 - time: 25    - [train] loss: 0.0115 (+/-0.0037) - [valid] loss: 0.0132 (+/-0.0047) - [test] loss: 0.0144 (+/-0.0059)
2019-07-22 15:01:49,472 INFO - logger - Iter 35900 - time: 25    - [train] loss: 0.0122 (+/-0.0046) - [valid] loss: 0.0116 (+/-0.0046) - [test] loss: 0.0119 (+/-0.0045)
2019-07-22 15:02:15,510 INFO - logger - Iter 36000 - time: 26    - [train] loss: 0.0074 (+/-0.0018) - [valid] loss: 0.0099 (+/-0.0032) - [test] loss: 0.0104 (+/-0.0028)
2019-07-22 15:02:41,927 INFO - logger - Iter 36100 - time: 26    - [train] loss: 0.0096 (+/-0.0034) - [valid] loss: 0.0076 (+/-0.0019) - [test] loss: 0.0077 (+/-0.0022)
2019-07-22 15:03:08,421 INFO - logger - Iter 36200 - time: 26    - [train] loss: 0.0205 (+/-0.0057) - [valid] loss: 0.0254 (+/-0.0112) - [test] loss: 0.0153 (+/-0.0036)
2019-07-22 15:03:34,891 INFO - logger - Iter 36300 - time: 26    - [train] loss: 0.0125 (+/-0.0032) - [valid] loss: 0.016  (+/-0.0089) - [test] loss: 0.0093 (+/-0.002 )
2019-07-22 15:04:00,671 INFO - logger - Iter 36400 - time: 25    - [train] loss: 0.0128 (+/-0.0063) - [valid] loss: 0.0133 (+/-0.0046) - [test] loss: 0.0096 (+/-0.0017)
2019-07-22 15:04:25,662 INFO - logger - Iter 36500 - time: 24    - [train] loss: 0.0206 (+/-0.0177) - [valid] loss: 0.0118 (+/-0.0028) - [test] loss: 0.0133 (+/-0.0048)
2019-07-22 15:04:51,613 INFO - logger - Iter 36600 - time: 25    - [train] loss: 0.0087 (+/-0.0024) - [valid] loss: 0.0091 (+/-0.0043) - [test] loss: 0.0133 (+/-0.0076)
2019-07-22 15:05:17,123 INFO - logger - Iter 36700 - time: 25    - [train] loss: 0.0111 (+/-0.003 ) - [valid] loss: 0.0192 (+/-0.0058) - [test] loss: 0.0094 (+/-0.0019)
2019-07-22 15:05:42,352 INFO - logger - Iter 36800 - time: 25    - [train] loss: 0.0064 (+/-0.0017) - [valid] loss: 0.0104 (+/-0.0029) - [test] loss: 0.0112 (+/-0.0054)
2019-07-22 15:06:09,013 INFO - logger - Iter 36900 - time: 26    - [train] loss: 0.0104 (+/-0.0043) - [valid] loss: 0.0101 (+/-0.0035) - [test] loss: 0.0103 (+/-0.0035)
2019-07-22 15:06:34,700 INFO - logger - Iter 37000 - time: 25    - [train] loss: 0.0096 (+/-0.0032) - [valid] loss: 0.0074 (+/-0.0018) - [test] loss: 0.0107 (+/-0.0027)
2019-07-22 15:07:02,011 INFO - logger - Iter 37100 - time: 27    - [train] loss: 0.0098 (+/-0.0021) - [valid] loss: 0.0107 (+/-0.0022) - [test] loss: 0.0103 (+/-0.0026)
2019-07-22 15:07:27,646 INFO - logger - Iter 37200 - time: 25    - [train] loss: 0.0138 (+/-0.0094) - [valid] loss: 0.0094 (+/-0.0024) - [test] loss: 0.0088 (+/-0.0019)
2019-07-22 15:07:52,262 INFO - logger - Iter 37300 - time: 24    - [train] loss: 0.0113 (+/-0.003 ) - [valid] loss: 0.0168 (+/-0.0082) - [test] loss: 0.0185 (+/-0.0084)
2019-07-22 15:08:18,726 INFO - logger - Iter 37400 - time: 26    - [train] loss: 0.0159 (+/-0.0064) - [valid] loss: 0.0137 (+/-0.0034) - [test] loss: 0.0148 (+/-0.0065)
2019-07-22 15:08:44,980 INFO - logger - Iter 37500 - time: 26    - [train] loss: 0.007  (+/-0.0023) - [valid] loss: 0.0065 (+/-0.002 ) - [test] loss: 0.0059 (+/-0.0016)
2019-07-22 15:09:11,527 INFO - logger - Iter 37600 - time: 26    - [train] loss: 0.013  (+/-0.0057) - [valid] loss: 0.0129 (+/-0.0045) - [test] loss: 0.012  (+/-0.0051)
2019-07-22 15:09:38,942 INFO - logger - Iter 37700 - time: 27    - [train] loss: 0.0132 (+/-0.0028) - [valid] loss: 0.0124 (+/-0.0025) - [test] loss: 0.0142 (+/-0.0057)
2019-07-22 15:10:04,471 INFO - logger - Iter 37800 - time: 25    - [train] loss: 0.0136 (+/-0.006 ) - [valid] loss: 0.0209 (+/-0.0094) - [test] loss: 0.0208 (+/-0.0095)
2019-07-22 15:10:31,106 INFO - logger - Iter 37900 - time: 26    - [train] loss: 0.0117 (+/-0.0035) - [valid] loss: 0.0104 (+/-0.0028) - [test] loss: 0.0088 (+/-0.0018)
2019-07-22 15:10:57,794 INFO - logger - Iter 38000 - time: 26    - [train] loss: 0.0087 (+/-0.0019) - [valid] loss: 0.0094 (+/-0.0029) - [test] loss: 0.0197 (+/-0.0166)
2019-07-22 15:11:24,084 INFO - logger - Iter 38100 - time: 26    - [train] loss: 0.0323 (+/-0.009 ) - [valid] loss: 0.0271 (+/-0.0057) - [test] loss: 0.0289 (+/-0.0066)
2019-07-22 15:11:50,886 INFO - logger - Iter 38200 - time: 26    - [train] loss: 0.0097 (+/-0.0046) - [valid] loss: 0.0099 (+/-0.0039) - [test] loss: 0.0094 (+/-0.0025)
2019-07-22 15:12:17,420 INFO - logger - Iter 38300 - time: 26    - [train] loss: 0.0091 (+/-0.0029) - [valid] loss: 0.0102 (+/-0.0039) - [test] loss: 0.0115 (+/-0.0041)
2019-07-22 15:12:44,861 INFO - logger - Iter 38400 - time: 27    - [train] loss: 0.0097 (+/-0.0031) - [valid] loss: 0.0136 (+/-0.0105) - [test] loss: 0.0144 (+/-0.0101)
2019-07-22 15:13:11,225 INFO - logger - Iter 38500 - time: 26    - [train] loss: 0.0122 (+/-0.0075) - [valid] loss: 0.0102 (+/-0.0075) - [test] loss: 0.0079 (+/-0.0026)
2019-07-22 15:13:37,431 INFO - logger - Iter 38600 - time: 26    - [train] loss: 0.0067 (+/-0.0013) - [valid] loss: 0.0105 (+/-0.0038) - [test] loss: 0.0073 (+/-0.0021)
2019-07-22 15:14:04,053 INFO - logger - Iter 38700 - time: 26    - [train] loss: 0.0092 (+/-0.0034) - [valid] loss: 0.0071 (+/-0.0019) - [test] loss: 0.0103 (+/-0.0043)
2019-07-22 15:14:29,790 INFO - logger - Iter 38800 - time: 25    - [train] loss: 0.0102 (+/-0.0069) - [valid] loss: 0.0086 (+/-0.0025) - [test] loss: 0.0072 (+/-0.0017)
2019-07-22 15:14:57,031 INFO - logger - Iter 38900 - time: 27    - [train] loss: 0.0066 (+/-0.0011) - [valid] loss: 0.0135 (+/-0.0066) - [test] loss: 0.0084 (+/-0.0028)
2019-07-22 15:15:23,134 INFO - logger - Iter 39000 - time: 26    - [train] loss: 0.0119 (+/-0.0035) - [valid] loss: 0.0113 (+/-0.0033) - [test] loss: 0.0118 (+/-0.0047)
2019-07-22 15:15:49,402 INFO - logger - Iter 39100 - time: 26    - [train] loss: 0.0067 (+/-0.0018) - [valid] loss: 0.0071 (+/-0.0018) - [test] loss: 0.006  (+/-0.0015)
2019-07-22 15:16:15,906 INFO - logger - Iter 39200 - time: 26    - [train] loss: 0.0211 (+/-0.0209) - [valid] loss: 0.0115 (+/-0.0047) - [test] loss: 0.0104 (+/-0.0031)
2019-07-22 15:16:42,019 INFO - logger - Iter 39300 - time: 26    - [train] loss: 0.0065 (+/-0.002 ) - [valid] loss: 0.0087 (+/-0.0037) - [test] loss: 0.0084 (+/-0.0048)
2019-07-22 15:17:07,200 INFO - logger - Iter 39400 - time: 25    - [train] loss: 0.0102 (+/-0.0028) - [valid] loss: 0.0099 (+/-0.0039) - [test] loss: 0.0096 (+/-0.0023)
2019-07-22 15:17:34,036 INFO - logger - Iter 39500 - time: 26    - [train] loss: 0.0125 (+/-0.0028) - [valid] loss: 0.0123 (+/-0.0045) - [test] loss: 0.0667 (+/-0.0868)
2019-07-22 15:17:59,917 INFO - logger - Iter 39600 - time: 25    - [train] loss: 0.0105 (+/-0.0033) - [valid] loss: 0.0074 (+/-0.0016) - [test] loss: 0.0136 (+/-0.0051)
2019-07-22 15:18:27,084 INFO - logger - Iter 39700 - time: 27    - [train] loss: 0.0109 (+/-0.0037) - [valid] loss: 0.0072 (+/-0.002 ) - [test] loss: 0.0088 (+/-0.0021)
2019-07-22 15:18:54,630 INFO - logger - Iter 39800 - time: 27    - [train] loss: 0.0149 (+/-0.0055) - [valid] loss: 0.0172 (+/-0.0052) - [test] loss: 0.0107 (+/-0.0016)
2019-07-22 15:19:21,234 INFO - logger - Iter 39900 - time: 26    - [train] loss: 0.0154 (+/-0.0051) - [valid] loss: 0.0104 (+/-0.0024) - [test] loss: 0.0131 (+/-0.004 )
2019-07-22 15:19:47,370 INFO - logger - Iter 40000 - time: 26    - [train] loss: 0.0687 (+/-0.0241) - [valid] loss: 0.0603 (+/-0.0161) - [test] loss: 0.0536 (+/-0.0166)
2019-07-22 15:20:14,264 INFO - logger - Iter 40100 - time: 26    - [train] loss: 0.0158 (+/-0.0061) - [valid] loss: 0.0187 (+/-0.0086) - [test] loss: 0.0133 (+/-0.0036)
2019-07-22 15:20:40,025 INFO - logger - Iter 40200 - time: 25    - [train] loss: 0.0099 (+/-0.0014) - [valid] loss: 0.0156 (+/-0.0056) - [test] loss: 0.0158 (+/-0.0055)
2019-07-22 15:21:07,124 INFO - logger - Iter 40300 - time: 27    - [train] loss: 0.0109 (+/-0.0023) - [valid] loss: 0.0161 (+/-0.0053) - [test] loss: 0.0122 (+/-0.0036)
2019-07-22 15:21:33,570 INFO - logger - Iter 40400 - time: 26    - [train] loss: 0.0106 (+/-0.0035) - [valid] loss: 0.0128 (+/-0.0051) - [test] loss: 0.0143 (+/-0.0092)
2019-07-22 15:21:59,743 INFO - logger - Iter 40500 - time: 26    - [train] loss: 0.0056 (+/-0.0011) - [valid] loss: 0.0223 (+/-0.016 ) - [test] loss: 0.0061 (+/-0.0012)
2019-07-22 15:22:25,673 INFO - logger - Iter 40600 - time: 25    - [train] loss: 0.0099 (+/-0.0024) - [valid] loss: 0.012  (+/-0.0031) - [test] loss: 0.0096 (+/-0.0029)
2019-07-22 15:22:50,603 INFO - logger - Iter 40700 - time: 24    - [train] loss: 0.0094 (+/-0.0024) - [valid] loss: 0.0087 (+/-0.0021) - [test] loss: 0.0095 (+/-0.0025)
2019-07-22 15:23:17,802 INFO - logger - Iter 40800 - time: 27    - [train] loss: 0.0166 (+/-0.0111) - [valid] loss: 0.0122 (+/-0.005 ) - [test] loss: 0.0084 (+/-0.0031)
2019-07-22 15:23:44,050 INFO - logger - Iter 40900 - time: 26    - [train] loss: 0.0102 (+/-0.0041) - [valid] loss: 0.0118 (+/-0.0052) - [test] loss: 0.0269 (+/-0.0409)
2019-07-22 15:24:10,481 INFO - logger - Iter 41000 - time: 26    - [train] loss: 0.0098 (+/-0.0025) - [valid] loss: 0.0101 (+/-0.003 ) - [test] loss: 0.0095 (+/-0.0022)
2019-07-22 15:24:37,009 INFO - logger - Iter 41100 - time: 26    - [train] loss: 0.0132 (+/-0.0058) - [valid] loss: 0.0107 (+/-0.0038) - [test] loss: 0.0068 (+/-0.0013)
2019-07-22 15:25:03,318 INFO - logger - Iter 41200 - time: 26    - [train] loss: 0.0102 (+/-0.0034) - [valid] loss: 0.012  (+/-0.006 ) - [test] loss: 0.0101 (+/-0.0041)
2019-07-22 15:25:29,517 INFO - logger - Iter 41300 - time: 26    - [train] loss: 0.0055 (+/-0.0013) - [valid] loss: 0.007  (+/-0.0016) - [test] loss: 0.007  (+/-0.0018)
2019-07-22 15:25:56,855 INFO - logger - Iter 41400 - time: 27    - [train] loss: 0.0102 (+/-0.0041) - [valid] loss: 0.0083 (+/-0.0025) - [test] loss: 0.0086 (+/-0.003 )
2019-07-22 15:26:22,448 INFO - logger - Iter 41500 - time: 25    - [train] loss: 0.0076 (+/-0.0025) - [valid] loss: 0.0077 (+/-0.0026) - [test] loss: 0.0067 (+/-0.0015)
2019-07-22 15:26:47,340 INFO - logger - Iter 41600 - time: 24    - [train] loss: 0.0095 (+/-0.0061) - [valid] loss: 0.0136 (+/-0.008 ) - [test] loss: 0.0077 (+/-0.0017)
2019-07-22 15:27:13,567 INFO - logger - Iter 41700 - time: 26    - [train] loss: 0.0082 (+/-0.0025) - [valid] loss: 0.0078 (+/-0.0016) - [test] loss: 0.0113 (+/-0.004 )
2019-07-22 15:27:40,787 INFO - logger - Iter 41800 - time: 27    - [train] loss: 0.0096 (+/-0.0049) - [valid] loss: 0.0099 (+/-0.0037) - [test] loss: 0.0078 (+/-0.0026)
2019-07-22 15:28:07,012 INFO - logger - Iter 41900 - time: 26    - [train] loss: 0.0089 (+/-0.003 ) - [valid] loss: 0.0093 (+/-0.0024) - [test] loss: 0.0087 (+/-0.0035)
2019-07-22 15:28:33,287 INFO - logger - Iter 42000 - time: 26    - [train] loss: 0.0066 (+/-0.0012) - [valid] loss: 0.0118 (+/-0.0084) - [test] loss: 0.011  (+/-0.0053)
2019-07-22 15:28:58,374 INFO - logger - Iter 42100 - time: 25    - [train] loss: 0.0072 (+/-0.0023) - [valid] loss: 0.0072 (+/-0.0017) - [test] loss: 0.0103 (+/-0.0047)
2019-07-22 15:29:23,961 INFO - logger - Iter 42200 - time: 25    - [train] loss: 0.007  (+/-0.0016) - [valid] loss: 0.008  (+/-0.0026) - [test] loss: 0.0141 (+/-0.011 )
2019-07-22 15:29:50,580 INFO - logger - Iter 42300 - time: 26    - [train] loss: 0.0088 (+/-0.0028) - [valid] loss: 0.0079 (+/-0.0028) - [test] loss: 0.0065 (+/-0.0016)
2019-07-22 15:30:16,901 INFO - logger - Iter 42400 - time: 26    - [train] loss: 0.0091 (+/-0.0053) - [valid] loss: 0.0159 (+/-0.0113) - [test] loss: 0.0054 (+/-0.0014)
2019-07-22 15:30:43,104 INFO - logger - Iter 42500 - time: 26    - [train] loss: 0.0123 (+/-0.0081) - [valid] loss: 0.009  (+/-0.0023) - [test] loss: 0.0103 (+/-0.0033)
2019-07-22 15:31:10,326 INFO - logger - Iter 42600 - time: 27    - [train] loss: 0.0102 (+/-0.0041) - [valid] loss: 0.0091 (+/-0.0024) - [test] loss: 0.0083 (+/-0.0019)
2019-07-22 15:31:36,024 INFO - logger - Iter 42700 - time: 25    - [train] loss: 0.0054 (+/-0.0012) - [valid] loss: 0.0057 (+/-0.0014) - [test] loss: 0.0077 (+/-0.0026)
2019-07-22 15:32:01,716 INFO - logger - Iter 42800 - time: 25    - [train] loss: 0.0094 (+/-0.0029) - [valid] loss: 0.0102 (+/-0.0033) - [test] loss: 0.0084 (+/-0.002 )
2019-07-22 15:32:28,594 INFO - logger - Iter 42900 - time: 26    - [train] loss: 0.0084 (+/-0.0025) - [valid] loss: 0.0076 (+/-0.0017) - [test] loss: 0.0096 (+/-0.004 )
2019-07-22 15:32:55,072 INFO - logger - Iter 43000 - time: 26    - [train] loss: 0.0175 (+/-0.0041) - [valid] loss: 0.021  (+/-0.013 ) - [test] loss: 0.0184 (+/-0.0045)
2019-07-22 15:33:22,436 INFO - logger - Iter 43100 - time: 27    - [train] loss: 0.0129 (+/-0.0031) - [valid] loss: 0.0084 (+/-0.0019) - [test] loss: 0.0124 (+/-0.0039)
2019-07-22 15:33:48,951 INFO - logger - Iter 43200 - time: 26    - [train] loss: 0.0255 (+/-0.0231) - [valid] loss: 0.0066 (+/-0.0015) - [test] loss: 0.0118 (+/-0.0062)
2019-07-22 15:34:15,561 INFO - logger - Iter 43300 - time: 26    - [train] loss: 0.0086 (+/-0.0024) - [valid] loss: 0.0166 (+/-0.0152) - [test] loss: 0.0083 (+/-0.0022)
2019-07-22 15:34:42,499 INFO - logger - Iter 43400 - time: 26    - [train] loss: 0.0072 (+/-0.0014) - [valid] loss: 0.0102 (+/-0.0031) - [test] loss: 0.0117 (+/-0.0045)
2019-07-22 15:35:08,285 INFO - logger - Iter 43500 - time: 25    - [train] loss: 0.01   (+/-0.0029) - [valid] loss: 0.0138 (+/-0.0068) - [test] loss: 0.0093 (+/-0.0019)
2019-07-22 15:35:35,140 INFO - logger - Iter 43600 - time: 26    - [train] loss: 0.0114 (+/-0.0032) - [valid] loss: 0.0193 (+/-0.0115) - [test] loss: 0.0147 (+/-0.0038)
2019-07-22 15:36:01,466 INFO - logger - Iter 43700 - time: 26    - [train] loss: 0.0093 (+/-0.0022) - [valid] loss: 0.0118 (+/-0.0077) - [test] loss: 0.0117 (+/-0.0027)
2019-07-22 15:36:28,071 INFO - logger - Iter 43800 - time: 26    - [train] loss: 0.0087 (+/-0.0027) - [valid] loss: 0.0075 (+/-0.0023) - [test] loss: 0.0093 (+/-0.0025)
2019-07-22 15:36:54,979 INFO - logger - Iter 43900 - time: 26    - [train] loss: 0.0106 (+/-0.0031) - [valid] loss: 0.0115 (+/-0.0052) - [test] loss: 0.0097 (+/-0.0026)
2019-07-22 15:37:20,433 INFO - logger - Iter 44000 - time: 25    - [train] loss: 0.0073 (+/-0.0019) - [valid] loss: 0.0106 (+/-0.0042) - [test] loss: 0.0105 (+/-0.0056)
2019-07-22 15:37:46,746 INFO - logger - Iter 44100 - time: 26    - [train] loss: 0.0052 (+/-0.0011) - [valid] loss: 0.0095 (+/-0.0037) - [test] loss: 0.013  (+/-0.008 )
2019-07-22 15:38:13,318 INFO - logger - Iter 44200 - time: 26    - [train] loss: 0.0133 (+/-0.0045) - [valid] loss: 0.0107 (+/-0.0029) - [test] loss: 0.0094 (+/-0.002 )
2019-07-22 15:38:40,347 INFO - logger - Iter 44300 - time: 27    - [train] loss: 0.0085 (+/-0.0022) - [valid] loss: 0.0069 (+/-0.0018) - [test] loss: 0.0078 (+/-0.0022)
2019-07-22 15:39:06,678 INFO - logger - Iter 44400 - time: 26    - [train] loss: 0.0062 (+/-0.0016) - [valid] loss: 0.0146 (+/-0.0139) - [test] loss: 0.0134 (+/-0.0104)
2019-07-22 15:39:32,917 INFO - logger - Iter 44500 - time: 26    - [train] loss: 0.0079 (+/-0.0023) - [valid] loss: 0.0098 (+/-0.0024) - [test] loss: 0.0095 (+/-0.0035)
2019-07-22 15:39:59,886 INFO - logger - Iter 44600 - time: 26    - [train] loss: 0.0094 (+/-0.004 ) - [valid] loss: 0.0142 (+/-0.0069) - [test] loss: 0.007  (+/-0.0016)
2019-07-22 15:40:27,104 INFO - logger - Iter 44700 - time: 27    - [train] loss: 0.0077 (+/-0.0017) - [valid] loss: 0.0081 (+/-0.0017) - [test] loss: 0.0083 (+/-0.0023)
2019-07-22 15:40:54,284 INFO - logger - Iter 44800 - time: 27    - [train] loss: 0.0144 (+/-0.0097) - [valid] loss: 0.0078 (+/-0.0025) - [test] loss: 0.0112 (+/-0.0053)
2019-07-22 15:41:20,339 INFO - logger - Iter 44900 - time: 26    - [train] loss: 0.0111 (+/-0.0043) - [valid] loss: 0.0092 (+/-0.004 ) - [test] loss: 0.0081 (+/-0.002 )
2019-07-22 15:41:47,200 INFO - logger - Iter 45000 - time: 26    - [train] loss: 0.0146 (+/-0.0144) - [valid] loss: 0.0075 (+/-0.0017) - [test] loss: 0.0105 (+/-0.0039)
2019-07-22 15:42:14,164 INFO - logger - Iter 45100 - time: 26    - [train] loss: 0.0103 (+/-0.0028) - [valid] loss: 0.0131 (+/-0.0049) - [test] loss: 0.0087 (+/-0.0025)
2019-07-22 15:42:40,619 INFO - logger - Iter 45200 - time: 26    - [train] loss: 0.008  (+/-0.0027) - [valid] loss: 0.0191 (+/-0.0206) - [test] loss: 0.0218 (+/-0.0213)
2019-07-22 15:43:06,497 INFO - logger - Iter 45300 - time: 25    - [train] loss: 0.0157 (+/-0.0048) - [valid] loss: 0.0167 (+/-0.01  ) - [test] loss: 0.0136 (+/-0.0029)
2019-07-22 15:43:33,322 INFO - logger - Iter 45400 - time: 26    - [train] loss: 0.0124 (+/-0.0049) - [valid] loss: 0.0084 (+/-0.003 ) - [test] loss: 0.0077 (+/-0.0021)
2019-07-22 15:43:59,734 INFO - logger - Iter 45500 - time: 26    - [train] loss: 0.0088 (+/-0.002 ) - [valid] loss: 0.0102 (+/-0.0033) - [test] loss: 0.0093 (+/-0.002 )
2019-07-22 15:44:26,298 INFO - logger - Iter 45600 - time: 26    - [train] loss: 0.0168 (+/-0.01  ) - [valid] loss: 0.0119 (+/-0.0026) - [test] loss: 0.0097 (+/-0.0019)
2019-07-22 15:44:53,519 INFO - logger - Iter 45700 - time: 27    - [train] loss: 0.0085 (+/-0.0025) - [valid] loss: 0.0072 (+/-0.0024) - [test] loss: 0.0111 (+/-0.003 )
2019-07-22 15:45:20,831 INFO - logger - Iter 45800 - time: 27    - [train] loss: 0.0074 (+/-0.0015) - [valid] loss: 0.0109 (+/-0.0028) - [test] loss: 0.0096 (+/-0.0035)
2019-07-22 15:45:46,127 INFO - logger - Iter 45900 - time: 25    - [train] loss: 0.0071 (+/-0.0023) - [valid] loss: 0.0224 (+/-0.0142) - [test] loss: 0.012  (+/-0.0058)
2019-07-22 15:46:11,961 INFO - logger - Iter 46000 - time: 25    - [train] loss: 0.0116 (+/-0.0085) - [valid] loss: 0.0139 (+/-0.0088) - [test] loss: 0.0066 (+/-0.0016)
2019-07-22 15:46:38,123 INFO - logger - Iter 46100 - time: 26    - [train] loss: 0.0219 (+/-0.0182) - [valid] loss: 0.0117 (+/-0.0035) - [test] loss: 0.0101 (+/-0.0031)
2019-07-22 15:47:04,896 INFO - logger - Iter 46200 - time: 26    - [train] loss: 0.0116 (+/-0.0048) - [valid] loss: 0.0102 (+/-0.0028) - [test] loss: 0.0094 (+/-0.0038)
2019-07-22 15:47:31,918 INFO - logger - Iter 46300 - time: 27    - [train] loss: 0.0103 (+/-0.0019) - [valid] loss: 0.0135 (+/-0.0039) - [test] loss: 0.0093 (+/-0.002 )
2019-07-22 15:47:58,185 INFO - logger - Iter 46400 - time: 26    - [train] loss: 0.0131 (+/-0.0037) - [valid] loss: 0.0146 (+/-0.0049) - [test] loss: 0.0106 (+/-0.0024)
2019-07-22 15:48:25,326 INFO - logger - Iter 46500 - time: 27    - [train] loss: 0.0089 (+/-0.0025) - [valid] loss: 0.0093 (+/-0.0034) - [test] loss: 0.0103 (+/-0.0038)
2019-07-22 15:48:51,295 INFO - logger - Iter 46600 - time: 25    - [train] loss: 0.006  (+/-0.0016) - [valid] loss: 0.0068 (+/-0.0024) - [test] loss: 0.0213 (+/-0.0234)
2019-07-22 15:49:17,575 INFO - logger - Iter 46700 - time: 26    - [train] loss: 0.0131 (+/-0.0042) - [valid] loss: 0.0077 (+/-0.002 ) - [test] loss: 0.012  (+/-0.0048)
2019-07-22 15:49:43,589 INFO - logger - Iter 46800 - time: 26    - [train] loss: 0.0098 (+/-0.0033) - [valid] loss: 0.0071 (+/-0.002 ) - [test] loss: 0.0073 (+/-0.0018)
2019-07-22 15:50:09,453 INFO - logger - Iter 46900 - time: 25    - [train] loss: 0.0101 (+/-0.0058) - [valid] loss: 0.0109 (+/-0.0069) - [test] loss: 0.0074 (+/-0.0026)
2019-07-22 15:50:35,977 INFO - logger - Iter 47000 - time: 26    - [train] loss: 0.007  (+/-0.0018) - [valid] loss: 0.0062 (+/-0.0011) - [test] loss: 0.0072 (+/-0.0035)
2019-07-22 15:51:02,945 INFO - logger - Iter 47100 - time: 26    - [train] loss: 0.0101 (+/-0.0029) - [valid] loss: 0.0099 (+/-0.0046) - [test] loss: 0.0074 (+/-0.002 )
2019-07-22 15:51:30,577 INFO - logger - Iter 47200 - time: 27    - [train] loss: 0.0066 (+/-0.0021) - [valid] loss: 0.0068 (+/-0.002 ) - [test] loss: 0.0074 (+/-0.0032)
2019-07-22 15:51:57,545 INFO - logger - Iter 47300 - time: 26    - [train] loss: 0.0077 (+/-0.0016) - [valid] loss: 0.0115 (+/-0.0033) - [test] loss: 0.0088 (+/-0.0043)
2019-07-22 15:52:23,040 INFO - logger - Iter 47400 - time: 25    - [train] loss: 0.0082 (+/-0.0024) - [valid] loss: 0.0052 (+/-0.001 ) - [test] loss: 0.0067 (+/-0.0015)
2019-07-22 15:52:49,686 INFO - logger - Iter 47500 - time: 26    - [train] loss: 0.0067 (+/-0.0017) - [valid] loss: 0.0083 (+/-0.0017) - [test] loss: 0.0136 (+/-0.0087)
2019-07-22 15:53:14,874 INFO - logger - Iter 47600 - time: 25    - [train] loss: 0.0068 (+/-0.0015) - [valid] loss: 0.0077 (+/-0.0021) - [test] loss: 0.0058 (+/-0.0012)
2019-07-22 15:53:40,025 INFO - logger - Iter 47700 - time: 25    - [train] loss: 0.0095 (+/-0.0028) - [valid] loss: 0.0177 (+/-0.0175) - [test] loss: 0.0084 (+/-0.0035)
2019-07-22 15:54:06,568 INFO - logger - Iter 47800 - time: 26    - [train] loss: 0.0164 (+/-0.0055) - [valid] loss: 0.0224 (+/-0.0074) - [test] loss: 0.0143 (+/-0.0034)
2019-07-22 15:54:32,343 INFO - logger - Iter 47900 - time: 25    - [train] loss: 0.008  (+/-0.0016) - [valid] loss: 0.0096 (+/-0.0023) - [test] loss: 0.0103 (+/-0.0032)
2019-07-22 15:54:58,560 INFO - logger - Iter 48000 - time: 26    - [train] loss: 0.0087 (+/-0.0024) - [valid] loss: 0.0108 (+/-0.0038) - [test] loss: 0.0071 (+/-0.0016)
2019-07-22 15:55:24,813 INFO - logger - Iter 48100 - time: 26    - [train] loss: 0.0066 (+/-0.0015) - [valid] loss: 0.0086 (+/-0.0029) - [test] loss: 0.0077 (+/-0.002 )
2019-07-22 15:55:51,883 INFO - logger - Iter 48200 - time: 27    - [train] loss: 0.0087 (+/-0.0029) - [valid] loss: 0.0111 (+/-0.0068) - [test] loss: 0.009  (+/-0.0023)
2019-07-22 15:56:17,499 INFO - logger - Iter 48300 - time: 25    - [train] loss: 0.0134 (+/-0.0034) - [valid] loss: 0.0197 (+/-0.0064) - [test] loss: 0.0215 (+/-0.0112)
2019-07-22 15:56:43,341 INFO - logger - Iter 48400 - time: 25    - [train] loss: 0.0145 (+/-0.0058) - [valid] loss: 0.0113 (+/-0.0031) - [test] loss: 0.0119 (+/-0.004 )
2019-07-22 15:57:10,070 INFO - logger - Iter 48500 - time: 26    - [train] loss: 0.01   (+/-0.003 ) - [valid] loss: 0.0149 (+/-0.0105) - [test] loss: 0.0141 (+/-0.0051)
2019-07-22 15:57:35,713 INFO - logger - Iter 48600 - time: 25    - [train] loss: 0.0099 (+/-0.0033) - [valid] loss: 0.0077 (+/-0.0023) - [test] loss: 0.0084 (+/-0.003 )
2019-07-22 15:58:02,509 INFO - logger - Iter 48700 - time: 26    - [train] loss: 0.0115 (+/-0.0027) - [valid] loss: 0.0104 (+/-0.0022) - [test] loss: 0.0114 (+/-0.0037)
2019-07-22 15:58:29,740 INFO - logger - Iter 48800 - time: 27    - [train] loss: 0.0086 (+/-0.0023) - [valid] loss: 0.0113 (+/-0.0053) - [test] loss: 0.0081 (+/-0.0015)
2019-07-22 15:58:56,351 INFO - logger - Iter 48900 - time: 26    - [train] loss: 0.0094 (+/-0.0029) - [valid] loss: 0.0057 (+/-0.0012) - [test] loss: 0.0109 (+/-0.0048)
2019-07-22 15:59:22,385 INFO - logger - Iter 49000 - time: 26    - [train] loss: 0.0077 (+/-0.0021) - [valid] loss: 0.0114 (+/-0.0063) - [test] loss: 0.0074 (+/-0.0021)
2019-07-22 15:59:49,167 INFO - logger - Iter 49100 - time: 26    - [train] loss: 0.0089 (+/-0.0021) - [valid] loss: 0.0106 (+/-0.0023) - [test] loss: 0.0131 (+/-0.0074)
2019-07-22 16:00:15,201 INFO - logger - Iter 49200 - time: 26    - [train] loss: 0.0127 (+/-0.014 ) - [valid] loss: 0.0061 (+/-0.0019) - [test] loss: 0.0065 (+/-0.0017)
2019-07-22 16:00:41,193 INFO - logger - Iter 49300 - time: 25    - [train] loss: 0.0165 (+/-0.0178) - [valid] loss: 0.0076 (+/-0.0021) - [test] loss: 0.0071 (+/-0.0018)
2019-07-22 16:01:07,426 INFO - logger - Iter 49400 - time: 26    - [train] loss: 0.0076 (+/-0.0013) - [valid] loss: 0.0075 (+/-0.0016) - [test] loss: 0.0083 (+/-0.0027)
2019-07-22 16:01:33,516 INFO - logger - Iter 49500 - time: 26    - [train] loss: 0.0119 (+/-0.0089) - [valid] loss: 0.0079 (+/-0.0024) - [test] loss: 0.0069 (+/-0.0019)
2019-07-22 16:02:00,009 INFO - logger - Iter 49600 - time: 26    - [train] loss: 0.0099 (+/-0.0063) - [valid] loss: 0.0086 (+/-0.0038) - [test] loss: 0.0088 (+/-0.003 )
2019-07-22 16:02:26,491 INFO - logger - Iter 49700 - time: 26    - [train] loss: 0.0065 (+/-0.0012) - [valid] loss: 0.009  (+/-0.0022) - [test] loss: 0.0066 (+/-0.0013)
2019-07-22 16:02:52,836 INFO - logger - Iter 49800 - time: 26    - [train] loss: 0.0135 (+/-0.0097) - [valid] loss: 0.0098 (+/-0.0044) - [test] loss: 0.0075 (+/-0.0021)
2019-07-22 16:03:20,393 INFO - logger - Iter 49900 - time: 27    - [train] loss: 0.0085 (+/-0.0033) - [valid] loss: 0.0176 (+/-0.0134) - [test] loss: 0.0067 (+/-0.0013)
