2019-07-22 12:26:22,156 INFO - log_helper - Finished configuring logger
2019-07-22 12:26:22,906 INFO - logger - Iter 0    - time: 5     - [train] loss: 4.0606 (+/-3.4785) - [valid] loss: 5.1661 (+/-2.5658) - [test] loss: 3.2527 (+/-2.6087)
2019-07-22 12:26:41,702 INFO - logger - Iter 100  - time: 18    - [train] loss: 3.4725 (+/-2.5477) - [valid] loss: 3.9826 (+/-1.608 ) - [test] loss: 2.2665 (+/-1.8786)
2019-07-22 12:27:01,116 INFO - logger - Iter 200  - time: 19    - [train] loss: 1.9822 (+/-1.0081) - [valid] loss: 1.4706 (+/-1.0512) - [test] loss: 2.442  (+/-1.4216)
2019-07-22 12:27:20,699 INFO - logger - Iter 300  - time: 19    - [train] loss: 1.2725 (+/-0.8849) - [valid] loss: 0.9376 (+/-0.5153) - [test] loss: 1.7518 (+/-1.0784)
2019-07-22 12:27:40,357 INFO - logger - Iter 400  - time: 19    - [train] loss: 1.5761 (+/-1.122 ) - [valid] loss: 0.5115 (+/-0.1927) - [test] loss: 1.437  (+/-0.7943)
2019-07-22 12:27:59,115 INFO - logger - Iter 500  - time: 18    - [train] loss: 0.548  (+/-0.5312) - [valid] loss: 0.4843 (+/-0.2122) - [test] loss: 0.4858 (+/-0.332 )
2019-07-22 12:28:18,380 INFO - logger - Iter 600  - time: 19    - [train] loss: 0.6093 (+/-0.295 ) - [valid] loss: 0.3717 (+/-0.1695) - [test] loss: 0.3216 (+/-0.2094)
2019-07-22 12:28:37,535 INFO - logger - Iter 700  - time: 19    - [train] loss: 0.4129 (+/-0.5259) - [valid] loss: 0.4962 (+/-0.4611) - [test] loss: 0.3139 (+/-0.1559)
2019-07-22 12:28:56,770 INFO - logger - Iter 800  - time: 19    - [train] loss: 0.1935 (+/-0.159 ) - [valid] loss: 0.2113 (+/-0.1852) - [test] loss: 0.2769 (+/-0.2423)
2019-07-22 12:29:15,946 INFO - logger - Iter 900  - time: 19    - [train] loss: 0.206  (+/-0.1276) - [valid] loss: 0.1993 (+/-0.1727) - [test] loss: 0.2675 (+/-0.2788)
2019-07-22 12:29:35,669 INFO - logger - Iter 1000 - time: 19    - [train] loss: 0.1572 (+/-0.0736) - [valid] loss: 0.1102 (+/-0.06  ) - [test] loss: 0.2093 (+/-0.2044)
2019-07-22 12:29:54,046 INFO - logger - Iter 1100 - time: 18    - [train] loss: 0.2227 (+/-0.2018) - [valid] loss: 0.1284 (+/-0.0997) - [test] loss: 0.098  (+/-0.0483)
2019-07-22 12:30:13,988 INFO - logger - Iter 1200 - time: 19    - [train] loss: 0.138  (+/-0.121 ) - [valid] loss: 0.0646 (+/-0.0496) - [test] loss: 0.172  (+/-0.1658)
2019-07-22 12:30:32,121 INFO - logger - Iter 1300 - time: 18    - [train] loss: 0.1335 (+/-0.0892) - [valid] loss: 0.1385 (+/-0.1137) - [test] loss: 0.1199 (+/-0.1299)
2019-07-22 12:30:51,592 INFO - logger - Iter 1400 - time: 19    - [train] loss: 0.0712 (+/-0.0476) - [valid] loss: 0.0847 (+/-0.0426) - [test] loss: 0.1466 (+/-0.0949)
2019-07-22 12:31:10,514 INFO - logger - Iter 1500 - time: 18    - [train] loss: 0.0647 (+/-0.0455) - [valid] loss: 0.0354 (+/-0.0152) - [test] loss: 0.0808 (+/-0.0308)
2019-07-22 12:31:29,682 INFO - logger - Iter 1600 - time: 19    - [train] loss: 0.0716 (+/-0.0244) - [valid] loss: 0.0806 (+/-0.0673) - [test] loss: 0.1143 (+/-0.1313)
2019-07-22 12:31:49,317 INFO - logger - Iter 1700 - time: 19    - [train] loss: 0.1003 (+/-0.0874) - [valid] loss: 0.1058 (+/-0.1039) - [test] loss: 0.066  (+/-0.0591)
2019-07-22 12:32:08,138 INFO - logger - Iter 1800 - time: 18    - [train] loss: 0.0612 (+/-0.039 ) - [valid] loss: 0.0763 (+/-0.0416) - [test] loss: 0.0876 (+/-0.0553)
2019-07-22 12:32:27,318 INFO - logger - Iter 1900 - time: 19    - [train] loss: 0.0574 (+/-0.026 ) - [valid] loss: 0.0918 (+/-0.0903) - [test] loss: 0.0313 (+/-0.0145)
2019-07-22 12:32:47,345 INFO - logger - Iter 2000 - time: 20    - [train] loss: 0.0689 (+/-0.0667) - [valid] loss: 0.0409 (+/-0.0425) - [test] loss: 0.1542 (+/-0.1275)
2019-07-22 12:33:05,976 INFO - logger - Iter 2100 - time: 18    - [train] loss: 0.1593 (+/-0.1631) - [valid] loss: 0.0852 (+/-0.0694) - [test] loss: 0.0671 (+/-0.0659)
2019-07-22 12:33:24,582 INFO - logger - Iter 2200 - time: 18    - [train] loss: 0.0929 (+/-0.0732) - [valid] loss: 0.0697 (+/-0.0734) - [test] loss: 0.0987 (+/-0.0508)
2019-07-22 12:33:43,269 INFO - logger - Iter 2300 - time: 18    - [train] loss: 0.069  (+/-0.054 ) - [valid] loss: 0.1061 (+/-0.1503) - [test] loss: 0.0271 (+/-0.0162)
2019-07-22 12:34:02,069 INFO - logger - Iter 2400 - time: 18    - [train] loss: 0.0443 (+/-0.0292) - [valid] loss: 0.0396 (+/-0.0249) - [test] loss: 0.055  (+/-0.0221)
2019-07-22 12:34:21,422 INFO - logger - Iter 2500 - time: 19    - [train] loss: 0.0627 (+/-0.0546) - [valid] loss: 0.0467 (+/-0.0308) - [test] loss: 0.051  (+/-0.0455)
2019-07-22 12:34:40,679 INFO - logger - Iter 2600 - time: 19    - [train] loss: 0.0336 (+/-0.0208) - [valid] loss: 0.0547 (+/-0.0279) - [test] loss: 0.0833 (+/-0.0721)
2019-07-22 12:34:59,114 INFO - logger - Iter 2700 - time: 18    - [train] loss: 0.052  (+/-0.0375) - [valid] loss: 0.0681 (+/-0.0529) - [test] loss: 0.0773 (+/-0.0919)
2019-07-22 12:35:17,728 INFO - logger - Iter 2800 - time: 18    - [train] loss: 0.0483 (+/-0.0565) - [valid] loss: 0.0551 (+/-0.0462) - [test] loss: 0.0903 (+/-0.0701)
2019-07-22 12:35:37,533 INFO - logger - Iter 2900 - time: 19    - [train] loss: 0.0917 (+/-0.107 ) - [valid] loss: 0.0352 (+/-0.0235) - [test] loss: 0.0435 (+/-0.0368)
2019-07-22 12:35:57,249 INFO - logger - Iter 3000 - time: 19    - [train] loss: 0.0514 (+/-0.0558) - [valid] loss: 0.0435 (+/-0.0405) - [test] loss: 0.1025 (+/-0.1344)
2019-07-22 12:36:16,713 INFO - logger - Iter 3100 - time: 19    - [train] loss: 0.0376 (+/-0.0233) - [valid] loss: 0.0736 (+/-0.0501) - [test] loss: 0.0755 (+/-0.0593)
2019-07-22 12:36:36,489 INFO - logger - Iter 3200 - time: 19    - [train] loss: 0.1043 (+/-0.1176) - [valid] loss: 0.0497 (+/-0.059 ) - [test] loss: 0.0476 (+/-0.022 )
2019-07-22 12:36:56,348 INFO - logger - Iter 3300 - time: 19    - [train] loss: 0.0567 (+/-0.0647) - [valid] loss: 0.0754 (+/-0.112 ) - [test] loss: 0.1498 (+/-0.2444)
2019-07-22 12:37:16,459 INFO - logger - Iter 3400 - time: 20    - [train] loss: 0.0397 (+/-0.0286) - [valid] loss: 0.0709 (+/-0.0786) - [test] loss: 0.0544 (+/-0.0481)
2019-07-22 12:37:35,622 INFO - logger - Iter 3500 - time: 19    - [train] loss: 0.1299 (+/-0.1554) - [valid] loss: 0.0404 (+/-0.0246) - [test] loss: 0.0539 (+/-0.033 )
2019-07-22 12:37:54,570 INFO - logger - Iter 3600 - time: 18    - [train] loss: 0.0479 (+/-0.0439) - [valid] loss: 0.0235 (+/-0.0102) - [test] loss: 0.046  (+/-0.0367)
2019-07-22 12:38:14,231 INFO - logger - Iter 3700 - time: 19    - [train] loss: 0.0285 (+/-0.0129) - [valid] loss: 0.1325 (+/-0.1695) - [test] loss: 0.0499 (+/-0.067 )
2019-07-22 12:38:34,396 INFO - logger - Iter 3800 - time: 20    - [train] loss: 0.1151 (+/-0.13  ) - [valid] loss: 0.0491 (+/-0.0597) - [test] loss: 0.0322 (+/-0.0177)
2019-07-22 12:38:53,106 INFO - logger - Iter 3900 - time: 18    - [train] loss: 0.0427 (+/-0.029 ) - [valid] loss: 0.104  (+/-0.1248) - [test] loss: 0.0415 (+/-0.0394)
2019-07-22 12:39:12,819 INFO - logger - Iter 4000 - time: 19    - [train] loss: 0.0522 (+/-0.026 ) - [valid] loss: 0.0515 (+/-0.0391) - [test] loss: 0.0621 (+/-0.0375)
2019-07-22 12:39:31,829 INFO - logger - Iter 4100 - time: 19    - [train] loss: 0.0465 (+/-0.0463) - [valid] loss: 0.0225 (+/-0.009 ) - [test] loss: 0.0233 (+/-0.0175)
2019-07-22 12:39:50,700 INFO - logger - Iter 4200 - time: 18    - [train] loss: 0.0277 (+/-0.0209) - [valid] loss: 0.0509 (+/-0.0509) - [test] loss: 0.0571 (+/-0.0455)
2019-07-22 12:40:10,484 INFO - logger - Iter 4300 - time: 19    - [train] loss: 0.0833 (+/-0.0958) - [valid] loss: 0.1452 (+/-0.1204) - [test] loss: 0.0767 (+/-0.0755)
2019-07-22 12:40:29,817 INFO - logger - Iter 4400 - time: 19    - [train] loss: 0.0443 (+/-0.0517) - [valid] loss: 0.024  (+/-0.0194) - [test] loss: 0.0509 (+/-0.0469)
2019-07-22 12:40:49,711 INFO - logger - Iter 4500 - time: 19    - [train] loss: 0.0812 (+/-0.1099) - [valid] loss: 0.0313 (+/-0.0325) - [test] loss: 0.024  (+/-0.0143)
2019-07-22 12:41:08,816 INFO - logger - Iter 4600 - time: 19    - [train] loss: 0.0787 (+/-0.0648) - [valid] loss: 0.0601 (+/-0.0637) - [test] loss: 0.0489 (+/-0.0394)
2019-07-22 12:41:28,508 INFO - logger - Iter 4700 - time: 19    - [train] loss: 0.1578 (+/-0.2038) - [valid] loss: 0.0607 (+/-0.0557) - [test] loss: 0.0324 (+/-0.0201)
2019-07-22 12:41:47,949 INFO - logger - Iter 4800 - time: 19    - [train] loss: 0.0451 (+/-0.0288) - [valid] loss: 0.037  (+/-0.0209) - [test] loss: 0.0206 (+/-0.0181)
2019-07-22 12:42:07,232 INFO - logger - Iter 4900 - time: 19    - [train] loss: 0.0441 (+/-0.0459) - [valid] loss: 0.0648 (+/-0.0701) - [test] loss: 0.042  (+/-0.0263)
2019-07-22 12:42:26,105 INFO - logger - Iter 5000 - time: 18    - [train] loss: 0.0269 (+/-0.0085) - [valid] loss: 0.0272 (+/-0.0117) - [test] loss: 0.0289 (+/-0.0144)
2019-07-22 12:42:45,142 INFO - logger - Iter 5100 - time: 19    - [train] loss: 0.0451 (+/-0.0376) - [valid] loss: 0.052  (+/-0.0338) - [test] loss: 0.069  (+/-0.0687)
2019-07-22 12:43:04,092 INFO - logger - Iter 5200 - time: 18    - [train] loss: 0.0403 (+/-0.0168) - [valid] loss: 0.0344 (+/-0.0263) - [test] loss: 0.0479 (+/-0.0368)
2019-07-22 12:43:22,458 INFO - logger - Iter 5300 - time: 18    - [train] loss: 0.0309 (+/-0.0206) - [valid] loss: 0.0283 (+/-0.025 ) - [test] loss: 0.0457 (+/-0.0406)
2019-07-22 12:43:41,050 INFO - logger - Iter 5400 - time: 18    - [train] loss: 0.0207 (+/-0.0153) - [valid] loss: 0.048  (+/-0.0438) - [test] loss: 0.1523 (+/-0.077 )
2019-07-22 12:43:59,973 INFO - logger - Iter 5500 - time: 18    - [train] loss: 0.028  (+/-0.0261) - [valid] loss: 0.0893 (+/-0.1059) - [test] loss: 0.0211 (+/-0.0121)
2019-07-22 12:44:18,933 INFO - logger - Iter 5600 - time: 18    - [train] loss: 0.0326 (+/-0.0223) - [valid] loss: 0.0172 (+/-0.0151) - [test] loss: 0.0321 (+/-0.0518)
2019-07-22 12:44:37,585 INFO - logger - Iter 5700 - time: 18    - [train] loss: 0.0352 (+/-0.0162) - [valid] loss: 0.0233 (+/-0.0135) - [test] loss: 0.0186 (+/-0.0116)
2019-07-22 12:44:56,701 INFO - logger - Iter 5800 - time: 19    - [train] loss: 0.0651 (+/-0.0711) - [valid] loss: 0.0235 (+/-0.0074) - [test] loss: 0.18   (+/-0.2416)
2019-07-22 12:45:15,792 INFO - logger - Iter 5900 - time: 19    - [train] loss: 0.051  (+/-0.0331) - [valid] loss: 0.0443 (+/-0.042 ) - [test] loss: 0.0671 (+/-0.0603)
2019-07-22 12:45:34,886 INFO - logger - Iter 6000 - time: 19    - [train] loss: 0.0358 (+/-0.0271) - [valid] loss: 0.0648 (+/-0.0611) - [test] loss: 0.0466 (+/-0.0312)
2019-07-22 12:45:53,649 INFO - logger - Iter 6100 - time: 18    - [train] loss: 0.0607 (+/-0.0342) - [valid] loss: 0.0323 (+/-0.0264) - [test] loss: 0.0547 (+/-0.034 )
2019-07-22 12:46:11,919 INFO - logger - Iter 6200 - time: 18    - [train] loss: 0.0183 (+/-0.0101) - [valid] loss: 0.0174 (+/-0.0125) - [test] loss: 0.0506 (+/-0.0411)
2019-07-22 12:46:29,591 INFO - logger - Iter 6300 - time: 17    - [train] loss: 0.0587 (+/-0.0641) - [valid] loss: 0.1272 (+/-0.1294) - [test] loss: 0.0282 (+/-0.0231)
2019-07-22 12:46:48,519 INFO - logger - Iter 6400 - time: 18    - [train] loss: 0.0157 (+/-0.008 ) - [valid] loss: 0.1232 (+/-0.1112) - [test] loss: 0.038  (+/-0.0421)
2019-07-22 12:47:07,887 INFO - logger - Iter 6500 - time: 19    - [train] loss: 0.0357 (+/-0.0205) - [valid] loss: 0.0303 (+/-0.0188) - [test] loss: 0.0564 (+/-0.0293)
2019-07-22 12:47:26,889 INFO - logger - Iter 6600 - time: 19    - [train] loss: 0.0217 (+/-0.0205) - [valid] loss: 0.0276 (+/-0.0144) - [test] loss: 0.031  (+/-0.021 )
2019-07-22 12:47:45,809 INFO - logger - Iter 6700 - time: 18    - [train] loss: 0.0481 (+/-0.0412) - [valid] loss: 0.0287 (+/-0.0183) - [test] loss: 0.0611 (+/-0.0558)
2019-07-22 12:48:04,718 INFO - logger - Iter 6800 - time: 18    - [train] loss: 0.082  (+/-0.1032) - [valid] loss: 0.0459 (+/-0.0527) - [test] loss: 0.172  (+/-0.3107)
2019-07-22 12:48:23,948 INFO - logger - Iter 6900 - time: 19    - [train] loss: 0.0457 (+/-0.0411) - [valid] loss: 0.1781 (+/-0.33  ) - [test] loss: 0.05   (+/-0.0454)
2019-07-22 12:48:42,841 INFO - logger - Iter 7000 - time: 18    - [train] loss: 0.0451 (+/-0.0483) - [valid] loss: 0.0198 (+/-0.0078) - [test] loss: 0.0331 (+/-0.0313)
2019-07-22 12:49:02,622 INFO - logger - Iter 7100 - time: 19    - [train] loss: 0.0767 (+/-0.0989) - [valid] loss: 0.0849 (+/-0.0775) - [test] loss: 0.0337 (+/-0.0157)
2019-07-22 12:49:21,365 INFO - logger - Iter 7200 - time: 18    - [train] loss: 0.0827 (+/-0.1108) - [valid] loss: 0.0236 (+/-0.0173) - [test] loss: 0.0504 (+/-0.0368)
2019-07-22 12:49:40,333 INFO - logger - Iter 7300 - time: 18    - [train] loss: 0.0157 (+/-0.0097) - [valid] loss: 0.0347 (+/-0.0187) - [test] loss: 0.0251 (+/-0.0122)
2019-07-22 12:49:59,459 INFO - logger - Iter 7400 - time: 19    - [train] loss: 0.0231 (+/-0.0224) - [valid] loss: 0.0263 (+/-0.026 ) - [test] loss: 0.0249 (+/-0.0159)
2019-07-22 12:50:18,554 INFO - logger - Iter 7500 - time: 19    - [train] loss: 0.0202 (+/-0.0133) - [valid] loss: 0.0357 (+/-0.0279) - [test] loss: 0.0415 (+/-0.0452)
2019-07-22 12:50:37,508 INFO - logger - Iter 7600 - time: 18    - [train] loss: 0.0446 (+/-0.0669) - [valid] loss: 0.0499 (+/-0.0502) - [test] loss: 0.0257 (+/-0.0131)
2019-07-22 12:50:56,117 INFO - logger - Iter 7700 - time: 18    - [train] loss: 0.0246 (+/-0.0171) - [valid] loss: 0.0565 (+/-0.0322) - [test] loss: 0.0576 (+/-0.0645)
2019-07-22 12:51:14,939 INFO - logger - Iter 7800 - time: 18    - [train] loss: 0.0267 (+/-0.0112) - [valid] loss: 0.0142 (+/-0.0085) - [test] loss: 0.0617 (+/-0.0561)
2019-07-22 12:51:34,060 INFO - logger - Iter 7900 - time: 19    - [train] loss: 0.042  (+/-0.0252) - [valid] loss: 0.0235 (+/-0.0128) - [test] loss: 0.0555 (+/-0.0404)
2019-07-22 12:51:53,420 INFO - logger - Iter 8000 - time: 19    - [train] loss: 0.0586 (+/-0.0785) - [valid] loss: 0.0552 (+/-0.0332) - [test] loss: 0.0843 (+/-0.0725)
2019-07-22 12:52:12,780 INFO - logger - Iter 8100 - time: 19    - [train] loss: 0.0174 (+/-0.0133) - [valid] loss: 0.0167 (+/-0.0081) - [test] loss: 0.0975 (+/-0.1041)
2019-07-22 12:52:31,494 INFO - logger - Iter 8200 - time: 18    - [train] loss: 0.05   (+/-0.0539) - [valid] loss: 0.0518 (+/-0.0437) - [test] loss: 0.0444 (+/-0.0501)
2019-07-22 12:52:49,747 INFO - logger - Iter 8300 - time: 18    - [train] loss: 0.0295 (+/-0.0271) - [valid] loss: 0.0272 (+/-0.0316) - [test] loss: 0.0303 (+/-0.0202)
2019-07-22 12:53:09,534 INFO - logger - Iter 8400 - time: 19    - [train] loss: 0.0396 (+/-0.0322) - [valid] loss: 0.0403 (+/-0.0382) - [test] loss: 0.0517 (+/-0.0313)
2019-07-22 12:53:28,371 INFO - logger - Iter 8500 - time: 18    - [train] loss: 0.0182 (+/-0.0134) - [valid] loss: 0.024  (+/-0.0168) - [test] loss: 0.062  (+/-0.0617)
2019-07-22 12:53:47,499 INFO - logger - Iter 8600 - time: 19    - [train] loss: 0.0319 (+/-0.0388) - [valid] loss: 0.0395 (+/-0.033 ) - [test] loss: 0.0117 (+/-0.0061)
2019-07-22 12:54:05,898 INFO - logger - Iter 8700 - time: 18    - [train] loss: 0.0164 (+/-0.0109) - [valid] loss: 0.0275 (+/-0.0162) - [test] loss: 0.0096 (+/-0.0056)
2019-07-22 12:54:24,295 INFO - logger - Iter 8800 - time: 18    - [train] loss: 0.0292 (+/-0.0245) - [valid] loss: 0.0257 (+/-0.016 ) - [test] loss: 0.0594 (+/-0.0543)
2019-07-22 12:54:43,707 INFO - logger - Iter 8900 - time: 19    - [train] loss: 0.0556 (+/-0.0358) - [valid] loss: 0.0505 (+/-0.0616) - [test] loss: 0.0377 (+/-0.0248)
2019-07-22 12:55:02,850 INFO - logger - Iter 9000 - time: 19    - [train] loss: 0.041  (+/-0.0276) - [valid] loss: 0.0358 (+/-0.0286) - [test] loss: 0.0302 (+/-0.0169)
2019-07-22 12:55:21,226 INFO - logger - Iter 9100 - time: 18    - [train] loss: 0.0548 (+/-0.0463) - [valid] loss: 0.0212 (+/-0.0212) - [test] loss: 0.0323 (+/-0.0232)
2019-07-22 12:55:40,858 INFO - logger - Iter 9200 - time: 19    - [train] loss: 0.022  (+/-0.0143) - [valid] loss: 0.0196 (+/-0.0118) - [test] loss: 0.0543 (+/-0.0368)
2019-07-22 12:55:59,652 INFO - logger - Iter 9300 - time: 18    - [train] loss: 0.0219 (+/-0.0144) - [valid] loss: 0.0163 (+/-0.0088) - [test] loss: 0.0647 (+/-0.0675)
2019-07-22 12:56:18,715 INFO - logger - Iter 9400 - time: 19    - [train] loss: 0.0139 (+/-0.0062) - [valid] loss: 0.0199 (+/-0.0209) - [test] loss: 0.098  (+/-0.1668)
2019-07-22 12:56:38,031 INFO - logger - Iter 9500 - time: 19    - [train] loss: 0.0266 (+/-0.0245) - [valid] loss: 0.033  (+/-0.0181) - [test] loss: 0.0253 (+/-0.0167)
2019-07-22 12:56:56,842 INFO - logger - Iter 9600 - time: 18    - [train] loss: 0.0643 (+/-0.0751) - [valid] loss: 0.037  (+/-0.0239) - [test] loss: 0.015  (+/-0.0085)
2019-07-22 12:57:15,868 INFO - logger - Iter 9700 - time: 19    - [train] loss: 0.0446 (+/-0.0351) - [valid] loss: 0.1072 (+/-0.1732) - [test] loss: 0.1186 (+/-0.2162)
2019-07-22 12:57:34,875 INFO - logger - Iter 9800 - time: 19    - [train] loss: 0.0475 (+/-0.0497) - [valid] loss: 0.0491 (+/-0.0463) - [test] loss: 0.0269 (+/-0.0243)
2019-07-22 12:57:53,724 INFO - logger - Iter 9900 - time: 18    - [train] loss: 0.0683 (+/-0.0737) - [valid] loss: 0.0323 (+/-0.0139) - [test] loss: 0.0252 (+/-0.0132)
2019-07-22 12:58:12,705 INFO - logger - Iter 10000 - time: 18    - [train] loss: 0.0171 (+/-0.0096) - [valid] loss: 0.073  (+/-0.1477) - [test] loss: 0.0123 (+/-0.0048)
2019-07-22 12:58:31,220 INFO - logger - Iter 10100 - time: 18    - [train] loss: 0.0189 (+/-0.0122) - [valid] loss: 0.0602 (+/-0.0902) - [test] loss: 0.0477 (+/-0.0325)
2019-07-22 12:58:50,206 INFO - logger - Iter 10200 - time: 18    - [train] loss: 0.0641 (+/-0.0639) - [valid] loss: 0.0247 (+/-0.023 ) - [test] loss: 0.0391 (+/-0.0295)
2019-07-22 12:59:08,884 INFO - logger - Iter 10300 - time: 18    - [train] loss: 0.0703 (+/-0.0736) - [valid] loss: 0.0153 (+/-0.0094) - [test] loss: 0.0193 (+/-0.0133)
2019-07-22 12:59:28,063 INFO - logger - Iter 10400 - time: 19    - [train] loss: 0.0288 (+/-0.0171) - [valid] loss: 0.056  (+/-0.0648) - [test] loss: 0.0991 (+/-0.1677)
2019-07-22 12:59:46,094 INFO - logger - Iter 10500 - time: 18    - [train] loss: 0.0833 (+/-0.1035) - [valid] loss: 0.0515 (+/-0.0464) - [test] loss: 0.0433 (+/-0.0512)
2019-07-22 13:00:04,895 INFO - logger - Iter 10600 - time: 18    - [train] loss: 0.0485 (+/-0.0643) - [valid] loss: 0.0439 (+/-0.0299) - [test] loss: 0.0536 (+/-0.0602)
2019-07-22 13:00:23,667 INFO - logger - Iter 10700 - time: 18    - [train] loss: 0.042  (+/-0.0218) - [valid] loss: 0.0519 (+/-0.0518) - [test] loss: 0.0286 (+/-0.0191)
2019-07-22 13:00:43,020 INFO - logger - Iter 10800 - time: 19    - [train] loss: 0.076  (+/-0.0757) - [valid] loss: 0.0427 (+/-0.0312) - [test] loss: 0.0662 (+/-0.0978)
2019-07-22 13:01:01,883 INFO - logger - Iter 10900 - time: 18    - [train] loss: 0.0408 (+/-0.0348) - [valid] loss: 0.022  (+/-0.0203) - [test] loss: 0.0699 (+/-0.0812)
2019-07-22 13:01:20,733 INFO - logger - Iter 11000 - time: 18    - [train] loss: 0.0327 (+/-0.0318) - [valid] loss: 0.0125 (+/-0.0081) - [test] loss: 0.0166 (+/-0.0081)
2019-07-22 13:01:39,531 INFO - logger - Iter 11100 - time: 18    - [train] loss: 0.0596 (+/-0.0657) - [valid] loss: 0.0186 (+/-0.0119) - [test] loss: 0.0206 (+/-0.0166)
2019-07-22 13:01:59,716 INFO - logger - Iter 11200 - time: 20    - [train] loss: 0.0437 (+/-0.0409) - [valid] loss: 0.0318 (+/-0.0282) - [test] loss: 0.0343 (+/-0.0248)
2019-07-22 13:02:19,071 INFO - logger - Iter 11300 - time: 19    - [train] loss: 0.0963 (+/-0.1008) - [valid] loss: 0.0787 (+/-0.134 ) - [test] loss: 0.0151 (+/-0.0145)
2019-07-22 13:02:37,911 INFO - logger - Iter 11400 - time: 18    - [train] loss: 0.0323 (+/-0.0194) - [valid] loss: 0.1127 (+/-0.1238) - [test] loss: 0.0152 (+/-0.007 )
2019-07-22 13:02:56,457 INFO - logger - Iter 11500 - time: 18    - [train] loss: 0.0393 (+/-0.0526) - [valid] loss: 0.0311 (+/-0.0212) - [test] loss: 0.0269 (+/-0.0193)
2019-07-22 13:03:16,132 INFO - logger - Iter 11600 - time: 19    - [train] loss: 0.0169 (+/-0.0136) - [valid] loss: 0.0232 (+/-0.0146) - [test] loss: 0.0218 (+/-0.0187)
2019-07-22 13:03:34,635 INFO - logger - Iter 11700 - time: 18    - [train] loss: 0.0223 (+/-0.0135) - [valid] loss: 0.0319 (+/-0.0152) - [test] loss: 0.0615 (+/-0.0866)
2019-07-22 13:03:54,300 INFO - logger - Iter 11800 - time: 19    - [train] loss: 0.0251 (+/-0.0128) - [valid] loss: 0.0175 (+/-0.0105) - [test] loss: 0.0628 (+/-0.0685)
2019-07-22 13:04:13,196 INFO - logger - Iter 11900 - time: 18    - [train] loss: 0.0631 (+/-0.064 ) - [valid] loss: 0.0361 (+/-0.0301) - [test] loss: 0.0303 (+/-0.0343)
2019-07-22 13:04:32,042 INFO - logger - Iter 12000 - time: 18    - [train] loss: 0.0203 (+/-0.0163) - [valid] loss: 0.0494 (+/-0.0597) - [test] loss: 0.0209 (+/-0.0151)
2019-07-22 13:04:50,709 INFO - logger - Iter 12100 - time: 18    - [train] loss: 0.0323 (+/-0.0229) - [valid] loss: 0.0879 (+/-0.1118) - [test] loss: 0.0517 (+/-0.0479)
2019-07-22 13:05:09,865 INFO - logger - Iter 12200 - time: 19    - [train] loss: 0.0283 (+/-0.0273) - [valid] loss: 0.0571 (+/-0.0689) - [test] loss: 0.0702 (+/-0.0861)
2019-07-22 13:05:28,440 INFO - logger - Iter 12300 - time: 18    - [train] loss: 0.0176 (+/-0.0106) - [valid] loss: 0.0242 (+/-0.0115) - [test] loss: 0.0137 (+/-0.0075)
2019-07-22 13:05:47,321 INFO - logger - Iter 12400 - time: 18    - [train] loss: 0.0206 (+/-0.0098) - [valid] loss: 0.0369 (+/-0.024 ) - [test] loss: 0.0507 (+/-0.0462)
2019-07-22 13:06:07,093 INFO - logger - Iter 12500 - time: 19    - [train] loss: 0.0478 (+/-0.0449) - [valid] loss: 0.0522 (+/-0.0389) - [test] loss: 0.0156 (+/-0.0064)
2019-07-22 13:06:26,288 INFO - logger - Iter 12600 - time: 19    - [train] loss: 0.0219 (+/-0.0178) - [valid] loss: 0.0752 (+/-0.0855) - [test] loss: 0.0347 (+/-0.0432)
2019-07-22 13:06:44,514 INFO - logger - Iter 12700 - time: 18    - [train] loss: 0.0275 (+/-0.0192) - [valid] loss: 0.0221 (+/-0.0206) - [test] loss: 0.0273 (+/-0.0157)
2019-07-22 13:07:03,437 INFO - logger - Iter 12800 - time: 18    - [train] loss: 0.0375 (+/-0.0324) - [valid] loss: 0.0191 (+/-0.006 ) - [test] loss: 0.0912 (+/-0.1364)
2019-07-22 13:07:23,415 INFO - logger - Iter 12900 - time: 19    - [train] loss: 0.0467 (+/-0.0423) - [valid] loss: 0.1076 (+/-0.1369) - [test] loss: 0.0268 (+/-0.0186)
2019-07-22 13:07:41,673 INFO - logger - Iter 13000 - time: 18    - [train] loss: 0.0165 (+/-0.0099) - [valid] loss: 0.032  (+/-0.0172) - [test] loss: 0.0464 (+/-0.0413)
2019-07-22 13:08:01,025 INFO - logger - Iter 13100 - time: 19    - [train] loss: 0.0302 (+/-0.0149) - [valid] loss: 0.0484 (+/-0.0478) - [test] loss: 0.0542 (+/-0.0671)
2019-07-22 13:08:19,022 INFO - logger - Iter 13200 - time: 17    - [train] loss: 0.1215 (+/-0.1243) - [valid] loss: 0.0269 (+/-0.0272) - [test] loss: 0.0219 (+/-0.0174)
2019-07-22 13:08:36,974 INFO - logger - Iter 13300 - time: 17    - [train] loss: 0.0327 (+/-0.022 ) - [valid] loss: 0.0316 (+/-0.0141) - [test] loss: 0.0985 (+/-0.1219)
2019-07-22 13:08:56,644 INFO - logger - Iter 13400 - time: 19    - [train] loss: 0.0281 (+/-0.0174) - [valid] loss: 0.0773 (+/-0.1094) - [test] loss: 0.0252 (+/-0.0125)
2019-07-22 13:09:16,088 INFO - logger - Iter 13500 - time: 19    - [train] loss: 0.0365 (+/-0.0308) - [valid] loss: 0.0513 (+/-0.0523) - [test] loss: 0.0334 (+/-0.0115)
2019-07-22 13:09:34,903 INFO - logger - Iter 13600 - time: 18    - [train] loss: 0.0374 (+/-0.0255) - [valid] loss: 0.0147 (+/-0.0058) - [test] loss: 0.0423 (+/-0.0692)
2019-07-22 13:09:53,077 INFO - logger - Iter 13700 - time: 18    - [train] loss: 0.0237 (+/-0.0134) - [valid] loss: 0.0249 (+/-0.0287) - [test] loss: 0.0179 (+/-0.0124)
2019-07-22 13:10:11,544 INFO - logger - Iter 13800 - time: 18    - [train] loss: 0.0657 (+/-0.0717) - [valid] loss: 0.029  (+/-0.0271) - [test] loss: 0.0251 (+/-0.0159)
2019-07-22 13:10:30,479 INFO - logger - Iter 13900 - time: 18    - [train] loss: 0.115  (+/-0.1092) - [valid] loss: 0.0407 (+/-0.0488) - [test] loss: 0.0325 (+/-0.0493)
2019-07-22 13:10:49,650 INFO - logger - Iter 14000 - time: 19    - [train] loss: 0.0702 (+/-0.1233) - [valid] loss: 0.0679 (+/-0.0627) - [test] loss: 0.0308 (+/-0.032 )
2019-07-22 13:11:09,027 INFO - logger - Iter 14100 - time: 19    - [train] loss: 0.0164 (+/-0.0067) - [valid] loss: 0.0201 (+/-0.0145) - [test] loss: 0.0279 (+/-0.0198)
2019-07-22 13:11:27,306 INFO - logger - Iter 14200 - time: 18    - [train] loss: 0.0183 (+/-0.0094) - [valid] loss: 0.0435 (+/-0.0395) - [test] loss: 0.0228 (+/-0.0171)
2019-07-22 13:11:45,767 INFO - logger - Iter 14300 - time: 18    - [train] loss: 0.0744 (+/-0.0666) - [valid] loss: 0.0195 (+/-0.0139) - [test] loss: 0.0194 (+/-0.0127)
2019-07-22 13:12:04,127 INFO - logger - Iter 14400 - time: 18    - [train] loss: 0.0695 (+/-0.0552) - [valid] loss: 0.068  (+/-0.0778) - [test] loss: 0.0357 (+/-0.0332)
2019-07-22 13:12:23,139 INFO - logger - Iter 14500 - time: 19    - [train] loss: 0.0475 (+/-0.0278) - [valid] loss: 0.0085 (+/-0.0047) - [test] loss: 0.0433 (+/-0.0539)
2019-07-22 13:12:41,905 INFO - logger - Iter 14600 - time: 18    - [train] loss: 0.0299 (+/-0.0392) - [valid] loss: 0.0453 (+/-0.0284) - [test] loss: 0.0105 (+/-0.0066)
2019-07-22 13:13:01,751 INFO - logger - Iter 14700 - time: 19    - [train] loss: 0.0196 (+/-0.0096) - [valid] loss: 0.0503 (+/-0.0459) - [test] loss: 0.0098 (+/-0.003 )
2019-07-22 13:13:19,910 INFO - logger - Iter 14800 - time: 18    - [train] loss: 0.0809 (+/-0.0715) - [valid] loss: 0.0202 (+/-0.0142) - [test] loss: 0.035  (+/-0.0169)
2019-07-22 13:13:38,879 INFO - logger - Iter 14900 - time: 18    - [train] loss: 0.0274 (+/-0.0178) - [valid] loss: 0.0169 (+/-0.012 ) - [test] loss: 0.0222 (+/-0.0325)
2019-07-22 13:13:57,451 INFO - logger - Iter 15000 - time: 18    - [train] loss: 0.0175 (+/-0.0087) - [valid] loss: 0.0513 (+/-0.0556) - [test] loss: 0.0373 (+/-0.0276)
2019-07-22 13:14:17,325 INFO - logger - Iter 15100 - time: 19    - [train] loss: 0.0128 (+/-0.0081) - [valid] loss: 0.0544 (+/-0.0741) - [test] loss: 0.0235 (+/-0.0197)
2019-07-22 13:14:36,594 INFO - logger - Iter 15200 - time: 19    - [train] loss: 0.0374 (+/-0.034 ) - [valid] loss: 0.0072 (+/-0.004 ) - [test] loss: 0.033  (+/-0.0411)
2019-07-22 13:14:55,330 INFO - logger - Iter 15300 - time: 18    - [train] loss: 0.0415 (+/-0.0409) - [valid] loss: 0.0146 (+/-0.0095) - [test] loss: 0.0322 (+/-0.0261)
2019-07-22 13:15:14,503 INFO - logger - Iter 15400 - time: 19    - [train] loss: 0.0394 (+/-0.0191) - [valid] loss: 0.0279 (+/-0.0193) - [test] loss: 0.0779 (+/-0.0969)
2019-07-22 13:15:33,338 INFO - logger - Iter 15500 - time: 18    - [train] loss: 0.0843 (+/-0.1578) - [valid] loss: 0.0603 (+/-0.0975) - [test] loss: 0.0177 (+/-0.0088)
2019-07-22 13:15:52,215 INFO - logger - Iter 15600 - time: 18    - [train] loss: 0.0231 (+/-0.024 ) - [valid] loss: 0.0253 (+/-0.0184) - [test] loss: 0.0643 (+/-0.036 )
2019-07-22 13:16:11,587 INFO - logger - Iter 15700 - time: 19    - [train] loss: 0.0604 (+/-0.0758) - [valid] loss: 0.0271 (+/-0.0335) - [test] loss: 0.0188 (+/-0.0211)
2019-07-22 13:16:30,034 INFO - logger - Iter 15800 - time: 18    - [train] loss: 0.0693 (+/-0.0653) - [valid] loss: 0.0497 (+/-0.0668) - [test] loss: 0.0727 (+/-0.0846)
2019-07-22 13:16:49,550 INFO - logger - Iter 15900 - time: 19    - [train] loss: 0.0206 (+/-0.0131) - [valid] loss: 0.0995 (+/-0.117 ) - [test] loss: 0.0213 (+/-0.0147)
2019-07-22 13:17:08,097 INFO - logger - Iter 16000 - time: 18    - [train] loss: 0.0202 (+/-0.0126) - [valid] loss: 0.0528 (+/-0.0636) - [test] loss: 0.0437 (+/-0.0336)
2019-07-22 13:17:27,191 INFO - logger - Iter 16100 - time: 19    - [train] loss: 0.0295 (+/-0.0244) - [valid] loss: 0.0379 (+/-0.0491) - [test] loss: 0.0581 (+/-0.053 )
2019-07-22 13:17:46,100 INFO - logger - Iter 16200 - time: 18    - [train] loss: 0.0477 (+/-0.0526) - [valid] loss: 0.0392 (+/-0.0493) - [test] loss: 0.0163 (+/-0.0107)
2019-07-22 13:18:05,417 INFO - logger - Iter 16300 - time: 19    - [train] loss: 0.047  (+/-0.0559) - [valid] loss: 0.0164 (+/-0.0141) - [test] loss: 0.0542 (+/-0.0652)
2019-07-22 13:18:25,032 INFO - logger - Iter 16400 - time: 19    - [train] loss: 0.0285 (+/-0.0182) - [valid] loss: 0.0214 (+/-0.0107) - [test] loss: 0.0629 (+/-0.0817)
2019-07-22 13:18:43,411 INFO - logger - Iter 16500 - time: 18    - [train] loss: 0.0336 (+/-0.0293) - [valid] loss: 0.0409 (+/-0.0286) - [test] loss: 0.0527 (+/-0.062 )
2019-07-22 13:19:02,789 INFO - logger - Iter 16600 - time: 19    - [train] loss: 0.0258 (+/-0.0184) - [valid] loss: 0.0174 (+/-0.0102) - [test] loss: 0.0414 (+/-0.0206)
2019-07-22 13:19:22,631 INFO - logger - Iter 16700 - time: 19    - [train] loss: 0.0527 (+/-0.057 ) - [valid] loss: 0.0137 (+/-0.0162) - [test] loss: 0.0344 (+/-0.0336)
2019-07-22 13:19:41,830 INFO - logger - Iter 16800 - time: 19    - [train] loss: 0.017  (+/-0.0069) - [valid] loss: 0.0431 (+/-0.0453) - [test] loss: 0.0402 (+/-0.0361)
2019-07-22 13:20:00,958 INFO - logger - Iter 16900 - time: 19    - [train] loss: 0.0521 (+/-0.0306) - [valid] loss: 0.0298 (+/-0.0213) - [test] loss: 0.0187 (+/-0.0115)
2019-07-22 13:20:19,756 INFO - logger - Iter 17000 - time: 18    - [train] loss: 0.0354 (+/-0.0262) - [valid] loss: 0.0156 (+/-0.0043) - [test] loss: 0.0454 (+/-0.0448)
2019-07-22 13:20:38,756 INFO - logger - Iter 17100 - time: 18    - [train] loss: 0.0179 (+/-0.017 ) - [valid] loss: 0.0198 (+/-0.0147) - [test] loss: 0.018  (+/-0.0106)
2019-07-22 13:20:58,037 INFO - logger - Iter 17200 - time: 19    - [train] loss: 0.0517 (+/-0.0418) - [valid] loss: 0.0455 (+/-0.0342) - [test] loss: 0.042  (+/-0.0285)
2019-07-22 13:21:17,187 INFO - logger - Iter 17300 - time: 19    - [train] loss: 0.0191 (+/-0.0133) - [valid] loss: 0.0332 (+/-0.0247) - [test] loss: 0.0127 (+/-0.0103)
2019-07-22 13:21:35,245 INFO - logger - Iter 17400 - time: 18    - [train] loss: 0.0214 (+/-0.01  ) - [valid] loss: 0.026  (+/-0.0201) - [test] loss: 0.0162 (+/-0.0062)
2019-07-22 13:21:54,159 INFO - logger - Iter 17500 - time: 18    - [train] loss: 0.0257 (+/-0.0154) - [valid] loss: 0.014  (+/-0.0098) - [test] loss: 0.0351 (+/-0.0426)
2019-07-22 13:22:13,431 INFO - logger - Iter 17600 - time: 19    - [train] loss: 0.013  (+/-0.012 ) - [valid] loss: 0.1495 (+/-0.1981) - [test] loss: 0.0177 (+/-0.0146)
2019-07-22 13:22:32,303 INFO - logger - Iter 17700 - time: 18    - [train] loss: 0.0193 (+/-0.016 ) - [valid] loss: 0.0129 (+/-0.0075) - [test] loss: 0.0187 (+/-0.0118)
2019-07-22 13:22:51,848 INFO - logger - Iter 17800 - time: 19    - [train] loss: 0.0292 (+/-0.0249) - [valid] loss: 0.0282 (+/-0.0245) - [test] loss: 0.0185 (+/-0.0077)
2019-07-22 13:23:10,493 INFO - logger - Iter 17900 - time: 18    - [train] loss: 0.0282 (+/-0.0173) - [valid] loss: 0.0756 (+/-0.0689) - [test] loss: 0.0141 (+/-0.0067)
2019-07-22 13:23:29,746 INFO - logger - Iter 18000 - time: 19    - [train] loss: 0.029  (+/-0.0157) - [valid] loss: 0.0412 (+/-0.0469) - [test] loss: 0.033  (+/-0.0295)
2019-07-22 13:23:48,687 INFO - logger - Iter 18100 - time: 18    - [train] loss: 0.0449 (+/-0.0718) - [valid] loss: 0.0171 (+/-0.0214) - [test] loss: 0.0217 (+/-0.0124)
2019-07-22 13:24:08,520 INFO - logger - Iter 18200 - time: 19    - [train] loss: 0.0272 (+/-0.0336) - [valid] loss: 0.0179 (+/-0.0112) - [test] loss: 0.0293 (+/-0.0242)
2019-07-22 13:24:27,436 INFO - logger - Iter 18300 - time: 18    - [train] loss: 0.0521 (+/-0.045 ) - [valid] loss: 0.0161 (+/-0.009 ) - [test] loss: 0.0304 (+/-0.0229)
2019-07-22 13:24:46,263 INFO - logger - Iter 18400 - time: 18    - [train] loss: 0.0373 (+/-0.0298) - [valid] loss: 0.0143 (+/-0.0056) - [test] loss: 0.0252 (+/-0.0178)
2019-07-22 13:25:04,153 INFO - logger - Iter 18500 - time: 17    - [train] loss: 0.0292 (+/-0.0213) - [valid] loss: 0.0202 (+/-0.0141) - [test] loss: 0.0426 (+/-0.0305)
2019-07-22 13:25:23,241 INFO - logger - Iter 18600 - time: 19    - [train] loss: 0.0314 (+/-0.0202) - [valid] loss: 0.0444 (+/-0.0795) - [test] loss: 0.036  (+/-0.0418)
2019-07-22 13:25:42,320 INFO - logger - Iter 18700 - time: 19    - [train] loss: 0.0288 (+/-0.0127) - [valid] loss: 0.0644 (+/-0.0541) - [test] loss: 0.0648 (+/-0.097 )
2019-07-22 13:26:01,025 INFO - logger - Iter 18800 - time: 18    - [train] loss: 0.0166 (+/-0.0099) - [valid] loss: 0.1768 (+/-0.3392) - [test] loss: 0.0333 (+/-0.024 )
2019-07-22 13:26:19,561 INFO - logger - Iter 18900 - time: 18    - [train] loss: 0.0254 (+/-0.0181) - [valid] loss: 0.0221 (+/-0.0136) - [test] loss: 0.008  (+/-0.0026)
2019-07-22 13:26:38,845 INFO - logger - Iter 19000 - time: 19    - [train] loss: 0.1236 (+/-0.2344) - [valid] loss: 0.0353 (+/-0.0308) - [test] loss: 0.0147 (+/-0.0061)
2019-07-22 13:26:57,404 INFO - logger - Iter 19100 - time: 18    - [train] loss: 0.0408 (+/-0.0344) - [valid] loss: 0.0176 (+/-0.0106) - [test] loss: 0.0621 (+/-0.0394)
2019-07-22 13:27:16,938 INFO - logger - Iter 19200 - time: 19    - [train] loss: 0.0181 (+/-0.0137) - [valid] loss: 0.0213 (+/-0.0225) - [test] loss: 0.05   (+/-0.0635)
2019-07-22 13:27:36,033 INFO - logger - Iter 19300 - time: 19    - [train] loss: 0.0219 (+/-0.0148) - [valid] loss: 0.1138 (+/-0.1569) - [test] loss: 0.0343 (+/-0.0237)
2019-07-22 13:27:54,078 INFO - logger - Iter 19400 - time: 18    - [train] loss: 0.0242 (+/-0.027 ) - [valid] loss: 0.0192 (+/-0.0158) - [test] loss: 0.0217 (+/-0.0149)
2019-07-22 13:28:13,045 INFO - logger - Iter 19500 - time: 18    - [train] loss: 0.017  (+/-0.0076) - [valid] loss: 0.0177 (+/-0.0184) - [test] loss: 0.0463 (+/-0.0491)
2019-07-22 13:28:32,463 INFO - logger - Iter 19600 - time: 19    - [train] loss: 0.0412 (+/-0.0438) - [valid] loss: 0.0551 (+/-0.0598) - [test] loss: 0.0993 (+/-0.1416)
2019-07-22 13:28:51,906 INFO - logger - Iter 19700 - time: 19    - [train] loss: 0.0645 (+/-0.0794) - [valid] loss: 0.0268 (+/-0.0282) - [test] loss: 0.0446 (+/-0.0492)
2019-07-22 13:29:10,822 INFO - logger - Iter 19800 - time: 18    - [train] loss: 0.0189 (+/-0.0148) - [valid] loss: 0.0265 (+/-0.0142) - [test] loss: 0.0298 (+/-0.0291)
2019-07-22 13:29:30,124 INFO - logger - Iter 19900 - time: 19    - [train] loss: 0.0235 (+/-0.0115) - [valid] loss: 0.0603 (+/-0.0396) - [test] loss: 0.0236 (+/-0.0133)
2019-07-22 13:29:49,537 INFO - logger - Iter 20000 - time: 19    - [train] loss: 0.0193 (+/-0.0119) - [valid] loss: 0.0249 (+/-0.0146) - [test] loss: 0.0406 (+/-0.0389)
2019-07-22 13:30:07,984 INFO - logger - Iter 20100 - time: 18    - [train] loss: 0.0513 (+/-0.0816) - [valid] loss: 0.0167 (+/-0.0079) - [test] loss: 0.0178 (+/-0.014 )
2019-07-22 13:30:27,022 INFO - logger - Iter 20200 - time: 19    - [train] loss: 0.0137 (+/-0.0076) - [valid] loss: 0.0254 (+/-0.0146) - [test] loss: 0.0201 (+/-0.0176)
2019-07-22 13:30:44,849 INFO - logger - Iter 20300 - time: 17    - [train] loss: 0.0239 (+/-0.0204) - [valid] loss: 0.0198 (+/-0.0122) - [test] loss: 0.0179 (+/-0.0096)
2019-07-22 13:31:03,223 INFO - logger - Iter 20400 - time: 18    - [train] loss: 0.023  (+/-0.0178) - [valid] loss: 0.0287 (+/-0.019 ) - [test] loss: 0.0879 (+/-0.1263)
2019-07-22 13:31:22,255 INFO - logger - Iter 20500 - time: 19    - [train] loss: 0.0548 (+/-0.047 ) - [valid] loss: 0.0217 (+/-0.0222) - [test] loss: 0.0402 (+/-0.0328)
2019-07-22 13:31:41,495 INFO - logger - Iter 20600 - time: 19    - [train] loss: 0.0255 (+/-0.0269) - [valid] loss: 0.0784 (+/-0.066 ) - [test] loss: 0.0241 (+/-0.0219)
2019-07-22 13:31:59,604 INFO - logger - Iter 20700 - time: 18    - [train] loss: 0.0146 (+/-0.0152) - [valid] loss: 0.0424 (+/-0.045 ) - [test] loss: 0.0137 (+/-0.0105)
2019-07-22 13:32:18,373 INFO - logger - Iter 20800 - time: 18    - [train] loss: 0.0154 (+/-0.0093) - [valid] loss: 0.0265 (+/-0.017 ) - [test] loss: 0.0344 (+/-0.0306)
2019-07-22 13:32:37,645 INFO - logger - Iter 20900 - time: 19    - [train] loss: 0.0198 (+/-0.016 ) - [valid] loss: 0.0346 (+/-0.029 ) - [test] loss: 0.0231 (+/-0.0205)
2019-07-22 13:32:57,286 INFO - logger - Iter 21000 - time: 19    - [train] loss: 0.0176 (+/-0.0109) - [valid] loss: 0.019  (+/-0.0158) - [test] loss: 0.0209 (+/-0.0157)
2019-07-22 13:33:16,090 INFO - logger - Iter 21100 - time: 18    - [train] loss: 0.0316 (+/-0.0307) - [valid] loss: 0.039  (+/-0.0266) - [test] loss: 0.1053 (+/-0.1205)
2019-07-22 13:33:34,757 INFO - logger - Iter 21200 - time: 18    - [train] loss: 0.0282 (+/-0.0275) - [valid] loss: 0.0301 (+/-0.0435) - [test] loss: 0.016  (+/-0.0155)
2019-07-22 13:33:53,793 INFO - logger - Iter 21300 - time: 19    - [train] loss: 0.0452 (+/-0.0488) - [valid] loss: 0.0267 (+/-0.0183) - [test] loss: 0.028  (+/-0.0204)
2019-07-22 13:34:12,933 INFO - logger - Iter 21400 - time: 19    - [train] loss: 0.023  (+/-0.0179) - [valid] loss: 0.0385 (+/-0.0321) - [test] loss: 0.0128 (+/-0.0149)
2019-07-22 13:34:32,287 INFO - logger - Iter 21500 - time: 19    - [train] loss: 0.0251 (+/-0.0191) - [valid] loss: 0.0188 (+/-0.018 ) - [test] loss: 0.0447 (+/-0.0357)
2019-07-22 13:34:50,797 INFO - logger - Iter 21600 - time: 18    - [train] loss: 0.0388 (+/-0.0427) - [valid] loss: 0.0267 (+/-0.0318) - [test] loss: 0.0269 (+/-0.0317)
2019-07-22 13:35:09,832 INFO - logger - Iter 21700 - time: 19    - [train] loss: 0.0276 (+/-0.0133) - [valid] loss: 0.0138 (+/-0.0072) - [test] loss: 0.0628 (+/-0.0393)
2019-07-22 13:35:29,976 INFO - logger - Iter 21800 - time: 20    - [train] loss: 0.027  (+/-0.0106) - [valid] loss: 0.042  (+/-0.054 ) - [test] loss: 0.1341 (+/-0.2034)
2019-07-22 13:35:48,776 INFO - logger - Iter 21900 - time: 18    - [train] loss: 0.0238 (+/-0.0177) - [valid] loss: 0.0211 (+/-0.0134) - [test] loss: 0.0206 (+/-0.0183)
2019-07-22 13:36:07,639 INFO - logger - Iter 22000 - time: 18    - [train] loss: 0.0221 (+/-0.0277) - [valid] loss: 0.0555 (+/-0.0731) - [test] loss: 0.0413 (+/-0.0527)
2019-07-22 13:36:26,649 INFO - logger - Iter 22100 - time: 19    - [train] loss: 0.0247 (+/-0.0214) - [valid] loss: 0.0825 (+/-0.1058) - [test] loss: 0.0197 (+/-0.0154)
2019-07-22 13:36:46,081 INFO - logger - Iter 22200 - time: 19    - [train] loss: 0.0428 (+/-0.0297) - [valid] loss: 0.0436 (+/-0.0221) - [test] loss: 0.024  (+/-0.0099)
2019-07-22 13:37:05,565 INFO - logger - Iter 22300 - time: 19    - [train] loss: 0.0333 (+/-0.0301) - [valid] loss: 0.0193 (+/-0.013 ) - [test] loss: 0.0256 (+/-0.0089)
2019-07-22 13:37:24,808 INFO - logger - Iter 22400 - time: 19    - [train] loss: 0.0276 (+/-0.0198) - [valid] loss: 0.0172 (+/-0.0115) - [test] loss: 0.0258 (+/-0.0201)
2019-07-22 13:37:43,308 INFO - logger - Iter 22500 - time: 18    - [train] loss: 0.0189 (+/-0.0097) - [valid] loss: 0.0369 (+/-0.0471) - [test] loss: 0.0253 (+/-0.0155)
2019-07-22 13:38:02,631 INFO - logger - Iter 22600 - time: 19    - [train] loss: 0.0143 (+/-0.012 ) - [valid] loss: 0.0278 (+/-0.0215) - [test] loss: 0.0189 (+/-0.0145)
2019-07-22 13:38:21,147 INFO - logger - Iter 22700 - time: 18    - [train] loss: 0.0253 (+/-0.0212) - [valid] loss: 0.0194 (+/-0.0072) - [test] loss: 0.0498 (+/-0.038 )
2019-07-22 13:38:40,563 INFO - logger - Iter 22800 - time: 19    - [train] loss: 0.0212 (+/-0.01  ) - [valid] loss: 0.0444 (+/-0.0356) - [test] loss: 0.0443 (+/-0.0514)
2019-07-22 13:38:59,844 INFO - logger - Iter 22900 - time: 19    - [train] loss: 0.0478 (+/-0.0793) - [valid] loss: 0.0443 (+/-0.0333) - [test] loss: 0.0147 (+/-0.0072)
2019-07-22 13:39:17,955 INFO - logger - Iter 23000 - time: 18    - [train] loss: 0.0299 (+/-0.0366) - [valid] loss: 0.0243 (+/-0.0188) - [test] loss: 0.0111 (+/-0.0079)
2019-07-22 13:39:37,308 INFO - logger - Iter 23100 - time: 19    - [train] loss: 0.0359 (+/-0.0358) - [valid] loss: 0.0209 (+/-0.0105) - [test] loss: 0.0254 (+/-0.027 )
2019-07-22 13:39:57,371 INFO - logger - Iter 23200 - time: 20    - [train] loss: 0.0132 (+/-0.0078) - [valid] loss: 0.0275 (+/-0.0148) - [test] loss: 0.0336 (+/-0.0275)
2019-07-22 13:40:16,672 INFO - logger - Iter 23300 - time: 19    - [train] loss: 0.1876 (+/-0.2531) - [valid] loss: 0.028  (+/-0.0194) - [test] loss: 0.0192 (+/-0.0173)
2019-07-22 13:40:36,118 INFO - logger - Iter 23400 - time: 19    - [train] loss: 0.0192 (+/-0.0147) - [valid] loss: 0.0124 (+/-0.0044) - [test] loss: 0.0322 (+/-0.0332)
2019-07-22 13:40:54,870 INFO - logger - Iter 23500 - time: 18    - [train] loss: 0.0112 (+/-0.0079) - [valid] loss: 0.1142 (+/-0.1507) - [test] loss: 0.0238 (+/-0.0187)
2019-07-22 13:41:14,121 INFO - logger - Iter 23600 - time: 19    - [train] loss: 0.01   (+/-0.004 ) - [valid] loss: 0.0116 (+/-0.0102) - [test] loss: 0.0211 (+/-0.0176)
2019-07-22 13:41:33,415 INFO - logger - Iter 23700 - time: 19    - [train] loss: 0.0175 (+/-0.0111) - [valid] loss: 0.0262 (+/-0.0336) - [test] loss: 0.0108 (+/-0.0075)
2019-07-22 13:41:52,323 INFO - logger - Iter 23800 - time: 18    - [train] loss: 0.0384 (+/-0.02  ) - [valid] loss: 0.0501 (+/-0.0734) - [test] loss: 0.037  (+/-0.0344)
2019-07-22 13:42:11,858 INFO - logger - Iter 23900 - time: 19    - [train] loss: 0.0304 (+/-0.0454) - [valid] loss: 0.0555 (+/-0.1086) - [test] loss: 0.0266 (+/-0.0355)
2019-07-22 13:42:30,133 INFO - logger - Iter 24000 - time: 18    - [train] loss: 0.0236 (+/-0.012 ) - [valid] loss: 0.0329 (+/-0.0476) - [test] loss: 0.0335 (+/-0.0282)
2019-07-22 13:42:49,822 INFO - logger - Iter 24100 - time: 19    - [train] loss: 0.0197 (+/-0.0121) - [valid] loss: 0.0202 (+/-0.0163) - [test] loss: 0.0544 (+/-0.0853)
2019-07-22 13:43:08,498 INFO - logger - Iter 24200 - time: 18    - [train] loss: 0.0356 (+/-0.031 ) - [valid] loss: 0.0505 (+/-0.0479) - [test] loss: 0.0173 (+/-0.0171)
2019-07-22 13:43:27,458 INFO - logger - Iter 24300 - time: 18    - [train] loss: 0.0393 (+/-0.0259) - [valid] loss: 0.0277 (+/-0.0192) - [test] loss: 0.02   (+/-0.0085)
2019-07-22 13:43:45,525 INFO - logger - Iter 24400 - time: 18    - [train] loss: 0.0546 (+/-0.0845) - [valid] loss: 0.0343 (+/-0.0222) - [test] loss: 0.0252 (+/-0.0153)
2019-07-22 13:44:04,548 INFO - logger - Iter 24500 - time: 19    - [train] loss: 0.0173 (+/-0.0186) - [valid] loss: 0.0647 (+/-0.0795) - [test] loss: 0.0159 (+/-0.0102)
2019-07-22 13:44:23,126 INFO - logger - Iter 24600 - time: 18    - [train] loss: 0.0203 (+/-0.0164) - [valid] loss: 0.0105 (+/-0.0043) - [test] loss: 0.0229 (+/-0.0166)
2019-07-22 13:44:42,488 INFO - logger - Iter 24700 - time: 19    - [train] loss: 0.012  (+/-0.0054) - [valid] loss: 0.0146 (+/-0.0134) - [test] loss: 0.029  (+/-0.0182)
2019-07-22 13:45:01,459 INFO - logger - Iter 24800 - time: 18    - [train] loss: 0.0287 (+/-0.0309) - [valid] loss: 0.0366 (+/-0.0233) - [test] loss: 0.0234 (+/-0.0238)
2019-07-22 13:45:20,494 INFO - logger - Iter 24900 - time: 19    - [train] loss: 0.0835 (+/-0.1258) - [valid] loss: 0.0213 (+/-0.0183) - [test] loss: 0.0702 (+/-0.1044)
2019-07-22 13:45:39,899 INFO - logger - Iter 25000 - time: 19    - [train] loss: 0.0521 (+/-0.046 ) - [valid] loss: 0.0267 (+/-0.0147) - [test] loss: 0.011  (+/-0.01  )
2019-07-22 13:45:58,966 INFO - logger - Iter 25100 - time: 19    - [train] loss: 0.0268 (+/-0.0246) - [valid] loss: 0.0103 (+/-0.0091) - [test] loss: 0.0338 (+/-0.0313)
2019-07-22 13:46:18,228 INFO - logger - Iter 25200 - time: 19    - [train] loss: 0.0234 (+/-0.0195) - [valid] loss: 0.0179 (+/-0.0109) - [test] loss: 0.0265 (+/-0.022 )
2019-07-22 13:46:36,987 INFO - logger - Iter 25300 - time: 18    - [train] loss: 0.0172 (+/-0.0127) - [valid] loss: 0.0247 (+/-0.0174) - [test] loss: 0.0443 (+/-0.0543)
2019-07-22 13:46:55,252 INFO - logger - Iter 25400 - time: 18    - [train] loss: 0.0348 (+/-0.025 ) - [valid] loss: 0.0226 (+/-0.0119) - [test] loss: 0.026  (+/-0.0214)
2019-07-22 13:47:14,450 INFO - logger - Iter 25500 - time: 19    - [train] loss: 0.0328 (+/-0.033 ) - [valid] loss: 0.0111 (+/-0.0047) - [test] loss: 0.0382 (+/-0.0545)
2019-07-22 13:47:33,940 INFO - logger - Iter 25600 - time: 19    - [train] loss: 0.1234 (+/-0.2213) - [valid] loss: 0.0142 (+/-0.0074) - [test] loss: 0.0199 (+/-0.0189)
2019-07-22 13:47:52,496 INFO - logger - Iter 25700 - time: 18    - [train] loss: 0.0239 (+/-0.022 ) - [valid] loss: 0.0221 (+/-0.0118) - [test] loss: 0.1136 (+/-0.1562)
2019-07-22 13:48:11,075 INFO - logger - Iter 25800 - time: 18    - [train] loss: 0.0196 (+/-0.0113) - [valid] loss: 0.0295 (+/-0.0162) - [test] loss: 0.0186 (+/-0.0082)
2019-07-22 13:48:30,001 INFO - logger - Iter 25900 - time: 18    - [train] loss: 0.0187 (+/-0.0139) - [valid] loss: 0.0228 (+/-0.0154) - [test] loss: 0.0724 (+/-0.0895)
2019-07-22 13:48:49,356 INFO - logger - Iter 26000 - time: 19    - [train] loss: 0.0337 (+/-0.02  ) - [valid] loss: 0.0243 (+/-0.012 ) - [test] loss: 0.0192 (+/-0.0146)
2019-07-22 13:49:07,173 INFO - logger - Iter 26100 - time: 17    - [train] loss: 0.0204 (+/-0.0195) - [valid] loss: 0.0337 (+/-0.024 ) - [test] loss: 0.0163 (+/-0.0128)
2019-07-22 13:49:26,397 INFO - logger - Iter 26200 - time: 19    - [train] loss: 0.0204 (+/-0.0145) - [valid] loss: 0.0179 (+/-0.0147) - [test] loss: 0.028  (+/-0.0168)
2019-07-22 13:49:45,679 INFO - logger - Iter 26300 - time: 19    - [train] loss: 0.0268 (+/-0.0294) - [valid] loss: 0.0236 (+/-0.0146) - [test] loss: 0.0171 (+/-0.01  )
2019-07-22 13:50:04,724 INFO - logger - Iter 26400 - time: 19    - [train] loss: 0.0133 (+/-0.0094) - [valid] loss: 0.0557 (+/-0.0587) - [test] loss: 0.0425 (+/-0.0489)
2019-07-22 13:50:23,566 INFO - logger - Iter 26500 - time: 18    - [train] loss: 0.0103 (+/-0.0059) - [valid] loss: 0.0143 (+/-0.007 ) - [test] loss: 0.0311 (+/-0.0252)
2019-07-22 13:50:42,775 INFO - logger - Iter 26600 - time: 19    - [train] loss: 0.02   (+/-0.0166) - [valid] loss: 0.0265 (+/-0.0307) - [test] loss: 0.0208 (+/-0.024 )
2019-07-22 13:51:01,540 INFO - logger - Iter 26700 - time: 18    - [train] loss: 0.0319 (+/-0.0227) - [valid] loss: 0.0158 (+/-0.0074) - [test] loss: 0.0204 (+/-0.0208)
2019-07-22 13:51:20,104 INFO - logger - Iter 26800 - time: 18    - [train] loss: 0.0632 (+/-0.0867) - [valid] loss: 0.1237 (+/-0.2492) - [test] loss: 0.0116 (+/-0.0062)
2019-07-22 13:51:38,585 INFO - logger - Iter 26900 - time: 18    - [train] loss: 0.0681 (+/-0.0518) - [valid] loss: 0.0379 (+/-0.023 ) - [test] loss: 0.0755 (+/-0.0562)
2019-07-22 13:51:58,091 INFO - logger - Iter 27000 - time: 19    - [train] loss: 0.0402 (+/-0.0323) - [valid] loss: 0.0125 (+/-0.0077) - [test] loss: 0.0272 (+/-0.0173)
2019-07-22 13:52:17,200 INFO - logger - Iter 27100 - time: 19    - [train] loss: 0.0156 (+/-0.0114) - [valid] loss: 0.0264 (+/-0.0238) - [test] loss: 0.012  (+/-0.009 )
2019-07-22 13:52:35,704 INFO - logger - Iter 27200 - time: 18    - [train] loss: 0.0119 (+/-0.0072) - [valid] loss: 0.0132 (+/-0.01  ) - [test] loss: 0.0121 (+/-0.0062)
2019-07-22 13:52:53,147 INFO - logger - Iter 27300 - time: 17    - [train] loss: 0.0426 (+/-0.0429) - [valid] loss: 0.0143 (+/-0.0061) - [test] loss: 0.0396 (+/-0.0343)
2019-07-22 13:53:12,344 INFO - logger - Iter 27400 - time: 19    - [train] loss: 0.0113 (+/-0.0056) - [valid] loss: 0.0296 (+/-0.0353) - [test] loss: 0.0255 (+/-0.0281)
2019-07-22 13:53:30,883 INFO - logger - Iter 27500 - time: 18    - [train] loss: 0.0204 (+/-0.0177) - [valid] loss: 0.0418 (+/-0.0431) - [test] loss: 0.0485 (+/-0.0578)
2019-07-22 13:53:49,461 INFO - logger - Iter 27600 - time: 18    - [train] loss: 0.0157 (+/-0.0083) - [valid] loss: 0.0191 (+/-0.0147) - [test] loss: 0.0532 (+/-0.0484)
2019-07-22 13:54:07,869 INFO - logger - Iter 27700 - time: 18    - [train] loss: 0.0127 (+/-0.0119) - [valid] loss: 0.0124 (+/-0.0086) - [test] loss: 0.0187 (+/-0.0156)
2019-07-22 13:54:27,282 INFO - logger - Iter 27800 - time: 19    - [train] loss: 0.0273 (+/-0.0254) - [valid] loss: 0.033  (+/-0.0286) - [test] loss: 0.0189 (+/-0.02  )
2019-07-22 13:54:47,001 INFO - logger - Iter 27900 - time: 19    - [train] loss: 0.0138 (+/-0.0084) - [valid] loss: 0.0273 (+/-0.0242) - [test] loss: 0.042  (+/-0.0575)
2019-07-22 13:55:06,287 INFO - logger - Iter 28000 - time: 19    - [train] loss: 0.0706 (+/-0.1228) - [valid] loss: 0.0273 (+/-0.0178) - [test] loss: 0.0466 (+/-0.0837)
2019-07-22 13:55:24,508 INFO - logger - Iter 28100 - time: 18    - [train] loss: 0.0293 (+/-0.0305) - [valid] loss: 0.0265 (+/-0.013 ) - [test] loss: 0.0939 (+/-0.1282)
2019-07-22 13:55:43,225 INFO - logger - Iter 28200 - time: 18    - [train] loss: 0.0293 (+/-0.0364) - [valid] loss: 0.0798 (+/-0.1409) - [test] loss: 0.0891 (+/-0.1544)
2019-07-22 13:56:02,945 INFO - logger - Iter 28300 - time: 19    - [train] loss: 0.0205 (+/-0.0237) - [valid] loss: 0.0313 (+/-0.0208) - [test] loss: 0.015  (+/-0.0061)
2019-07-22 13:56:21,912 INFO - logger - Iter 28400 - time: 18    - [train] loss: 0.0254 (+/-0.0183) - [valid] loss: 0.0495 (+/-0.0582) - [test] loss: 0.0226 (+/-0.0229)
2019-07-22 13:56:41,680 INFO - logger - Iter 28500 - time: 19    - [train] loss: 0.0326 (+/-0.0252) - [valid] loss: 0.0498 (+/-0.0744) - [test] loss: 0.0162 (+/-0.007 )
2019-07-22 13:56:59,416 INFO - logger - Iter 28600 - time: 17    - [train] loss: 0.0168 (+/-0.0107) - [valid] loss: 0.0301 (+/-0.0272) - [test] loss: 0.0397 (+/-0.0443)
2019-07-22 13:57:18,861 INFO - logger - Iter 28700 - time: 19    - [train] loss: 0.0281 (+/-0.0204) - [valid] loss: 0.0385 (+/-0.0331) - [test] loss: 0.0358 (+/-0.0467)
2019-07-22 13:57:38,201 INFO - logger - Iter 28800 - time: 19    - [train] loss: 0.0494 (+/-0.0755) - [valid] loss: 0.0244 (+/-0.0212) - [test] loss: 0.0517 (+/-0.0403)
2019-07-22 13:57:57,581 INFO - logger - Iter 28900 - time: 19    - [train] loss: 0.0134 (+/-0.0076) - [valid] loss: 0.0196 (+/-0.0101) - [test] loss: 0.0274 (+/-0.0177)
2019-07-22 13:58:16,504 INFO - logger - Iter 29000 - time: 18    - [train] loss: 0.0812 (+/-0.1333) - [valid] loss: 0.0252 (+/-0.0261) - [test] loss: 0.0101 (+/-0.0058)
2019-07-22 13:58:36,088 INFO - logger - Iter 29100 - time: 19    - [train] loss: 0.0694 (+/-0.1091) - [valid] loss: 0.0421 (+/-0.0636) - [test] loss: 0.0191 (+/-0.0154)
2019-07-22 13:58:55,209 INFO - logger - Iter 29200 - time: 19    - [train] loss: 0.0123 (+/-0.0044) - [valid] loss: 0.0408 (+/-0.0576) - [test] loss: 0.0293 (+/-0.0252)
2019-07-22 13:59:14,627 INFO - logger - Iter 29300 - time: 19    - [train] loss: 0.0178 (+/-0.0112) - [valid] loss: 0.0062 (+/-0.005 ) - [test] loss: 0.0291 (+/-0.0446)
2019-07-22 13:59:33,770 INFO - logger - Iter 29400 - time: 19    - [train] loss: 0.027  (+/-0.0211) - [valid] loss: 0.0932 (+/-0.1151) - [test] loss: 0.0257 (+/-0.0127)
2019-07-22 13:59:52,326 INFO - logger - Iter 29500 - time: 18    - [train] loss: 0.0182 (+/-0.0065) - [valid] loss: 0.0177 (+/-0.007 ) - [test] loss: 0.0218 (+/-0.0135)
2019-07-22 14:00:11,643 INFO - logger - Iter 29600 - time: 19    - [train] loss: 0.0134 (+/-0.0077) - [valid] loss: 0.008  (+/-0.0027) - [test] loss: 0.0173 (+/-0.0139)
2019-07-22 14:00:30,701 INFO - logger - Iter 29700 - time: 19    - [train] loss: 0.0104 (+/-0.0053) - [valid] loss: 0.0647 (+/-0.073 ) - [test] loss: 0.0473 (+/-0.0355)
2019-07-22 14:00:50,020 INFO - logger - Iter 29800 - time: 19    - [train] loss: 0.0979 (+/-0.1581) - [valid] loss: 0.0404 (+/-0.0363) - [test] loss: 0.0284 (+/-0.0242)
2019-07-22 14:01:08,822 INFO - logger - Iter 29900 - time: 18    - [train] loss: 0.0325 (+/-0.0206) - [valid] loss: 0.0362 (+/-0.042 ) - [test] loss: 0.0139 (+/-0.0142)
2019-07-22 14:01:27,629 INFO - logger - Iter 30000 - time: 18    - [train] loss: 0.0305 (+/-0.0265) - [valid] loss: 0.0161 (+/-0.0107) - [test] loss: 0.0184 (+/-0.0155)
2019-07-22 14:01:46,582 INFO - logger - Iter 30100 - time: 18    - [train] loss: 0.0198 (+/-0.0166) - [valid] loss: 0.0371 (+/-0.0622) - [test] loss: 0.0269 (+/-0.0222)
2019-07-22 14:02:05,259 INFO - logger - Iter 30200 - time: 18    - [train] loss: 0.0115 (+/-0.009 ) - [valid] loss: 0.0388 (+/-0.0414) - [test] loss: 0.0151 (+/-0.0099)
2019-07-22 14:02:24,389 INFO - logger - Iter 30300 - time: 19    - [train] loss: 0.0261 (+/-0.0356) - [valid] loss: 0.0569 (+/-0.0702) - [test] loss: 0.0194 (+/-0.0151)
2019-07-22 14:02:43,446 INFO - logger - Iter 30400 - time: 19    - [train] loss: 0.036  (+/-0.0409) - [valid] loss: 0.0309 (+/-0.0284) - [test] loss: 0.0126 (+/-0.0067)
2019-07-22 14:03:03,015 INFO - logger - Iter 30500 - time: 19    - [train] loss: 0.0323 (+/-0.0331) - [valid] loss: 0.0244 (+/-0.0212) - [test] loss: 0.0314 (+/-0.0289)
2019-07-22 14:03:22,576 INFO - logger - Iter 30600 - time: 19    - [train] loss: 0.0136 (+/-0.0081) - [valid] loss: 0.0199 (+/-0.0207) - [test] loss: 0.0448 (+/-0.0422)
2019-07-22 14:03:41,274 INFO - logger - Iter 30700 - time: 18    - [train] loss: 0.0249 (+/-0.0199) - [valid] loss: 0.024  (+/-0.0232) - [test] loss: 0.018  (+/-0.007 )
2019-07-22 14:04:00,376 INFO - logger - Iter 30800 - time: 19    - [train] loss: 0.0358 (+/-0.0348) - [valid] loss: 0.0536 (+/-0.0812) - [test] loss: 0.0306 (+/-0.0382)
2019-07-22 14:04:19,331 INFO - logger - Iter 30900 - time: 18    - [train] loss: 0.0202 (+/-0.0218) - [valid] loss: 0.0308 (+/-0.0216) - [test] loss: 0.021  (+/-0.0104)
2019-07-22 14:04:38,378 INFO - logger - Iter 31000 - time: 19    - [train] loss: 0.0382 (+/-0.0533) - [valid] loss: 0.0112 (+/-0.0057) - [test] loss: 0.0224 (+/-0.0166)
2019-07-22 14:04:57,815 INFO - logger - Iter 31100 - time: 19    - [train] loss: 0.0269 (+/-0.0296) - [valid] loss: 0.0232 (+/-0.0164) - [test] loss: 0.0753 (+/-0.0504)
2019-07-22 14:05:17,076 INFO - logger - Iter 31200 - time: 19    - [train] loss: 0.0291 (+/-0.0323) - [valid] loss: 0.0183 (+/-0.008 ) - [test] loss: 0.0382 (+/-0.0257)
2019-07-22 14:05:35,949 INFO - logger - Iter 31300 - time: 18    - [train] loss: 0.0186 (+/-0.0144) - [valid] loss: 0.0194 (+/-0.0128) - [test] loss: 0.0203 (+/-0.0089)
2019-07-22 14:05:53,953 INFO - logger - Iter 31400 - time: 18    - [train] loss: 0.0307 (+/-0.0134) - [valid] loss: 0.1196 (+/-0.1658) - [test] loss: 0.0181 (+/-0.0166)
2019-07-22 14:06:14,075 INFO - logger - Iter 31500 - time: 20    - [train] loss: 0.0124 (+/-0.0075) - [valid] loss: 0.0268 (+/-0.0281) - [test] loss: 0.0128 (+/-0.0105)
2019-07-22 14:06:33,600 INFO - logger - Iter 31600 - time: 19    - [train] loss: 0.0357 (+/-0.0248) - [valid] loss: 0.0207 (+/-0.0132) - [test] loss: 0.0178 (+/-0.014 )
2019-07-22 14:06:53,036 INFO - logger - Iter 31700 - time: 19    - [train] loss: 0.0156 (+/-0.0113) - [valid] loss: 0.0193 (+/-0.0125) - [test] loss: 0.0124 (+/-0.0094)
2019-07-22 14:07:11,809 INFO - logger - Iter 31800 - time: 18    - [train] loss: 0.0092 (+/-0.006 ) - [valid] loss: 0.018  (+/-0.0165) - [test] loss: 0.0143 (+/-0.0083)
2019-07-22 14:07:31,213 INFO - logger - Iter 31900 - time: 19    - [train] loss: 0.0083 (+/-0.0038) - [valid] loss: 0.0152 (+/-0.0116) - [test] loss: 0.0389 (+/-0.051 )
2019-07-22 14:07:51,122 INFO - logger - Iter 32000 - time: 19    - [train] loss: 0.0212 (+/-0.016 ) - [valid] loss: 0.1379 (+/-0.2391) - [test] loss: 0.0194 (+/-0.0095)
2019-07-22 14:08:10,494 INFO - logger - Iter 32100 - time: 19    - [train] loss: 0.0488 (+/-0.0702) - [valid] loss: 0.0747 (+/-0.1212) - [test] loss: 0.0157 (+/-0.0151)
2019-07-22 14:08:29,710 INFO - logger - Iter 32200 - time: 19    - [train] loss: 0.0209 (+/-0.02  ) - [valid] loss: 0.0233 (+/-0.0176) - [test] loss: 0.012  (+/-0.0054)
2019-07-22 14:08:48,770 INFO - logger - Iter 32300 - time: 19    - [train] loss: 0.0304 (+/-0.0193) - [valid] loss: 0.0221 (+/-0.0186) - [test] loss: 0.0272 (+/-0.0115)
2019-07-22 14:09:07,958 INFO - logger - Iter 32400 - time: 19    - [train] loss: 0.0452 (+/-0.0606) - [valid] loss: 0.075  (+/-0.1468) - [test] loss: 0.0276 (+/-0.0217)
2019-07-22 14:09:27,190 INFO - logger - Iter 32500 - time: 19    - [train] loss: 0.0164 (+/-0.0138) - [valid] loss: 0.0257 (+/-0.0323) - [test] loss: 0.022  (+/-0.0212)
2019-07-22 14:09:46,441 INFO - logger - Iter 32600 - time: 19    - [train] loss: 0.0098 (+/-0.0038) - [valid] loss: 0.0173 (+/-0.0155) - [test] loss: 0.0808 (+/-0.0905)
2019-07-22 14:10:05,051 INFO - logger - Iter 32700 - time: 18    - [train] loss: 0.0278 (+/-0.0354) - [valid] loss: 0.0198 (+/-0.0152) - [test] loss: 0.0914 (+/-0.1432)
2019-07-22 14:10:23,947 INFO - logger - Iter 32800 - time: 18    - [train] loss: 0.0154 (+/-0.0138) - [valid] loss: 0.0802 (+/-0.0789) - [test] loss: 0.0144 (+/-0.0097)
2019-07-22 14:10:43,014 INFO - logger - Iter 32900 - time: 19    - [train] loss: 0.0711 (+/-0.1225) - [valid] loss: 0.0115 (+/-0.0083) - [test] loss: 0.0161 (+/-0.0079)
2019-07-22 14:11:02,869 INFO - logger - Iter 33000 - time: 19    - [train] loss: 0.0264 (+/-0.0257) - [valid] loss: 0.0223 (+/-0.0146) - [test] loss: 0.0275 (+/-0.0196)
2019-07-22 14:11:21,893 INFO - logger - Iter 33100 - time: 19    - [train] loss: 0.0172 (+/-0.0089) - [valid] loss: 0.0169 (+/-0.0194) - [test] loss: 0.1343 (+/-0.1742)
2019-07-22 14:11:40,506 INFO - logger - Iter 33200 - time: 18    - [train] loss: 0.0578 (+/-0.0705) - [valid] loss: 0.0327 (+/-0.0344) - [test] loss: 0.0293 (+/-0.0228)
2019-07-22 14:11:59,948 INFO - logger - Iter 33300 - time: 19    - [train] loss: 0.019  (+/-0.0269) - [valid] loss: 0.0145 (+/-0.0175) - [test] loss: 0.0334 (+/-0.0412)
2019-07-22 14:12:19,206 INFO - logger - Iter 33400 - time: 19    - [train] loss: 0.0138 (+/-0.0115) - [valid] loss: 0.047  (+/-0.0302) - [test] loss: 0.0665 (+/-0.0695)
2019-07-22 14:12:38,260 INFO - logger - Iter 33500 - time: 19    - [train] loss: 0.0214 (+/-0.0134) - [valid] loss: 0.0179 (+/-0.0099) - [test] loss: 0.0261 (+/-0.0214)
2019-07-22 14:12:56,731 INFO - logger - Iter 33600 - time: 18    - [train] loss: 0.043  (+/-0.034 ) - [valid] loss: 0.0246 (+/-0.0106) - [test] loss: 0.0315 (+/-0.0196)
2019-07-22 14:13:15,035 INFO - logger - Iter 33700 - time: 18    - [train] loss: 0.0295 (+/-0.0287) - [valid] loss: 0.0521 (+/-0.0466) - [test] loss: 0.0169 (+/-0.0123)
2019-07-22 14:13:34,573 INFO - logger - Iter 33800 - time: 19    - [train] loss: 0.0205 (+/-0.0115) - [valid] loss: 0.0397 (+/-0.0446) - [test] loss: 0.0326 (+/-0.0307)
2019-07-22 14:13:54,003 INFO - logger - Iter 33900 - time: 19    - [train] loss: 0.0497 (+/-0.0894) - [valid] loss: 0.0138 (+/-0.0084) - [test] loss: 0.017  (+/-0.0117)
2019-07-22 14:14:13,407 INFO - logger - Iter 34000 - time: 19    - [train] loss: 0.02   (+/-0.0111) - [valid] loss: 0.0191 (+/-0.0136) - [test] loss: 0.0695 (+/-0.0914)
2019-07-22 14:14:32,644 INFO - logger - Iter 34100 - time: 19    - [train] loss: 0.0408 (+/-0.0442) - [valid] loss: 0.0337 (+/-0.0242) - [test] loss: 0.0168 (+/-0.0087)
2019-07-22 14:14:51,772 INFO - logger - Iter 34200 - time: 19    - [train] loss: 0.0184 (+/-0.0109) - [valid] loss: 0.0173 (+/-0.009 ) - [test] loss: 0.0247 (+/-0.0205)
2019-07-22 14:15:10,520 INFO - logger - Iter 34300 - time: 18    - [train] loss: 0.019  (+/-0.0093) - [valid] loss: 0.0209 (+/-0.0139) - [test] loss: 0.1919 (+/-0.2631)
2019-07-22 14:15:29,489 INFO - logger - Iter 34400 - time: 18    - [train] loss: 0.0143 (+/-0.0123) - [valid] loss: 0.0174 (+/-0.0088) - [test] loss: 0.0162 (+/-0.0147)
2019-07-22 14:15:48,311 INFO - logger - Iter 34500 - time: 18    - [train] loss: 0.0205 (+/-0.0214) - [valid] loss: 0.0135 (+/-0.0119) - [test] loss: 0.0143 (+/-0.0109)
2019-07-22 14:16:06,938 INFO - logger - Iter 34600 - time: 18    - [train] loss: 0.0151 (+/-0.008 ) - [valid] loss: 0.025  (+/-0.0347) - [test] loss: 0.0286 (+/-0.0185)
2019-07-22 14:16:26,495 INFO - logger - Iter 34700 - time: 19    - [train] loss: 0.0273 (+/-0.0228) - [valid] loss: 0.2099 (+/-0.4075) - [test] loss: 0.0607 (+/-0.0497)
2019-07-22 14:16:46,092 INFO - logger - Iter 34800 - time: 19    - [train] loss: 0.0327 (+/-0.0281) - [valid] loss: 0.0243 (+/-0.0151) - [test] loss: 0.0197 (+/-0.0115)
2019-07-22 14:17:05,496 INFO - logger - Iter 34900 - time: 19    - [train] loss: 0.0234 (+/-0.0122) - [valid] loss: 0.0835 (+/-0.0849) - [test] loss: 0.0347 (+/-0.031 )
2019-07-22 14:17:24,753 INFO - logger - Iter 35000 - time: 19    - [train] loss: 0.0636 (+/-0.0897) - [valid] loss: 0.0631 (+/-0.0828) - [test] loss: 0.0185 (+/-0.0127)
2019-07-22 14:17:43,966 INFO - logger - Iter 35100 - time: 19    - [train] loss: 0.02   (+/-0.0124) - [valid] loss: 0.0237 (+/-0.0391) - [test] loss: 0.025  (+/-0.0323)
2019-07-22 14:18:03,018 INFO - logger - Iter 35200 - time: 19    - [train] loss: 0.0286 (+/-0.014 ) - [valid] loss: 0.0336 (+/-0.0357) - [test] loss: 0.0383 (+/-0.0214)
2019-07-22 14:18:22,129 INFO - logger - Iter 35300 - time: 19    - [train] loss: 0.0597 (+/-0.0468) - [valid] loss: 0.0146 (+/-0.008 ) - [test] loss: 0.0255 (+/-0.0203)
2019-07-22 14:18:41,528 INFO - logger - Iter 35400 - time: 19    - [train] loss: 0.021  (+/-0.0129) - [valid] loss: 0.0169 (+/-0.0139) - [test] loss: 0.0186 (+/-0.0137)
2019-07-22 14:19:00,349 INFO - logger - Iter 35500 - time: 18    - [train] loss: 0.0193 (+/-0.0073) - [valid] loss: 0.0454 (+/-0.0499) - [test] loss: 0.0157 (+/-0.0094)
2019-07-22 14:19:18,713 INFO - logger - Iter 35600 - time: 18    - [train] loss: 0.0089 (+/-0.0042) - [valid] loss: 0.0661 (+/-0.1072) - [test] loss: 0.0091 (+/-0.0047)
2019-07-22 14:19:38,480 INFO - logger - Iter 35700 - time: 19    - [train] loss: 0.0222 (+/-0.0252) - [valid] loss: 0.009  (+/-0.0045) - [test] loss: 0.016  (+/-0.0092)
2019-07-22 14:19:58,091 INFO - logger - Iter 35800 - time: 19    - [train] loss: 0.0351 (+/-0.0345) - [valid] loss: 0.024  (+/-0.0184) - [test] loss: 0.0288 (+/-0.029 )
2019-07-22 14:20:16,729 INFO - logger - Iter 35900 - time: 18    - [train] loss: 0.0304 (+/-0.0245) - [valid] loss: 0.0191 (+/-0.0102) - [test] loss: 0.0624 (+/-0.0795)
2019-07-22 14:20:35,573 INFO - logger - Iter 36000 - time: 18    - [train] loss: 0.0496 (+/-0.0365) - [valid] loss: 0.0143 (+/-0.0083) - [test] loss: 0.0186 (+/-0.0159)
2019-07-22 14:20:54,371 INFO - logger - Iter 36100 - time: 18    - [train] loss: 0.032  (+/-0.0284) - [valid] loss: 0.0241 (+/-0.0138) - [test] loss: 0.0088 (+/-0.0077)
2019-07-22 14:21:13,537 INFO - logger - Iter 36200 - time: 19    - [train] loss: 0.0117 (+/-0.0087) - [valid] loss: 0.0109 (+/-0.0067) - [test] loss: 0.0584 (+/-0.0729)
2019-07-22 14:21:32,437 INFO - logger - Iter 36300 - time: 18    - [train] loss: 0.0387 (+/-0.0354) - [valid] loss: 0.0192 (+/-0.0138) - [test] loss: 0.0202 (+/-0.0117)
2019-07-22 14:21:51,777 INFO - logger - Iter 36400 - time: 19    - [train] loss: 0.0262 (+/-0.014 ) - [valid] loss: 0.0426 (+/-0.0319) - [test] loss: 0.0254 (+/-0.0141)
2019-07-22 14:22:10,184 INFO - logger - Iter 36500 - time: 18    - [train] loss: 0.0108 (+/-0.0078) - [valid] loss: 0.0322 (+/-0.0413) - [test] loss: 0.0175 (+/-0.0137)
2019-07-22 14:22:29,653 INFO - logger - Iter 36600 - time: 19    - [train] loss: 0.0167 (+/-0.0138) - [valid] loss: 0.0227 (+/-0.0163) - [test] loss: 0.0156 (+/-0.0088)
2019-07-22 14:22:48,880 INFO - logger - Iter 36700 - time: 19    - [train] loss: 0.0282 (+/-0.0221) - [valid] loss: 0.012  (+/-0.0116) - [test] loss: 0.0214 (+/-0.0269)
2019-07-22 14:23:08,417 INFO - logger - Iter 36800 - time: 19    - [train] loss: 0.0197 (+/-0.0198) - [valid] loss: 0.016  (+/-0.0213) - [test] loss: 0.0419 (+/-0.0387)
2019-07-22 14:23:28,090 INFO - logger - Iter 36900 - time: 19    - [train] loss: 0.0196 (+/-0.0164) - [valid] loss: 0.0337 (+/-0.0523) - [test] loss: 0.0185 (+/-0.0148)
2019-07-22 14:23:46,273 INFO - logger - Iter 37000 - time: 18    - [train] loss: 0.0287 (+/-0.0385) - [valid] loss: 0.066  (+/-0.0713) - [test] loss: 0.0242 (+/-0.0269)
2019-07-22 14:24:05,541 INFO - logger - Iter 37100 - time: 19    - [train] loss: 0.0229 (+/-0.01  ) - [valid] loss: 0.0226 (+/-0.0119) - [test] loss: 0.075  (+/-0.1008)
2019-07-22 14:24:24,676 INFO - logger - Iter 37200 - time: 19    - [train] loss: 0.0151 (+/-0.009 ) - [valid] loss: 0.021  (+/-0.0127) - [test] loss: 0.015  (+/-0.0074)
2019-07-22 14:24:44,221 INFO - logger - Iter 37300 - time: 19    - [train] loss: 0.0274 (+/-0.022 ) - [valid] loss: 0.013  (+/-0.0068) - [test] loss: 0.0348 (+/-0.0336)
2019-07-22 14:25:02,810 INFO - logger - Iter 37400 - time: 18    - [train] loss: 0.0465 (+/-0.0347) - [valid] loss: 0.0178 (+/-0.0108) - [test] loss: 0.0681 (+/-0.0837)
2019-07-22 14:25:22,322 INFO - logger - Iter 37500 - time: 19    - [train] loss: 0.0373 (+/-0.0525) - [valid] loss: 0.0326 (+/-0.0429) - [test] loss: 0.0364 (+/-0.0487)
2019-07-22 14:25:41,358 INFO - logger - Iter 37600 - time: 19    - [train] loss: 0.0248 (+/-0.0252) - [valid] loss: 0.0416 (+/-0.0316) - [test] loss: 0.0166 (+/-0.0139)
2019-07-22 14:26:00,526 INFO - logger - Iter 37700 - time: 19    - [train] loss: 0.07   (+/-0.099 ) - [valid] loss: 0.0124 (+/-0.0078) - [test] loss: 0.0105 (+/-0.0135)
2019-07-22 14:26:19,715 INFO - logger - Iter 37800 - time: 19    - [train] loss: 0.0312 (+/-0.0265) - [valid] loss: 0.0163 (+/-0.0147) - [test] loss: 0.0105 (+/-0.0082)
2019-07-22 14:26:39,381 INFO - logger - Iter 37900 - time: 19    - [train] loss: 0.0271 (+/-0.0185) - [valid] loss: 0.0158 (+/-0.0117) - [test] loss: 0.0306 (+/-0.0413)
2019-07-22 14:26:58,571 INFO - logger - Iter 38000 - time: 19    - [train] loss: 0.0113 (+/-0.0111) - [valid] loss: 0.0313 (+/-0.032 ) - [test] loss: 0.0538 (+/-0.0674)
2019-07-22 14:27:18,133 INFO - logger - Iter 38100 - time: 19    - [train] loss: 0.0067 (+/-0.0033) - [valid] loss: 0.0124 (+/-0.0093) - [test] loss: 0.0518 (+/-0.0762)
2019-07-22 14:27:38,049 INFO - logger - Iter 38200 - time: 19    - [train] loss: 0.0181 (+/-0.0114) - [valid] loss: 0.0117 (+/-0.0048) - [test] loss: 0.0198 (+/-0.0207)
2019-07-22 14:27:56,558 INFO - logger - Iter 38300 - time: 18    - [train] loss: 0.0398 (+/-0.0424) - [valid] loss: 0.0168 (+/-0.0095) - [test] loss: 0.0325 (+/-0.0487)
2019-07-22 14:28:15,138 INFO - logger - Iter 38400 - time: 18    - [train] loss: 0.0561 (+/-0.0691) - [valid] loss: 0.0091 (+/-0.0046) - [test] loss: 0.0355 (+/-0.0379)
2019-07-22 14:28:33,749 INFO - logger - Iter 38500 - time: 18    - [train] loss: 0.0527 (+/-0.0903) - [valid] loss: 0.0247 (+/-0.0311) - [test] loss: 0.0161 (+/-0.0075)
2019-07-22 14:28:52,971 INFO - logger - Iter 38600 - time: 19    - [train] loss: 0.0107 (+/-0.0051) - [valid] loss: 0.0151 (+/-0.0089) - [test] loss: 0.0361 (+/-0.0294)
2019-07-22 14:29:11,816 INFO - logger - Iter 38700 - time: 18    - [train] loss: 0.023  (+/-0.0239) - [valid] loss: 0.0341 (+/-0.0213) - [test] loss: 0.0131 (+/-0.0122)
2019-07-22 14:29:31,103 INFO - logger - Iter 38800 - time: 19    - [train] loss: 0.0349 (+/-0.0255) - [valid] loss: 0.0239 (+/-0.0175) - [test] loss: 0.0128 (+/-0.0064)
2019-07-22 14:29:50,355 INFO - logger - Iter 38900 - time: 19    - [train] loss: 0.0369 (+/-0.0408) - [valid] loss: 0.0676 (+/-0.1006) - [test] loss: 0.0542 (+/-0.0596)
2019-07-22 14:30:10,003 INFO - logger - Iter 39000 - time: 19    - [train] loss: 0.0439 (+/-0.0349) - [valid] loss: 0.0218 (+/-0.0142) - [test] loss: 0.046  (+/-0.0673)
2019-07-22 14:30:29,563 INFO - logger - Iter 39100 - time: 19    - [train] loss: 0.0059 (+/-0.0022) - [valid] loss: 0.0203 (+/-0.0194) - [test] loss: 0.0545 (+/-0.0631)
2019-07-22 14:30:48,447 INFO - logger - Iter 39200 - time: 18    - [train] loss: 0.0229 (+/-0.0181) - [valid] loss: 0.0639 (+/-0.1204) - [test] loss: 0.0189 (+/-0.017 )
2019-07-22 14:31:07,799 INFO - logger - Iter 39300 - time: 19    - [train] loss: 0.03   (+/-0.0181) - [valid] loss: 0.0407 (+/-0.0406) - [test] loss: 0.0239 (+/-0.0234)
2019-07-22 14:31:26,973 INFO - logger - Iter 39400 - time: 19    - [train] loss: 0.0119 (+/-0.0088) - [valid] loss: 0.0247 (+/-0.0245) - [test] loss: 0.0265 (+/-0.0261)
2019-07-22 14:31:46,515 INFO - logger - Iter 39500 - time: 19    - [train] loss: 0.0257 (+/-0.0138) - [valid] loss: 0.0245 (+/-0.0236) - [test] loss: 0.0361 (+/-0.0311)
2019-07-22 14:32:05,672 INFO - logger - Iter 39600 - time: 19    - [train] loss: 0.0208 (+/-0.0317) - [valid] loss: 0.006  (+/-0.0028) - [test] loss: 0.0128 (+/-0.0069)
2019-07-22 14:32:24,590 INFO - logger - Iter 39700 - time: 18    - [train] loss: 0.0105 (+/-0.0045) - [valid] loss: 0.0254 (+/-0.0225) - [test] loss: 0.0345 (+/-0.0192)
2019-07-22 14:32:43,373 INFO - logger - Iter 39800 - time: 18    - [train] loss: 0.0188 (+/-0.0217) - [valid] loss: 0.0172 (+/-0.0101) - [test] loss: 0.057  (+/-0.0743)
2019-07-22 14:33:02,748 INFO - logger - Iter 39900 - time: 19    - [train] loss: 0.0305 (+/-0.0217) - [valid] loss: 0.0317 (+/-0.0382) - [test] loss: 0.0356 (+/-0.0349)
2019-07-22 14:33:21,703 INFO - logger - Iter 40000 - time: 18    - [train] loss: 0.0317 (+/-0.0286) - [valid] loss: 0.024  (+/-0.0113) - [test] loss: 0.0772 (+/-0.1427)
2019-07-22 14:33:40,140 INFO - logger - Iter 40100 - time: 18    - [train] loss: 0.0188 (+/-0.0145) - [valid] loss: 0.0132 (+/-0.0057) - [test] loss: 0.034  (+/-0.0244)
2019-07-22 14:33:59,370 INFO - logger - Iter 40200 - time: 19    - [train] loss: 0.0193 (+/-0.0166) - [valid] loss: 0.0194 (+/-0.0119) - [test] loss: 0.0354 (+/-0.0297)
2019-07-22 14:34:19,457 INFO - logger - Iter 40300 - time: 20    - [train] loss: 0.0169 (+/-0.0075) - [valid] loss: 0.0213 (+/-0.0117) - [test] loss: 0.0702 (+/-0.1053)
2019-07-22 14:34:38,693 INFO - logger - Iter 40400 - time: 19    - [train] loss: 0.0173 (+/-0.0106) - [valid] loss: 0.0219 (+/-0.0228) - [test] loss: 0.012  (+/-0.0088)
2019-07-22 14:34:57,748 INFO - logger - Iter 40500 - time: 19    - [train] loss: 0.021  (+/-0.0193) - [valid] loss: 0.0312 (+/-0.0195) - [test] loss: 0.0412 (+/-0.0564)
2019-07-22 14:35:17,074 INFO - logger - Iter 40600 - time: 19    - [train] loss: 0.0524 (+/-0.0854) - [valid] loss: 0.0396 (+/-0.0406) - [test] loss: 0.0123 (+/-0.0109)
2019-07-22 14:35:36,445 INFO - logger - Iter 40700 - time: 19    - [train] loss: 0.0394 (+/-0.0374) - [valid] loss: 0.1171 (+/-0.1443) - [test] loss: 0.0136 (+/-0.0088)
2019-07-22 14:35:56,962 INFO - logger - Iter 40800 - time: 20    - [train] loss: 0.0218 (+/-0.0171) - [valid] loss: 0.0095 (+/-0.0063) - [test] loss: 0.0678 (+/-0.0872)
2019-07-22 14:36:15,485 INFO - logger - Iter 40900 - time: 18    - [train] loss: 0.1021 (+/-0.1548) - [valid] loss: 0.0078 (+/-0.0042) - [test] loss: 0.0508 (+/-0.0387)
2019-07-22 14:36:33,687 INFO - logger - Iter 41000 - time: 18    - [train] loss: 0.0187 (+/-0.0158) - [valid] loss: 0.0263 (+/-0.0118) - [test] loss: 0.0211 (+/-0.0149)
2019-07-22 14:36:52,819 INFO - logger - Iter 41100 - time: 19    - [train] loss: 0.0216 (+/-0.0146) - [valid] loss: 0.0204 (+/-0.0201) - [test] loss: 0.1933 (+/-0.3683)
2019-07-22 14:37:11,141 INFO - logger - Iter 41200 - time: 18    - [train] loss: 0.0258 (+/-0.0208) - [valid] loss: 0.0229 (+/-0.0189) - [test] loss: 0.0168 (+/-0.0093)
2019-07-22 14:37:31,698 INFO - logger - Iter 41300 - time: 20    - [train] loss: 0.0232 (+/-0.0197) - [valid] loss: 0.0138 (+/-0.0078) - [test] loss: 0.0342 (+/-0.027 )
2019-07-22 14:37:50,278 INFO - logger - Iter 41400 - time: 18    - [train] loss: 0.0373 (+/-0.0327) - [valid] loss: 0.0087 (+/-0.0051) - [test] loss: 0.0374 (+/-0.0325)
2019-07-22 14:38:09,632 INFO - logger - Iter 41500 - time: 19    - [train] loss: 0.0214 (+/-0.0096) - [valid] loss: 0.0453 (+/-0.0535) - [test] loss: 0.0326 (+/-0.0427)
2019-07-22 14:38:28,796 INFO - logger - Iter 41600 - time: 19    - [train] loss: 0.0193 (+/-0.0205) - [valid] loss: 0.0466 (+/-0.0452) - [test] loss: 0.0166 (+/-0.0137)
2019-07-22 14:38:48,188 INFO - logger - Iter 41700 - time: 19    - [train] loss: 0.0263 (+/-0.013 ) - [valid] loss: 0.022  (+/-0.0162) - [test] loss: 0.0265 (+/-0.0202)
2019-07-22 14:39:06,478 INFO - logger - Iter 41800 - time: 18    - [train] loss: 0.0338 (+/-0.0409) - [valid] loss: 0.047  (+/-0.0549) - [test] loss: 0.0305 (+/-0.0226)
2019-07-22 14:39:25,833 INFO - logger - Iter 41900 - time: 19    - [train] loss: 0.0106 (+/-0.0067) - [valid] loss: 0.0235 (+/-0.0155) - [test] loss: 0.0162 (+/-0.0112)
2019-07-22 14:39:44,884 INFO - logger - Iter 42000 - time: 19    - [train] loss: 0.0077 (+/-0.0028) - [valid] loss: 0.0095 (+/-0.0083) - [test] loss: 0.0156 (+/-0.0159)
2019-07-22 14:40:04,727 INFO - logger - Iter 42100 - time: 19    - [train] loss: 0.0337 (+/-0.034 ) - [valid] loss: 0.0207 (+/-0.0143) - [test] loss: 0.0434 (+/-0.0572)
2019-07-22 14:40:24,266 INFO - logger - Iter 42200 - time: 19    - [train] loss: 0.038  (+/-0.0211) - [valid] loss: 0.0122 (+/-0.0089) - [test] loss: 0.0527 (+/-0.0636)
2019-07-22 14:40:44,251 INFO - logger - Iter 42300 - time: 19    - [train] loss: 0.0157 (+/-0.0085) - [valid] loss: 0.0306 (+/-0.0314) - [test] loss: 0.0219 (+/-0.0156)
2019-07-22 14:41:03,742 INFO - logger - Iter 42400 - time: 19    - [train] loss: 0.0205 (+/-0.0193) - [valid] loss: 0.0203 (+/-0.0107) - [test] loss: 0.0404 (+/-0.0328)
2019-07-22 14:41:22,344 INFO - logger - Iter 42500 - time: 18    - [train] loss: 0.0244 (+/-0.025 ) - [valid] loss: 0.0203 (+/-0.0275) - [test] loss: 0.0125 (+/-0.0064)
2019-07-22 14:41:41,404 INFO - logger - Iter 42600 - time: 19    - [train] loss: 0.0232 (+/-0.0295) - [valid] loss: 0.0299 (+/-0.022 ) - [test] loss: 0.0175 (+/-0.0112)
2019-07-22 14:42:00,443 INFO - logger - Iter 42700 - time: 19    - [train] loss: 0.0315 (+/-0.0449) - [valid] loss: 0.0127 (+/-0.0132) - [test] loss: 0.0145 (+/-0.0121)
2019-07-22 14:42:19,832 INFO - logger - Iter 42800 - time: 19    - [train] loss: 0.0462 (+/-0.0459) - [valid] loss: 0.0396 (+/-0.0287) - [test] loss: 0.0361 (+/-0.0339)
2019-07-22 14:42:38,425 INFO - logger - Iter 42900 - time: 18    - [train] loss: 0.015  (+/-0.0066) - [valid] loss: 0.0198 (+/-0.0226) - [test] loss: 0.0169 (+/-0.0165)
2019-07-22 14:42:57,869 INFO - logger - Iter 43000 - time: 19    - [train] loss: 0.0157 (+/-0.0125) - [valid] loss: 0.0312 (+/-0.0383) - [test] loss: 0.0699 (+/-0.08  )
2019-07-22 14:43:16,004 INFO - logger - Iter 43100 - time: 18    - [train] loss: 0.0895 (+/-0.0651) - [valid] loss: 0.0273 (+/-0.0509) - [test] loss: 0.0195 (+/-0.0076)
2019-07-22 14:43:34,543 INFO - logger - Iter 43200 - time: 18    - [train] loss: 0.0141 (+/-0.0065) - [valid] loss: 0.0205 (+/-0.0196) - [test] loss: 0.0191 (+/-0.0223)
2019-07-22 14:43:53,277 INFO - logger - Iter 43300 - time: 18    - [train] loss: 0.0367 (+/-0.0343) - [valid] loss: 0.0337 (+/-0.0499) - [test] loss: 0.0232 (+/-0.0275)
2019-07-22 14:44:13,335 INFO - logger - Iter 43400 - time: 20    - [train] loss: 0.0195 (+/-0.0141) - [valid] loss: 0.0204 (+/-0.011 ) - [test] loss: 0.0165 (+/-0.0117)
2019-07-22 14:44:32,329 INFO - logger - Iter 43500 - time: 18    - [train] loss: 0.0181 (+/-0.0123) - [valid] loss: 0.0281 (+/-0.0258) - [test] loss: 0.0152 (+/-0.0098)
2019-07-22 14:44:51,697 INFO - logger - Iter 43600 - time: 19    - [train] loss: 0.0492 (+/-0.05  ) - [valid] loss: 0.0223 (+/-0.0133) - [test] loss: 0.0176 (+/-0.0111)
2019-07-22 14:45:11,259 INFO - logger - Iter 43700 - time: 19    - [train] loss: 0.0575 (+/-0.0913) - [valid] loss: 0.0155 (+/-0.0059) - [test] loss: 0.0413 (+/-0.073 )
2019-07-22 14:45:30,463 INFO - logger - Iter 43800 - time: 19    - [train] loss: 0.0124 (+/-0.0074) - [valid] loss: 0.0125 (+/-0.0122) - [test] loss: 0.0214 (+/-0.025 )
2019-07-22 14:45:49,944 INFO - logger - Iter 43900 - time: 19    - [train] loss: 0.0284 (+/-0.0362) - [valid] loss: 0.019  (+/-0.0145) - [test] loss: 0.0227 (+/-0.0252)
2019-07-22 14:46:08,109 INFO - logger - Iter 44000 - time: 18    - [train] loss: 0.0199 (+/-0.0146) - [valid] loss: 0.0572 (+/-0.0955) - [test] loss: 0.0204 (+/-0.0176)
2019-07-22 14:46:26,971 INFO - logger - Iter 44100 - time: 18    - [train] loss: 0.0298 (+/-0.0272) - [valid] loss: 0.0455 (+/-0.0379) - [test] loss: 0.0297 (+/-0.0395)
2019-07-22 14:46:45,782 INFO - logger - Iter 44200 - time: 18    - [train] loss: 0.0777 (+/-0.0993) - [valid] loss: 0.0248 (+/-0.025 ) - [test] loss: 0.0233 (+/-0.0223)
2019-07-22 14:47:05,413 INFO - logger - Iter 44300 - time: 19    - [train] loss: 0.0309 (+/-0.045 ) - [valid] loss: 0.011  (+/-0.0061) - [test] loss: 0.0605 (+/-0.0851)
2019-07-22 14:47:23,972 INFO - logger - Iter 44400 - time: 18    - [train] loss: 0.0127 (+/-0.0056) - [valid] loss: 0.023  (+/-0.0223) - [test] loss: 0.0858 (+/-0.1359)
2019-07-22 14:47:43,930 INFO - logger - Iter 44500 - time: 19    - [train] loss: 0.0254 (+/-0.0225) - [valid] loss: 0.0482 (+/-0.0602) - [test] loss: 0.0084 (+/-0.0042)
2019-07-22 14:48:02,625 INFO - logger - Iter 44600 - time: 18    - [train] loss: 0.0299 (+/-0.0241) - [valid] loss: 0.0164 (+/-0.0122) - [test] loss: 0.0169 (+/-0.0158)
2019-07-22 14:48:22,196 INFO - logger - Iter 44700 - time: 19    - [train] loss: 0.04   (+/-0.041 ) - [valid] loss: 0.0256 (+/-0.0271) - [test] loss: 0.0434 (+/-0.0391)
2019-07-22 14:48:41,360 INFO - logger - Iter 44800 - time: 19    - [train] loss: 0.0147 (+/-0.0098) - [valid] loss: 0.0118 (+/-0.0047) - [test] loss: 0.017  (+/-0.0057)
2019-07-22 14:49:00,759 INFO - logger - Iter 44900 - time: 19    - [train] loss: 0.0312 (+/-0.0264) - [valid] loss: 0.0459 (+/-0.0554) - [test] loss: 0.0405 (+/-0.0347)
2019-07-22 14:49:19,782 INFO - logger - Iter 45000 - time: 19    - [train] loss: 0.0355 (+/-0.0449) - [valid] loss: 0.0315 (+/-0.0267) - [test] loss: 0.0186 (+/-0.0086)
2019-07-22 14:49:38,966 INFO - logger - Iter 45100 - time: 19    - [train] loss: 0.065  (+/-0.0822) - [valid] loss: 0.0068 (+/-0.0032) - [test] loss: 0.0122 (+/-0.005 )
2019-07-22 14:49:58,808 INFO - logger - Iter 45200 - time: 19    - [train] loss: 0.0273 (+/-0.0281) - [valid] loss: 0.0396 (+/-0.0697) - [test] loss: 0.0076 (+/-0.004 )
2019-07-22 14:50:18,379 INFO - logger - Iter 45300 - time: 19    - [train] loss: 0.0123 (+/-0.0109) - [valid] loss: 0.0506 (+/-0.0441) - [test] loss: 0.0169 (+/-0.0111)
2019-07-22 14:50:37,271 INFO - logger - Iter 45400 - time: 18    - [train] loss: 0.0187 (+/-0.0133) - [valid] loss: 0.0635 (+/-0.1161) - [test] loss: 0.052  (+/-0.0667)
2019-07-22 14:50:56,727 INFO - logger - Iter 45500 - time: 19    - [train] loss: 0.0233 (+/-0.0305) - [valid] loss: 0.0357 (+/-0.0493) - [test] loss: 0.0156 (+/-0.0133)
2019-07-22 14:51:15,812 INFO - logger - Iter 45600 - time: 19    - [train] loss: 0.0146 (+/-0.0076) - [valid] loss: 0.0347 (+/-0.0469) - [test] loss: 0.0277 (+/-0.0305)
2019-07-22 14:51:34,677 INFO - logger - Iter 45700 - time: 18    - [train] loss: 0.0565 (+/-0.054 ) - [valid] loss: 0.07   (+/-0.0776) - [test] loss: 0.0147 (+/-0.0084)
2019-07-22 14:51:54,055 INFO - logger - Iter 45800 - time: 19    - [train] loss: 0.0167 (+/-0.0073) - [valid] loss: 0.0345 (+/-0.0335) - [test] loss: 0.0313 (+/-0.0264)
2019-07-22 14:52:13,325 INFO - logger - Iter 45900 - time: 19    - [train] loss: 0.0325 (+/-0.0204) - [valid] loss: 0.0236 (+/-0.0162) - [test] loss: 0.0225 (+/-0.0183)
2019-07-22 14:52:33,655 INFO - logger - Iter 46000 - time: 20    - [train] loss: 0.0189 (+/-0.0084) - [valid] loss: 0.0184 (+/-0.0137) - [test] loss: 0.0158 (+/-0.0086)
2019-07-22 14:52:52,772 INFO - logger - Iter 46100 - time: 19    - [train] loss: 0.0371 (+/-0.0477) - [valid] loss: 0.0139 (+/-0.0126) - [test] loss: 0.041  (+/-0.0526)
2019-07-22 14:53:12,254 INFO - logger - Iter 46200 - time: 19    - [train] loss: 0.034  (+/-0.0456) - [valid] loss: 0.0294 (+/-0.0308) - [test] loss: 0.107  (+/-0.1956)
2019-07-22 14:53:31,517 INFO - logger - Iter 46300 - time: 19    - [train] loss: 0.0172 (+/-0.0174) - [valid] loss: 0.0263 (+/-0.038 ) - [test] loss: 0.0115 (+/-0.0056)
2019-07-22 14:53:50,443 INFO - logger - Iter 46400 - time: 18    - [train] loss: 0.0158 (+/-0.0246) - [valid] loss: 0.0261 (+/-0.0169) - [test] loss: 0.0405 (+/-0.0369)
2019-07-22 14:54:10,054 INFO - logger - Iter 46500 - time: 19    - [train] loss: 0.029  (+/-0.0204) - [valid] loss: 0.0257 (+/-0.0279) - [test] loss: 0.0228 (+/-0.0123)
2019-07-22 14:54:29,728 INFO - logger - Iter 46600 - time: 19    - [train] loss: 0.0213 (+/-0.0099) - [valid] loss: 0.0215 (+/-0.0104) - [test] loss: 0.0218 (+/-0.0097)
2019-07-22 14:54:48,803 INFO - logger - Iter 46700 - time: 19    - [train] loss: 0.0158 (+/-0.0199) - [valid] loss: 0.015  (+/-0.0079) - [test] loss: 0.0192 (+/-0.0126)
2019-07-22 14:55:07,100 INFO - logger - Iter 46800 - time: 18    - [train] loss: 0.0294 (+/-0.0255) - [valid] loss: 0.0246 (+/-0.025 ) - [test] loss: 0.013  (+/-0.0083)
2019-07-22 14:55:26,151 INFO - logger - Iter 46900 - time: 19    - [train] loss: 0.0154 (+/-0.0137) - [valid] loss: 0.0359 (+/-0.0447) - [test] loss: 0.0398 (+/-0.0363)
2019-07-22 14:55:45,150 INFO - logger - Iter 47000 - time: 18    - [train] loss: 0.0846 (+/-0.1177) - [valid] loss: 0.0133 (+/-0.0097) - [test] loss: 0.019  (+/-0.0184)
2019-07-22 14:56:03,893 INFO - logger - Iter 47100 - time: 18    - [train] loss: 0.0094 (+/-0.005 ) - [valid] loss: 0.022  (+/-0.0158) - [test] loss: 0.0142 (+/-0.0144)
2019-07-22 14:56:22,607 INFO - logger - Iter 47200 - time: 18    - [train] loss: 0.0318 (+/-0.0257) - [valid] loss: 0.019  (+/-0.0129) - [test] loss: 0.0337 (+/-0.0355)
2019-07-22 14:56:41,917 INFO - logger - Iter 47300 - time: 19    - [train] loss: 0.0117 (+/-0.0064) - [valid] loss: 0.0182 (+/-0.0183) - [test] loss: 0.0136 (+/-0.0126)
2019-07-22 14:57:00,415 INFO - logger - Iter 47400 - time: 18    - [train] loss: 0.0206 (+/-0.0113) - [valid] loss: 0.0201 (+/-0.0168) - [test] loss: 0.0176 (+/-0.0081)
2019-07-22 14:57:20,214 INFO - logger - Iter 47500 - time: 19    - [train] loss: 0.0234 (+/-0.0164) - [valid] loss: 0.0589 (+/-0.0814) - [test] loss: 0.0155 (+/-0.0078)
2019-07-22 14:57:40,048 INFO - logger - Iter 47600 - time: 19    - [train] loss: 0.027  (+/-0.0349) - [valid] loss: 0.0289 (+/-0.0265) - [test] loss: 0.0091 (+/-0.0065)
2019-07-22 14:57:59,362 INFO - logger - Iter 47700 - time: 19    - [train] loss: 0.0283 (+/-0.0204) - [valid] loss: 0.0645 (+/-0.0711) - [test] loss: 0.0494 (+/-0.0813)
2019-07-22 14:58:18,351 INFO - logger - Iter 47800 - time: 18    - [train] loss: 0.0718 (+/-0.0935) - [valid] loss: 0.0101 (+/-0.0094) - [test] loss: 0.0309 (+/-0.0381)
2019-07-22 14:58:36,958 INFO - logger - Iter 47900 - time: 18    - [train] loss: 0.0162 (+/-0.0257) - [valid] loss: 0.0114 (+/-0.0072) - [test] loss: 0.0289 (+/-0.0322)
2019-07-22 14:58:56,198 INFO - logger - Iter 48000 - time: 19    - [train] loss: 0.0193 (+/-0.0092) - [valid] loss: 0.026  (+/-0.0288) - [test] loss: 0.064  (+/-0.0649)
2019-07-22 14:59:15,327 INFO - logger - Iter 48100 - time: 19    - [train] loss: 0.0573 (+/-0.0993) - [valid] loss: 0.0312 (+/-0.0234) - [test] loss: 0.0237 (+/-0.0252)
2019-07-22 14:59:34,052 INFO - logger - Iter 48200 - time: 18    - [train] loss: 0.0093 (+/-0.0026) - [valid] loss: 0.0334 (+/-0.0276) - [test] loss: 0.0227 (+/-0.018 )
2019-07-22 14:59:54,015 INFO - logger - Iter 48300 - time: 19    - [train] loss: 0.028  (+/-0.0174) - [valid] loss: 0.0139 (+/-0.0087) - [test] loss: 0.0238 (+/-0.0301)
2019-07-22 15:00:12,964 INFO - logger - Iter 48400 - time: 18    - [train] loss: 0.0339 (+/-0.0256) - [valid] loss: 0.0121 (+/-0.0069) - [test] loss: 0.0658 (+/-0.0786)
2019-07-22 15:00:32,538 INFO - logger - Iter 48500 - time: 19    - [train] loss: 0.0226 (+/-0.021 ) - [valid] loss: 0.0232 (+/-0.0183) - [test] loss: 0.017  (+/-0.0146)
2019-07-22 15:00:51,916 INFO - logger - Iter 48600 - time: 19    - [train] loss: 0.036  (+/-0.0611) - [valid] loss: 0.0387 (+/-0.0507) - [test] loss: 0.0294 (+/-0.024 )
2019-07-22 15:01:10,548 INFO - logger - Iter 48700 - time: 18    - [train] loss: 0.0507 (+/-0.0517) - [valid] loss: 0.0562 (+/-0.0665) - [test] loss: 0.011  (+/-0.0087)
2019-07-22 15:01:30,048 INFO - logger - Iter 48800 - time: 19    - [train] loss: 0.0307 (+/-0.0281) - [valid] loss: 0.0132 (+/-0.009 ) - [test] loss: 0.0187 (+/-0.0125)
2019-07-22 15:01:48,737 INFO - logger - Iter 48900 - time: 18    - [train] loss: 0.0151 (+/-0.009 ) - [valid] loss: 0.0276 (+/-0.024 ) - [test] loss: 0.0111 (+/-0.0053)
2019-07-22 15:02:08,194 INFO - logger - Iter 49000 - time: 19    - [train] loss: 0.0225 (+/-0.0135) - [valid] loss: 0.034  (+/-0.054 ) - [test] loss: 0.0164 (+/-0.0104)
2019-07-22 15:02:27,657 INFO - logger - Iter 49100 - time: 19    - [train] loss: 0.0122 (+/-0.0058) - [valid] loss: 0.0197 (+/-0.0206) - [test] loss: 0.0797 (+/-0.0867)
2019-07-22 15:02:46,628 INFO - logger - Iter 49200 - time: 18    - [train] loss: 0.0176 (+/-0.0174) - [valid] loss: 0.0354 (+/-0.0625) - [test] loss: 0.0212 (+/-0.0139)
2019-07-22 15:03:05,666 INFO - logger - Iter 49300 - time: 19    - [train] loss: 0.0231 (+/-0.0175) - [valid] loss: 0.0116 (+/-0.0066) - [test] loss: 0.0659 (+/-0.0782)
2019-07-22 15:03:25,550 INFO - logger - Iter 49400 - time: 19    - [train] loss: 0.0174 (+/-0.0153) - [valid] loss: 0.0134 (+/-0.011 ) - [test] loss: 0.0131 (+/-0.0074)
2019-07-22 15:03:44,967 INFO - logger - Iter 49500 - time: 19    - [train] loss: 0.032  (+/-0.0332) - [valid] loss: 0.0902 (+/-0.1113) - [test] loss: 0.024  (+/-0.016 )
2019-07-22 15:04:02,967 INFO - logger - Iter 49600 - time: 18    - [train] loss: 0.0115 (+/-0.0056) - [valid] loss: 0.065  (+/-0.0936) - [test] loss: 0.0331 (+/-0.0266)
2019-07-22 15:04:22,337 INFO - logger - Iter 49700 - time: 19    - [train] loss: 0.0248 (+/-0.0265) - [valid] loss: 0.0211 (+/-0.0163) - [test] loss: 0.0545 (+/-0.0483)
2019-07-22 15:04:41,550 INFO - logger - Iter 49800 - time: 19    - [train] loss: 0.0248 (+/-0.0131) - [valid] loss: 0.0302 (+/-0.0305) - [test] loss: 0.0225 (+/-0.0167)
2019-07-22 15:05:00,759 INFO - logger - Iter 49900 - time: 19    - [train] loss: 0.0207 (+/-0.0159) - [valid] loss: 0.0154 (+/-0.0123) - [test] loss: 0.0136 (+/-0.0118)
