2019-07-17 07:49:07,219 INFO - log_helper - Finished configuring logger
2019-07-17 07:49:13,355 INFO - logger - Iter 0    - time: 5     - [train] loss: 4.6359 (+/-0.7978) - [valid] loss: 4.294  (+/-0.7414) - [test] loss: 4.0733 (+/-0.7771)
2019-07-17 07:49:38,506 INFO - logger - Iter 100  - time: 25    - [train] loss: 3.7398 (+/-0.6411) - [valid] loss: 3.4412 (+/-0.5802) - [test] loss: 2.6727 (+/-0.5174)
2019-07-17 07:50:03,098 INFO - logger - Iter 200  - time: 24    - [train] loss: 2.4748 (+/-0.438 ) - [valid] loss: 2.3831 (+/-0.4551) - [test] loss: 2.5037 (+/-0.5608)
2019-07-17 07:50:29,014 INFO - logger - Iter 300  - time: 25    - [train] loss: 1.7471 (+/-0.3065) - [valid] loss: 1.7089 (+/-0.36  ) - [test] loss: 1.4787 (+/-0.2885)
2019-07-17 07:50:54,270 INFO - logger - Iter 400  - time: 25    - [train] loss: 1.3262 (+/-0.2388) - [valid] loss: 1.1827 (+/-0.2286) - [test] loss: 1.0885 (+/-0.2603)
2019-07-17 07:51:20,320 INFO - logger - Iter 500  - time: 26    - [train] loss: 0.7174 (+/-0.1913) - [valid] loss: 0.7649 (+/-0.1731) - [test] loss: 0.6939 (+/-0.1332)
2019-07-17 07:51:45,665 INFO - logger - Iter 600  - time: 25    - [train] loss: 0.5105 (+/-0.1185) - [valid] loss: 0.6185 (+/-0.1476) - [test] loss: 0.6181 (+/-0.1481)
2019-07-17 07:52:11,125 INFO - logger - Iter 700  - time: 25    - [train] loss: 0.4128 (+/-0.1028) - [valid] loss: 0.4572 (+/-0.1007) - [test] loss: 0.5374 (+/-0.1276)
2019-07-17 07:52:36,177 INFO - logger - Iter 800  - time: 25    - [train] loss: 0.3209 (+/-0.0883) - [valid] loss: 0.2867 (+/-0.0699) - [test] loss: 0.365  (+/-0.081 )
2019-07-17 07:53:01,117 INFO - logger - Iter 900  - time: 24    - [train] loss: 0.2906 (+/-0.0947) - [valid] loss: 0.2851 (+/-0.0754) - [test] loss: 0.3029 (+/-0.0699)
2019-07-17 07:53:26,804 INFO - logger - Iter 1000 - time: 25    - [train] loss: 0.4255 (+/-0.1652) - [valid] loss: 0.2199 (+/-0.046 ) - [test] loss: 0.1897 (+/-0.0338)
2019-07-17 07:53:52,153 INFO - logger - Iter 1100 - time: 25    - [train] loss: 0.2639 (+/-0.0882) - [valid] loss: 0.2188 (+/-0.0584) - [test] loss: 0.1875 (+/-0.0521)
2019-07-17 07:54:16,817 INFO - logger - Iter 1200 - time: 24    - [train] loss: 0.1776 (+/-0.0639) - [valid] loss: 0.1267 (+/-0.0309) - [test] loss: 0.1659 (+/-0.0344)
2019-07-17 07:54:42,701 INFO - logger - Iter 1300 - time: 25    - [train] loss: 0.2353 (+/-0.1053) - [valid] loss: 0.2472 (+/-0.1354) - [test] loss: 0.1763 (+/-0.0544)
2019-07-17 07:55:08,491 INFO - logger - Iter 1400 - time: 25    - [train] loss: 0.1518 (+/-0.0417) - [valid] loss: 0.1432 (+/-0.0609) - [test] loss: 0.146  (+/-0.0334)
2019-07-17 07:55:34,372 INFO - logger - Iter 1500 - time: 25    - [train] loss: 0.1321 (+/-0.0294) - [valid] loss: 0.114  (+/-0.0271) - [test] loss: 0.1057 (+/-0.0281)
2019-07-17 07:56:00,265 INFO - logger - Iter 1600 - time: 25    - [train] loss: 0.1082 (+/-0.0273) - [valid] loss: 0.1362 (+/-0.0453) - [test] loss: 0.1251 (+/-0.0382)
2019-07-17 07:56:26,220 INFO - logger - Iter 1700 - time: 25    - [train] loss: 0.1177 (+/-0.0372) - [valid] loss: 0.1343 (+/-0.0404) - [test] loss: 0.1221 (+/-0.0305)
2019-07-17 07:56:51,584 INFO - logger - Iter 1800 - time: 25    - [train] loss: 0.1371 (+/-0.0565) - [valid] loss: 0.1006 (+/-0.0356) - [test] loss: 0.1131 (+/-0.0386)
2019-07-17 07:57:17,488 INFO - logger - Iter 1900 - time: 25    - [train] loss: 0.0809 (+/-0.0266) - [valid] loss: 0.0811 (+/-0.0191) - [test] loss: 0.0911 (+/-0.0264)
2019-07-17 07:57:42,828 INFO - logger - Iter 2000 - time: 25    - [train] loss: 0.116  (+/-0.0464) - [valid] loss: 0.102  (+/-0.0281) - [test] loss: 0.0904 (+/-0.0223)
2019-07-17 07:58:10,072 INFO - logger - Iter 2100 - time: 27    - [train] loss: 0.1187 (+/-0.0479) - [valid] loss: 0.0774 (+/-0.0221) - [test] loss: 0.1078 (+/-0.0401)
2019-07-17 07:58:35,635 INFO - logger - Iter 2200 - time: 25    - [train] loss: 0.0726 (+/-0.0203) - [valid] loss: 0.0737 (+/-0.0199) - [test] loss: 0.0943 (+/-0.0225)
2019-07-17 07:59:02,858 INFO - logger - Iter 2300 - time: 27    - [train] loss: 0.0981 (+/-0.0306) - [valid] loss: 0.0698 (+/-0.0187) - [test] loss: 0.0855 (+/-0.0243)
2019-07-17 07:59:29,069 INFO - logger - Iter 2400 - time: 26    - [train] loss: 0.1172 (+/-0.0728) - [valid] loss: 0.0787 (+/-0.0223) - [test] loss: 0.0609 (+/-0.0144)
2019-07-17 07:59:55,906 INFO - logger - Iter 2500 - time: 26    - [train] loss: 0.0616 (+/-0.0178) - [valid] loss: 0.1008 (+/-0.0445) - [test] loss: 0.0604 (+/-0.0146)
2019-07-17 08:00:22,831 INFO - logger - Iter 2600 - time: 26    - [train] loss: 0.0865 (+/-0.0326) - [valid] loss: 0.1088 (+/-0.0398) - [test] loss: 0.0731 (+/-0.0221)
2019-07-17 08:00:49,536 INFO - logger - Iter 2700 - time: 26    - [train] loss: 0.0666 (+/-0.0158) - [valid] loss: 0.0763 (+/-0.0318) - [test] loss: 0.0791 (+/-0.0253)
2019-07-17 08:01:16,211 INFO - logger - Iter 2800 - time: 26    - [train] loss: 0.0726 (+/-0.0216) - [valid] loss: 0.0772 (+/-0.0232) - [test] loss: 0.0813 (+/-0.0288)
2019-07-17 08:01:42,474 INFO - logger - Iter 2900 - time: 26    - [train] loss: 0.0639 (+/-0.0203) - [valid] loss: 0.092  (+/-0.0408) - [test] loss: 0.0755 (+/-0.0319)
2019-07-17 08:02:09,004 INFO - logger - Iter 3000 - time: 26    - [train] loss: 0.1008 (+/-0.0676) - [valid] loss: 0.0689 (+/-0.0228) - [test] loss: 0.0749 (+/-0.0276)
2019-07-17 08:02:35,864 INFO - logger - Iter 3100 - time: 26    - [train] loss: 0.0675 (+/-0.0242) - [valid] loss: 0.052  (+/-0.0141) - [test] loss: 0.0681 (+/-0.0161)
2019-07-17 08:03:02,461 INFO - logger - Iter 3200 - time: 26    - [train] loss: 0.067  (+/-0.025 ) - [valid] loss: 0.0818 (+/-0.0302) - [test] loss: 0.0742 (+/-0.0241)
2019-07-17 08:03:28,844 INFO - logger - Iter 3300 - time: 26    - [train] loss: 0.0724 (+/-0.0224) - [valid] loss: 0.0714 (+/-0.0175) - [test] loss: 0.0577 (+/-0.0165)
2019-07-17 08:03:55,431 INFO - logger - Iter 3400 - time: 26    - [train] loss: 0.0632 (+/-0.0185) - [valid] loss: 0.0518 (+/-0.0103) - [test] loss: 0.0725 (+/-0.0242)
2019-07-17 08:04:22,312 INFO - logger - Iter 3500 - time: 26    - [train] loss: 0.0654 (+/-0.019 ) - [valid] loss: 0.0539 (+/-0.0123) - [test] loss: 0.0859 (+/-0.0324)
2019-07-17 08:04:49,205 INFO - logger - Iter 3600 - time: 26    - [train] loss: 0.0524 (+/-0.015 ) - [valid] loss: 0.0761 (+/-0.0278) - [test] loss: 0.0679 (+/-0.0202)
2019-07-17 08:05:15,979 INFO - logger - Iter 3700 - time: 26    - [train] loss: 0.0886 (+/-0.0406) - [valid] loss: 0.061  (+/-0.0256) - [test] loss: 0.0539 (+/-0.0132)
2019-07-17 08:05:43,057 INFO - logger - Iter 3800 - time: 27    - [train] loss: 0.0845 (+/-0.038 ) - [valid] loss: 0.064  (+/-0.0186) - [test] loss: 0.0685 (+/-0.0176)
2019-07-17 08:06:09,019 INFO - logger - Iter 3900 - time: 25    - [train] loss: 0.0614 (+/-0.0163) - [valid] loss: 0.0602 (+/-0.0145) - [test] loss: 0.055  (+/-0.0147)
2019-07-17 08:06:36,242 INFO - logger - Iter 4000 - time: 27    - [train] loss: 0.0711 (+/-0.0222) - [valid] loss: 0.0542 (+/-0.0144) - [test] loss: 0.0588 (+/-0.0189)
2019-07-17 08:07:02,908 INFO - logger - Iter 4100 - time: 26    - [train] loss: 0.0589 (+/-0.0204) - [valid] loss: 0.0586 (+/-0.0136) - [test] loss: 0.0589 (+/-0.017 )
2019-07-17 08:07:29,600 INFO - logger - Iter 4200 - time: 26    - [train] loss: 0.0806 (+/-0.024 ) - [valid] loss: 0.0805 (+/-0.04  ) - [test] loss: 0.0559 (+/-0.013 )
2019-07-17 08:07:55,762 INFO - logger - Iter 4300 - time: 26    - [train] loss: 0.0391 (+/-0.0085) - [valid] loss: 0.0809 (+/-0.0283) - [test] loss: 0.0548 (+/-0.0123)
2019-07-17 08:08:22,592 INFO - logger - Iter 4400 - time: 26    - [train] loss: 0.058  (+/-0.0238) - [valid] loss: 0.0435 (+/-0.0127) - [test] loss: 0.0419 (+/-0.0109)
2019-07-17 08:08:49,313 INFO - logger - Iter 4500 - time: 26    - [train] loss: 0.0439 (+/-0.0147) - [valid] loss: 0.0422 (+/-0.0111) - [test] loss: 0.0683 (+/-0.0277)
2019-07-17 08:09:16,385 INFO - logger - Iter 4600 - time: 27    - [train] loss: 0.0473 (+/-0.0126) - [valid] loss: 0.0437 (+/-0.0142) - [test] loss: 0.0561 (+/-0.0303)
2019-07-17 08:09:43,589 INFO - logger - Iter 4700 - time: 27    - [train] loss: 0.0714 (+/-0.0182) - [valid] loss: 0.0652 (+/-0.0194) - [test] loss: 0.0522 (+/-0.0184)
2019-07-17 08:10:10,185 INFO - logger - Iter 4800 - time: 26    - [train] loss: 0.0591 (+/-0.0165) - [valid] loss: 0.0497 (+/-0.0216) - [test] loss: 0.0663 (+/-0.0233)
2019-07-17 08:10:36,806 INFO - logger - Iter 4900 - time: 26    - [train] loss: 0.0461 (+/-0.0093) - [valid] loss: 0.0539 (+/-0.0159) - [test] loss: 0.0408 (+/-0.0096)
2019-07-17 08:11:03,314 INFO - logger - Iter 5000 - time: 26    - [train] loss: 0.0561 (+/-0.0219) - [valid] loss: 0.0529 (+/-0.0161) - [test] loss: 0.0403 (+/-0.01  )
2019-07-17 08:11:30,105 INFO - logger - Iter 5100 - time: 26    - [train] loss: 0.0496 (+/-0.0127) - [valid] loss: 0.0635 (+/-0.0273) - [test] loss: 0.0602 (+/-0.025 )
2019-07-17 08:11:57,432 INFO - logger - Iter 5200 - time: 27    - [train] loss: 0.0434 (+/-0.0125) - [valid] loss: 0.0473 (+/-0.0124) - [test] loss: 0.0426 (+/-0.0118)
2019-07-17 08:12:24,488 INFO - logger - Iter 5300 - time: 27    - [train] loss: 0.0566 (+/-0.0115) - [valid] loss: 0.0587 (+/-0.0206) - [test] loss: 0.0563 (+/-0.0161)
2019-07-17 08:12:52,086 INFO - logger - Iter 5400 - time: 27    - [train] loss: 0.042  (+/-0.0122) - [valid] loss: 0.0463 (+/-0.0179) - [test] loss: 0.0452 (+/-0.022 )
2019-07-17 08:13:18,990 INFO - logger - Iter 5500 - time: 26    - [train] loss: 0.0496 (+/-0.0133) - [valid] loss: 0.047  (+/-0.0194) - [test] loss: 0.0471 (+/-0.0153)
2019-07-17 08:13:46,187 INFO - logger - Iter 5600 - time: 27    - [train] loss: 0.0318 (+/-0.0077) - [valid] loss: 0.0506 (+/-0.0148) - [test] loss: 0.0489 (+/-0.0149)
2019-07-17 08:14:13,126 INFO - logger - Iter 5700 - time: 26    - [train] loss: 0.0428 (+/-0.0137) - [valid] loss: 0.0373 (+/-0.0111) - [test] loss: 0.0442 (+/-0.0151)
2019-07-17 08:14:39,149 INFO - logger - Iter 5800 - time: 26    - [train] loss: 0.0283 (+/-0.0082) - [valid] loss: 0.0465 (+/-0.0259) - [test] loss: 0.0488 (+/-0.0202)
2019-07-17 08:15:05,450 INFO - logger - Iter 5900 - time: 26    - [train] loss: 0.0361 (+/-0.0083) - [valid] loss: 0.0383 (+/-0.0094) - [test] loss: 0.0842 (+/-0.0794)
2019-07-17 08:15:31,644 INFO - logger - Iter 6000 - time: 26    - [train] loss: 0.0584 (+/-0.0277) - [valid] loss: 0.0674 (+/-0.0391) - [test] loss: 0.0587 (+/-0.036 )
2019-07-17 08:15:58,244 INFO - logger - Iter 6100 - time: 26    - [train] loss: 0.0521 (+/-0.0186) - [valid] loss: 0.041  (+/-0.0111) - [test] loss: 0.0564 (+/-0.0188)
2019-07-17 08:16:25,095 INFO - logger - Iter 6200 - time: 26    - [train] loss: 0.0491 (+/-0.0177) - [valid] loss: 0.0314 (+/-0.0089) - [test] loss: 0.0366 (+/-0.0125)
2019-07-17 08:16:50,344 INFO - logger - Iter 6300 - time: 25    - [train] loss: 0.0444 (+/-0.0182) - [valid] loss: 0.0449 (+/-0.0238) - [test] loss: 0.0366 (+/-0.0084)
2019-07-17 08:17:16,508 INFO - logger - Iter 6400 - time: 26    - [train] loss: 0.0339 (+/-0.0101) - [valid] loss: 0.0485 (+/-0.0139) - [test] loss: 0.0537 (+/-0.0178)
2019-07-17 08:17:42,477 INFO - logger - Iter 6500 - time: 25    - [train] loss: 0.0496 (+/-0.0176) - [valid] loss: 0.0367 (+/-0.0095) - [test] loss: 0.0466 (+/-0.0123)
2019-07-17 08:18:08,662 INFO - logger - Iter 6600 - time: 26    - [train] loss: 0.0593 (+/-0.018 ) - [valid] loss: 0.0327 (+/-0.0093) - [test] loss: 0.0383 (+/-0.0099)
2019-07-17 08:18:35,574 INFO - logger - Iter 6700 - time: 26    - [train] loss: 0.0499 (+/-0.0154) - [valid] loss: 0.0437 (+/-0.014 ) - [test] loss: 0.051  (+/-0.0141)
2019-07-17 08:19:02,628 INFO - logger - Iter 6800 - time: 27    - [train] loss: 0.0425 (+/-0.0131) - [valid] loss: 0.0437 (+/-0.0139) - [test] loss: 0.055  (+/-0.0252)
2019-07-17 08:19:28,929 INFO - logger - Iter 6900 - time: 26    - [train] loss: 0.0298 (+/-0.0081) - [valid] loss: 0.0377 (+/-0.0155) - [test] loss: 0.052  (+/-0.0346)
2019-07-17 08:19:56,052 INFO - logger - Iter 7000 - time: 27    - [train] loss: 0.0413 (+/-0.0137) - [valid] loss: 0.0297 (+/-0.0074) - [test] loss: 0.0393 (+/-0.0157)
2019-07-17 08:20:22,262 INFO - logger - Iter 7100 - time: 26    - [train] loss: 0.0346 (+/-0.0116) - [valid] loss: 0.0371 (+/-0.0108) - [test] loss: 0.0506 (+/-0.0246)
2019-07-17 08:20:49,233 INFO - logger - Iter 7200 - time: 26    - [train] loss: 0.0372 (+/-0.0106) - [valid] loss: 0.0536 (+/-0.0174) - [test] loss: 0.0532 (+/-0.0291)
2019-07-17 08:21:16,099 INFO - logger - Iter 7300 - time: 26    - [train] loss: 0.0623 (+/-0.0431) - [valid] loss: 0.0441 (+/-0.0177) - [test] loss: 0.0363 (+/-0.0089)
2019-07-17 08:21:42,851 INFO - logger - Iter 7400 - time: 26    - [train] loss: 0.0493 (+/-0.0182) - [valid] loss: 0.0353 (+/-0.0101) - [test] loss: 0.0569 (+/-0.0181)
2019-07-17 08:22:10,175 INFO - logger - Iter 7500 - time: 27    - [train] loss: 0.0455 (+/-0.0181) - [valid] loss: 0.036  (+/-0.0114) - [test] loss: 0.027  (+/-0.0061)
2019-07-17 08:22:36,042 INFO - logger - Iter 7600 - time: 25    - [train] loss: 0.05   (+/-0.0118) - [valid] loss: 0.0481 (+/-0.0097) - [test] loss: 0.061  (+/-0.0201)
2019-07-17 08:23:03,136 INFO - logger - Iter 7700 - time: 27    - [train] loss: 0.0387 (+/-0.0112) - [valid] loss: 0.0432 (+/-0.0167) - [test] loss: 0.036  (+/-0.0109)
2019-07-17 08:23:28,770 INFO - logger - Iter 7800 - time: 25    - [train] loss: 0.051  (+/-0.0194) - [valid] loss: 0.0347 (+/-0.0107) - [test] loss: 0.0372 (+/-0.0125)
2019-07-17 08:23:56,352 INFO - logger - Iter 7900 - time: 27    - [train] loss: 0.059  (+/-0.0205) - [valid] loss: 0.0483 (+/-0.0178) - [test] loss: 0.0349 (+/-0.007 )
2019-07-17 08:24:24,212 INFO - logger - Iter 8000 - time: 27    - [train] loss: 0.0286 (+/-0.0055) - [valid] loss: 0.0362 (+/-0.0162) - [test] loss: 0.0297 (+/-0.0076)
2019-07-17 08:24:50,416 INFO - logger - Iter 8100 - time: 26    - [train] loss: 0.0459 (+/-0.0219) - [valid] loss: 0.0375 (+/-0.0134) - [test] loss: 0.0428 (+/-0.0126)
2019-07-17 08:25:16,920 INFO - logger - Iter 8200 - time: 26    - [train] loss: 0.0355 (+/-0.0096) - [valid] loss: 0.0329 (+/-0.0093) - [test] loss: 0.0737 (+/-0.0458)
2019-07-17 08:25:43,973 INFO - logger - Iter 8300 - time: 27    - [train] loss: 0.0295 (+/-0.0079) - [valid] loss: 0.0422 (+/-0.0137) - [test] loss: 0.0278 (+/-0.0054)
2019-07-17 08:26:10,237 INFO - logger - Iter 8400 - time: 26    - [train] loss: 0.0515 (+/-0.0203) - [valid] loss: 0.0388 (+/-0.017 ) - [test] loss: 0.0358 (+/-0.0126)
2019-07-17 08:26:36,192 INFO - logger - Iter 8500 - time: 25    - [train] loss: 0.0443 (+/-0.0162) - [valid] loss: 0.0433 (+/-0.0159) - [test] loss: 0.0345 (+/-0.0099)
2019-07-17 08:27:03,349 INFO - logger - Iter 8600 - time: 27    - [train] loss: 0.0358 (+/-0.0086) - [valid] loss: 0.045  (+/-0.0115) - [test] loss: 0.0333 (+/-0.0076)
2019-07-17 08:27:30,997 INFO - logger - Iter 8700 - time: 27    - [train] loss: 0.0328 (+/-0.0085) - [valid] loss: 0.0302 (+/-0.0081) - [test] loss: 0.0439 (+/-0.0147)
2019-07-17 08:27:57,393 INFO - logger - Iter 8800 - time: 26    - [train] loss: 0.0343 (+/-0.0087) - [valid] loss: 0.0395 (+/-0.0157) - [test] loss: 0.0382 (+/-0.0137)
2019-07-17 08:28:24,942 INFO - logger - Iter 8900 - time: 27    - [train] loss: 0.0387 (+/-0.0141) - [valid] loss: 0.0361 (+/-0.018 ) - [test] loss: 0.0391 (+/-0.0125)
2019-07-17 08:28:51,220 INFO - logger - Iter 9000 - time: 26    - [train] loss: 0.0366 (+/-0.0151) - [valid] loss: 0.0342 (+/-0.0118) - [test] loss: 0.0366 (+/-0.0134)
2019-07-17 08:29:18,235 INFO - logger - Iter 9100 - time: 27    - [train] loss: 0.0396 (+/-0.0115) - [valid] loss: 0.0407 (+/-0.0209) - [test] loss: 0.0361 (+/-0.0139)
2019-07-17 08:29:44,673 INFO - logger - Iter 9200 - time: 26    - [train] loss: 0.0299 (+/-0.0098) - [valid] loss: 0.0289 (+/-0.0083) - [test] loss: 0.0316 (+/-0.0079)
2019-07-17 08:30:11,517 INFO - logger - Iter 9300 - time: 26    - [train] loss: 0.0373 (+/-0.0157) - [valid] loss: 0.0389 (+/-0.0206) - [test] loss: 0.0283 (+/-0.011 )
2019-07-17 08:30:39,573 INFO - logger - Iter 9400 - time: 28    - [train] loss: 0.0247 (+/-0.0052) - [valid] loss: 0.0279 (+/-0.0059) - [test] loss: 0.0576 (+/-0.024 )
2019-07-17 08:31:05,736 INFO - logger - Iter 9500 - time: 26    - [train] loss: 0.0437 (+/-0.0155) - [valid] loss: 0.0421 (+/-0.0226) - [test] loss: 0.0431 (+/-0.0143)
2019-07-17 08:31:32,505 INFO - logger - Iter 9600 - time: 26    - [train] loss: 0.0413 (+/-0.013 ) - [valid] loss: 0.0351 (+/-0.012 ) - [test] loss: 0.053  (+/-0.0225)
2019-07-17 08:31:59,077 INFO - logger - Iter 9700 - time: 26    - [train] loss: 0.0232 (+/-0.0071) - [valid] loss: 0.0277 (+/-0.01  ) - [test] loss: 0.0493 (+/-0.0294)
2019-07-17 08:32:25,625 INFO - logger - Iter 9800 - time: 26    - [train] loss: 0.0309 (+/-0.0116) - [valid] loss: 0.0326 (+/-0.0125) - [test] loss: 0.0411 (+/-0.0122)
2019-07-17 08:32:52,861 INFO - logger - Iter 9900 - time: 27    - [train] loss: 0.0299 (+/-0.0073) - [valid] loss: 0.0327 (+/-0.0103) - [test] loss: 0.0227 (+/-0.0058)
2019-07-17 08:33:19,182 INFO - logger - Iter 10000 - time: 26    - [train] loss: 0.0308 (+/-0.0127) - [valid] loss: 0.0367 (+/-0.0115) - [test] loss: 0.0306 (+/-0.0082)
2019-07-17 08:33:46,483 INFO - logger - Iter 10100 - time: 27    - [train] loss: 0.0279 (+/-0.0073) - [valid] loss: 0.0382 (+/-0.0118) - [test] loss: 0.0296 (+/-0.01  )
2019-07-17 08:34:13,221 INFO - logger - Iter 10200 - time: 26    - [train] loss: 0.0337 (+/-0.0163) - [valid] loss: 0.0222 (+/-0.0055) - [test] loss: 0.0452 (+/-0.0169)
2019-07-17 08:34:39,973 INFO - logger - Iter 10300 - time: 26    - [train] loss: 0.0383 (+/-0.0187) - [valid] loss: 0.0384 (+/-0.0103) - [test] loss: 0.0278 (+/-0.0066)
2019-07-17 08:35:06,765 INFO - logger - Iter 10400 - time: 26    - [train] loss: 0.0379 (+/-0.0149) - [valid] loss: 0.0222 (+/-0.0052) - [test] loss: 0.0325 (+/-0.0128)
2019-07-17 08:35:33,232 INFO - logger - Iter 10500 - time: 26    - [train] loss: 0.0358 (+/-0.0107) - [valid] loss: 0.0313 (+/-0.0103) - [test] loss: 0.0389 (+/-0.0252)
2019-07-17 08:35:59,770 INFO - logger - Iter 10600 - time: 26    - [train] loss: 0.0288 (+/-0.0124) - [valid] loss: 0.0395 (+/-0.036 ) - [test] loss: 0.0329 (+/-0.015 )
2019-07-17 08:36:26,364 INFO - logger - Iter 10700 - time: 26    - [train] loss: 0.0422 (+/-0.0237) - [valid] loss: 0.0289 (+/-0.0095) - [test] loss: 0.0275 (+/-0.0071)
2019-07-17 08:36:53,323 INFO - logger - Iter 10800 - time: 26    - [train] loss: 0.0225 (+/-0.0052) - [valid] loss: 0.0352 (+/-0.0163) - [test] loss: 0.0379 (+/-0.0134)
2019-07-17 08:37:20,275 INFO - logger - Iter 10900 - time: 26    - [train] loss: 0.0389 (+/-0.0112) - [valid] loss: 0.0383 (+/-0.0087) - [test] loss: 0.0629 (+/-0.0271)
2019-07-17 08:37:47,405 INFO - logger - Iter 11000 - time: 27    - [train] loss: 0.0332 (+/-0.0106) - [valid] loss: 0.0299 (+/-0.0083) - [test] loss: 0.0434 (+/-0.0273)
2019-07-17 08:38:14,461 INFO - logger - Iter 11100 - time: 27    - [train] loss: 0.0334 (+/-0.011 ) - [valid] loss: 0.0336 (+/-0.0135) - [test] loss: 0.0368 (+/-0.0156)
2019-07-17 08:38:41,857 INFO - logger - Iter 11200 - time: 27    - [train] loss: 0.0296 (+/-0.0101) - [valid] loss: 0.0326 (+/-0.0077) - [test] loss: 0.0336 (+/-0.0147)
2019-07-17 08:39:09,178 INFO - logger - Iter 11300 - time: 27    - [train] loss: 0.035  (+/-0.0134) - [valid] loss: 0.021  (+/-0.0042) - [test] loss: 0.027  (+/-0.007 )
2019-07-17 08:39:36,002 INFO - logger - Iter 11400 - time: 26    - [train] loss: 0.0346 (+/-0.0109) - [valid] loss: 0.0244 (+/-0.005 ) - [test] loss: 0.0421 (+/-0.0161)
2019-07-17 08:40:02,264 INFO - logger - Iter 11500 - time: 26    - [train] loss: 0.0365 (+/-0.0125) - [valid] loss: 0.0309 (+/-0.0072) - [test] loss: 0.0392 (+/-0.0182)
2019-07-17 08:40:29,364 INFO - logger - Iter 11600 - time: 27    - [train] loss: 0.0297 (+/-0.0067) - [valid] loss: 0.0431 (+/-0.0274) - [test] loss: 0.0274 (+/-0.005 )
2019-07-17 08:40:55,371 INFO - logger - Iter 11700 - time: 26    - [train] loss: 0.0312 (+/-0.0063) - [valid] loss: 0.0265 (+/-0.0063) - [test] loss: 0.0386 (+/-0.0211)
2019-07-17 08:41:21,599 INFO - logger - Iter 11800 - time: 26    - [train] loss: 0.0296 (+/-0.0089) - [valid] loss: 0.0331 (+/-0.0091) - [test] loss: 0.0315 (+/-0.0142)
2019-07-17 08:41:48,064 INFO - logger - Iter 11900 - time: 26    - [train] loss: 0.0619 (+/-0.0514) - [valid] loss: 0.0262 (+/-0.0072) - [test] loss: 0.0356 (+/-0.0175)
2019-07-17 08:42:15,118 INFO - logger - Iter 12000 - time: 27    - [train] loss: 0.0324 (+/-0.0119) - [valid] loss: 0.0283 (+/-0.0119) - [test] loss: 0.0283 (+/-0.0145)
2019-07-17 08:42:41,435 INFO - logger - Iter 12100 - time: 26    - [train] loss: 0.0338 (+/-0.0141) - [valid] loss: 0.0306 (+/-0.0136) - [test] loss: 0.0257 (+/-0.011 )
2019-07-17 08:43:07,848 INFO - logger - Iter 12200 - time: 26    - [train] loss: 0.0172 (+/-0.0044) - [valid] loss: 0.0271 (+/-0.0086) - [test] loss: 0.026  (+/-0.0078)
2019-07-17 08:43:34,674 INFO - logger - Iter 12300 - time: 26    - [train] loss: 0.0421 (+/-0.0205) - [valid] loss: 0.0268 (+/-0.0071) - [test] loss: 0.03   (+/-0.0088)
2019-07-17 08:44:01,138 INFO - logger - Iter 12400 - time: 26    - [train] loss: 0.0251 (+/-0.0064) - [valid] loss: 0.0281 (+/-0.0118) - [test] loss: 0.0195 (+/-0.0045)
2019-07-17 08:44:28,482 INFO - logger - Iter 12500 - time: 27    - [train] loss: 0.051  (+/-0.0332) - [valid] loss: 0.0315 (+/-0.008 ) - [test] loss: 0.0374 (+/-0.0133)
2019-07-17 08:44:54,887 INFO - logger - Iter 12600 - time: 26    - [train] loss: 0.0326 (+/-0.0081) - [valid] loss: 0.0309 (+/-0.0077) - [test] loss: 0.034  (+/-0.0087)
2019-07-17 08:45:21,201 INFO - logger - Iter 12700 - time: 26    - [train] loss: 0.0278 (+/-0.0086) - [valid] loss: 0.0284 (+/-0.0074) - [test] loss: 0.0209 (+/-0.0053)
2019-07-17 08:45:47,880 INFO - logger - Iter 12800 - time: 26    - [train] loss: 0.0309 (+/-0.0093) - [valid] loss: 0.0259 (+/-0.009 ) - [test] loss: 0.0349 (+/-0.0156)
2019-07-17 08:46:15,385 INFO - logger - Iter 12900 - time: 27    - [train] loss: 0.0205 (+/-0.0073) - [valid] loss: 0.0302 (+/-0.016 ) - [test] loss: 0.0236 (+/-0.0079)
2019-07-17 08:46:42,589 INFO - logger - Iter 13000 - time: 27    - [train] loss: 0.0329 (+/-0.0113) - [valid] loss: 0.0371 (+/-0.0157) - [test] loss: 0.0317 (+/-0.0085)
2019-07-17 08:47:09,121 INFO - logger - Iter 13100 - time: 26    - [train] loss: 0.0227 (+/-0.0092) - [valid] loss: 0.0239 (+/-0.0061) - [test] loss: 0.0226 (+/-0.0082)
2019-07-17 08:47:36,414 INFO - logger - Iter 13200 - time: 27    - [train] loss: 0.0218 (+/-0.0051) - [valid] loss: 0.0367 (+/-0.0095) - [test] loss: 0.0287 (+/-0.0072)
2019-07-17 08:48:03,920 INFO - logger - Iter 13300 - time: 27    - [train] loss: 0.0385 (+/-0.0141) - [valid] loss: 0.0288 (+/-0.012 ) - [test] loss: 0.028  (+/-0.0088)
2019-07-17 08:48:31,051 INFO - logger - Iter 13400 - time: 27    - [train] loss: 0.0246 (+/-0.0063) - [valid] loss: 0.0471 (+/-0.0236) - [test] loss: 0.0337 (+/-0.0123)
2019-07-17 08:48:57,840 INFO - logger - Iter 13500 - time: 26    - [train] loss: 0.0351 (+/-0.0158) - [valid] loss: 0.0289 (+/-0.0126) - [test] loss: 0.0177 (+/-0.0039)
2019-07-17 08:49:25,231 INFO - logger - Iter 13600 - time: 27    - [train] loss: 0.0344 (+/-0.0121) - [valid] loss: 0.028  (+/-0.0115) - [test] loss: 0.0242 (+/-0.0058)
2019-07-17 08:49:52,223 INFO - logger - Iter 13700 - time: 26    - [train] loss: 0.0242 (+/-0.0069) - [valid] loss: 0.0243 (+/-0.0061) - [test] loss: 0.0294 (+/-0.0112)
2019-07-17 08:50:17,684 INFO - logger - Iter 13800 - time: 25    - [train] loss: 0.0281 (+/-0.0219) - [valid] loss: 0.0286 (+/-0.0094) - [test] loss: 0.0311 (+/-0.0116)
2019-07-17 08:50:44,897 INFO - logger - Iter 13900 - time: 27    - [train] loss: 0.0272 (+/-0.0062) - [valid] loss: 0.0254 (+/-0.0068) - [test] loss: 0.0303 (+/-0.0102)
2019-07-17 08:51:10,822 INFO - logger - Iter 14000 - time: 25    - [train] loss: 0.0266 (+/-0.0087) - [valid] loss: 0.029  (+/-0.0084) - [test] loss: 0.0223 (+/-0.0047)
2019-07-17 08:51:37,862 INFO - logger - Iter 14100 - time: 27    - [train] loss: 0.0327 (+/-0.0057) - [valid] loss: 0.0333 (+/-0.0068) - [test] loss: 0.0326 (+/-0.0072)
2019-07-17 08:52:04,627 INFO - logger - Iter 14200 - time: 26    - [train] loss: 0.037  (+/-0.0143) - [valid] loss: 0.0265 (+/-0.0089) - [test] loss: 0.0301 (+/-0.0084)
2019-07-17 08:52:31,016 INFO - logger - Iter 14300 - time: 26    - [train] loss: 0.0303 (+/-0.0101) - [valid] loss: 0.0267 (+/-0.0149) - [test] loss: 0.0284 (+/-0.0094)
2019-07-17 08:52:57,762 INFO - logger - Iter 14400 - time: 26    - [train] loss: 0.028  (+/-0.0106) - [valid] loss: 0.0215 (+/-0.0053) - [test] loss: 0.0239 (+/-0.0093)
2019-07-17 08:53:24,816 INFO - logger - Iter 14500 - time: 27    - [train] loss: 0.0347 (+/-0.0119) - [valid] loss: 0.0304 (+/-0.0116) - [test] loss: 0.021  (+/-0.006 )
2019-07-17 08:53:51,787 INFO - logger - Iter 14600 - time: 26    - [train] loss: 0.0341 (+/-0.0122) - [valid] loss: 0.0264 (+/-0.0073) - [test] loss: 0.0248 (+/-0.0078)
2019-07-17 08:54:17,814 INFO - logger - Iter 14700 - time: 26    - [train] loss: 0.0332 (+/-0.0103) - [valid] loss: 0.0196 (+/-0.0041) - [test] loss: 0.022  (+/-0.0063)
2019-07-17 08:54:43,927 INFO - logger - Iter 14800 - time: 26    - [train] loss: 0.025  (+/-0.0069) - [valid] loss: 0.0243 (+/-0.0093) - [test] loss: 0.0232 (+/-0.0065)
2019-07-17 08:55:10,543 INFO - logger - Iter 14900 - time: 26    - [train] loss: 0.0247 (+/-0.0073) - [valid] loss: 0.0319 (+/-0.0114) - [test] loss: 0.0237 (+/-0.0097)
2019-07-17 08:55:37,380 INFO - logger - Iter 15000 - time: 26    - [train] loss: 0.0347 (+/-0.0124) - [valid] loss: 0.0382 (+/-0.0233) - [test] loss: 0.0196 (+/-0.0043)
2019-07-17 08:56:03,885 INFO - logger - Iter 15100 - time: 26    - [train] loss: 0.0339 (+/-0.0102) - [valid] loss: 0.0386 (+/-0.0138) - [test] loss: 0.0427 (+/-0.0131)
2019-07-17 08:56:31,461 INFO - logger - Iter 15200 - time: 27    - [train] loss: 0.0262 (+/-0.0071) - [valid] loss: 0.0255 (+/-0.0071) - [test] loss: 0.0324 (+/-0.0171)
2019-07-17 08:56:58,540 INFO - logger - Iter 15300 - time: 27    - [train] loss: 0.0263 (+/-0.0102) - [valid] loss: 0.0357 (+/-0.0235) - [test] loss: 0.022  (+/-0.0083)
2019-07-17 08:57:25,287 INFO - logger - Iter 15400 - time: 26    - [train] loss: 0.0272 (+/-0.0075) - [valid] loss: 0.0263 (+/-0.0058) - [test] loss: 0.0413 (+/-0.0165)
2019-07-17 08:57:52,356 INFO - logger - Iter 15500 - time: 27    - [train] loss: 0.0247 (+/-0.0068) - [valid] loss: 0.021  (+/-0.0096) - [test] loss: 0.0295 (+/-0.0101)
2019-07-17 08:58:19,281 INFO - logger - Iter 15600 - time: 26    - [train] loss: 0.0281 (+/-0.0107) - [valid] loss: 0.0352 (+/-0.0128) - [test] loss: 0.0347 (+/-0.0167)
2019-07-17 08:58:46,270 INFO - logger - Iter 15700 - time: 26    - [train] loss: 0.0374 (+/-0.0125) - [valid] loss: 0.052  (+/-0.0485) - [test] loss: 0.0404 (+/-0.0142)
2019-07-17 08:59:12,430 INFO - logger - Iter 15800 - time: 26    - [train] loss: 0.0347 (+/-0.0106) - [valid] loss: 0.0305 (+/-0.0058) - [test] loss: 0.0467 (+/-0.0158)
2019-07-17 08:59:38,073 INFO - logger - Iter 15900 - time: 25    - [train] loss: 0.0397 (+/-0.0129) - [valid] loss: 0.0434 (+/-0.014 ) - [test] loss: 0.0314 (+/-0.006 )
2019-07-17 09:00:04,827 INFO - logger - Iter 16000 - time: 26    - [train] loss: 0.0373 (+/-0.0218) - [valid] loss: 0.022  (+/-0.0064) - [test] loss: 0.0267 (+/-0.0103)
2019-07-17 09:00:31,705 INFO - logger - Iter 16100 - time: 26    - [train] loss: 0.0299 (+/-0.0147) - [valid] loss: 0.0408 (+/-0.0179) - [test] loss: 0.0443 (+/-0.0282)
2019-07-17 09:00:58,424 INFO - logger - Iter 16200 - time: 26    - [train] loss: 0.0384 (+/-0.0288) - [valid] loss: 0.03   (+/-0.0107) - [test] loss: 0.0213 (+/-0.0065)
2019-07-17 09:01:25,513 INFO - logger - Iter 16300 - time: 27    - [train] loss: 0.0297 (+/-0.0103) - [valid] loss: 0.0375 (+/-0.0194) - [test] loss: 0.0285 (+/-0.0081)
2019-07-17 09:01:52,586 INFO - logger - Iter 16400 - time: 27    - [train] loss: 0.0194 (+/-0.0065) - [valid] loss: 0.044  (+/-0.0308) - [test] loss: 0.0214 (+/-0.0058)
2019-07-17 09:02:18,532 INFO - logger - Iter 16500 - time: 25    - [train] loss: 0.0253 (+/-0.0082) - [valid] loss: 0.0313 (+/-0.0098) - [test] loss: 0.0394 (+/-0.0156)
2019-07-17 09:02:45,272 INFO - logger - Iter 16600 - time: 26    - [train] loss: 0.0243 (+/-0.0072) - [valid] loss: 0.0261 (+/-0.0082) - [test] loss: 0.0258 (+/-0.0073)
2019-07-17 09:03:12,930 INFO - logger - Iter 16700 - time: 27    - [train] loss: 0.0202 (+/-0.0051) - [valid] loss: 0.0212 (+/-0.0051) - [test] loss: 0.028  (+/-0.0161)
2019-07-17 09:03:39,200 INFO - logger - Iter 16800 - time: 26    - [train] loss: 0.027  (+/-0.0082) - [valid] loss: 0.0221 (+/-0.0051) - [test] loss: 0.028  (+/-0.0086)
2019-07-17 09:04:05,660 INFO - logger - Iter 16900 - time: 26    - [train] loss: 0.0258 (+/-0.0063) - [valid] loss: 0.0179 (+/-0.0036) - [test] loss: 0.0312 (+/-0.0128)
2019-07-17 09:04:32,816 INFO - logger - Iter 17000 - time: 27    - [train] loss: 0.0208 (+/-0.0059) - [valid] loss: 0.0379 (+/-0.0188) - [test] loss: 0.0201 (+/-0.0044)
2019-07-17 09:05:00,384 INFO - logger - Iter 17100 - time: 27    - [train] loss: 0.027  (+/-0.0076) - [valid] loss: 0.0279 (+/-0.0106) - [test] loss: 0.0255 (+/-0.0074)
2019-07-17 09:05:26,999 INFO - logger - Iter 17200 - time: 26    - [train] loss: 0.0288 (+/-0.0098) - [valid] loss: 0.0351 (+/-0.0148) - [test] loss: 0.0307 (+/-0.0074)
2019-07-17 09:05:54,234 INFO - logger - Iter 17300 - time: 27    - [train] loss: 0.0219 (+/-0.0051) - [valid] loss: 0.0275 (+/-0.0084) - [test] loss: 0.0242 (+/-0.0077)
2019-07-17 09:06:19,959 INFO - logger - Iter 17400 - time: 25    - [train] loss: 0.0258 (+/-0.0072) - [valid] loss: 0.0409 (+/-0.0303) - [test] loss: 0.0286 (+/-0.008 )
2019-07-17 09:06:46,390 INFO - logger - Iter 17500 - time: 26    - [train] loss: 0.0327 (+/-0.0249) - [valid] loss: 0.0431 (+/-0.0215) - [test] loss: 0.0386 (+/-0.0161)
2019-07-17 09:07:12,869 INFO - logger - Iter 17600 - time: 26    - [train] loss: 0.0287 (+/-0.0096) - [valid] loss: 0.0371 (+/-0.0215) - [test] loss: 0.0277 (+/-0.0123)
2019-07-17 09:07:39,761 INFO - logger - Iter 17700 - time: 26    - [train] loss: 0.0331 (+/-0.0125) - [valid] loss: 0.0248 (+/-0.0087) - [test] loss: 0.0196 (+/-0.0048)
2019-07-17 09:08:05,774 INFO - logger - Iter 17800 - time: 26    - [train] loss: 0.0251 (+/-0.014 ) - [valid] loss: 0.0287 (+/-0.0093) - [test] loss: 0.0229 (+/-0.0069)
2019-07-17 09:08:32,487 INFO - logger - Iter 17900 - time: 26    - [train] loss: 0.0421 (+/-0.0184) - [valid] loss: 0.0309 (+/-0.0149) - [test] loss: 0.0243 (+/-0.007 )
2019-07-17 09:08:59,778 INFO - logger - Iter 18000 - time: 27    - [train] loss: 0.0171 (+/-0.0045) - [valid] loss: 0.0364 (+/-0.018 ) - [test] loss: 0.032  (+/-0.0206)
2019-07-17 09:09:26,820 INFO - logger - Iter 18100 - time: 27    - [train] loss: 0.0281 (+/-0.0126) - [valid] loss: 0.0268 (+/-0.0084) - [test] loss: 0.0289 (+/-0.0109)
2019-07-17 09:09:54,282 INFO - logger - Iter 18200 - time: 27    - [train] loss: 0.0286 (+/-0.0075) - [valid] loss: 0.0343 (+/-0.011 ) - [test] loss: 0.0258 (+/-0.0053)
2019-07-17 09:10:20,979 INFO - logger - Iter 18300 - time: 26    - [train] loss: 0.0242 (+/-0.0073) - [valid] loss: 0.0262 (+/-0.0077) - [test] loss: 0.0177 (+/-0.0041)
2019-07-17 09:10:47,590 INFO - logger - Iter 18400 - time: 26    - [train] loss: 0.0311 (+/-0.014 ) - [valid] loss: 0.0199 (+/-0.0062) - [test] loss: 0.0268 (+/-0.0073)
2019-07-17 09:11:13,743 INFO - logger - Iter 18500 - time: 26    - [train] loss: 0.0251 (+/-0.0059) - [valid] loss: 0.0226 (+/-0.0048) - [test] loss: 0.032  (+/-0.0132)
2019-07-17 09:11:41,060 INFO - logger - Iter 18600 - time: 27    - [train] loss: 0.0238 (+/-0.0112) - [valid] loss: 0.0241 (+/-0.0069) - [test] loss: 0.0364 (+/-0.0159)
2019-07-17 09:12:08,322 INFO - logger - Iter 18700 - time: 27    - [train] loss: 0.0312 (+/-0.016 ) - [valid] loss: 0.019  (+/-0.0048) - [test] loss: 0.0188 (+/-0.0068)
2019-07-17 09:12:34,734 INFO - logger - Iter 18800 - time: 26    - [train] loss: 0.0247 (+/-0.0081) - [valid] loss: 0.0239 (+/-0.0174) - [test] loss: 0.0337 (+/-0.014 )
2019-07-17 09:13:00,482 INFO - logger - Iter 18900 - time: 25    - [train] loss: 0.0222 (+/-0.0048) - [valid] loss: 0.019  (+/-0.0067) - [test] loss: 0.0293 (+/-0.0098)
2019-07-17 09:13:26,536 INFO - logger - Iter 19000 - time: 26    - [train] loss: 0.0223 (+/-0.0063) - [valid] loss: 0.0237 (+/-0.0072) - [test] loss: 0.0194 (+/-0.0056)
2019-07-17 09:13:53,612 INFO - logger - Iter 19100 - time: 27    - [train] loss: 0.0298 (+/-0.0105) - [valid] loss: 0.0238 (+/-0.0075) - [test] loss: 0.0434 (+/-0.023 )
2019-07-17 09:14:20,404 INFO - logger - Iter 19200 - time: 26    - [train] loss: 0.0214 (+/-0.0052) - [valid] loss: 0.0341 (+/-0.0174) - [test] loss: 0.0243 (+/-0.0064)
2019-07-17 09:14:47,171 INFO - logger - Iter 19300 - time: 26    - [train] loss: 0.0465 (+/-0.0313) - [valid] loss: 0.0274 (+/-0.011 ) - [test] loss: 0.022  (+/-0.0041)
2019-07-17 09:15:13,176 INFO - logger - Iter 19400 - time: 26    - [train] loss: 0.0315 (+/-0.01  ) - [valid] loss: 0.0164 (+/-0.0055) - [test] loss: 0.0284 (+/-0.0085)
2019-07-17 09:15:39,848 INFO - logger - Iter 19500 - time: 26    - [train] loss: 0.0247 (+/-0.0118) - [valid] loss: 0.0353 (+/-0.0119) - [test] loss: 0.0258 (+/-0.0072)
2019-07-17 09:16:06,925 INFO - logger - Iter 19600 - time: 27    - [train] loss: 0.0236 (+/-0.0056) - [valid] loss: 0.0383 (+/-0.0244) - [test] loss: 0.0264 (+/-0.0066)
2019-07-17 09:16:33,548 INFO - logger - Iter 19700 - time: 26    - [train] loss: 0.0243 (+/-0.0058) - [valid] loss: 0.0378 (+/-0.0163) - [test] loss: 0.0228 (+/-0.0056)
2019-07-17 09:16:59,934 INFO - logger - Iter 19800 - time: 26    - [train] loss: 0.0267 (+/-0.0066) - [valid] loss: 0.0251 (+/-0.0061) - [test] loss: 0.0345 (+/-0.0132)
2019-07-17 09:17:25,404 INFO - logger - Iter 19900 - time: 25    - [train] loss: 0.0369 (+/-0.0156) - [valid] loss: 0.0366 (+/-0.0171) - [test] loss: 0.0281 (+/-0.0107)
2019-07-17 09:17:51,887 INFO - logger - Iter 20000 - time: 26    - [train] loss: 0.0252 (+/-0.0107) - [valid] loss: 0.0283 (+/-0.0091) - [test] loss: 0.0271 (+/-0.0105)
2019-07-17 09:18:18,676 INFO - logger - Iter 20100 - time: 26    - [train] loss: 0.0233 (+/-0.008 ) - [valid] loss: 0.0247 (+/-0.0125) - [test] loss: 0.0278 (+/-0.0068)
2019-07-17 09:18:46,202 INFO - logger - Iter 20200 - time: 27    - [train] loss: 0.0271 (+/-0.0056) - [valid] loss: 0.0264 (+/-0.0059) - [test] loss: 0.0322 (+/-0.0137)
2019-07-17 09:19:12,264 INFO - logger - Iter 20300 - time: 26    - [train] loss: 0.0234 (+/-0.0064) - [valid] loss: 0.0329 (+/-0.0132) - [test] loss: 0.0201 (+/-0.0066)
2019-07-17 09:19:39,146 INFO - logger - Iter 20400 - time: 26    - [train] loss: 0.0235 (+/-0.0085) - [valid] loss: 0.025  (+/-0.0098) - [test] loss: 0.0202 (+/-0.0057)
2019-07-17 09:20:05,522 INFO - logger - Iter 20500 - time: 26    - [train] loss: 0.0254 (+/-0.0123) - [valid] loss: 0.0256 (+/-0.0073) - [test] loss: 0.0558 (+/-0.0454)
2019-07-17 09:20:32,683 INFO - logger - Iter 20600 - time: 27    - [train] loss: 0.0234 (+/-0.007 ) - [valid] loss: 0.0267 (+/-0.0105) - [test] loss: 0.022  (+/-0.0062)
2019-07-17 09:20:58,921 INFO - logger - Iter 20700 - time: 26    - [train] loss: 0.025  (+/-0.0087) - [valid] loss: 0.0207 (+/-0.0064) - [test] loss: 0.0224 (+/-0.0069)
2019-07-17 09:21:25,128 INFO - logger - Iter 20800 - time: 26    - [train] loss: 0.0351 (+/-0.01  ) - [valid] loss: 0.0308 (+/-0.009 ) - [test] loss: 0.0267 (+/-0.0064)
2019-07-17 09:21:51,094 INFO - logger - Iter 20900 - time: 25    - [train] loss: 0.0241 (+/-0.0065) - [valid] loss: 0.0212 (+/-0.0049) - [test] loss: 0.0283 (+/-0.0132)
2019-07-17 09:22:17,816 INFO - logger - Iter 21000 - time: 26    - [train] loss: 0.03   (+/-0.0092) - [valid] loss: 0.0265 (+/-0.0087) - [test] loss: 0.0266 (+/-0.0091)
2019-07-17 09:22:44,067 INFO - logger - Iter 21100 - time: 26    - [train] loss: 0.0252 (+/-0.0089) - [valid] loss: 0.0301 (+/-0.0081) - [test] loss: 0.0287 (+/-0.0086)
2019-07-17 09:23:10,093 INFO - logger - Iter 21200 - time: 26    - [train] loss: 0.0186 (+/-0.0049) - [valid] loss: 0.0507 (+/-0.0425) - [test] loss: 0.0266 (+/-0.0141)
2019-07-17 09:23:36,140 INFO - logger - Iter 21300 - time: 26    - [train] loss: 0.0194 (+/-0.0049) - [valid] loss: 0.0194 (+/-0.0048) - [test] loss: 0.0225 (+/-0.0066)
2019-07-17 09:24:03,379 INFO - logger - Iter 21400 - time: 27    - [train] loss: 0.0264 (+/-0.0076) - [valid] loss: 0.0224 (+/-0.0054) - [test] loss: 0.0258 (+/-0.0065)
2019-07-17 09:24:30,353 INFO - logger - Iter 21500 - time: 26    - [train] loss: 0.0281 (+/-0.0093) - [valid] loss: 0.0303 (+/-0.0123) - [test] loss: 0.019  (+/-0.004 )
2019-07-17 09:24:56,896 INFO - logger - Iter 21600 - time: 26    - [train] loss: 0.0293 (+/-0.012 ) - [valid] loss: 0.0253 (+/-0.0088) - [test] loss: 0.0198 (+/-0.0063)
2019-07-17 09:25:24,534 INFO - logger - Iter 21700 - time: 27    - [train] loss: 0.0285 (+/-0.0141) - [valid] loss: 0.0291 (+/-0.0094) - [test] loss: 0.0235 (+/-0.007 )
2019-07-17 09:25:51,026 INFO - logger - Iter 21800 - time: 26    - [train] loss: 0.0311 (+/-0.0153) - [valid] loss: 0.0205 (+/-0.0061) - [test] loss: 0.0174 (+/-0.0042)
2019-07-17 09:26:17,294 INFO - logger - Iter 21900 - time: 26    - [train] loss: 0.0199 (+/-0.0062) - [valid] loss: 0.0224 (+/-0.0061) - [test] loss: 0.0293 (+/-0.0089)
2019-07-17 09:26:43,409 INFO - logger - Iter 22000 - time: 26    - [train] loss: 0.0245 (+/-0.0123) - [valid] loss: 0.0215 (+/-0.0061) - [test] loss: 0.0209 (+/-0.0059)
2019-07-17 09:27:10,234 INFO - logger - Iter 22100 - time: 26    - [train] loss: 0.0189 (+/-0.0044) - [valid] loss: 0.0285 (+/-0.0117) - [test] loss: 0.0293 (+/-0.0174)
2019-07-17 09:27:37,191 INFO - logger - Iter 22200 - time: 26    - [train] loss: 0.0226 (+/-0.007 ) - [valid] loss: 0.0249 (+/-0.0068) - [test] loss: 0.0241 (+/-0.0067)
2019-07-17 09:28:04,388 INFO - logger - Iter 22300 - time: 27    - [train] loss: 0.0248 (+/-0.0112) - [valid] loss: 0.0268 (+/-0.0134) - [test] loss: 0.0341 (+/-0.0178)
2019-07-17 09:28:31,415 INFO - logger - Iter 22400 - time: 27    - [train] loss: 0.0224 (+/-0.0077) - [valid] loss: 0.0411 (+/-0.0293) - [test] loss: 0.0436 (+/-0.0252)
2019-07-17 09:28:57,841 INFO - logger - Iter 22500 - time: 26    - [train] loss: 0.0237 (+/-0.0102) - [valid] loss: 0.0398 (+/-0.0353) - [test] loss: 0.023  (+/-0.0063)
2019-07-17 09:29:25,086 INFO - logger - Iter 22600 - time: 27    - [train] loss: 0.0262 (+/-0.011 ) - [valid] loss: 0.0308 (+/-0.0165) - [test] loss: 0.0294 (+/-0.0105)
2019-07-17 09:29:51,475 INFO - logger - Iter 22700 - time: 26    - [train] loss: 0.0239 (+/-0.0076) - [valid] loss: 0.0326 (+/-0.0168) - [test] loss: 0.0211 (+/-0.0057)
2019-07-17 09:30:18,739 INFO - logger - Iter 22800 - time: 27    - [train] loss: 0.0216 (+/-0.0056) - [valid] loss: 0.0254 (+/-0.0094) - [test] loss: 0.0208 (+/-0.0068)
2019-07-17 09:30:45,604 INFO - logger - Iter 22900 - time: 26    - [train] loss: 0.0223 (+/-0.007 ) - [valid] loss: 0.0269 (+/-0.0067) - [test] loss: 0.0349 (+/-0.0301)
2019-07-17 09:31:12,230 INFO - logger - Iter 23000 - time: 26    - [train] loss: 0.0242 (+/-0.0064) - [valid] loss: 0.0292 (+/-0.0098) - [test] loss: 0.0261 (+/-0.0083)
2019-07-17 09:31:39,430 INFO - logger - Iter 23100 - time: 27    - [train] loss: 0.0307 (+/-0.0142) - [valid] loss: 0.0222 (+/-0.009 ) - [test] loss: 0.0229 (+/-0.0064)
2019-07-17 09:32:04,980 INFO - logger - Iter 23200 - time: 25    - [train] loss: 0.0227 (+/-0.0049) - [valid] loss: 0.0194 (+/-0.0045) - [test] loss: 0.0381 (+/-0.0154)
2019-07-17 09:32:31,827 INFO - logger - Iter 23300 - time: 26    - [train] loss: 0.0211 (+/-0.0082) - [valid] loss: 0.0202 (+/-0.0073) - [test] loss: 0.0278 (+/-0.0192)
2019-07-17 09:32:58,174 INFO - logger - Iter 23400 - time: 26    - [train] loss: 0.0262 (+/-0.0095) - [valid] loss: 0.0178 (+/-0.0038) - [test] loss: 0.0279 (+/-0.0097)
2019-07-17 09:33:24,914 INFO - logger - Iter 23500 - time: 26    - [train] loss: 0.0223 (+/-0.0064) - [valid] loss: 0.0235 (+/-0.0061) - [test] loss: 0.0276 (+/-0.0065)
2019-07-17 09:33:51,817 INFO - logger - Iter 23600 - time: 26    - [train] loss: 0.0352 (+/-0.0192) - [valid] loss: 0.0192 (+/-0.0058) - [test] loss: 0.0179 (+/-0.0071)
2019-07-17 09:34:18,117 INFO - logger - Iter 23700 - time: 26    - [train] loss: 0.0245 (+/-0.0075) - [valid] loss: 0.024  (+/-0.0069) - [test] loss: 0.0275 (+/-0.0082)
2019-07-17 09:34:45,206 INFO - logger - Iter 23800 - time: 27    - [train] loss: 0.0309 (+/-0.0105) - [valid] loss: 0.0368 (+/-0.0254) - [test] loss: 0.0243 (+/-0.0061)
2019-07-17 09:35:11,893 INFO - logger - Iter 23900 - time: 26    - [train] loss: 0.0231 (+/-0.0067) - [valid] loss: 0.0274 (+/-0.007 ) - [test] loss: 0.037  (+/-0.0262)
2019-07-17 09:35:38,545 INFO - logger - Iter 24000 - time: 26    - [train] loss: 0.0254 (+/-0.0086) - [valid] loss: 0.0206 (+/-0.006 ) - [test] loss: 0.0311 (+/-0.0104)
2019-07-17 09:36:04,756 INFO - logger - Iter 24100 - time: 26    - [train] loss: 0.0232 (+/-0.0118) - [valid] loss: 0.0235 (+/-0.0061) - [test] loss: 0.0213 (+/-0.0052)
2019-07-17 09:36:31,562 INFO - logger - Iter 24200 - time: 26    - [train] loss: 0.0199 (+/-0.0049) - [valid] loss: 0.0182 (+/-0.006 ) - [test] loss: 0.0318 (+/-0.0109)
2019-07-17 09:36:58,287 INFO - logger - Iter 24300 - time: 26    - [train] loss: 0.0472 (+/-0.0368) - [valid] loss: 0.0333 (+/-0.0156) - [test] loss: 0.0204 (+/-0.0046)
2019-07-17 09:37:25,429 INFO - logger - Iter 24400 - time: 27    - [train] loss: 0.0276 (+/-0.0073) - [valid] loss: 0.0247 (+/-0.0056) - [test] loss: 0.0264 (+/-0.0058)
2019-07-17 09:37:52,043 INFO - logger - Iter 24500 - time: 26    - [train] loss: 0.0288 (+/-0.0149) - [valid] loss: 0.0226 (+/-0.0076) - [test] loss: 0.023  (+/-0.0085)
2019-07-17 09:38:18,368 INFO - logger - Iter 24600 - time: 26    - [train] loss: 0.0198 (+/-0.0058) - [valid] loss: 0.0319 (+/-0.0159) - [test] loss: 0.0155 (+/-0.0041)
2019-07-17 09:38:44,977 INFO - logger - Iter 24700 - time: 26    - [train] loss: 0.0296 (+/-0.0099) - [valid] loss: 0.0244 (+/-0.0119) - [test] loss: 0.0364 (+/-0.0211)
2019-07-17 09:39:11,012 INFO - logger - Iter 24800 - time: 26    - [train] loss: 0.0254 (+/-0.0086) - [valid] loss: 0.0185 (+/-0.0077) - [test] loss: 0.0222 (+/-0.0095)
2019-07-17 09:39:38,021 INFO - logger - Iter 24900 - time: 27    - [train] loss: 0.0197 (+/-0.0061) - [valid] loss: 0.0338 (+/-0.0167) - [test] loss: 0.0296 (+/-0.0125)
2019-07-17 09:40:04,599 INFO - logger - Iter 25000 - time: 26    - [train] loss: 0.0209 (+/-0.0059) - [valid] loss: 0.0267 (+/-0.0073) - [test] loss: 0.0221 (+/-0.0068)
2019-07-17 09:40:31,479 INFO - logger - Iter 25100 - time: 26    - [train] loss: 0.0228 (+/-0.0074) - [valid] loss: 0.0207 (+/-0.0049) - [test] loss: 0.0232 (+/-0.0054)
2019-07-17 09:40:57,327 INFO - logger - Iter 25200 - time: 25    - [train] loss: 0.0273 (+/-0.0092) - [valid] loss: 0.035  (+/-0.0121) - [test] loss: 0.0212 (+/-0.0068)
2019-07-17 09:41:23,264 INFO - logger - Iter 25300 - time: 25    - [train] loss: 0.0177 (+/-0.0041) - [valid] loss: 0.0194 (+/-0.0047) - [test] loss: 0.0221 (+/-0.007 )
2019-07-17 09:41:48,322 INFO - logger - Iter 25400 - time: 25    - [train] loss: 0.0243 (+/-0.0059) - [valid] loss: 0.0245 (+/-0.0097) - [test] loss: 0.0259 (+/-0.0064)
2019-07-17 09:42:16,134 INFO - logger - Iter 25500 - time: 27    - [train] loss: 0.0281 (+/-0.0126) - [valid] loss: 0.0369 (+/-0.0201) - [test] loss: 0.024  (+/-0.0103)
2019-07-17 09:42:43,512 INFO - logger - Iter 25600 - time: 27    - [train] loss: 0.0331 (+/-0.0212) - [valid] loss: 0.0211 (+/-0.0082) - [test] loss: 0.0208 (+/-0.0069)
2019-07-17 09:43:10,360 INFO - logger - Iter 25700 - time: 26    - [train] loss: 0.0289 (+/-0.0135) - [valid] loss: 0.0207 (+/-0.0054) - [test] loss: 0.0184 (+/-0.0045)
2019-07-17 09:43:37,527 INFO - logger - Iter 25800 - time: 27    - [train] loss: 0.0272 (+/-0.0154) - [valid] loss: 0.0231 (+/-0.0076) - [test] loss: 0.0334 (+/-0.018 )
2019-07-17 09:44:03,775 INFO - logger - Iter 25900 - time: 26    - [train] loss: 0.0336 (+/-0.0126) - [valid] loss: 0.0271 (+/-0.0083) - [test] loss: 0.0239 (+/-0.0056)
2019-07-17 09:44:30,119 INFO - logger - Iter 26000 - time: 26    - [train] loss: 0.0194 (+/-0.0066) - [valid] loss: 0.0193 (+/-0.0091) - [test] loss: 0.0274 (+/-0.0154)
2019-07-17 09:44:56,022 INFO - logger - Iter 26100 - time: 25    - [train] loss: 0.0156 (+/-0.003 ) - [valid] loss: 0.0235 (+/-0.0068) - [test] loss: 0.0289 (+/-0.0146)
2019-07-17 09:45:23,236 INFO - logger - Iter 26200 - time: 27    - [train] loss: 0.0222 (+/-0.0079) - [valid] loss: 0.0207 (+/-0.0048) - [test] loss: 0.0253 (+/-0.0089)
2019-07-17 09:45:49,259 INFO - logger - Iter 26300 - time: 26    - [train] loss: 0.0457 (+/-0.0263) - [valid] loss: 0.0353 (+/-0.0156) - [test] loss: 0.0265 (+/-0.0094)
2019-07-17 09:46:16,593 INFO - logger - Iter 26400 - time: 27    - [train] loss: 0.0209 (+/-0.0061) - [valid] loss: 0.0244 (+/-0.0122) - [test] loss: 0.0165 (+/-0.004 )
2019-07-17 09:46:43,908 INFO - logger - Iter 26500 - time: 27    - [train] loss: 0.0361 (+/-0.0134) - [valid] loss: 0.0206 (+/-0.0047) - [test] loss: 0.0343 (+/-0.0155)
2019-07-17 09:47:10,715 INFO - logger - Iter 26600 - time: 26    - [train] loss: 0.061  (+/-0.0763) - [valid] loss: 0.0353 (+/-0.0209) - [test] loss: 0.0264 (+/-0.0135)
2019-07-17 09:47:37,111 INFO - logger - Iter 26700 - time: 26    - [train] loss: 0.0334 (+/-0.0126) - [valid] loss: 0.0235 (+/-0.0059) - [test] loss: 0.0299 (+/-0.0228)
2019-07-17 09:48:03,976 INFO - logger - Iter 26800 - time: 26    - [train] loss: 0.0214 (+/-0.0066) - [valid] loss: 0.0255 (+/-0.0172) - [test] loss: 0.0235 (+/-0.0079)
2019-07-17 09:48:30,672 INFO - logger - Iter 26900 - time: 26    - [train] loss: 0.0201 (+/-0.0062) - [valid] loss: 0.0331 (+/-0.0223) - [test] loss: 0.0212 (+/-0.0076)
2019-07-17 09:48:57,733 INFO - logger - Iter 27000 - time: 27    - [train] loss: 0.021  (+/-0.007 ) - [valid] loss: 0.0137 (+/-0.0026) - [test] loss: 0.0234 (+/-0.0083)
2019-07-17 09:49:25,208 INFO - logger - Iter 27100 - time: 27    - [train] loss: 0.028  (+/-0.0187) - [valid] loss: 0.0342 (+/-0.0203) - [test] loss: 0.0186 (+/-0.0045)
2019-07-17 09:49:51,825 INFO - logger - Iter 27200 - time: 26    - [train] loss: 0.0213 (+/-0.0073) - [valid] loss: 0.0284 (+/-0.0108) - [test] loss: 0.0442 (+/-0.0482)
2019-07-17 09:50:18,908 INFO - logger - Iter 27300 - time: 27    - [train] loss: 0.0295 (+/-0.01  ) - [valid] loss: 0.0237 (+/-0.0056) - [test] loss: 0.0381 (+/-0.0213)
2019-07-17 09:50:44,995 INFO - logger - Iter 27400 - time: 26    - [train] loss: 0.019  (+/-0.0049) - [valid] loss: 0.0293 (+/-0.0139) - [test] loss: 0.0181 (+/-0.0061)
2019-07-17 09:51:11,289 INFO - logger - Iter 27500 - time: 26    - [train] loss: 0.0237 (+/-0.0064) - [valid] loss: 0.0221 (+/-0.0062) - [test] loss: 0.0206 (+/-0.0051)
2019-07-17 09:51:38,659 INFO - logger - Iter 27600 - time: 27    - [train] loss: 0.0215 (+/-0.009 ) - [valid] loss: 0.0197 (+/-0.0042) - [test] loss: 0.028  (+/-0.0211)
2019-07-17 09:52:05,383 INFO - logger - Iter 27700 - time: 26    - [train] loss: 0.0263 (+/-0.014 ) - [valid] loss: 0.0236 (+/-0.0157) - [test] loss: 0.0147 (+/-0.0034)
2019-07-17 09:52:32,720 INFO - logger - Iter 27800 - time: 27    - [train] loss: 0.0277 (+/-0.0102) - [valid] loss: 0.0315 (+/-0.0108) - [test] loss: 0.033  (+/-0.0166)
2019-07-17 09:52:58,575 INFO - logger - Iter 27900 - time: 25    - [train] loss: 0.0303 (+/-0.017 ) - [valid] loss: 0.029  (+/-0.0133) - [test] loss: 0.0232 (+/-0.009 )
2019-07-17 09:53:24,578 INFO - logger - Iter 28000 - time: 26    - [train] loss: 0.0266 (+/-0.0118) - [valid] loss: 0.0354 (+/-0.015 ) - [test] loss: 0.0312 (+/-0.0166)
2019-07-17 09:53:49,425 INFO - logger - Iter 28100 - time: 24    - [train] loss: 0.0226 (+/-0.0055) - [valid] loss: 0.0241 (+/-0.0069) - [test] loss: 0.0242 (+/-0.0115)
2019-07-17 09:54:16,467 INFO - logger - Iter 28200 - time: 27    - [train] loss: 0.0192 (+/-0.0066) - [valid] loss: 0.0253 (+/-0.0107) - [test] loss: 0.0204 (+/-0.0054)
2019-07-17 09:54:44,889 INFO - logger - Iter 28300 - time: 28    - [train] loss: 0.0164 (+/-0.0041) - [valid] loss: 0.0283 (+/-0.0155) - [test] loss: 0.0273 (+/-0.0172)
2019-07-17 09:55:12,193 INFO - logger - Iter 28400 - time: 27    - [train] loss: 0.0401 (+/-0.0237) - [valid] loss: 0.028  (+/-0.0074) - [test] loss: 0.0352 (+/-0.0088)
2019-07-17 09:55:39,169 INFO - logger - Iter 28500 - time: 26    - [train] loss: 0.027  (+/-0.0135) - [valid] loss: 0.0243 (+/-0.009 ) - [test] loss: 0.0179 (+/-0.0044)
2019-07-17 09:56:05,939 INFO - logger - Iter 28600 - time: 26    - [train] loss: 0.0217 (+/-0.0067) - [valid] loss: 0.0322 (+/-0.0197) - [test] loss: 0.0241 (+/-0.0109)
2019-07-17 09:56:33,456 INFO - logger - Iter 28700 - time: 27    - [train] loss: 0.0176 (+/-0.0033) - [valid] loss: 0.0267 (+/-0.0132) - [test] loss: 0.0293 (+/-0.0122)
2019-07-17 09:57:00,194 INFO - logger - Iter 28800 - time: 26    - [train] loss: 0.0203 (+/-0.006 ) - [valid] loss: 0.0273 (+/-0.0117) - [test] loss: 0.0269 (+/-0.012 )
2019-07-17 09:57:27,450 INFO - logger - Iter 28900 - time: 27    - [train] loss: 0.0298 (+/-0.01  ) - [valid] loss: 0.0218 (+/-0.0069) - [test] loss: 0.0301 (+/-0.009 )
2019-07-17 09:57:54,994 INFO - logger - Iter 29000 - time: 27    - [train] loss: 0.0358 (+/-0.0094) - [valid] loss: 0.033  (+/-0.0087) - [test] loss: 0.0387 (+/-0.0113)
2019-07-17 09:58:22,708 INFO - logger - Iter 29100 - time: 27    - [train] loss: 0.024  (+/-0.0089) - [valid] loss: 0.0281 (+/-0.0122) - [test] loss: 0.0203 (+/-0.0077)
2019-07-17 09:58:49,555 INFO - logger - Iter 29200 - time: 26    - [train] loss: 0.0184 (+/-0.0043) - [valid] loss: 0.0244 (+/-0.0103) - [test] loss: 0.0254 (+/-0.0087)
2019-07-17 09:59:17,257 INFO - logger - Iter 29300 - time: 27    - [train] loss: 0.0171 (+/-0.0046) - [valid] loss: 0.0227 (+/-0.0069) - [test] loss: 0.0281 (+/-0.0118)
2019-07-17 09:59:44,876 INFO - logger - Iter 29400 - time: 27    - [train] loss: 0.0198 (+/-0.0069) - [valid] loss: 0.0262 (+/-0.0138) - [test] loss: 0.0189 (+/-0.0078)
2019-07-17 10:00:11,646 INFO - logger - Iter 29500 - time: 26    - [train] loss: 0.0216 (+/-0.0076) - [valid] loss: 0.0238 (+/-0.0096) - [test] loss: 0.0242 (+/-0.0114)
2019-07-17 10:00:38,349 INFO - logger - Iter 29600 - time: 26    - [train] loss: 0.0176 (+/-0.0052) - [valid] loss: 0.0314 (+/-0.02  ) - [test] loss: 0.0234 (+/-0.0091)
2019-07-17 10:01:06,030 INFO - logger - Iter 29700 - time: 27    - [train] loss: 0.0239 (+/-0.0068) - [valid] loss: 0.0216 (+/-0.0085) - [test] loss: 0.0223 (+/-0.0089)
2019-07-17 10:01:32,383 INFO - logger - Iter 29800 - time: 26    - [train] loss: 0.043  (+/-0.0293) - [valid] loss: 0.0232 (+/-0.0104) - [test] loss: 0.0242 (+/-0.0084)
2019-07-17 10:01:59,794 INFO - logger - Iter 29900 - time: 27    - [train] loss: 0.0253 (+/-0.008 ) - [valid] loss: 0.0226 (+/-0.0091) - [test] loss: 0.0235 (+/-0.0101)
2019-07-17 10:02:27,017 INFO - logger - Iter 30000 - time: 27    - [train] loss: 0.0196 (+/-0.0049) - [valid] loss: 0.025  (+/-0.0177) - [test] loss: 0.0231 (+/-0.0081)
2019-07-17 10:02:54,115 INFO - logger - Iter 30100 - time: 27    - [train] loss: 0.0223 (+/-0.0092) - [valid] loss: 0.0188 (+/-0.004 ) - [test] loss: 0.0349 (+/-0.0195)
2019-07-17 10:03:21,602 INFO - logger - Iter 30200 - time: 27    - [train] loss: 0.0178 (+/-0.0074) - [valid] loss: 0.0197 (+/-0.0086) - [test] loss: 0.0216 (+/-0.0084)
2019-07-17 10:03:48,103 INFO - logger - Iter 30300 - time: 26    - [train] loss: 0.02   (+/-0.0053) - [valid] loss: 0.0229 (+/-0.0068) - [test] loss: 0.0312 (+/-0.0181)
2019-07-17 10:04:14,920 INFO - logger - Iter 30400 - time: 26    - [train] loss: 0.0205 (+/-0.0068) - [valid] loss: 0.0176 (+/-0.0045) - [test] loss: 0.0322 (+/-0.021 )
2019-07-17 10:04:42,964 INFO - logger - Iter 30500 - time: 28    - [train] loss: 0.0269 (+/-0.012 ) - [valid] loss: 0.0284 (+/-0.0084) - [test] loss: 0.0207 (+/-0.0066)
2019-07-17 10:05:10,206 INFO - logger - Iter 30600 - time: 27    - [train] loss: 0.0202 (+/-0.0102) - [valid] loss: 0.0295 (+/-0.0203) - [test] loss: 0.0221 (+/-0.0113)
2019-07-17 10:05:36,753 INFO - logger - Iter 30700 - time: 26    - [train] loss: 0.0182 (+/-0.0073) - [valid] loss: 0.0186 (+/-0.0054) - [test] loss: 0.0242 (+/-0.0066)
2019-07-17 10:06:03,789 INFO - logger - Iter 30800 - time: 27    - [train] loss: 0.0253 (+/-0.0072) - [valid] loss: 0.0226 (+/-0.0096) - [test] loss: 0.0207 (+/-0.0049)
2019-07-17 10:06:30,704 INFO - logger - Iter 30900 - time: 26    - [train] loss: 0.0232 (+/-0.0098) - [valid] loss: 0.0272 (+/-0.0082) - [test] loss: 0.0251 (+/-0.017 )
2019-07-17 10:06:58,242 INFO - logger - Iter 31000 - time: 27    - [train] loss: 0.0225 (+/-0.0064) - [valid] loss: 0.0363 (+/-0.0216) - [test] loss: 0.0263 (+/-0.0076)
2019-07-17 10:07:25,513 INFO - logger - Iter 31100 - time: 27    - [train] loss: 0.0192 (+/-0.0045) - [valid] loss: 0.0184 (+/-0.0047) - [test] loss: 0.0212 (+/-0.0061)
2019-07-17 10:07:51,612 INFO - logger - Iter 31200 - time: 26    - [train] loss: 0.0307 (+/-0.0145) - [valid] loss: 0.0369 (+/-0.0176) - [test] loss: 0.0226 (+/-0.0047)
2019-07-17 10:08:19,036 INFO - logger - Iter 31300 - time: 27    - [train] loss: 0.0357 (+/-0.0217) - [valid] loss: 0.0244 (+/-0.0083) - [test] loss: 0.0312 (+/-0.0112)
2019-07-17 10:08:46,078 INFO - logger - Iter 31400 - time: 27    - [train] loss: 0.0345 (+/-0.0154) - [valid] loss: 0.0335 (+/-0.019 ) - [test] loss: 0.0182 (+/-0.0058)
2019-07-17 10:09:13,005 INFO - logger - Iter 31500 - time: 26    - [train] loss: 0.0247 (+/-0.0091) - [valid] loss: 0.0247 (+/-0.0134) - [test] loss: 0.0234 (+/-0.0122)
2019-07-17 10:09:39,690 INFO - logger - Iter 31600 - time: 26    - [train] loss: 0.0211 (+/-0.0087) - [valid] loss: 0.0263 (+/-0.008 ) - [test] loss: 0.0149 (+/-0.0034)
2019-07-17 10:10:05,344 INFO - logger - Iter 31700 - time: 25    - [train] loss: 0.0203 (+/-0.0073) - [valid] loss: 0.0209 (+/-0.0061) - [test] loss: 0.0204 (+/-0.0058)
2019-07-17 10:10:32,637 INFO - logger - Iter 31800 - time: 27    - [train] loss: 0.0315 (+/-0.0181) - [valid] loss: 0.0239 (+/-0.0083) - [test] loss: 0.0202 (+/-0.0083)
2019-07-17 10:11:00,238 INFO - logger - Iter 31900 - time: 27    - [train] loss: 0.0216 (+/-0.0081) - [valid] loss: 0.0233 (+/-0.0073) - [test] loss: 0.0239 (+/-0.0095)
2019-07-17 10:11:26,881 INFO - logger - Iter 32000 - time: 26    - [train] loss: 0.0187 (+/-0.0045) - [valid] loss: 0.0161 (+/-0.0038) - [test] loss: 0.0217 (+/-0.0079)
2019-07-17 10:11:53,342 INFO - logger - Iter 32100 - time: 26    - [train] loss: 0.0429 (+/-0.0347) - [valid] loss: 0.0272 (+/-0.0122) - [test] loss: 0.0161 (+/-0.0037)
2019-07-17 10:12:19,504 INFO - logger - Iter 32200 - time: 26    - [train] loss: 0.0196 (+/-0.0061) - [valid] loss: 0.0212 (+/-0.0062) - [test] loss: 0.0249 (+/-0.0076)
2019-07-17 10:12:46,540 INFO - logger - Iter 32300 - time: 27    - [train] loss: 0.0413 (+/-0.0364) - [valid] loss: 0.0339 (+/-0.035 ) - [test] loss: 0.017  (+/-0.0043)
2019-07-17 10:13:13,656 INFO - logger - Iter 32400 - time: 27    - [train] loss: 0.0165 (+/-0.004 ) - [valid] loss: 0.0207 (+/-0.0106) - [test] loss: 0.0285 (+/-0.0092)
2019-07-17 10:13:40,686 INFO - logger - Iter 32500 - time: 27    - [train] loss: 0.0296 (+/-0.0094) - [valid] loss: 0.0241 (+/-0.009 ) - [test] loss: 0.0228 (+/-0.0054)
2019-07-17 10:14:07,233 INFO - logger - Iter 32600 - time: 26    - [train] loss: 0.0237 (+/-0.0074) - [valid] loss: 0.0234 (+/-0.0069) - [test] loss: 0.025  (+/-0.0083)
2019-07-17 10:14:34,252 INFO - logger - Iter 32700 - time: 27    - [train] loss: 0.0318 (+/-0.0189) - [valid] loss: 0.0205 (+/-0.0055) - [test] loss: 0.0221 (+/-0.0094)
2019-07-17 10:15:01,742 INFO - logger - Iter 32800 - time: 27    - [train] loss: 0.0249 (+/-0.0044) - [valid] loss: 0.0267 (+/-0.0056) - [test] loss: 0.0291 (+/-0.007 )
2019-07-17 10:15:29,417 INFO - logger - Iter 32900 - time: 27    - [train] loss: 0.0247 (+/-0.0128) - [valid] loss: 0.0183 (+/-0.0047) - [test] loss: 0.0332 (+/-0.0184)
2019-07-17 10:15:56,715 INFO - logger - Iter 33000 - time: 27    - [train] loss: 0.0229 (+/-0.0091) - [valid] loss: 0.0253 (+/-0.0064) - [test] loss: 0.0191 (+/-0.0047)
2019-07-17 10:16:23,970 INFO - logger - Iter 33100 - time: 27    - [train] loss: 0.0299 (+/-0.0107) - [valid] loss: 0.0235 (+/-0.0086) - [test] loss: 0.0219 (+/-0.0085)
2019-07-17 10:16:50,975 INFO - logger - Iter 33200 - time: 27    - [train] loss: 0.0294 (+/-0.0187) - [valid] loss: 0.0228 (+/-0.008 ) - [test] loss: 0.0353 (+/-0.0136)
2019-07-17 10:17:17,711 INFO - logger - Iter 33300 - time: 26    - [train] loss: 0.0248 (+/-0.0122) - [valid] loss: 0.0218 (+/-0.0056) - [test] loss: 0.0258 (+/-0.0079)
2019-07-17 10:17:45,014 INFO - logger - Iter 33400 - time: 27    - [train] loss: 0.0194 (+/-0.0078) - [valid] loss: 0.0358 (+/-0.0253) - [test] loss: 0.0215 (+/-0.0068)
2019-07-17 10:18:12,073 INFO - logger - Iter 33500 - time: 27    - [train] loss: 0.0185 (+/-0.0053) - [valid] loss: 0.0297 (+/-0.0201) - [test] loss: 0.0206 (+/-0.0052)
2019-07-17 10:18:38,938 INFO - logger - Iter 33600 - time: 26    - [train] loss: 0.021  (+/-0.0093) - [valid] loss: 0.0387 (+/-0.0364) - [test] loss: 0.0166 (+/-0.0038)
2019-07-17 10:19:05,978 INFO - logger - Iter 33700 - time: 27    - [train] loss: 0.0308 (+/-0.013 ) - [valid] loss: 0.0188 (+/-0.0065) - [test] loss: 0.0196 (+/-0.006 )
2019-07-17 10:19:32,664 INFO - logger - Iter 33800 - time: 26    - [train] loss: 0.0194 (+/-0.0059) - [valid] loss: 0.0222 (+/-0.0056) - [test] loss: 0.0278 (+/-0.0085)
2019-07-17 10:20:00,035 INFO - logger - Iter 33900 - time: 27    - [train] loss: 0.0275 (+/-0.0089) - [valid] loss: 0.0186 (+/-0.0048) - [test] loss: 0.0255 (+/-0.0061)
2019-07-17 10:20:26,499 INFO - logger - Iter 34000 - time: 26    - [train] loss: 0.022  (+/-0.0093) - [valid] loss: 0.0234 (+/-0.006 ) - [test] loss: 0.0167 (+/-0.004 )
2019-07-17 10:20:53,879 INFO - logger - Iter 34100 - time: 27    - [train] loss: 0.0219 (+/-0.0057) - [valid] loss: 0.0206 (+/-0.0061) - [test] loss: 0.0193 (+/-0.0075)
2019-07-17 10:21:19,984 INFO - logger - Iter 34200 - time: 26    - [train] loss: 0.0317 (+/-0.0282) - [valid] loss: 0.0191 (+/-0.0052) - [test] loss: 0.0244 (+/-0.017 )
2019-07-17 10:21:46,659 INFO - logger - Iter 34300 - time: 26    - [train] loss: 0.0226 (+/-0.0064) - [valid] loss: 0.0227 (+/-0.0066) - [test] loss: 0.0155 (+/-0.0032)
2019-07-17 10:22:13,765 INFO - logger - Iter 34400 - time: 27    - [train] loss: 0.029  (+/-0.0157) - [valid] loss: 0.0256 (+/-0.0087) - [test] loss: 0.0278 (+/-0.0108)
2019-07-17 10:22:40,672 INFO - logger - Iter 34500 - time: 26    - [train] loss: 0.021  (+/-0.0066) - [valid] loss: 0.021  (+/-0.0073) - [test] loss: 0.0272 (+/-0.0102)
2019-07-17 10:23:08,028 INFO - logger - Iter 34600 - time: 27    - [train] loss: 0.0215 (+/-0.0043) - [valid] loss: 0.0242 (+/-0.0067) - [test] loss: 0.0283 (+/-0.0099)
2019-07-17 10:23:35,313 INFO - logger - Iter 34700 - time: 27    - [train] loss: 0.0186 (+/-0.0087) - [valid] loss: 0.0207 (+/-0.0063) - [test] loss: 0.0419 (+/-0.0305)
2019-07-17 10:24:02,081 INFO - logger - Iter 34800 - time: 26    - [train] loss: 0.0242 (+/-0.0077) - [valid] loss: 0.0195 (+/-0.0053) - [test] loss: 0.0279 (+/-0.0136)
2019-07-17 10:24:29,041 INFO - logger - Iter 34900 - time: 26    - [train] loss: 0.0224 (+/-0.0086) - [valid] loss: 0.018  (+/-0.006 ) - [test] loss: 0.0222 (+/-0.0072)
2019-07-17 10:24:56,146 INFO - logger - Iter 35000 - time: 27    - [train] loss: 0.0441 (+/-0.0254) - [valid] loss: 0.0254 (+/-0.0105) - [test] loss: 0.0308 (+/-0.0182)
2019-07-17 10:25:23,401 INFO - logger - Iter 35100 - time: 27    - [train] loss: 0.0204 (+/-0.0061) - [valid] loss: 0.0195 (+/-0.0053) - [test] loss: 0.0376 (+/-0.0255)
2019-07-17 10:25:50,421 INFO - logger - Iter 35200 - time: 27    - [train] loss: 0.0176 (+/-0.0073) - [valid] loss: 0.034  (+/-0.0167) - [test] loss: 0.0211 (+/-0.0071)
2019-07-17 10:26:17,396 INFO - logger - Iter 35300 - time: 26    - [train] loss: 0.0194 (+/-0.0097) - [valid] loss: 0.0164 (+/-0.0065) - [test] loss: 0.0219 (+/-0.0128)
2019-07-17 10:26:45,330 INFO - logger - Iter 35400 - time: 27    - [train] loss: 0.0383 (+/-0.0163) - [valid] loss: 0.0253 (+/-0.0088) - [test] loss: 0.0189 (+/-0.0052)
2019-07-17 10:27:11,466 INFO - logger - Iter 35500 - time: 26    - [train] loss: 0.0195 (+/-0.0049) - [valid] loss: 0.0169 (+/-0.004 ) - [test] loss: 0.0371 (+/-0.0247)
2019-07-17 10:27:38,829 INFO - logger - Iter 35600 - time: 27    - [train] loss: 0.0422 (+/-0.021 ) - [valid] loss: 0.0233 (+/-0.0074) - [test] loss: 0.0189 (+/-0.0061)
2019-07-17 10:28:06,336 INFO - logger - Iter 35700 - time: 27    - [train] loss: 0.025  (+/-0.0049) - [valid] loss: 0.0242 (+/-0.007 ) - [test] loss: 0.0324 (+/-0.0109)
2019-07-17 10:28:31,966 INFO - logger - Iter 35800 - time: 25    - [train] loss: 0.0168 (+/-0.0045) - [valid] loss: 0.0202 (+/-0.0065) - [test] loss: 0.0194 (+/-0.006 )
2019-07-17 10:28:59,755 INFO - logger - Iter 35900 - time: 27    - [train] loss: 0.0269 (+/-0.008 ) - [valid] loss: 0.0244 (+/-0.0075) - [test] loss: 0.0159 (+/-0.0058)
2019-07-17 10:29:26,665 INFO - logger - Iter 36000 - time: 26    - [train] loss: 0.0308 (+/-0.016 ) - [valid] loss: 0.0149 (+/-0.0036) - [test] loss: 0.0254 (+/-0.0072)
2019-07-17 10:29:54,397 INFO - logger - Iter 36100 - time: 27    - [train] loss: 0.0165 (+/-0.0048) - [valid] loss: 0.018  (+/-0.0048) - [test] loss: 0.0203 (+/-0.0057)
2019-07-17 10:30:21,328 INFO - logger - Iter 36200 - time: 26    - [train] loss: 0.0218 (+/-0.0054) - [valid] loss: 0.019  (+/-0.0054) - [test] loss: 0.0244 (+/-0.0103)
2019-07-17 10:30:47,625 INFO - logger - Iter 36300 - time: 26    - [train] loss: 0.0293 (+/-0.014 ) - [valid] loss: 0.022  (+/-0.0141) - [test] loss: 0.0288 (+/-0.0117)
2019-07-17 10:31:14,060 INFO - logger - Iter 36400 - time: 26    - [train] loss: 0.0238 (+/-0.0106) - [valid] loss: 0.0212 (+/-0.0089) - [test] loss: 0.0214 (+/-0.0069)
2019-07-17 10:31:40,944 INFO - logger - Iter 36500 - time: 26    - [train] loss: 0.031  (+/-0.0089) - [valid] loss: 0.0203 (+/-0.0051) - [test] loss: 0.0198 (+/-0.0048)
2019-07-17 10:32:08,232 INFO - logger - Iter 36600 - time: 27    - [train] loss: 0.0178 (+/-0.0045) - [valid] loss: 0.0202 (+/-0.0103) - [test] loss: 0.0219 (+/-0.0072)
2019-07-17 10:32:34,551 INFO - logger - Iter 36700 - time: 26    - [train] loss: 0.0159 (+/-0.0047) - [valid] loss: 0.0213 (+/-0.0063) - [test] loss: 0.012  (+/-0.0025)
2019-07-17 10:33:02,127 INFO - logger - Iter 36800 - time: 27    - [train] loss: 0.0223 (+/-0.011 ) - [valid] loss: 0.0263 (+/-0.0092) - [test] loss: 0.0187 (+/-0.0056)
2019-07-17 10:33:27,941 INFO - logger - Iter 36900 - time: 25    - [train] loss: 0.0182 (+/-0.0058) - [valid] loss: 0.0296 (+/-0.0154) - [test] loss: 0.0212 (+/-0.0094)
2019-07-17 10:33:54,885 INFO - logger - Iter 37000 - time: 26    - [train] loss: 0.0202 (+/-0.0061) - [valid] loss: 0.0441 (+/-0.0444) - [test] loss: 0.0226 (+/-0.0077)
2019-07-17 10:34:22,147 INFO - logger - Iter 37100 - time: 27    - [train] loss: 0.0219 (+/-0.0065) - [valid] loss: 0.0202 (+/-0.0068) - [test] loss: 0.0296 (+/-0.0147)
2019-07-17 10:34:48,761 INFO - logger - Iter 37200 - time: 26    - [train] loss: 0.0202 (+/-0.0062) - [valid] loss: 0.0217 (+/-0.0097) - [test] loss: 0.0381 (+/-0.0314)
2019-07-17 10:35:15,889 INFO - logger - Iter 37300 - time: 27    - [train] loss: 0.0178 (+/-0.0055) - [valid] loss: 0.0179 (+/-0.0065) - [test] loss: 0.0219 (+/-0.0088)
2019-07-17 10:35:42,390 INFO - logger - Iter 37400 - time: 26    - [train] loss: 0.0245 (+/-0.0083) - [valid] loss: 0.028  (+/-0.0106) - [test] loss: 0.023  (+/-0.0075)
2019-07-17 10:36:08,941 INFO - logger - Iter 37500 - time: 26    - [train] loss: 0.0206 (+/-0.0071) - [valid] loss: 0.0209 (+/-0.0055) - [test] loss: 0.0144 (+/-0.003 )
2019-07-17 10:36:35,666 INFO - logger - Iter 37600 - time: 26    - [train] loss: 0.0266 (+/-0.0073) - [valid] loss: 0.024  (+/-0.0102) - [test] loss: 0.0188 (+/-0.0058)
2019-07-17 10:37:03,122 INFO - logger - Iter 37700 - time: 27    - [train] loss: 0.0166 (+/-0.0041) - [valid] loss: 0.0302 (+/-0.0136) - [test] loss: 0.0209 (+/-0.0072)
2019-07-17 10:37:30,448 INFO - logger - Iter 37800 - time: 27    - [train] loss: 0.0239 (+/-0.008 ) - [valid] loss: 0.0316 (+/-0.0159) - [test] loss: 0.022  (+/-0.0091)
2019-07-17 10:37:56,272 INFO - logger - Iter 37900 - time: 25    - [train] loss: 0.0265 (+/-0.0095) - [valid] loss: 0.0213 (+/-0.0083) - [test] loss: 0.0168 (+/-0.0055)
2019-07-17 10:38:22,777 INFO - logger - Iter 38000 - time: 26    - [train] loss: 0.0286 (+/-0.0246) - [valid] loss: 0.0257 (+/-0.016 ) - [test] loss: 0.021  (+/-0.0055)
2019-07-17 10:38:50,453 INFO - logger - Iter 38100 - time: 27    - [train] loss: 0.0269 (+/-0.0112) - [valid] loss: 0.0173 (+/-0.0058) - [test] loss: 0.0152 (+/-0.0042)
2019-07-17 10:39:16,406 INFO - logger - Iter 38200 - time: 25    - [train] loss: 0.0262 (+/-0.0131) - [valid] loss: 0.0285 (+/-0.011 ) - [test] loss: 0.017  (+/-0.0043)
2019-07-17 10:39:43,725 INFO - logger - Iter 38300 - time: 27    - [train] loss: 0.0259 (+/-0.0112) - [valid] loss: 0.0218 (+/-0.006 ) - [test] loss: 0.0202 (+/-0.0094)
2019-07-17 10:40:09,760 INFO - logger - Iter 38400 - time: 26    - [train] loss: 0.0241 (+/-0.0113) - [valid] loss: 0.015  (+/-0.0043) - [test] loss: 0.0313 (+/-0.0147)
2019-07-17 10:40:37,158 INFO - logger - Iter 38500 - time: 27    - [train] loss: 0.0287 (+/-0.0161) - [valid] loss: 0.0284 (+/-0.0089) - [test] loss: 0.0227 (+/-0.0094)
2019-07-17 10:41:04,055 INFO - logger - Iter 38600 - time: 26    - [train] loss: 0.0308 (+/-0.0139) - [valid] loss: 0.0251 (+/-0.0085) - [test] loss: 0.0196 (+/-0.0073)
2019-07-17 10:41:31,343 INFO - logger - Iter 38700 - time: 27    - [train] loss: 0.0208 (+/-0.0076) - [valid] loss: 0.0183 (+/-0.0049) - [test] loss: 0.0254 (+/-0.0094)
2019-07-17 10:41:58,228 INFO - logger - Iter 38800 - time: 26    - [train] loss: 0.024  (+/-0.0054) - [valid] loss: 0.0218 (+/-0.0049) - [test] loss: 0.0328 (+/-0.0125)
2019-07-17 10:42:24,544 INFO - logger - Iter 38900 - time: 26    - [train] loss: 0.0236 (+/-0.0082) - [valid] loss: 0.0323 (+/-0.0237) - [test] loss: 0.0238 (+/-0.0084)
2019-07-17 10:42:51,718 INFO - logger - Iter 39000 - time: 27    - [train] loss: 0.0214 (+/-0.0063) - [valid] loss: 0.0189 (+/-0.0055) - [test] loss: 0.0252 (+/-0.0104)
2019-07-17 10:43:18,619 INFO - logger - Iter 39100 - time: 26    - [train] loss: 0.0241 (+/-0.0119) - [valid] loss: 0.0238 (+/-0.0087) - [test] loss: 0.0219 (+/-0.0081)
2019-07-17 10:43:45,787 INFO - logger - Iter 39200 - time: 27    - [train] loss: 0.0204 (+/-0.0065) - [valid] loss: 0.0233 (+/-0.0092) - [test] loss: 0.0283 (+/-0.0115)
2019-07-17 10:44:13,015 INFO - logger - Iter 39300 - time: 27    - [train] loss: 0.0171 (+/-0.0051) - [valid] loss: 0.0216 (+/-0.0067) - [test] loss: 0.0247 (+/-0.0174)
2019-07-17 10:44:39,528 INFO - logger - Iter 39400 - time: 26    - [train] loss: 0.0211 (+/-0.0052) - [valid] loss: 0.0202 (+/-0.0069) - [test] loss: 0.0282 (+/-0.0107)
2019-07-17 10:45:07,352 INFO - logger - Iter 39500 - time: 27    - [train] loss: 0.0324 (+/-0.0114) - [valid] loss: 0.0285 (+/-0.0108) - [test] loss: 0.0214 (+/-0.0057)
2019-07-17 10:45:34,059 INFO - logger - Iter 39600 - time: 26    - [train] loss: 0.0231 (+/-0.0053) - [valid] loss: 0.0228 (+/-0.0072) - [test] loss: 0.0277 (+/-0.0112)
2019-07-17 10:46:01,133 INFO - logger - Iter 39700 - time: 27    - [train] loss: 0.0265 (+/-0.0105) - [valid] loss: 0.0151 (+/-0.0031) - [test] loss: 0.0183 (+/-0.0041)
2019-07-17 10:46:28,381 INFO - logger - Iter 39800 - time: 27    - [train] loss: 0.017  (+/-0.0038) - [valid] loss: 0.0193 (+/-0.0042) - [test] loss: 0.032  (+/-0.0139)
2019-07-17 10:46:54,802 INFO - logger - Iter 39900 - time: 26    - [train] loss: 0.0252 (+/-0.0097) - [valid] loss: 0.0199 (+/-0.0075) - [test] loss: 0.033  (+/-0.0183)
2019-07-17 10:47:21,724 INFO - logger - Iter 40000 - time: 26    - [train] loss: 0.0245 (+/-0.0076) - [valid] loss: 0.0202 (+/-0.0053) - [test] loss: 0.0243 (+/-0.0059)
2019-07-17 10:47:47,172 INFO - logger - Iter 40100 - time: 25    - [train] loss: 0.0238 (+/-0.009 ) - [valid] loss: 0.0251 (+/-0.0075) - [test] loss: 0.0344 (+/-0.0197)
2019-07-17 10:48:14,389 INFO - logger - Iter 40200 - time: 27    - [train] loss: 0.0179 (+/-0.0053) - [valid] loss: 0.0187 (+/-0.004 ) - [test] loss: 0.0242 (+/-0.0063)
2019-07-17 10:48:41,438 INFO - logger - Iter 40300 - time: 27    - [train] loss: 0.0289 (+/-0.0089) - [valid] loss: 0.0333 (+/-0.0176) - [test] loss: 0.0299 (+/-0.0174)
2019-07-17 10:49:07,616 INFO - logger - Iter 40400 - time: 26    - [train] loss: 0.0252 (+/-0.0081) - [valid] loss: 0.0283 (+/-0.0117) - [test] loss: 0.0239 (+/-0.0112)
2019-07-17 10:49:35,222 INFO - logger - Iter 40500 - time: 27    - [train] loss: 0.0185 (+/-0.0106) - [valid] loss: 0.0499 (+/-0.0327) - [test] loss: 0.0169 (+/-0.0039)
2019-07-17 10:50:01,189 INFO - logger - Iter 40600 - time: 25    - [train] loss: 0.0186 (+/-0.0047) - [valid] loss: 0.0278 (+/-0.0198) - [test] loss: 0.0345 (+/-0.0183)
2019-07-17 10:50:28,203 INFO - logger - Iter 40700 - time: 27    - [train] loss: 0.0208 (+/-0.0061) - [valid] loss: 0.0432 (+/-0.0392) - [test] loss: 0.0233 (+/-0.0155)
2019-07-17 10:50:55,207 INFO - logger - Iter 40800 - time: 27    - [train] loss: 0.0338 (+/-0.0204) - [valid] loss: 0.0181 (+/-0.0059) - [test] loss: 0.0146 (+/-0.0031)
2019-07-17 10:51:21,906 INFO - logger - Iter 40900 - time: 26    - [train] loss: 0.0211 (+/-0.0057) - [valid] loss: 0.018  (+/-0.0051) - [test] loss: 0.0154 (+/-0.0045)
2019-07-17 10:51:48,067 INFO - logger - Iter 41000 - time: 26    - [train] loss: 0.0251 (+/-0.0104) - [valid] loss: 0.0225 (+/-0.0074) - [test] loss: 0.0221 (+/-0.0088)
2019-07-17 10:52:14,702 INFO - logger - Iter 41100 - time: 26    - [train] loss: 0.0225 (+/-0.0086) - [valid] loss: 0.0186 (+/-0.0051) - [test] loss: 0.0158 (+/-0.0032)
2019-07-17 10:52:42,191 INFO - logger - Iter 41200 - time: 27    - [train] loss: 0.0251 (+/-0.0154) - [valid] loss: 0.0251 (+/-0.0125) - [test] loss: 0.0172 (+/-0.005 )
2019-07-17 10:53:07,775 INFO - logger - Iter 41300 - time: 25    - [train] loss: 0.0279 (+/-0.0162) - [valid] loss: 0.0392 (+/-0.0218) - [test] loss: 0.0247 (+/-0.0125)
2019-07-17 10:53:35,265 INFO - logger - Iter 41400 - time: 27    - [train] loss: 0.0222 (+/-0.0088) - [valid] loss: 0.0278 (+/-0.0214) - [test] loss: 0.0196 (+/-0.0059)
2019-07-17 10:54:02,100 INFO - logger - Iter 41500 - time: 26    - [train] loss: 0.029  (+/-0.0108) - [valid] loss: 0.0209 (+/-0.0097) - [test] loss: 0.0187 (+/-0.0075)
2019-07-17 10:54:28,948 INFO - logger - Iter 41600 - time: 26    - [train] loss: 0.0141 (+/-0.0028) - [valid] loss: 0.0197 (+/-0.0068) - [test] loss: 0.0236 (+/-0.0087)
2019-07-17 10:54:56,073 INFO - logger - Iter 41700 - time: 27    - [train] loss: 0.0156 (+/-0.0046) - [valid] loss: 0.0165 (+/-0.0035) - [test] loss: 0.0211 (+/-0.0062)
2019-07-17 10:55:22,876 INFO - logger - Iter 41800 - time: 26    - [train] loss: 0.0167 (+/-0.0045) - [valid] loss: 0.0253 (+/-0.0137) - [test] loss: 0.0145 (+/-0.0047)
2019-07-17 10:55:49,654 INFO - logger - Iter 41900 - time: 26    - [train] loss: 0.0233 (+/-0.0079) - [valid] loss: 0.0212 (+/-0.0104) - [test] loss: 0.0221 (+/-0.0067)
2019-07-17 10:56:16,480 INFO - logger - Iter 42000 - time: 26    - [train] loss: 0.0186 (+/-0.0041) - [valid] loss: 0.0208 (+/-0.0064) - [test] loss: 0.0238 (+/-0.0057)
2019-07-17 10:56:42,715 INFO - logger - Iter 42100 - time: 26    - [train] loss: 0.0314 (+/-0.0081) - [valid] loss: 0.0286 (+/-0.0096) - [test] loss: 0.0246 (+/-0.0057)
2019-07-17 10:57:10,141 INFO - logger - Iter 42200 - time: 27    - [train] loss: 0.041  (+/-0.0385) - [valid] loss: 0.0325 (+/-0.0261) - [test] loss: 0.0368 (+/-0.0151)
2019-07-17 10:57:37,296 INFO - logger - Iter 42300 - time: 27    - [train] loss: 0.0213 (+/-0.0052) - [valid] loss: 0.0209 (+/-0.0054) - [test] loss: 0.0183 (+/-0.0048)
2019-07-17 10:58:03,530 INFO - logger - Iter 42400 - time: 26    - [train] loss: 0.0248 (+/-0.0109) - [valid] loss: 0.0242 (+/-0.0149) - [test] loss: 0.0293 (+/-0.0137)
2019-07-17 10:58:30,421 INFO - logger - Iter 42500 - time: 26    - [train] loss: 0.0325 (+/-0.0172) - [valid] loss: 0.0201 (+/-0.0055) - [test] loss: 0.0246 (+/-0.0107)
2019-07-17 10:58:57,196 INFO - logger - Iter 42600 - time: 26    - [train] loss: 0.0308 (+/-0.0268) - [valid] loss: 0.0269 (+/-0.0151) - [test] loss: 0.029  (+/-0.0147)
2019-07-17 10:59:24,013 INFO - logger - Iter 42700 - time: 26    - [train] loss: 0.015  (+/-0.004 ) - [valid] loss: 0.0144 (+/-0.005 ) - [test] loss: 0.0173 (+/-0.0061)
2019-07-17 10:59:51,655 INFO - logger - Iter 42800 - time: 27    - [train] loss: 0.0312 (+/-0.0137) - [valid] loss: 0.0178 (+/-0.0048) - [test] loss: 0.0187 (+/-0.0037)
2019-07-17 11:00:18,183 INFO - logger - Iter 42900 - time: 26    - [train] loss: 0.0235 (+/-0.0077) - [valid] loss: 0.0222 (+/-0.0087) - [test] loss: 0.0292 (+/-0.0215)
2019-07-17 11:00:46,241 INFO - logger - Iter 43000 - time: 28    - [train] loss: 0.048  (+/-0.0485) - [valid] loss: 0.0271 (+/-0.0106) - [test] loss: 0.0357 (+/-0.0131)
2019-07-17 11:01:13,644 INFO - logger - Iter 43100 - time: 27    - [train] loss: 0.035  (+/-0.0149) - [valid] loss: 0.0259 (+/-0.0101) - [test] loss: 0.0266 (+/-0.0085)
2019-07-17 11:01:41,388 INFO - logger - Iter 43200 - time: 27    - [train] loss: 0.0252 (+/-0.0091) - [valid] loss: 0.0175 (+/-0.0056) - [test] loss: 0.0243 (+/-0.0078)
2019-07-17 11:02:08,720 INFO - logger - Iter 43300 - time: 27    - [train] loss: 0.0219 (+/-0.0061) - [valid] loss: 0.0252 (+/-0.0077) - [test] loss: 0.0208 (+/-0.0048)
2019-07-17 11:02:35,798 INFO - logger - Iter 43400 - time: 27    - [train] loss: 0.0201 (+/-0.0039) - [valid] loss: 0.0276 (+/-0.0084) - [test] loss: 0.0331 (+/-0.0121)
2019-07-17 11:03:03,613 INFO - logger - Iter 43500 - time: 27    - [train] loss: 0.0254 (+/-0.0095) - [valid] loss: 0.0248 (+/-0.0054) - [test] loss: 0.0201 (+/-0.0042)
2019-07-17 11:03:30,701 INFO - logger - Iter 43600 - time: 27    - [train] loss: 0.0165 (+/-0.0044) - [valid] loss: 0.0313 (+/-0.0204) - [test] loss: 0.0203 (+/-0.0059)
2019-07-17 11:03:58,561 INFO - logger - Iter 43700 - time: 27    - [train] loss: 0.0264 (+/-0.0102) - [valid] loss: 0.0238 (+/-0.0159) - [test] loss: 0.0352 (+/-0.0162)
2019-07-17 11:04:25,678 INFO - logger - Iter 43800 - time: 27    - [train] loss: 0.0236 (+/-0.0107) - [valid] loss: 0.0207 (+/-0.0059) - [test] loss: 0.0329 (+/-0.0201)
2019-07-17 11:04:53,238 INFO - logger - Iter 43900 - time: 27    - [train] loss: 0.0201 (+/-0.0056) - [valid] loss: 0.0268 (+/-0.0105) - [test] loss: 0.0208 (+/-0.0051)
2019-07-17 11:05:21,183 INFO - logger - Iter 44000 - time: 27    - [train] loss: 0.0268 (+/-0.008 ) - [valid] loss: 0.0235 (+/-0.0087) - [test] loss: 0.0225 (+/-0.0081)
2019-07-17 11:05:48,584 INFO - logger - Iter 44100 - time: 27    - [train] loss: 0.0193 (+/-0.0104) - [valid] loss: 0.0244 (+/-0.0132) - [test] loss: 0.0232 (+/-0.0108)
2019-07-17 11:06:16,003 INFO - logger - Iter 44200 - time: 27    - [train] loss: 0.0235 (+/-0.0094) - [valid] loss: 0.0206 (+/-0.0128) - [test] loss: 0.0219 (+/-0.0087)
2019-07-17 11:06:42,185 INFO - logger - Iter 44300 - time: 26    - [train] loss: 0.0162 (+/-0.0037) - [valid] loss: 0.0171 (+/-0.0049) - [test] loss: 0.0137 (+/-0.0041)
2019-07-17 11:07:11,232 INFO - logger - Iter 44400 - time: 29    - [train] loss: 0.0252 (+/-0.012 ) - [valid] loss: 0.0305 (+/-0.0105) - [test] loss: 0.0328 (+/-0.0177)
2019-07-17 11:07:37,738 INFO - logger - Iter 44500 - time: 26    - [train] loss: 0.0336 (+/-0.015 ) - [valid] loss: 0.0343 (+/-0.021 ) - [test] loss: 0.0237 (+/-0.0101)
2019-07-17 11:08:05,817 INFO - logger - Iter 44600 - time: 28    - [train] loss: 0.0179 (+/-0.0073) - [valid] loss: 0.0285 (+/-0.0173) - [test] loss: 0.0195 (+/-0.011 )
2019-07-17 11:08:33,443 INFO - logger - Iter 44700 - time: 27    - [train] loss: 0.0156 (+/-0.0042) - [valid] loss: 0.0163 (+/-0.0043) - [test] loss: 0.0294 (+/-0.0159)
2019-07-17 11:09:01,127 INFO - logger - Iter 44800 - time: 27    - [train] loss: 0.0213 (+/-0.0085) - [valid] loss: 0.0173 (+/-0.0039) - [test] loss: 0.0214 (+/-0.005 )
2019-07-17 11:09:28,884 INFO - logger - Iter 44900 - time: 27    - [train] loss: 0.0229 (+/-0.0078) - [valid] loss: 0.0227 (+/-0.0077) - [test] loss: 0.0295 (+/-0.0157)
2019-07-17 11:09:57,544 INFO - logger - Iter 45000 - time: 28    - [train] loss: 0.0239 (+/-0.0079) - [valid] loss: 0.0192 (+/-0.006 ) - [test] loss: 0.0286 (+/-0.0092)
2019-07-17 11:10:24,862 INFO - logger - Iter 45100 - time: 27    - [train] loss: 0.0284 (+/-0.0154) - [valid] loss: 0.0198 (+/-0.008 ) - [test] loss: 0.0323 (+/-0.0197)
2019-07-17 11:10:52,590 INFO - logger - Iter 45200 - time: 27    - [train] loss: 0.0205 (+/-0.0064) - [valid] loss: 0.0198 (+/-0.0065) - [test] loss: 0.0208 (+/-0.0099)
2019-07-17 11:11:21,135 INFO - logger - Iter 45300 - time: 28    - [train] loss: 0.0158 (+/-0.005 ) - [valid] loss: 0.0202 (+/-0.0118) - [test] loss: 0.0226 (+/-0.0097)
2019-07-17 11:11:47,840 INFO - logger - Iter 45400 - time: 26    - [train] loss: 0.0169 (+/-0.0051) - [valid] loss: 0.0199 (+/-0.0118) - [test] loss: 0.0269 (+/-0.0099)
2019-07-17 11:12:16,178 INFO - logger - Iter 45500 - time: 28    - [train] loss: 0.0152 (+/-0.0051) - [valid] loss: 0.0207 (+/-0.0063) - [test] loss: 0.0248 (+/-0.0145)
2019-07-17 11:12:43,117 INFO - logger - Iter 45600 - time: 26    - [train] loss: 0.0255 (+/-0.0063) - [valid] loss: 0.025  (+/-0.0067) - [test] loss: 0.0205 (+/-0.0048)
2019-07-17 11:13:10,743 INFO - logger - Iter 45700 - time: 27    - [train] loss: 0.0196 (+/-0.0088) - [valid] loss: 0.0215 (+/-0.0116) - [test] loss: 0.0189 (+/-0.008 )
2019-07-17 11:13:38,013 INFO - logger - Iter 45800 - time: 27    - [train] loss: 0.023  (+/-0.0111) - [valid] loss: 0.0212 (+/-0.0054) - [test] loss: 0.0187 (+/-0.004 )
2019-07-17 11:14:05,841 INFO - logger - Iter 45900 - time: 27    - [train] loss: 0.0195 (+/-0.0078) - [valid] loss: 0.03   (+/-0.0155) - [test] loss: 0.0215 (+/-0.0068)
2019-07-17 11:14:33,174 INFO - logger - Iter 46000 - time: 27    - [train] loss: 0.0282 (+/-0.0107) - [valid] loss: 0.0219 (+/-0.0081) - [test] loss: 0.0208 (+/-0.0055)
2019-07-17 11:15:00,637 INFO - logger - Iter 46100 - time: 27    - [train] loss: 0.0569 (+/-0.0654) - [valid] loss: 0.0208 (+/-0.0073) - [test] loss: 0.0173 (+/-0.0049)
2019-07-17 11:15:29,035 INFO - logger - Iter 46200 - time: 28    - [train] loss: 0.0214 (+/-0.0088) - [valid] loss: 0.0306 (+/-0.0095) - [test] loss: 0.0252 (+/-0.0087)
2019-07-17 11:15:55,047 INFO - logger - Iter 46300 - time: 26    - [train] loss: 0.0212 (+/-0.007 ) - [valid] loss: 0.0426 (+/-0.0419) - [test] loss: 0.027  (+/-0.0137)
2019-07-17 11:16:21,584 INFO - logger - Iter 46400 - time: 26    - [train] loss: 0.0225 (+/-0.0063) - [valid] loss: 0.0264 (+/-0.0089) - [test] loss: 0.0222 (+/-0.0076)
2019-07-17 11:16:47,833 INFO - logger - Iter 46500 - time: 26    - [train] loss: 0.0251 (+/-0.0108) - [valid] loss: 0.0237 (+/-0.0132) - [test] loss: 0.0174 (+/-0.0048)
2019-07-17 11:17:14,558 INFO - logger - Iter 46600 - time: 26    - [train] loss: 0.0177 (+/-0.0036) - [valid] loss: 0.0315 (+/-0.009 ) - [test] loss: 0.0228 (+/-0.0069)
2019-07-17 11:17:40,854 INFO - logger - Iter 46700 - time: 26    - [train] loss: 0.0168 (+/-0.0045) - [valid] loss: 0.0183 (+/-0.0052) - [test] loss: 0.0211 (+/-0.0061)
2019-07-17 11:18:06,807 INFO - logger - Iter 46800 - time: 25    - [train] loss: 0.0226 (+/-0.0099) - [valid] loss: 0.0193 (+/-0.0042) - [test] loss: 0.0233 (+/-0.0052)
2019-07-17 11:18:32,809 INFO - logger - Iter 46900 - time: 26    - [train] loss: 0.0171 (+/-0.0037) - [valid] loss: 0.0199 (+/-0.0111) - [test] loss: 0.0295 (+/-0.0209)
2019-07-17 11:18:59,425 INFO - logger - Iter 47000 - time: 26    - [train] loss: 0.0196 (+/-0.0061) - [valid] loss: 0.0201 (+/-0.0074) - [test] loss: 0.0237 (+/-0.0139)
2019-07-17 11:19:25,075 INFO - logger - Iter 47100 - time: 25    - [train] loss: 0.0242 (+/-0.0121) - [valid] loss: 0.0221 (+/-0.0116) - [test] loss: 0.0264 (+/-0.0154)
2019-07-17 11:19:51,311 INFO - logger - Iter 47200 - time: 26    - [train] loss: 0.0185 (+/-0.0045) - [valid] loss: 0.0194 (+/-0.0046) - [test] loss: 0.0296 (+/-0.0121)
2019-07-17 11:20:16,919 INFO - logger - Iter 47300 - time: 25    - [train] loss: 0.034  (+/-0.0234) - [valid] loss: 0.0228 (+/-0.0068) - [test] loss: 0.0257 (+/-0.0122)
2019-07-17 11:20:43,527 INFO - logger - Iter 47400 - time: 26    - [train] loss: 0.0166 (+/-0.0041) - [valid] loss: 0.0174 (+/-0.0061) - [test] loss: 0.0205 (+/-0.0078)
2019-07-17 11:21:09,908 INFO - logger - Iter 47500 - time: 26    - [train] loss: 0.0264 (+/-0.0102) - [valid] loss: 0.0207 (+/-0.0055) - [test] loss: 0.0162 (+/-0.0057)
2019-07-17 11:21:35,586 INFO - logger - Iter 47600 - time: 25    - [train] loss: 0.027  (+/-0.0075) - [valid] loss: 0.0269 (+/-0.0063) - [test] loss: 0.0303 (+/-0.0169)
2019-07-17 11:22:01,851 INFO - logger - Iter 47700 - time: 26    - [train] loss: 0.0212 (+/-0.0084) - [valid] loss: 0.016  (+/-0.0035) - [test] loss: 0.0277 (+/-0.0136)
2019-07-17 11:22:27,292 INFO - logger - Iter 47800 - time: 25    - [train] loss: 0.0213 (+/-0.0065) - [valid] loss: 0.0306 (+/-0.0142) - [test] loss: 0.0182 (+/-0.0063)
2019-07-17 11:22:53,695 INFO - logger - Iter 47900 - time: 26    - [train] loss: 0.024  (+/-0.0086) - [valid] loss: 0.0225 (+/-0.0061) - [test] loss: 0.0222 (+/-0.0051)
2019-07-17 11:23:19,634 INFO - logger - Iter 48000 - time: 25    - [train] loss: 0.0254 (+/-0.0075) - [valid] loss: 0.0516 (+/-0.0453) - [test] loss: 0.0257 (+/-0.0099)
2019-07-17 11:23:46,155 INFO - logger - Iter 48100 - time: 26    - [train] loss: 0.022  (+/-0.01  ) - [valid] loss: 0.0187 (+/-0.0067) - [test] loss: 0.0171 (+/-0.0049)
2019-07-17 11:24:12,566 INFO - logger - Iter 48200 - time: 26    - [train] loss: 0.0194 (+/-0.0066) - [valid] loss: 0.0154 (+/-0.005 ) - [test] loss: 0.0233 (+/-0.0094)
2019-07-17 11:24:38,888 INFO - logger - Iter 48300 - time: 26    - [train] loss: 0.0166 (+/-0.0036) - [valid] loss: 0.0315 (+/-0.0155) - [test] loss: 0.0274 (+/-0.0174)
2019-07-17 11:25:05,879 INFO - logger - Iter 48400 - time: 26    - [train] loss: 0.0205 (+/-0.0075) - [valid] loss: 0.0301 (+/-0.0161) - [test] loss: 0.0203 (+/-0.0119)
2019-07-17 11:25:30,737 INFO - logger - Iter 48500 - time: 24    - [train] loss: 0.0178 (+/-0.0038) - [valid] loss: 0.0218 (+/-0.0055) - [test] loss: 0.0207 (+/-0.007 )
2019-07-17 11:25:55,449 INFO - logger - Iter 48600 - time: 24    - [train] loss: 0.0189 (+/-0.0057) - [valid] loss: 0.0202 (+/-0.0063) - [test] loss: 0.0344 (+/-0.0287)
2019-07-17 11:26:20,143 INFO - logger - Iter 48700 - time: 24    - [train] loss: 0.0227 (+/-0.0168) - [valid] loss: 0.0252 (+/-0.0078) - [test] loss: 0.0177 (+/-0.0085)
2019-07-17 11:26:45,993 INFO - logger - Iter 48800 - time: 25    - [train] loss: 0.0224 (+/-0.0057) - [valid] loss: 0.0242 (+/-0.0089) - [test] loss: 0.0224 (+/-0.0074)
2019-07-17 11:27:10,192 INFO - logger - Iter 48900 - time: 24    - [train] loss: 0.0173 (+/-0.0039) - [valid] loss: 0.013  (+/-0.0025) - [test] loss: 0.0201 (+/-0.0066)
2019-07-17 11:27:35,060 INFO - logger - Iter 49000 - time: 24    - [train] loss: 0.0262 (+/-0.007 ) - [valid] loss: 0.024  (+/-0.0075) - [test] loss: 0.0334 (+/-0.0155)
2019-07-17 11:27:59,980 INFO - logger - Iter 49100 - time: 24    - [train] loss: 0.02   (+/-0.0062) - [valid] loss: 0.0148 (+/-0.003 ) - [test] loss: 0.0327 (+/-0.0217)
2019-07-17 11:28:25,538 INFO - logger - Iter 49200 - time: 25    - [train] loss: 0.0236 (+/-0.0067) - [valid] loss: 0.0331 (+/-0.0265) - [test] loss: 0.0214 (+/-0.0064)
2019-07-17 11:28:50,191 INFO - logger - Iter 49300 - time: 24    - [train] loss: 0.0254 (+/-0.0128) - [valid] loss: 0.0181 (+/-0.005 ) - [test] loss: 0.0216 (+/-0.0068)
2019-07-17 11:29:15,939 INFO - logger - Iter 49400 - time: 25    - [train] loss: 0.0232 (+/-0.0082) - [valid] loss: 0.0199 (+/-0.0051) - [test] loss: 0.018  (+/-0.0052)
2019-07-17 11:29:40,933 INFO - logger - Iter 49500 - time: 24    - [train] loss: 0.029  (+/-0.0126) - [valid] loss: 0.0239 (+/-0.0085) - [test] loss: 0.0186 (+/-0.0052)
2019-07-17 11:30:06,044 INFO - logger - Iter 49600 - time: 25    - [train] loss: 0.0266 (+/-0.0108) - [valid] loss: 0.0275 (+/-0.0127) - [test] loss: 0.0341 (+/-0.0222)
2019-07-17 11:30:31,285 INFO - logger - Iter 49700 - time: 25    - [train] loss: 0.0226 (+/-0.0058) - [valid] loss: 0.0183 (+/-0.0036) - [test] loss: 0.0254 (+/-0.0098)
2019-07-17 11:30:56,849 INFO - logger - Iter 49800 - time: 25    - [train] loss: 0.015  (+/-0.0061) - [valid] loss: 0.0175 (+/-0.0058) - [test] loss: 0.0221 (+/-0.008 )
2019-07-17 11:31:22,061 INFO - logger - Iter 49900 - time: 25    - [train] loss: 0.0164 (+/-0.0037) - [valid] loss: 0.0196 (+/-0.0075) - [test] loss: 0.0238 (+/-0.0086)
