2019-07-20 05:14:35,649 INFO - log_helper - Finished configuring logger
2019-07-20 05:14:36,487 INFO - logger - Iter 0    - time: 6     - [train] loss: 4.0991 (+/-3.5115) - [valid] loss: 5.1706 (+/-2.5756) - [test] loss: 3.2673 (+/-2.6108)
2019-07-20 05:15:00,597 INFO - logger - Iter 100  - time: 24    - [train] loss: 3.5552 (+/-2.4769) - [valid] loss: 4.1391 (+/-1.5882) - [test] loss: 2.4343 (+/-1.94  )
2019-07-20 05:15:23,734 INFO - logger - Iter 200  - time: 23    - [train] loss: 2.1472 (+/-1.1749) - [valid] loss: 1.5802 (+/-0.9173) - [test] loss: 2.8951 (+/-1.5676)
2019-07-20 05:15:47,032 INFO - logger - Iter 300  - time: 23    - [train] loss: 1.1084 (+/-0.8693) - [valid] loss: 0.8749 (+/-0.4856) - [test] loss: 1.535  (+/-0.9864)
2019-07-20 05:16:09,838 INFO - logger - Iter 400  - time: 22    - [train] loss: 0.9211 (+/-0.5195) - [valid] loss: 0.4309 (+/-0.2255) - [test] loss: 0.972  (+/-0.4134)
2019-07-20 05:16:32,403 INFO - logger - Iter 500  - time: 22    - [train] loss: 0.4777 (+/-0.3999) - [valid] loss: 0.2601 (+/-0.1146) - [test] loss: 0.2808 (+/-0.298 )
2019-07-20 05:16:55,511 INFO - logger - Iter 600  - time: 23    - [train] loss: 0.3848 (+/-0.244 ) - [valid] loss: 0.2184 (+/-0.1934) - [test] loss: 0.2831 (+/-0.319 )
2019-07-20 05:17:19,966 INFO - logger - Iter 700  - time: 24    - [train] loss: 0.2203 (+/-0.167 ) - [valid] loss: 0.2645 (+/-0.188 ) - [test] loss: 0.2839 (+/-0.3228)
2019-07-20 05:17:44,646 INFO - logger - Iter 800  - time: 24    - [train] loss: 0.1234 (+/-0.1017) - [valid] loss: 0.1747 (+/-0.2221) - [test] loss: 0.1452 (+/-0.0793)
2019-07-20 05:18:08,859 INFO - logger - Iter 900  - time: 24    - [train] loss: 0.0638 (+/-0.0304) - [valid] loss: 0.216  (+/-0.2916) - [test] loss: 0.0986 (+/-0.0525)
2019-07-20 05:18:32,231 INFO - logger - Iter 1000 - time: 23    - [train] loss: 0.3532 (+/-0.3703) - [valid] loss: 0.1332 (+/-0.0877) - [test] loss: 0.1395 (+/-0.0676)
2019-07-20 05:18:55,098 INFO - logger - Iter 1100 - time: 22    - [train] loss: 0.1172 (+/-0.0631) - [valid] loss: 0.0931 (+/-0.0976) - [test] loss: 0.151  (+/-0.2108)
2019-07-20 05:19:17,368 INFO - logger - Iter 1200 - time: 22    - [train] loss: 0.0845 (+/-0.0605) - [valid] loss: 0.0834 (+/-0.0919) - [test] loss: 0.1568 (+/-0.1529)
2019-07-20 05:19:39,707 INFO - logger - Iter 1300 - time: 22    - [train] loss: 0.1184 (+/-0.0665) - [valid] loss: 0.1151 (+/-0.0679) - [test] loss: 0.1186 (+/-0.0762)
2019-07-20 05:20:02,296 INFO - logger - Iter 1400 - time: 22    - [train] loss: 0.0601 (+/-0.0407) - [valid] loss: 0.1208 (+/-0.1131) - [test] loss: 0.1734 (+/-0.204 )
2019-07-20 05:20:26,730 INFO - logger - Iter 1500 - time: 24    - [train] loss: 0.0561 (+/-0.0319) - [valid] loss: 0.0334 (+/-0.0124) - [test] loss: 0.1306 (+/-0.0693)
2019-07-20 05:20:49,568 INFO - logger - Iter 1600 - time: 22    - [train] loss: 0.112  (+/-0.0864) - [valid] loss: 0.0801 (+/-0.0406) - [test] loss: 0.0725 (+/-0.0769)
2019-07-20 05:21:12,401 INFO - logger - Iter 1700 - time: 22    - [train] loss: 0.2447 (+/-0.1936) - [valid] loss: 0.075  (+/-0.0383) - [test] loss: 0.0855 (+/-0.0507)
2019-07-20 05:21:36,072 INFO - logger - Iter 1800 - time: 23    - [train] loss: 0.0479 (+/-0.0417) - [valid] loss: 0.0975 (+/-0.0688) - [test] loss: 0.1176 (+/-0.1714)
2019-07-20 05:21:59,179 INFO - logger - Iter 1900 - time: 23    - [train] loss: 0.0369 (+/-0.0221) - [valid] loss: 0.0716 (+/-0.0475) - [test] loss: 0.033  (+/-0.0121)
2019-07-20 05:22:22,048 INFO - logger - Iter 2000 - time: 22    - [train] loss: 0.1367 (+/-0.2467) - [valid] loss: 0.0578 (+/-0.0428) - [test] loss: 0.0909 (+/-0.0486)
2019-07-20 05:22:45,372 INFO - logger - Iter 2100 - time: 23    - [train] loss: 0.1436 (+/-0.1348) - [valid] loss: 0.0625 (+/-0.0353) - [test] loss: 0.0642 (+/-0.0374)
2019-07-20 05:23:07,981 INFO - logger - Iter 2200 - time: 22    - [train] loss: 0.0783 (+/-0.0511) - [valid] loss: 0.0998 (+/-0.078 ) - [test] loss: 0.138  (+/-0.0927)
2019-07-20 05:23:30,878 INFO - logger - Iter 2300 - time: 22    - [train] loss: 0.0898 (+/-0.0701) - [valid] loss: 0.074  (+/-0.0578) - [test] loss: 0.0296 (+/-0.0166)
2019-07-20 05:23:56,117 INFO - logger - Iter 2400 - time: 25    - [train] loss: 0.1122 (+/-0.1225) - [valid] loss: 0.0907 (+/-0.0495) - [test] loss: 0.1389 (+/-0.1529)
2019-07-20 05:24:19,851 INFO - logger - Iter 2500 - time: 23    - [train] loss: 0.0758 (+/-0.0633) - [valid] loss: 0.1321 (+/-0.1881) - [test] loss: 0.077  (+/-0.0754)
2019-07-20 05:24:43,923 INFO - logger - Iter 2600 - time: 24    - [train] loss: 0.0676 (+/-0.0664) - [valid] loss: 0.0907 (+/-0.118 ) - [test] loss: 0.0631 (+/-0.0349)
2019-07-20 05:25:07,324 INFO - logger - Iter 2700 - time: 23    - [train] loss: 0.0424 (+/-0.0268) - [valid] loss: 0.0542 (+/-0.0306) - [test] loss: 0.0441 (+/-0.0444)
2019-07-20 05:25:30,847 INFO - logger - Iter 2800 - time: 23    - [train] loss: 0.0704 (+/-0.0524) - [valid] loss: 0.045  (+/-0.0527) - [test] loss: 0.1102 (+/-0.0854)
2019-07-20 05:25:53,272 INFO - logger - Iter 2900 - time: 22    - [train] loss: 0.0344 (+/-0.0137) - [valid] loss: 0.0535 (+/-0.0278) - [test] loss: 0.0505 (+/-0.0308)
2019-07-20 05:26:16,120 INFO - logger - Iter 3000 - time: 22    - [train] loss: 0.0499 (+/-0.0321) - [valid] loss: 0.0431 (+/-0.0199) - [test] loss: 0.099  (+/-0.0831)
2019-07-20 05:26:38,546 INFO - logger - Iter 3100 - time: 22    - [train] loss: 0.0696 (+/-0.0554) - [valid] loss: 0.0573 (+/-0.0793) - [test] loss: 0.0535 (+/-0.0304)
2019-07-20 05:27:02,652 INFO - logger - Iter 3200 - time: 24    - [train] loss: 0.0997 (+/-0.0938) - [valid] loss: 0.0432 (+/-0.0147) - [test] loss: 0.2143 (+/-0.2117)
2019-07-20 05:27:26,272 INFO - logger - Iter 3300 - time: 23    - [train] loss: 0.0727 (+/-0.053 ) - [valid] loss: 0.0473 (+/-0.0245) - [test] loss: 0.114  (+/-0.1536)
2019-07-20 05:27:48,849 INFO - logger - Iter 3400 - time: 22    - [train] loss: 0.051  (+/-0.0508) - [valid] loss: 0.0695 (+/-0.0596) - [test] loss: 0.0505 (+/-0.0308)
2019-07-20 05:28:12,371 INFO - logger - Iter 3500 - time: 23    - [train] loss: 0.0815 (+/-0.045 ) - [valid] loss: 0.0647 (+/-0.0652) - [test] loss: 0.0543 (+/-0.0331)
2019-07-20 05:28:35,711 INFO - logger - Iter 3600 - time: 23    - [train] loss: 0.08   (+/-0.0862) - [valid] loss: 0.0343 (+/-0.0248) - [test] loss: 0.105  (+/-0.0901)
2019-07-20 05:28:59,065 INFO - logger - Iter 3700 - time: 23    - [train] loss: 0.0708 (+/-0.0354) - [valid] loss: 0.0455 (+/-0.0477) - [test] loss: 0.0497 (+/-0.0411)
2019-07-20 05:29:22,332 INFO - logger - Iter 3800 - time: 23    - [train] loss: 0.1005 (+/-0.0969) - [valid] loss: 0.0398 (+/-0.0188) - [test] loss: 0.08   (+/-0.0604)
2019-07-20 05:29:45,789 INFO - logger - Iter 3900 - time: 23    - [train] loss: 0.0682 (+/-0.0638) - [valid] loss: 0.0237 (+/-0.014 ) - [test] loss: 0.0458 (+/-0.0481)
2019-07-20 05:30:09,317 INFO - logger - Iter 4000 - time: 23    - [train] loss: 0.0509 (+/-0.0424) - [valid] loss: 0.0736 (+/-0.038 ) - [test] loss: 0.0705 (+/-0.0544)
2019-07-20 05:30:33,326 INFO - logger - Iter 4100 - time: 24    - [train] loss: 0.0636 (+/-0.0697) - [valid] loss: 0.1103 (+/-0.1492) - [test] loss: 0.0285 (+/-0.0177)
2019-07-20 05:30:56,539 INFO - logger - Iter 4200 - time: 23    - [train] loss: 0.0354 (+/-0.0204) - [valid] loss: 0.0299 (+/-0.0183) - [test] loss: 0.0599 (+/-0.0341)
2019-07-20 05:31:19,949 INFO - logger - Iter 4300 - time: 23    - [train] loss: 0.2003 (+/-0.1953) - [valid] loss: 0.0452 (+/-0.0262) - [test] loss: 0.0674 (+/-0.0625)
2019-07-20 05:31:42,839 INFO - logger - Iter 4400 - time: 22    - [train] loss: 0.0304 (+/-0.0248) - [valid] loss: 0.0244 (+/-0.0127) - [test] loss: 0.1016 (+/-0.0589)
2019-07-20 05:32:06,046 INFO - logger - Iter 4500 - time: 23    - [train] loss: 0.0595 (+/-0.0551) - [valid] loss: 0.0253 (+/-0.0139) - [test] loss: 0.0373 (+/-0.0193)
2019-07-20 05:32:28,922 INFO - logger - Iter 4600 - time: 22    - [train] loss: 0.0421 (+/-0.0345) - [valid] loss: 0.0387 (+/-0.0326) - [test] loss: 0.0424 (+/-0.0327)
2019-07-20 05:32:52,125 INFO - logger - Iter 4700 - time: 23    - [train] loss: 0.1439 (+/-0.1427) - [valid] loss: 0.0415 (+/-0.0234) - [test] loss: 0.1239 (+/-0.1903)
2019-07-20 05:33:15,355 INFO - logger - Iter 4800 - time: 23    - [train] loss: 0.0711 (+/-0.0365) - [valid] loss: 0.0512 (+/-0.0535) - [test] loss: 0.022  (+/-0.0167)
2019-07-20 05:33:38,828 INFO - logger - Iter 4900 - time: 23    - [train] loss: 0.051  (+/-0.0346) - [valid] loss: 0.077  (+/-0.0422) - [test] loss: 0.0775 (+/-0.0781)
2019-07-20 05:34:01,468 INFO - logger - Iter 5000 - time: 22    - [train] loss: 0.071  (+/-0.0518) - [valid] loss: 0.1378 (+/-0.0977) - [test] loss: 0.0602 (+/-0.0667)
2019-07-20 05:34:24,178 INFO - logger - Iter 5100 - time: 22    - [train] loss: 0.1321 (+/-0.1789) - [valid] loss: 0.0517 (+/-0.036 ) - [test] loss: 0.1185 (+/-0.1003)
2019-07-20 05:34:45,942 INFO - logger - Iter 5200 - time: 21    - [train] loss: 0.0369 (+/-0.0247) - [valid] loss: 0.0382 (+/-0.0297) - [test] loss: 0.1184 (+/-0.1264)
2019-07-20 05:35:08,930 INFO - logger - Iter 5300 - time: 22    - [train] loss: 0.0695 (+/-0.0701) - [valid] loss: 0.0232 (+/-0.0185) - [test] loss: 0.0803 (+/-0.1114)
2019-07-20 05:35:32,260 INFO - logger - Iter 5400 - time: 23    - [train] loss: 0.099  (+/-0.152 ) - [valid] loss: 0.1495 (+/-0.1424) - [test] loss: 0.1573 (+/-0.0942)
2019-07-20 05:35:54,879 INFO - logger - Iter 5500 - time: 22    - [train] loss: 0.0803 (+/-0.0705) - [valid] loss: 0.0664 (+/-0.0644) - [test] loss: 0.0455 (+/-0.0369)
2019-07-20 05:36:18,420 INFO - logger - Iter 5600 - time: 23    - [train] loss: 0.0505 (+/-0.0378) - [valid] loss: 0.0242 (+/-0.0165) - [test] loss: 0.0182 (+/-0.015 )
2019-07-20 05:36:41,076 INFO - logger - Iter 5700 - time: 22    - [train] loss: 0.1574 (+/-0.2108) - [valid] loss: 0.0427 (+/-0.0536) - [test] loss: 0.0378 (+/-0.044 )
2019-07-20 05:37:04,090 INFO - logger - Iter 5800 - time: 23    - [train] loss: 0.1038 (+/-0.0753) - [valid] loss: 0.0354 (+/-0.0203) - [test] loss: 0.0873 (+/-0.1108)
2019-07-20 05:37:27,171 INFO - logger - Iter 5900 - time: 23    - [train] loss: 0.0545 (+/-0.0426) - [valid] loss: 0.0269 (+/-0.0206) - [test] loss: 0.0513 (+/-0.0459)
2019-07-20 05:37:50,432 INFO - logger - Iter 6000 - time: 23    - [train] loss: 0.0714 (+/-0.0637) - [valid] loss: 0.0371 (+/-0.026 ) - [test] loss: 0.0896 (+/-0.0595)
2019-07-20 05:38:12,964 INFO - logger - Iter 6100 - time: 22    - [train] loss: 0.0568 (+/-0.0763) - [valid] loss: 0.0343 (+/-0.0218) - [test] loss: 0.0628 (+/-0.0451)
2019-07-20 05:38:34,857 INFO - logger - Iter 6200 - time: 21    - [train] loss: 0.0439 (+/-0.0386) - [valid] loss: 0.0188 (+/-0.0067) - [test] loss: 0.0787 (+/-0.0585)
2019-07-20 05:38:58,526 INFO - logger - Iter 6300 - time: 23    - [train] loss: 0.0356 (+/-0.0173) - [valid] loss: 0.0553 (+/-0.0581) - [test] loss: 0.0355 (+/-0.0291)
2019-07-20 05:39:21,863 INFO - logger - Iter 6400 - time: 23    - [train] loss: 0.0376 (+/-0.0294) - [valid] loss: 0.0325 (+/-0.0241) - [test] loss: 0.0203 (+/-0.019 )
2019-07-20 05:39:44,743 INFO - logger - Iter 6500 - time: 22    - [train] loss: 0.209  (+/-0.2719) - [valid] loss: 0.0911 (+/-0.1016) - [test] loss: 0.1113 (+/-0.0788)
2019-07-20 05:40:07,285 INFO - logger - Iter 6600 - time: 22    - [train] loss: 0.0576 (+/-0.0434) - [valid] loss: 0.0285 (+/-0.0098) - [test] loss: 0.0404 (+/-0.0222)
2019-07-20 05:40:31,258 INFO - logger - Iter 6700 - time: 23    - [train] loss: 0.0645 (+/-0.0419) - [valid] loss: 0.0393 (+/-0.0294) - [test] loss: 0.0476 (+/-0.0612)
2019-07-20 05:40:54,338 INFO - logger - Iter 6800 - time: 23    - [train] loss: 0.0321 (+/-0.0119) - [valid] loss: 0.0264 (+/-0.0132) - [test] loss: 0.0722 (+/-0.0632)
2019-07-20 05:41:16,858 INFO - logger - Iter 6900 - time: 22    - [train] loss: 0.0326 (+/-0.0246) - [valid] loss: 0.1168 (+/-0.1887) - [test] loss: 0.0575 (+/-0.0334)
2019-07-20 05:41:40,696 INFO - logger - Iter 7000 - time: 23    - [train] loss: 0.0431 (+/-0.0389) - [valid] loss: 0.0335 (+/-0.0273) - [test] loss: 0.0444 (+/-0.026 )
2019-07-20 05:42:04,382 INFO - logger - Iter 7100 - time: 23    - [train] loss: 0.0881 (+/-0.0709) - [valid] loss: 0.0409 (+/-0.0274) - [test] loss: 0.0529 (+/-0.0603)
2019-07-20 05:42:27,864 INFO - logger - Iter 7200 - time: 23    - [train] loss: 0.0304 (+/-0.0329) - [valid] loss: 0.0639 (+/-0.0559) - [test] loss: 0.101  (+/-0.1229)
2019-07-20 05:42:50,986 INFO - logger - Iter 7300 - time: 23    - [train] loss: 0.0284 (+/-0.0327) - [valid] loss: 0.0239 (+/-0.01  ) - [test] loss: 0.0188 (+/-0.011 )
2019-07-20 05:43:14,311 INFO - logger - Iter 7400 - time: 23    - [train] loss: 0.0328 (+/-0.0389) - [valid] loss: 0.0243 (+/-0.0178) - [test] loss: 0.0345 (+/-0.049 )
2019-07-20 05:43:37,082 INFO - logger - Iter 7500 - time: 22    - [train] loss: 0.0494 (+/-0.0592) - [valid] loss: 0.0549 (+/-0.0638) - [test] loss: 0.0605 (+/-0.0285)
2019-07-20 05:44:00,505 INFO - logger - Iter 7600 - time: 23    - [train] loss: 0.0861 (+/-0.1129) - [valid] loss: 0.0669 (+/-0.0677) - [test] loss: 0.0525 (+/-0.0402)
2019-07-20 05:44:24,945 INFO - logger - Iter 7700 - time: 24    - [train] loss: 0.0725 (+/-0.077 ) - [valid] loss: 0.0737 (+/-0.1255) - [test] loss: 0.0243 (+/-0.0106)
2019-07-20 05:44:49,835 INFO - logger - Iter 7800 - time: 24    - [train] loss: 0.0509 (+/-0.0599) - [valid] loss: 0.061  (+/-0.0457) - [test] loss: 0.0503 (+/-0.0469)
2019-07-20 05:45:12,670 INFO - logger - Iter 7900 - time: 22    - [train] loss: 0.0794 (+/-0.0745) - [valid] loss: 0.0475 (+/-0.034 ) - [test] loss: 0.0209 (+/-0.01  )
2019-07-20 05:45:35,107 INFO - logger - Iter 8000 - time: 22    - [train] loss: 0.0806 (+/-0.087 ) - [valid] loss: 0.0679 (+/-0.0426) - [test] loss: 0.0485 (+/-0.0402)
2019-07-20 05:45:57,486 INFO - logger - Iter 8100 - time: 22    - [train] loss: 0.0768 (+/-0.0929) - [valid] loss: 0.0241 (+/-0.0241) - [test] loss: 0.0586 (+/-0.0692)
2019-07-20 05:46:20,684 INFO - logger - Iter 8200 - time: 23    - [train] loss: 0.039  (+/-0.021 ) - [valid] loss: 0.111  (+/-0.1232) - [test] loss: 0.0492 (+/-0.0577)
2019-07-20 05:46:44,249 INFO - logger - Iter 8300 - time: 23    - [train] loss: 0.0758 (+/-0.1193) - [valid] loss: 0.0265 (+/-0.0166) - [test] loss: 0.0316 (+/-0.0352)
2019-07-20 05:47:08,107 INFO - logger - Iter 8400 - time: 23    - [train] loss: 0.022  (+/-0.0094) - [valid] loss: 0.0201 (+/-0.0121) - [test] loss: 0.0506 (+/-0.0405)
2019-07-20 05:47:30,565 INFO - logger - Iter 8500 - time: 22    - [train] loss: 0.0354 (+/-0.0426) - [valid] loss: 0.0519 (+/-0.0513) - [test] loss: 0.0377 (+/-0.032 )
2019-07-20 05:47:53,861 INFO - logger - Iter 8600 - time: 23    - [train] loss: 0.054  (+/-0.0748) - [valid] loss: 0.076  (+/-0.0779) - [test] loss: 0.0347 (+/-0.029 )
2019-07-20 05:48:16,600 INFO - logger - Iter 8700 - time: 22    - [train] loss: 0.0314 (+/-0.0186) - [valid] loss: 0.022  (+/-0.0158) - [test] loss: 0.0262 (+/-0.0192)
2019-07-20 05:48:39,166 INFO - logger - Iter 8800 - time: 22    - [train] loss: 0.0529 (+/-0.0491) - [valid] loss: 0.0204 (+/-0.0213) - [test] loss: 0.1523 (+/-0.282 )
2019-07-20 05:49:02,827 INFO - logger - Iter 8900 - time: 23    - [train] loss: 0.0667 (+/-0.0815) - [valid] loss: 0.0456 (+/-0.0342) - [test] loss: 0.0311 (+/-0.0275)
2019-07-20 05:49:26,052 INFO - logger - Iter 9000 - time: 23    - [train] loss: 0.1079 (+/-0.1221) - [valid] loss: 0.028  (+/-0.014 ) - [test] loss: 0.0825 (+/-0.061 )
2019-07-20 05:49:47,624 INFO - logger - Iter 9100 - time: 21    - [train] loss: 0.0321 (+/-0.0284) - [valid] loss: 0.0618 (+/-0.0866) - [test] loss: 0.0531 (+/-0.0476)
2019-07-20 05:50:10,507 INFO - logger - Iter 9200 - time: 22    - [train] loss: 0.0739 (+/-0.1226) - [valid] loss: 0.0552 (+/-0.0467) - [test] loss: 0.0807 (+/-0.0897)
2019-07-20 05:50:34,838 INFO - logger - Iter 9300 - time: 24    - [train] loss: 0.0811 (+/-0.0517) - [valid] loss: 0.0247 (+/-0.0163) - [test] loss: 0.0663 (+/-0.0453)
2019-07-20 05:50:56,431 INFO - logger - Iter 9400 - time: 21    - [train] loss: 0.0247 (+/-0.0178) - [valid] loss: 0.0118 (+/-0.0082) - [test] loss: 0.0756 (+/-0.1037)
2019-07-20 05:51:19,213 INFO - logger - Iter 9500 - time: 22    - [train] loss: 0.0435 (+/-0.0398) - [valid] loss: 0.0412 (+/-0.021 ) - [test] loss: 0.0338 (+/-0.018 )
2019-07-20 05:51:42,238 INFO - logger - Iter 9600 - time: 23    - [train] loss: 0.1598 (+/-0.257 ) - [valid] loss: 0.0976 (+/-0.1562) - [test] loss: 0.047  (+/-0.0559)
2019-07-20 05:52:04,414 INFO - logger - Iter 9700 - time: 22    - [train] loss: 0.0393 (+/-0.0281) - [valid] loss: 0.0282 (+/-0.0189) - [test] loss: 0.0276 (+/-0.018 )
2019-07-20 05:52:27,640 INFO - logger - Iter 9800 - time: 23    - [train] loss: 0.0539 (+/-0.0332) - [valid] loss: 0.0834 (+/-0.1086) - [test] loss: 0.0501 (+/-0.0318)
2019-07-20 05:52:50,758 INFO - logger - Iter 9900 - time: 23    - [train] loss: 0.0543 (+/-0.0392) - [valid] loss: 0.0166 (+/-0.0105) - [test] loss: 0.0464 (+/-0.0327)
2019-07-20 05:53:13,035 INFO - logger - Iter 10000 - time: 22    - [train] loss: 0.0353 (+/-0.0449) - [valid] loss: 0.0172 (+/-0.016 ) - [test] loss: 0.0175 (+/-0.016 )
2019-07-20 05:53:36,574 INFO - logger - Iter 10100 - time: 23    - [train] loss: 0.0292 (+/-0.0211) - [valid] loss: 0.0255 (+/-0.0154) - [test] loss: 0.0398 (+/-0.0363)
2019-07-20 05:53:59,437 INFO - logger - Iter 10200 - time: 22    - [train] loss: 0.023  (+/-0.0154) - [valid] loss: 0.0506 (+/-0.0549) - [test] loss: 0.0283 (+/-0.0259)
2019-07-20 05:54:21,761 INFO - logger - Iter 10300 - time: 22    - [train] loss: 0.0656 (+/-0.0534) - [valid] loss: 0.0125 (+/-0.0047) - [test] loss: 0.0238 (+/-0.0291)
2019-07-20 05:54:44,898 INFO - logger - Iter 10400 - time: 23    - [train] loss: 0.0288 (+/-0.0267) - [valid] loss: 0.0207 (+/-0.0152) - [test] loss: 0.0384 (+/-0.0356)
2019-07-20 05:55:07,611 INFO - logger - Iter 10500 - time: 22    - [train] loss: 0.0378 (+/-0.0124) - [valid] loss: 0.0565 (+/-0.0503) - [test] loss: 0.0725 (+/-0.0518)
2019-07-20 05:55:30,566 INFO - logger - Iter 10600 - time: 22    - [train] loss: 0.0295 (+/-0.0151) - [valid] loss: 0.0338 (+/-0.0367) - [test] loss: 0.0263 (+/-0.012 )
2019-07-20 05:55:53,485 INFO - logger - Iter 10700 - time: 22    - [train] loss: 0.0437 (+/-0.0361) - [valid] loss: 0.1204 (+/-0.1784) - [test] loss: 0.0824 (+/-0.0734)
2019-07-20 05:56:17,648 INFO - logger - Iter 10800 - time: 24    - [train] loss: 0.0252 (+/-0.0099) - [valid] loss: 0.0551 (+/-0.0485) - [test] loss: 0.0445 (+/-0.0595)
2019-07-20 05:56:39,310 INFO - logger - Iter 10900 - time: 21    - [train] loss: 0.0329 (+/-0.0208) - [valid] loss: 0.0402 (+/-0.0385) - [test] loss: 0.0219 (+/-0.0178)
2019-07-20 05:57:02,085 INFO - logger - Iter 11000 - time: 22    - [train] loss: 0.0257 (+/-0.0246) - [valid] loss: 0.0153 (+/-0.0147) - [test] loss: 0.0267 (+/-0.0114)
2019-07-20 05:57:24,017 INFO - logger - Iter 11100 - time: 21    - [train] loss: 0.0136 (+/-0.0092) - [valid] loss: 0.0452 (+/-0.0421) - [test] loss: 0.0467 (+/-0.0663)
2019-07-20 05:57:47,033 INFO - logger - Iter 11200 - time: 23    - [train] loss: 0.0775 (+/-0.0776) - [valid] loss: 0.0213 (+/-0.0123) - [test] loss: 0.0296 (+/-0.0177)
2019-07-20 05:58:10,028 INFO - logger - Iter 11300 - time: 22    - [train] loss: 0.0696 (+/-0.0519) - [valid] loss: 0.0363 (+/-0.0552) - [test] loss: 0.0536 (+/-0.0623)
2019-07-20 05:58:32,817 INFO - logger - Iter 11400 - time: 22    - [train] loss: 0.0223 (+/-0.017 ) - [valid] loss: 0.0525 (+/-0.0389) - [test] loss: 0.0399 (+/-0.0618)
2019-07-20 05:58:56,124 INFO - logger - Iter 11500 - time: 23    - [train] loss: 0.0292 (+/-0.0351) - [valid] loss: 0.0706 (+/-0.0778) - [test] loss: 0.1017 (+/-0.1122)
2019-07-20 05:59:19,208 INFO - logger - Iter 11600 - time: 23    - [train] loss: 0.0132 (+/-0.0071) - [valid] loss: 0.154  (+/-0.1971) - [test] loss: 0.0167 (+/-0.0131)
2019-07-20 05:59:41,562 INFO - logger - Iter 11700 - time: 22    - [train] loss: 0.021  (+/-0.0125) - [valid] loss: 0.0812 (+/-0.0944) - [test] loss: 0.0788 (+/-0.1312)
2019-07-20 06:00:04,539 INFO - logger - Iter 11800 - time: 22    - [train] loss: 0.0137 (+/-0.0095) - [valid] loss: 0.0392 (+/-0.0393) - [test] loss: 0.0335 (+/-0.0383)
2019-07-20 06:00:27,144 INFO - logger - Iter 11900 - time: 22    - [train] loss: 0.0453 (+/-0.0359) - [valid] loss: 0.023  (+/-0.0112) - [test] loss: 0.0271 (+/-0.0185)
2019-07-20 06:00:50,517 INFO - logger - Iter 12000 - time: 23    - [train] loss: 0.0332 (+/-0.0133) - [valid] loss: 0.0654 (+/-0.0715) - [test] loss: 0.0379 (+/-0.0528)
2019-07-20 06:01:13,455 INFO - logger - Iter 12100 - time: 22    - [train] loss: 0.0705 (+/-0.0603) - [valid] loss: 0.0316 (+/-0.0226) - [test] loss: 0.0247 (+/-0.0152)
2019-07-20 06:01:36,204 INFO - logger - Iter 12200 - time: 22    - [train] loss: 0.042  (+/-0.0376) - [valid] loss: 0.0239 (+/-0.0162) - [test] loss: 0.0626 (+/-0.0493)
2019-07-20 06:01:59,787 INFO - logger - Iter 12300 - time: 23    - [train] loss: 0.0171 (+/-0.0068) - [valid] loss: 0.0253 (+/-0.0205) - [test] loss: 0.0273 (+/-0.0236)
2019-07-20 06:02:22,100 INFO - logger - Iter 12400 - time: 22    - [train] loss: 0.0214 (+/-0.0115) - [valid] loss: 0.0367 (+/-0.0225) - [test] loss: 0.0305 (+/-0.0208)
2019-07-20 06:02:45,236 INFO - logger - Iter 12500 - time: 23    - [train] loss: 0.0193 (+/-0.0125) - [valid] loss: 0.0499 (+/-0.043 ) - [test] loss: 0.0294 (+/-0.031 )
2019-07-20 06:03:07,631 INFO - logger - Iter 12600 - time: 22    - [train] loss: 0.057  (+/-0.0493) - [valid] loss: 0.0644 (+/-0.069 ) - [test] loss: 0.0402 (+/-0.023 )
2019-07-20 06:03:30,351 INFO - logger - Iter 12700 - time: 22    - [train] loss: 0.0403 (+/-0.0355) - [valid] loss: 0.0337 (+/-0.0213) - [test] loss: 0.0272 (+/-0.017 )
2019-07-20 06:03:52,563 INFO - logger - Iter 12800 - time: 22    - [train] loss: 0.0629 (+/-0.0685) - [valid] loss: 0.0818 (+/-0.0724) - [test] loss: 0.035  (+/-0.0257)
2019-07-20 06:04:15,411 INFO - logger - Iter 12900 - time: 22    - [train] loss: 0.0207 (+/-0.0112) - [valid] loss: 0.0507 (+/-0.0444) - [test] loss: 0.0195 (+/-0.0125)
2019-07-20 06:04:38,197 INFO - logger - Iter 13000 - time: 22    - [train] loss: 0.0641 (+/-0.0662) - [valid] loss: 0.0221 (+/-0.0269) - [test] loss: 0.0342 (+/-0.0297)
2019-07-20 06:05:00,887 INFO - logger - Iter 13100 - time: 22    - [train] loss: 0.0243 (+/-0.0118) - [valid] loss: 0.0231 (+/-0.0212) - [test] loss: 0.0202 (+/-0.014 )
2019-07-20 06:05:23,629 INFO - logger - Iter 13200 - time: 22    - [train] loss: 0.0382 (+/-0.0293) - [valid] loss: 0.0211 (+/-0.0164) - [test] loss: 0.0467 (+/-0.0392)
2019-07-20 06:05:46,313 INFO - logger - Iter 13300 - time: 22    - [train] loss: 0.0906 (+/-0.0891) - [valid] loss: 0.0511 (+/-0.0594) - [test] loss: 0.0753 (+/-0.0808)
2019-07-20 06:06:08,896 INFO - logger - Iter 13400 - time: 22    - [train] loss: 0.0388 (+/-0.0207) - [valid] loss: 0.0551 (+/-0.0513) - [test] loss: 0.0517 (+/-0.0448)
2019-07-20 06:06:31,709 INFO - logger - Iter 13500 - time: 22    - [train] loss: 0.0226 (+/-0.0131) - [valid] loss: 0.0256 (+/-0.0243) - [test] loss: 0.0442 (+/-0.0395)
2019-07-20 06:06:54,017 INFO - logger - Iter 13600 - time: 22    - [train] loss: 0.0433 (+/-0.0355) - [valid] loss: 0.0454 (+/-0.0234) - [test] loss: 0.0199 (+/-0.0156)
2019-07-20 06:07:16,899 INFO - logger - Iter 13700 - time: 22    - [train] loss: 0.0268 (+/-0.0146) - [valid] loss: 0.0185 (+/-0.0106) - [test] loss: 0.0537 (+/-0.0621)
2019-07-20 06:07:39,918 INFO - logger - Iter 13800 - time: 23    - [train] loss: 0.0558 (+/-0.085 ) - [valid] loss: 0.0673 (+/-0.0824) - [test] loss: 0.0322 (+/-0.0309)
2019-07-20 06:08:02,413 INFO - logger - Iter 13900 - time: 22    - [train] loss: 0.0519 (+/-0.0329) - [valid] loss: 0.0222 (+/-0.019 ) - [test] loss: 0.0336 (+/-0.034 )
2019-07-20 06:08:25,016 INFO - logger - Iter 14000 - time: 22    - [train] loss: 0.0706 (+/-0.0947) - [valid] loss: 0.0294 (+/-0.0262) - [test] loss: 0.0351 (+/-0.0282)
2019-07-20 06:08:48,542 INFO - logger - Iter 14100 - time: 23    - [train] loss: 0.0177 (+/-0.0085) - [valid] loss: 0.0378 (+/-0.0367) - [test] loss: 0.0605 (+/-0.0519)
2019-07-20 06:09:12,205 INFO - logger - Iter 14200 - time: 23    - [train] loss: 0.0335 (+/-0.0316) - [valid] loss: 0.0169 (+/-0.0104) - [test] loss: 0.035  (+/-0.041 )
2019-07-20 06:09:35,567 INFO - logger - Iter 14300 - time: 23    - [train] loss: 0.0474 (+/-0.0203) - [valid] loss: 0.0473 (+/-0.0465) - [test] loss: 0.0282 (+/-0.0168)
2019-07-20 06:09:57,911 INFO - logger - Iter 14400 - time: 22    - [train] loss: 0.1167 (+/-0.1188) - [valid] loss: 0.0334 (+/-0.0192) - [test] loss: 0.021  (+/-0.0139)
2019-07-20 06:10:20,483 INFO - logger - Iter 14500 - time: 22    - [train] loss: 0.0382 (+/-0.0427) - [valid] loss: 0.0322 (+/-0.0302) - [test] loss: 0.0466 (+/-0.0318)
2019-07-20 06:10:44,193 INFO - logger - Iter 14600 - time: 23    - [train] loss: 0.0977 (+/-0.0904) - [valid] loss: 0.0459 (+/-0.0285) - [test] loss: 0.0254 (+/-0.0116)
2019-07-20 06:11:07,193 INFO - logger - Iter 14700 - time: 22    - [train] loss: 0.0214 (+/-0.0186) - [valid] loss: 0.0391 (+/-0.0271) - [test] loss: 0.0114 (+/-0.005 )
2019-07-20 06:11:30,307 INFO - logger - Iter 14800 - time: 23    - [train] loss: 0.0603 (+/-0.0635) - [valid] loss: 0.0223 (+/-0.0221) - [test] loss: 0.1393 (+/-0.1265)
2019-07-20 06:11:53,039 INFO - logger - Iter 14900 - time: 22    - [train] loss: 0.0222 (+/-0.0214) - [valid] loss: 0.0218 (+/-0.0137) - [test] loss: 0.0183 (+/-0.013 )
2019-07-20 06:12:17,364 INFO - logger - Iter 15000 - time: 24    - [train] loss: 0.0256 (+/-0.0251) - [valid] loss: 0.0312 (+/-0.025 ) - [test] loss: 0.0326 (+/-0.0322)
2019-07-20 06:12:39,421 INFO - logger - Iter 15100 - time: 22    - [train] loss: 0.0238 (+/-0.0178) - [valid] loss: 0.033  (+/-0.0166) - [test] loss: 0.0205 (+/-0.0112)
2019-07-20 06:13:01,571 INFO - logger - Iter 15200 - time: 22    - [train] loss: 0.0582 (+/-0.0578) - [valid] loss: 0.026  (+/-0.0175) - [test] loss: 0.0367 (+/-0.021 )
2019-07-20 06:13:24,718 INFO - logger - Iter 15300 - time: 23    - [train] loss: 0.0215 (+/-0.0215) - [valid] loss: 0.0572 (+/-0.0888) - [test] loss: 0.0495 (+/-0.0419)
2019-07-20 06:13:47,243 INFO - logger - Iter 15400 - time: 22    - [train] loss: 0.0303 (+/-0.021 ) - [valid] loss: 0.0135 (+/-0.0052) - [test] loss: 0.0924 (+/-0.142 )
2019-07-20 06:14:10,452 INFO - logger - Iter 15500 - time: 23    - [train] loss: 0.1712 (+/-0.2592) - [valid] loss: 0.0914 (+/-0.1531) - [test] loss: 0.1449 (+/-0.2857)
2019-07-20 06:14:33,036 INFO - logger - Iter 15600 - time: 22    - [train] loss: 0.1492 (+/-0.2158) - [valid] loss: 0.0461 (+/-0.0792) - [test] loss: 0.0222 (+/-0.0102)
2019-07-20 06:14:55,826 INFO - logger - Iter 15700 - time: 22    - [train] loss: 0.0439 (+/-0.0416) - [valid] loss: 0.0832 (+/-0.0584) - [test] loss: 0.027  (+/-0.0197)
2019-07-20 06:15:18,791 INFO - logger - Iter 15800 - time: 22    - [train] loss: 0.1338 (+/-0.2096) - [valid] loss: 0.0488 (+/-0.0684) - [test] loss: 0.0567 (+/-0.0444)
2019-07-20 06:15:42,999 INFO - logger - Iter 15900 - time: 23    - [train] loss: 0.014  (+/-0.0076) - [valid] loss: 0.0312 (+/-0.0204) - [test] loss: 0.0714 (+/-0.131 )
2019-07-20 06:16:04,482 INFO - logger - Iter 16000 - time: 22    - [train] loss: 0.0185 (+/-0.0159) - [valid] loss: 0.0765 (+/-0.118 ) - [test] loss: 0.0987 (+/-0.1495)
2019-07-20 06:16:26,874 INFO - logger - Iter 16100 - time: 22    - [train] loss: 0.0334 (+/-0.0331) - [valid] loss: 0.0102 (+/-0.0051) - [test] loss: 0.0609 (+/-0.0519)
2019-07-20 06:16:50,081 INFO - logger - Iter 16200 - time: 23    - [train] loss: 0.0356 (+/-0.0364) - [valid] loss: 0.0446 (+/-0.0346) - [test] loss: 0.0481 (+/-0.0466)
2019-07-20 06:17:12,729 INFO - logger - Iter 16300 - time: 22    - [train] loss: 0.0417 (+/-0.0321) - [valid] loss: 0.0361 (+/-0.0482) - [test] loss: 0.0511 (+/-0.0897)
2019-07-20 06:17:35,569 INFO - logger - Iter 16400 - time: 22    - [train] loss: 0.1569 (+/-0.1868) - [valid] loss: 0.0917 (+/-0.1042) - [test] loss: 0.0274 (+/-0.0208)
2019-07-20 06:17:59,425 INFO - logger - Iter 16500 - time: 23    - [train] loss: 0.0349 (+/-0.0253) - [valid] loss: 0.0307 (+/-0.0327) - [test] loss: 0.0496 (+/-0.0275)
2019-07-20 06:18:21,894 INFO - logger - Iter 16600 - time: 22    - [train] loss: 0.0327 (+/-0.0204) - [valid] loss: 0.0226 (+/-0.0133) - [test] loss: 0.0483 (+/-0.0476)
2019-07-20 06:18:44,887 INFO - logger - Iter 16700 - time: 22    - [train] loss: 0.0297 (+/-0.0215) - [valid] loss: 0.0234 (+/-0.0222) - [test] loss: 0.0607 (+/-0.0539)
2019-07-20 06:19:06,725 INFO - logger - Iter 16800 - time: 21    - [train] loss: 0.1266 (+/-0.1956) - [valid] loss: 0.0579 (+/-0.0396) - [test] loss: 0.0737 (+/-0.0599)
2019-07-20 06:19:30,271 INFO - logger - Iter 16900 - time: 23    - [train] loss: 0.0394 (+/-0.0326) - [valid] loss: 0.0155 (+/-0.0068) - [test] loss: 0.2021 (+/-0.3969)
2019-07-20 06:19:53,392 INFO - logger - Iter 17000 - time: 23    - [train] loss: 0.0223 (+/-0.0207) - [valid] loss: 0.0341 (+/-0.0297) - [test] loss: 0.018  (+/-0.0087)
2019-07-20 06:20:17,085 INFO - logger - Iter 17100 - time: 23    - [train] loss: 0.0224 (+/-0.0196) - [valid] loss: 0.067  (+/-0.0698) - [test] loss: 0.0983 (+/-0.1612)
2019-07-20 06:20:39,584 INFO - logger - Iter 17200 - time: 22    - [train] loss: 0.0434 (+/-0.0398) - [valid] loss: 0.0518 (+/-0.063 ) - [test] loss: 0.1152 (+/-0.1262)
2019-07-20 06:21:01,799 INFO - logger - Iter 17300 - time: 22    - [train] loss: 0.04   (+/-0.0506) - [valid] loss: 0.0348 (+/-0.0299) - [test] loss: 0.0404 (+/-0.0339)
2019-07-20 06:21:24,401 INFO - logger - Iter 17400 - time: 22    - [train] loss: 0.0224 (+/-0.0084) - [valid] loss: 0.0512 (+/-0.0684) - [test] loss: 0.0374 (+/-0.0292)
2019-07-20 06:21:47,450 INFO - logger - Iter 17500 - time: 23    - [train] loss: 0.0653 (+/-0.0582) - [valid] loss: 0.0316 (+/-0.0366) - [test] loss: 0.0363 (+/-0.0272)
2019-07-20 06:22:10,095 INFO - logger - Iter 17600 - time: 22    - [train] loss: 0.015  (+/-0.0123) - [valid] loss: 0.054  (+/-0.0471) - [test] loss: 0.036  (+/-0.0336)
2019-07-20 06:22:33,671 INFO - logger - Iter 17700 - time: 23    - [train] loss: 0.0218 (+/-0.0273) - [valid] loss: 0.0206 (+/-0.0153) - [test] loss: 0.0343 (+/-0.0323)
2019-07-20 06:22:56,220 INFO - logger - Iter 17800 - time: 22    - [train] loss: 0.0272 (+/-0.0145) - [valid] loss: 0.0347 (+/-0.0313) - [test] loss: 0.1155 (+/-0.1599)
2019-07-20 06:23:18,690 INFO - logger - Iter 17900 - time: 22    - [train] loss: 0.0342 (+/-0.0386) - [valid] loss: 0.0307 (+/-0.033 ) - [test] loss: 0.0152 (+/-0.0105)
2019-07-20 06:23:42,615 INFO - logger - Iter 18000 - time: 23    - [train] loss: 0.0516 (+/-0.054 ) - [valid] loss: 0.0347 (+/-0.0363) - [test] loss: 0.0255 (+/-0.0197)
2019-07-20 06:24:05,871 INFO - logger - Iter 18100 - time: 23    - [train] loss: 0.0744 (+/-0.0775) - [valid] loss: 0.068  (+/-0.0743) - [test] loss: 0.0546 (+/-0.0449)
2019-07-20 06:24:28,042 INFO - logger - Iter 18200 - time: 22    - [train] loss: 0.0128 (+/-0.0079) - [valid] loss: 0.0617 (+/-0.1011) - [test] loss: 0.0764 (+/-0.0919)
2019-07-20 06:24:51,191 INFO - logger - Iter 18300 - time: 23    - [train] loss: 0.0245 (+/-0.0162) - [valid] loss: 0.0409 (+/-0.0324) - [test] loss: 0.0199 (+/-0.0181)
2019-07-20 06:25:14,630 INFO - logger - Iter 18400 - time: 23    - [train] loss: 0.045  (+/-0.0343) - [valid] loss: 0.0273 (+/-0.0326) - [test] loss: 0.0732 (+/-0.1175)
2019-07-20 06:25:38,277 INFO - logger - Iter 18500 - time: 23    - [train] loss: 0.0159 (+/-0.0081) - [valid] loss: 0.0381 (+/-0.04  ) - [test] loss: 0.0418 (+/-0.0204)
2019-07-20 06:26:00,618 INFO - logger - Iter 18600 - time: 22    - [train] loss: 0.0329 (+/-0.0164) - [valid] loss: 0.0365 (+/-0.0543) - [test] loss: 0.0463 (+/-0.0519)
2019-07-20 06:26:24,296 INFO - logger - Iter 18700 - time: 23    - [train] loss: 0.0623 (+/-0.05  ) - [valid] loss: 0.0463 (+/-0.0813) - [test] loss: 0.0568 (+/-0.0667)
2019-07-20 06:26:47,383 INFO - logger - Iter 18800 - time: 23    - [train] loss: 0.0121 (+/-0.0068) - [valid] loss: 0.0253 (+/-0.0187) - [test] loss: 0.0489 (+/-0.0357)
2019-07-20 06:27:09,538 INFO - logger - Iter 18900 - time: 22    - [train] loss: 0.0649 (+/-0.0685) - [valid] loss: 0.0237 (+/-0.0253) - [test] loss: 0.0456 (+/-0.0286)
2019-07-20 06:27:31,250 INFO - logger - Iter 19000 - time: 21    - [train] loss: 0.0219 (+/-0.0131) - [valid] loss: 0.046  (+/-0.0494) - [test] loss: 0.0504 (+/-0.0571)
2019-07-20 06:27:54,238 INFO - logger - Iter 19100 - time: 22    - [train] loss: 0.0915 (+/-0.109 ) - [valid] loss: 0.0405 (+/-0.0503) - [test] loss: 0.0352 (+/-0.0282)
2019-07-20 06:28:16,889 INFO - logger - Iter 19200 - time: 22    - [train] loss: 0.0142 (+/-0.0087) - [valid] loss: 0.0215 (+/-0.0224) - [test] loss: 0.0363 (+/-0.039 )
2019-07-20 06:28:40,800 INFO - logger - Iter 19300 - time: 23    - [train] loss: 0.0329 (+/-0.0326) - [valid] loss: 0.0605 (+/-0.0941) - [test] loss: 0.0322 (+/-0.0288)
2019-07-20 06:29:03,926 INFO - logger - Iter 19400 - time: 23    - [train] loss: 0.0332 (+/-0.0347) - [valid] loss: 0.0378 (+/-0.0263) - [test] loss: 0.0475 (+/-0.0434)
2019-07-20 06:29:27,221 INFO - logger - Iter 19500 - time: 23    - [train] loss: 0.0391 (+/-0.0252) - [valid] loss: 0.0209 (+/-0.0151) - [test] loss: 0.1371 (+/-0.2395)
2019-07-20 06:29:50,515 INFO - logger - Iter 19600 - time: 23    - [train] loss: 0.0157 (+/-0.0065) - [valid] loss: 0.0446 (+/-0.0444) - [test] loss: 0.0287 (+/-0.0204)
2019-07-20 06:30:12,873 INFO - logger - Iter 19700 - time: 22    - [train] loss: 0.0363 (+/-0.0304) - [valid] loss: 0.033  (+/-0.0368) - [test] loss: 0.0859 (+/-0.1064)
2019-07-20 06:30:35,990 INFO - logger - Iter 19800 - time: 23    - [train] loss: 0.0161 (+/-0.0118) - [valid] loss: 0.0574 (+/-0.0367) - [test] loss: 0.0252 (+/-0.0194)
2019-07-20 06:30:58,942 INFO - logger - Iter 19900 - time: 22    - [train] loss: 0.0773 (+/-0.0805) - [valid] loss: 0.0161 (+/-0.0096) - [test] loss: 0.0953 (+/-0.1696)
2019-07-20 06:31:21,658 INFO - logger - Iter 20000 - time: 22    - [train] loss: 0.0524 (+/-0.034 ) - [valid] loss: 0.0357 (+/-0.0358) - [test] loss: 0.0737 (+/-0.0795)
2019-07-20 06:31:44,916 INFO - logger - Iter 20100 - time: 23    - [train] loss: 0.0608 (+/-0.066 ) - [valid] loss: 0.0415 (+/-0.0558) - [test] loss: 0.0214 (+/-0.01  )
2019-07-20 06:32:09,215 INFO - logger - Iter 20200 - time: 24    - [train] loss: 0.021  (+/-0.015 ) - [valid] loss: 0.0304 (+/-0.0261) - [test] loss: 0.0462 (+/-0.0379)
2019-07-20 06:32:31,944 INFO - logger - Iter 20300 - time: 22    - [train] loss: 0.0384 (+/-0.0339) - [valid] loss: 0.0147 (+/-0.0056) - [test] loss: 0.0424 (+/-0.0553)
2019-07-20 06:32:54,419 INFO - logger - Iter 20400 - time: 22    - [train] loss: 0.0282 (+/-0.0248) - [valid] loss: 0.0802 (+/-0.0968) - [test] loss: 0.0179 (+/-0.0139)
2019-07-20 06:33:17,398 INFO - logger - Iter 20500 - time: 22    - [train] loss: 0.0552 (+/-0.0689) - [valid] loss: 0.0212 (+/-0.0207) - [test] loss: 0.0279 (+/-0.0225)
2019-07-20 06:33:40,402 INFO - logger - Iter 20600 - time: 23    - [train] loss: 0.0317 (+/-0.0209) - [valid] loss: 0.1065 (+/-0.1249) - [test] loss: 0.0422 (+/-0.0386)
2019-07-20 06:34:03,088 INFO - logger - Iter 20700 - time: 22    - [train] loss: 0.0336 (+/-0.0205) - [valid] loss: 0.0224 (+/-0.0229) - [test] loss: 0.0315 (+/-0.0327)
2019-07-20 06:34:26,344 INFO - logger - Iter 20800 - time: 23    - [train] loss: 0.0329 (+/-0.0139) - [valid] loss: 0.0177 (+/-0.0157) - [test] loss: 0.0701 (+/-0.0674)
2019-07-20 06:34:49,076 INFO - logger - Iter 20900 - time: 22    - [train] loss: 0.03   (+/-0.0264) - [valid] loss: 0.0092 (+/-0.0039) - [test] loss: 0.0553 (+/-0.0658)
2019-07-20 06:35:12,030 INFO - logger - Iter 21000 - time: 22    - [train] loss: 0.0248 (+/-0.0221) - [valid] loss: 0.028  (+/-0.0238) - [test] loss: 0.0613 (+/-0.0438)
2019-07-20 06:35:34,193 INFO - logger - Iter 21100 - time: 22    - [train] loss: 0.0239 (+/-0.0118) - [valid] loss: 0.0387 (+/-0.0256) - [test] loss: 0.0538 (+/-0.0279)
2019-07-20 06:35:56,990 INFO - logger - Iter 21200 - time: 22    - [train] loss: 0.0309 (+/-0.0389) - [valid] loss: 0.0228 (+/-0.0167) - [test] loss: 0.0124 (+/-0.0064)
2019-07-20 06:36:19,132 INFO - logger - Iter 21300 - time: 22    - [train] loss: 0.0315 (+/-0.027 ) - [valid] loss: 0.0358 (+/-0.0351) - [test] loss: 0.0452 (+/-0.0624)
2019-07-20 06:36:43,467 INFO - logger - Iter 21400 - time: 24    - [train] loss: 0.0431 (+/-0.0287) - [valid] loss: 0.0815 (+/-0.0801) - [test] loss: 0.0404 (+/-0.0721)
2019-07-20 06:37:06,379 INFO - logger - Iter 21500 - time: 22    - [train] loss: 0.0619 (+/-0.0644) - [valid] loss: 0.0066 (+/-0.0018) - [test] loss: 0.0761 (+/-0.0985)
2019-07-20 06:37:29,089 INFO - logger - Iter 21600 - time: 22    - [train] loss: 0.0435 (+/-0.0369) - [valid] loss: 0.0141 (+/-0.0098) - [test] loss: 0.0332 (+/-0.0152)
2019-07-20 06:37:52,049 INFO - logger - Iter 21700 - time: 22    - [train] loss: 0.0403 (+/-0.0202) - [valid] loss: 0.0175 (+/-0.0234) - [test] loss: 0.0209 (+/-0.0122)
2019-07-20 06:38:14,784 INFO - logger - Iter 21800 - time: 22    - [train] loss: 0.0129 (+/-0.0048) - [valid] loss: 0.0516 (+/-0.0603) - [test] loss: 0.0569 (+/-0.1008)
2019-07-20 06:38:38,083 INFO - logger - Iter 21900 - time: 23    - [train] loss: 0.0142 (+/-0.0051) - [valid] loss: 0.0315 (+/-0.0345) - [test] loss: 0.0269 (+/-0.0279)
2019-07-20 06:39:00,842 INFO - logger - Iter 22000 - time: 22    - [train] loss: 0.0174 (+/-0.0132) - [valid] loss: 0.0306 (+/-0.0285) - [test] loss: 0.0475 (+/-0.0738)
2019-07-20 06:39:24,342 INFO - logger - Iter 22100 - time: 23    - [train] loss: 0.0308 (+/-0.0201) - [valid] loss: 0.0211 (+/-0.0146) - [test] loss: 0.0224 (+/-0.0103)
2019-07-20 06:39:46,763 INFO - logger - Iter 22200 - time: 22    - [train] loss: 0.0409 (+/-0.0273) - [valid] loss: 0.1117 (+/-0.0958) - [test] loss: 0.0547 (+/-0.0614)
2019-07-20 06:40:09,632 INFO - logger - Iter 22300 - time: 22    - [train] loss: 0.0239 (+/-0.0163) - [valid] loss: 0.0237 (+/-0.0228) - [test] loss: 0.0947 (+/-0.1357)
2019-07-20 06:40:32,187 INFO - logger - Iter 22400 - time: 22    - [train] loss: 0.0146 (+/-0.0115) - [valid] loss: 0.0215 (+/-0.0106) - [test] loss: 0.1407 (+/-0.2835)
2019-07-20 06:40:54,841 INFO - logger - Iter 22500 - time: 22    - [train] loss: 0.0426 (+/-0.0752) - [valid] loss: 0.0331 (+/-0.0199) - [test] loss: 0.0841 (+/-0.1019)
2019-07-20 06:41:18,594 INFO - logger - Iter 22600 - time: 23    - [train] loss: 0.0297 (+/-0.0217) - [valid] loss: 0.0168 (+/-0.008 ) - [test] loss: 0.0371 (+/-0.0442)
2019-07-20 06:41:41,171 INFO - logger - Iter 22700 - time: 22    - [train] loss: 0.0248 (+/-0.0207) - [valid] loss: 0.0466 (+/-0.0353) - [test] loss: 0.117  (+/-0.1183)
2019-07-20 06:42:04,204 INFO - logger - Iter 22800 - time: 23    - [train] loss: 0.0288 (+/-0.0322) - [valid] loss: 0.0314 (+/-0.0314) - [test] loss: 0.0287 (+/-0.0307)
2019-07-20 06:42:27,996 INFO - logger - Iter 22900 - time: 23    - [train] loss: 0.0379 (+/-0.0387) - [valid] loss: 0.0306 (+/-0.033 ) - [test] loss: 0.023  (+/-0.0274)
2019-07-20 06:42:49,960 INFO - logger - Iter 23000 - time: 21    - [train] loss: 0.0199 (+/-0.0122) - [valid] loss: 0.0266 (+/-0.0218) - [test] loss: 0.0431 (+/-0.0398)
2019-07-20 06:43:13,143 INFO - logger - Iter 23100 - time: 23    - [train] loss: 0.0226 (+/-0.0116) - [valid] loss: 0.027  (+/-0.0117) - [test] loss: 0.014  (+/-0.005 )
2019-07-20 06:43:36,048 INFO - logger - Iter 23200 - time: 22    - [train] loss: 0.0456 (+/-0.0608) - [valid] loss: 0.0283 (+/-0.0258) - [test] loss: 0.0379 (+/-0.0459)
2019-07-20 06:43:59,127 INFO - logger - Iter 23300 - time: 23    - [train] loss: 0.0109 (+/-0.009 ) - [valid] loss: 0.0264 (+/-0.0145) - [test] loss: 0.0485 (+/-0.0463)
2019-07-20 06:44:21,565 INFO - logger - Iter 23400 - time: 22    - [train] loss: 0.0177 (+/-0.0122) - [valid] loss: 0.0236 (+/-0.0171) - [test] loss: 0.0428 (+/-0.0436)
2019-07-20 06:44:44,978 INFO - logger - Iter 23500 - time: 23    - [train] loss: 0.0519 (+/-0.0559) - [valid] loss: 0.0241 (+/-0.0337) - [test] loss: 0.0192 (+/-0.0175)
2019-07-20 06:45:07,956 INFO - logger - Iter 23600 - time: 22    - [train] loss: 0.0571 (+/-0.0638) - [valid] loss: 0.038  (+/-0.0478) - [test] loss: 0.1114 (+/-0.1418)
2019-07-20 06:45:30,420 INFO - logger - Iter 23700 - time: 22    - [train] loss: 0.0264 (+/-0.0131) - [valid] loss: 0.0259 (+/-0.0176) - [test] loss: 0.0344 (+/-0.0336)
2019-07-20 06:45:52,312 INFO - logger - Iter 23800 - time: 21    - [train] loss: 0.0672 (+/-0.0716) - [valid] loss: 0.0273 (+/-0.0147) - [test] loss: 0.1357 (+/-0.2336)
2019-07-20 06:46:15,913 INFO - logger - Iter 23900 - time: 23    - [train] loss: 0.0346 (+/-0.0317) - [valid] loss: 0.0143 (+/-0.008 ) - [test] loss: 0.048  (+/-0.0625)
2019-07-20 06:46:38,908 INFO - logger - Iter 24000 - time: 22    - [train] loss: 0.0304 (+/-0.0314) - [valid] loss: 0.0595 (+/-0.049 ) - [test] loss: 0.0349 (+/-0.0287)
2019-07-20 06:47:01,667 INFO - logger - Iter 24100 - time: 22    - [train] loss: 0.0549 (+/-0.0263) - [valid] loss: 0.0596 (+/-0.0801) - [test] loss: 0.0262 (+/-0.0139)
2019-07-20 06:47:24,078 INFO - logger - Iter 24200 - time: 22    - [train] loss: 0.0365 (+/-0.0223) - [valid] loss: 0.0363 (+/-0.0584) - [test] loss: 0.0167 (+/-0.0172)
2019-07-20 06:47:47,101 INFO - logger - Iter 24300 - time: 23    - [train] loss: 0.0429 (+/-0.0311) - [valid] loss: 0.065  (+/-0.0795) - [test] loss: 0.0335 (+/-0.0171)
2019-07-20 06:48:10,150 INFO - logger - Iter 24400 - time: 23    - [train] loss: 0.0269 (+/-0.0325) - [valid] loss: 0.0089 (+/-0.0042) - [test] loss: 0.0337 (+/-0.0426)
2019-07-20 06:48:34,342 INFO - logger - Iter 24500 - time: 24    - [train] loss: 0.0272 (+/-0.0204) - [valid] loss: 0.0309 (+/-0.0224) - [test] loss: 0.0169 (+/-0.0128)
2019-07-20 06:48:56,854 INFO - logger - Iter 24600 - time: 22    - [train] loss: 0.0092 (+/-0.0055) - [valid] loss: 0.0238 (+/-0.0132) - [test] loss: 0.0291 (+/-0.0115)
2019-07-20 06:49:19,635 INFO - logger - Iter 24700 - time: 22    - [train] loss: 0.0097 (+/-0.0032) - [valid] loss: 0.0179 (+/-0.023 ) - [test] loss: 0.0634 (+/-0.1049)
2019-07-20 06:49:43,106 INFO - logger - Iter 24800 - time: 23    - [train] loss: 0.0358 (+/-0.0321) - [valid] loss: 0.0232 (+/-0.0185) - [test] loss: 0.026  (+/-0.0141)
2019-07-20 06:50:06,246 INFO - logger - Iter 24900 - time: 23    - [train] loss: 0.0168 (+/-0.0133) - [valid] loss: 0.0129 (+/-0.0094) - [test] loss: 0.045  (+/-0.0378)
2019-07-20 06:50:29,143 INFO - logger - Iter 25000 - time: 22    - [train] loss: 0.0132 (+/-0.0053) - [valid] loss: 0.03   (+/-0.0151) - [test] loss: 0.0327 (+/-0.0365)
2019-07-20 06:50:52,315 INFO - logger - Iter 25100 - time: 23    - [train] loss: 0.0274 (+/-0.0168) - [valid] loss: 0.0214 (+/-0.0084) - [test] loss: 0.0303 (+/-0.0204)
2019-07-20 06:51:16,203 INFO - logger - Iter 25200 - time: 23    - [train] loss: 0.0222 (+/-0.0168) - [valid] loss: 0.0169 (+/-0.0228) - [test] loss: 0.0195 (+/-0.0098)
2019-07-20 06:51:38,931 INFO - logger - Iter 25300 - time: 22    - [train] loss: 0.149  (+/-0.1694) - [valid] loss: 0.0432 (+/-0.0409) - [test] loss: 0.0275 (+/-0.0163)
2019-07-20 06:52:01,501 INFO - logger - Iter 25400 - time: 22    - [train] loss: 0.0358 (+/-0.0344) - [valid] loss: 0.089  (+/-0.1519) - [test] loss: 0.0284 (+/-0.0423)
2019-07-20 06:52:24,306 INFO - logger - Iter 25500 - time: 22    - [train] loss: 0.0186 (+/-0.0188) - [valid] loss: 0.0349 (+/-0.0378) - [test] loss: 0.0114 (+/-0.0063)
2019-07-20 06:52:47,552 INFO - logger - Iter 25600 - time: 23    - [train] loss: 0.0562 (+/-0.0535) - [valid] loss: 0.0264 (+/-0.027 ) - [test] loss: 0.0247 (+/-0.0174)
2019-07-20 06:53:10,463 INFO - logger - Iter 25700 - time: 22    - [train] loss: 0.0504 (+/-0.0666) - [valid] loss: 0.0119 (+/-0.0051) - [test] loss: 0.0152 (+/-0.0065)
2019-07-20 06:53:33,975 INFO - logger - Iter 25800 - time: 23    - [train] loss: 0.0234 (+/-0.0247) - [valid] loss: 0.0448 (+/-0.0618) - [test] loss: 0.0308 (+/-0.0212)
2019-07-20 06:53:57,273 INFO - logger - Iter 25900 - time: 23    - [train] loss: 0.0325 (+/-0.0268) - [valid] loss: 0.0666 (+/-0.0612) - [test] loss: 0.1719 (+/-0.3351)
2019-07-20 06:54:19,593 INFO - logger - Iter 26000 - time: 22    - [train] loss: 0.0375 (+/-0.0349) - [valid] loss: 0.0426 (+/-0.0331) - [test] loss: 0.0374 (+/-0.0317)
2019-07-20 06:54:42,684 INFO - logger - Iter 26100 - time: 23    - [train] loss: 0.09   (+/-0.1091) - [valid] loss: 0.0691 (+/-0.0699) - [test] loss: 0.0106 (+/-0.0047)
2019-07-20 06:55:05,026 INFO - logger - Iter 26200 - time: 22    - [train] loss: 0.0158 (+/-0.0132) - [valid] loss: 0.0151 (+/-0.0096) - [test] loss: 0.028  (+/-0.0147)
2019-07-20 06:55:27,081 INFO - logger - Iter 26300 - time: 22    - [train] loss: 0.043  (+/-0.0394) - [valid] loss: 0.0487 (+/-0.0574) - [test] loss: 0.0158 (+/-0.014 )
2019-07-20 06:55:50,021 INFO - logger - Iter 26400 - time: 22    - [train] loss: 0.0571 (+/-0.0683) - [valid] loss: 0.0588 (+/-0.0536) - [test] loss: 0.076  (+/-0.1103)
2019-07-20 06:56:12,855 INFO - logger - Iter 26500 - time: 22    - [train] loss: 0.0304 (+/-0.0283) - [valid] loss: 0.0396 (+/-0.0271) - [test] loss: 0.0638 (+/-0.0876)
2019-07-20 06:56:35,815 INFO - logger - Iter 26600 - time: 22    - [train] loss: 0.0551 (+/-0.0607) - [valid] loss: 0.0462 (+/-0.0559) - [test] loss: 0.0155 (+/-0.0074)
2019-07-20 06:56:59,007 INFO - logger - Iter 26700 - time: 23    - [train] loss: 0.0207 (+/-0.0115) - [valid] loss: 0.032  (+/-0.0172) - [test] loss: 0.0358 (+/-0.0368)
2019-07-20 06:57:22,259 INFO - logger - Iter 26800 - time: 23    - [train] loss: 0.0273 (+/-0.0255) - [valid] loss: 0.0444 (+/-0.0637) - [test] loss: 0.0551 (+/-0.0602)
2019-07-20 06:57:44,611 INFO - logger - Iter 26900 - time: 22    - [train] loss: 0.0215 (+/-0.0175) - [valid] loss: 0.0602 (+/-0.0676) - [test] loss: 0.0329 (+/-0.0187)
2019-07-20 06:58:07,737 INFO - logger - Iter 27000 - time: 23    - [train] loss: 0.0232 (+/-0.0189) - [valid] loss: 0.0412 (+/-0.0404) - [test] loss: 0.1153 (+/-0.1515)
2019-07-20 06:58:30,441 INFO - logger - Iter 27100 - time: 22    - [train] loss: 0.022  (+/-0.022 ) - [valid] loss: 0.0709 (+/-0.103 ) - [test] loss: 0.0706 (+/-0.0604)
2019-07-20 06:58:52,912 INFO - logger - Iter 27200 - time: 22    - [train] loss: 0.0181 (+/-0.0155) - [valid] loss: 0.0166 (+/-0.0088) - [test] loss: 0.0699 (+/-0.1117)
2019-07-20 06:59:16,393 INFO - logger - Iter 27300 - time: 23    - [train] loss: 0.0529 (+/-0.0371) - [valid] loss: 0.0132 (+/-0.006 ) - [test] loss: 0.0267 (+/-0.0174)
2019-07-20 06:59:40,294 INFO - logger - Iter 27400 - time: 23    - [train] loss: 0.0274 (+/-0.0207) - [valid] loss: 0.0305 (+/-0.0185) - [test] loss: 0.0148 (+/-0.0126)
2019-07-20 07:00:03,126 INFO - logger - Iter 27500 - time: 22    - [train] loss: 0.0273 (+/-0.0314) - [valid] loss: 0.0369 (+/-0.0508) - [test] loss: 0.0642 (+/-0.0549)
2019-07-20 07:00:26,117 INFO - logger - Iter 27600 - time: 22    - [train] loss: 0.0833 (+/-0.1286) - [valid] loss: 0.035  (+/-0.0261) - [test] loss: 0.0257 (+/-0.0115)
2019-07-20 07:00:48,566 INFO - logger - Iter 27700 - time: 22    - [train] loss: 0.026  (+/-0.0213) - [valid] loss: 0.0227 (+/-0.0149) - [test] loss: 0.0503 (+/-0.0366)
2019-07-20 07:01:12,256 INFO - logger - Iter 27800 - time: 23    - [train] loss: 0.0306 (+/-0.023 ) - [valid] loss: 0.0475 (+/-0.068 ) - [test] loss: 0.0172 (+/-0.0097)
2019-07-20 07:01:35,081 INFO - logger - Iter 27900 - time: 22    - [train] loss: 0.0462 (+/-0.043 ) - [valid] loss: 0.0539 (+/-0.081 ) - [test] loss: 0.0161 (+/-0.0093)
2019-07-20 07:01:57,785 INFO - logger - Iter 28000 - time: 22    - [train] loss: 0.0516 (+/-0.0594) - [valid] loss: 0.0187 (+/-0.0131) - [test] loss: 0.0887 (+/-0.0858)
2019-07-20 07:02:21,586 INFO - logger - Iter 28100 - time: 23    - [train] loss: 0.0345 (+/-0.0359) - [valid] loss: 0.0357 (+/-0.0396) - [test] loss: 0.0283 (+/-0.0248)
2019-07-20 07:02:44,820 INFO - logger - Iter 28200 - time: 23    - [train] loss: 0.0353 (+/-0.029 ) - [valid] loss: 0.0384 (+/-0.0297) - [test] loss: 0.0477 (+/-0.0544)
2019-07-20 07:03:07,429 INFO - logger - Iter 28300 - time: 22    - [train] loss: 0.0828 (+/-0.0991) - [valid] loss: 0.0275 (+/-0.0197) - [test] loss: 0.0154 (+/-0.0131)
2019-07-20 07:03:30,427 INFO - logger - Iter 28400 - time: 22    - [train] loss: 0.0729 (+/-0.0735) - [valid] loss: 0.0198 (+/-0.012 ) - [test] loss: 0.0666 (+/-0.106 )
2019-07-20 07:03:52,725 INFO - logger - Iter 28500 - time: 22    - [train] loss: 0.0681 (+/-0.0683) - [valid] loss: 0.0413 (+/-0.0474) - [test] loss: 0.0265 (+/-0.0282)
2019-07-20 07:04:16,606 INFO - logger - Iter 28600 - time: 23    - [train] loss: 0.0643 (+/-0.1168) - [valid] loss: 0.0158 (+/-0.009 ) - [test] loss: 0.0281 (+/-0.0175)
2019-07-20 07:04:38,982 INFO - logger - Iter 28700 - time: 22    - [train] loss: 0.0238 (+/-0.0112) - [valid] loss: 0.0693 (+/-0.072 ) - [test] loss: 0.0586 (+/-0.0639)
2019-07-20 07:05:00,699 INFO - logger - Iter 28800 - time: 21    - [train] loss: 0.045  (+/-0.0402) - [valid] loss: 0.029  (+/-0.0212) - [test] loss: 0.0637 (+/-0.0911)
2019-07-20 07:05:23,667 INFO - logger - Iter 28900 - time: 22    - [train] loss: 0.0161 (+/-0.0071) - [valid] loss: 0.0204 (+/-0.0142) - [test] loss: 0.0507 (+/-0.0434)
2019-07-20 07:05:47,055 INFO - logger - Iter 29000 - time: 23    - [train] loss: 0.052  (+/-0.0585) - [valid] loss: 0.0163 (+/-0.0058) - [test] loss: 0.0297 (+/-0.0284)
2019-07-20 07:06:09,211 INFO - logger - Iter 29100 - time: 22    - [train] loss: 0.0636 (+/-0.0573) - [valid] loss: 0.0266 (+/-0.0253) - [test] loss: 0.026  (+/-0.0103)
2019-07-20 07:06:31,981 INFO - logger - Iter 29200 - time: 22    - [train] loss: 0.03   (+/-0.0288) - [valid] loss: 0.0495 (+/-0.0471) - [test] loss: 0.0197 (+/-0.0139)
2019-07-20 07:06:55,321 INFO - logger - Iter 29300 - time: 23    - [train] loss: 0.0215 (+/-0.0092) - [valid] loss: 0.044  (+/-0.056 ) - [test] loss: 0.0083 (+/-0.003 )
2019-07-20 07:07:18,687 INFO - logger - Iter 29400 - time: 23    - [train] loss: 0.0458 (+/-0.0607) - [valid] loss: 0.0486 (+/-0.0449) - [test] loss: 0.0228 (+/-0.0135)
2019-07-20 07:07:41,411 INFO - logger - Iter 29500 - time: 22    - [train] loss: 0.0314 (+/-0.0179) - [valid] loss: 0.0268 (+/-0.0206) - [test] loss: 0.0371 (+/-0.028 )
2019-07-20 07:08:05,521 INFO - logger - Iter 29600 - time: 24    - [train] loss: 0.0126 (+/-0.0083) - [valid] loss: 0.0243 (+/-0.0232) - [test] loss: 0.0295 (+/-0.03  )
2019-07-20 07:08:28,144 INFO - logger - Iter 29700 - time: 22    - [train] loss: 0.0267 (+/-0.0286) - [valid] loss: 0.0153 (+/-0.0135) - [test] loss: 0.0379 (+/-0.0241)
2019-07-20 07:08:50,744 INFO - logger - Iter 29800 - time: 22    - [train] loss: 0.055  (+/-0.0521) - [valid] loss: 0.0491 (+/-0.0667) - [test] loss: 0.0292 (+/-0.0316)
2019-07-20 07:09:14,214 INFO - logger - Iter 29900 - time: 23    - [train] loss: 0.0343 (+/-0.0389) - [valid] loss: 0.0653 (+/-0.0787) - [test] loss: 0.0363 (+/-0.0458)
2019-07-20 07:09:37,352 INFO - logger - Iter 30000 - time: 23    - [train] loss: 0.0493 (+/-0.0367) - [valid] loss: 0.0081 (+/-0.0034) - [test] loss: 0.0353 (+/-0.043 )
2019-07-20 07:10:00,868 INFO - logger - Iter 30100 - time: 23    - [train] loss: 0.0707 (+/-0.0856) - [valid] loss: 0.0225 (+/-0.0195) - [test] loss: 0.0512 (+/-0.0486)
2019-07-20 07:10:23,260 INFO - logger - Iter 30200 - time: 22    - [train] loss: 0.0274 (+/-0.0156) - [valid] loss: 0.0283 (+/-0.0182) - [test] loss: 0.0133 (+/-0.0081)
2019-07-20 07:10:45,898 INFO - logger - Iter 30300 - time: 22    - [train] loss: 0.0209 (+/-0.014 ) - [valid] loss: 0.0506 (+/-0.0428) - [test] loss: 0.0362 (+/-0.0302)
2019-07-20 07:11:08,890 INFO - logger - Iter 30400 - time: 22    - [train] loss: 0.0223 (+/-0.0171) - [valid] loss: 0.0394 (+/-0.0417) - [test] loss: 0.0252 (+/-0.0298)
2019-07-20 07:11:31,870 INFO - logger - Iter 30500 - time: 22    - [train] loss: 0.0178 (+/-0.0092) - [valid] loss: 0.0156 (+/-0.0064) - [test] loss: 0.042  (+/-0.0534)
2019-07-20 07:11:54,131 INFO - logger - Iter 30600 - time: 22    - [train] loss: 0.0312 (+/-0.044 ) - [valid] loss: 0.041  (+/-0.0564) - [test] loss: 0.0177 (+/-0.0107)
2019-07-20 07:12:16,650 INFO - logger - Iter 30700 - time: 22    - [train] loss: 0.0224 (+/-0.0186) - [valid] loss: 0.0229 (+/-0.0332) - [test] loss: 0.0614 (+/-0.0406)
2019-07-20 07:12:39,936 INFO - logger - Iter 30800 - time: 23    - [train] loss: 0.0211 (+/-0.0112) - [valid] loss: 0.0289 (+/-0.0198) - [test] loss: 0.056  (+/-0.0629)
2019-07-20 07:13:02,117 INFO - logger - Iter 30900 - time: 22    - [train] loss: 0.0125 (+/-0.0075) - [valid] loss: 0.0788 (+/-0.1335) - [test] loss: 0.0201 (+/-0.013 )
2019-07-20 07:13:24,789 INFO - logger - Iter 31000 - time: 22    - [train] loss: 0.0264 (+/-0.0217) - [valid] loss: 0.027  (+/-0.0175) - [test] loss: 0.0375 (+/-0.0301)
2019-07-20 07:13:47,340 INFO - logger - Iter 31100 - time: 22    - [train] loss: 0.0187 (+/-0.0061) - [valid] loss: 0.0221 (+/-0.0098) - [test] loss: 0.3387 (+/-0.4555)
2019-07-20 07:14:10,483 INFO - logger - Iter 31200 - time: 23    - [train] loss: 0.0527 (+/-0.0614) - [valid] loss: 0.038  (+/-0.0316) - [test] loss: 0.1453 (+/-0.2832)
2019-07-20 07:14:32,779 INFO - logger - Iter 31300 - time: 22    - [train] loss: 0.0254 (+/-0.0221) - [valid] loss: 0.0143 (+/-0.0086) - [test] loss: 0.0277 (+/-0.0255)
2019-07-20 07:14:55,098 INFO - logger - Iter 31400 - time: 22    - [train] loss: 0.1249 (+/-0.2264) - [valid] loss: 0.1048 (+/-0.101 ) - [test] loss: 0.0468 (+/-0.0644)
2019-07-20 07:15:17,604 INFO - logger - Iter 31500 - time: 22    - [train] loss: 0.0272 (+/-0.0208) - [valid] loss: 0.0136 (+/-0.006 ) - [test] loss: 0.0138 (+/-0.005 )
2019-07-20 07:15:39,991 INFO - logger - Iter 31600 - time: 22    - [train] loss: 0.0491 (+/-0.0423) - [valid] loss: 0.0366 (+/-0.0279) - [test] loss: 0.0404 (+/-0.0381)
2019-07-20 07:16:01,820 INFO - logger - Iter 31700 - time: 21    - [train] loss: 0.0223 (+/-0.0118) - [valid] loss: 0.0371 (+/-0.0401) - [test] loss: 0.0588 (+/-0.0492)
2019-07-20 07:16:24,111 INFO - logger - Iter 31800 - time: 22    - [train] loss: 0.0167 (+/-0.0057) - [valid] loss: 0.0316 (+/-0.0326) - [test] loss: 0.0227 (+/-0.0186)
2019-07-20 07:16:46,132 INFO - logger - Iter 31900 - time: 22    - [train] loss: 0.0433 (+/-0.047 ) - [valid] loss: 0.0207 (+/-0.008 ) - [test] loss: 0.0329 (+/-0.0188)
2019-07-20 07:17:08,858 INFO - logger - Iter 32000 - time: 22    - [train] loss: 0.016  (+/-0.01  ) - [valid] loss: 0.0181 (+/-0.0074) - [test] loss: 0.0343 (+/-0.0396)
2019-07-20 07:17:32,182 INFO - logger - Iter 32100 - time: 23    - [train] loss: 0.0538 (+/-0.0392) - [valid] loss: 0.0664 (+/-0.0768) - [test] loss: 0.0615 (+/-0.0475)
2019-07-20 07:17:54,236 INFO - logger - Iter 32200 - time: 22    - [train] loss: 0.0323 (+/-0.0226) - [valid] loss: 0.0292 (+/-0.0182) - [test] loss: 0.0452 (+/-0.0496)
2019-07-20 07:18:16,795 INFO - logger - Iter 32300 - time: 22    - [train] loss: 0.0451 (+/-0.0319) - [valid] loss: 0.0368 (+/-0.0431) - [test] loss: 0.0357 (+/-0.029 )
2019-07-20 07:18:39,163 INFO - logger - Iter 32400 - time: 22    - [train] loss: 0.0629 (+/-0.0834) - [valid] loss: 0.0396 (+/-0.0393) - [test] loss: 0.0195 (+/-0.0131)
2019-07-20 07:19:01,259 INFO - logger - Iter 32500 - time: 22    - [train] loss: 0.0664 (+/-0.0784) - [valid] loss: 0.033  (+/-0.053 ) - [test] loss: 0.0615 (+/-0.0717)
2019-07-20 07:19:23,358 INFO - logger - Iter 32600 - time: 22    - [train] loss: 0.021  (+/-0.0073) - [valid] loss: 0.0264 (+/-0.0177) - [test] loss: 0.0342 (+/-0.0288)
2019-07-20 07:19:47,257 INFO - logger - Iter 32700 - time: 23    - [train] loss: 0.019  (+/-0.0125) - [valid] loss: 0.0444 (+/-0.0463) - [test] loss: 0.011  (+/-0.006 )
2019-07-20 07:20:09,301 INFO - logger - Iter 32800 - time: 22    - [train] loss: 0.0123 (+/-0.0068) - [valid] loss: 0.0251 (+/-0.0211) - [test] loss: 0.0256 (+/-0.0239)
2019-07-20 07:20:31,418 INFO - logger - Iter 32900 - time: 22    - [train] loss: 0.0149 (+/-0.0088) - [valid] loss: 0.0203 (+/-0.0138) - [test] loss: 0.0453 (+/-0.0426)
2019-07-20 07:20:54,007 INFO - logger - Iter 33000 - time: 22    - [train] loss: 0.0256 (+/-0.024 ) - [valid] loss: 0.025  (+/-0.0174) - [test] loss: 0.0363 (+/-0.018 )
2019-07-20 07:21:16,109 INFO - logger - Iter 33100 - time: 22    - [train] loss: 0.0213 (+/-0.0135) - [valid] loss: 0.0213 (+/-0.0183) - [test] loss: 0.077  (+/-0.0499)
2019-07-20 07:21:38,230 INFO - logger - Iter 33200 - time: 22    - [train] loss: 0.0295 (+/-0.0254) - [valid] loss: 0.0467 (+/-0.0764) - [test] loss: 0.0151 (+/-0.0073)
2019-07-20 07:22:01,600 INFO - logger - Iter 33300 - time: 23    - [train] loss: 0.0229 (+/-0.0102) - [valid] loss: 0.0211 (+/-0.0305) - [test] loss: 0.0413 (+/-0.0618)
2019-07-20 07:22:23,555 INFO - logger - Iter 33400 - time: 21    - [train] loss: 0.0179 (+/-0.0074) - [valid] loss: 0.0402 (+/-0.046 ) - [test] loss: 0.0135 (+/-0.0054)
2019-07-20 07:22:46,362 INFO - logger - Iter 33500 - time: 22    - [train] loss: 0.0222 (+/-0.0107) - [valid] loss: 0.0264 (+/-0.0306) - [test] loss: 0.0205 (+/-0.0114)
2019-07-20 07:23:09,008 INFO - logger - Iter 33600 - time: 22    - [train] loss: 0.0358 (+/-0.0352) - [valid] loss: 0.0228 (+/-0.0119) - [test] loss: 0.0318 (+/-0.0252)
2019-07-20 07:23:31,384 INFO - logger - Iter 33700 - time: 22    - [train] loss: 0.0167 (+/-0.015 ) - [valid] loss: 0.0225 (+/-0.0194) - [test] loss: 0.0112 (+/-0.0096)
2019-07-20 07:23:53,474 INFO - logger - Iter 33800 - time: 22    - [train] loss: 0.0503 (+/-0.0442) - [valid] loss: 0.032  (+/-0.0342) - [test] loss: 0.0411 (+/-0.0227)
2019-07-20 07:24:15,954 INFO - logger - Iter 33900 - time: 22    - [train] loss: 0.0185 (+/-0.0171) - [valid] loss: 0.0516 (+/-0.0691) - [test] loss: 0.0344 (+/-0.032 )
2019-07-20 07:24:37,878 INFO - logger - Iter 34000 - time: 21    - [train] loss: 0.0782 (+/-0.0973) - [valid] loss: 0.0259 (+/-0.0216) - [test] loss: 0.0365 (+/-0.0288)
2019-07-20 07:24:59,970 INFO - logger - Iter 34100 - time: 22    - [train] loss: 0.0472 (+/-0.0524) - [valid] loss: 0.0184 (+/-0.0073) - [test] loss: 0.0309 (+/-0.0239)
2019-07-20 07:25:22,011 INFO - logger - Iter 34200 - time: 22    - [train] loss: 0.0266 (+/-0.029 ) - [valid] loss: 0.0393 (+/-0.0475) - [test] loss: 0.0152 (+/-0.0096)
2019-07-20 07:25:43,904 INFO - logger - Iter 34300 - time: 21    - [train] loss: 0.0166 (+/-0.0123) - [valid] loss: 0.0494 (+/-0.0565) - [test] loss: 0.0191 (+/-0.0132)
2019-07-20 07:26:05,827 INFO - logger - Iter 34400 - time: 21    - [train] loss: 0.0461 (+/-0.0419) - [valid] loss: 0.0231 (+/-0.0112) - [test] loss: 0.0147 (+/-0.0114)
2019-07-20 07:26:28,368 INFO - logger - Iter 34500 - time: 22    - [train] loss: 0.0178 (+/-0.0079) - [valid] loss: 0.0332 (+/-0.0219) - [test] loss: 0.0402 (+/-0.064 )
2019-07-20 07:26:49,695 INFO - logger - Iter 34600 - time: 21    - [train] loss: 0.0215 (+/-0.0121) - [valid] loss: 0.025  (+/-0.0147) - [test] loss: 0.0316 (+/-0.0216)
2019-07-20 07:27:12,000 INFO - logger - Iter 34700 - time: 22    - [train] loss: 0.0272 (+/-0.0156) - [valid] loss: 0.0183 (+/-0.0149) - [test] loss: 0.0135 (+/-0.0044)
2019-07-20 07:27:34,022 INFO - logger - Iter 34800 - time: 22    - [train] loss: 0.0602 (+/-0.0933) - [valid] loss: 0.0314 (+/-0.0203) - [test] loss: 0.0445 (+/-0.0426)
2019-07-20 07:27:55,862 INFO - logger - Iter 34900 - time: 21    - [train] loss: 0.0337 (+/-0.0308) - [valid] loss: 0.0484 (+/-0.0475) - [test] loss: 0.0253 (+/-0.0108)
2019-07-20 07:28:17,744 INFO - logger - Iter 35000 - time: 21    - [train] loss: 0.0647 (+/-0.0657) - [valid] loss: 0.0256 (+/-0.0235) - [test] loss: 0.0987 (+/-0.0986)
2019-07-20 07:28:40,944 INFO - logger - Iter 35100 - time: 23    - [train] loss: 0.0352 (+/-0.0396) - [valid] loss: 0.0181 (+/-0.0134) - [test] loss: 0.0379 (+/-0.0355)
2019-07-20 07:29:03,710 INFO - logger - Iter 35200 - time: 22    - [train] loss: 0.052  (+/-0.0655) - [valid] loss: 0.034  (+/-0.0151) - [test] loss: 0.0095 (+/-0.005 )
2019-07-20 07:29:26,105 INFO - logger - Iter 35300 - time: 22    - [train] loss: 0.0301 (+/-0.0236) - [valid] loss: 0.019  (+/-0.0226) - [test] loss: 0.0262 (+/-0.0169)
2019-07-20 07:29:47,900 INFO - logger - Iter 35400 - time: 21    - [train] loss: 0.1131 (+/-0.186 ) - [valid] loss: 0.0511 (+/-0.047 ) - [test] loss: 0.0113 (+/-0.0046)
2019-07-20 07:30:09,984 INFO - logger - Iter 35500 - time: 22    - [train] loss: 0.0234 (+/-0.0127) - [valid] loss: 0.059  (+/-0.107 ) - [test] loss: 0.0434 (+/-0.035 )
2019-07-20 07:30:32,501 INFO - logger - Iter 35600 - time: 22    - [train] loss: 0.0353 (+/-0.0342) - [valid] loss: 0.0208 (+/-0.0198) - [test] loss: 0.009  (+/-0.0048)
2019-07-20 07:30:54,205 INFO - logger - Iter 35700 - time: 21    - [train] loss: 0.0564 (+/-0.0453) - [valid] loss: 0.0112 (+/-0.008 ) - [test] loss: 0.012  (+/-0.0111)
2019-07-20 07:31:17,666 INFO - logger - Iter 35800 - time: 23    - [train] loss: 0.0539 (+/-0.0443) - [valid] loss: 0.0559 (+/-0.0412) - [test] loss: 0.0376 (+/-0.0218)
2019-07-20 07:31:39,213 INFO - logger - Iter 35900 - time: 21    - [train] loss: 0.0685 (+/-0.0624) - [valid] loss: 0.054  (+/-0.0655) - [test] loss: 0.0307 (+/-0.021 )
2019-07-20 07:32:01,360 INFO - logger - Iter 36000 - time: 22    - [train] loss: 0.0335 (+/-0.0188) - [valid] loss: 0.0222 (+/-0.0135) - [test] loss: 0.0291 (+/-0.0324)
2019-07-20 07:32:23,275 INFO - logger - Iter 36100 - time: 21    - [train] loss: 0.0221 (+/-0.0129) - [valid] loss: 0.0632 (+/-0.0685) - [test] loss: 0.0266 (+/-0.0181)
2019-07-20 07:32:45,130 INFO - logger - Iter 36200 - time: 21    - [train] loss: 0.0194 (+/-0.0133) - [valid] loss: 0.0417 (+/-0.0411) - [test] loss: 0.0369 (+/-0.03  )
2019-07-20 07:33:07,369 INFO - logger - Iter 36300 - time: 22    - [train] loss: 0.028  (+/-0.0351) - [valid] loss: 0.0539 (+/-0.0616) - [test] loss: 0.0117 (+/-0.0118)
2019-07-20 07:33:30,877 INFO - logger - Iter 36400 - time: 23    - [train] loss: 0.2123 (+/-0.3462) - [valid] loss: 0.0219 (+/-0.0118) - [test] loss: 0.0694 (+/-0.1033)
2019-07-20 07:33:52,868 INFO - logger - Iter 36500 - time: 21    - [train] loss: 0.0545 (+/-0.0596) - [valid] loss: 0.0152 (+/-0.0096) - [test] loss: 0.018  (+/-0.0115)
2019-07-20 07:34:14,429 INFO - logger - Iter 36600 - time: 21    - [train] loss: 0.0295 (+/-0.0081) - [valid] loss: 0.0892 (+/-0.1281) - [test] loss: 0.1064 (+/-0.1324)
2019-07-20 07:34:36,087 INFO - logger - Iter 36700 - time: 21    - [train] loss: 0.0213 (+/-0.0094) - [valid] loss: 0.0341 (+/-0.0263) - [test] loss: 0.0297 (+/-0.023 )
2019-07-20 07:34:57,754 INFO - logger - Iter 36800 - time: 21    - [train] loss: 0.0503 (+/-0.0487) - [valid] loss: 0.021  (+/-0.0138) - [test] loss: 0.0592 (+/-0.0451)
2019-07-20 07:35:19,613 INFO - logger - Iter 36900 - time: 21    - [train] loss: 0.0558 (+/-0.073 ) - [valid] loss: 0.0494 (+/-0.0442) - [test] loss: 0.0113 (+/-0.0068)
2019-07-20 07:35:42,260 INFO - logger - Iter 37000 - time: 22    - [train] loss: 0.0601 (+/-0.0598) - [valid] loss: 0.0106 (+/-0.0039) - [test] loss: 0.0169 (+/-0.0084)
2019-07-20 07:36:04,110 INFO - logger - Iter 37100 - time: 21    - [train] loss: 0.0122 (+/-0.0049) - [valid] loss: 0.0642 (+/-0.0711) - [test] loss: 0.0163 (+/-0.0119)
2019-07-20 07:36:25,836 INFO - logger - Iter 37200 - time: 21    - [train] loss: 0.0236 (+/-0.0258) - [valid] loss: 0.0325 (+/-0.0241) - [test] loss: 0.1055 (+/-0.1454)
2019-07-20 07:36:47,210 INFO - logger - Iter 37300 - time: 21    - [train] loss: 0.0255 (+/-0.0201) - [valid] loss: 0.0297 (+/-0.0249) - [test] loss: 0.018  (+/-0.0158)
2019-07-20 07:37:07,577 INFO - logger - Iter 37400 - time: 20    - [train] loss: 0.0665 (+/-0.076 ) - [valid] loss: 0.0094 (+/-0.0031) - [test] loss: 0.0165 (+/-0.0146)
2019-07-20 07:37:28,909 INFO - logger - Iter 37500 - time: 21    - [train] loss: 0.0294 (+/-0.0196) - [valid] loss: 0.0453 (+/-0.0376) - [test] loss: 0.0465 (+/-0.0315)
2019-07-20 07:37:50,831 INFO - logger - Iter 37600 - time: 21    - [train] loss: 0.0188 (+/-0.0076) - [valid] loss: 0.0326 (+/-0.0297) - [test] loss: 0.0256 (+/-0.0264)
2019-07-20 07:38:13,686 INFO - logger - Iter 37700 - time: 22    - [train] loss: 0.0336 (+/-0.0303) - [valid] loss: 0.072  (+/-0.0812) - [test] loss: 0.0189 (+/-0.0116)
2019-07-20 07:38:34,163 INFO - logger - Iter 37800 - time: 20    - [train] loss: 0.0168 (+/-0.0075) - [valid] loss: 0.0293 (+/-0.0404) - [test] loss: 0.0276 (+/-0.0259)
2019-07-20 07:38:54,742 INFO - logger - Iter 37900 - time: 20    - [train] loss: 0.0176 (+/-0.0136) - [valid] loss: 0.0248 (+/-0.021 ) - [test] loss: 0.0128 (+/-0.0062)
2019-07-20 07:39:15,020 INFO - logger - Iter 38000 - time: 20    - [train] loss: 0.0296 (+/-0.0149) - [valid] loss: 0.0313 (+/-0.0191) - [test] loss: 0.0314 (+/-0.0293)
2019-07-20 07:39:36,153 INFO - logger - Iter 38100 - time: 21    - [train] loss: 0.0304 (+/-0.0324) - [valid] loss: 0.0582 (+/-0.075 ) - [test] loss: 0.0333 (+/-0.023 )
2019-07-20 07:39:56,841 INFO - logger - Iter 38200 - time: 20    - [train] loss: 0.0338 (+/-0.032 ) - [valid] loss: 0.0219 (+/-0.0091) - [test] loss: 0.0285 (+/-0.0297)
2019-07-20 07:40:20,291 INFO - logger - Iter 38300 - time: 23    - [train] loss: 0.0231 (+/-0.0228) - [valid] loss: 0.025  (+/-0.0243) - [test] loss: 0.1368 (+/-0.2109)
2019-07-20 07:40:40,864 INFO - logger - Iter 38400 - time: 20    - [train] loss: 0.0429 (+/-0.0371) - [valid] loss: 0.0565 (+/-0.0838) - [test] loss: 0.026  (+/-0.0217)
2019-07-20 07:41:02,123 INFO - logger - Iter 38500 - time: 21    - [train] loss: 0.0766 (+/-0.0697) - [valid] loss: 0.0347 (+/-0.0391) - [test] loss: 0.0247 (+/-0.0138)
2019-07-20 07:41:22,991 INFO - logger - Iter 38600 - time: 20    - [train] loss: 0.058  (+/-0.0899) - [valid] loss: 0.0303 (+/-0.0287) - [test] loss: 0.0203 (+/-0.0101)
2019-07-20 07:41:43,138 INFO - logger - Iter 38700 - time: 20    - [train] loss: 0.0158 (+/-0.0059) - [valid] loss: 0.0105 (+/-0.0035) - [test] loss: 0.0113 (+/-0.0034)
2019-07-20 07:42:03,903 INFO - logger - Iter 38800 - time: 20    - [train] loss: 0.0931 (+/-0.085 ) - [valid] loss: 0.027  (+/-0.024 ) - [test] loss: 0.037  (+/-0.0303)
2019-07-20 07:42:25,995 INFO - logger - Iter 38900 - time: 22    - [train] loss: 0.0631 (+/-0.0713) - [valid] loss: 0.0195 (+/-0.0171) - [test] loss: 0.0247 (+/-0.0183)
2019-07-20 07:42:47,514 INFO - logger - Iter 39000 - time: 21    - [train] loss: 0.0355 (+/-0.0327) - [valid] loss: 0.0233 (+/-0.0175) - [test] loss: 0.0555 (+/-0.0842)
2019-07-20 07:43:07,816 INFO - logger - Iter 39100 - time: 20    - [train] loss: 0.0141 (+/-0.0074) - [valid] loss: 0.0345 (+/-0.0248) - [test] loss: 0.0228 (+/-0.0141)
2019-07-20 07:43:29,332 INFO - logger - Iter 39200 - time: 21    - [train] loss: 0.049  (+/-0.0347) - [valid] loss: 0.0447 (+/-0.0269) - [test] loss: 0.0265 (+/-0.0165)
2019-07-20 07:43:49,525 INFO - logger - Iter 39300 - time: 20    - [train] loss: 0.0208 (+/-0.014 ) - [valid] loss: 0.0699 (+/-0.0801) - [test] loss: 0.0222 (+/-0.0137)
2019-07-20 07:44:09,672 INFO - logger - Iter 39400 - time: 20    - [train] loss: 0.0281 (+/-0.0208) - [valid] loss: 0.0467 (+/-0.0365) - [test] loss: 0.0244 (+/-0.0184)
2019-07-20 07:44:30,532 INFO - logger - Iter 39500 - time: 20    - [train] loss: 0.0476 (+/-0.0386) - [valid] loss: 0.0236 (+/-0.018 ) - [test] loss: 0.0597 (+/-0.0438)
2019-07-20 07:44:53,776 INFO - logger - Iter 39600 - time: 23    - [train] loss: 0.0251 (+/-0.0263) - [valid] loss: 0.0357 (+/-0.0271) - [test] loss: 0.0148 (+/-0.0105)
2019-07-20 07:45:14,714 INFO - logger - Iter 39700 - time: 20    - [train] loss: 0.0481 (+/-0.0764) - [valid] loss: 0.017  (+/-0.0083) - [test] loss: 0.1212 (+/-0.1838)
2019-07-20 07:45:35,400 INFO - logger - Iter 39800 - time: 20    - [train] loss: 0.0362 (+/-0.0243) - [valid] loss: 0.0168 (+/-0.0092) - [test] loss: 0.0445 (+/-0.0354)
2019-07-20 07:45:54,531 INFO - logger - Iter 39900 - time: 19    - [train] loss: 0.0339 (+/-0.042 ) - [valid] loss: 0.0157 (+/-0.009 ) - [test] loss: 0.028  (+/-0.0294)
2019-07-20 07:46:14,502 INFO - logger - Iter 40000 - time: 19    - [train] loss: 0.0479 (+/-0.04  ) - [valid] loss: 0.0258 (+/-0.0201) - [test] loss: 0.0419 (+/-0.0405)
2019-07-20 07:46:34,444 INFO - logger - Iter 40100 - time: 19    - [train] loss: 0.0314 (+/-0.0369) - [valid] loss: 0.0383 (+/-0.0317) - [test] loss: 0.049  (+/-0.0398)
2019-07-20 07:46:55,412 INFO - logger - Iter 40200 - time: 20    - [train] loss: 0.03   (+/-0.0163) - [valid] loss: 0.0465 (+/-0.0302) - [test] loss: 0.1368 (+/-0.2333)
2019-07-20 07:47:16,169 INFO - logger - Iter 40300 - time: 20    - [train] loss: 0.023  (+/-0.0162) - [valid] loss: 0.0184 (+/-0.008 ) - [test] loss: 0.0911 (+/-0.1047)
2019-07-20 07:47:36,146 INFO - logger - Iter 40400 - time: 19    - [train] loss: 0.0248 (+/-0.0138) - [valid] loss: 0.0093 (+/-0.0044) - [test] loss: 0.0096 (+/-0.0038)
2019-07-20 07:47:55,998 INFO - logger - Iter 40500 - time: 19    - [train] loss: 0.0313 (+/-0.0179) - [valid] loss: 0.0425 (+/-0.0265) - [test] loss: 0.0252 (+/-0.0162)
2019-07-20 07:48:15,371 INFO - logger - Iter 40600 - time: 19    - [train] loss: 0.0463 (+/-0.0497) - [valid] loss: 0.0153 (+/-0.0106) - [test] loss: 0.0371 (+/-0.0467)
2019-07-20 07:48:35,380 INFO - logger - Iter 40700 - time: 20    - [train] loss: 0.0473 (+/-0.0445) - [valid] loss: 0.0207 (+/-0.0163) - [test] loss: 0.0423 (+/-0.0309)
2019-07-20 07:48:55,330 INFO - logger - Iter 40800 - time: 19    - [train] loss: 0.0314 (+/-0.0262) - [valid] loss: 0.0325 (+/-0.0325) - [test] loss: 0.0823 (+/-0.0807)
2019-07-20 07:49:17,332 INFO - logger - Iter 40900 - time: 22    - [train] loss: 0.0545 (+/-0.068 ) - [valid] loss: 0.0398 (+/-0.041 ) - [test] loss: 0.0462 (+/-0.0426)
2019-07-20 07:49:36,519 INFO - logger - Iter 41000 - time: 19    - [train] loss: 0.0487 (+/-0.0323) - [valid] loss: 0.0377 (+/-0.042 ) - [test] loss: 0.0267 (+/-0.0175)
2019-07-20 07:49:55,979 INFO - logger - Iter 41100 - time: 19    - [train] loss: 0.0644 (+/-0.072 ) - [valid] loss: 0.0301 (+/-0.0249) - [test] loss: 0.0737 (+/-0.0926)
2019-07-20 07:50:16,624 INFO - logger - Iter 41200 - time: 20    - [train] loss: 0.0195 (+/-0.0128) - [valid] loss: 0.0866 (+/-0.1492) - [test] loss: 0.0248 (+/-0.0216)
2019-07-20 07:50:35,756 INFO - logger - Iter 41300 - time: 19    - [train] loss: 0.0348 (+/-0.0348) - [valid] loss: 0.0522 (+/-0.0253) - [test] loss: 0.0153 (+/-0.0072)
2019-07-20 07:50:55,171 INFO - logger - Iter 41400 - time: 19    - [train] loss: 0.0533 (+/-0.0602) - [valid] loss: 0.0191 (+/-0.0237) - [test] loss: 0.0303 (+/-0.0246)
2019-07-20 07:51:15,264 INFO - logger - Iter 41500 - time: 20    - [train] loss: 0.0224 (+/-0.0223) - [valid] loss: 0.0295 (+/-0.0345) - [test] loss: 0.0447 (+/-0.0495)
2019-07-20 07:51:35,216 INFO - logger - Iter 41600 - time: 19    - [train] loss: 0.0289 (+/-0.0216) - [valid] loss: 0.0304 (+/-0.0239) - [test] loss: 0.0355 (+/-0.02  )
2019-07-20 07:51:55,216 INFO - logger - Iter 41700 - time: 20    - [train] loss: 0.0556 (+/-0.0594) - [valid] loss: 0.0185 (+/-0.0138) - [test] loss: 0.0408 (+/-0.0408)
2019-07-20 07:52:14,672 INFO - logger - Iter 41800 - time: 19    - [train] loss: 0.0561 (+/-0.0972) - [valid] loss: 0.0347 (+/-0.0242) - [test] loss: 0.043  (+/-0.0721)
2019-07-20 07:52:33,698 INFO - logger - Iter 41900 - time: 19    - [train] loss: 0.025  (+/-0.0137) - [valid] loss: 0.0322 (+/-0.0188) - [test] loss: 0.0168 (+/-0.0051)
2019-07-20 07:52:54,041 INFO - logger - Iter 42000 - time: 20    - [train] loss: 0.0304 (+/-0.0182) - [valid] loss: 0.0327 (+/-0.0298) - [test] loss: 0.0181 (+/-0.0078)
2019-07-20 07:53:14,066 INFO - logger - Iter 42100 - time: 20    - [train] loss: 0.0296 (+/-0.0235) - [valid] loss: 0.0827 (+/-0.1297) - [test] loss: 0.0093 (+/-0.0031)
2019-07-20 07:53:34,049 INFO - logger - Iter 42200 - time: 19    - [train] loss: 0.0232 (+/-0.0132) - [valid] loss: 0.0207 (+/-0.0131) - [test] loss: 0.0261 (+/-0.0101)
2019-07-20 07:53:53,673 INFO - logger - Iter 42300 - time: 19    - [train] loss: 0.0488 (+/-0.038 ) - [valid] loss: 0.0356 (+/-0.0259) - [test] loss: 0.0555 (+/-0.0943)
2019-07-20 07:54:13,529 INFO - logger - Iter 42400 - time: 19    - [train] loss: 0.0442 (+/-0.0331) - [valid] loss: 0.0529 (+/-0.0677) - [test] loss: 0.0136 (+/-0.0057)
2019-07-20 07:54:33,638 INFO - logger - Iter 42500 - time: 20    - [train] loss: 0.0208 (+/-0.0147) - [valid] loss: 0.0371 (+/-0.0343) - [test] loss: 0.0378 (+/-0.0478)
2019-07-20 07:54:52,815 INFO - logger - Iter 42600 - time: 19    - [train] loss: 0.0233 (+/-0.0152) - [valid] loss: 0.0312 (+/-0.017 ) - [test] loss: 0.0414 (+/-0.0252)
2019-07-20 07:55:12,132 INFO - logger - Iter 42700 - time: 19    - [train] loss: 0.0361 (+/-0.0432) - [valid] loss: 0.0273 (+/-0.0272) - [test] loss: 0.0255 (+/-0.0225)
2019-07-20 07:55:31,405 INFO - logger - Iter 42800 - time: 19    - [train] loss: 0.0094 (+/-0.0027) - [valid] loss: 0.0749 (+/-0.0558) - [test] loss: 0.0173 (+/-0.0096)
2019-07-20 07:55:51,625 INFO - logger - Iter 42900 - time: 20    - [train] loss: 0.0331 (+/-0.0284) - [valid] loss: 0.0132 (+/-0.0062) - [test] loss: 0.0185 (+/-0.012 )
2019-07-20 07:56:10,830 INFO - logger - Iter 43000 - time: 19    - [train] loss: 0.0184 (+/-0.0096) - [valid] loss: 0.0335 (+/-0.0322) - [test] loss: 0.1066 (+/-0.1391)
2019-07-20 07:56:30,998 INFO - logger - Iter 43100 - time: 20    - [train] loss: 0.0253 (+/-0.017 ) - [valid] loss: 0.0241 (+/-0.0254) - [test] loss: 0.0489 (+/-0.0448)
2019-07-20 07:56:50,639 INFO - logger - Iter 43200 - time: 19    - [train] loss: 0.0444 (+/-0.0485) - [valid] loss: 0.0099 (+/-0.0071) - [test] loss: 0.0171 (+/-0.0137)
2019-07-20 07:57:10,404 INFO - logger - Iter 43300 - time: 19    - [train] loss: 0.0812 (+/-0.0924) - [valid] loss: 0.0168 (+/-0.0058) - [test] loss: 0.0222 (+/-0.0099)
2019-07-20 07:57:30,319 INFO - logger - Iter 43400 - time: 19    - [train] loss: 0.0148 (+/-0.008 ) - [valid] loss: 0.0214 (+/-0.0152) - [test] loss: 0.0984 (+/-0.177 )
2019-07-20 07:57:51,811 INFO - logger - Iter 43500 - time: 21    - [train] loss: 0.1818 (+/-0.2324) - [valid] loss: 0.021  (+/-0.0155) - [test] loss: 0.051  (+/-0.0341)
2019-07-20 07:58:12,549 INFO - logger - Iter 43600 - time: 20    - [train] loss: 0.0308 (+/-0.0347) - [valid] loss: 0.0193 (+/-0.0101) - [test] loss: 0.0122 (+/-0.0059)
2019-07-20 07:58:32,343 INFO - logger - Iter 43700 - time: 19    - [train] loss: 0.0383 (+/-0.0395) - [valid] loss: 0.0162 (+/-0.0103) - [test] loss: 0.0135 (+/-0.0083)
2019-07-20 07:58:52,157 INFO - logger - Iter 43800 - time: 19    - [train] loss: 0.0114 (+/-0.0066) - [valid] loss: 0.0099 (+/-0.0066) - [test] loss: 0.0145 (+/-0.0095)
2019-07-20 07:59:12,298 INFO - logger - Iter 43900 - time: 20    - [train] loss: 0.0465 (+/-0.0421) - [valid] loss: 0.0393 (+/-0.0261) - [test] loss: 0.0157 (+/-0.0099)
2019-07-20 07:59:31,735 INFO - logger - Iter 44000 - time: 19    - [train] loss: 0.0213 (+/-0.0153) - [valid] loss: 0.0217 (+/-0.0201) - [test] loss: 0.0147 (+/-0.0108)
2019-07-20 07:59:52,643 INFO - logger - Iter 44100 - time: 20    - [train] loss: 0.0897 (+/-0.1224) - [valid] loss: 0.0358 (+/-0.0421) - [test] loss: 0.0154 (+/-0.0077)
2019-07-20 08:00:13,835 INFO - logger - Iter 44200 - time: 21    - [train] loss: 0.0369 (+/-0.0345) - [valid] loss: 0.0184 (+/-0.0241) - [test] loss: 0.0268 (+/-0.0186)
2019-07-20 08:00:33,106 INFO - logger - Iter 44300 - time: 19    - [train] loss: 0.02   (+/-0.0131) - [valid] loss: 0.0215 (+/-0.0238) - [test] loss: 0.0549 (+/-0.0678)
2019-07-20 08:00:53,000 INFO - logger - Iter 44400 - time: 19    - [train] loss: 0.0939 (+/-0.1083) - [valid] loss: 0.0398 (+/-0.0297) - [test] loss: 0.0502 (+/-0.0725)
2019-07-20 08:01:12,341 INFO - logger - Iter 44500 - time: 19    - [train] loss: 0.0782 (+/-0.0887) - [valid] loss: 0.0323 (+/-0.0181) - [test] loss: 0.0247 (+/-0.0196)
2019-07-20 08:01:32,179 INFO - logger - Iter 44600 - time: 19    - [train] loss: 0.018  (+/-0.0079) - [valid] loss: 0.0146 (+/-0.0067) - [test] loss: 0.0349 (+/-0.0322)
2019-07-20 08:01:52,070 INFO - logger - Iter 44700 - time: 19    - [train] loss: 0.0297 (+/-0.0326) - [valid] loss: 0.0308 (+/-0.0512) - [test] loss: 0.0474 (+/-0.0508)
2019-07-20 08:02:13,995 INFO - logger - Iter 44800 - time: 21    - [train] loss: 0.0154 (+/-0.0104) - [valid] loss: 0.0375 (+/-0.043 ) - [test] loss: 0.0448 (+/-0.0419)
2019-07-20 08:02:34,877 INFO - logger - Iter 44900 - time: 20    - [train] loss: 0.0172 (+/-0.0089) - [valid] loss: 0.0165 (+/-0.0108) - [test] loss: 0.0394 (+/-0.0332)
2019-07-20 08:02:53,744 INFO - logger - Iter 45000 - time: 18    - [train] loss: 0.059  (+/-0.0381) - [valid] loss: 0.0305 (+/-0.0225) - [test] loss: 0.1624 (+/-0.1799)
2019-07-20 08:03:13,791 INFO - logger - Iter 45100 - time: 20    - [train] loss: 0.0447 (+/-0.0207) - [valid] loss: 0.0317 (+/-0.0169) - [test] loss: 0.0217 (+/-0.0059)
2019-07-20 08:03:33,137 INFO - logger - Iter 45200 - time: 19    - [train] loss: 0.017  (+/-0.0119) - [valid] loss: 0.0162 (+/-0.0129) - [test] loss: 0.0378 (+/-0.0207)
2019-07-20 08:03:52,545 INFO - logger - Iter 45300 - time: 19    - [train] loss: 0.0121 (+/-0.0064) - [valid] loss: 0.0391 (+/-0.0271) - [test] loss: 0.0422 (+/-0.0342)
2019-07-20 08:04:13,283 INFO - logger - Iter 45400 - time: 20    - [train] loss: 0.0259 (+/-0.0209) - [valid] loss: 0.0236 (+/-0.014 ) - [test] loss: 0.0199 (+/-0.0146)
2019-07-20 08:04:35,299 INFO - logger - Iter 45500 - time: 22    - [train] loss: 0.069  (+/-0.1214) - [valid] loss: 0.0158 (+/-0.0105) - [test] loss: 0.04   (+/-0.0742)
2019-07-20 08:04:54,449 INFO - logger - Iter 45600 - time: 19    - [train] loss: 0.0324 (+/-0.0206) - [valid] loss: 0.0479 (+/-0.0367) - [test] loss: 0.0202 (+/-0.0105)
2019-07-20 08:05:14,114 INFO - logger - Iter 45700 - time: 19    - [train] loss: 0.0223 (+/-0.0182) - [valid] loss: 0.0437 (+/-0.0443) - [test] loss: 0.0315 (+/-0.0209)
2019-07-20 08:05:33,200 INFO - logger - Iter 45800 - time: 19    - [train] loss: 0.0277 (+/-0.0425) - [valid] loss: 0.0166 (+/-0.0169) - [test] loss: 0.0905 (+/-0.0897)
2019-07-20 08:05:52,114 INFO - logger - Iter 45900 - time: 18    - [train] loss: 0.0219 (+/-0.0103) - [valid] loss: 0.0386 (+/-0.0362) - [test] loss: 0.0394 (+/-0.058 )
2019-07-20 08:06:11,922 INFO - logger - Iter 46000 - time: 19    - [train] loss: 0.045  (+/-0.0415) - [valid] loss: 0.0316 (+/-0.0158) - [test] loss: 0.0212 (+/-0.0107)
2019-07-20 08:06:33,804 INFO - logger - Iter 46100 - time: 21    - [train] loss: 0.0206 (+/-0.0152) - [valid] loss: 0.028  (+/-0.0276) - [test] loss: 0.0525 (+/-0.0324)
2019-07-20 08:06:54,178 INFO - logger - Iter 46200 - time: 20    - [train] loss: 0.0748 (+/-0.0847) - [valid] loss: 0.0247 (+/-0.0206) - [test] loss: 0.1411 (+/-0.1706)
2019-07-20 08:07:14,472 INFO - logger - Iter 46300 - time: 20    - [train] loss: 0.0155 (+/-0.0113) - [valid] loss: 0.0175 (+/-0.0172) - [test] loss: 0.0085 (+/-0.0033)
2019-07-20 08:07:33,922 INFO - logger - Iter 46400 - time: 19    - [train] loss: 0.0142 (+/-0.0043) - [valid] loss: 0.0338 (+/-0.0269) - [test] loss: 0.0324 (+/-0.0203)
2019-07-20 08:07:53,508 INFO - logger - Iter 46500 - time: 19    - [train] loss: 0.0287 (+/-0.0253) - [valid] loss: 0.0579 (+/-0.0664) - [test] loss: 0.0343 (+/-0.0476)
2019-07-20 08:08:13,892 INFO - logger - Iter 46600 - time: 20    - [train] loss: 0.0233 (+/-0.0206) - [valid] loss: 0.0849 (+/-0.0968) - [test] loss: 0.0123 (+/-0.0072)
2019-07-20 08:08:33,933 INFO - logger - Iter 46700 - time: 20    - [train] loss: 0.0131 (+/-0.0044) - [valid] loss: 0.0215 (+/-0.0108) - [test] loss: 0.022  (+/-0.0098)
2019-07-20 08:08:56,238 INFO - logger - Iter 46800 - time: 22    - [train] loss: 0.02   (+/-0.0107) - [valid] loss: 0.0094 (+/-0.0045) - [test] loss: 0.0131 (+/-0.0074)
2019-07-20 08:09:15,478 INFO - logger - Iter 46900 - time: 19    - [train] loss: 0.0223 (+/-0.0112) - [valid] loss: 0.04   (+/-0.0308) - [test] loss: 0.0427 (+/-0.0484)
2019-07-20 08:09:35,236 INFO - logger - Iter 47000 - time: 19    - [train] loss: 0.0201 (+/-0.0127) - [valid] loss: 0.0352 (+/-0.0539) - [test] loss: 0.0864 (+/-0.1552)
2019-07-20 08:09:54,910 INFO - logger - Iter 47100 - time: 19    - [train] loss: 0.0291 (+/-0.0286) - [valid] loss: 0.0411 (+/-0.0313) - [test] loss: 0.0197 (+/-0.0081)
2019-07-20 08:10:14,581 INFO - logger - Iter 47200 - time: 19    - [train] loss: 0.0402 (+/-0.0175) - [valid] loss: 0.0284 (+/-0.0094) - [test] loss: 0.0349 (+/-0.0271)
2019-07-20 08:10:34,435 INFO - logger - Iter 47300 - time: 19    - [train] loss: 0.0225 (+/-0.011 ) - [valid] loss: 0.0111 (+/-0.0074) - [test] loss: 0.013  (+/-0.0102)
2019-07-20 08:10:55,713 INFO - logger - Iter 47400 - time: 21    - [train] loss: 0.0306 (+/-0.0202) - [valid] loss: 0.0228 (+/-0.0125) - [test] loss: 0.0345 (+/-0.0277)
2019-07-20 08:11:17,029 INFO - logger - Iter 47500 - time: 21    - [train] loss: 0.0505 (+/-0.0729) - [valid] loss: 0.0241 (+/-0.0196) - [test] loss: 0.0282 (+/-0.0187)
2019-07-20 08:11:37,026 INFO - logger - Iter 47600 - time: 19    - [train] loss: 0.0308 (+/-0.0271) - [valid] loss: 0.0833 (+/-0.0752) - [test] loss: 0.0345 (+/-0.0451)
2019-07-20 08:11:56,836 INFO - logger - Iter 47700 - time: 19    - [train] loss: 0.034  (+/-0.0455) - [valid] loss: 0.024  (+/-0.0147) - [test] loss: 0.0274 (+/-0.0243)
2019-07-20 08:12:16,048 INFO - logger - Iter 47800 - time: 19    - [train] loss: 0.0363 (+/-0.0323) - [valid] loss: 0.0202 (+/-0.0166) - [test] loss: 0.0272 (+/-0.0341)
2019-07-20 08:12:36,563 INFO - logger - Iter 47900 - time: 20    - [train] loss: 0.0217 (+/-0.0176) - [valid] loss: 0.0353 (+/-0.0474) - [test] loss: 0.0103 (+/-0.0045)
2019-07-20 08:12:56,622 INFO - logger - Iter 48000 - time: 20    - [train] loss: 0.0655 (+/-0.0546) - [valid] loss: 0.0298 (+/-0.0312) - [test] loss: 0.0314 (+/-0.0234)
2019-07-20 08:13:18,154 INFO - logger - Iter 48100 - time: 21    - [train] loss: 0.0601 (+/-0.0796) - [valid] loss: 0.0926 (+/-0.1021) - [test] loss: 0.0368 (+/-0.0362)
2019-07-20 08:13:37,471 INFO - logger - Iter 48200 - time: 19    - [train] loss: 0.0557 (+/-0.0442) - [valid] loss: 0.0402 (+/-0.0191) - [test] loss: 0.022  (+/-0.0116)
2019-07-20 08:13:57,615 INFO - logger - Iter 48300 - time: 20    - [train] loss: 0.0783 (+/-0.1375) - [valid] loss: 0.0814 (+/-0.0938) - [test] loss: 0.0635 (+/-0.0785)
2019-07-20 08:14:16,826 INFO - logger - Iter 48400 - time: 19    - [train] loss: 0.0552 (+/-0.0685) - [valid] loss: 0.017  (+/-0.0085) - [test] loss: 0.0239 (+/-0.0234)
2019-07-20 08:14:36,941 INFO - logger - Iter 48500 - time: 20    - [train] loss: 0.0464 (+/-0.0525) - [valid] loss: 0.0141 (+/-0.0063) - [test] loss: 0.0265 (+/-0.0142)
2019-07-20 08:14:56,648 INFO - logger - Iter 48600 - time: 19    - [train] loss: 0.0374 (+/-0.0194) - [valid] loss: 0.0234 (+/-0.0145) - [test] loss: 0.0259 (+/-0.0245)
2019-07-20 08:15:17,949 INFO - logger - Iter 48700 - time: 21    - [train] loss: 0.0252 (+/-0.0177) - [valid] loss: 0.0652 (+/-0.0663) - [test] loss: 0.0202 (+/-0.0104)
2019-07-20 08:15:38,795 INFO - logger - Iter 48800 - time: 20    - [train] loss: 0.044  (+/-0.0251) - [valid] loss: 0.0192 (+/-0.0119) - [test] loss: 0.0411 (+/-0.0418)
2019-07-20 08:15:58,955 INFO - logger - Iter 48900 - time: 20    - [train] loss: 0.0353 (+/-0.0525) - [valid] loss: 0.0315 (+/-0.0358) - [test] loss: 0.0197 (+/-0.0153)
2019-07-20 08:16:18,868 INFO - logger - Iter 49000 - time: 19    - [train] loss: 0.0177 (+/-0.0203) - [valid] loss: 0.0174 (+/-0.0099) - [test] loss: 0.0257 (+/-0.0181)
2019-07-20 08:16:37,630 INFO - logger - Iter 49100 - time: 18    - [train] loss: 0.0264 (+/-0.0088) - [valid] loss: 0.0439 (+/-0.0455) - [test] loss: 0.0568 (+/-0.054 )
2019-07-20 08:16:57,330 INFO - logger - Iter 49200 - time: 19    - [train] loss: 0.0249 (+/-0.0178) - [valid] loss: 0.0336 (+/-0.0591) - [test] loss: 0.0786 (+/-0.0536)
2019-07-20 08:17:18,345 INFO - logger - Iter 49300 - time: 21    - [train] loss: 0.0225 (+/-0.0221) - [valid] loss: 0.0207 (+/-0.0216) - [test] loss: 0.0398 (+/-0.0316)
2019-07-20 08:17:40,337 INFO - logger - Iter 49400 - time: 21    - [train] loss: 0.0175 (+/-0.0166) - [valid] loss: 0.0136 (+/-0.0112) - [test] loss: 0.0316 (+/-0.0292)
2019-07-20 08:17:59,978 INFO - logger - Iter 49500 - time: 19    - [train] loss: 0.0187 (+/-0.008 ) - [valid] loss: 0.019  (+/-0.0113) - [test] loss: 0.0179 (+/-0.0068)
2019-07-20 08:18:19,201 INFO - logger - Iter 49600 - time: 19    - [train] loss: 0.0321 (+/-0.03  ) - [valid] loss: 0.0409 (+/-0.0424) - [test] loss: 0.0165 (+/-0.012 )
2019-07-20 08:18:38,302 INFO - logger - Iter 49700 - time: 19    - [train] loss: 0.016  (+/-0.0102) - [valid] loss: 0.0134 (+/-0.0105) - [test] loss: 0.0113 (+/-0.0052)
2019-07-20 08:18:57,054 INFO - logger - Iter 49800 - time: 18    - [train] loss: 0.018  (+/-0.0089) - [valid] loss: 0.021  (+/-0.0177) - [test] loss: 0.0187 (+/-0.0119)
2019-07-20 08:19:15,891 INFO - logger - Iter 49900 - time: 18    - [train] loss: 0.1079 (+/-0.1133) - [valid] loss: 0.0426 (+/-0.0752) - [test] loss: 0.0344 (+/-0.0403)
