2019-07-22 12:26:03,121 INFO - log_helper - Finished configuring logger
2019-07-22 12:26:04,998 INFO - logger - Iter 0    - time: 5     - [train] loss: 4.38143951184681e+31 (+/-8.529239196132717e+31) - [valid] loss: 4.9609297560484844e+29 (+/-9.841049754027181e+29) - [test] loss: 2.296078298574943e+29 (+/-4.2195355512630964e+29)
2019-07-22 12:26:34,398 INFO - logger - Iter 100  - time: 29    - [train] loss: nan    (+/-nan   ) - [valid] loss: nan    (+/-nan   ) - [test] loss: nan    (+/-nan   )
2019-07-22 12:27:01,888 INFO - logger - Iter 200  - time: 27    - [train] loss: nan    (+/-nan   ) - [valid] loss: nan    (+/-nan   ) - [test] loss: nan    (+/-nan   )
2019-07-22 12:27:29,964 INFO - logger - Iter 300  - time: 28    - [train] loss: nan    (+/-nan   ) - [valid] loss: nan    (+/-nan   ) - [test] loss: nan    (+/-nan   )
2019-07-22 12:27:57,574 INFO - logger - Iter 400  - time: 27    - [train] loss: nan    (+/-nan   ) - [valid] loss: nan    (+/-nan   ) - [test] loss: nan    (+/-nan   )
2019-07-22 12:28:24,714 INFO - logger - Iter 500  - time: 27    - [train] loss: nan    (+/-nan   ) - [valid] loss: nan    (+/-nan   ) - [test] loss: nan    (+/-nan   )
2019-07-22 12:28:52,356 INFO - logger - Iter 600  - time: 27    - [train] loss: nan    (+/-nan   ) - [valid] loss: nan    (+/-nan   ) - [test] loss: nan    (+/-nan   )
2019-07-22 12:29:18,889 INFO - logger - Iter 700  - time: 26    - [train] loss: nan    (+/-nan   ) - [valid] loss: nan    (+/-nan   ) - [test] loss: nan    (+/-nan   )
2019-07-22 12:29:47,164 INFO - logger - Iter 800  - time: 28    - [train] loss: nan    (+/-nan   ) - [valid] loss: nan    (+/-nan   ) - [test] loss: nan    (+/-nan   )
2019-07-22 12:30:14,444 INFO - logger - Iter 900  - time: 27    - [train] loss: nan    (+/-nan   ) - [valid] loss: nan    (+/-nan   ) - [test] loss: nan    (+/-nan   )
2019-07-22 12:30:42,348 INFO - logger - Iter 1000 - time: 27    - [train] loss: nan    (+/-nan   ) - [valid] loss: nan    (+/-nan   ) - [test] loss: nan    (+/-nan   )
2019-07-22 12:31:09,422 INFO - logger - Iter 1100 - time: 27    - [train] loss: nan    (+/-nan   ) - [valid] loss: nan    (+/-nan   ) - [test] loss: nan    (+/-nan   )
2019-07-22 12:31:37,012 INFO - logger - Iter 1200 - time: 27    - [train] loss: nan    (+/-nan   ) - [valid] loss: nan    (+/-nan   ) - [test] loss: nan    (+/-nan   )
2019-07-22 12:32:04,676 INFO - logger - Iter 1300 - time: 27    - [train] loss: nan    (+/-nan   ) - [valid] loss: nan    (+/-nan   ) - [test] loss: nan    (+/-nan   )
2019-07-22 12:32:32,027 INFO - logger - Iter 1400 - time: 27    - [train] loss: nan    (+/-nan   ) - [valid] loss: nan    (+/-nan   ) - [test] loss: nan    (+/-nan   )
2019-07-22 12:33:00,513 INFO - logger - Iter 1500 - time: 28    - [train] loss: nan    (+/-nan   ) - [valid] loss: nan    (+/-nan   ) - [test] loss: nan    (+/-nan   )
2019-07-22 12:33:26,842 INFO - logger - Iter 1600 - time: 26    - [train] loss: nan    (+/-nan   ) - [valid] loss: nan    (+/-nan   ) - [test] loss: nan    (+/-nan   )
2019-07-22 12:33:53,782 INFO - logger - Iter 1700 - time: 26    - [train] loss: nan    (+/-nan   ) - [valid] loss: nan    (+/-nan   ) - [test] loss: nan    (+/-nan   )
2019-07-22 12:34:21,965 INFO - logger - Iter 1800 - time: 28    - [train] loss: nan    (+/-nan   ) - [valid] loss: nan    (+/-nan   ) - [test] loss: nan    (+/-nan   )
2019-07-22 12:34:49,455 INFO - logger - Iter 1900 - time: 27    - [train] loss: nan    (+/-nan   ) - [valid] loss: nan    (+/-nan   ) - [test] loss: nan    (+/-nan   )
2019-07-22 12:35:16,949 INFO - logger - Iter 2000 - time: 27    - [train] loss: nan    (+/-nan   ) - [valid] loss: nan    (+/-nan   ) - [test] loss: nan    (+/-nan   )
2019-07-22 12:35:45,532 INFO - logger - Iter 2100 - time: 28    - [train] loss: nan    (+/-nan   ) - [valid] loss: nan    (+/-nan   ) - [test] loss: nan    (+/-nan   )
2019-07-22 12:36:13,800 INFO - logger - Iter 2200 - time: 28    - [train] loss: nan    (+/-nan   ) - [valid] loss: nan    (+/-nan   ) - [test] loss: nan    (+/-nan   )
2019-07-22 12:36:42,555 INFO - logger - Iter 2300 - time: 28    - [train] loss: nan    (+/-nan   ) - [valid] loss: nan    (+/-nan   ) - [test] loss: nan    (+/-nan   )
2019-07-22 12:37:10,054 INFO - logger - Iter 2400 - time: 27    - [train] loss: nan    (+/-nan   ) - [valid] loss: nan    (+/-nan   ) - [test] loss: nan    (+/-nan   )
2019-07-22 12:37:38,336 INFO - logger - Iter 2500 - time: 28    - [train] loss: nan    (+/-nan   ) - [valid] loss: nan    (+/-nan   ) - [test] loss: nan    (+/-nan   )
2019-07-22 12:38:05,523 INFO - logger - Iter 2600 - time: 27    - [train] loss: nan    (+/-nan   ) - [valid] loss: nan    (+/-nan   ) - [test] loss: nan    (+/-nan   )
2019-07-22 12:38:33,254 INFO - logger - Iter 2700 - time: 27    - [train] loss: nan    (+/-nan   ) - [valid] loss: nan    (+/-nan   ) - [test] loss: nan    (+/-nan   )
2019-07-22 12:39:00,327 INFO - logger - Iter 2800 - time: 27    - [train] loss: nan    (+/-nan   ) - [valid] loss: nan    (+/-nan   ) - [test] loss: nan    (+/-nan   )
2019-07-22 12:39:28,578 INFO - logger - Iter 2900 - time: 28    - [train] loss: nan    (+/-nan   ) - [valid] loss: nan    (+/-nan   ) - [test] loss: nan    (+/-nan   )
2019-07-22 12:39:56,525 INFO - logger - Iter 3000 - time: 27    - [train] loss: nan    (+/-nan   ) - [valid] loss: nan    (+/-nan   ) - [test] loss: nan    (+/-nan   )
2019-07-22 12:40:23,158 INFO - logger - Iter 3100 - time: 26    - [train] loss: nan    (+/-nan   ) - [valid] loss: nan    (+/-nan   ) - [test] loss: nan    (+/-nan   )
2019-07-22 12:40:51,334 INFO - logger - Iter 3200 - time: 28    - [train] loss: nan    (+/-nan   ) - [valid] loss: nan    (+/-nan   ) - [test] loss: nan    (+/-nan   )
2019-07-22 12:41:18,010 INFO - logger - Iter 3300 - time: 26    - [train] loss: nan    (+/-nan   ) - [valid] loss: nan    (+/-nan   ) - [test] loss: nan    (+/-nan   )
2019-07-22 12:41:45,733 INFO - logger - Iter 3400 - time: 27    - [train] loss: nan    (+/-nan   ) - [valid] loss: nan    (+/-nan   ) - [test] loss: nan    (+/-nan   )
2019-07-22 12:42:12,730 INFO - logger - Iter 3500 - time: 26    - [train] loss: nan    (+/-nan   ) - [valid] loss: nan    (+/-nan   ) - [test] loss: nan    (+/-nan   )
2019-07-22 12:42:40,386 INFO - logger - Iter 3600 - time: 27    - [train] loss: nan    (+/-nan   ) - [valid] loss: nan    (+/-nan   ) - [test] loss: nan    (+/-nan   )
2019-07-22 12:43:08,651 INFO - logger - Iter 3700 - time: 28    - [train] loss: nan    (+/-nan   ) - [valid] loss: nan    (+/-nan   ) - [test] loss: nan    (+/-nan   )
2019-07-22 12:43:36,819 INFO - logger - Iter 3800 - time: 28    - [train] loss: nan    (+/-nan   ) - [valid] loss: nan    (+/-nan   ) - [test] loss: nan    (+/-nan   )
2019-07-22 12:44:03,412 INFO - logger - Iter 3900 - time: 26    - [train] loss: nan    (+/-nan   ) - [valid] loss: nan    (+/-nan   ) - [test] loss: nan    (+/-nan   )
2019-07-22 12:44:30,767 INFO - logger - Iter 4000 - time: 27    - [train] loss: nan    (+/-nan   ) - [valid] loss: nan    (+/-nan   ) - [test] loss: nan    (+/-nan   )
2019-07-22 12:44:58,628 INFO - logger - Iter 4100 - time: 27    - [train] loss: nan    (+/-nan   ) - [valid] loss: nan    (+/-nan   ) - [test] loss: nan    (+/-nan   )
2019-07-22 12:45:25,562 INFO - logger - Iter 4200 - time: 26    - [train] loss: nan    (+/-nan   ) - [valid] loss: nan    (+/-nan   ) - [test] loss: nan    (+/-nan   )
2019-07-22 12:45:53,422 INFO - logger - Iter 4300 - time: 27    - [train] loss: nan    (+/-nan   ) - [valid] loss: nan    (+/-nan   ) - [test] loss: nan    (+/-nan   )
2019-07-22 12:46:20,397 INFO - logger - Iter 4400 - time: 26    - [train] loss: nan    (+/-nan   ) - [valid] loss: nan    (+/-nan   ) - [test] loss: nan    (+/-nan   )
2019-07-22 12:46:47,754 INFO - logger - Iter 4500 - time: 27    - [train] loss: nan    (+/-nan   ) - [valid] loss: nan    (+/-nan   ) - [test] loss: nan    (+/-nan   )
2019-07-22 12:47:15,221 INFO - logger - Iter 4600 - time: 27    - [train] loss: nan    (+/-nan   ) - [valid] loss: nan    (+/-nan   ) - [test] loss: nan    (+/-nan   )
2019-07-22 12:47:41,294 INFO - logger - Iter 4700 - time: 26    - [train] loss: nan    (+/-nan   ) - [valid] loss: nan    (+/-nan   ) - [test] loss: nan    (+/-nan   )
2019-07-22 12:48:09,430 INFO - logger - Iter 4800 - time: 28    - [train] loss: nan    (+/-nan   ) - [valid] loss: nan    (+/-nan   ) - [test] loss: nan    (+/-nan   )
2019-07-22 12:48:36,827 INFO - logger - Iter 4900 - time: 27    - [train] loss: nan    (+/-nan   ) - [valid] loss: nan    (+/-nan   ) - [test] loss: nan    (+/-nan   )
2019-07-22 12:49:04,195 INFO - logger - Iter 5000 - time: 27    - [train] loss: nan    (+/-nan   ) - [valid] loss: nan    (+/-nan   ) - [test] loss: nan    (+/-nan   )
2019-07-22 12:49:31,702 INFO - logger - Iter 5100 - time: 27    - [train] loss: nan    (+/-nan   ) - [valid] loss: nan    (+/-nan   ) - [test] loss: nan    (+/-nan   )
2019-07-22 12:49:58,427 INFO - logger - Iter 5200 - time: 26    - [train] loss: nan    (+/-nan   ) - [valid] loss: nan    (+/-nan   ) - [test] loss: nan    (+/-nan   )
2019-07-22 12:50:26,726 INFO - logger - Iter 5300 - time: 28    - [train] loss: nan    (+/-nan   ) - [valid] loss: nan    (+/-nan   ) - [test] loss: nan    (+/-nan   )
2019-07-22 12:50:54,332 INFO - logger - Iter 5400 - time: 27    - [train] loss: nan    (+/-nan   ) - [valid] loss: nan    (+/-nan   ) - [test] loss: nan    (+/-nan   )
2019-07-22 12:51:20,658 INFO - logger - Iter 5500 - time: 26    - [train] loss: nan    (+/-nan   ) - [valid] loss: nan    (+/-nan   ) - [test] loss: nan    (+/-nan   )
2019-07-22 12:51:48,436 INFO - logger - Iter 5600 - time: 27    - [train] loss: nan    (+/-nan   ) - [valid] loss: nan    (+/-nan   ) - [test] loss: nan    (+/-nan   )
2019-07-22 12:52:16,270 INFO - logger - Iter 5700 - time: 27    - [train] loss: nan    (+/-nan   ) - [valid] loss: nan    (+/-nan   ) - [test] loss: nan    (+/-nan   )
2019-07-22 12:52:43,844 INFO - logger - Iter 5800 - time: 27    - [train] loss: nan    (+/-nan   ) - [valid] loss: nan    (+/-nan   ) - [test] loss: nan    (+/-nan   )
2019-07-22 12:53:11,281 INFO - logger - Iter 5900 - time: 27    - [train] loss: nan    (+/-nan   ) - [valid] loss: nan    (+/-nan   ) - [test] loss: nan    (+/-nan   )
2019-07-22 12:53:39,102 INFO - logger - Iter 6000 - time: 27    - [train] loss: nan    (+/-nan   ) - [valid] loss: nan    (+/-nan   ) - [test] loss: nan    (+/-nan   )
2019-07-22 12:54:06,349 INFO - logger - Iter 6100 - time: 27    - [train] loss: nan    (+/-nan   ) - [valid] loss: nan    (+/-nan   ) - [test] loss: nan    (+/-nan   )
2019-07-22 12:54:33,223 INFO - logger - Iter 6200 - time: 26    - [train] loss: nan    (+/-nan   ) - [valid] loss: nan    (+/-nan   ) - [test] loss: nan    (+/-nan   )
2019-07-22 12:55:00,387 INFO - logger - Iter 6300 - time: 27    - [train] loss: nan    (+/-nan   ) - [valid] loss: nan    (+/-nan   ) - [test] loss: nan    (+/-nan   )
2019-07-22 12:55:26,915 INFO - logger - Iter 6400 - time: 26    - [train] loss: nan    (+/-nan   ) - [valid] loss: nan    (+/-nan   ) - [test] loss: nan    (+/-nan   )
2019-07-22 12:55:54,361 INFO - logger - Iter 6500 - time: 27    - [train] loss: nan    (+/-nan   ) - [valid] loss: nan    (+/-nan   ) - [test] loss: nan    (+/-nan   )
2019-07-22 12:56:22,363 INFO - logger - Iter 6600 - time: 28    - [train] loss: nan    (+/-nan   ) - [valid] loss: nan    (+/-nan   ) - [test] loss: nan    (+/-nan   )
2019-07-22 12:56:49,771 INFO - logger - Iter 6700 - time: 27    - [train] loss: nan    (+/-nan   ) - [valid] loss: nan    (+/-nan   ) - [test] loss: nan    (+/-nan   )
2019-07-22 12:57:17,915 INFO - logger - Iter 6800 - time: 28    - [train] loss: nan    (+/-nan   ) - [valid] loss: nan    (+/-nan   ) - [test] loss: nan    (+/-nan   )
2019-07-22 12:57:46,187 INFO - logger - Iter 6900 - time: 28    - [train] loss: nan    (+/-nan   ) - [valid] loss: nan    (+/-nan   ) - [test] loss: nan    (+/-nan   )
2019-07-22 12:58:13,534 INFO - logger - Iter 7000 - time: 27    - [train] loss: nan    (+/-nan   ) - [valid] loss: nan    (+/-nan   ) - [test] loss: nan    (+/-nan   )
2019-07-22 12:58:40,687 INFO - logger - Iter 7100 - time: 27    - [train] loss: nan    (+/-nan   ) - [valid] loss: nan    (+/-nan   ) - [test] loss: nan    (+/-nan   )
2019-07-22 12:59:08,795 INFO - logger - Iter 7200 - time: 28    - [train] loss: nan    (+/-nan   ) - [valid] loss: nan    (+/-nan   ) - [test] loss: nan    (+/-nan   )
2019-07-22 12:59:35,861 INFO - logger - Iter 7300 - time: 27    - [train] loss: nan    (+/-nan   ) - [valid] loss: nan    (+/-nan   ) - [test] loss: nan    (+/-nan   )
2019-07-22 13:00:03,540 INFO - logger - Iter 7400 - time: 27    - [train] loss: nan    (+/-nan   ) - [valid] loss: nan    (+/-nan   ) - [test] loss: nan    (+/-nan   )
2019-07-22 13:00:30,456 INFO - logger - Iter 7500 - time: 26    - [train] loss: nan    (+/-nan   ) - [valid] loss: nan    (+/-nan   ) - [test] loss: nan    (+/-nan   )
2019-07-22 13:00:58,185 INFO - logger - Iter 7600 - time: 27    - [train] loss: nan    (+/-nan   ) - [valid] loss: nan    (+/-nan   ) - [test] loss: nan    (+/-nan   )
2019-07-22 13:01:25,964 INFO - logger - Iter 7700 - time: 27    - [train] loss: nan    (+/-nan   ) - [valid] loss: nan    (+/-nan   ) - [test] loss: nan    (+/-nan   )
2019-07-22 13:01:53,393 INFO - logger - Iter 7800 - time: 27    - [train] loss: nan    (+/-nan   ) - [valid] loss: nan    (+/-nan   ) - [test] loss: nan    (+/-nan   )
2019-07-22 13:02:21,098 INFO - logger - Iter 7900 - time: 27    - [train] loss: nan    (+/-nan   ) - [valid] loss: nan    (+/-nan   ) - [test] loss: nan    (+/-nan   )
2019-07-22 13:02:49,090 INFO - logger - Iter 8000 - time: 27    - [train] loss: nan    (+/-nan   ) - [valid] loss: nan    (+/-nan   ) - [test] loss: nan    (+/-nan   )
2019-07-22 13:03:15,697 INFO - logger - Iter 8100 - time: 26    - [train] loss: nan    (+/-nan   ) - [valid] loss: nan    (+/-nan   ) - [test] loss: nan    (+/-nan   )
2019-07-22 13:03:42,668 INFO - logger - Iter 8200 - time: 26    - [train] loss: nan    (+/-nan   ) - [valid] loss: nan    (+/-nan   ) - [test] loss: nan    (+/-nan   )
2019-07-22 13:04:10,521 INFO - logger - Iter 8300 - time: 27    - [train] loss: nan    (+/-nan   ) - [valid] loss: nan    (+/-nan   ) - [test] loss: nan    (+/-nan   )
2019-07-22 13:04:37,795 INFO - logger - Iter 8400 - time: 27    - [train] loss: nan    (+/-nan   ) - [valid] loss: nan    (+/-nan   ) - [test] loss: nan    (+/-nan   )
2019-07-22 13:05:05,750 INFO - logger - Iter 8500 - time: 27    - [train] loss: nan    (+/-nan   ) - [valid] loss: nan    (+/-nan   ) - [test] loss: nan    (+/-nan   )
2019-07-22 13:05:33,706 INFO - logger - Iter 8600 - time: 27    - [train] loss: nan    (+/-nan   ) - [valid] loss: nan    (+/-nan   ) - [test] loss: nan    (+/-nan   )
2019-07-22 13:06:00,601 INFO - logger - Iter 8700 - time: 26    - [train] loss: nan    (+/-nan   ) - [valid] loss: nan    (+/-nan   ) - [test] loss: nan    (+/-nan   )
2019-07-22 13:06:28,530 INFO - logger - Iter 8800 - time: 27    - [train] loss: nan    (+/-nan   ) - [valid] loss: nan    (+/-nan   ) - [test] loss: nan    (+/-nan   )
2019-07-22 13:06:56,702 INFO - logger - Iter 8900 - time: 28    - [train] loss: nan    (+/-nan   ) - [valid] loss: nan    (+/-nan   ) - [test] loss: nan    (+/-nan   )
2019-07-22 13:07:24,717 INFO - logger - Iter 9000 - time: 28    - [train] loss: nan    (+/-nan   ) - [valid] loss: nan    (+/-nan   ) - [test] loss: nan    (+/-nan   )
2019-07-22 13:07:52,232 INFO - logger - Iter 9100 - time: 27    - [train] loss: nan    (+/-nan   ) - [valid] loss: nan    (+/-nan   ) - [test] loss: nan    (+/-nan   )
2019-07-22 13:08:19,612 INFO - logger - Iter 9200 - time: 27    - [train] loss: nan    (+/-nan   ) - [valid] loss: nan    (+/-nan   ) - [test] loss: nan    (+/-nan   )
2019-07-22 13:08:46,881 INFO - logger - Iter 9300 - time: 27    - [train] loss: nan    (+/-nan   ) - [valid] loss: nan    (+/-nan   ) - [test] loss: nan    (+/-nan   )
2019-07-22 13:09:14,852 INFO - logger - Iter 9400 - time: 27    - [train] loss: nan    (+/-nan   ) - [valid] loss: nan    (+/-nan   ) - [test] loss: nan    (+/-nan   )
2019-07-22 13:09:42,694 INFO - logger - Iter 9500 - time: 27    - [train] loss: nan    (+/-nan   ) - [valid] loss: nan    (+/-nan   ) - [test] loss: nan    (+/-nan   )
2019-07-22 13:10:09,462 INFO - logger - Iter 9600 - time: 26    - [train] loss: nan    (+/-nan   ) - [valid] loss: nan    (+/-nan   ) - [test] loss: nan    (+/-nan   )
2019-07-22 13:10:36,988 INFO - logger - Iter 9700 - time: 27    - [train] loss: nan    (+/-nan   ) - [valid] loss: nan    (+/-nan   ) - [test] loss: nan    (+/-nan   )
2019-07-22 13:11:03,153 INFO - logger - Iter 9800 - time: 26    - [train] loss: nan    (+/-nan   ) - [valid] loss: nan    (+/-nan   ) - [test] loss: nan    (+/-nan   )
2019-07-22 13:11:31,334 INFO - logger - Iter 9900 - time: 28    - [train] loss: nan    (+/-nan   ) - [valid] loss: nan    (+/-nan   ) - [test] loss: nan    (+/-nan   )
2019-07-22 13:11:59,205 INFO - logger - Iter 10000 - time: 27    - [train] loss: nan    (+/-nan   ) - [valid] loss: nan    (+/-nan   ) - [test] loss: nan    (+/-nan   )
2019-07-22 13:12:25,817 INFO - logger - Iter 10100 - time: 26    - [train] loss: nan    (+/-nan   ) - [valid] loss: nan    (+/-nan   ) - [test] loss: nan    (+/-nan   )
2019-07-22 13:12:54,052 INFO - logger - Iter 10200 - time: 28    - [train] loss: nan    (+/-nan   ) - [valid] loss: nan    (+/-nan   ) - [test] loss: nan    (+/-nan   )
2019-07-22 13:13:20,420 INFO - logger - Iter 10300 - time: 26    - [train] loss: nan    (+/-nan   ) - [valid] loss: nan    (+/-nan   ) - [test] loss: nan    (+/-nan   )
2019-07-22 13:13:48,427 INFO - logger - Iter 10400 - time: 28    - [train] loss: nan    (+/-nan   ) - [valid] loss: nan    (+/-nan   ) - [test] loss: nan    (+/-nan   )
2019-07-22 13:14:16,016 INFO - logger - Iter 10500 - time: 27    - [train] loss: nan    (+/-nan   ) - [valid] loss: nan    (+/-nan   ) - [test] loss: nan    (+/-nan   )
2019-07-22 13:14:43,592 INFO - logger - Iter 10600 - time: 27    - [train] loss: nan    (+/-nan   ) - [valid] loss: nan    (+/-nan   ) - [test] loss: nan    (+/-nan   )
2019-07-22 13:15:10,669 INFO - logger - Iter 10700 - time: 27    - [train] loss: nan    (+/-nan   ) - [valid] loss: nan    (+/-nan   ) - [test] loss: nan    (+/-nan   )
2019-07-22 13:15:39,319 INFO - logger - Iter 10800 - time: 28    - [train] loss: nan    (+/-nan   ) - [valid] loss: nan    (+/-nan   ) - [test] loss: nan    (+/-nan   )
2019-07-22 13:16:06,770 INFO - logger - Iter 10900 - time: 27    - [train] loss: nan    (+/-nan   ) - [valid] loss: nan    (+/-nan   ) - [test] loss: nan    (+/-nan   )
2019-07-22 13:16:33,990 INFO - logger - Iter 11000 - time: 27    - [train] loss: nan    (+/-nan   ) - [valid] loss: nan    (+/-nan   ) - [test] loss: nan    (+/-nan   )
2019-07-22 13:17:01,434 INFO - logger - Iter 11100 - time: 27    - [train] loss: nan    (+/-nan   ) - [valid] loss: nan    (+/-nan   ) - [test] loss: nan    (+/-nan   )
2019-07-22 13:17:28,495 INFO - logger - Iter 11200 - time: 27    - [train] loss: nan    (+/-nan   ) - [valid] loss: nan    (+/-nan   ) - [test] loss: nan    (+/-nan   )
2019-07-22 13:17:56,337 INFO - logger - Iter 11300 - time: 27    - [train] loss: nan    (+/-nan   ) - [valid] loss: nan    (+/-nan   ) - [test] loss: nan    (+/-nan   )
2019-07-22 13:18:24,518 INFO - logger - Iter 11400 - time: 28    - [train] loss: nan    (+/-nan   ) - [valid] loss: nan    (+/-nan   ) - [test] loss: nan    (+/-nan   )
2019-07-22 13:18:51,529 INFO - logger - Iter 11500 - time: 27    - [train] loss: nan    (+/-nan   ) - [valid] loss: nan    (+/-nan   ) - [test] loss: nan    (+/-nan   )
2019-07-22 13:19:19,120 INFO - logger - Iter 11600 - time: 27    - [train] loss: nan    (+/-nan   ) - [valid] loss: nan    (+/-nan   ) - [test] loss: nan    (+/-nan   )
2019-07-22 13:19:46,403 INFO - logger - Iter 11700 - time: 27    - [train] loss: nan    (+/-nan   ) - [valid] loss: nan    (+/-nan   ) - [test] loss: nan    (+/-nan   )
2019-07-22 13:20:15,029 INFO - logger - Iter 11800 - time: 28    - [train] loss: nan    (+/-nan   ) - [valid] loss: nan    (+/-nan   ) - [test] loss: nan    (+/-nan   )
2019-07-22 13:20:41,846 INFO - logger - Iter 11900 - time: 26    - [train] loss: nan    (+/-nan   ) - [valid] loss: nan    (+/-nan   ) - [test] loss: nan    (+/-nan   )
2019-07-22 13:21:09,930 INFO - logger - Iter 12000 - time: 28    - [train] loss: nan    (+/-nan   ) - [valid] loss: nan    (+/-nan   ) - [test] loss: nan    (+/-nan   )
2019-07-22 13:21:37,304 INFO - logger - Iter 12100 - time: 27    - [train] loss: nan    (+/-nan   ) - [valid] loss: nan    (+/-nan   ) - [test] loss: nan    (+/-nan   )
2019-07-22 13:22:04,442 INFO - logger - Iter 12200 - time: 27    - [train] loss: nan    (+/-nan   ) - [valid] loss: nan    (+/-nan   ) - [test] loss: nan    (+/-nan   )
2019-07-22 13:22:32,090 INFO - logger - Iter 12300 - time: 27    - [train] loss: nan    (+/-nan   ) - [valid] loss: nan    (+/-nan   ) - [test] loss: nan    (+/-nan   )
2019-07-22 13:22:58,552 INFO - logger - Iter 12400 - time: 26    - [train] loss: nan    (+/-nan   ) - [valid] loss: nan    (+/-nan   ) - [test] loss: nan    (+/-nan   )
2019-07-22 13:23:26,069 INFO - logger - Iter 12500 - time: 27    - [train] loss: nan    (+/-nan   ) - [valid] loss: nan    (+/-nan   ) - [test] loss: nan    (+/-nan   )
2019-07-22 13:23:54,278 INFO - logger - Iter 12600 - time: 28    - [train] loss: nan    (+/-nan   ) - [valid] loss: nan    (+/-nan   ) - [test] loss: nan    (+/-nan   )
2019-07-22 13:24:21,660 INFO - logger - Iter 12700 - time: 27    - [train] loss: nan    (+/-nan   ) - [valid] loss: nan    (+/-nan   ) - [test] loss: nan    (+/-nan   )
2019-07-22 13:24:50,002 INFO - logger - Iter 12800 - time: 28    - [train] loss: nan    (+/-nan   ) - [valid] loss: nan    (+/-nan   ) - [test] loss: nan    (+/-nan   )
2019-07-22 13:25:18,303 INFO - logger - Iter 12900 - time: 28    - [train] loss: nan    (+/-nan   ) - [valid] loss: nan    (+/-nan   ) - [test] loss: nan    (+/-nan   )
2019-07-22 13:25:45,804 INFO - logger - Iter 13000 - time: 27    - [train] loss: nan    (+/-nan   ) - [valid] loss: nan    (+/-nan   ) - [test] loss: nan    (+/-nan   )
2019-07-22 13:26:13,255 INFO - logger - Iter 13100 - time: 27    - [train] loss: nan    (+/-nan   ) - [valid] loss: nan    (+/-nan   ) - [test] loss: nan    (+/-nan   )
2019-07-22 13:26:40,209 INFO - logger - Iter 13200 - time: 26    - [train] loss: nan    (+/-nan   ) - [valid] loss: nan    (+/-nan   ) - [test] loss: nan    (+/-nan   )
2019-07-22 13:27:08,529 INFO - logger - Iter 13300 - time: 28    - [train] loss: nan    (+/-nan   ) - [valid] loss: nan    (+/-nan   ) - [test] loss: nan    (+/-nan   )
2019-07-22 13:27:36,362 INFO - logger - Iter 13400 - time: 27    - [train] loss: nan    (+/-nan   ) - [valid] loss: nan    (+/-nan   ) - [test] loss: nan    (+/-nan   )
2019-07-22 13:28:02,971 INFO - logger - Iter 13500 - time: 26    - [train] loss: nan    (+/-nan   ) - [valid] loss: nan    (+/-nan   ) - [test] loss: nan    (+/-nan   )
2019-07-22 13:28:30,973 INFO - logger - Iter 13600 - time: 28    - [train] loss: nan    (+/-nan   ) - [valid] loss: nan    (+/-nan   ) - [test] loss: nan    (+/-nan   )
2019-07-22 13:28:59,496 INFO - logger - Iter 13700 - time: 28    - [train] loss: nan    (+/-nan   ) - [valid] loss: nan    (+/-nan   ) - [test] loss: nan    (+/-nan   )
2019-07-22 13:29:26,242 INFO - logger - Iter 13800 - time: 26    - [train] loss: nan    (+/-nan   ) - [valid] loss: nan    (+/-nan   ) - [test] loss: nan    (+/-nan   )
2019-07-22 13:29:54,612 INFO - logger - Iter 13900 - time: 28    - [train] loss: nan    (+/-nan   ) - [valid] loss: nan    (+/-nan   ) - [test] loss: nan    (+/-nan   )
2019-07-22 13:30:20,941 INFO - logger - Iter 14000 - time: 26    - [train] loss: nan    (+/-nan   ) - [valid] loss: nan    (+/-nan   ) - [test] loss: nan    (+/-nan   )
2019-07-22 13:30:48,566 INFO - logger - Iter 14100 - time: 27    - [train] loss: nan    (+/-nan   ) - [valid] loss: nan    (+/-nan   ) - [test] loss: nan    (+/-nan   )
2019-07-22 13:31:15,145 INFO - logger - Iter 14200 - time: 26    - [train] loss: nan    (+/-nan   ) - [valid] loss: nan    (+/-nan   ) - [test] loss: nan    (+/-nan   )
2019-07-22 13:31:43,104 INFO - logger - Iter 14300 - time: 27    - [train] loss: nan    (+/-nan   ) - [valid] loss: nan    (+/-nan   ) - [test] loss: nan    (+/-nan   )
2019-07-22 13:32:10,450 INFO - logger - Iter 14400 - time: 27    - [train] loss: nan    (+/-nan   ) - [valid] loss: nan    (+/-nan   ) - [test] loss: nan    (+/-nan   )
2019-07-22 13:32:37,395 INFO - logger - Iter 14500 - time: 26    - [train] loss: nan    (+/-nan   ) - [valid] loss: nan    (+/-nan   ) - [test] loss: nan    (+/-nan   )
2019-07-22 13:33:05,038 INFO - logger - Iter 14600 - time: 27    - [train] loss: nan    (+/-nan   ) - [valid] loss: nan    (+/-nan   ) - [test] loss: nan    (+/-nan   )
2019-07-22 13:33:32,507 INFO - logger - Iter 14700 - time: 27    - [train] loss: nan    (+/-nan   ) - [valid] loss: nan    (+/-nan   ) - [test] loss: nan    (+/-nan   )
2019-07-22 13:34:00,058 INFO - logger - Iter 14800 - time: 27    - [train] loss: nan    (+/-nan   ) - [valid] loss: nan    (+/-nan   ) - [test] loss: nan    (+/-nan   )
2019-07-22 13:34:26,594 INFO - logger - Iter 14900 - time: 26    - [train] loss: nan    (+/-nan   ) - [valid] loss: nan    (+/-nan   ) - [test] loss: nan    (+/-nan   )
2019-07-22 13:34:54,375 INFO - logger - Iter 15000 - time: 27    - [train] loss: nan    (+/-nan   ) - [valid] loss: nan    (+/-nan   ) - [test] loss: nan    (+/-nan   )
2019-07-22 13:35:21,938 INFO - logger - Iter 15100 - time: 27    - [train] loss: nan    (+/-nan   ) - [valid] loss: nan    (+/-nan   ) - [test] loss: nan    (+/-nan   )
2019-07-22 13:35:49,897 INFO - logger - Iter 15200 - time: 27    - [train] loss: nan    (+/-nan   ) - [valid] loss: nan    (+/-nan   ) - [test] loss: nan    (+/-nan   )
2019-07-22 13:36:17,394 INFO - logger - Iter 15300 - time: 27    - [train] loss: nan    (+/-nan   ) - [valid] loss: nan    (+/-nan   ) - [test] loss: nan    (+/-nan   )
2019-07-22 13:36:44,742 INFO - logger - Iter 15400 - time: 27    - [train] loss: nan    (+/-nan   ) - [valid] loss: nan    (+/-nan   ) - [test] loss: nan    (+/-nan   )
2019-07-22 13:37:12,020 INFO - logger - Iter 15500 - time: 27    - [train] loss: nan    (+/-nan   ) - [valid] loss: nan    (+/-nan   ) - [test] loss: nan    (+/-nan   )
2019-07-22 13:37:39,270 INFO - logger - Iter 15600 - time: 27    - [train] loss: nan    (+/-nan   ) - [valid] loss: nan    (+/-nan   ) - [test] loss: nan    (+/-nan   )
2019-07-22 13:38:07,334 INFO - logger - Iter 15700 - time: 28    - [train] loss: nan    (+/-nan   ) - [valid] loss: nan    (+/-nan   ) - [test] loss: nan    (+/-nan   )
2019-07-22 13:38:34,138 INFO - logger - Iter 15800 - time: 26    - [train] loss: nan    (+/-nan   ) - [valid] loss: nan    (+/-nan   ) - [test] loss: nan    (+/-nan   )
2019-07-22 13:39:01,928 INFO - logger - Iter 15900 - time: 27    - [train] loss: nan    (+/-nan   ) - [valid] loss: nan    (+/-nan   ) - [test] loss: nan    (+/-nan   )
2019-07-22 13:39:28,700 INFO - logger - Iter 16000 - time: 26    - [train] loss: nan    (+/-nan   ) - [valid] loss: nan    (+/-nan   ) - [test] loss: nan    (+/-nan   )
2019-07-22 13:39:56,338 INFO - logger - Iter 16100 - time: 27    - [train] loss: nan    (+/-nan   ) - [valid] loss: nan    (+/-nan   ) - [test] loss: nan    (+/-nan   )
2019-07-22 13:40:23,393 INFO - logger - Iter 16200 - time: 27    - [train] loss: nan    (+/-nan   ) - [valid] loss: nan    (+/-nan   ) - [test] loss: nan    (+/-nan   )
2019-07-22 13:40:50,622 INFO - logger - Iter 16300 - time: 27    - [train] loss: nan    (+/-nan   ) - [valid] loss: nan    (+/-nan   ) - [test] loss: nan    (+/-nan   )
2019-07-22 13:41:17,890 INFO - logger - Iter 16400 - time: 27    - [train] loss: nan    (+/-nan   ) - [valid] loss: nan    (+/-nan   ) - [test] loss: nan    (+/-nan   )
2019-07-22 13:41:45,593 INFO - logger - Iter 16500 - time: 27    - [train] loss: nan    (+/-nan   ) - [valid] loss: nan    (+/-nan   ) - [test] loss: nan    (+/-nan   )
2019-07-22 13:42:14,117 INFO - logger - Iter 16600 - time: 28    - [train] loss: nan    (+/-nan   ) - [valid] loss: nan    (+/-nan   ) - [test] loss: nan    (+/-nan   )
2019-07-22 13:42:41,109 INFO - logger - Iter 16700 - time: 26    - [train] loss: nan    (+/-nan   ) - [valid] loss: nan    (+/-nan   ) - [test] loss: nan    (+/-nan   )
2019-07-22 13:43:08,263 INFO - logger - Iter 16800 - time: 27    - [train] loss: nan    (+/-nan   ) - [valid] loss: nan    (+/-nan   ) - [test] loss: nan    (+/-nan   )
2019-07-22 13:43:36,103 INFO - logger - Iter 16900 - time: 27    - [train] loss: nan    (+/-nan   ) - [valid] loss: nan    (+/-nan   ) - [test] loss: nan    (+/-nan   )
2019-07-22 13:44:03,288 INFO - logger - Iter 17000 - time: 27    - [train] loss: nan    (+/-nan   ) - [valid] loss: nan    (+/-nan   ) - [test] loss: nan    (+/-nan   )
2019-07-22 13:44:29,906 INFO - logger - Iter 17100 - time: 26    - [train] loss: nan    (+/-nan   ) - [valid] loss: nan    (+/-nan   ) - [test] loss: nan    (+/-nan   )
2019-07-22 13:44:58,605 INFO - logger - Iter 17200 - time: 28    - [train] loss: nan    (+/-nan   ) - [valid] loss: nan    (+/-nan   ) - [test] loss: nan    (+/-nan   )
2019-07-22 13:45:26,774 INFO - logger - Iter 17300 - time: 28    - [train] loss: nan    (+/-nan   ) - [valid] loss: nan    (+/-nan   ) - [test] loss: nan    (+/-nan   )
2019-07-22 13:45:53,329 INFO - logger - Iter 17400 - time: 26    - [train] loss: nan    (+/-nan   ) - [valid] loss: nan    (+/-nan   ) - [test] loss: nan    (+/-nan   )
2019-07-22 13:46:21,246 INFO - logger - Iter 17500 - time: 27    - [train] loss: nan    (+/-nan   ) - [valid] loss: nan    (+/-nan   ) - [test] loss: nan    (+/-nan   )
2019-07-22 13:46:49,139 INFO - logger - Iter 17600 - time: 27    - [train] loss: nan    (+/-nan   ) - [valid] loss: nan    (+/-nan   ) - [test] loss: nan    (+/-nan   )
2019-07-22 13:47:16,035 INFO - logger - Iter 17700 - time: 26    - [train] loss: nan    (+/-nan   ) - [valid] loss: nan    (+/-nan   ) - [test] loss: nan    (+/-nan   )
2019-07-22 13:47:44,046 INFO - logger - Iter 17800 - time: 28    - [train] loss: nan    (+/-nan   ) - [valid] loss: nan    (+/-nan   ) - [test] loss: nan    (+/-nan   )
2019-07-22 13:48:10,667 INFO - logger - Iter 17900 - time: 26    - [train] loss: nan    (+/-nan   ) - [valid] loss: nan    (+/-nan   ) - [test] loss: nan    (+/-nan   )
2019-07-22 13:48:37,767 INFO - logger - Iter 18000 - time: 27    - [train] loss: nan    (+/-nan   ) - [valid] loss: nan    (+/-nan   ) - [test] loss: nan    (+/-nan   )
2019-07-22 13:49:05,063 INFO - logger - Iter 18100 - time: 27    - [train] loss: nan    (+/-nan   ) - [valid] loss: nan    (+/-nan   ) - [test] loss: nan    (+/-nan   )
2019-07-22 13:49:32,890 INFO - logger - Iter 18200 - time: 27    - [train] loss: nan    (+/-nan   ) - [valid] loss: nan    (+/-nan   ) - [test] loss: nan    (+/-nan   )
2019-07-22 13:50:00,957 INFO - logger - Iter 18300 - time: 28    - [train] loss: nan    (+/-nan   ) - [valid] loss: nan    (+/-nan   ) - [test] loss: nan    (+/-nan   )
2019-07-22 13:50:27,650 INFO - logger - Iter 18400 - time: 26    - [train] loss: nan    (+/-nan   ) - [valid] loss: nan    (+/-nan   ) - [test] loss: nan    (+/-nan   )
2019-07-22 13:50:55,698 INFO - logger - Iter 18500 - time: 28    - [train] loss: nan    (+/-nan   ) - [valid] loss: nan    (+/-nan   ) - [test] loss: nan    (+/-nan   )
2019-07-22 13:51:23,789 INFO - logger - Iter 18600 - time: 28    - [train] loss: nan    (+/-nan   ) - [valid] loss: nan    (+/-nan   ) - [test] loss: nan    (+/-nan   )
2019-07-22 13:51:51,186 INFO - logger - Iter 18700 - time: 27    - [train] loss: nan    (+/-nan   ) - [valid] loss: nan    (+/-nan   ) - [test] loss: nan    (+/-nan   )
2019-07-22 13:52:18,848 INFO - logger - Iter 18800 - time: 27    - [train] loss: nan    (+/-nan   ) - [valid] loss: nan    (+/-nan   ) - [test] loss: nan    (+/-nan   )
2019-07-22 13:52:46,007 INFO - logger - Iter 18900 - time: 27    - [train] loss: nan    (+/-nan   ) - [valid] loss: nan    (+/-nan   ) - [test] loss: nan    (+/-nan   )
2019-07-22 13:53:13,033 INFO - logger - Iter 19000 - time: 27    - [train] loss: nan    (+/-nan   ) - [valid] loss: nan    (+/-nan   ) - [test] loss: nan    (+/-nan   )
2019-07-22 13:53:40,221 INFO - logger - Iter 19100 - time: 27    - [train] loss: nan    (+/-nan   ) - [valid] loss: nan    (+/-nan   ) - [test] loss: nan    (+/-nan   )
2019-07-22 13:54:07,376 INFO - logger - Iter 19200 - time: 27    - [train] loss: nan    (+/-nan   ) - [valid] loss: nan    (+/-nan   ) - [test] loss: nan    (+/-nan   )
2019-07-22 13:54:34,942 INFO - logger - Iter 19300 - time: 27    - [train] loss: nan    (+/-nan   ) - [valid] loss: nan    (+/-nan   ) - [test] loss: nan    (+/-nan   )
2019-07-22 13:55:02,102 INFO - logger - Iter 19400 - time: 27    - [train] loss: nan    (+/-nan   ) - [valid] loss: nan    (+/-nan   ) - [test] loss: nan    (+/-nan   )
2019-07-22 13:55:30,392 INFO - logger - Iter 19500 - time: 28    - [train] loss: nan    (+/-nan   ) - [valid] loss: nan    (+/-nan   ) - [test] loss: nan    (+/-nan   )
2019-07-22 13:55:58,197 INFO - logger - Iter 19600 - time: 27    - [train] loss: nan    (+/-nan   ) - [valid] loss: nan    (+/-nan   ) - [test] loss: nan    (+/-nan   )
2019-07-22 13:56:25,779 INFO - logger - Iter 19700 - time: 27    - [train] loss: nan    (+/-nan   ) - [valid] loss: nan    (+/-nan   ) - [test] loss: nan    (+/-nan   )
2019-07-22 13:56:52,617 INFO - logger - Iter 19800 - time: 26    - [train] loss: nan    (+/-nan   ) - [valid] loss: nan    (+/-nan   ) - [test] loss: nan    (+/-nan   )
2019-07-22 13:57:20,204 INFO - logger - Iter 19900 - time: 27    - [train] loss: nan    (+/-nan   ) - [valid] loss: nan    (+/-nan   ) - [test] loss: nan    (+/-nan   )
2019-07-22 13:57:48,436 INFO - logger - Iter 20000 - time: 28    - [train] loss: nan    (+/-nan   ) - [valid] loss: nan    (+/-nan   ) - [test] loss: nan    (+/-nan   )
2019-07-22 13:58:15,940 INFO - logger - Iter 20100 - time: 27    - [train] loss: nan    (+/-nan   ) - [valid] loss: nan    (+/-nan   ) - [test] loss: nan    (+/-nan   )
2019-07-22 13:58:43,810 INFO - logger - Iter 20200 - time: 27    - [train] loss: nan    (+/-nan   ) - [valid] loss: nan    (+/-nan   ) - [test] loss: nan    (+/-nan   )
2019-07-22 13:59:11,713 INFO - logger - Iter 20300 - time: 27    - [train] loss: nan    (+/-nan   ) - [valid] loss: nan    (+/-nan   ) - [test] loss: nan    (+/-nan   )
2019-07-22 13:59:38,840 INFO - logger - Iter 20400 - time: 27    - [train] loss: nan    (+/-nan   ) - [valid] loss: nan    (+/-nan   ) - [test] loss: nan    (+/-nan   )
2019-07-22 14:00:06,663 INFO - logger - Iter 20500 - time: 27    - [train] loss: nan    (+/-nan   ) - [valid] loss: nan    (+/-nan   ) - [test] loss: nan    (+/-nan   )
2019-07-22 14:00:33,403 INFO - logger - Iter 20600 - time: 26    - [train] loss: nan    (+/-nan   ) - [valid] loss: nan    (+/-nan   ) - [test] loss: nan    (+/-nan   )
2019-07-22 14:01:01,187 INFO - logger - Iter 20700 - time: 27    - [train] loss: nan    (+/-nan   ) - [valid] loss: nan    (+/-nan   ) - [test] loss: nan    (+/-nan   )
2019-07-22 14:01:28,156 INFO - logger - Iter 20800 - time: 26    - [train] loss: nan    (+/-nan   ) - [valid] loss: nan    (+/-nan   ) - [test] loss: nan    (+/-nan   )
2019-07-22 14:01:55,999 INFO - logger - Iter 20900 - time: 27    - [train] loss: nan    (+/-nan   ) - [valid] loss: nan    (+/-nan   ) - [test] loss: nan    (+/-nan   )
2019-07-22 14:02:23,188 INFO - logger - Iter 21000 - time: 27    - [train] loss: nan    (+/-nan   ) - [valid] loss: nan    (+/-nan   ) - [test] loss: nan    (+/-nan   )
2019-07-22 14:02:50,607 INFO - logger - Iter 21100 - time: 27    - [train] loss: nan    (+/-nan   ) - [valid] loss: nan    (+/-nan   ) - [test] loss: nan    (+/-nan   )
2019-07-22 14:03:16,396 INFO - logger - Iter 21200 - time: 25    - [train] loss: nan    (+/-nan   ) - [valid] loss: nan    (+/-nan   ) - [test] loss: nan    (+/-nan   )
2019-07-22 14:03:44,603 INFO - logger - Iter 21300 - time: 28    - [train] loss: nan    (+/-nan   ) - [valid] loss: nan    (+/-nan   ) - [test] loss: nan    (+/-nan   )
2019-07-22 14:04:12,177 INFO - logger - Iter 21400 - time: 27    - [train] loss: nan    (+/-nan   ) - [valid] loss: nan    (+/-nan   ) - [test] loss: nan    (+/-nan   )
2019-07-22 14:04:38,872 INFO - logger - Iter 21500 - time: 26    - [train] loss: nan    (+/-nan   ) - [valid] loss: nan    (+/-nan   ) - [test] loss: nan    (+/-nan   )
2019-07-22 14:05:06,873 INFO - logger - Iter 21600 - time: 27    - [train] loss: nan    (+/-nan   ) - [valid] loss: nan    (+/-nan   ) - [test] loss: nan    (+/-nan   )
2019-07-22 14:05:34,306 INFO - logger - Iter 21700 - time: 27    - [train] loss: nan    (+/-nan   ) - [valid] loss: nan    (+/-nan   ) - [test] loss: nan    (+/-nan   )
2019-07-22 14:06:01,718 INFO - logger - Iter 21800 - time: 27    - [train] loss: nan    (+/-nan   ) - [valid] loss: nan    (+/-nan   ) - [test] loss: nan    (+/-nan   )
2019-07-22 14:06:28,518 INFO - logger - Iter 21900 - time: 26    - [train] loss: nan    (+/-nan   ) - [valid] loss: nan    (+/-nan   ) - [test] loss: nan    (+/-nan   )
2019-07-22 14:06:56,464 INFO - logger - Iter 22000 - time: 27    - [train] loss: nan    (+/-nan   ) - [valid] loss: nan    (+/-nan   ) - [test] loss: nan    (+/-nan   )
2019-07-22 14:07:23,316 INFO - logger - Iter 22100 - time: 26    - [train] loss: nan    (+/-nan   ) - [valid] loss: nan    (+/-nan   ) - [test] loss: nan    (+/-nan   )
2019-07-22 14:07:51,563 INFO - logger - Iter 22200 - time: 28    - [train] loss: nan    (+/-nan   ) - [valid] loss: nan    (+/-nan   ) - [test] loss: nan    (+/-nan   )
2019-07-22 14:08:17,726 INFO - logger - Iter 22300 - time: 26    - [train] loss: nan    (+/-nan   ) - [valid] loss: nan    (+/-nan   ) - [test] loss: nan    (+/-nan   )
2019-07-22 14:08:46,163 INFO - logger - Iter 22400 - time: 28    - [train] loss: nan    (+/-nan   ) - [valid] loss: nan    (+/-nan   ) - [test] loss: nan    (+/-nan   )
2019-07-22 14:09:13,644 INFO - logger - Iter 22500 - time: 27    - [train] loss: nan    (+/-nan   ) - [valid] loss: nan    (+/-nan   ) - [test] loss: nan    (+/-nan   )
2019-07-22 14:09:40,309 INFO - logger - Iter 22600 - time: 26    - [train] loss: nan    (+/-nan   ) - [valid] loss: nan    (+/-nan   ) - [test] loss: nan    (+/-nan   )
2019-07-22 14:10:08,310 INFO - logger - Iter 22700 - time: 27    - [train] loss: nan    (+/-nan   ) - [valid] loss: nan    (+/-nan   ) - [test] loss: nan    (+/-nan   )
2019-07-22 14:10:35,370 INFO - logger - Iter 22800 - time: 27    - [train] loss: nan    (+/-nan   ) - [valid] loss: nan    (+/-nan   ) - [test] loss: nan    (+/-nan   )
2019-07-22 14:11:03,472 INFO - logger - Iter 22900 - time: 28    - [train] loss: nan    (+/-nan   ) - [valid] loss: nan    (+/-nan   ) - [test] loss: nan    (+/-nan   )
2019-07-22 14:11:30,455 INFO - logger - Iter 23000 - time: 26    - [train] loss: nan    (+/-nan   ) - [valid] loss: nan    (+/-nan   ) - [test] loss: nan    (+/-nan   )
2019-07-22 14:11:58,632 INFO - logger - Iter 23100 - time: 28    - [train] loss: nan    (+/-nan   ) - [valid] loss: nan    (+/-nan   ) - [test] loss: nan    (+/-nan   )
2019-07-22 14:12:26,060 INFO - logger - Iter 23200 - time: 27    - [train] loss: nan    (+/-nan   ) - [valid] loss: nan    (+/-nan   ) - [test] loss: nan    (+/-nan   )
2019-07-22 14:12:53,796 INFO - logger - Iter 23300 - time: 27    - [train] loss: nan    (+/-nan   ) - [valid] loss: nan    (+/-nan   ) - [test] loss: nan    (+/-nan   )
2019-07-22 14:13:21,646 INFO - logger - Iter 23400 - time: 27    - [train] loss: nan    (+/-nan   ) - [valid] loss: nan    (+/-nan   ) - [test] loss: nan    (+/-nan   )
2019-07-22 14:13:48,141 INFO - logger - Iter 23500 - time: 26    - [train] loss: nan    (+/-nan   ) - [valid] loss: nan    (+/-nan   ) - [test] loss: nan    (+/-nan   )
2019-07-22 14:14:16,158 INFO - logger - Iter 23600 - time: 28    - [train] loss: nan    (+/-nan   ) - [valid] loss: nan    (+/-nan   ) - [test] loss: nan    (+/-nan   )
2019-07-22 14:14:43,577 INFO - logger - Iter 23700 - time: 27    - [train] loss: nan    (+/-nan   ) - [valid] loss: nan    (+/-nan   ) - [test] loss: nan    (+/-nan   )
2019-07-22 14:15:11,072 INFO - logger - Iter 23800 - time: 27    - [train] loss: nan    (+/-nan   ) - [valid] loss: nan    (+/-nan   ) - [test] loss: nan    (+/-nan   )
2019-07-22 14:15:37,720 INFO - logger - Iter 23900 - time: 26    - [train] loss: nan    (+/-nan   ) - [valid] loss: nan    (+/-nan   ) - [test] loss: nan    (+/-nan   )
2019-07-22 14:16:05,527 INFO - logger - Iter 24000 - time: 27    - [train] loss: nan    (+/-nan   ) - [valid] loss: nan    (+/-nan   ) - [test] loss: nan    (+/-nan   )
2019-07-22 14:16:33,004 INFO - logger - Iter 24100 - time: 27    - [train] loss: nan    (+/-nan   ) - [valid] loss: nan    (+/-nan   ) - [test] loss: nan    (+/-nan   )
2019-07-22 14:16:59,785 INFO - logger - Iter 24200 - time: 26    - [train] loss: nan    (+/-nan   ) - [valid] loss: nan    (+/-nan   ) - [test] loss: nan    (+/-nan   )
2019-07-22 14:17:27,219 INFO - logger - Iter 24300 - time: 27    - [train] loss: nan    (+/-nan   ) - [valid] loss: nan    (+/-nan   ) - [test] loss: nan    (+/-nan   )
2019-07-22 14:17:54,682 INFO - logger - Iter 24400 - time: 27    - [train] loss: nan    (+/-nan   ) - [valid] loss: nan    (+/-nan   ) - [test] loss: nan    (+/-nan   )
2019-07-22 14:18:21,883 INFO - logger - Iter 24500 - time: 27    - [train] loss: nan    (+/-nan   ) - [valid] loss: nan    (+/-nan   ) - [test] loss: nan    (+/-nan   )
2019-07-22 14:18:49,135 INFO - logger - Iter 24600 - time: 27    - [train] loss: nan    (+/-nan   ) - [valid] loss: nan    (+/-nan   ) - [test] loss: nan    (+/-nan   )
2019-07-22 14:19:16,705 INFO - logger - Iter 24700 - time: 27    - [train] loss: nan    (+/-nan   ) - [valid] loss: nan    (+/-nan   ) - [test] loss: nan    (+/-nan   )
2019-07-22 14:19:44,728 INFO - logger - Iter 24800 - time: 28    - [train] loss: nan    (+/-nan   ) - [valid] loss: nan    (+/-nan   ) - [test] loss: nan    (+/-nan   )
2019-07-22 14:20:12,291 INFO - logger - Iter 24900 - time: 27    - [train] loss: nan    (+/-nan   ) - [valid] loss: nan    (+/-nan   ) - [test] loss: nan    (+/-nan   )
2019-07-22 14:20:39,964 INFO - logger - Iter 25000 - time: 27    - [train] loss: nan    (+/-nan   ) - [valid] loss: nan    (+/-nan   ) - [test] loss: nan    (+/-nan   )
2019-07-22 14:21:07,259 INFO - logger - Iter 25100 - time: 27    - [train] loss: nan    (+/-nan   ) - [valid] loss: nan    (+/-nan   ) - [test] loss: nan    (+/-nan   )
2019-07-22 14:21:34,782 INFO - logger - Iter 25200 - time: 27    - [train] loss: nan    (+/-nan   ) - [valid] loss: nan    (+/-nan   ) - [test] loss: nan    (+/-nan   )
2019-07-22 14:22:02,819 INFO - logger - Iter 25300 - time: 28    - [train] loss: nan    (+/-nan   ) - [valid] loss: nan    (+/-nan   ) - [test] loss: nan    (+/-nan   )
2019-07-22 14:22:30,254 INFO - logger - Iter 25400 - time: 27    - [train] loss: nan    (+/-nan   ) - [valid] loss: nan    (+/-nan   ) - [test] loss: nan    (+/-nan   )
2019-07-22 14:22:57,506 INFO - logger - Iter 25500 - time: 27    - [train] loss: nan    (+/-nan   ) - [valid] loss: nan    (+/-nan   ) - [test] loss: nan    (+/-nan   )
2019-07-22 14:23:24,282 INFO - logger - Iter 25600 - time: 26    - [train] loss: nan    (+/-nan   ) - [valid] loss: nan    (+/-nan   ) - [test] loss: nan    (+/-nan   )
2019-07-22 14:23:52,107 INFO - logger - Iter 25700 - time: 27    - [train] loss: nan    (+/-nan   ) - [valid] loss: nan    (+/-nan   ) - [test] loss: nan    (+/-nan   )
2019-07-22 14:24:19,632 INFO - logger - Iter 25800 - time: 27    - [train] loss: nan    (+/-nan   ) - [valid] loss: nan    (+/-nan   ) - [test] loss: nan    (+/-nan   )
2019-07-22 14:24:47,277 INFO - logger - Iter 25900 - time: 27    - [train] loss: nan    (+/-nan   ) - [valid] loss: nan    (+/-nan   ) - [test] loss: nan    (+/-nan   )
2019-07-22 14:25:14,236 INFO - logger - Iter 26000 - time: 26    - [train] loss: nan    (+/-nan   ) - [valid] loss: nan    (+/-nan   ) - [test] loss: nan    (+/-nan   )
2019-07-22 14:25:42,059 INFO - logger - Iter 26100 - time: 27    - [train] loss: nan    (+/-nan   ) - [valid] loss: nan    (+/-nan   ) - [test] loss: nan    (+/-nan   )
2019-07-22 14:26:08,396 INFO - logger - Iter 26200 - time: 26    - [train] loss: nan    (+/-nan   ) - [valid] loss: nan    (+/-nan   ) - [test] loss: nan    (+/-nan   )
2019-07-22 14:26:35,840 INFO - logger - Iter 26300 - time: 27    - [train] loss: nan    (+/-nan   ) - [valid] loss: nan    (+/-nan   ) - [test] loss: nan    (+/-nan   )
2019-07-22 14:27:03,439 INFO - logger - Iter 26400 - time: 27    - [train] loss: nan    (+/-nan   ) - [valid] loss: nan    (+/-nan   ) - [test] loss: nan    (+/-nan   )
2019-07-22 14:27:31,462 INFO - logger - Iter 26500 - time: 28    - [train] loss: nan    (+/-nan   ) - [valid] loss: nan    (+/-nan   ) - [test] loss: nan    (+/-nan   )
2019-07-22 14:27:58,789 INFO - logger - Iter 26600 - time: 27    - [train] loss: nan    (+/-nan   ) - [valid] loss: nan    (+/-nan   ) - [test] loss: nan    (+/-nan   )
2019-07-22 14:28:25,978 INFO - logger - Iter 26700 - time: 27    - [train] loss: nan    (+/-nan   ) - [valid] loss: nan    (+/-nan   ) - [test] loss: nan    (+/-nan   )
2019-07-22 14:28:52,757 INFO - logger - Iter 26800 - time: 26    - [train] loss: nan    (+/-nan   ) - [valid] loss: nan    (+/-nan   ) - [test] loss: nan    (+/-nan   )
2019-07-22 14:29:19,510 INFO - logger - Iter 26900 - time: 26    - [train] loss: nan    (+/-nan   ) - [valid] loss: nan    (+/-nan   ) - [test] loss: nan    (+/-nan   )
2019-07-22 14:29:47,371 INFO - logger - Iter 27000 - time: 27    - [train] loss: nan    (+/-nan   ) - [valid] loss: nan    (+/-nan   ) - [test] loss: nan    (+/-nan   )
2019-07-22 14:30:14,588 INFO - logger - Iter 27100 - time: 27    - [train] loss: nan    (+/-nan   ) - [valid] loss: nan    (+/-nan   ) - [test] loss: nan    (+/-nan   )
2019-07-22 14:30:42,360 INFO - logger - Iter 27200 - time: 27    - [train] loss: nan    (+/-nan   ) - [valid] loss: nan    (+/-nan   ) - [test] loss: nan    (+/-nan   )
2019-07-22 14:31:09,280 INFO - logger - Iter 27300 - time: 26    - [train] loss: nan    (+/-nan   ) - [valid] loss: nan    (+/-nan   ) - [test] loss: nan    (+/-nan   )
2019-07-22 14:31:37,352 INFO - logger - Iter 27400 - time: 28    - [train] loss: nan    (+/-nan   ) - [valid] loss: nan    (+/-nan   ) - [test] loss: nan    (+/-nan   )
2019-07-22 14:32:04,545 INFO - logger - Iter 27500 - time: 27    - [train] loss: nan    (+/-nan   ) - [valid] loss: nan    (+/-nan   ) - [test] loss: nan    (+/-nan   )
2019-07-22 14:32:32,185 INFO - logger - Iter 27600 - time: 27    - [train] loss: nan    (+/-nan   ) - [valid] loss: nan    (+/-nan   ) - [test] loss: nan    (+/-nan   )
2019-07-22 14:32:58,823 INFO - logger - Iter 27700 - time: 26    - [train] loss: nan    (+/-nan   ) - [valid] loss: nan    (+/-nan   ) - [test] loss: nan    (+/-nan   )
2019-07-22 14:33:26,716 INFO - logger - Iter 27800 - time: 27    - [train] loss: nan    (+/-nan   ) - [valid] loss: nan    (+/-nan   ) - [test] loss: nan    (+/-nan   )
2019-07-22 14:33:54,324 INFO - logger - Iter 27900 - time: 27    - [train] loss: nan    (+/-nan   ) - [valid] loss: nan    (+/-nan   ) - [test] loss: nan    (+/-nan   )
2019-07-22 14:34:21,553 INFO - logger - Iter 28000 - time: 27    - [train] loss: nan    (+/-nan   ) - [valid] loss: nan    (+/-nan   ) - [test] loss: nan    (+/-nan   )
2019-07-22 14:34:48,333 INFO - logger - Iter 28100 - time: 26    - [train] loss: nan    (+/-nan   ) - [valid] loss: nan    (+/-nan   ) - [test] loss: nan    (+/-nan   )
2019-07-22 14:35:15,458 INFO - logger - Iter 28200 - time: 27    - [train] loss: nan    (+/-nan   ) - [valid] loss: nan    (+/-nan   ) - [test] loss: nan    (+/-nan   )
2019-07-22 14:35:42,786 INFO - logger - Iter 28300 - time: 27    - [train] loss: nan    (+/-nan   ) - [valid] loss: nan    (+/-nan   ) - [test] loss: nan    (+/-nan   )
2019-07-22 14:36:09,731 INFO - logger - Iter 28400 - time: 26    - [train] loss: nan    (+/-nan   ) - [valid] loss: nan    (+/-nan   ) - [test] loss: nan    (+/-nan   )
2019-07-22 14:36:37,956 INFO - logger - Iter 28500 - time: 28    - [train] loss: nan    (+/-nan   ) - [valid] loss: nan    (+/-nan   ) - [test] loss: nan    (+/-nan   )
2019-07-22 14:37:05,581 INFO - logger - Iter 28600 - time: 27    - [train] loss: nan    (+/-nan   ) - [valid] loss: nan    (+/-nan   ) - [test] loss: nan    (+/-nan   )
2019-07-22 14:37:32,412 INFO - logger - Iter 28700 - time: 26    - [train] loss: nan    (+/-nan   ) - [valid] loss: nan    (+/-nan   ) - [test] loss: nan    (+/-nan   )
2019-07-22 14:37:59,128 INFO - logger - Iter 28800 - time: 26    - [train] loss: nan    (+/-nan   ) - [valid] loss: nan    (+/-nan   ) - [test] loss: nan    (+/-nan   )
2019-07-22 14:38:27,127 INFO - logger - Iter 28900 - time: 27    - [train] loss: nan    (+/-nan   ) - [valid] loss: nan    (+/-nan   ) - [test] loss: nan    (+/-nan   )
2019-07-22 14:38:53,809 INFO - logger - Iter 29000 - time: 26    - [train] loss: nan    (+/-nan   ) - [valid] loss: nan    (+/-nan   ) - [test] loss: nan    (+/-nan   )
2019-07-22 14:39:22,078 INFO - logger - Iter 29100 - time: 28    - [train] loss: nan    (+/-nan   ) - [valid] loss: nan    (+/-nan   ) - [test] loss: nan    (+/-nan   )
2019-07-22 14:39:49,421 INFO - logger - Iter 29200 - time: 27    - [train] loss: nan    (+/-nan   ) - [valid] loss: nan    (+/-nan   ) - [test] loss: nan    (+/-nan   )
2019-07-22 14:40:16,543 INFO - logger - Iter 29300 - time: 27    - [train] loss: nan    (+/-nan   ) - [valid] loss: nan    (+/-nan   ) - [test] loss: nan    (+/-nan   )
2019-07-22 14:40:43,815 INFO - logger - Iter 29400 - time: 27    - [train] loss: nan    (+/-nan   ) - [valid] loss: nan    (+/-nan   ) - [test] loss: nan    (+/-nan   )
2019-07-22 14:41:10,610 INFO - logger - Iter 29500 - time: 26    - [train] loss: nan    (+/-nan   ) - [valid] loss: nan    (+/-nan   ) - [test] loss: nan    (+/-nan   )
2019-07-22 14:41:37,953 INFO - logger - Iter 29600 - time: 27    - [train] loss: nan    (+/-nan   ) - [valid] loss: nan    (+/-nan   ) - [test] loss: nan    (+/-nan   )
2019-07-22 14:42:05,193 INFO - logger - Iter 29700 - time: 27    - [train] loss: nan    (+/-nan   ) - [valid] loss: nan    (+/-nan   ) - [test] loss: nan    (+/-nan   )
2019-07-22 14:42:33,479 INFO - logger - Iter 29800 - time: 28    - [train] loss: nan    (+/-nan   ) - [valid] loss: nan    (+/-nan   ) - [test] loss: nan    (+/-nan   )
2019-07-22 14:43:01,127 INFO - logger - Iter 29900 - time: 27    - [train] loss: nan    (+/-nan   ) - [valid] loss: nan    (+/-nan   ) - [test] loss: nan    (+/-nan   )
2019-07-22 14:43:28,613 INFO - logger - Iter 30000 - time: 27    - [train] loss: nan    (+/-nan   ) - [valid] loss: nan    (+/-nan   ) - [test] loss: nan    (+/-nan   )
2019-07-22 14:43:55,966 INFO - logger - Iter 30100 - time: 27    - [train] loss: nan    (+/-nan   ) - [valid] loss: nan    (+/-nan   ) - [test] loss: nan    (+/-nan   )
2019-07-22 14:44:22,546 INFO - logger - Iter 30200 - time: 26    - [train] loss: nan    (+/-nan   ) - [valid] loss: nan    (+/-nan   ) - [test] loss: nan    (+/-nan   )
2019-07-22 14:44:50,625 INFO - logger - Iter 30300 - time: 28    - [train] loss: nan    (+/-nan   ) - [valid] loss: nan    (+/-nan   ) - [test] loss: nan    (+/-nan   )
2019-07-22 14:45:18,618 INFO - logger - Iter 30400 - time: 27    - [train] loss: nan    (+/-nan   ) - [valid] loss: nan    (+/-nan   ) - [test] loss: nan    (+/-nan   )
2019-07-22 14:45:45,584 INFO - logger - Iter 30500 - time: 26    - [train] loss: nan    (+/-nan   ) - [valid] loss: nan    (+/-nan   ) - [test] loss: nan    (+/-nan   )
2019-07-22 14:46:13,384 INFO - logger - Iter 30600 - time: 27    - [train] loss: nan    (+/-nan   ) - [valid] loss: nan    (+/-nan   ) - [test] loss: nan    (+/-nan   )
2019-07-22 14:46:39,433 INFO - logger - Iter 30700 - time: 26    - [train] loss: nan    (+/-nan   ) - [valid] loss: nan    (+/-nan   ) - [test] loss: nan    (+/-nan   )
2019-07-22 14:47:06,442 INFO - logger - Iter 30800 - time: 27    - [train] loss: nan    (+/-nan   ) - [valid] loss: nan    (+/-nan   ) - [test] loss: nan    (+/-nan   )
2019-07-22 14:47:33,538 INFO - logger - Iter 30900 - time: 27    - [train] loss: nan    (+/-nan   ) - [valid] loss: nan    (+/-nan   ) - [test] loss: nan    (+/-nan   )
2019-07-22 14:48:01,390 INFO - logger - Iter 31000 - time: 27    - [train] loss: nan    (+/-nan   ) - [valid] loss: nan    (+/-nan   ) - [test] loss: nan    (+/-nan   )
2019-07-22 14:48:29,112 INFO - logger - Iter 31100 - time: 27    - [train] loss: nan    (+/-nan   ) - [valid] loss: nan    (+/-nan   ) - [test] loss: nan    (+/-nan   )
2019-07-22 14:48:56,411 INFO - logger - Iter 31200 - time: 27    - [train] loss: nan    (+/-nan   ) - [valid] loss: nan    (+/-nan   ) - [test] loss: nan    (+/-nan   )
2019-07-22 14:49:23,762 INFO - logger - Iter 31300 - time: 27    - [train] loss: nan    (+/-nan   ) - [valid] loss: nan    (+/-nan   ) - [test] loss: nan    (+/-nan   )
2019-07-22 14:49:50,178 INFO - logger - Iter 31400 - time: 26    - [train] loss: nan    (+/-nan   ) - [valid] loss: nan    (+/-nan   ) - [test] loss: nan    (+/-nan   )
2019-07-22 14:50:17,680 INFO - logger - Iter 31500 - time: 27    - [train] loss: nan    (+/-nan   ) - [valid] loss: nan    (+/-nan   ) - [test] loss: nan    (+/-nan   )
2019-07-22 14:50:44,285 INFO - logger - Iter 31600 - time: 26    - [train] loss: nan    (+/-nan   ) - [valid] loss: nan    (+/-nan   ) - [test] loss: nan    (+/-nan   )
2019-07-22 14:51:10,180 INFO - logger - Iter 31700 - time: 25    - [train] loss: nan    (+/-nan   ) - [valid] loss: nan    (+/-nan   ) - [test] loss: nan    (+/-nan   )
2019-07-22 14:51:37,993 INFO - logger - Iter 31800 - time: 27    - [train] loss: nan    (+/-nan   ) - [valid] loss: nan    (+/-nan   ) - [test] loss: nan    (+/-nan   )
2019-07-22 14:52:03,735 INFO - logger - Iter 31900 - time: 25    - [train] loss: nan    (+/-nan   ) - [valid] loss: nan    (+/-nan   ) - [test] loss: nan    (+/-nan   )
2019-07-22 14:52:31,465 INFO - logger - Iter 32000 - time: 27    - [train] loss: nan    (+/-nan   ) - [valid] loss: nan    (+/-nan   ) - [test] loss: nan    (+/-nan   )
2019-07-22 14:52:57,930 INFO - logger - Iter 32100 - time: 26    - [train] loss: nan    (+/-nan   ) - [valid] loss: nan    (+/-nan   ) - [test] loss: nan    (+/-nan   )
2019-07-22 14:53:25,609 INFO - logger - Iter 32200 - time: 27    - [train] loss: nan    (+/-nan   ) - [valid] loss: nan    (+/-nan   ) - [test] loss: nan    (+/-nan   )
2019-07-22 14:53:52,568 INFO - logger - Iter 32300 - time: 26    - [train] loss: nan    (+/-nan   ) - [valid] loss: nan    (+/-nan   ) - [test] loss: nan    (+/-nan   )
2019-07-22 14:54:20,808 INFO - logger - Iter 32400 - time: 28    - [train] loss: nan    (+/-nan   ) - [valid] loss: nan    (+/-nan   ) - [test] loss: nan    (+/-nan   )
2019-07-22 14:54:47,915 INFO - logger - Iter 32500 - time: 27    - [train] loss: nan    (+/-nan   ) - [valid] loss: nan    (+/-nan   ) - [test] loss: nan    (+/-nan   )
2019-07-22 14:55:15,200 INFO - logger - Iter 32600 - time: 27    - [train] loss: nan    (+/-nan   ) - [valid] loss: nan    (+/-nan   ) - [test] loss: nan    (+/-nan   )
2019-07-22 14:55:41,915 INFO - logger - Iter 32700 - time: 26    - [train] loss: nan    (+/-nan   ) - [valid] loss: nan    (+/-nan   ) - [test] loss: nan    (+/-nan   )
2019-07-22 14:56:09,875 INFO - logger - Iter 32800 - time: 27    - [train] loss: nan    (+/-nan   ) - [valid] loss: nan    (+/-nan   ) - [test] loss: nan    (+/-nan   )
2019-07-22 14:56:37,078 INFO - logger - Iter 32900 - time: 27    - [train] loss: nan    (+/-nan   ) - [valid] loss: nan    (+/-nan   ) - [test] loss: nan    (+/-nan   )
2019-07-22 14:57:05,443 INFO - logger - Iter 33000 - time: 28    - [train] loss: nan    (+/-nan   ) - [valid] loss: nan    (+/-nan   ) - [test] loss: nan    (+/-nan   )
2019-07-22 14:57:32,385 INFO - logger - Iter 33100 - time: 26    - [train] loss: nan    (+/-nan   ) - [valid] loss: nan    (+/-nan   ) - [test] loss: nan    (+/-nan   )
2019-07-22 14:58:00,245 INFO - logger - Iter 33200 - time: 27    - [train] loss: nan    (+/-nan   ) - [valid] loss: nan    (+/-nan   ) - [test] loss: nan    (+/-nan   )
2019-07-22 14:58:26,936 INFO - logger - Iter 33300 - time: 26    - [train] loss: nan    (+/-nan   ) - [valid] loss: nan    (+/-nan   ) - [test] loss: nan    (+/-nan   )
2019-07-22 14:58:54,348 INFO - logger - Iter 33400 - time: 27    - [train] loss: nan    (+/-nan   ) - [valid] loss: nan    (+/-nan   ) - [test] loss: nan    (+/-nan   )
2019-07-22 14:59:22,444 INFO - logger - Iter 33500 - time: 28    - [train] loss: nan    (+/-nan   ) - [valid] loss: nan    (+/-nan   ) - [test] loss: nan    (+/-nan   )
2019-07-22 14:59:49,427 INFO - logger - Iter 33600 - time: 26    - [train] loss: nan    (+/-nan   ) - [valid] loss: nan    (+/-nan   ) - [test] loss: nan    (+/-nan   )
2019-07-22 15:00:16,404 INFO - logger - Iter 33700 - time: 26    - [train] loss: nan    (+/-nan   ) - [valid] loss: nan    (+/-nan   ) - [test] loss: nan    (+/-nan   )
2019-07-22 15:00:43,797 INFO - logger - Iter 33800 - time: 27    - [train] loss: nan    (+/-nan   ) - [valid] loss: nan    (+/-nan   ) - [test] loss: nan    (+/-nan   )
2019-07-22 15:01:11,137 INFO - logger - Iter 33900 - time: 27    - [train] loss: nan    (+/-nan   ) - [valid] loss: nan    (+/-nan   ) - [test] loss: nan    (+/-nan   )
2019-07-22 15:01:38,179 INFO - logger - Iter 34000 - time: 27    - [train] loss: nan    (+/-nan   ) - [valid] loss: nan    (+/-nan   ) - [test] loss: nan    (+/-nan   )
2019-07-22 15:02:05,952 INFO - logger - Iter 34100 - time: 27    - [train] loss: nan    (+/-nan   ) - [valid] loss: nan    (+/-nan   ) - [test] loss: nan    (+/-nan   )
2019-07-22 15:02:32,541 INFO - logger - Iter 34200 - time: 26    - [train] loss: nan    (+/-nan   ) - [valid] loss: nan    (+/-nan   ) - [test] loss: nan    (+/-nan   )
2019-07-22 15:02:59,744 INFO - logger - Iter 34300 - time: 27    - [train] loss: nan    (+/-nan   ) - [valid] loss: nan    (+/-nan   ) - [test] loss: nan    (+/-nan   )
2019-07-22 15:03:26,396 INFO - logger - Iter 34400 - time: 26    - [train] loss: nan    (+/-nan   ) - [valid] loss: nan    (+/-nan   ) - [test] loss: nan    (+/-nan   )
2019-07-22 15:03:53,076 INFO - logger - Iter 34500 - time: 26    - [train] loss: nan    (+/-nan   ) - [valid] loss: nan    (+/-nan   ) - [test] loss: nan    (+/-nan   )
2019-07-22 15:04:19,762 INFO - logger - Iter 34600 - time: 26    - [train] loss: nan    (+/-nan   ) - [valid] loss: nan    (+/-nan   ) - [test] loss: nan    (+/-nan   )
2019-07-22 15:04:46,628 INFO - logger - Iter 34700 - time: 26    - [train] loss: nan    (+/-nan   ) - [valid] loss: nan    (+/-nan   ) - [test] loss: nan    (+/-nan   )
2019-07-22 15:05:14,183 INFO - logger - Iter 34800 - time: 27    - [train] loss: nan    (+/-nan   ) - [valid] loss: nan    (+/-nan   ) - [test] loss: nan    (+/-nan   )
2019-07-22 15:05:41,964 INFO - logger - Iter 34900 - time: 27    - [train] loss: nan    (+/-nan   ) - [valid] loss: nan    (+/-nan   ) - [test] loss: nan    (+/-nan   )
2019-07-22 15:06:09,243 INFO - logger - Iter 35000 - time: 27    - [train] loss: nan    (+/-nan   ) - [valid] loss: nan    (+/-nan   ) - [test] loss: nan    (+/-nan   )
2019-07-22 15:06:36,440 INFO - logger - Iter 35100 - time: 27    - [train] loss: nan    (+/-nan   ) - [valid] loss: nan    (+/-nan   ) - [test] loss: nan    (+/-nan   )
2019-07-22 15:07:04,568 INFO - logger - Iter 35200 - time: 28    - [train] loss: nan    (+/-nan   ) - [valid] loss: nan    (+/-nan   ) - [test] loss: nan    (+/-nan   )
2019-07-22 15:07:31,943 INFO - logger - Iter 35300 - time: 27    - [train] loss: nan    (+/-nan   ) - [valid] loss: nan    (+/-nan   ) - [test] loss: nan    (+/-nan   )
2019-07-22 15:08:00,461 INFO - logger - Iter 35400 - time: 28    - [train] loss: nan    (+/-nan   ) - [valid] loss: nan    (+/-nan   ) - [test] loss: nan    (+/-nan   )
2019-07-22 15:08:28,336 INFO - logger - Iter 35500 - time: 27    - [train] loss: nan    (+/-nan   ) - [valid] loss: nan    (+/-nan   ) - [test] loss: nan    (+/-nan   )
2019-07-22 15:08:55,536 INFO - logger - Iter 35600 - time: 27    - [train] loss: nan    (+/-nan   ) - [valid] loss: nan    (+/-nan   ) - [test] loss: nan    (+/-nan   )
2019-07-22 15:09:23,477 INFO - logger - Iter 35700 - time: 27    - [train] loss: nan    (+/-nan   ) - [valid] loss: nan    (+/-nan   ) - [test] loss: nan    (+/-nan   )
2019-07-22 15:09:51,820 INFO - logger - Iter 35800 - time: 28    - [train] loss: nan    (+/-nan   ) - [valid] loss: nan    (+/-nan   ) - [test] loss: nan    (+/-nan   )
2019-07-22 15:10:19,188 INFO - logger - Iter 35900 - time: 27    - [train] loss: nan    (+/-nan   ) - [valid] loss: nan    (+/-nan   ) - [test] loss: nan    (+/-nan   )
2019-07-22 15:10:47,040 INFO - logger - Iter 36000 - time: 27    - [train] loss: nan    (+/-nan   ) - [valid] loss: nan    (+/-nan   ) - [test] loss: nan    (+/-nan   )
2019-07-22 15:11:14,242 INFO - logger - Iter 36100 - time: 27    - [train] loss: nan    (+/-nan   ) - [valid] loss: nan    (+/-nan   ) - [test] loss: nan    (+/-nan   )
2019-07-22 15:11:42,247 INFO - logger - Iter 36200 - time: 28    - [train] loss: nan    (+/-nan   ) - [valid] loss: nan    (+/-nan   ) - [test] loss: nan    (+/-nan   )
2019-07-22 15:12:10,308 INFO - logger - Iter 36300 - time: 28    - [train] loss: nan    (+/-nan   ) - [valid] loss: nan    (+/-nan   ) - [test] loss: nan    (+/-nan   )
2019-07-22 15:12:38,064 INFO - logger - Iter 36400 - time: 27    - [train] loss: nan    (+/-nan   ) - [valid] loss: nan    (+/-nan   ) - [test] loss: nan    (+/-nan   )
2019-07-22 15:13:05,860 INFO - logger - Iter 36500 - time: 27    - [train] loss: nan    (+/-nan   ) - [valid] loss: nan    (+/-nan   ) - [test] loss: nan    (+/-nan   )
2019-07-22 15:13:33,077 INFO - logger - Iter 36600 - time: 27    - [train] loss: nan    (+/-nan   ) - [valid] loss: nan    (+/-nan   ) - [test] loss: nan    (+/-nan   )
2019-07-22 15:13:59,717 INFO - logger - Iter 36700 - time: 26    - [train] loss: nan    (+/-nan   ) - [valid] loss: nan    (+/-nan   ) - [test] loss: nan    (+/-nan   )
2019-07-22 15:14:27,625 INFO - logger - Iter 36800 - time: 27    - [train] loss: nan    (+/-nan   ) - [valid] loss: nan    (+/-nan   ) - [test] loss: nan    (+/-nan   )
2019-07-22 15:14:55,880 INFO - logger - Iter 36900 - time: 28    - [train] loss: nan    (+/-nan   ) - [valid] loss: nan    (+/-nan   ) - [test] loss: nan    (+/-nan   )
2019-07-22 15:15:22,571 INFO - logger - Iter 37000 - time: 26    - [train] loss: nan    (+/-nan   ) - [valid] loss: nan    (+/-nan   ) - [test] loss: nan    (+/-nan   )
2019-07-22 15:15:49,701 INFO - logger - Iter 37100 - time: 27    - [train] loss: nan    (+/-nan   ) - [valid] loss: nan    (+/-nan   ) - [test] loss: nan    (+/-nan   )
2019-07-22 15:16:16,878 INFO - logger - Iter 37200 - time: 27    - [train] loss: nan    (+/-nan   ) - [valid] loss: nan    (+/-nan   ) - [test] loss: nan    (+/-nan   )
2019-07-22 15:16:44,616 INFO - logger - Iter 37300 - time: 27    - [train] loss: nan    (+/-nan   ) - [valid] loss: nan    (+/-nan   ) - [test] loss: nan    (+/-nan   )
2019-07-22 15:17:12,864 INFO - logger - Iter 37400 - time: 28    - [train] loss: nan    (+/-nan   ) - [valid] loss: nan    (+/-nan   ) - [test] loss: nan    (+/-nan   )
2019-07-22 15:17:39,939 INFO - logger - Iter 37500 - time: 27    - [train] loss: nan    (+/-nan   ) - [valid] loss: nan    (+/-nan   ) - [test] loss: nan    (+/-nan   )
2019-07-22 15:18:07,180 INFO - logger - Iter 37600 - time: 27    - [train] loss: nan    (+/-nan   ) - [valid] loss: nan    (+/-nan   ) - [test] loss: nan    (+/-nan   )
2019-07-22 15:18:34,867 INFO - logger - Iter 37700 - time: 27    - [train] loss: nan    (+/-nan   ) - [valid] loss: nan    (+/-nan   ) - [test] loss: nan    (+/-nan   )
2019-07-22 15:19:02,264 INFO - logger - Iter 37800 - time: 27    - [train] loss: nan    (+/-nan   ) - [valid] loss: nan    (+/-nan   ) - [test] loss: nan    (+/-nan   )
2019-07-22 15:19:30,431 INFO - logger - Iter 37900 - time: 28    - [train] loss: nan    (+/-nan   ) - [valid] loss: nan    (+/-nan   ) - [test] loss: nan    (+/-nan   )
2019-07-22 15:19:57,459 INFO - logger - Iter 38000 - time: 27    - [train] loss: nan    (+/-nan   ) - [valid] loss: nan    (+/-nan   ) - [test] loss: nan    (+/-nan   )
2019-07-22 15:20:25,164 INFO - logger - Iter 38100 - time: 27    - [train] loss: nan    (+/-nan   ) - [valid] loss: nan    (+/-nan   ) - [test] loss: nan    (+/-nan   )
2019-07-22 15:20:52,618 INFO - logger - Iter 38200 - time: 27    - [train] loss: nan    (+/-nan   ) - [valid] loss: nan    (+/-nan   ) - [test] loss: nan    (+/-nan   )
2019-07-22 15:21:21,186 INFO - logger - Iter 38300 - time: 28    - [train] loss: nan    (+/-nan   ) - [valid] loss: nan    (+/-nan   ) - [test] loss: nan    (+/-nan   )
2019-07-22 15:21:48,907 INFO - logger - Iter 38400 - time: 27    - [train] loss: nan    (+/-nan   ) - [valid] loss: nan    (+/-nan   ) - [test] loss: nan    (+/-nan   )
2019-07-22 15:22:16,790 INFO - logger - Iter 38500 - time: 27    - [train] loss: nan    (+/-nan   ) - [valid] loss: nan    (+/-nan   ) - [test] loss: nan    (+/-nan   )
2019-07-22 15:22:44,429 INFO - logger - Iter 38600 - time: 27    - [train] loss: nan    (+/-nan   ) - [valid] loss: nan    (+/-nan   ) - [test] loss: nan    (+/-nan   )
2019-07-22 15:23:12,483 INFO - logger - Iter 38700 - time: 28    - [train] loss: nan    (+/-nan   ) - [valid] loss: nan    (+/-nan   ) - [test] loss: nan    (+/-nan   )
2019-07-22 15:23:39,767 INFO - logger - Iter 38800 - time: 27    - [train] loss: nan    (+/-nan   ) - [valid] loss: nan    (+/-nan   ) - [test] loss: nan    (+/-nan   )
2019-07-22 15:24:07,299 INFO - logger - Iter 38900 - time: 27    - [train] loss: nan    (+/-nan   ) - [valid] loss: nan    (+/-nan   ) - [test] loss: nan    (+/-nan   )
2019-07-22 15:24:34,806 INFO - logger - Iter 39000 - time: 27    - [train] loss: nan    (+/-nan   ) - [valid] loss: nan    (+/-nan   ) - [test] loss: nan    (+/-nan   )
2019-07-22 15:25:03,172 INFO - logger - Iter 39100 - time: 28    - [train] loss: nan    (+/-nan   ) - [valid] loss: nan    (+/-nan   ) - [test] loss: nan    (+/-nan   )
2019-07-22 15:25:30,742 INFO - logger - Iter 39200 - time: 27    - [train] loss: nan    (+/-nan   ) - [valid] loss: nan    (+/-nan   ) - [test] loss: nan    (+/-nan   )
2019-07-22 15:25:59,071 INFO - logger - Iter 39300 - time: 28    - [train] loss: nan    (+/-nan   ) - [valid] loss: nan    (+/-nan   ) - [test] loss: nan    (+/-nan   )
2019-07-22 15:26:25,503 INFO - logger - Iter 39400 - time: 26    - [train] loss: nan    (+/-nan   ) - [valid] loss: nan    (+/-nan   ) - [test] loss: nan    (+/-nan   )
2019-07-22 15:26:55,018 INFO - logger - Iter 39500 - time: 29    - [train] loss: nan    (+/-nan   ) - [valid] loss: nan    (+/-nan   ) - [test] loss: nan    (+/-nan   )
2019-07-22 15:27:22,406 INFO - logger - Iter 39600 - time: 27    - [train] loss: nan    (+/-nan   ) - [valid] loss: nan    (+/-nan   ) - [test] loss: nan    (+/-nan   )
2019-07-22 15:27:50,296 INFO - logger - Iter 39700 - time: 27    - [train] loss: nan    (+/-nan   ) - [valid] loss: nan    (+/-nan   ) - [test] loss: nan    (+/-nan   )
2019-07-22 15:28:17,284 INFO - logger - Iter 39800 - time: 26    - [train] loss: nan    (+/-nan   ) - [valid] loss: nan    (+/-nan   ) - [test] loss: nan    (+/-nan   )
2019-07-22 15:28:45,380 INFO - logger - Iter 39900 - time: 28    - [train] loss: nan    (+/-nan   ) - [valid] loss: nan    (+/-nan   ) - [test] loss: nan    (+/-nan   )
2019-07-22 15:29:12,282 INFO - logger - Iter 40000 - time: 26    - [train] loss: nan    (+/-nan   ) - [valid] loss: nan    (+/-nan   ) - [test] loss: nan    (+/-nan   )
2019-07-22 15:29:40,174 INFO - logger - Iter 40100 - time: 27    - [train] loss: nan    (+/-nan   ) - [valid] loss: nan    (+/-nan   ) - [test] loss: nan    (+/-nan   )
2019-07-22 15:30:07,080 INFO - logger - Iter 40200 - time: 26    - [train] loss: nan    (+/-nan   ) - [valid] loss: nan    (+/-nan   ) - [test] loss: nan    (+/-nan   )
2019-07-22 15:30:34,701 INFO - logger - Iter 40300 - time: 27    - [train] loss: nan    (+/-nan   ) - [valid] loss: nan    (+/-nan   ) - [test] loss: nan    (+/-nan   )
2019-07-22 15:31:02,356 INFO - logger - Iter 40400 - time: 27    - [train] loss: nan    (+/-nan   ) - [valid] loss: nan    (+/-nan   ) - [test] loss: nan    (+/-nan   )
2019-07-22 15:31:29,546 INFO - logger - Iter 40500 - time: 27    - [train] loss: nan    (+/-nan   ) - [valid] loss: nan    (+/-nan   ) - [test] loss: nan    (+/-nan   )
2019-07-22 15:31:56,661 INFO - logger - Iter 40600 - time: 27    - [train] loss: nan    (+/-nan   ) - [valid] loss: nan    (+/-nan   ) - [test] loss: nan    (+/-nan   )
2019-07-22 15:32:23,425 INFO - logger - Iter 40700 - time: 26    - [train] loss: nan    (+/-nan   ) - [valid] loss: nan    (+/-nan   ) - [test] loss: nan    (+/-nan   )
2019-07-22 15:32:52,048 INFO - logger - Iter 40800 - time: 28    - [train] loss: nan    (+/-nan   ) - [valid] loss: nan    (+/-nan   ) - [test] loss: nan    (+/-nan   )
2019-07-22 15:33:19,999 INFO - logger - Iter 40900 - time: 27    - [train] loss: nan    (+/-nan   ) - [valid] loss: nan    (+/-nan   ) - [test] loss: nan    (+/-nan   )
2019-07-22 15:33:48,107 INFO - logger - Iter 41000 - time: 28    - [train] loss: nan    (+/-nan   ) - [valid] loss: nan    (+/-nan   ) - [test] loss: nan    (+/-nan   )
2019-07-22 15:34:15,827 INFO - logger - Iter 41100 - time: 27    - [train] loss: nan    (+/-nan   ) - [valid] loss: nan    (+/-nan   ) - [test] loss: nan    (+/-nan   )
2019-07-22 15:34:44,703 INFO - logger - Iter 41200 - time: 28    - [train] loss: nan    (+/-nan   ) - [valid] loss: nan    (+/-nan   ) - [test] loss: nan    (+/-nan   )
2019-07-22 15:35:13,005 INFO - logger - Iter 41300 - time: 28    - [train] loss: nan    (+/-nan   ) - [valid] loss: nan    (+/-nan   ) - [test] loss: nan    (+/-nan   )
2019-07-22 15:35:40,925 INFO - logger - Iter 41400 - time: 27    - [train] loss: nan    (+/-nan   ) - [valid] loss: nan    (+/-nan   ) - [test] loss: nan    (+/-nan   )
2019-07-22 15:36:09,269 INFO - logger - Iter 41500 - time: 28    - [train] loss: nan    (+/-nan   ) - [valid] loss: nan    (+/-nan   ) - [test] loss: nan    (+/-nan   )
2019-07-22 15:36:36,909 INFO - logger - Iter 41600 - time: 27    - [train] loss: nan    (+/-nan   ) - [valid] loss: nan    (+/-nan   ) - [test] loss: nan    (+/-nan   )
2019-07-22 15:37:05,256 INFO - logger - Iter 41700 - time: 28    - [train] loss: nan    (+/-nan   ) - [valid] loss: nan    (+/-nan   ) - [test] loss: nan    (+/-nan   )
2019-07-22 15:37:32,470 INFO - logger - Iter 41800 - time: 27    - [train] loss: nan    (+/-nan   ) - [valid] loss: nan    (+/-nan   ) - [test] loss: nan    (+/-nan   )
2019-07-22 15:37:58,835 INFO - logger - Iter 41900 - time: 26    - [train] loss: nan    (+/-nan   ) - [valid] loss: nan    (+/-nan   ) - [test] loss: nan    (+/-nan   )
2019-07-22 15:38:27,275 INFO - logger - Iter 42000 - time: 28    - [train] loss: nan    (+/-nan   ) - [valid] loss: nan    (+/-nan   ) - [test] loss: nan    (+/-nan   )
2019-07-22 15:38:54,456 INFO - logger - Iter 42100 - time: 27    - [train] loss: nan    (+/-nan   ) - [valid] loss: nan    (+/-nan   ) - [test] loss: nan    (+/-nan   )
2019-07-22 15:39:23,000 INFO - logger - Iter 42200 - time: 28    - [train] loss: nan    (+/-nan   ) - [valid] loss: nan    (+/-nan   ) - [test] loss: nan    (+/-nan   )
2019-07-22 15:39:50,065 INFO - logger - Iter 42300 - time: 27    - [train] loss: nan    (+/-nan   ) - [valid] loss: nan    (+/-nan   ) - [test] loss: nan    (+/-nan   )
2019-07-22 15:40:18,467 INFO - logger - Iter 42400 - time: 28    - [train] loss: nan    (+/-nan   ) - [valid] loss: nan    (+/-nan   ) - [test] loss: nan    (+/-nan   )
2019-07-22 15:40:45,057 INFO - logger - Iter 42500 - time: 26    - [train] loss: nan    (+/-nan   ) - [valid] loss: nan    (+/-nan   ) - [test] loss: nan    (+/-nan   )
2019-07-22 15:41:12,722 INFO - logger - Iter 42600 - time: 27    - [train] loss: nan    (+/-nan   ) - [valid] loss: nan    (+/-nan   ) - [test] loss: nan    (+/-nan   )
2019-07-22 15:41:39,267 INFO - logger - Iter 42700 - time: 26    - [train] loss: nan    (+/-nan   ) - [valid] loss: nan    (+/-nan   ) - [test] loss: nan    (+/-nan   )
2019-07-22 15:42:06,513 INFO - logger - Iter 42800 - time: 27    - [train] loss: nan    (+/-nan   ) - [valid] loss: nan    (+/-nan   ) - [test] loss: nan    (+/-nan   )
2019-07-22 15:42:35,580 INFO - logger - Iter 42900 - time: 29    - [train] loss: nan    (+/-nan   ) - [valid] loss: nan    (+/-nan   ) - [test] loss: nan    (+/-nan   )
2019-07-22 15:43:03,496 INFO - logger - Iter 43000 - time: 27    - [train] loss: nan    (+/-nan   ) - [valid] loss: nan    (+/-nan   ) - [test] loss: nan    (+/-nan   )
2019-07-22 15:43:31,386 INFO - logger - Iter 43100 - time: 27    - [train] loss: nan    (+/-nan   ) - [valid] loss: nan    (+/-nan   ) - [test] loss: nan    (+/-nan   )
2019-07-22 15:43:59,092 INFO - logger - Iter 43200 - time: 27    - [train] loss: nan    (+/-nan   ) - [valid] loss: nan    (+/-nan   ) - [test] loss: nan    (+/-nan   )
2019-07-22 15:44:26,956 INFO - logger - Iter 43300 - time: 27    - [train] loss: nan    (+/-nan   ) - [valid] loss: nan    (+/-nan   ) - [test] loss: nan    (+/-nan   )
2019-07-22 15:44:54,307 INFO - logger - Iter 43400 - time: 27    - [train] loss: nan    (+/-nan   ) - [valid] loss: nan    (+/-nan   ) - [test] loss: nan    (+/-nan   )
2019-07-22 15:45:22,344 INFO - logger - Iter 43500 - time: 28    - [train] loss: nan    (+/-nan   ) - [valid] loss: nan    (+/-nan   ) - [test] loss: nan    (+/-nan   )
2019-07-22 15:45:50,288 INFO - logger - Iter 43600 - time: 27    - [train] loss: nan    (+/-nan   ) - [valid] loss: nan    (+/-nan   ) - [test] loss: nan    (+/-nan   )
2019-07-22 15:46:17,531 INFO - logger - Iter 43700 - time: 27    - [train] loss: nan    (+/-nan   ) - [valid] loss: nan    (+/-nan   ) - [test] loss: nan    (+/-nan   )
2019-07-22 15:46:45,702 INFO - logger - Iter 43800 - time: 28    - [train] loss: nan    (+/-nan   ) - [valid] loss: nan    (+/-nan   ) - [test] loss: nan    (+/-nan   )
2019-07-22 15:47:13,162 INFO - logger - Iter 43900 - time: 27    - [train] loss: nan    (+/-nan   ) - [valid] loss: nan    (+/-nan   ) - [test] loss: nan    (+/-nan   )
2019-07-22 15:47:42,139 INFO - logger - Iter 44000 - time: 28    - [train] loss: nan    (+/-nan   ) - [valid] loss: nan    (+/-nan   ) - [test] loss: nan    (+/-nan   )
2019-07-22 15:48:09,667 INFO - logger - Iter 44100 - time: 27    - [train] loss: nan    (+/-nan   ) - [valid] loss: nan    (+/-nan   ) - [test] loss: nan    (+/-nan   )
2019-07-22 15:48:36,977 INFO - logger - Iter 44200 - time: 27    - [train] loss: nan    (+/-nan   ) - [valid] loss: nan    (+/-nan   ) - [test] loss: nan    (+/-nan   )
2019-07-22 15:49:05,069 INFO - logger - Iter 44300 - time: 28    - [train] loss: nan    (+/-nan   ) - [valid] loss: nan    (+/-nan   ) - [test] loss: nan    (+/-nan   )
2019-07-22 15:49:32,263 INFO - logger - Iter 44400 - time: 27    - [train] loss: nan    (+/-nan   ) - [valid] loss: nan    (+/-nan   ) - [test] loss: nan    (+/-nan   )
2019-07-22 15:49:59,162 INFO - logger - Iter 44500 - time: 26    - [train] loss: nan    (+/-nan   ) - [valid] loss: nan    (+/-nan   ) - [test] loss: nan    (+/-nan   )
2019-07-22 15:50:27,384 INFO - logger - Iter 44600 - time: 28    - [train] loss: nan    (+/-nan   ) - [valid] loss: nan    (+/-nan   ) - [test] loss: nan    (+/-nan   )
2019-07-22 15:50:54,401 INFO - logger - Iter 44700 - time: 27    - [train] loss: nan    (+/-nan   ) - [valid] loss: nan    (+/-nan   ) - [test] loss: nan    (+/-nan   )
2019-07-22 15:51:22,471 INFO - logger - Iter 44800 - time: 28    - [train] loss: nan    (+/-nan   ) - [valid] loss: nan    (+/-nan   ) - [test] loss: nan    (+/-nan   )
2019-07-22 15:51:49,442 INFO - logger - Iter 44900 - time: 26    - [train] loss: nan    (+/-nan   ) - [valid] loss: nan    (+/-nan   ) - [test] loss: nan    (+/-nan   )
2019-07-22 15:52:18,153 INFO - logger - Iter 45000 - time: 28    - [train] loss: nan    (+/-nan   ) - [valid] loss: nan    (+/-nan   ) - [test] loss: nan    (+/-nan   )
2019-07-22 15:52:45,074 INFO - logger - Iter 45100 - time: 26    - [train] loss: nan    (+/-nan   ) - [valid] loss: nan    (+/-nan   ) - [test] loss: nan    (+/-nan   )
2019-07-22 15:53:12,722 INFO - logger - Iter 45200 - time: 27    - [train] loss: nan    (+/-nan   ) - [valid] loss: nan    (+/-nan   ) - [test] loss: nan    (+/-nan   )
2019-07-22 15:53:39,332 INFO - logger - Iter 45300 - time: 26    - [train] loss: nan    (+/-nan   ) - [valid] loss: nan    (+/-nan   ) - [test] loss: nan    (+/-nan   )
2019-07-22 15:54:07,087 INFO - logger - Iter 45400 - time: 27    - [train] loss: nan    (+/-nan   ) - [valid] loss: nan    (+/-nan   ) - [test] loss: nan    (+/-nan   )
2019-07-22 15:54:35,458 INFO - logger - Iter 45500 - time: 28    - [train] loss: nan    (+/-nan   ) - [valid] loss: nan    (+/-nan   ) - [test] loss: nan    (+/-nan   )
2019-07-22 15:55:02,401 INFO - logger - Iter 45600 - time: 26    - [train] loss: nan    (+/-nan   ) - [valid] loss: nan    (+/-nan   ) - [test] loss: nan    (+/-nan   )
2019-07-22 15:55:30,161 INFO - logger - Iter 45700 - time: 27    - [train] loss: nan    (+/-nan   ) - [valid] loss: nan    (+/-nan   ) - [test] loss: nan    (+/-nan   )
2019-07-22 15:55:57,742 INFO - logger - Iter 45800 - time: 27    - [train] loss: nan    (+/-nan   ) - [valid] loss: nan    (+/-nan   ) - [test] loss: nan    (+/-nan   )
2019-07-22 15:56:25,346 INFO - logger - Iter 45900 - time: 27    - [train] loss: nan    (+/-nan   ) - [valid] loss: nan    (+/-nan   ) - [test] loss: nan    (+/-nan   )
2019-07-22 15:56:51,931 INFO - logger - Iter 46000 - time: 26    - [train] loss: nan    (+/-nan   ) - [valid] loss: nan    (+/-nan   ) - [test] loss: nan    (+/-nan   )
2019-07-22 15:57:20,401 INFO - logger - Iter 46100 - time: 28    - [train] loss: nan    (+/-nan   ) - [valid] loss: nan    (+/-nan   ) - [test] loss: nan    (+/-nan   )
2019-07-22 15:57:47,042 INFO - logger - Iter 46200 - time: 26    - [train] loss: nan    (+/-nan   ) - [valid] loss: nan    (+/-nan   ) - [test] loss: nan    (+/-nan   )
2019-07-22 15:58:14,795 INFO - logger - Iter 46300 - time: 27    - [train] loss: nan    (+/-nan   ) - [valid] loss: nan    (+/-nan   ) - [test] loss: nan    (+/-nan   )
2019-07-22 15:58:42,444 INFO - logger - Iter 46400 - time: 27    - [train] loss: nan    (+/-nan   ) - [valid] loss: nan    (+/-nan   ) - [test] loss: nan    (+/-nan   )
2019-07-22 15:59:09,509 INFO - logger - Iter 46500 - time: 27    - [train] loss: nan    (+/-nan   ) - [valid] loss: nan    (+/-nan   ) - [test] loss: nan    (+/-nan   )
2019-07-22 15:59:37,337 INFO - logger - Iter 46600 - time: 27    - [train] loss: nan    (+/-nan   ) - [valid] loss: nan    (+/-nan   ) - [test] loss: nan    (+/-nan   )
2019-07-22 16:00:04,094 INFO - logger - Iter 46700 - time: 26    - [train] loss: nan    (+/-nan   ) - [valid] loss: nan    (+/-nan   ) - [test] loss: nan    (+/-nan   )
2019-07-22 16:00:31,504 INFO - logger - Iter 46800 - time: 27    - [train] loss: nan    (+/-nan   ) - [valid] loss: nan    (+/-nan   ) - [test] loss: nan    (+/-nan   )
2019-07-22 16:00:58,993 INFO - logger - Iter 46900 - time: 27    - [train] loss: nan    (+/-nan   ) - [valid] loss: nan    (+/-nan   ) - [test] loss: nan    (+/-nan   )
2019-07-22 16:01:26,646 INFO - logger - Iter 47000 - time: 27    - [train] loss: nan    (+/-nan   ) - [valid] loss: nan    (+/-nan   ) - [test] loss: nan    (+/-nan   )
2019-07-22 16:01:54,039 INFO - logger - Iter 47100 - time: 27    - [train] loss: nan    (+/-nan   ) - [valid] loss: nan    (+/-nan   ) - [test] loss: nan    (+/-nan   )
2019-07-22 16:02:21,336 INFO - logger - Iter 47200 - time: 27    - [train] loss: nan    (+/-nan   ) - [valid] loss: nan    (+/-nan   ) - [test] loss: nan    (+/-nan   )
2019-07-22 16:02:49,015 INFO - logger - Iter 47300 - time: 27    - [train] loss: nan    (+/-nan   ) - [valid] loss: nan    (+/-nan   ) - [test] loss: nan    (+/-nan   )
2019-07-22 16:03:15,812 INFO - logger - Iter 47400 - time: 26    - [train] loss: nan    (+/-nan   ) - [valid] loss: nan    (+/-nan   ) - [test] loss: nan    (+/-nan   )
2019-07-22 16:03:43,560 INFO - logger - Iter 47500 - time: 27    - [train] loss: nan    (+/-nan   ) - [valid] loss: nan    (+/-nan   ) - [test] loss: nan    (+/-nan   )
2019-07-22 16:04:10,036 INFO - logger - Iter 47600 - time: 26    - [train] loss: nan    (+/-nan   ) - [valid] loss: nan    (+/-nan   ) - [test] loss: nan    (+/-nan   )
2019-07-22 16:04:37,674 INFO - logger - Iter 47700 - time: 27    - [train] loss: nan    (+/-nan   ) - [valid] loss: nan    (+/-nan   ) - [test] loss: nan    (+/-nan   )
2019-07-22 16:05:04,825 INFO - logger - Iter 47800 - time: 27    - [train] loss: nan    (+/-nan   ) - [valid] loss: nan    (+/-nan   ) - [test] loss: nan    (+/-nan   )
2019-07-22 16:05:32,747 INFO - logger - Iter 47900 - time: 27    - [train] loss: nan    (+/-nan   ) - [valid] loss: nan    (+/-nan   ) - [test] loss: nan    (+/-nan   )
2019-07-22 16:06:00,046 INFO - logger - Iter 48000 - time: 27    - [train] loss: nan    (+/-nan   ) - [valid] loss: nan    (+/-nan   ) - [test] loss: nan    (+/-nan   )
2019-07-22 16:06:27,710 INFO - logger - Iter 48100 - time: 27    - [train] loss: nan    (+/-nan   ) - [valid] loss: nan    (+/-nan   ) - [test] loss: nan    (+/-nan   )
2019-07-22 16:06:55,543 INFO - logger - Iter 48200 - time: 27    - [train] loss: nan    (+/-nan   ) - [valid] loss: nan    (+/-nan   ) - [test] loss: nan    (+/-nan   )
2019-07-22 16:07:23,410 INFO - logger - Iter 48300 - time: 27    - [train] loss: nan    (+/-nan   ) - [valid] loss: nan    (+/-nan   ) - [test] loss: nan    (+/-nan   )
2019-07-22 16:07:50,561 INFO - logger - Iter 48400 - time: 27    - [train] loss: nan    (+/-nan   ) - [valid] loss: nan    (+/-nan   ) - [test] loss: nan    (+/-nan   )
2019-07-22 16:08:18,695 INFO - logger - Iter 48500 - time: 28    - [train] loss: nan    (+/-nan   ) - [valid] loss: nan    (+/-nan   ) - [test] loss: nan    (+/-nan   )
2019-07-22 16:08:46,693 INFO - logger - Iter 48600 - time: 27    - [train] loss: nan    (+/-nan   ) - [valid] loss: nan    (+/-nan   ) - [test] loss: nan    (+/-nan   )
2019-07-22 16:09:14,225 INFO - logger - Iter 48700 - time: 27    - [train] loss: nan    (+/-nan   ) - [valid] loss: nan    (+/-nan   ) - [test] loss: nan    (+/-nan   )
2019-07-22 16:09:42,173 INFO - logger - Iter 48800 - time: 27    - [train] loss: nan    (+/-nan   ) - [valid] loss: nan    (+/-nan   ) - [test] loss: nan    (+/-nan   )
2019-07-22 16:10:09,518 INFO - logger - Iter 48900 - time: 27    - [train] loss: nan    (+/-nan   ) - [valid] loss: nan    (+/-nan   ) - [test] loss: nan    (+/-nan   )
2019-07-22 16:10:36,268 INFO - logger - Iter 49000 - time: 26    - [train] loss: nan    (+/-nan   ) - [valid] loss: nan    (+/-nan   ) - [test] loss: nan    (+/-nan   )
2019-07-22 16:11:02,690 INFO - logger - Iter 49100 - time: 26    - [train] loss: nan    (+/-nan   ) - [valid] loss: nan    (+/-nan   ) - [test] loss: nan    (+/-nan   )
2019-07-22 16:11:30,744 INFO - logger - Iter 49200 - time: 28    - [train] loss: nan    (+/-nan   ) - [valid] loss: nan    (+/-nan   ) - [test] loss: nan    (+/-nan   )
2019-07-22 16:11:58,175 INFO - logger - Iter 49300 - time: 27    - [train] loss: nan    (+/-nan   ) - [valid] loss: nan    (+/-nan   ) - [test] loss: nan    (+/-nan   )
2019-07-22 16:12:25,209 INFO - logger - Iter 49400 - time: 27    - [train] loss: nan    (+/-nan   ) - [valid] loss: nan    (+/-nan   ) - [test] loss: nan    (+/-nan   )
2019-07-22 16:12:52,082 INFO - logger - Iter 49500 - time: 26    - [train] loss: nan    (+/-nan   ) - [valid] loss: nan    (+/-nan   ) - [test] loss: nan    (+/-nan   )
2019-07-22 16:13:19,316 INFO - logger - Iter 49600 - time: 27    - [train] loss: nan    (+/-nan   ) - [valid] loss: nan    (+/-nan   ) - [test] loss: nan    (+/-nan   )
2019-07-22 16:13:46,155 INFO - logger - Iter 49700 - time: 26    - [train] loss: nan    (+/-nan   ) - [valid] loss: nan    (+/-nan   ) - [test] loss: nan    (+/-nan   )
2019-07-22 16:14:12,768 INFO - logger - Iter 49800 - time: 26    - [train] loss: nan    (+/-nan   ) - [valid] loss: nan    (+/-nan   ) - [test] loss: nan    (+/-nan   )
2019-07-22 16:14:40,110 INFO - logger - Iter 49900 - time: 27    - [train] loss: nan    (+/-nan   ) - [valid] loss: nan    (+/-nan   ) - [test] loss: nan    (+/-nan   )
