2019-07-20 05:10:21,826 INFO - log_helper - Finished configuring logger
2019-07-20 05:10:24,164 INFO - logger - Iter 0    - time: 6     - [train] loss: 5242.3829 (+/-8969.4626) - [valid] loss: 360.6305 (+/-695.1111) - [test] loss: 1055.6376 (+/-1808.3658)
2019-07-20 05:10:57,204 INFO - logger - Iter 100  - time: 33    - [train] loss: 6.1719 (+/-2.2437) - [valid] loss: 5.5018 (+/-1.4911) - [test] loss: 3.6158 (+/-0.7507)
2019-07-20 05:11:33,622 INFO - logger - Iter 200  - time: 36    - [train] loss: 6.273  (+/-2.4305) - [valid] loss: 5.081  (+/-1.0248) - [test] loss: 4.7258 (+/-0.9822)
2019-07-20 05:12:07,881 INFO - logger - Iter 300  - time: 34    - [train] loss: 5.4457 (+/-1.0467) - [valid] loss: 4.9276 (+/-0.8557) - [test] loss: 4.8131 (+/-1.2387)
2019-07-20 05:12:39,913 INFO - logger - Iter 400  - time: 32    - [train] loss: 5.3999 (+/-0.9453) - [valid] loss: 5.2378 (+/-1.1991) - [test] loss: 4.1775 (+/-0.7669)
2019-07-20 05:13:10,601 INFO - logger - Iter 500  - time: 30    - [train] loss: 3.8812 (+/-0.921 ) - [valid] loss: 4.9887 (+/-2.1313) - [test] loss: 4.2839 (+/-0.7452)
2019-07-20 05:13:42,142 INFO - logger - Iter 600  - time: 31    - [train] loss: 3.7695 (+/-0.7372) - [valid] loss: 6.0327 (+/-2.8909) - [test] loss: 5.7521 (+/-2.4276)
2019-07-20 05:14:15,755 INFO - logger - Iter 700  - time: 33    - [train] loss: 4.5163 (+/-0.9114) - [valid] loss: 4.8454 (+/-0.8859) - [test] loss: 4.7993 (+/-0.8911)
2019-07-20 05:14:50,209 INFO - logger - Iter 800  - time: 34    - [train] loss: 4.7489 (+/-1.4547) - [valid] loss: 3.7843 (+/-0.7427) - [test] loss: 4.5791 (+/-0.7849)
2019-07-20 05:15:22,635 INFO - logger - Iter 900  - time: 32    - [train] loss: 5.7738 (+/-1.5922) - [valid] loss: 4.6497 (+/-0.7301) - [test] loss: 5.1185 (+/-0.9544)
2019-07-20 05:15:53,502 INFO - logger - Iter 1000 - time: 30    - [train] loss: 4.9478 (+/-0.9319) - [valid] loss: 5.1126 (+/-1.0564) - [test] loss: 4.9517 (+/-0.904 )
2019-07-20 05:16:24,845 INFO - logger - Iter 1100 - time: 31    - [train] loss: 5.6173 (+/-1.0757) - [valid] loss: 4.4825 (+/-0.845 ) - [test] loss: 4.277  (+/-0.8134)
2019-07-20 05:16:55,212 INFO - logger - Iter 1200 - time: 30    - [train] loss: 3.8156 (+/-0.7342) - [valid] loss: 3.7288 (+/-0.7926) - [test] loss: 4.7262 (+/-0.7188)
2019-07-20 05:17:29,218 INFO - logger - Iter 1300 - time: 34    - [train] loss: 5.2219 (+/-0.9957) - [valid] loss: 5.2537 (+/-0.8342) - [test] loss: 5.4453 (+/-1.0212)
2019-07-20 05:18:03,711 INFO - logger - Iter 1400 - time: 34    - [train] loss: 4.2154 (+/-0.7588) - [valid] loss: 4.1935 (+/-0.8306) - [test] loss: 4.3775 (+/-0.7494)
2019-07-20 05:18:35,682 INFO - logger - Iter 1500 - time: 31    - [train] loss: 4.5123 (+/-0.8802) - [valid] loss: 4.2789 (+/-0.8399) - [test] loss: 4.1481 (+/-1.1253)
2019-07-20 05:19:07,189 INFO - logger - Iter 1600 - time: 31    - [train] loss: 4.5684 (+/-0.885 ) - [valid] loss: 3.6817 (+/-0.7931) - [test] loss: 4.1411 (+/-0.7414)
2019-07-20 05:19:38,937 INFO - logger - Iter 1700 - time: 31    - [train] loss: 3.8835 (+/-0.9173) - [valid] loss: 4.6069 (+/-0.8452) - [test] loss: 5.0242 (+/-1.1521)
2019-07-20 05:20:11,048 INFO - logger - Iter 1800 - time: 32    - [train] loss: 4.6293 (+/-0.8664) - [valid] loss: 4.13   (+/-0.706 ) - [test] loss: 4.221  (+/-0.7848)
2019-07-20 05:20:45,832 INFO - logger - Iter 1900 - time: 34    - [train] loss: 3.7522 (+/-0.7876) - [valid] loss: 3.8941 (+/-0.7547) - [test] loss: 4.5203 (+/-0.8654)
2019-07-20 05:21:20,937 INFO - logger - Iter 2000 - time: 35    - [train] loss: 3.9199 (+/-0.8307) - [valid] loss: 4.7849 (+/-0.8238) - [test] loss: 4.0597 (+/-0.8095)
2019-07-20 05:21:54,241 INFO - logger - Iter 2100 - time: 33    - [train] loss: 3.8688 (+/-0.8594) - [valid] loss: 4.7027 (+/-1.0099) - [test] loss: 4.4672 (+/-0.7652)
2019-07-20 05:22:25,910 INFO - logger - Iter 2200 - time: 31    - [train] loss: 3.2089 (+/-0.6109) - [valid] loss: 3.7217 (+/-0.7497) - [test] loss: 3.7264 (+/-0.6949)
2019-07-20 05:22:58,399 INFO - logger - Iter 2300 - time: 32    - [train] loss: 4.4822 (+/-0.8282) - [valid] loss: 3.994  (+/-0.7585) - [test] loss: 4.1614 (+/-0.8642)
2019-07-20 05:23:31,564 INFO - logger - Iter 2400 - time: 33    - [train] loss: 3.9346 (+/-0.7198) - [valid] loss: 4.2699 (+/-0.9633) - [test] loss: 4.1276 (+/-0.7973)
2019-07-20 05:24:06,051 INFO - logger - Iter 2500 - time: 34    - [train] loss: 4.1433 (+/-0.817 ) - [valid] loss: 4.2732 (+/-0.7413) - [test] loss: 3.5844 (+/-0.672 )
2019-07-20 05:24:40,578 INFO - logger - Iter 2600 - time: 34    - [train] loss: 4.0167 (+/-0.9147) - [valid] loss: 4.9128 (+/-0.8054) - [test] loss: 3.6495 (+/-0.7215)
2019-07-20 05:25:13,266 INFO - logger - Iter 2700 - time: 32    - [train] loss: 3.9343 (+/-0.7179) - [valid] loss: 5.0294 (+/-1.5101) - [test] loss: 3.7288 (+/-0.7417)
2019-07-20 05:25:45,898 INFO - logger - Iter 2800 - time: 32    - [train] loss: 3.7498 (+/-0.7233) - [valid] loss: 4.9252 (+/-0.8439) - [test] loss: 4.4339 (+/-0.8486)
2019-07-20 05:26:16,917 INFO - logger - Iter 2900 - time: 31    - [train] loss: 3.7302 (+/-0.7521) - [valid] loss: 4.5567 (+/-0.8828) - [test] loss: 4.1123 (+/-0.7933)
2019-07-20 05:26:51,815 INFO - logger - Iter 3000 - time: 34    - [train] loss: 4.4069 (+/-0.8041) - [valid] loss: 4.3457 (+/-0.8692) - [test] loss: 3.8605 (+/-0.7367)
2019-07-20 05:27:26,232 INFO - logger - Iter 3100 - time: 34    - [train] loss: 4.1453 (+/-0.7634) - [valid] loss: 3.7505 (+/-0.8314) - [test] loss: 4.6122 (+/-1.0668)
2019-07-20 05:27:57,844 INFO - logger - Iter 3200 - time: 31    - [train] loss: 3.934  (+/-0.7906) - [valid] loss: 4.1834 (+/-0.9068) - [test] loss: 4.0232 (+/-0.7839)
2019-07-20 05:28:29,643 INFO - logger - Iter 3300 - time: 31    - [train] loss: 4.2579 (+/-1.004 ) - [valid] loss: 3.8477 (+/-0.8034) - [test] loss: 3.9338 (+/-0.7216)
2019-07-20 05:29:02,074 INFO - logger - Iter 3400 - time: 32    - [train] loss: 3.7142 (+/-0.697 ) - [valid] loss: 4.011  (+/-0.7599) - [test] loss: 4.8002 (+/-0.8966)
2019-07-20 05:29:34,315 INFO - logger - Iter 3500 - time: 32    - [train] loss: 4.3399 (+/-1.0013) - [valid] loss: 3.9097 (+/-0.7834) - [test] loss: 4.6891 (+/-0.9253)
2019-07-20 05:30:10,086 INFO - logger - Iter 3600 - time: 35    - [train] loss: 3.5212 (+/-0.73  ) - [valid] loss: 3.9871 (+/-0.8825) - [test] loss: 3.8939 (+/-0.7071)
2019-07-20 05:30:43,566 INFO - logger - Iter 3700 - time: 33    - [train] loss: 4.5012 (+/-0.8652) - [valid] loss: 3.21   (+/-0.6728) - [test] loss: 4.1547 (+/-0.7739)
2019-07-20 05:31:15,333 INFO - logger - Iter 3800 - time: 31    - [train] loss: 4.2633 (+/-0.7605) - [valid] loss: 3.8974 (+/-0.9462) - [test] loss: 4.3944 (+/-1.004 )
2019-07-20 05:31:48,008 INFO - logger - Iter 3900 - time: 32    - [train] loss: 3.988  (+/-0.7466) - [valid] loss: 4.4223 (+/-0.8154) - [test] loss: 4.0007 (+/-1.3444)
2019-07-20 05:32:19,706 INFO - logger - Iter 4000 - time: 31    - [train] loss: 3.9658 (+/-0.842 ) - [valid] loss: 3.8174 (+/-0.7576) - [test] loss: 3.75   (+/-0.7882)
2019-07-20 05:32:54,743 INFO - logger - Iter 4100 - time: 35    - [train] loss: 3.7188 (+/-0.986 ) - [valid] loss: 3.7761 (+/-0.6851) - [test] loss: 4.0038 (+/-0.7344)
2019-07-20 05:33:30,038 INFO - logger - Iter 4200 - time: 35    - [train] loss: 3.7442 (+/-0.7581) - [valid] loss: 3.805  (+/-0.7011) - [test] loss: 4.1159 (+/-0.7657)
2019-07-20 05:34:01,988 INFO - logger - Iter 4300 - time: 31    - [train] loss: 3.15   (+/-0.6109) - [valid] loss: 4.9332 (+/-1.2816) - [test] loss: 4.2962 (+/-0.9205)
2019-07-20 05:34:32,905 INFO - logger - Iter 4400 - time: 30    - [train] loss: 4.2914 (+/-1.0726) - [valid] loss: 3.3591 (+/-0.7284) - [test] loss: 3.7368 (+/-0.7805)
2019-07-20 05:35:05,221 INFO - logger - Iter 4500 - time: 32    - [train] loss: 3.6818 (+/-0.7424) - [valid] loss: 4.1439 (+/-0.7872) - [test] loss: 3.8721 (+/-0.7049)
2019-07-20 05:35:36,746 INFO - logger - Iter 4600 - time: 31    - [train] loss: 3.8249 (+/-1.1612) - [valid] loss: 4.5481 (+/-1.0221) - [test] loss: 4.4428 (+/-1.0584)
2019-07-20 05:36:08,249 INFO - logger - Iter 4700 - time: 31    - [train] loss: 3.9431 (+/-0.8269) - [valid] loss: 4.3813 (+/-0.7657) - [test] loss: 3.2819 (+/-0.6861)
2019-07-20 05:36:42,501 INFO - logger - Iter 4800 - time: 34    - [train] loss: 3.6162 (+/-0.6621) - [valid] loss: 4.254  (+/-0.9015) - [test] loss: 3.9908 (+/-0.7788)
2019-07-20 05:37:14,739 INFO - logger - Iter 4900 - time: 32    - [train] loss: 3.7288 (+/-0.7446) - [valid] loss: 3.5296 (+/-0.6832) - [test] loss: 3.382  (+/-0.6334)
2019-07-20 05:37:46,807 INFO - logger - Iter 5000 - time: 32    - [train] loss: 3.2159 (+/-0.7133) - [valid] loss: 3.72   (+/-0.6205) - [test] loss: 3.3211 (+/-0.7363)
2019-07-20 05:38:18,559 INFO - logger - Iter 5100 - time: 31    - [train] loss: 3.8762 (+/-0.7524) - [valid] loss: 3.9449 (+/-0.9077) - [test] loss: 3.64   (+/-0.7035)
2019-07-20 05:38:49,597 INFO - logger - Iter 5200 - time: 31    - [train] loss: 3.976  (+/-0.8368) - [valid] loss: 3.8083 (+/-0.8213) - [test] loss: 3.2453 (+/-0.7484)
2019-07-20 05:39:24,422 INFO - logger - Iter 5300 - time: 34    - [train] loss: 3.771  (+/-0.7308) - [valid] loss: 3.36   (+/-0.7378) - [test] loss: 3.0789 (+/-0.5985)
2019-07-20 05:39:55,689 INFO - logger - Iter 5400 - time: 31    - [train] loss: 3.3863 (+/-0.692 ) - [valid] loss: 3.5489 (+/-0.601 ) - [test] loss: 3.3144 (+/-0.7715)
2019-07-20 05:40:28,551 INFO - logger - Iter 5500 - time: 32    - [train] loss: 3.3891 (+/-0.6704) - [valid] loss: 3.6046 (+/-0.7105) - [test] loss: 3.672  (+/-0.7066)
2019-07-20 05:40:59,869 INFO - logger - Iter 5600 - time: 31    - [train] loss: 2.9997 (+/-0.6913) - [valid] loss: 2.8053 (+/-0.6442) - [test] loss: 3.6985 (+/-0.6884)
2019-07-20 05:41:32,311 INFO - logger - Iter 5700 - time: 32    - [train] loss: 2.8966 (+/-0.6237) - [valid] loss: 4.0167 (+/-0.832 ) - [test] loss: 3.5207 (+/-0.6925)
2019-07-20 05:42:07,035 INFO - logger - Iter 5800 - time: 34    - [train] loss: 3.2    (+/-0.8283) - [valid] loss: 2.8657 (+/-0.5784) - [test] loss: 3.56   (+/-0.7461)
2019-07-20 05:42:38,979 INFO - logger - Iter 5900 - time: 31    - [train] loss: 3.8074 (+/-0.7592) - [valid] loss: 3.1693 (+/-0.6892) - [test] loss: 3.8095 (+/-0.7886)
2019-07-20 05:43:10,631 INFO - logger - Iter 6000 - time: 31    - [train] loss: 3.7271 (+/-0.7781) - [valid] loss: 3.6093 (+/-0.6531) - [test] loss: 3.4329 (+/-0.7939)
2019-07-20 05:43:43,068 INFO - logger - Iter 6100 - time: 32    - [train] loss: 3.0715 (+/-0.6227) - [valid] loss: 3.4337 (+/-0.7655) - [test] loss: 3.3549 (+/-0.7358)
2019-07-20 05:44:17,586 INFO - logger - Iter 6200 - time: 34    - [train] loss: 3.0204 (+/-0.647 ) - [valid] loss: 2.6978 (+/-0.8254) - [test] loss: 2.2297 (+/-0.5291)
2019-07-20 05:44:52,925 INFO - logger - Iter 6300 - time: 35    - [train] loss: 3.6861 (+/-0.8111) - [valid] loss: 3.3691 (+/-0.7019) - [test] loss: 3.9891 (+/-1.1975)
2019-07-20 05:45:24,782 INFO - logger - Iter 6400 - time: 31    - [train] loss: 2.7918 (+/-0.6086) - [valid] loss: 4.4923 (+/-1.8473) - [test] loss: 3.3848 (+/-0.6643)
2019-07-20 05:45:56,246 INFO - logger - Iter 6500 - time: 31    - [train] loss: 2.9257 (+/-0.5679) - [valid] loss: 3.1148 (+/-0.7269) - [test] loss: 4.4932 (+/-1.4216)
2019-07-20 05:46:28,254 INFO - logger - Iter 6600 - time: 32    - [train] loss: 3.5541 (+/-0.719 ) - [valid] loss: 2.7682 (+/-0.7116) - [test] loss: 3.269  (+/-0.6273)
2019-07-20 05:47:03,356 INFO - logger - Iter 6700 - time: 35    - [train] loss: 3.2518 (+/-0.6553) - [valid] loss: 2.8905 (+/-0.6708) - [test] loss: 3.9656 (+/-0.9857)
2019-07-20 05:47:36,919 INFO - logger - Iter 6800 - time: 33    - [train] loss: 2.9949 (+/-0.5383) - [valid] loss: 2.6673 (+/-0.5955) - [test] loss: 3.0965 (+/-0.8684)
2019-07-20 05:48:09,522 INFO - logger - Iter 6900 - time: 32    - [train] loss: 3.1712 (+/-0.6672) - [valid] loss: 2.49   (+/-0.5246) - [test] loss: 3.0886 (+/-0.7577)
2019-07-20 05:48:40,663 INFO - logger - Iter 7000 - time: 31    - [train] loss: 3.6793 (+/-0.6579) - [valid] loss: 3.2388 (+/-0.6754) - [test] loss: 3.5045 (+/-0.6835)
2019-07-20 05:49:12,630 INFO - logger - Iter 7100 - time: 31    - [train] loss: 3.3166 (+/-0.8338) - [valid] loss: 2.8371 (+/-0.5903) - [test] loss: 2.9575 (+/-0.6211)
2019-07-20 05:49:46,755 INFO - logger - Iter 7200 - time: 34    - [train] loss: 3.1893 (+/-0.8135) - [valid] loss: 3.2669 (+/-0.7337) - [test] loss: 3.2555 (+/-0.7034)
2019-07-20 05:50:21,056 INFO - logger - Iter 7300 - time: 34    - [train] loss: 2.727  (+/-0.6401) - [valid] loss: 3.3712 (+/-0.7554) - [test] loss: 3.0987 (+/-0.6756)
2019-07-20 05:50:53,765 INFO - logger - Iter 7400 - time: 32    - [train] loss: 3.603  (+/-0.6858) - [valid] loss: 3.3226 (+/-0.7542) - [test] loss: 3.146  (+/-0.7514)
2019-07-20 05:51:25,456 INFO - logger - Iter 7500 - time: 31    - [train] loss: 3.0649 (+/-0.7593) - [valid] loss: 2.9235 (+/-0.7858) - [test] loss: 3.3868 (+/-0.7051)
2019-07-20 05:51:56,942 INFO - logger - Iter 7600 - time: 31    - [train] loss: 2.8754 (+/-0.5759) - [valid] loss: 3.3559 (+/-0.8551) - [test] loss: 3.6655 (+/-0.7231)
2019-07-20 05:52:30,080 INFO - logger - Iter 7700 - time: 33    - [train] loss: 3.3821 (+/-0.8548) - [valid] loss: 3.3532 (+/-0.7682) - [test] loss: 3.4509 (+/-0.835 )
2019-07-20 05:53:03,127 INFO - logger - Iter 7800 - time: 33    - [train] loss: 3.3936 (+/-0.9054) - [valid] loss: 3.5118 (+/-0.7279) - [test] loss: 3.0607 (+/-0.6724)
2019-07-20 05:53:37,501 INFO - logger - Iter 7900 - time: 34    - [train] loss: 3.6408 (+/-0.9385) - [valid] loss: 2.9595 (+/-0.6029) - [test] loss: 2.7642 (+/-0.5656)
2019-07-20 05:54:09,309 INFO - logger - Iter 8000 - time: 31    - [train] loss: 2.786  (+/-0.6124) - [valid] loss: 2.9207 (+/-0.6305) - [test] loss: 2.8132 (+/-0.6525)
2019-07-20 05:54:41,306 INFO - logger - Iter 8100 - time: 31    - [train] loss: 2.6201 (+/-0.5403) - [valid] loss: 3.1292 (+/-1.0868) - [test] loss: 3.0904 (+/-0.7171)
2019-07-20 05:55:14,064 INFO - logger - Iter 8200 - time: 32    - [train] loss: 3.0023 (+/-0.6694) - [valid] loss: 2.845  (+/-0.5641) - [test] loss: 3.0662 (+/-0.556 )
2019-07-20 05:55:48,416 INFO - logger - Iter 8300 - time: 34    - [train] loss: 2.6339 (+/-0.7034) - [valid] loss: 2.8538 (+/-0.608 ) - [test] loss: 3.3109 (+/-0.7407)
2019-07-20 05:56:22,789 INFO - logger - Iter 8400 - time: 34    - [train] loss: 3.5828 (+/-0.8185) - [valid] loss: 2.7638 (+/-0.5461) - [test] loss: 3.2175 (+/-0.678 )
2019-07-20 05:56:54,249 INFO - logger - Iter 8500 - time: 31    - [train] loss: 2.8414 (+/-0.6761) - [valid] loss: 3.2425 (+/-0.7301) - [test] loss: 3.2171 (+/-0.7783)
2019-07-20 05:57:25,146 INFO - logger - Iter 8600 - time: 30    - [train] loss: 2.6429 (+/-0.5464) - [valid] loss: 2.812  (+/-0.6734) - [test] loss: 2.5068 (+/-0.5436)
2019-07-20 05:57:57,832 INFO - logger - Iter 8700 - time: 32    - [train] loss: 2.4382 (+/-0.6123) - [valid] loss: 2.864  (+/-0.6684) - [test] loss: 2.6968 (+/-0.5183)
2019-07-20 05:58:30,970 INFO - logger - Iter 8800 - time: 33    - [train] loss: 2.5008 (+/-0.5671) - [valid] loss: 2.7899 (+/-0.6183) - [test] loss: 3.1954 (+/-0.6127)
2019-07-20 05:59:05,362 INFO - logger - Iter 8900 - time: 34    - [train] loss: 3.1199 (+/-0.6237) - [valid] loss: 2.5911 (+/-0.5681) - [test] loss: 3.1511 (+/-0.596 )
2019-07-20 05:59:37,518 INFO - logger - Iter 9000 - time: 32    - [train] loss: 3.5409 (+/-0.8345) - [valid] loss: 2.8001 (+/-0.5921) - [test] loss: 2.4001 (+/-0.5081)
2019-07-20 06:00:08,862 INFO - logger - Iter 9100 - time: 31    - [train] loss: 2.6741 (+/-0.6253) - [valid] loss: 2.816  (+/-0.5635) - [test] loss: 2.6919 (+/-0.7188)
2019-07-20 06:00:41,149 INFO - logger - Iter 9200 - time: 32    - [train] loss: 3.0659 (+/-0.638 ) - [valid] loss: 2.8765 (+/-0.6186) - [test] loss: 3.117  (+/-0.6208)
2019-07-20 06:01:15,435 INFO - logger - Iter 9300 - time: 34    - [train] loss: 3.0798 (+/-0.6905) - [valid] loss: 2.9258 (+/-0.6701) - [test] loss: 2.966  (+/-0.6578)
2019-07-20 06:01:50,680 INFO - logger - Iter 9400 - time: 35    - [train] loss: 2.0672 (+/-0.4832) - [valid] loss: 2.0256 (+/-0.4811) - [test] loss: 2.7882 (+/-0.6153)
2019-07-20 06:02:22,830 INFO - logger - Iter 9500 - time: 32    - [train] loss: 3.3114 (+/-0.6739) - [valid] loss: 2.5858 (+/-0.5437) - [test] loss: 3.611  (+/-0.8633)
2019-07-20 06:02:54,740 INFO - logger - Iter 9600 - time: 31    - [train] loss: 2.7738 (+/-0.6459) - [valid] loss: 2.3885 (+/-0.4661) - [test] loss: 3.2691 (+/-0.7621)
2019-07-20 06:03:25,883 INFO - logger - Iter 9700 - time: 31    - [train] loss: 1.8272 (+/-0.449 ) - [valid] loss: 2.3133 (+/-0.557 ) - [test] loss: 3.0554 (+/-0.573 )
2019-07-20 06:03:59,776 INFO - logger - Iter 9800 - time: 33    - [train] loss: 2.6766 (+/-0.5827) - [valid] loss: 2.8609 (+/-0.6884) - [test] loss: 3.0014 (+/-0.6042)
2019-07-20 06:04:31,713 INFO - logger - Iter 9900 - time: 31    - [train] loss: 2.7257 (+/-0.5977) - [valid] loss: 2.654  (+/-0.5889) - [test] loss: 2.2578 (+/-0.6804)
2019-07-20 06:05:03,094 INFO - logger - Iter 10000 - time: 31    - [train] loss: 2.4843 (+/-0.6157) - [valid] loss: 3.2021 (+/-0.6976) - [test] loss: 2.4166 (+/-0.5702)
2019-07-20 06:05:34,944 INFO - logger - Iter 10100 - time: 31    - [train] loss: 3.7135 (+/-1.0005) - [valid] loss: 2.7673 (+/-0.6068) - [test] loss: 2.2887 (+/-0.636 )
2019-07-20 06:06:07,652 INFO - logger - Iter 10200 - time: 32    - [train] loss: 2.9978 (+/-0.7241) - [valid] loss: 2.9113 (+/-0.8232) - [test] loss: 4.0679 (+/-1.5794)
2019-07-20 06:06:41,357 INFO - logger - Iter 10300 - time: 33    - [train] loss: 2.6177 (+/-0.5398) - [valid] loss: 2.7405 (+/-0.594 ) - [test] loss: 2.2281 (+/-0.4672)
2019-07-20 06:07:13,059 INFO - logger - Iter 10400 - time: 31    - [train] loss: 2.7356 (+/-0.617 ) - [valid] loss: 2.2441 (+/-0.4737) - [test] loss: 2.5862 (+/-0.5556)
2019-07-20 06:07:45,138 INFO - logger - Iter 10500 - time: 32    - [train] loss: 3.5166 (+/-0.9684) - [valid] loss: 2.5654 (+/-0.8314) - [test] loss: 3.045  (+/-0.9522)
2019-07-20 06:08:16,665 INFO - logger - Iter 10600 - time: 31    - [train] loss: 2.2496 (+/-0.5431) - [valid] loss: 2.4884 (+/-0.5598) - [test] loss: 2.7956 (+/-0.5851)
2019-07-20 06:08:50,598 INFO - logger - Iter 10700 - time: 33    - [train] loss: 2.6959 (+/-0.5095) - [valid] loss: 2.3802 (+/-0.5111) - [test] loss: 2.3895 (+/-0.7063)
2019-07-20 06:09:23,515 INFO - logger - Iter 10800 - time: 32    - [train] loss: 2.0961 (+/-0.6067) - [valid] loss: 2.488  (+/-0.5737) - [test] loss: 2.6449 (+/-0.5871)
2019-07-20 06:09:54,508 INFO - logger - Iter 10900 - time: 30    - [train] loss: 2.5197 (+/-0.4776) - [valid] loss: 2.613  (+/-0.5366) - [test] loss: 2.8839 (+/-0.5907)
2019-07-20 06:10:26,248 INFO - logger - Iter 11000 - time: 31    - [train] loss: 2.7049 (+/-0.6066) - [valid] loss: 2.5134 (+/-0.5717) - [test] loss: 2.8941 (+/-0.6593)
2019-07-20 06:10:57,704 INFO - logger - Iter 11100 - time: 31    - [train] loss: 2.5956 (+/-0.6841) - [valid] loss: 2.7628 (+/-0.6168) - [test] loss: 2.7631 (+/-0.6394)
2019-07-20 06:11:29,347 INFO - logger - Iter 11200 - time: 31    - [train] loss: 2.5831 (+/-0.5956) - [valid] loss: 2.8973 (+/-0.5897) - [test] loss: 2.4416 (+/-0.4971)
2019-07-20 06:12:01,221 INFO - logger - Iter 11300 - time: 31    - [train] loss: 2.3839 (+/-0.5254) - [valid] loss: 2.4079 (+/-0.5576) - [test] loss: 2.3463 (+/-0.6055)
2019-07-20 06:12:36,199 INFO - logger - Iter 11400 - time: 34    - [train] loss: 2.76   (+/-0.7729) - [valid] loss: 1.8355 (+/-0.4182) - [test] loss: 2.3173 (+/-0.5173)
2019-07-20 06:13:08,066 INFO - logger - Iter 11500 - time: 31    - [train] loss: 2.5786 (+/-0.5177) - [valid] loss: 2.693  (+/-0.6646) - [test] loss: 2.674  (+/-0.5534)
2019-07-20 06:13:40,529 INFO - logger - Iter 11600 - time: 32    - [train] loss: 2.479  (+/-0.6535) - [valid] loss: 2.1645 (+/-0.544 ) - [test] loss: 2.7526 (+/-0.7397)
2019-07-20 06:14:11,961 INFO - logger - Iter 11700 - time: 31    - [train] loss: 2.2994 (+/-0.4781) - [valid] loss: 2.2032 (+/-0.5932) - [test] loss: 2.1636 (+/-0.5131)
2019-07-20 06:14:43,426 INFO - logger - Iter 11800 - time: 31    - [train] loss: 2.3964 (+/-0.5801) - [valid] loss: 2.2069 (+/-0.5726) - [test] loss: 2.3638 (+/-0.5106)
2019-07-20 06:15:18,236 INFO - logger - Iter 11900 - time: 34    - [train] loss: 2.554  (+/-0.5205) - [valid] loss: 2.4392 (+/-0.5471) - [test] loss: 2.6514 (+/-0.5962)
2019-07-20 06:15:50,217 INFO - logger - Iter 12000 - time: 31    - [train] loss: 2.5871 (+/-0.6794) - [valid] loss: 2.2745 (+/-0.522 ) - [test] loss: 1.7318 (+/-0.3918)
2019-07-20 06:16:21,787 INFO - logger - Iter 12100 - time: 31    - [train] loss: 2.3469 (+/-0.5184) - [valid] loss: 2.0073 (+/-0.5262) - [test] loss: 2.2866 (+/-0.5528)
2019-07-20 06:16:53,845 INFO - logger - Iter 12200 - time: 32    - [train] loss: 1.7612 (+/-0.4143) - [valid] loss: 2.6268 (+/-0.8229) - [test] loss: 1.8496 (+/-0.4592)
2019-07-20 06:17:25,366 INFO - logger - Iter 12300 - time: 31    - [train] loss: 2.1688 (+/-0.4905) - [valid] loss: 2.296  (+/-0.5113) - [test] loss: 2.3657 (+/-0.5966)
2019-07-20 06:18:01,347 INFO - logger - Iter 12400 - time: 35    - [train] loss: 2.1036 (+/-0.49  ) - [valid] loss: 2.1997 (+/-0.5545) - [test] loss: 2.2174 (+/-0.6432)
2019-07-20 06:18:33,272 INFO - logger - Iter 12500 - time: 31    - [train] loss: 2.5001 (+/-0.638 ) - [valid] loss: 2.1811 (+/-0.5079) - [test] loss: 1.89   (+/-0.4485)
2019-07-20 06:19:04,866 INFO - logger - Iter 12600 - time: 31    - [train] loss: 2.0247 (+/-0.4386) - [valid] loss: 2.1952 (+/-0.4739) - [test] loss: 2.1411 (+/-0.4579)
2019-07-20 06:19:36,778 INFO - logger - Iter 12700 - time: 31    - [train] loss: 2.4571 (+/-0.7407) - [valid] loss: 3.0296 (+/-1.8626) - [test] loss: 1.9191 (+/-0.4789)
2019-07-20 06:20:11,053 INFO - logger - Iter 12800 - time: 34    - [train] loss: 2.0488 (+/-0.5741) - [valid] loss: 1.9546 (+/-0.4818) - [test] loss: 2.0363 (+/-0.4985)
2019-07-20 06:20:46,423 INFO - logger - Iter 12900 - time: 35    - [train] loss: 1.9039 (+/-0.5425) - [valid] loss: 2.2136 (+/-0.5435) - [test] loss: 1.6972 (+/-0.3449)
2019-07-20 06:21:16,970 INFO - logger - Iter 13000 - time: 30    - [train] loss: 2.2121 (+/-0.4678) - [valid] loss: 2.0454 (+/-0.5705) - [test] loss: 1.8568 (+/-0.4525)
2019-07-20 06:21:49,174 INFO - logger - Iter 13100 - time: 32    - [train] loss: 1.7878 (+/-0.4474) - [valid] loss: 2.2448 (+/-0.5168) - [test] loss: 2.1105 (+/-0.5214)
2019-07-20 06:22:20,549 INFO - logger - Iter 13200 - time: 31    - [train] loss: 1.4962 (+/-0.3628) - [valid] loss: 2.1168 (+/-0.4294) - [test] loss: 1.8341 (+/-0.4565)
2019-07-20 06:22:54,275 INFO - logger - Iter 13300 - time: 33    - [train] loss: 2.3902 (+/-0.5963) - [valid] loss: 2.1582 (+/-0.5105) - [test] loss: 1.799  (+/-0.4332)
2019-07-20 06:23:28,418 INFO - logger - Iter 13400 - time: 34    - [train] loss: 1.8019 (+/-0.3903) - [valid] loss: 2.2176 (+/-0.4846) - [test] loss: 2.0642 (+/-0.4725)
2019-07-20 06:24:00,588 INFO - logger - Iter 13500 - time: 32    - [train] loss: 1.8893 (+/-0.4101) - [valid] loss: 1.9564 (+/-0.4517) - [test] loss: 1.8524 (+/-0.471 )
2019-07-20 06:24:31,924 INFO - logger - Iter 13600 - time: 31    - [train] loss: 2.2669 (+/-0.5819) - [valid] loss: 2.0665 (+/-0.5576) - [test] loss: 2.4449 (+/-0.6893)
2019-07-20 06:25:03,532 INFO - logger - Iter 13700 - time: 31    - [train] loss: 2.5033 (+/-1.0468) - [valid] loss: 1.9439 (+/-0.5136) - [test] loss: 1.8404 (+/-0.3991)
2019-07-20 06:25:38,111 INFO - logger - Iter 13800 - time: 34    - [train] loss: 2.449  (+/-1.0204) - [valid] loss: 2.2141 (+/-0.6841) - [test] loss: 1.7829 (+/-0.5081)
2019-07-20 06:26:12,180 INFO - logger - Iter 13900 - time: 34    - [train] loss: 2.1479 (+/-0.4369) - [valid] loss: 1.8386 (+/-0.5037) - [test] loss: 1.9215 (+/-0.5895)
2019-07-20 06:26:45,314 INFO - logger - Iter 14000 - time: 33    - [train] loss: 1.8414 (+/-0.4038) - [valid] loss: 2.1324 (+/-0.581 ) - [test] loss: 2.1498 (+/-0.48  )
2019-07-20 06:27:16,892 INFO - logger - Iter 14100 - time: 31    - [train] loss: 1.5144 (+/-0.3395) - [valid] loss: 1.7038 (+/-0.3955) - [test] loss: 1.7083 (+/-0.4134)
2019-07-20 06:27:48,178 INFO - logger - Iter 14200 - time: 31    - [train] loss: 1.6369 (+/-0.4356) - [valid] loss: 1.6229 (+/-0.3687) - [test] loss: 1.3487 (+/-0.3603)
2019-07-20 06:28:22,862 INFO - logger - Iter 14300 - time: 34    - [train] loss: 1.8586 (+/-0.436 ) - [valid] loss: 1.7031 (+/-0.4488) - [test] loss: 2.0303 (+/-0.447 )
2019-07-20 06:28:57,375 INFO - logger - Iter 14400 - time: 34    - [train] loss: 1.6934 (+/-0.4257) - [valid] loss: 2.0424 (+/-0.4474) - [test] loss: 1.4098 (+/-0.3562)
2019-07-20 06:29:30,805 INFO - logger - Iter 14500 - time: 33    - [train] loss: 1.5444 (+/-0.4218) - [valid] loss: 1.6909 (+/-0.4654) - [test] loss: 1.6664 (+/-0.4484)
2019-07-20 06:30:02,526 INFO - logger - Iter 14600 - time: 31    - [train] loss: 2.2359 (+/-0.7753) - [valid] loss: 1.4876 (+/-0.3873) - [test] loss: 1.6194 (+/-0.3432)
2019-07-20 06:30:34,404 INFO - logger - Iter 14700 - time: 31    - [train] loss: 1.7012 (+/-0.4082) - [valid] loss: 1.4394 (+/-0.4267) - [test] loss: 1.621  (+/-0.3767)
2019-07-20 06:31:08,053 INFO - logger - Iter 14800 - time: 33    - [train] loss: 2.1564 (+/-0.5739) - [valid] loss: 1.3305 (+/-0.3378) - [test] loss: 1.6925 (+/-0.4177)
2019-07-20 06:31:40,870 INFO - logger - Iter 14900 - time: 32    - [train] loss: 1.7157 (+/-0.4309) - [valid] loss: 1.7389 (+/-0.4586) - [test] loss: 2.2095 (+/-1.4342)
2019-07-20 06:32:14,694 INFO - logger - Iter 15000 - time: 33    - [train] loss: 2.2104 (+/-0.614 ) - [valid] loss: 1.7261 (+/-0.3573) - [test] loss: 1.7428 (+/-0.4082)
2019-07-20 06:32:46,655 INFO - logger - Iter 15100 - time: 31    - [train] loss: 1.6671 (+/-0.4323) - [valid] loss: 1.9013 (+/-0.4685) - [test] loss: 1.6329 (+/-0.3922)
2019-07-20 06:33:18,054 INFO - logger - Iter 15200 - time: 31    - [train] loss: 1.5835 (+/-0.4458) - [valid] loss: 1.2927 (+/-0.2812) - [test] loss: 1.7709 (+/-0.4404)
2019-07-20 06:33:51,983 INFO - logger - Iter 15300 - time: 33    - [train] loss: 1.7339 (+/-0.5725) - [valid] loss: 1.5359 (+/-0.4353) - [test] loss: 1.3102 (+/-0.317 )
2019-07-20 06:34:25,573 INFO - logger - Iter 15400 - time: 33    - [train] loss: 1.4808 (+/-0.34  ) - [valid] loss: 1.5687 (+/-0.5592) - [test] loss: 2.0578 (+/-0.9463)
2019-07-20 06:35:00,060 INFO - logger - Iter 15500 - time: 34    - [train] loss: 1.558  (+/-0.3996) - [valid] loss: 1.4709 (+/-0.3327) - [test] loss: 2.1057 (+/-0.5537)
2019-07-20 06:35:31,335 INFO - logger - Iter 15600 - time: 31    - [train] loss: 2.012  (+/-0.802 ) - [valid] loss: 1.6179 (+/-0.4579) - [test] loss: 1.7921 (+/-0.4171)
2019-07-20 06:36:03,965 INFO - logger - Iter 15700 - time: 32    - [train] loss: 1.5138 (+/-0.3722) - [valid] loss: 1.7256 (+/-0.6244) - [test] loss: 1.6025 (+/-0.3993)
2019-07-20 06:36:37,719 INFO - logger - Iter 15800 - time: 33    - [train] loss: 1.4968 (+/-0.3648) - [valid] loss: 1.5481 (+/-0.4056) - [test] loss: 1.6385 (+/-0.3657)
2019-07-20 06:37:10,056 INFO - logger - Iter 15900 - time: 32    - [train] loss: 1.6651 (+/-0.4019) - [valid] loss: 1.8457 (+/-0.4374) - [test] loss: 1.5148 (+/-0.4561)
2019-07-20 06:37:45,109 INFO - logger - Iter 16000 - time: 35    - [train] loss: 1.6468 (+/-0.3572) - [valid] loss: 1.7588 (+/-0.5225) - [test] loss: 1.6612 (+/-0.5811)
2019-07-20 06:38:16,174 INFO - logger - Iter 16100 - time: 31    - [train] loss: 1.4766 (+/-0.3412) - [valid] loss: 1.627  (+/-0.4162) - [test] loss: 1.6761 (+/-0.3853)
2019-07-20 06:38:48,085 INFO - logger - Iter 16200 - time: 31    - [train] loss: 1.0969 (+/-0.302 ) - [valid] loss: 1.5037 (+/-0.4283) - [test] loss: 1.3725 (+/-0.3613)
2019-07-20 06:39:21,207 INFO - logger - Iter 16300 - time: 33    - [train] loss: 1.457  (+/-0.3784) - [valid] loss: 1.6021 (+/-0.391 ) - [test] loss: 1.5881 (+/-0.3646)
2019-07-20 06:39:54,144 INFO - logger - Iter 16400 - time: 32    - [train] loss: 1.2655 (+/-0.3097) - [valid] loss: 1.2273 (+/-0.3551) - [test] loss: 1.2876 (+/-0.2752)
2019-07-20 06:40:26,004 INFO - logger - Iter 16500 - time: 31    - [train] loss: 1.2584 (+/-0.2661) - [valid] loss: 1.6142 (+/-0.5271) - [test] loss: 1.8734 (+/-0.3589)
2019-07-20 06:40:57,250 INFO - logger - Iter 16600 - time: 31    - [train] loss: 2.0154 (+/-0.9306) - [valid] loss: 1.8197 (+/-0.5667) - [test] loss: 1.4745 (+/-0.3239)
2019-07-20 06:41:29,795 INFO - logger - Iter 16700 - time: 32    - [train] loss: 1.4038 (+/-0.3117) - [valid] loss: 1.802  (+/-0.4706) - [test] loss: 1.2754 (+/-0.3177)
2019-07-20 06:42:03,372 INFO - logger - Iter 16800 - time: 33    - [train] loss: 1.4704 (+/-0.3542) - [valid] loss: 1.6086 (+/-0.576 ) - [test] loss: 1.7617 (+/-0.6065)
2019-07-20 06:42:35,895 INFO - logger - Iter 16900 - time: 32    - [train] loss: 1.65   (+/-0.6244) - [valid] loss: 1.2051 (+/-0.3349) - [test] loss: 1.4068 (+/-0.3558)
2019-07-20 06:43:08,132 INFO - logger - Iter 17000 - time: 32    - [train] loss: 1.2055 (+/-0.3304) - [valid] loss: 1.2515 (+/-0.3315) - [test] loss: 1.3421 (+/-0.3498)
2019-07-20 06:43:40,111 INFO - logger - Iter 17100 - time: 31    - [train] loss: 1.4231 (+/-0.3487) - [valid] loss: 1.413  (+/-0.3383) - [test] loss: 1.529  (+/-0.3385)
2019-07-20 06:44:12,100 INFO - logger - Iter 17200 - time: 31    - [train] loss: 1.4461 (+/-0.3212) - [valid] loss: 1.6213 (+/-0.4635) - [test] loss: 2.4202 (+/-0.9513)
2019-07-20 06:44:45,850 INFO - logger - Iter 17300 - time: 33    - [train] loss: 1.3386 (+/-0.3009) - [valid] loss: 1.6967 (+/-0.4149) - [test] loss: 1.2585 (+/-0.3032)
2019-07-20 06:45:18,063 INFO - logger - Iter 17400 - time: 32    - [train] loss: 1.3788 (+/-0.2947) - [valid] loss: 1.4376 (+/-0.3471) - [test] loss: 1.6124 (+/-0.4139)
2019-07-20 06:45:49,057 INFO - logger - Iter 17500 - time: 30    - [train] loss: 1.051  (+/-0.2682) - [valid] loss: 1.0913 (+/-0.2718) - [test] loss: 1.1034 (+/-0.2966)
2019-07-20 06:46:20,680 INFO - logger - Iter 17600 - time: 31    - [train] loss: 1.5002 (+/-0.5174) - [valid] loss: 1.2096 (+/-0.2693) - [test] loss: 1.3095 (+/-0.3073)
2019-07-20 06:46:52,738 INFO - logger - Iter 17700 - time: 32    - [train] loss: 1.7545 (+/-0.5601) - [valid] loss: 1.2513 (+/-0.4303) - [test] loss: 1.1483 (+/-0.3246)
2019-07-20 06:47:23,951 INFO - logger - Iter 17800 - time: 31    - [train] loss: 1.2101 (+/-0.299 ) - [valid] loss: 1.5952 (+/-0.3165) - [test] loss: 1.285  (+/-0.4609)
2019-07-20 06:47:56,361 INFO - logger - Iter 17900 - time: 32    - [train] loss: 1.4635 (+/-0.318 ) - [valid] loss: 1.1274 (+/-0.3058) - [test] loss: 1.0807 (+/-0.2507)
2019-07-20 06:48:31,399 INFO - logger - Iter 18000 - time: 35    - [train] loss: 1.4288 (+/-0.4275) - [valid] loss: 1.3462 (+/-0.2968) - [test] loss: 1.3967 (+/-0.409 )
2019-07-20 06:49:03,764 INFO - logger - Iter 18100 - time: 32    - [train] loss: 1.2107 (+/-0.363 ) - [valid] loss: 1.4078 (+/-0.3681) - [test] loss: 1.3202 (+/-0.4461)
2019-07-20 06:49:35,664 INFO - logger - Iter 18200 - time: 31    - [train] loss: 1.2399 (+/-0.328 ) - [valid] loss: 1.3192 (+/-0.2966) - [test] loss: 1.1878 (+/-0.2668)
2019-07-20 06:50:07,566 INFO - logger - Iter 18300 - time: 31    - [train] loss: 1.1488 (+/-0.3454) - [valid] loss: 0.9994 (+/-0.2365) - [test] loss: 1.2983 (+/-0.515 )
2019-07-20 06:50:39,065 INFO - logger - Iter 18400 - time: 31    - [train] loss: 1.3661 (+/-0.2909) - [valid] loss: 1.0981 (+/-0.2455) - [test] loss: 1.2962 (+/-0.2974)
2019-07-20 06:51:13,900 INFO - logger - Iter 18500 - time: 34    - [train] loss: 1.4055 (+/-0.3778) - [valid] loss: 1.3272 (+/-0.3798) - [test] loss: 1.1225 (+/-0.2963)
2019-07-20 06:51:46,369 INFO - logger - Iter 18600 - time: 32    - [train] loss: 0.9939 (+/-0.2559) - [valid] loss: 1.3268 (+/-0.3892) - [test] loss: 1.3686 (+/-0.3578)
2019-07-20 06:52:18,350 INFO - logger - Iter 18700 - time: 31    - [train] loss: 1.0166 (+/-0.2616) - [valid] loss: 0.8977 (+/-0.2148) - [test] loss: 1.0549 (+/-0.325 )
2019-07-20 06:52:50,263 INFO - logger - Iter 18800 - time: 31    - [train] loss: 1.0552 (+/-0.253 ) - [valid] loss: 1.1687 (+/-0.5399) - [test] loss: 1.4227 (+/-0.5127)
2019-07-20 06:53:22,532 INFO - logger - Iter 18900 - time: 32    - [train] loss: 1.6134 (+/-0.4219) - [valid] loss: 1.218  (+/-0.26  ) - [test] loss: 1.3649 (+/-0.3858)
2019-07-20 06:53:56,965 INFO - logger - Iter 19000 - time: 34    - [train] loss: 1.2918 (+/-0.3238) - [valid] loss: 1.5457 (+/-0.4282) - [test] loss: 1.4461 (+/-0.3954)
2019-07-20 06:54:29,463 INFO - logger - Iter 19100 - time: 32    - [train] loss: 1.4532 (+/-0.3128) - [valid] loss: 1.4176 (+/-0.3312) - [test] loss: 1.2342 (+/-0.2978)
2019-07-20 06:55:01,442 INFO - logger - Iter 19200 - time: 31    - [train] loss: 1.0673 (+/-0.3108) - [valid] loss: 1.2673 (+/-0.4397) - [test] loss: 1.1841 (+/-0.3731)
2019-07-20 06:55:33,412 INFO - logger - Iter 19300 - time: 31    - [train] loss: 1.2385 (+/-0.3044) - [valid] loss: 1.2595 (+/-0.3457) - [test] loss: 1.4635 (+/-0.4194)
2019-07-20 06:56:07,607 INFO - logger - Iter 19400 - time: 34    - [train] loss: 1.3899 (+/-0.4254) - [valid] loss: 0.9358 (+/-0.2332) - [test] loss: 1.2895 (+/-0.3841)
2019-07-20 06:56:41,530 INFO - logger - Iter 19500 - time: 33    - [train] loss: 1.1868 (+/-0.6385) - [valid] loss: 1.4433 (+/-0.3528) - [test] loss: 1.1275 (+/-0.3057)
2019-07-20 06:57:14,240 INFO - logger - Iter 19600 - time: 32    - [train] loss: 1.1628 (+/-0.293 ) - [valid] loss: 1.2715 (+/-0.3495) - [test] loss: 1.1715 (+/-0.2992)
2019-07-20 06:57:45,212 INFO - logger - Iter 19700 - time: 30    - [train] loss: 1.307  (+/-0.3488) - [valid] loss: 1.3618 (+/-0.3729) - [test] loss: 0.925  (+/-0.2737)
2019-07-20 06:58:16,428 INFO - logger - Iter 19800 - time: 31    - [train] loss: 1.1969 (+/-0.3541) - [valid] loss: 1.0259 (+/-0.2469) - [test] loss: 1.3414 (+/-0.4327)
2019-07-20 06:58:50,633 INFO - logger - Iter 19900 - time: 34    - [train] loss: 1.2792 (+/-0.3587) - [valid] loss: 1.2854 (+/-0.4489) - [test] loss: 0.9368 (+/-0.1935)
2019-07-20 06:59:24,452 INFO - logger - Iter 20000 - time: 33    - [train] loss: 1.0688 (+/-0.2345) - [valid] loss: 1.0599 (+/-0.2941) - [test] loss: 1.2214 (+/-0.2955)
2019-07-20 06:59:58,221 INFO - logger - Iter 20100 - time: 33    - [train] loss: 1.3535 (+/-0.6444) - [valid] loss: 0.8361 (+/-0.1894) - [test] loss: 1.3198 (+/-0.3338)
2019-07-20 07:00:29,576 INFO - logger - Iter 20200 - time: 31    - [train] loss: 1.3711 (+/-0.5633) - [valid] loss: 1.2262 (+/-0.2991) - [test] loss: 1.2636 (+/-0.3353)
2019-07-20 07:01:01,502 INFO - logger - Iter 20300 - time: 31    - [train] loss: 0.9523 (+/-0.2519) - [valid] loss: 1.2889 (+/-0.4675) - [test] loss: 0.8579 (+/-0.2687)
2019-07-20 07:01:35,727 INFO - logger - Iter 20400 - time: 34    - [train] loss: 1.0214 (+/-0.6417) - [valid] loss: 1.0495 (+/-0.2582) - [test] loss: 1.1952 (+/-0.3437)
2019-07-20 07:02:08,361 INFO - logger - Iter 20500 - time: 32    - [train] loss: 0.8977 (+/-0.2065) - [valid] loss: 0.8469 (+/-0.2207) - [test] loss: 1.6464 (+/-0.482 )
2019-07-20 07:02:42,215 INFO - logger - Iter 20600 - time: 33    - [train] loss: 1.0394 (+/-0.2394) - [valid] loss: 1.0139 (+/-0.254 ) - [test] loss: 1.1914 (+/-0.3741)
2019-07-20 07:03:14,195 INFO - logger - Iter 20700 - time: 31    - [train] loss: 1.2565 (+/-0.557 ) - [valid] loss: 1.1438 (+/-0.2726) - [test] loss: 0.9135 (+/-0.2296)
2019-07-20 07:03:44,852 INFO - logger - Iter 20800 - time: 30    - [train] loss: 1.1964 (+/-0.2938) - [valid] loss: 0.9435 (+/-0.2532) - [test] loss: 1.1685 (+/-0.3579)
2019-07-20 07:04:19,459 INFO - logger - Iter 20900 - time: 34    - [train] loss: 1.217  (+/-0.4297) - [valid] loss: 1.2187 (+/-0.4493) - [test] loss: 0.837  (+/-0.2238)
2019-07-20 07:04:52,441 INFO - logger - Iter 21000 - time: 32    - [train] loss: 1.0537 (+/-0.2781) - [valid] loss: 1.0093 (+/-0.2581) - [test] loss: 0.8347 (+/-0.2151)
2019-07-20 07:05:26,321 INFO - logger - Iter 21100 - time: 33    - [train] loss: 1.4543 (+/-0.7071) - [valid] loss: 1.0773 (+/-0.2772) - [test] loss: 0.8873 (+/-0.212 )
2019-07-20 07:05:57,576 INFO - logger - Iter 21200 - time: 31    - [train] loss: 1.0755 (+/-0.3274) - [valid] loss: 0.7013 (+/-0.1912) - [test] loss: 1.1125 (+/-0.2894)
2019-07-20 07:06:28,839 INFO - logger - Iter 21300 - time: 31    - [train] loss: 1.1905 (+/-0.3274) - [valid] loss: 1.449  (+/-0.4821) - [test] loss: 1.0088 (+/-0.2481)
2019-07-20 07:07:03,652 INFO - logger - Iter 21400 - time: 34    - [train] loss: 1.2371 (+/-0.2943) - [valid] loss: 0.7908 (+/-0.2119) - [test] loss: 0.8642 (+/-0.3276)
2019-07-20 07:07:36,195 INFO - logger - Iter 21500 - time: 32    - [train] loss: 1.0197 (+/-0.3013) - [valid] loss: 0.9461 (+/-0.2459) - [test] loss: 0.9652 (+/-0.2899)
2019-07-20 07:08:10,934 INFO - logger - Iter 21600 - time: 34    - [train] loss: 1.2226 (+/-0.3121) - [valid] loss: 1.0232 (+/-0.294 ) - [test] loss: 0.8885 (+/-0.2044)
2019-07-20 07:08:42,066 INFO - logger - Iter 21700 - time: 31    - [train] loss: 0.9836 (+/-0.2659) - [valid] loss: 0.9653 (+/-0.274 ) - [test] loss: 1.0053 (+/-0.3147)
2019-07-20 07:09:14,489 INFO - logger - Iter 21800 - time: 32    - [train] loss: 0.9998 (+/-0.2641) - [valid] loss: 1.5574 (+/-0.7366) - [test] loss: 0.6739 (+/-0.1793)
2019-07-20 07:09:47,829 INFO - logger - Iter 21900 - time: 33    - [train] loss: 0.7433 (+/-0.2235) - [valid] loss: 1.1086 (+/-0.3015) - [test] loss: 0.9364 (+/-0.2126)
2019-07-20 07:10:20,158 INFO - logger - Iter 22000 - time: 32    - [train] loss: 0.788  (+/-0.1959) - [valid] loss: 1.0715 (+/-0.2795) - [test] loss: 0.8164 (+/-0.2205)
2019-07-20 07:10:55,626 INFO - logger - Iter 22100 - time: 35    - [train] loss: 0.8051 (+/-0.3102) - [valid] loss: 1.2655 (+/-0.6539) - [test] loss: 1.2829 (+/-0.4131)
2019-07-20 07:11:26,971 INFO - logger - Iter 22200 - time: 31    - [train] loss: 1.1505 (+/-0.414 ) - [valid] loss: 0.9102 (+/-0.2225) - [test] loss: 1.3205 (+/-0.4059)
2019-07-20 07:11:58,326 INFO - logger - Iter 22300 - time: 31    - [train] loss: 1.1925 (+/-0.2854) - [valid] loss: 0.9069 (+/-0.2831) - [test] loss: 1.092  (+/-0.2417)
2019-07-20 07:12:31,561 INFO - logger - Iter 22400 - time: 33    - [train] loss: 1.1731 (+/-0.3506) - [valid] loss: 1.1069 (+/-0.3023) - [test] loss: 1.1721 (+/-0.3395)
2019-07-20 07:13:03,886 INFO - logger - Iter 22500 - time: 32    - [train] loss: 1.1136 (+/-0.2928) - [valid] loss: 1.2277 (+/-0.3311) - [test] loss: 1.1851 (+/-0.329 )
2019-07-20 07:13:35,427 INFO - logger - Iter 22600 - time: 31    - [train] loss: 1.0046 (+/-0.3401) - [valid] loss: 0.968  (+/-0.2595) - [test] loss: 0.8643 (+/-0.2304)
2019-07-20 07:14:07,183 INFO - logger - Iter 22700 - time: 31    - [train] loss: 0.7228 (+/-0.1772) - [valid] loss: 1.1305 (+/-0.3225) - [test] loss: 1.1127 (+/-0.2939)
2019-07-20 07:14:38,072 INFO - logger - Iter 22800 - time: 30    - [train] loss: 0.916  (+/-0.2612) - [valid] loss: 1.0756 (+/-0.267 ) - [test] loss: 0.9612 (+/-0.2538)
2019-07-20 07:15:12,738 INFO - logger - Iter 22900 - time: 34    - [train] loss: 1.1158 (+/-0.3461) - [valid] loss: 1.1424 (+/-0.3803) - [test] loss: 0.8581 (+/-0.2793)
2019-07-20 07:15:44,149 INFO - logger - Iter 23000 - time: 31    - [train] loss: 1.0073 (+/-0.3337) - [valid] loss: 1.3964 (+/-0.6895) - [test] loss: 1.0679 (+/-0.3058)
2019-07-20 07:16:14,984 INFO - logger - Iter 23100 - time: 30    - [train] loss: 0.9114 (+/-0.2329) - [valid] loss: 1.209  (+/-0.4195) - [test] loss: 1.2399 (+/-0.4808)
2019-07-20 07:16:46,107 INFO - logger - Iter 23200 - time: 31    - [train] loss: 0.9552 (+/-0.2666) - [valid] loss: 1.0075 (+/-0.2964) - [test] loss: 0.8173 (+/-0.2008)
2019-07-20 07:17:19,639 INFO - logger - Iter 23300 - time: 33    - [train] loss: 0.8864 (+/-0.2107) - [valid] loss: 0.961  (+/-0.2848) - [test] loss: 0.7114 (+/-0.1915)
2019-07-20 07:17:51,818 INFO - logger - Iter 23400 - time: 32    - [train] loss: 0.9318 (+/-0.2622) - [valid] loss: 1.097  (+/-0.3413) - [test] loss: 0.8812 (+/-0.2119)
2019-07-20 07:18:22,907 INFO - logger - Iter 23500 - time: 31    - [train] loss: 1.1376 (+/-0.3356) - [valid] loss: 0.6308 (+/-0.1671) - [test] loss: 1.2435 (+/-0.4037)
2019-07-20 07:18:54,532 INFO - logger - Iter 23600 - time: 31    - [train] loss: 0.8129 (+/-0.1826) - [valid] loss: 1.0218 (+/-0.3687) - [test] loss: 1.0119 (+/-0.296 )
2019-07-20 07:19:26,200 INFO - logger - Iter 23700 - time: 31    - [train] loss: 0.9115 (+/-0.3055) - [valid] loss: 0.9224 (+/-0.2714) - [test] loss: 0.7218 (+/-0.1948)
2019-07-20 07:19:59,511 INFO - logger - Iter 23800 - time: 33    - [train] loss: 1.2103 (+/-0.3157) - [valid] loss: 0.9377 (+/-0.2596) - [test] loss: 0.8712 (+/-0.204 )
2019-07-20 07:20:30,584 INFO - logger - Iter 23900 - time: 31    - [train] loss: 0.9718 (+/-0.3295) - [valid] loss: 1.214  (+/-0.3462) - [test] loss: 1.0845 (+/-0.436 )
2019-07-20 07:21:01,830 INFO - logger - Iter 24000 - time: 31    - [train] loss: 1.0248 (+/-0.2568) - [valid] loss: 0.9094 (+/-0.2984) - [test] loss: 0.9042 (+/-0.2405)
2019-07-20 07:21:32,143 INFO - logger - Iter 24100 - time: 30    - [train] loss: 0.9726 (+/-0.2691) - [valid] loss: 1.0469 (+/-0.2787) - [test] loss: 0.8829 (+/-0.2229)
2019-07-20 07:22:03,275 INFO - logger - Iter 24200 - time: 31    - [train] loss: 0.8224 (+/-0.2375) - [valid] loss: 0.8129 (+/-0.2058) - [test] loss: 0.768  (+/-0.2172)
2019-07-20 07:22:34,906 INFO - logger - Iter 24300 - time: 31    - [train] loss: 0.9789 (+/-0.2609) - [valid] loss: 0.7894 (+/-0.2628) - [test] loss: 0.9588 (+/-0.3483)
2019-07-20 07:23:06,007 INFO - logger - Iter 24400 - time: 31    - [train] loss: 1.0384 (+/-0.262 ) - [valid] loss: 0.9554 (+/-0.3118) - [test] loss: 0.7765 (+/-0.2105)
2019-07-20 07:23:37,030 INFO - logger - Iter 24500 - time: 31    - [train] loss: 1.1822 (+/-0.3753) - [valid] loss: 1.2257 (+/-0.3313) - [test] loss: 0.9417 (+/-0.3641)
2019-07-20 07:24:07,769 INFO - logger - Iter 24600 - time: 30    - [train] loss: 0.8296 (+/-0.2175) - [valid] loss: 0.9797 (+/-0.281 ) - [test] loss: 0.8617 (+/-0.2616)
2019-07-20 07:24:38,276 INFO - logger - Iter 24700 - time: 30    - [train] loss: 1.0534 (+/-0.3779) - [valid] loss: 0.8856 (+/-0.431 ) - [test] loss: 1.0472 (+/-0.3088)
2019-07-20 07:25:09,401 INFO - logger - Iter 24800 - time: 31    - [train] loss: 0.9348 (+/-0.2972) - [valid] loss: 0.7901 (+/-0.2508) - [test] loss: 0.6357 (+/-0.2063)
2019-07-20 07:25:40,019 INFO - logger - Iter 24900 - time: 30    - [train] loss: 1.0872 (+/-0.3696) - [valid] loss: 0.94   (+/-0.2253) - [test] loss: 0.8676 (+/-0.2303)
2019-07-20 07:26:11,359 INFO - logger - Iter 25000 - time: 31    - [train] loss: 0.9466 (+/-0.2856) - [valid] loss: 1.0629 (+/-0.2441) - [test] loss: 0.7876 (+/-0.2156)
2019-07-20 07:26:41,751 INFO - logger - Iter 25100 - time: 30    - [train] loss: 1.0361 (+/-0.3037) - [valid] loss: 1.0453 (+/-0.6587) - [test] loss: 0.9232 (+/-0.4878)
2019-07-20 07:27:12,230 INFO - logger - Iter 25200 - time: 30    - [train] loss: 0.9014 (+/-0.2254) - [valid] loss: 1.1954 (+/-0.2727) - [test] loss: 0.7919 (+/-0.2133)
2019-07-20 07:27:43,262 INFO - logger - Iter 25300 - time: 31    - [train] loss: 0.7793 (+/-0.2174) - [valid] loss: 0.8926 (+/-0.3044) - [test] loss: 0.9482 (+/-0.2877)
2019-07-20 07:28:14,700 INFO - logger - Iter 25400 - time: 31    - [train] loss: 0.7937 (+/-0.2361) - [valid] loss: 0.6243 (+/-0.188 ) - [test] loss: 1.0755 (+/-0.3178)
2019-07-20 07:28:47,837 INFO - logger - Iter 25500 - time: 33    - [train] loss: 0.8255 (+/-0.2564) - [valid] loss: 0.9203 (+/-0.2429) - [test] loss: 0.7349 (+/-0.2202)
2019-07-20 07:29:19,347 INFO - logger - Iter 25600 - time: 31    - [train] loss: 0.9283 (+/-0.2948) - [valid] loss: 0.853  (+/-0.2043) - [test] loss: 0.7327 (+/-0.2238)
2019-07-20 07:29:49,989 INFO - logger - Iter 25700 - time: 30    - [train] loss: 0.8096 (+/-0.1961) - [valid] loss: 0.7932 (+/-0.1652) - [test] loss: 0.8048 (+/-0.268 )
2019-07-20 07:30:20,922 INFO - logger - Iter 25800 - time: 30    - [train] loss: 0.8669 (+/-0.2667) - [valid] loss: 0.8729 (+/-0.2484) - [test] loss: 1.0947 (+/-0.2555)
2019-07-20 07:30:51,523 INFO - logger - Iter 25900 - time: 30    - [train] loss: 0.8465 (+/-0.2401) - [valid] loss: 0.9289 (+/-0.3412) - [test] loss: 0.8764 (+/-0.2256)
2019-07-20 07:31:25,185 INFO - logger - Iter 26000 - time: 33    - [train] loss: 0.683  (+/-0.2402) - [valid] loss: 1.0664 (+/-0.2895) - [test] loss: 0.9229 (+/-0.213 )
2019-07-20 07:31:56,695 INFO - logger - Iter 26100 - time: 31    - [train] loss: 0.8802 (+/-0.2819) - [valid] loss: 0.7992 (+/-0.2206) - [test] loss: 0.8279 (+/-0.2707)
2019-07-20 07:32:26,727 INFO - logger - Iter 26200 - time: 30    - [train] loss: 1.1169 (+/-0.4387) - [valid] loss: 1.0422 (+/-0.2927) - [test] loss: 0.7486 (+/-0.1927)
2019-07-20 07:32:57,700 INFO - logger - Iter 26300 - time: 30    - [train] loss: 1.0246 (+/-0.3049) - [valid] loss: 0.899  (+/-0.3495) - [test] loss: 0.8298 (+/-0.2689)
2019-07-20 07:33:31,496 INFO - logger - Iter 26400 - time: 33    - [train] loss: 0.894  (+/-0.2772) - [valid] loss: 0.7695 (+/-0.2261) - [test] loss: 0.7    (+/-0.1679)
2019-07-20 07:34:02,381 INFO - logger - Iter 26500 - time: 30    - [train] loss: 1.111  (+/-0.3369) - [valid] loss: 0.8892 (+/-0.353 ) - [test] loss: 0.8238 (+/-0.2044)
2019-07-20 07:34:33,266 INFO - logger - Iter 26600 - time: 30    - [train] loss: 1.1254 (+/-0.348 ) - [valid] loss: 0.9462 (+/-0.3591) - [test] loss: 1.0398 (+/-0.2513)
2019-07-20 07:35:03,933 INFO - logger - Iter 26700 - time: 30    - [train] loss: 1.0835 (+/-0.3066) - [valid] loss: 0.9463 (+/-0.255 ) - [test] loss: 0.9019 (+/-0.227 )
2019-07-20 07:35:36,465 INFO - logger - Iter 26800 - time: 32    - [train] loss: 0.919  (+/-0.2735) - [valid] loss: 1.1194 (+/-0.4172) - [test] loss: 0.8934 (+/-0.3836)
2019-07-20 07:36:09,192 INFO - logger - Iter 26900 - time: 32    - [train] loss: 0.8451 (+/-0.2103) - [valid] loss: 0.8009 (+/-0.2239) - [test] loss: 0.6875 (+/-0.1976)
2019-07-20 07:36:39,927 INFO - logger - Iter 27000 - time: 30    - [train] loss: 1.001  (+/-0.3113) - [valid] loss: 0.7753 (+/-0.1917) - [test] loss: 0.9647 (+/-0.2805)
2019-07-20 07:37:10,461 INFO - logger - Iter 27100 - time: 30    - [train] loss: 0.6802 (+/-0.2625) - [valid] loss: 0.9311 (+/-0.3198) - [test] loss: 1.0648 (+/-0.25  )
2019-07-20 07:37:41,704 INFO - logger - Iter 27200 - time: 31    - [train] loss: 0.678  (+/-0.1421) - [valid] loss: 0.8782 (+/-0.2343) - [test] loss: 0.7118 (+/-0.1831)
2019-07-20 07:38:14,641 INFO - logger - Iter 27300 - time: 32    - [train] loss: 0.7955 (+/-0.2792) - [valid] loss: 0.7191 (+/-0.1733) - [test] loss: 0.9617 (+/-0.387 )
2019-07-20 07:38:44,746 INFO - logger - Iter 27400 - time: 30    - [train] loss: 0.7845 (+/-0.2004) - [valid] loss: 0.8511 (+/-0.2458) - [test] loss: 0.7861 (+/-0.2647)
2019-07-20 07:39:15,803 INFO - logger - Iter 27500 - time: 31    - [train] loss: 0.9463 (+/-0.2469) - [valid] loss: 0.8872 (+/-0.3745) - [test] loss: 0.7077 (+/-0.169 )
2019-07-20 07:39:47,210 INFO - logger - Iter 27600 - time: 31    - [train] loss: 1.0145 (+/-0.3119) - [valid] loss: 0.8369 (+/-0.2388) - [test] loss: 0.792  (+/-0.2074)
2019-07-20 07:40:20,732 INFO - logger - Iter 27700 - time: 33    - [train] loss: 1.146  (+/-0.5107) - [valid] loss: 0.7391 (+/-0.1774) - [test] loss: 0.7775 (+/-0.2124)
2019-07-20 07:40:51,690 INFO - logger - Iter 27800 - time: 30    - [train] loss: 0.7811 (+/-0.2326) - [valid] loss: 0.7752 (+/-0.2303) - [test] loss: 0.778  (+/-0.2894)
2019-07-20 07:41:21,879 INFO - logger - Iter 27900 - time: 30    - [train] loss: 0.787  (+/-0.1787) - [valid] loss: 0.9804 (+/-0.2866) - [test] loss: 0.9131 (+/-0.1926)
2019-07-20 07:41:52,865 INFO - logger - Iter 28000 - time: 30    - [train] loss: 0.7184 (+/-0.1593) - [valid] loss: 0.7855 (+/-0.2048) - [test] loss: 0.9441 (+/-0.2521)
2019-07-20 07:42:24,138 INFO - logger - Iter 28100 - time: 31    - [train] loss: 0.8842 (+/-0.2336) - [valid] loss: 0.9243 (+/-0.2502) - [test] loss: 0.6539 (+/-0.206 )
2019-07-20 07:42:56,278 INFO - logger - Iter 28200 - time: 32    - [train] loss: 0.9022 (+/-0.2444) - [valid] loss: 0.6989 (+/-0.1946) - [test] loss: 1.0655 (+/-0.4363)
2019-07-20 07:43:27,483 INFO - logger - Iter 28300 - time: 31    - [train] loss: 0.66   (+/-0.1668) - [valid] loss: 0.8784 (+/-0.2908) - [test] loss: 0.7803 (+/-0.2131)
2019-07-20 07:43:57,731 INFO - logger - Iter 28400 - time: 30    - [train] loss: 0.8538 (+/-0.3612) - [valid] loss: 0.6871 (+/-0.1803) - [test] loss: 0.7598 (+/-0.2257)
2019-07-20 07:44:28,521 INFO - logger - Iter 28500 - time: 30    - [train] loss: 0.7743 (+/-0.1961) - [valid] loss: 0.8998 (+/-0.253 ) - [test] loss: 0.6637 (+/-0.1573)
2019-07-20 07:45:01,768 INFO - logger - Iter 28600 - time: 33    - [train] loss: 1.0848 (+/-0.3324) - [valid] loss: 1.091  (+/-0.3731) - [test] loss: 0.8767 (+/-0.2209)
2019-07-20 07:45:32,444 INFO - logger - Iter 28700 - time: 30    - [train] loss: 0.9402 (+/-0.219 ) - [valid] loss: 0.955  (+/-0.3539) - [test] loss: 1.1156 (+/-0.3352)
2019-07-20 07:46:03,161 INFO - logger - Iter 28800 - time: 30    - [train] loss: 0.7053 (+/-0.2008) - [valid] loss: 0.7899 (+/-0.2199) - [test] loss: 0.9083 (+/-0.2855)
2019-07-20 07:46:34,247 INFO - logger - Iter 28900 - time: 31    - [train] loss: 0.8225 (+/-0.2647) - [valid] loss: 0.7648 (+/-0.2042) - [test] loss: 0.7403 (+/-0.2304)
2019-07-20 07:47:07,723 INFO - logger - Iter 29000 - time: 33    - [train] loss: 0.8558 (+/-0.277 ) - [valid] loss: 0.9109 (+/-0.2754) - [test] loss: 1.3999 (+/-0.7197)
2019-07-20 07:47:38,753 INFO - logger - Iter 29100 - time: 31    - [train] loss: 1.0494 (+/-0.3466) - [valid] loss: 0.9486 (+/-0.2934) - [test] loss: 1.0576 (+/-0.3456)
2019-07-20 07:48:09,871 INFO - logger - Iter 29200 - time: 31    - [train] loss: 0.8442 (+/-0.2506) - [valid] loss: 0.7469 (+/-0.1831) - [test] loss: 1.0735 (+/-0.4552)
2019-07-20 07:48:40,737 INFO - logger - Iter 29300 - time: 30    - [train] loss: 0.6919 (+/-0.1714) - [valid] loss: 0.7819 (+/-0.2325) - [test] loss: 0.8789 (+/-0.2474)
2019-07-20 07:49:13,335 INFO - logger - Iter 29400 - time: 32    - [train] loss: 0.9762 (+/-0.2525) - [valid] loss: 0.7121 (+/-0.1977) - [test] loss: 0.8206 (+/-0.2124)
2019-07-20 07:49:43,502 INFO - logger - Iter 29500 - time: 30    - [train] loss: 1.0134 (+/-0.5621) - [valid] loss: 0.6763 (+/-0.1955) - [test] loss: 0.77   (+/-0.2379)
2019-07-20 07:50:14,976 INFO - logger - Iter 29600 - time: 31    - [train] loss: 0.8599 (+/-0.2492) - [valid] loss: 0.8114 (+/-0.222 ) - [test] loss: 0.8098 (+/-0.1936)
2019-07-20 07:50:45,670 INFO - logger - Iter 29700 - time: 30    - [train] loss: 0.7335 (+/-0.1944) - [valid] loss: 0.5912 (+/-0.14  ) - [test] loss: 0.6466 (+/-0.1869)
2019-07-20 07:51:17,255 INFO - logger - Iter 29800 - time: 31    - [train] loss: 0.8815 (+/-0.2773) - [valid] loss: 0.7536 (+/-0.2562) - [test] loss: 0.792  (+/-0.2989)
2019-07-20 07:51:48,049 INFO - logger - Iter 29900 - time: 30    - [train] loss: 0.9657 (+/-0.2798) - [valid] loss: 0.8201 (+/-0.2968) - [test] loss: 0.9821 (+/-0.2772)
2019-07-20 07:52:18,798 INFO - logger - Iter 30000 - time: 30    - [train] loss: 1.0573 (+/-0.6841) - [valid] loss: 0.6662 (+/-0.2361) - [test] loss: 0.8678 (+/-0.2537)
2019-07-20 07:52:49,464 INFO - logger - Iter 30100 - time: 30    - [train] loss: 0.694  (+/-0.2066) - [valid] loss: 0.9028 (+/-0.3443) - [test] loss: 0.8484 (+/-0.2124)
2019-07-20 07:53:20,794 INFO - logger - Iter 30200 - time: 31    - [train] loss: 0.7181 (+/-0.1771) - [valid] loss: 0.6987 (+/-0.226 ) - [test] loss: 0.9315 (+/-0.2646)
2019-07-20 07:53:51,248 INFO - logger - Iter 30300 - time: 30    - [train] loss: 1.0862 (+/-0.32  ) - [valid] loss: 0.9526 (+/-0.2781) - [test] loss: 0.7656 (+/-0.3224)
2019-07-20 07:54:22,143 INFO - logger - Iter 30400 - time: 30    - [train] loss: 0.5759 (+/-0.1435) - [valid] loss: 0.5513 (+/-0.1588) - [test] loss: 0.6768 (+/-0.1728)
2019-07-20 07:54:52,923 INFO - logger - Iter 30500 - time: 30    - [train] loss: 0.9069 (+/-0.2633) - [valid] loss: 0.9667 (+/-0.219 ) - [test] loss: 0.9295 (+/-0.3076)
2019-07-20 07:55:23,369 INFO - logger - Iter 30600 - time: 30    - [train] loss: 0.7422 (+/-0.1919) - [valid] loss: 0.872  (+/-0.2235) - [test] loss: 0.7224 (+/-0.1884)
2019-07-20 07:55:54,218 INFO - logger - Iter 30700 - time: 30    - [train] loss: 0.7667 (+/-0.3059) - [valid] loss: 0.7723 (+/-0.2034) - [test] loss: 0.6014 (+/-0.1451)
2019-07-20 07:56:25,148 INFO - logger - Iter 30800 - time: 30    - [train] loss: 0.9203 (+/-0.2644) - [valid] loss: 0.671  (+/-0.187 ) - [test] loss: 0.7249 (+/-0.2299)
2019-07-20 07:56:55,523 INFO - logger - Iter 30900 - time: 30    - [train] loss: 0.6732 (+/-0.2051) - [valid] loss: 0.8737 (+/-0.2663) - [test] loss: 0.7154 (+/-0.2225)
2019-07-20 07:57:26,972 INFO - logger - Iter 31000 - time: 31    - [train] loss: 0.7714 (+/-0.1997) - [valid] loss: 0.9613 (+/-0.2915) - [test] loss: 0.8961 (+/-0.2437)
2019-07-20 07:58:00,348 INFO - logger - Iter 31100 - time: 33    - [train] loss: 0.9566 (+/-0.3113) - [valid] loss: 0.7011 (+/-0.2168) - [test] loss: 0.8161 (+/-0.2474)
2019-07-20 07:58:31,425 INFO - logger - Iter 31200 - time: 31    - [train] loss: 0.8751 (+/-0.2517) - [valid] loss: 0.8573 (+/-0.2382) - [test] loss: 0.7951 (+/-0.2004)
2019-07-20 07:59:02,535 INFO - logger - Iter 31300 - time: 31    - [train] loss: 1.0635 (+/-0.2821) - [valid] loss: 0.6233 (+/-0.172 ) - [test] loss: 0.7563 (+/-0.1914)
2019-07-20 07:59:33,543 INFO - logger - Iter 31400 - time: 31    - [train] loss: 0.7133 (+/-0.1675) - [valid] loss: 0.7962 (+/-0.2081) - [test] loss: 0.7215 (+/-0.1694)
2019-07-20 08:00:06,758 INFO - logger - Iter 31500 - time: 33    - [train] loss: 0.8166 (+/-0.2904) - [valid] loss: 0.7998 (+/-0.2031) - [test] loss: 0.7712 (+/-0.2517)
2019-07-20 08:00:37,007 INFO - logger - Iter 31600 - time: 30    - [train] loss: 0.6745 (+/-0.1949) - [valid] loss: 0.9384 (+/-0.2313) - [test] loss: 0.783  (+/-0.2473)
2019-07-20 08:01:07,666 INFO - logger - Iter 31700 - time: 30    - [train] loss: 0.8127 (+/-0.3153) - [valid] loss: 0.8238 (+/-0.2804) - [test] loss: 0.7463 (+/-0.1984)
2019-07-20 08:01:38,822 INFO - logger - Iter 31800 - time: 31    - [train] loss: 1.075  (+/-0.3369) - [valid] loss: 0.7282 (+/-0.1897) - [test] loss: 0.6544 (+/-0.2478)
2019-07-20 08:02:11,419 INFO - logger - Iter 31900 - time: 32    - [train] loss: 0.7556 (+/-0.2145) - [valid] loss: 0.8068 (+/-0.2226) - [test] loss: 0.8582 (+/-0.2254)
2019-07-20 08:02:42,821 INFO - logger - Iter 32000 - time: 31    - [train] loss: 0.9652 (+/-0.3284) - [valid] loss: 0.7694 (+/-0.2696) - [test] loss: 0.768  (+/-0.2324)
2019-07-20 08:03:14,165 INFO - logger - Iter 32100 - time: 31    - [train] loss: 0.858  (+/-0.2121) - [valid] loss: 0.7926 (+/-0.1987) - [test] loss: 0.9166 (+/-0.3251)
2019-07-20 08:03:45,348 INFO - logger - Iter 32200 - time: 31    - [train] loss: 0.7849 (+/-0.2796) - [valid] loss: 0.8312 (+/-0.2525) - [test] loss: 0.9879 (+/-0.3304)
2019-07-20 08:04:16,973 INFO - logger - Iter 32300 - time: 31    - [train] loss: 1.0051 (+/-0.3227) - [valid] loss: 0.8525 (+/-0.3045) - [test] loss: 0.8461 (+/-0.238 )
2019-07-20 08:04:49,330 INFO - logger - Iter 32400 - time: 32    - [train] loss: 0.9464 (+/-0.254 ) - [valid] loss: 0.6278 (+/-0.1452) - [test] loss: 1.1103 (+/-0.3261)
2019-07-20 08:05:19,567 INFO - logger - Iter 32500 - time: 30    - [train] loss: 0.9087 (+/-0.2388) - [valid] loss: 0.7719 (+/-0.2417) - [test] loss: 1.3282 (+/-0.4366)
2019-07-20 08:05:49,291 INFO - logger - Iter 32600 - time: 29    - [train] loss: 1.0331 (+/-0.3157) - [valid] loss: 0.8455 (+/-0.2449) - [test] loss: 0.853  (+/-0.2596)
2019-07-20 08:06:19,707 INFO - logger - Iter 32700 - time: 30    - [train] loss: 0.8699 (+/-0.3237) - [valid] loss: 1.0399 (+/-0.3188) - [test] loss: 0.9639 (+/-0.3746)
2019-07-20 08:06:53,447 INFO - logger - Iter 32800 - time: 33    - [train] loss: 0.9206 (+/-0.2478) - [valid] loss: 0.9279 (+/-0.382 ) - [test] loss: 0.8317 (+/-0.2956)
2019-07-20 08:07:24,811 INFO - logger - Iter 32900 - time: 31    - [train] loss: 0.6853 (+/-0.1765) - [valid] loss: 0.8015 (+/-0.2443) - [test] loss: 0.7975 (+/-0.205 )
2019-07-20 08:07:55,652 INFO - logger - Iter 33000 - time: 30    - [train] loss: 0.8523 (+/-0.2193) - [valid] loss: 0.9665 (+/-0.5907) - [test] loss: 0.5793 (+/-0.1738)
2019-07-20 08:08:26,436 INFO - logger - Iter 33100 - time: 30    - [train] loss: 0.9023 (+/-0.3099) - [valid] loss: 0.8051 (+/-0.3303) - [test] loss: 0.7079 (+/-0.1863)
2019-07-20 08:08:59,985 INFO - logger - Iter 33200 - time: 33    - [train] loss: 0.8539 (+/-0.2805) - [valid] loss: 0.917  (+/-0.2768) - [test] loss: 1.0277 (+/-0.316 )
2019-07-20 08:09:30,625 INFO - logger - Iter 33300 - time: 30    - [train] loss: 0.7067 (+/-0.1718) - [valid] loss: 0.7046 (+/-0.2272) - [test] loss: 0.6859 (+/-0.1996)
2019-07-20 08:10:01,294 INFO - logger - Iter 33400 - time: 30    - [train] loss: 0.7171 (+/-0.2035) - [valid] loss: 0.6975 (+/-0.2163) - [test] loss: 0.8476 (+/-0.2401)
2019-07-20 08:10:32,472 INFO - logger - Iter 33500 - time: 31    - [train] loss: 0.9732 (+/-0.2811) - [valid] loss: 0.6172 (+/-0.19  ) - [test] loss: 0.8668 (+/-0.2166)
2019-07-20 08:11:06,366 INFO - logger - Iter 33600 - time: 33    - [train] loss: 0.7287 (+/-0.2445) - [valid] loss: 0.9459 (+/-0.3033) - [test] loss: 0.704  (+/-0.2332)
2019-07-20 08:11:37,413 INFO - logger - Iter 33700 - time: 31    - [train] loss: 0.8703 (+/-0.2666) - [valid] loss: 0.8574 (+/-0.2494) - [test] loss: 0.9749 (+/-0.456 )
2019-07-20 08:12:08,426 INFO - logger - Iter 33800 - time: 31    - [train] loss: 0.9577 (+/-0.4709) - [valid] loss: 0.7062 (+/-0.1727) - [test] loss: 0.7376 (+/-0.2033)
2019-07-20 08:12:38,916 INFO - logger - Iter 33900 - time: 30    - [train] loss: 0.6763 (+/-0.1813) - [valid] loss: 1.0279 (+/-0.5225) - [test] loss: 0.8436 (+/-0.2896)
2019-07-20 08:13:11,688 INFO - logger - Iter 34000 - time: 32    - [train] loss: 0.6456 (+/-0.2099) - [valid] loss: 0.9234 (+/-0.3414) - [test] loss: 0.6838 (+/-0.2012)
2019-07-20 08:13:42,836 INFO - logger - Iter 34100 - time: 31    - [train] loss: 1.1369 (+/-0.2877) - [valid] loss: 0.6325 (+/-0.1433) - [test] loss: 0.8583 (+/-0.24  )
2019-07-20 08:14:13,698 INFO - logger - Iter 34200 - time: 30    - [train] loss: 0.7666 (+/-0.1783) - [valid] loss: 0.8004 (+/-0.2241) - [test] loss: 0.527  (+/-0.1425)
2019-07-20 08:14:44,563 INFO - logger - Iter 34300 - time: 30    - [train] loss: 0.852  (+/-0.282 ) - [valid] loss: 0.8058 (+/-0.2779) - [test] loss: 0.6532 (+/-0.1869)
2019-07-20 08:15:16,080 INFO - logger - Iter 34400 - time: 31    - [train] loss: 1.1838 (+/-0.3684) - [valid] loss: 0.9316 (+/-0.4889) - [test] loss: 0.685  (+/-0.241 )
2019-07-20 08:15:48,750 INFO - logger - Iter 34500 - time: 32    - [train] loss: 0.8569 (+/-0.2093) - [valid] loss: 0.6472 (+/-0.1745) - [test] loss: 0.8837 (+/-0.2215)
2019-07-20 08:16:19,657 INFO - logger - Iter 34600 - time: 30    - [train] loss: 0.8932 (+/-0.3079) - [valid] loss: 0.5661 (+/-0.1476) - [test] loss: 0.9571 (+/-0.4452)
2019-07-20 08:16:49,508 INFO - logger - Iter 34700 - time: 29    - [train] loss: 0.6265 (+/-0.2543) - [valid] loss: 0.6788 (+/-0.1856) - [test] loss: 0.8741 (+/-0.2372)
2019-07-20 08:17:21,021 INFO - logger - Iter 34800 - time: 31    - [train] loss: 1.1615 (+/-0.7005) - [valid] loss: 0.7344 (+/-0.2209) - [test] loss: 0.8438 (+/-0.2384)
2019-07-20 08:17:53,209 INFO - logger - Iter 34900 - time: 32    - [train] loss: 0.8493 (+/-0.3788) - [valid] loss: 0.5734 (+/-0.1586) - [test] loss: 0.729  (+/-0.1858)
2019-07-20 08:18:23,461 INFO - logger - Iter 35000 - time: 30    - [train] loss: 0.7857 (+/-0.2001) - [valid] loss: 0.6833 (+/-0.2421) - [test] loss: 0.8271 (+/-0.3036)
2019-07-20 08:18:53,236 INFO - logger - Iter 35100 - time: 29    - [train] loss: 0.8389 (+/-0.221 ) - [valid] loss: 0.8372 (+/-0.407 ) - [test] loss: 0.8052 (+/-0.2505)
2019-07-20 08:19:23,094 INFO - logger - Iter 35200 - time: 29    - [train] loss: 0.5463 (+/-0.1527) - [valid] loss: 0.8796 (+/-0.2431) - [test] loss: 0.627  (+/-0.1819)
2019-07-20 08:19:53,232 INFO - logger - Iter 35300 - time: 30    - [train] loss: 1.0421 (+/-0.4154) - [valid] loss: 0.6015 (+/-0.1871) - [test] loss: 0.6445 (+/-0.165 )
2019-07-20 08:20:24,232 INFO - logger - Iter 35400 - time: 30    - [train] loss: 1.2155 (+/-0.5844) - [valid] loss: 1.0314 (+/-0.2857) - [test] loss: 0.7899 (+/-0.2436)
2019-07-20 08:20:54,620 INFO - logger - Iter 35500 - time: 30    - [train] loss: 0.7145 (+/-0.2076) - [valid] loss: 0.7313 (+/-0.2262) - [test] loss: 1.0871 (+/-0.3686)
2019-07-20 08:21:24,609 INFO - logger - Iter 35600 - time: 29    - [train] loss: 0.9343 (+/-0.2426) - [valid] loss: 0.8661 (+/-0.3954) - [test] loss: 0.8132 (+/-0.2016)
2019-07-20 08:21:54,084 INFO - logger - Iter 35700 - time: 29    - [train] loss: 0.8622 (+/-0.2892) - [valid] loss: 0.4805 (+/-0.1182) - [test] loss: 0.7093 (+/-0.2341)
2019-07-20 08:22:24,790 INFO - logger - Iter 35800 - time: 30    - [train] loss: 0.7636 (+/-0.2261) - [valid] loss: 0.7499 (+/-0.2114) - [test] loss: 0.9599 (+/-0.2968)
2019-07-20 08:22:54,245 INFO - logger - Iter 35900 - time: 29    - [train] loss: 0.8831 (+/-0.2323) - [valid] loss: 0.8152 (+/-0.2424) - [test] loss: 0.8792 (+/-0.3844)
2019-07-20 08:23:25,079 INFO - logger - Iter 36000 - time: 30    - [train] loss: 0.8913 (+/-0.3757) - [valid] loss: 0.5873 (+/-0.165 ) - [test] loss: 0.802  (+/-0.263 )
2019-07-20 08:23:55,033 INFO - logger - Iter 36100 - time: 29    - [train] loss: 0.647  (+/-0.1763) - [valid] loss: 0.8222 (+/-0.2547) - [test] loss: 0.7442 (+/-0.2383)
2019-07-20 08:24:25,816 INFO - logger - Iter 36200 - time: 30    - [train] loss: 1.0117 (+/-0.2599) - [valid] loss: 0.8026 (+/-0.2114) - [test] loss: 0.77   (+/-0.2611)
2019-07-20 08:24:55,915 INFO - logger - Iter 36300 - time: 30    - [train] loss: 0.7319 (+/-0.19  ) - [valid] loss: 0.8831 (+/-0.3067) - [test] loss: 0.6029 (+/-0.1601)
2019-07-20 08:25:29,010 INFO - logger - Iter 36400 - time: 33    - [train] loss: 0.6902 (+/-0.219 ) - [valid] loss: 0.8183 (+/-0.2124) - [test] loss: 0.9963 (+/-0.2642)
2019-07-20 08:25:59,496 INFO - logger - Iter 36500 - time: 30    - [train] loss: 1.0474 (+/-0.3013) - [valid] loss: 0.7778 (+/-0.2098) - [test] loss: 0.6713 (+/-0.1858)
2019-07-20 08:26:29,677 INFO - logger - Iter 36600 - time: 30    - [train] loss: 0.7645 (+/-0.2603) - [valid] loss: 0.6933 (+/-0.202 ) - [test] loss: 0.7067 (+/-0.1662)
2019-07-20 08:27:00,401 INFO - logger - Iter 36700 - time: 30    - [train] loss: 0.6019 (+/-0.1744) - [valid] loss: 0.6935 (+/-0.1697) - [test] loss: 0.5217 (+/-0.1623)
2019-07-20 08:27:32,327 INFO - logger - Iter 36800 - time: 31    - [train] loss: 0.6343 (+/-0.2467) - [valid] loss: 0.8642 (+/-0.2562) - [test] loss: 0.6303 (+/-0.155 )
2019-07-20 08:28:01,986 INFO - logger - Iter 36900 - time: 29    - [train] loss: 0.6765 (+/-0.2027) - [valid] loss: 0.795  (+/-0.2   ) - [test] loss: 0.7613 (+/-0.1962)
2019-07-20 08:28:31,966 INFO - logger - Iter 37000 - time: 29    - [train] loss: 0.752  (+/-0.2972) - [valid] loss: 0.7079 (+/-0.1926) - [test] loss: 0.8828 (+/-0.2351)
2019-07-20 08:29:02,945 INFO - logger - Iter 37100 - time: 30    - [train] loss: 0.7607 (+/-0.2127) - [valid] loss: 0.7632 (+/-0.2465) - [test] loss: 0.7183 (+/-0.2336)
2019-07-20 08:29:34,152 INFO - logger - Iter 37200 - time: 31    - [train] loss: 0.6196 (+/-0.1741) - [valid] loss: 0.63   (+/-0.1621) - [test] loss: 0.7087 (+/-0.2249)
2019-07-20 08:30:03,904 INFO - logger - Iter 37300 - time: 29    - [train] loss: 0.7548 (+/-0.1856) - [valid] loss: 0.7797 (+/-0.1868) - [test] loss: 0.8681 (+/-0.2298)
2019-07-20 08:30:34,294 INFO - logger - Iter 37400 - time: 30    - [train] loss: 0.7881 (+/-0.1802) - [valid] loss: 0.8506 (+/-0.2284) - [test] loss: 0.629  (+/-0.1797)
2019-07-20 08:31:05,896 INFO - logger - Iter 37500 - time: 31    - [train] loss: 0.5713 (+/-0.1692) - [valid] loss: 0.7012 (+/-0.1692) - [test] loss: 0.5999 (+/-0.183 )
2019-07-20 08:31:37,214 INFO - logger - Iter 37600 - time: 31    - [train] loss: 0.7657 (+/-0.2361) - [valid] loss: 0.5416 (+/-0.148 ) - [test] loss: 0.6705 (+/-0.2291)
2019-07-20 08:32:07,448 INFO - logger - Iter 37700 - time: 30    - [train] loss: 0.7705 (+/-0.2187) - [valid] loss: 0.7118 (+/-0.2335) - [test] loss: 0.6097 (+/-0.1658)
2019-07-20 08:32:38,136 INFO - logger - Iter 37800 - time: 30    - [train] loss: 0.6748 (+/-0.2205) - [valid] loss: 0.8705 (+/-0.3405) - [test] loss: 0.6979 (+/-0.1905)
2019-07-20 08:33:09,471 INFO - logger - Iter 37900 - time: 31    - [train] loss: 0.5943 (+/-0.1446) - [valid] loss: 0.5912 (+/-0.1598) - [test] loss: 0.7349 (+/-0.2895)
2019-07-20 08:33:39,998 INFO - logger - Iter 38000 - time: 30    - [train] loss: 0.8645 (+/-0.2529) - [valid] loss: 0.5946 (+/-0.1849) - [test] loss: 0.7333 (+/-0.197 )
2019-07-20 08:34:10,043 INFO - logger - Iter 38100 - time: 30    - [train] loss: 0.7398 (+/-0.2944) - [valid] loss: 0.7318 (+/-0.2592) - [test] loss: 0.5935 (+/-0.1717)
2019-07-20 08:34:40,826 INFO - logger - Iter 38200 - time: 30    - [train] loss: 0.7088 (+/-0.205 ) - [valid] loss: 1.1043 (+/-0.3882) - [test] loss: 0.6051 (+/-0.1857)
2019-07-20 08:35:14,588 INFO - logger - Iter 38300 - time: 33    - [train] loss: 0.7425 (+/-0.1789) - [valid] loss: 0.8643 (+/-0.3287) - [test] loss: 0.8627 (+/-0.3122)
2019-07-20 08:35:45,001 INFO - logger - Iter 38400 - time: 30    - [train] loss: 1.0165 (+/-0.5404) - [valid] loss: 1.1604 (+/-0.9794) - [test] loss: 0.687  (+/-0.2292)
2019-07-20 08:36:15,193 INFO - logger - Iter 38500 - time: 30    - [train] loss: 0.71   (+/-0.1947) - [valid] loss: 0.7577 (+/-0.1691) - [test] loss: 0.8349 (+/-0.2292)
2019-07-20 08:36:45,934 INFO - logger - Iter 38600 - time: 30    - [train] loss: 0.7492 (+/-0.1984) - [valid] loss: 0.8913 (+/-0.2948) - [test] loss: 0.7824 (+/-0.2448)
2019-07-20 08:37:18,872 INFO - logger - Iter 38700 - time: 32    - [train] loss: 0.6337 (+/-0.1728) - [valid] loss: 0.6037 (+/-0.1698) - [test] loss: 0.6889 (+/-0.1858)
2019-07-20 08:37:49,452 INFO - logger - Iter 38800 - time: 30    - [train] loss: 0.6232 (+/-0.2459) - [valid] loss: 0.6218 (+/-0.1911) - [test] loss: 0.5871 (+/-0.1763)
2019-07-20 08:38:19,303 INFO - logger - Iter 38900 - time: 29    - [train] loss: 0.7531 (+/-0.2423) - [valid] loss: 0.909  (+/-0.2712) - [test] loss: 0.6681 (+/-0.1755)
2019-07-20 08:38:51,622 INFO - logger - Iter 39000 - time: 32    - [train] loss: 0.7789 (+/-0.2194) - [valid] loss: 0.9284 (+/-0.2702) - [test] loss: 0.7238 (+/-0.2232)
2019-07-20 08:39:24,442 INFO - logger - Iter 39100 - time: 32    - [train] loss: 0.6789 (+/-0.1998) - [valid] loss: 0.6254 (+/-0.1699) - [test] loss: 0.6424 (+/-0.1886)
2019-07-20 08:39:55,173 INFO - logger - Iter 39200 - time: 30    - [train] loss: 0.5619 (+/-0.1443) - [valid] loss: 0.7143 (+/-0.1798) - [test] loss: 0.6603 (+/-0.1749)
2019-07-20 08:40:25,597 INFO - logger - Iter 39300 - time: 30    - [train] loss: 0.5365 (+/-0.1838) - [valid] loss: 0.634  (+/-0.2409) - [test] loss: 0.7558 (+/-0.2646)
2019-07-20 08:40:57,742 INFO - logger - Iter 39400 - time: 32    - [train] loss: 0.7353 (+/-0.1886) - [valid] loss: 0.4946 (+/-0.154 ) - [test] loss: 0.7304 (+/-0.2556)
2019-07-20 08:41:29,164 INFO - logger - Iter 39500 - time: 31    - [train] loss: 0.7331 (+/-0.1982) - [valid] loss: 0.5765 (+/-0.2547) - [test] loss: 0.6437 (+/-0.1693)
2019-07-20 08:41:59,724 INFO - logger - Iter 39600 - time: 30    - [train] loss: 0.714  (+/-0.2195) - [valid] loss: 0.5401 (+/-0.1372) - [test] loss: 0.7327 (+/-0.2076)
2019-07-20 08:42:29,839 INFO - logger - Iter 39700 - time: 30    - [train] loss: 0.4674 (+/-0.1386) - [valid] loss: 0.4469 (+/-0.1342) - [test] loss: 0.5594 (+/-0.1832)
2019-07-20 08:43:02,434 INFO - logger - Iter 39800 - time: 32    - [train] loss: 0.6386 (+/-0.1812) - [valid] loss: 0.8343 (+/-0.2151) - [test] loss: 0.5503 (+/-0.1397)
2019-07-20 08:43:33,863 INFO - logger - Iter 39900 - time: 31    - [train] loss: 0.9915 (+/-0.5217) - [valid] loss: 1.0018 (+/-0.5508) - [test] loss: 0.7147 (+/-0.1781)
2019-07-20 08:44:03,553 INFO - logger - Iter 40000 - time: 29    - [train] loss: 0.6254 (+/-0.1645) - [valid] loss: 0.5658 (+/-0.1562) - [test] loss: 0.6713 (+/-0.2204)
2019-07-20 08:44:34,612 INFO - logger - Iter 40100 - time: 31    - [train] loss: 0.7781 (+/-0.2066) - [valid] loss: 0.8796 (+/-0.2739) - [test] loss: 0.7374 (+/-0.2336)
2019-07-20 08:45:04,533 INFO - logger - Iter 40200 - time: 29    - [train] loss: 0.6357 (+/-0.2095) - [valid] loss: 0.6914 (+/-0.1925) - [test] loss: 0.7877 (+/-0.2585)
2019-07-20 08:45:34,677 INFO - logger - Iter 40300 - time: 30    - [train] loss: 0.7203 (+/-0.1661) - [valid] loss: 0.8018 (+/-0.2397) - [test] loss: 0.59   (+/-0.1551)
2019-07-20 08:46:05,469 INFO - logger - Iter 40400 - time: 30    - [train] loss: 0.7494 (+/-0.1769) - [valid] loss: 0.5876 (+/-0.1822) - [test] loss: 0.5987 (+/-0.1473)
2019-07-20 08:46:35,546 INFO - logger - Iter 40500 - time: 30    - [train] loss: 0.5668 (+/-0.1663) - [valid] loss: 0.8838 (+/-0.2868) - [test] loss: 0.5919 (+/-0.1705)
2019-07-20 08:47:06,245 INFO - logger - Iter 40600 - time: 30    - [train] loss: 0.6861 (+/-0.1806) - [valid] loss: 0.8453 (+/-0.3167) - [test] loss: 0.6414 (+/-0.1671)
2019-07-20 08:47:36,420 INFO - logger - Iter 40700 - time: 30    - [train] loss: 0.6198 (+/-0.1594) - [valid] loss: 0.7236 (+/-0.2128) - [test] loss: 0.5359 (+/-0.1738)
2019-07-20 08:48:06,331 INFO - logger - Iter 40800 - time: 29    - [train] loss: 0.6217 (+/-0.2062) - [valid] loss: 0.7855 (+/-0.2856) - [test] loss: 0.7071 (+/-0.2532)
2019-07-20 08:48:36,775 INFO - logger - Iter 40900 - time: 30    - [train] loss: 0.6293 (+/-0.1835) - [valid] loss: 0.5157 (+/-0.1317) - [test] loss: 0.7166 (+/-0.2654)
2019-07-20 08:49:06,791 INFO - logger - Iter 41000 - time: 30    - [train] loss: 0.6626 (+/-0.1703) - [valid] loss: 0.6534 (+/-0.1994) - [test] loss: 0.6753 (+/-0.2367)
2019-07-20 08:49:36,628 INFO - logger - Iter 41100 - time: 29    - [train] loss: 0.547  (+/-0.143 ) - [valid] loss: 0.8616 (+/-0.2809) - [test] loss: 0.6053 (+/-0.1836)
2019-07-20 08:50:07,373 INFO - logger - Iter 41200 - time: 30    - [train] loss: 0.7677 (+/-0.2353) - [valid] loss: 0.6464 (+/-0.1841) - [test] loss: 0.575  (+/-0.1678)
2019-07-20 08:50:38,991 INFO - logger - Iter 41300 - time: 31    - [train] loss: 0.7528 (+/-0.2559) - [valid] loss: 0.7906 (+/-0.2174) - [test] loss: 0.5721 (+/-0.1561)
2019-07-20 08:51:11,263 INFO - logger - Iter 41400 - time: 32    - [train] loss: 0.5135 (+/-0.1465) - [valid] loss: 0.5971 (+/-0.1615) - [test] loss: 0.6871 (+/-0.1747)
2019-07-20 08:51:41,570 INFO - logger - Iter 41500 - time: 30    - [train] loss: 0.7611 (+/-0.2127) - [valid] loss: 0.5633 (+/-0.1721) - [test] loss: 0.6433 (+/-0.2278)
2019-07-20 08:52:11,891 INFO - logger - Iter 41600 - time: 30    - [train] loss: 0.6139 (+/-0.2068) - [valid] loss: 0.6171 (+/-0.1957) - [test] loss: 0.6469 (+/-0.2043)
2019-07-20 08:52:44,986 INFO - logger - Iter 41700 - time: 33    - [train] loss: 0.6747 (+/-0.2044) - [valid] loss: 0.6344 (+/-0.1673) - [test] loss: 0.5877 (+/-0.1393)
2019-07-20 08:53:15,486 INFO - logger - Iter 41800 - time: 30    - [train] loss: 0.8228 (+/-0.2411) - [valid] loss: 0.7047 (+/-0.1962) - [test] loss: 0.6596 (+/-0.2716)
2019-07-20 08:53:45,709 INFO - logger - Iter 41900 - time: 30    - [train] loss: 0.7902 (+/-0.228 ) - [valid] loss: 0.7492 (+/-0.2715) - [test] loss: 0.6275 (+/-0.1381)
2019-07-20 08:54:16,140 INFO - logger - Iter 42000 - time: 30    - [train] loss: 0.9025 (+/-0.4268) - [valid] loss: 0.7689 (+/-0.2562) - [test] loss: 0.9783 (+/-0.4258)
2019-07-20 08:54:48,940 INFO - logger - Iter 42100 - time: 32    - [train] loss: 0.7205 (+/-0.237 ) - [valid] loss: 0.6647 (+/-0.1794) - [test] loss: 0.6527 (+/-0.237 )
2019-07-20 08:55:19,998 INFO - logger - Iter 42200 - time: 31    - [train] loss: 0.6118 (+/-0.1648) - [valid] loss: 0.647  (+/-0.1987) - [test] loss: 1.04   (+/-0.3917)
2019-07-20 08:55:50,218 INFO - logger - Iter 42300 - time: 30    - [train] loss: 0.906  (+/-0.5224) - [valid] loss: 0.6367 (+/-0.1623) - [test] loss: 0.7076 (+/-0.2195)
2019-07-20 08:56:20,963 INFO - logger - Iter 42400 - time: 30    - [train] loss: 0.6043 (+/-0.1885) - [valid] loss: 0.6501 (+/-0.1646) - [test] loss: 0.605  (+/-0.1744)
2019-07-20 08:56:54,020 INFO - logger - Iter 42500 - time: 33    - [train] loss: 0.6419 (+/-0.238 ) - [valid] loss: 0.6625 (+/-0.2983) - [test] loss: 0.4804 (+/-0.1349)
2019-07-20 08:57:24,646 INFO - logger - Iter 42600 - time: 30    - [train] loss: 0.7283 (+/-0.2246) - [valid] loss: 0.4712 (+/-0.1365) - [test] loss: 0.811  (+/-0.264 )
2019-07-20 08:57:55,213 INFO - logger - Iter 42700 - time: 30    - [train] loss: 0.5995 (+/-0.1678) - [valid] loss: 0.5841 (+/-0.1766) - [test] loss: 0.5994 (+/-0.1672)
2019-07-20 08:58:26,704 INFO - logger - Iter 42800 - time: 31    - [train] loss: 0.7437 (+/-0.2203) - [valid] loss: 0.6448 (+/-0.2086) - [test] loss: 0.7886 (+/-0.217 )
2019-07-20 08:58:59,142 INFO - logger - Iter 42900 - time: 32    - [train] loss: 0.9159 (+/-0.588 ) - [valid] loss: 0.6076 (+/-0.1995) - [test] loss: 0.9446 (+/-0.3858)
2019-07-20 08:59:28,809 INFO - logger - Iter 43000 - time: 29    - [train] loss: 0.6408 (+/-0.1657) - [valid] loss: 0.681  (+/-0.1944) - [test] loss: 0.6431 (+/-0.1892)
2019-07-20 08:59:59,366 INFO - logger - Iter 43100 - time: 30    - [train] loss: 0.8065 (+/-0.2068) - [valid] loss: 0.7064 (+/-0.261 ) - [test] loss: 0.5054 (+/-0.1522)
2019-07-20 09:00:30,694 INFO - logger - Iter 43200 - time: 31    - [train] loss: 0.5291 (+/-0.1745) - [valid] loss: 0.5165 (+/-0.1751) - [test] loss: 0.727  (+/-0.234 )
2019-07-20 09:01:03,149 INFO - logger - Iter 43300 - time: 32    - [train] loss: 0.7151 (+/-0.349 ) - [valid] loss: 0.6298 (+/-0.15  ) - [test] loss: 0.6256 (+/-0.1638)
2019-07-20 09:01:34,007 INFO - logger - Iter 43400 - time: 30    - [train] loss: 0.5325 (+/-0.1283) - [valid] loss: 0.6428 (+/-0.2418) - [test] loss: 0.9064 (+/-0.2728)
2019-07-20 09:02:04,291 INFO - logger - Iter 43500 - time: 30    - [train] loss: 0.5301 (+/-0.1387) - [valid] loss: 0.7604 (+/-0.3235) - [test] loss: 0.8007 (+/-0.2411)
2019-07-20 09:02:35,775 INFO - logger - Iter 43600 - time: 31    - [train] loss: 0.4852 (+/-0.1247) - [valid] loss: 0.5221 (+/-0.1462) - [test] loss: 0.5521 (+/-0.1918)
2019-07-20 09:03:07,383 INFO - logger - Iter 43700 - time: 31    - [train] loss: 1.0095 (+/-0.433 ) - [valid] loss: 0.4963 (+/-0.1391) - [test] loss: 0.7115 (+/-0.1742)
2019-07-20 09:03:37,910 INFO - logger - Iter 43800 - time: 30    - [train] loss: 0.8621 (+/-0.2655) - [valid] loss: 0.7125 (+/-0.2665) - [test] loss: 0.8247 (+/-0.3035)
2019-07-20 09:04:08,395 INFO - logger - Iter 43900 - time: 30    - [train] loss: 0.5011 (+/-0.1407) - [valid] loss: 0.6435 (+/-0.1851) - [test] loss: 0.7371 (+/-0.1891)
2019-07-20 09:04:40,150 INFO - logger - Iter 44000 - time: 31    - [train] loss: 0.744  (+/-0.2507) - [valid] loss: 0.6939 (+/-0.1818) - [test] loss: 0.8266 (+/-0.23  )
2019-07-20 09:05:11,695 INFO - logger - Iter 44100 - time: 31    - [train] loss: 0.6028 (+/-0.2427) - [valid] loss: 0.5496 (+/-0.1505) - [test] loss: 0.7023 (+/-0.2169)
2019-07-20 09:05:42,410 INFO - logger - Iter 44200 - time: 30    - [train] loss: 0.807  (+/-0.1902) - [valid] loss: 0.775  (+/-0.261 ) - [test] loss: 1.1252 (+/-0.5547)
2019-07-20 09:06:12,695 INFO - logger - Iter 44300 - time: 30    - [train] loss: 0.806  (+/-0.2629) - [valid] loss: 0.735  (+/-0.2816) - [test] loss: 0.8981 (+/-0.2964)
2019-07-20 09:06:45,044 INFO - logger - Iter 44400 - time: 32    - [train] loss: 0.5101 (+/-0.1424) - [valid] loss: 0.5739 (+/-0.1504) - [test] loss: 0.7765 (+/-0.2576)
2019-07-20 09:07:15,575 INFO - logger - Iter 44500 - time: 30    - [train] loss: 0.6362 (+/-0.2259) - [valid] loss: 0.8095 (+/-0.2098) - [test] loss: 0.8542 (+/-0.2249)
2019-07-20 09:07:46,215 INFO - logger - Iter 44600 - time: 30    - [train] loss: 0.623  (+/-0.2242) - [valid] loss: 0.7088 (+/-0.1689) - [test] loss: 0.4327 (+/-0.1135)
2019-07-20 09:08:16,259 INFO - logger - Iter 44700 - time: 30    - [train] loss: 0.5366 (+/-0.1675) - [valid] loss: 0.5586 (+/-0.1443) - [test] loss: 0.5729 (+/-0.1892)
2019-07-20 09:08:50,159 INFO - logger - Iter 44800 - time: 33    - [train] loss: 0.7115 (+/-0.2236) - [valid] loss: 0.6282 (+/-0.2216) - [test] loss: 0.7473 (+/-0.1875)
2019-07-20 09:09:20,860 INFO - logger - Iter 44900 - time: 30    - [train] loss: 0.5816 (+/-0.3224) - [valid] loss: 0.7575 (+/-0.2525) - [test] loss: 0.7319 (+/-0.2784)
2019-07-20 09:09:51,003 INFO - logger - Iter 45000 - time: 30    - [train] loss: 0.5052 (+/-0.155 ) - [valid] loss: 0.6868 (+/-0.2986) - [test] loss: 0.6068 (+/-0.1337)
2019-07-20 09:10:21,219 INFO - logger - Iter 45100 - time: 30    - [train] loss: 0.6332 (+/-0.1833) - [valid] loss: 0.5894 (+/-0.1565) - [test] loss: 0.6332 (+/-0.1768)
2019-07-20 09:10:52,104 INFO - logger - Iter 45200 - time: 30    - [train] loss: 0.5372 (+/-0.1703) - [valid] loss: 0.6989 (+/-0.2249) - [test] loss: 0.6834 (+/-0.258 )
2019-07-20 09:11:22,997 INFO - logger - Iter 45300 - time: 30    - [train] loss: 0.5727 (+/-0.1708) - [valid] loss: 0.7812 (+/-0.3473) - [test] loss: 0.9812 (+/-0.6095)
2019-07-20 09:11:53,516 INFO - logger - Iter 45400 - time: 30    - [train] loss: 0.6303 (+/-0.2728) - [valid] loss: 0.4988 (+/-0.1474) - [test] loss: 0.7516 (+/-0.2655)
2019-07-20 09:12:24,193 INFO - logger - Iter 45500 - time: 30    - [train] loss: 0.4554 (+/-0.1404) - [valid] loss: 0.6866 (+/-0.2013) - [test] loss: 0.6008 (+/-0.2124)
2019-07-20 09:12:55,017 INFO - logger - Iter 45600 - time: 30    - [train] loss: 0.5835 (+/-0.1631) - [valid] loss: 0.7888 (+/-0.3421) - [test] loss: 0.7078 (+/-0.1932)
2019-07-20 09:13:25,235 INFO - logger - Iter 45700 - time: 30    - [train] loss: 0.6604 (+/-0.1826) - [valid] loss: 0.605  (+/-0.1638) - [test] loss: 0.7354 (+/-0.259 )
2019-07-20 09:13:55,541 INFO - logger - Iter 45800 - time: 30    - [train] loss: 0.5884 (+/-0.1943) - [valid] loss: 0.6755 (+/-0.2174) - [test] loss: 0.6258 (+/-0.1667)
2019-07-20 09:14:25,978 INFO - logger - Iter 45900 - time: 30    - [train] loss: 0.5846 (+/-0.211 ) - [valid] loss: 0.6764 (+/-0.1663) - [test] loss: 1.0798 (+/-0.8559)
2019-07-20 09:14:56,347 INFO - logger - Iter 46000 - time: 30    - [train] loss: 0.7586 (+/-0.225 ) - [valid] loss: 0.5902 (+/-0.1579) - [test] loss: 0.6631 (+/-0.2018)
2019-07-20 09:15:26,007 INFO - logger - Iter 46100 - time: 29    - [train] loss: 0.6403 (+/-0.2259) - [valid] loss: 0.5309 (+/-0.1405) - [test] loss: 0.5235 (+/-0.1465)
2019-07-20 09:15:57,407 INFO - logger - Iter 46200 - time: 31    - [train] loss: 0.7418 (+/-0.1973) - [valid] loss: 0.5794 (+/-0.1647) - [test] loss: 0.8703 (+/-0.5969)
2019-07-20 09:16:27,649 INFO - logger - Iter 46300 - time: 30    - [train] loss: 0.6786 (+/-0.1919) - [valid] loss: 0.735  (+/-0.2353) - [test] loss: 0.5784 (+/-0.1718)
2019-07-20 09:17:01,820 INFO - logger - Iter 46400 - time: 34    - [train] loss: 0.629  (+/-0.1827) - [valid] loss: 0.3592 (+/-0.094 ) - [test] loss: 0.627  (+/-0.1917)
2019-07-20 09:17:33,012 INFO - logger - Iter 46500 - time: 31    - [train] loss: 0.7872 (+/-0.3261) - [valid] loss: 0.7701 (+/-0.2601) - [test] loss: 0.7068 (+/-0.2285)
2019-07-20 09:18:03,392 INFO - logger - Iter 46600 - time: 30    - [train] loss: 0.5386 (+/-0.1622) - [valid] loss: 0.9236 (+/-0.3456) - [test] loss: 0.6024 (+/-0.1921)
2019-07-20 09:18:34,100 INFO - logger - Iter 46700 - time: 30    - [train] loss: 0.7648 (+/-0.2233) - [valid] loss: 0.7803 (+/-0.292 ) - [test] loss: 0.7174 (+/-0.2058)
2019-07-20 09:19:06,509 INFO - logger - Iter 46800 - time: 32    - [train] loss: 0.7187 (+/-0.243 ) - [valid] loss: 0.679  (+/-0.2172) - [test] loss: 0.8149 (+/-0.2584)
2019-07-20 09:19:36,331 INFO - logger - Iter 46900 - time: 29    - [train] loss: 1.001  (+/-0.4492) - [valid] loss: 0.4971 (+/-0.1447) - [test] loss: 0.8707 (+/-0.3002)
2019-07-20 09:20:05,585 INFO - logger - Iter 47000 - time: 29    - [train] loss: 0.7412 (+/-0.2327) - [valid] loss: 0.7432 (+/-0.1969) - [test] loss: 0.7574 (+/-0.3526)
2019-07-20 09:20:33,668 INFO - logger - Iter 47100 - time: 28    - [train] loss: 0.7343 (+/-0.2675) - [valid] loss: 0.5687 (+/-0.173 ) - [test] loss: 0.6396 (+/-0.1901)
2019-07-20 09:21:06,335 INFO - logger - Iter 47200 - time: 32    - [train] loss: 0.5104 (+/-0.1467) - [valid] loss: 0.6168 (+/-0.1889) - [test] loss: 0.662  (+/-0.2594)
2019-07-20 09:21:35,149 INFO - logger - Iter 47300 - time: 28    - [train] loss: 0.847  (+/-0.2591) - [valid] loss: 0.7394 (+/-0.1955) - [test] loss: 0.5305 (+/-0.2355)
2019-07-20 09:22:04,615 INFO - logger - Iter 47400 - time: 29    - [train] loss: 0.6413 (+/-0.2345) - [valid] loss: 0.6431 (+/-0.1962) - [test] loss: 0.6626 (+/-0.1816)
2019-07-20 09:22:33,449 INFO - logger - Iter 47500 - time: 28    - [train] loss: 0.5913 (+/-0.1987) - [valid] loss: 0.7727 (+/-0.3103) - [test] loss: 0.5466 (+/-0.1618)
2019-07-20 09:23:05,681 INFO - logger - Iter 47600 - time: 32    - [train] loss: 0.5636 (+/-0.1546) - [valid] loss: 0.6692 (+/-0.247 ) - [test] loss: 0.632  (+/-0.2136)
2019-07-20 09:23:34,823 INFO - logger - Iter 47700 - time: 29    - [train] loss: 0.674  (+/-0.1905) - [valid] loss: 0.6266 (+/-0.1819) - [test] loss: 0.6521 (+/-0.1957)
2019-07-20 09:24:03,886 INFO - logger - Iter 47800 - time: 29    - [train] loss: 0.7247 (+/-0.2453) - [valid] loss: 0.7433 (+/-0.24  ) - [test] loss: 0.7585 (+/-0.221 )
2019-07-20 09:24:33,086 INFO - logger - Iter 47900 - time: 29    - [train] loss: 0.534  (+/-0.161 ) - [valid] loss: 0.6245 (+/-0.1807) - [test] loss: 0.6842 (+/-0.2125)
2019-07-20 09:25:05,120 INFO - logger - Iter 48000 - time: 32    - [train] loss: 0.7592 (+/-0.2099) - [valid] loss: 0.8408 (+/-0.4932) - [test] loss: 0.5999 (+/-0.2372)
2019-07-20 09:25:34,457 INFO - logger - Iter 48100 - time: 29    - [train] loss: 0.4848 (+/-0.1238) - [valid] loss: 0.4507 (+/-0.1116) - [test] loss: 0.6566 (+/-0.322 )
2019-07-20 09:26:02,848 INFO - logger - Iter 48200 - time: 28    - [train] loss: 0.5799 (+/-0.1914) - [valid] loss: 0.4376 (+/-0.1283) - [test] loss: 0.7766 (+/-0.2977)
2019-07-20 09:26:32,742 INFO - logger - Iter 48300 - time: 29    - [train] loss: 0.532  (+/-0.1588) - [valid] loss: 0.6777 (+/-0.2022) - [test] loss: 0.7804 (+/-0.2183)
2019-07-20 09:27:03,840 INFO - logger - Iter 48400 - time: 31    - [train] loss: 0.5327 (+/-0.1353) - [valid] loss: 0.5394 (+/-0.1698) - [test] loss: 0.7357 (+/-0.247 )
2019-07-20 09:27:33,113 INFO - logger - Iter 48500 - time: 29    - [train] loss: 1.0131 (+/-0.3128) - [valid] loss: 0.725  (+/-0.1866) - [test] loss: 0.8259 (+/-0.2348)
2019-07-20 09:28:02,226 INFO - logger - Iter 48600 - time: 29    - [train] loss: 0.6659 (+/-0.1591) - [valid] loss: 0.9092 (+/-0.4164) - [test] loss: 0.6443 (+/-0.3186)
2019-07-20 09:28:32,821 INFO - logger - Iter 48700 - time: 30    - [train] loss: 0.6612 (+/-0.2075) - [valid] loss: 0.6789 (+/-0.2441) - [test] loss: 0.5222 (+/-0.1212)
2019-07-20 09:29:03,241 INFO - logger - Iter 48800 - time: 30    - [train] loss: 1.0351 (+/-0.3904) - [valid] loss: 0.7891 (+/-0.2193) - [test] loss: 0.803  (+/-0.2237)
2019-07-20 09:29:32,601 INFO - logger - Iter 48900 - time: 29    - [train] loss: 0.9244 (+/-0.3131) - [valid] loss: 0.646  (+/-0.172 ) - [test] loss: 0.9613 (+/-0.5452)
2019-07-20 09:30:00,926 INFO - logger - Iter 49000 - time: 28    - [train] loss: 0.7361 (+/-0.1856) - [valid] loss: 0.7327 (+/-0.194 ) - [test] loss: 0.7508 (+/-0.2235)
2019-07-20 09:30:31,922 INFO - logger - Iter 49100 - time: 30    - [train] loss: 0.8753 (+/-0.2146) - [valid] loss: 0.9608 (+/-0.4853) - [test] loss: 0.6063 (+/-0.1483)
2019-07-20 09:31:02,401 INFO - logger - Iter 49200 - time: 30    - [train] loss: 0.6895 (+/-0.2312) - [valid] loss: 0.5948 (+/-0.1841) - [test] loss: 0.7848 (+/-0.2509)
2019-07-20 09:31:30,034 INFO - logger - Iter 49300 - time: 27    - [train] loss: 0.6956 (+/-0.1971) - [valid] loss: 0.649  (+/-0.1573) - [test] loss: 0.6753 (+/-0.1791)
2019-07-20 09:31:59,250 INFO - logger - Iter 49400 - time: 29    - [train] loss: 0.8641 (+/-0.3074) - [valid] loss: 0.7195 (+/-0.2554) - [test] loss: 0.5166 (+/-0.2188)
2019-07-20 09:32:31,186 INFO - logger - Iter 49500 - time: 31    - [train] loss: 0.5389 (+/-0.1456) - [valid] loss: 0.5013 (+/-0.1447) - [test] loss: 0.5517 (+/-0.1946)
2019-07-20 09:33:01,099 INFO - logger - Iter 49600 - time: 29    - [train] loss: 0.9075 (+/-0.2872) - [valid] loss: 0.6502 (+/-0.1834) - [test] loss: 0.7351 (+/-0.2334)
2019-07-20 09:33:29,939 INFO - logger - Iter 49700 - time: 28    - [train] loss: 0.5704 (+/-0.1491) - [valid] loss: 0.6115 (+/-0.135 ) - [test] loss: 0.593  (+/-0.1588)
2019-07-20 09:33:58,385 INFO - logger - Iter 49800 - time: 28    - [train] loss: 0.5449 (+/-0.1839) - [valid] loss: 0.7265 (+/-0.2208) - [test] loss: 0.5553 (+/-0.1559)
2019-07-20 09:34:31,061 INFO - logger - Iter 49900 - time: 32    - [train] loss: 0.5601 (+/-0.1553) - [valid] loss: 0.5115 (+/-0.1438) - [test] loss: 0.5417 (+/-0.1521)
