2019-07-22 12:26:34,581 INFO - log_helper - Finished configuring logger
2019-07-22 12:26:37,104 INFO - logger - Iter 0    - time: 7     - [train] loss: 4.6319 (+/-0.799 ) - [valid] loss: 4.3012 (+/-0.7438) - [test] loss: 4.0892 (+/-0.7816)
2019-07-22 12:27:02,754 INFO - logger - Iter 100  - time: 25    - [train] loss: 3.6516 (+/-0.6395) - [valid] loss: 3.2662 (+/-0.5632) - [test] loss: 2.513  (+/-0.495 )
2019-07-22 12:27:30,638 INFO - logger - Iter 200  - time: 27    - [train] loss: 2.0834 (+/-0.3869) - [valid] loss: 2.0087 (+/-0.3752) - [test] loss: 2.1075 (+/-0.447 )
2019-07-22 12:27:56,316 INFO - logger - Iter 300  - time: 25    - [train] loss: 1.4005 (+/-0.2949) - [valid] loss: 1.3036 (+/-0.261 ) - [test] loss: 1.1093 (+/-0.1985)
2019-07-22 12:28:22,005 INFO - logger - Iter 400  - time: 25    - [train] loss: 1.0391 (+/-0.2624) - [valid] loss: 0.8492 (+/-0.1637) - [test] loss: 0.7777 (+/-0.1827)
2019-07-22 12:28:49,728 INFO - logger - Iter 500  - time: 27    - [train] loss: 0.4845 (+/-0.1325) - [valid] loss: 0.4989 (+/-0.1146) - [test] loss: 0.498  (+/-0.1005)
2019-07-22 12:29:16,519 INFO - logger - Iter 600  - time: 26    - [train] loss: 0.3217 (+/-0.0719) - [valid] loss: 0.3955 (+/-0.0799) - [test] loss: 0.4317 (+/-0.0941)
2019-07-22 12:29:42,877 INFO - logger - Iter 700  - time: 26    - [train] loss: 0.2546 (+/-0.0504) - [valid] loss: 0.29   (+/-0.0628) - [test] loss: 0.3008 (+/-0.0656)
2019-07-22 12:30:10,452 INFO - logger - Iter 800  - time: 27    - [train] loss: 0.2341 (+/-0.0654) - [valid] loss: 0.2017 (+/-0.048 ) - [test] loss: 0.224  (+/-0.0441)
2019-07-22 12:30:36,438 INFO - logger - Iter 900  - time: 25    - [train] loss: 0.1815 (+/-0.0389) - [valid] loss: 0.1687 (+/-0.0381) - [test] loss: 0.2137 (+/-0.0464)
2019-07-22 12:31:03,227 INFO - logger - Iter 1000 - time: 26    - [train] loss: 0.1958 (+/-0.058 ) - [valid] loss: 0.1588 (+/-0.034 ) - [test] loss: 0.1507 (+/-0.0304)
2019-07-22 12:31:28,989 INFO - logger - Iter 1100 - time: 25    - [train] loss: 0.1624 (+/-0.0374) - [valid] loss: 0.142  (+/-0.0412) - [test] loss: 0.1275 (+/-0.0305)
2019-07-22 12:31:54,034 INFO - logger - Iter 1200 - time: 25    - [train] loss: 0.0978 (+/-0.0298) - [valid] loss: 0.0913 (+/-0.0248) - [test] loss: 0.1304 (+/-0.0357)
2019-07-22 12:32:20,230 INFO - logger - Iter 1300 - time: 26    - [train] loss: 0.131  (+/-0.0454) - [valid] loss: 0.1113 (+/-0.0228) - [test] loss: 0.1156 (+/-0.0293)
2019-07-22 12:32:47,258 INFO - logger - Iter 1400 - time: 27    - [train] loss: 0.0889 (+/-0.0169) - [valid] loss: 0.1042 (+/-0.0391) - [test] loss: 0.0837 (+/-0.0219)
2019-07-22 12:33:13,331 INFO - logger - Iter 1500 - time: 26    - [train] loss: 0.0996 (+/-0.0265) - [valid] loss: 0.0926 (+/-0.0217) - [test] loss: 0.0874 (+/-0.0212)
2019-07-22 12:33:38,919 INFO - logger - Iter 1600 - time: 25    - [train] loss: 0.0846 (+/-0.025 ) - [valid] loss: 0.0777 (+/-0.0184) - [test] loss: 0.0729 (+/-0.0185)
2019-07-22 12:34:04,593 INFO - logger - Iter 1700 - time: 25    - [train] loss: 0.0877 (+/-0.0324) - [valid] loss: 0.0945 (+/-0.024 ) - [test] loss: 0.081  (+/-0.0227)
2019-07-22 12:34:31,793 INFO - logger - Iter 1800 - time: 27    - [train] loss: 0.0675 (+/-0.0195) - [valid] loss: 0.0668 (+/-0.0135) - [test] loss: 0.0703 (+/-0.0254)
2019-07-22 12:34:57,765 INFO - logger - Iter 1900 - time: 25    - [train] loss: 0.0583 (+/-0.0156) - [valid] loss: 0.0533 (+/-0.0142) - [test] loss: 0.0668 (+/-0.019 )
2019-07-22 12:35:23,996 INFO - logger - Iter 2000 - time: 26    - [train] loss: 0.0652 (+/-0.017 ) - [valid] loss: 0.0716 (+/-0.0174) - [test] loss: 0.0637 (+/-0.0157)
2019-07-22 12:35:50,440 INFO - logger - Iter 2100 - time: 26    - [train] loss: 0.0702 (+/-0.021 ) - [valid] loss: 0.0683 (+/-0.0182) - [test] loss: 0.0621 (+/-0.0128)
2019-07-22 12:36:17,017 INFO - logger - Iter 2200 - time: 26    - [train] loss: 0.0562 (+/-0.023 ) - [valid] loss: 0.0412 (+/-0.0144) - [test] loss: 0.065  (+/-0.0187)
2019-07-22 12:36:43,734 INFO - logger - Iter 2300 - time: 26    - [train] loss: 0.0525 (+/-0.0111) - [valid] loss: 0.0559 (+/-0.0206) - [test] loss: 0.0615 (+/-0.0176)
2019-07-22 12:37:10,155 INFO - logger - Iter 2400 - time: 26    - [train] loss: 0.0535 (+/-0.0116) - [valid] loss: 0.0553 (+/-0.014 ) - [test] loss: 0.0512 (+/-0.0119)
2019-07-22 12:37:37,171 INFO - logger - Iter 2500 - time: 27    - [train] loss: 0.0467 (+/-0.0147) - [valid] loss: 0.0573 (+/-0.0213) - [test] loss: 0.0543 (+/-0.0204)
2019-07-22 12:38:03,440 INFO - logger - Iter 2600 - time: 26    - [train] loss: 0.0377 (+/-0.0091) - [valid] loss: 0.0646 (+/-0.0192) - [test] loss: 0.0479 (+/-0.0135)
2019-07-22 12:38:30,371 INFO - logger - Iter 2700 - time: 26    - [train] loss: 0.0528 (+/-0.0136) - [valid] loss: 0.0442 (+/-0.0102) - [test] loss: 0.0521 (+/-0.0145)
2019-07-22 12:38:57,281 INFO - logger - Iter 2800 - time: 26    - [train] loss: 0.0649 (+/-0.0391) - [valid] loss: 0.0482 (+/-0.0102) - [test] loss: 0.0582 (+/-0.0306)
2019-07-22 12:39:24,409 INFO - logger - Iter 2900 - time: 27    - [train] loss: 0.0472 (+/-0.0156) - [valid] loss: 0.0579 (+/-0.0147) - [test] loss: 0.0623 (+/-0.039 )
2019-07-22 12:39:51,324 INFO - logger - Iter 3000 - time: 26    - [train] loss: 0.0435 (+/-0.0099) - [valid] loss: 0.0584 (+/-0.0221) - [test] loss: 0.0525 (+/-0.0179)
2019-07-22 12:40:18,239 INFO - logger - Iter 3100 - time: 26    - [train] loss: 0.0524 (+/-0.0231) - [valid] loss: 0.0399 (+/-0.0092) - [test] loss: 0.0478 (+/-0.0167)
2019-07-22 12:40:43,898 INFO - logger - Iter 3200 - time: 25    - [train] loss: 0.0438 (+/-0.0112) - [valid] loss: 0.0405 (+/-0.0081) - [test] loss: 0.0847 (+/-0.0475)
2019-07-22 12:41:11,012 INFO - logger - Iter 3300 - time: 27    - [train] loss: 0.0429 (+/-0.0143) - [valid] loss: 0.0525 (+/-0.0256) - [test] loss: 0.0491 (+/-0.0111)
2019-07-22 12:41:36,714 INFO - logger - Iter 3400 - time: 25    - [train] loss: 0.0524 (+/-0.0195) - [valid] loss: 0.0386 (+/-0.0087) - [test] loss: 0.0579 (+/-0.0146)
2019-07-22 12:42:03,951 INFO - logger - Iter 3500 - time: 27    - [train] loss: 0.0332 (+/-0.0096) - [valid] loss: 0.0373 (+/-0.0086) - [test] loss: 0.0497 (+/-0.0178)
2019-07-22 12:42:29,722 INFO - logger - Iter 3600 - time: 25    - [train] loss: 0.0416 (+/-0.0087) - [valid] loss: 0.0546 (+/-0.0185) - [test] loss: 0.05   (+/-0.0129)
2019-07-22 12:42:56,897 INFO - logger - Iter 3700 - time: 27    - [train] loss: 0.0488 (+/-0.0183) - [valid] loss: 0.0341 (+/-0.0103) - [test] loss: 0.0392 (+/-0.0102)
2019-07-22 12:43:22,910 INFO - logger - Iter 3800 - time: 26    - [train] loss: 0.049  (+/-0.0161) - [valid] loss: 0.0446 (+/-0.0159) - [test] loss: 0.0523 (+/-0.0192)
2019-07-22 12:43:49,509 INFO - logger - Iter 3900 - time: 26    - [train] loss: 0.0416 (+/-0.0105) - [valid] loss: 0.043  (+/-0.0133) - [test] loss: 0.0433 (+/-0.0181)
2019-07-22 12:44:15,732 INFO - logger - Iter 4000 - time: 26    - [train] loss: 0.0343 (+/-0.008 ) - [valid] loss: 0.0425 (+/-0.0123) - [test] loss: 0.0506 (+/-0.0239)
2019-07-22 12:44:41,976 INFO - logger - Iter 4100 - time: 26    - [train] loss: 0.04   (+/-0.0164) - [valid] loss: 0.0435 (+/-0.0126) - [test] loss: 0.0498 (+/-0.021 )
2019-07-22 12:45:08,798 INFO - logger - Iter 4200 - time: 26    - [train] loss: 0.0433 (+/-0.0117) - [valid] loss: 0.0417 (+/-0.0129) - [test] loss: 0.0509 (+/-0.0286)
2019-07-22 12:45:35,940 INFO - logger - Iter 4300 - time: 27    - [train] loss: 0.0445 (+/-0.0277) - [valid] loss: 0.0362 (+/-0.0092) - [test] loss: 0.036  (+/-0.0135)
2019-07-22 12:46:02,705 INFO - logger - Iter 4400 - time: 26    - [train] loss: 0.0415 (+/-0.0146) - [valid] loss: 0.0311 (+/-0.0073) - [test] loss: 0.0335 (+/-0.0156)
2019-07-22 12:46:28,847 INFO - logger - Iter 4500 - time: 26    - [train] loss: 0.0345 (+/-0.0101) - [valid] loss: 0.0362 (+/-0.011 ) - [test] loss: 0.0448 (+/-0.0152)
2019-07-22 12:46:55,931 INFO - logger - Iter 4600 - time: 27    - [train] loss: 0.0281 (+/-0.0094) - [valid] loss: 0.0347 (+/-0.011 ) - [test] loss: 0.0302 (+/-0.0074)
2019-07-22 12:47:22,425 INFO - logger - Iter 4700 - time: 26    - [train] loss: 0.0473 (+/-0.0163) - [valid] loss: 0.0459 (+/-0.0161) - [test] loss: 0.0297 (+/-0.0104)
2019-07-22 12:47:49,264 INFO - logger - Iter 4800 - time: 26    - [train] loss: 0.0451 (+/-0.0199) - [valid] loss: 0.0361 (+/-0.0143) - [test] loss: 0.0513 (+/-0.0239)
2019-07-22 12:48:15,710 INFO - logger - Iter 4900 - time: 26    - [train] loss: 0.0272 (+/-0.0051) - [valid] loss: 0.029  (+/-0.0058) - [test] loss: 0.0329 (+/-0.0088)
2019-07-22 12:48:42,318 INFO - logger - Iter 5000 - time: 26    - [train] loss: 0.0406 (+/-0.0216) - [valid] loss: 0.0352 (+/-0.0201) - [test] loss: 0.0339 (+/-0.0129)
2019-07-22 12:49:08,711 INFO - logger - Iter 5100 - time: 26    - [train] loss: 0.0425 (+/-0.0145) - [valid] loss: 0.0371 (+/-0.0136) - [test] loss: 0.036  (+/-0.0119)
2019-07-22 12:49:34,860 INFO - logger - Iter 5200 - time: 26    - [train] loss: 0.0286 (+/-0.0095) - [valid] loss: 0.0268 (+/-0.006 ) - [test] loss: 0.0208 (+/-0.0036)
2019-07-22 12:50:01,068 INFO - logger - Iter 5300 - time: 26    - [train] loss: 0.028  (+/-0.0074) - [valid] loss: 0.0298 (+/-0.0133) - [test] loss: 0.0282 (+/-0.0085)
2019-07-22 12:50:27,144 INFO - logger - Iter 5400 - time: 26    - [train] loss: 0.0391 (+/-0.02  ) - [valid] loss: 0.0282 (+/-0.0088) - [test] loss: 0.0233 (+/-0.006 )
2019-07-22 12:50:53,157 INFO - logger - Iter 5500 - time: 26    - [train] loss: 0.0363 (+/-0.0123) - [valid] loss: 0.0275 (+/-0.0086) - [test] loss: 0.0261 (+/-0.0071)
2019-07-22 12:51:19,614 INFO - logger - Iter 5600 - time: 26    - [train] loss: 0.0308 (+/-0.0088) - [valid] loss: 0.0358 (+/-0.0084) - [test] loss: 0.0336 (+/-0.0079)
2019-07-22 12:51:45,711 INFO - logger - Iter 5700 - time: 26    - [train] loss: 0.0291 (+/-0.0104) - [valid] loss: 0.0491 (+/-0.0203) - [test] loss: 0.0455 (+/-0.0261)
2019-07-22 12:52:12,765 INFO - logger - Iter 5800 - time: 27    - [train] loss: 0.0212 (+/-0.0056) - [valid] loss: 0.0317 (+/-0.011 ) - [test] loss: 0.0228 (+/-0.006 )
2019-07-22 12:52:39,637 INFO - logger - Iter 5900 - time: 26    - [train] loss: 0.0343 (+/-0.0118) - [valid] loss: 0.0398 (+/-0.0163) - [test] loss: 0.0398 (+/-0.0202)
2019-07-22 12:53:06,654 INFO - logger - Iter 6000 - time: 27    - [train] loss: 0.0292 (+/-0.0084) - [valid] loss: 0.0389 (+/-0.0215) - [test] loss: 0.0277 (+/-0.008 )
2019-07-22 12:53:33,756 INFO - logger - Iter 6100 - time: 27    - [train] loss: 0.0292 (+/-0.0114) - [valid] loss: 0.0277 (+/-0.0084) - [test] loss: 0.0345 (+/-0.0119)
2019-07-22 12:54:00,415 INFO - logger - Iter 6200 - time: 26    - [train] loss: 0.0279 (+/-0.0057) - [valid] loss: 0.0322 (+/-0.01  ) - [test] loss: 0.0251 (+/-0.0049)
2019-07-22 12:54:27,381 INFO - logger - Iter 6300 - time: 26    - [train] loss: 0.0297 (+/-0.0079) - [valid] loss: 0.0289 (+/-0.0107) - [test] loss: 0.0297 (+/-0.0109)
2019-07-22 12:54:53,794 INFO - logger - Iter 6400 - time: 26    - [train] loss: 0.0353 (+/-0.0146) - [valid] loss: 0.0551 (+/-0.0596) - [test] loss: 0.0258 (+/-0.007 )
2019-07-22 12:55:20,203 INFO - logger - Iter 6500 - time: 26    - [train] loss: 0.0452 (+/-0.0397) - [valid] loss: 0.0238 (+/-0.0091) - [test] loss: 0.0241 (+/-0.0058)
2019-07-22 12:55:46,184 INFO - logger - Iter 6600 - time: 25    - [train] loss: 0.037  (+/-0.0103) - [valid] loss: 0.0265 (+/-0.0077) - [test] loss: 0.0387 (+/-0.0234)
2019-07-22 12:56:12,786 INFO - logger - Iter 6700 - time: 26    - [train] loss: 0.0362 (+/-0.0143) - [valid] loss: 0.0291 (+/-0.0097) - [test] loss: 0.0401 (+/-0.0176)
2019-07-22 12:56:38,967 INFO - logger - Iter 6800 - time: 26    - [train] loss: 0.0273 (+/-0.0099) - [valid] loss: 0.0243 (+/-0.0075) - [test] loss: 0.0219 (+/-0.006 )
2019-07-22 12:57:05,944 INFO - logger - Iter 6900 - time: 26    - [train] loss: 0.0325 (+/-0.0148) - [valid] loss: 0.0242 (+/-0.0088) - [test] loss: 0.0295 (+/-0.0092)
2019-07-22 12:57:32,647 INFO - logger - Iter 7000 - time: 26    - [train] loss: 0.0226 (+/-0.0053) - [valid] loss: 0.0278 (+/-0.0114) - [test] loss: 0.0229 (+/-0.005 )
2019-07-22 12:57:58,464 INFO - logger - Iter 7100 - time: 25    - [train] loss: 0.0211 (+/-0.0073) - [valid] loss: 0.0274 (+/-0.01  ) - [test] loss: 0.0218 (+/-0.0062)
2019-07-22 12:58:25,474 INFO - logger - Iter 7200 - time: 27    - [train] loss: 0.0222 (+/-0.0052) - [valid] loss: 0.0238 (+/-0.0053) - [test] loss: 0.0301 (+/-0.0129)
2019-07-22 12:58:51,000 INFO - logger - Iter 7300 - time: 25    - [train] loss: 0.0275 (+/-0.0113) - [valid] loss: 0.0293 (+/-0.0097) - [test] loss: 0.0354 (+/-0.0157)
2019-07-22 12:59:18,247 INFO - logger - Iter 7400 - time: 27    - [train] loss: 0.036  (+/-0.0124) - [valid] loss: 0.0186 (+/-0.0035) - [test] loss: 0.0269 (+/-0.0061)
2019-07-22 12:59:43,875 INFO - logger - Iter 7500 - time: 25    - [train] loss: 0.0231 (+/-0.0081) - [valid] loss: 0.023  (+/-0.0074) - [test] loss: 0.0308 (+/-0.0218)
2019-07-22 13:00:10,307 INFO - logger - Iter 7600 - time: 26    - [train] loss: 0.0233 (+/-0.0087) - [valid] loss: 0.0209 (+/-0.0059) - [test] loss: 0.0265 (+/-0.006 )
2019-07-22 13:00:36,834 INFO - logger - Iter 7700 - time: 26    - [train] loss: 0.0248 (+/-0.0083) - [valid] loss: 0.0209 (+/-0.0062) - [test] loss: 0.0201 (+/-0.0051)
2019-07-22 13:01:02,678 INFO - logger - Iter 7800 - time: 25    - [train] loss: 0.0214 (+/-0.0044) - [valid] loss: 0.0226 (+/-0.0065) - [test] loss: 0.0243 (+/-0.006 )
2019-07-22 13:01:29,730 INFO - logger - Iter 7900 - time: 27    - [train] loss: 0.019  (+/-0.0037) - [valid] loss: 0.0233 (+/-0.0063) - [test] loss: 0.0194 (+/-0.0056)
2019-07-22 13:01:55,752 INFO - logger - Iter 8000 - time: 26    - [train] loss: 0.0179 (+/-0.0041) - [valid] loss: 0.0205 (+/-0.0056) - [test] loss: 0.0217 (+/-0.0085)
2019-07-22 13:02:22,043 INFO - logger - Iter 8100 - time: 26    - [train] loss: 0.0243 (+/-0.0072) - [valid] loss: 0.021  (+/-0.0096) - [test] loss: 0.024  (+/-0.0109)
2019-07-22 13:02:48,463 INFO - logger - Iter 8200 - time: 26    - [train] loss: 0.0458 (+/-0.0377) - [valid] loss: 0.0238 (+/-0.0083) - [test] loss: 0.0249 (+/-0.0083)
2019-07-22 13:03:13,904 INFO - logger - Iter 8300 - time: 25    - [train] loss: 0.0208 (+/-0.0057) - [valid] loss: 0.0227 (+/-0.0057) - [test] loss: 0.0311 (+/-0.0174)
2019-07-22 13:03:41,471 INFO - logger - Iter 8400 - time: 27    - [train] loss: 0.0193 (+/-0.0061) - [valid] loss: 0.026  (+/-0.0068) - [test] loss: 0.0178 (+/-0.0041)
2019-07-22 13:04:06,958 INFO - logger - Iter 8500 - time: 25    - [train] loss: 0.0288 (+/-0.0125) - [valid] loss: 0.0265 (+/-0.0139) - [test] loss: 0.0244 (+/-0.0065)
2019-07-22 13:04:33,873 INFO - logger - Iter 8600 - time: 26    - [train] loss: 0.0168 (+/-0.0066) - [valid] loss: 0.0253 (+/-0.0082) - [test] loss: 0.0202 (+/-0.01  )
2019-07-22 13:04:59,900 INFO - logger - Iter 8700 - time: 26    - [train] loss: 0.0176 (+/-0.0045) - [valid] loss: 0.0215 (+/-0.0083) - [test] loss: 0.0266 (+/-0.0139)
2019-07-22 13:05:27,292 INFO - logger - Iter 8800 - time: 27    - [train] loss: 0.0212 (+/-0.0094) - [valid] loss: 0.025  (+/-0.0103) - [test] loss: 0.0367 (+/-0.0266)
2019-07-22 13:05:53,623 INFO - logger - Iter 8900 - time: 26    - [train] loss: 0.0134 (+/-0.0027) - [valid] loss: 0.0182 (+/-0.0056) - [test] loss: 0.0187 (+/-0.0074)
2019-07-22 13:06:20,020 INFO - logger - Iter 9000 - time: 26    - [train] loss: 0.0223 (+/-0.0088) - [valid] loss: 0.0204 (+/-0.0055) - [test] loss: 0.0313 (+/-0.0197)
2019-07-22 13:06:46,692 INFO - logger - Iter 9100 - time: 26    - [train] loss: 0.0197 (+/-0.0086) - [valid] loss: 0.0203 (+/-0.0067) - [test] loss: 0.0219 (+/-0.006 )
2019-07-22 13:07:13,504 INFO - logger - Iter 9200 - time: 26    - [train] loss: 0.0149 (+/-0.0035) - [valid] loss: 0.0173 (+/-0.0074) - [test] loss: 0.0219 (+/-0.0076)
2019-07-22 13:07:39,795 INFO - logger - Iter 9300 - time: 26    - [train] loss: 0.0211 (+/-0.0044) - [valid] loss: 0.0192 (+/-0.0041) - [test] loss: 0.02   (+/-0.0055)
2019-07-22 13:08:06,332 INFO - logger - Iter 9400 - time: 26    - [train] loss: 0.0142 (+/-0.004 ) - [valid] loss: 0.0123 (+/-0.0024) - [test] loss: 0.0183 (+/-0.0059)
2019-07-22 13:08:33,190 INFO - logger - Iter 9500 - time: 26    - [train] loss: 0.0222 (+/-0.0056) - [valid] loss: 0.0224 (+/-0.0056) - [test] loss: 0.0196 (+/-0.005 )
2019-07-22 13:08:59,918 INFO - logger - Iter 9600 - time: 26    - [train] loss: 0.0185 (+/-0.0056) - [valid] loss: 0.0202 (+/-0.0074) - [test] loss: 0.0205 (+/-0.0089)
2019-07-22 13:09:26,560 INFO - logger - Iter 9700 - time: 26    - [train] loss: 0.0099 (+/-0.0019) - [valid] loss: 0.0147 (+/-0.0042) - [test] loss: 0.0201 (+/-0.0065)
2019-07-22 13:09:52,757 INFO - logger - Iter 9800 - time: 26    - [train] loss: 0.0181 (+/-0.0047) - [valid] loss: 0.0185 (+/-0.0051) - [test] loss: 0.0277 (+/-0.0137)
2019-07-22 13:10:19,406 INFO - logger - Iter 9900 - time: 26    - [train] loss: 0.0154 (+/-0.0047) - [valid] loss: 0.0309 (+/-0.0213) - [test] loss: 0.0193 (+/-0.0079)
2019-07-22 13:10:45,458 INFO - logger - Iter 10000 - time: 26    - [train] loss: 0.0141 (+/-0.0034) - [valid] loss: 0.0201 (+/-0.008 ) - [test] loss: 0.0227 (+/-0.0094)
2019-07-22 13:11:12,124 INFO - logger - Iter 10100 - time: 26    - [train] loss: 0.0183 (+/-0.0047) - [valid] loss: 0.0272 (+/-0.0114) - [test] loss: 0.0171 (+/-0.0057)
2019-07-22 13:11:39,206 INFO - logger - Iter 10200 - time: 27    - [train] loss: 0.0182 (+/-0.0065) - [valid] loss: 0.0144 (+/-0.0037) - [test] loss: 0.023  (+/-0.0058)
2019-07-22 13:12:05,058 INFO - logger - Iter 10300 - time: 25    - [train] loss: 0.0214 (+/-0.006 ) - [valid] loss: 0.0221 (+/-0.0084) - [test] loss: 0.0214 (+/-0.0112)
2019-07-22 13:12:31,906 INFO - logger - Iter 10400 - time: 26    - [train] loss: 0.0398 (+/-0.0442) - [valid] loss: 0.0281 (+/-0.0137) - [test] loss: 0.0115 (+/-0.002 )
2019-07-22 13:12:57,735 INFO - logger - Iter 10500 - time: 25    - [train] loss: 0.0223 (+/-0.0052) - [valid] loss: 0.0161 (+/-0.0035) - [test] loss: 0.019  (+/-0.0051)
2019-07-22 13:13:25,293 INFO - logger - Iter 10600 - time: 27    - [train] loss: 0.0125 (+/-0.0032) - [valid] loss: 0.0137 (+/-0.0033) - [test] loss: 0.0199 (+/-0.0135)
2019-07-22 13:13:51,267 INFO - logger - Iter 10700 - time: 25    - [train] loss: 0.0204 (+/-0.0059) - [valid] loss: 0.0141 (+/-0.0032) - [test] loss: 0.0272 (+/-0.0138)
2019-07-22 13:14:17,805 INFO - logger - Iter 10800 - time: 26    - [train] loss: 0.0148 (+/-0.0038) - [valid] loss: 0.019  (+/-0.0082) - [test] loss: 0.0162 (+/-0.005 )
2019-07-22 13:14:44,808 INFO - logger - Iter 10900 - time: 27    - [train] loss: 0.0149 (+/-0.0039) - [valid] loss: 0.0187 (+/-0.0069) - [test] loss: 0.0184 (+/-0.005 )
2019-07-22 13:15:10,953 INFO - logger - Iter 11000 - time: 26    - [train] loss: 0.0137 (+/-0.0034) - [valid] loss: 0.016  (+/-0.0047) - [test] loss: 0.0166 (+/-0.0053)
2019-07-22 13:15:37,818 INFO - logger - Iter 11100 - time: 26    - [train] loss: 0.0238 (+/-0.0092) - [valid] loss: 0.0211 (+/-0.0057) - [test] loss: 0.0399 (+/-0.0175)
2019-07-22 13:16:03,479 INFO - logger - Iter 11200 - time: 25    - [train] loss: 0.0171 (+/-0.0045) - [valid] loss: 0.0182 (+/-0.0055) - [test] loss: 0.0178 (+/-0.0053)
2019-07-22 13:16:30,432 INFO - logger - Iter 11300 - time: 26    - [train] loss: 0.0249 (+/-0.0138) - [valid] loss: 0.0173 (+/-0.0073) - [test] loss: 0.0163 (+/-0.0038)
2019-07-22 13:16:56,379 INFO - logger - Iter 11400 - time: 25    - [train] loss: 0.0143 (+/-0.0039) - [valid] loss: 0.0231 (+/-0.0126) - [test] loss: 0.0172 (+/-0.0059)
2019-07-22 13:17:22,965 INFO - logger - Iter 11500 - time: 26    - [train] loss: 0.0227 (+/-0.0067) - [valid] loss: 0.0216 (+/-0.0038) - [test] loss: 0.0217 (+/-0.0052)
2019-07-22 13:17:48,737 INFO - logger - Iter 11600 - time: 25    - [train] loss: 0.0248 (+/-0.017 ) - [valid] loss: 0.0171 (+/-0.0065) - [test] loss: 0.0213 (+/-0.0095)
2019-07-22 13:18:15,314 INFO - logger - Iter 11700 - time: 26    - [train] loss: 0.0166 (+/-0.0045) - [valid] loss: 0.0194 (+/-0.0125) - [test] loss: 0.0202 (+/-0.0107)
2019-07-22 13:18:40,987 INFO - logger - Iter 11800 - time: 25    - [train] loss: 0.0175 (+/-0.0053) - [valid] loss: 0.018  (+/-0.0055) - [test] loss: 0.0282 (+/-0.0232)
2019-07-22 13:19:07,134 INFO - logger - Iter 11900 - time: 26    - [train] loss: 0.0156 (+/-0.0028) - [valid] loss: 0.0189 (+/-0.0064) - [test] loss: 0.0216 (+/-0.006 )
2019-07-22 13:19:33,337 INFO - logger - Iter 12000 - time: 26    - [train] loss: 0.0156 (+/-0.0045) - [valid] loss: 0.0219 (+/-0.0108) - [test] loss: 0.0249 (+/-0.0151)
2019-07-22 13:19:59,871 INFO - logger - Iter 12100 - time: 26    - [train] loss: 0.0259 (+/-0.0086) - [valid] loss: 0.0356 (+/-0.0196) - [test] loss: 0.0239 (+/-0.007 )
2019-07-22 13:20:25,614 INFO - logger - Iter 12200 - time: 25    - [train] loss: 0.0149 (+/-0.0042) - [valid] loss: 0.0187 (+/-0.0046) - [test] loss: 0.0156 (+/-0.0032)
2019-07-22 13:20:51,695 INFO - logger - Iter 12300 - time: 26    - [train] loss: 0.0207 (+/-0.0083) - [valid] loss: 0.0247 (+/-0.0147) - [test] loss: 0.0281 (+/-0.0196)
2019-07-22 13:21:18,586 INFO - logger - Iter 12400 - time: 26    - [train] loss: 0.0201 (+/-0.0069) - [valid] loss: 0.0147 (+/-0.0033) - [test] loss: 0.0148 (+/-0.0055)
2019-07-22 13:21:43,701 INFO - logger - Iter 12500 - time: 25    - [train] loss: 0.0197 (+/-0.0051) - [valid] loss: 0.044  (+/-0.04  ) - [test] loss: 0.0153 (+/-0.0036)
2019-07-22 13:22:10,569 INFO - logger - Iter 12600 - time: 26    - [train] loss: 0.0187 (+/-0.0067) - [valid] loss: 0.0232 (+/-0.0122) - [test] loss: 0.0208 (+/-0.0064)
2019-07-22 13:22:36,623 INFO - logger - Iter 12700 - time: 26    - [train] loss: 0.0232 (+/-0.0099) - [valid] loss: 0.0176 (+/-0.0056) - [test] loss: 0.0158 (+/-0.0053)
2019-07-22 13:23:03,643 INFO - logger - Iter 12800 - time: 27    - [train] loss: 0.0176 (+/-0.0064) - [valid] loss: 0.0142 (+/-0.0038) - [test] loss: 0.0159 (+/-0.0049)
2019-07-22 13:23:29,786 INFO - logger - Iter 12900 - time: 26    - [train] loss: 0.0238 (+/-0.0075) - [valid] loss: 0.0272 (+/-0.0122) - [test] loss: 0.0236 (+/-0.0109)
2019-07-22 13:23:56,826 INFO - logger - Iter 13000 - time: 27    - [train] loss: 0.0211 (+/-0.0083) - [valid] loss: 0.0148 (+/-0.0039) - [test] loss: 0.0135 (+/-0.0035)
2019-07-22 13:24:22,538 INFO - logger - Iter 13100 - time: 25    - [train] loss: 0.0156 (+/-0.0049) - [valid] loss: 0.0165 (+/-0.0043) - [test] loss: 0.02   (+/-0.0065)
2019-07-22 13:24:49,951 INFO - logger - Iter 13200 - time: 27    - [train] loss: 0.0177 (+/-0.0095) - [valid] loss: 0.0189 (+/-0.0071) - [test] loss: 0.0133 (+/-0.0034)
2019-07-22 13:25:16,345 INFO - logger - Iter 13300 - time: 26    - [train] loss: 0.0191 (+/-0.0066) - [valid] loss: 0.0165 (+/-0.0058) - [test] loss: 0.0122 (+/-0.0022)
2019-07-22 13:25:42,431 INFO - logger - Iter 13400 - time: 26    - [train] loss: 0.0204 (+/-0.016 ) - [valid] loss: 0.0124 (+/-0.0024) - [test] loss: 0.0239 (+/-0.0196)
2019-07-22 13:26:08,097 INFO - logger - Iter 13500 - time: 25    - [train] loss: 0.0194 (+/-0.004 ) - [valid] loss: 0.0243 (+/-0.0103) - [test] loss: 0.0256 (+/-0.0078)
2019-07-22 13:26:35,240 INFO - logger - Iter 13600 - time: 27    - [train] loss: 0.0141 (+/-0.003 ) - [valid] loss: 0.0187 (+/-0.0054) - [test] loss: 0.0146 (+/-0.0028)
2019-07-22 13:27:01,033 INFO - logger - Iter 13700 - time: 25    - [train] loss: 0.0167 (+/-0.0036) - [valid] loss: 0.0179 (+/-0.0048) - [test] loss: 0.0401 (+/-0.0442)
2019-07-22 13:27:27,542 INFO - logger - Iter 13800 - time: 26    - [train] loss: 0.014  (+/-0.0034) - [valid] loss: 0.0173 (+/-0.0058) - [test] loss: 0.0161 (+/-0.0045)
2019-07-22 13:27:54,917 INFO - logger - Iter 13900 - time: 27    - [train] loss: 0.0171 (+/-0.0051) - [valid] loss: 0.0169 (+/-0.006 ) - [test] loss: 0.0155 (+/-0.0026)
2019-07-22 13:28:20,696 INFO - logger - Iter 14000 - time: 25    - [train] loss: 0.0146 (+/-0.004 ) - [valid] loss: 0.0151 (+/-0.0054) - [test] loss: 0.021  (+/-0.0135)
2019-07-22 13:28:46,615 INFO - logger - Iter 14100 - time: 25    - [train] loss: 0.0157 (+/-0.0038) - [valid] loss: 0.0209 (+/-0.0068) - [test] loss: 0.0157 (+/-0.0041)
2019-07-22 13:29:13,509 INFO - logger - Iter 14200 - time: 26    - [train] loss: 0.0249 (+/-0.0077) - [valid] loss: 0.0208 (+/-0.0123) - [test] loss: 0.0169 (+/-0.0058)
2019-07-22 13:29:40,301 INFO - logger - Iter 14300 - time: 26    - [train] loss: 0.0129 (+/-0.0025) - [valid] loss: 0.0165 (+/-0.0049) - [test] loss: 0.0211 (+/-0.0075)
2019-07-22 13:30:06,633 INFO - logger - Iter 14400 - time: 26    - [train] loss: 0.0188 (+/-0.0053) - [valid] loss: 0.0173 (+/-0.005 ) - [test] loss: 0.0155 (+/-0.0047)
2019-07-22 13:30:31,938 INFO - logger - Iter 14500 - time: 25    - [train] loss: 0.0205 (+/-0.0087) - [valid] loss: 0.0133 (+/-0.0034) - [test] loss: 0.0156 (+/-0.0037)
2019-07-22 13:30:58,622 INFO - logger - Iter 14600 - time: 26    - [train] loss: 0.0201 (+/-0.0068) - [valid] loss: 0.0166 (+/-0.0069) - [test] loss: 0.0185 (+/-0.005 )
2019-07-22 13:31:24,532 INFO - logger - Iter 14700 - time: 25    - [train] loss: 0.0162 (+/-0.0059) - [valid] loss: 0.0164 (+/-0.0049) - [test] loss: 0.0223 (+/-0.0144)
2019-07-22 13:31:51,470 INFO - logger - Iter 14800 - time: 26    - [train] loss: 0.0224 (+/-0.0151) - [valid] loss: 0.0127 (+/-0.0028) - [test] loss: 0.014  (+/-0.0036)
2019-07-22 13:32:18,381 INFO - logger - Iter 14900 - time: 26    - [train] loss: 0.0254 (+/-0.0201) - [valid] loss: 0.0162 (+/-0.0074) - [test] loss: 0.0133 (+/-0.0037)
2019-07-22 13:32:45,954 INFO - logger - Iter 15000 - time: 27    - [train] loss: 0.0176 (+/-0.0057) - [valid] loss: 0.027  (+/-0.0138) - [test] loss: 0.0133 (+/-0.0051)
2019-07-22 13:33:12,096 INFO - logger - Iter 15100 - time: 26    - [train] loss: 0.0203 (+/-0.0105) - [valid] loss: 0.0162 (+/-0.0079) - [test] loss: 0.0212 (+/-0.0089)
2019-07-22 13:33:39,214 INFO - logger - Iter 15200 - time: 27    - [train] loss: 0.0118 (+/-0.0022) - [valid] loss: 0.0191 (+/-0.005 ) - [test] loss: 0.0126 (+/-0.0031)
2019-07-22 13:34:05,024 INFO - logger - Iter 15300 - time: 25    - [train] loss: 0.0192 (+/-0.0079) - [valid] loss: 0.0182 (+/-0.0119) - [test] loss: 0.0138 (+/-0.0051)
2019-07-22 13:34:31,884 INFO - logger - Iter 15400 - time: 26    - [train] loss: 0.0191 (+/-0.0044) - [valid] loss: 0.0172 (+/-0.0045) - [test] loss: 0.0185 (+/-0.0046)
2019-07-22 13:34:58,562 INFO - logger - Iter 15500 - time: 26    - [train] loss: 0.0155 (+/-0.007 ) - [valid] loss: 0.0151 (+/-0.0048) - [test] loss: 0.029  (+/-0.0176)
2019-07-22 13:35:24,759 INFO - logger - Iter 15600 - time: 26    - [train] loss: 0.0152 (+/-0.0059) - [valid] loss: 0.0237 (+/-0.0123) - [test] loss: 0.0124 (+/-0.0039)
2019-07-22 13:35:50,811 INFO - logger - Iter 15700 - time: 26    - [train] loss: 0.0256 (+/-0.0145) - [valid] loss: 0.0149 (+/-0.0037) - [test] loss: 0.0131 (+/-0.0025)
2019-07-22 13:36:16,566 INFO - logger - Iter 15800 - time: 25    - [train] loss: 0.0115 (+/-0.0022) - [valid] loss: 0.0136 (+/-0.0036) - [test] loss: 0.0168 (+/-0.0069)
2019-07-22 13:36:43,799 INFO - logger - Iter 15900 - time: 27    - [train] loss: 0.0156 (+/-0.0049) - [valid] loss: 0.0169 (+/-0.0046) - [test] loss: 0.0222 (+/-0.0071)
2019-07-22 13:37:10,100 INFO - logger - Iter 16000 - time: 26    - [train] loss: 0.0355 (+/-0.0166) - [valid] loss: 0.0177 (+/-0.0057) - [test] loss: 0.0184 (+/-0.0085)
2019-07-22 13:37:36,450 INFO - logger - Iter 16100 - time: 26    - [train] loss: 0.0131 (+/-0.0038) - [valid] loss: 0.0249 (+/-0.013 ) - [test] loss: 0.0155 (+/-0.0045)
2019-07-22 13:38:02,027 INFO - logger - Iter 16200 - time: 25    - [train] loss: 0.0117 (+/-0.0038) - [valid] loss: 0.0136 (+/-0.0041) - [test] loss: 0.0125 (+/-0.0039)
2019-07-22 13:38:28,735 INFO - logger - Iter 16300 - time: 26    - [train] loss: 0.0111 (+/-0.0041) - [valid] loss: 0.0135 (+/-0.0028) - [test] loss: 0.0119 (+/-0.0027)
2019-07-22 13:38:54,602 INFO - logger - Iter 16400 - time: 25    - [train] loss: 0.0114 (+/-0.003 ) - [valid] loss: 0.0205 (+/-0.0121) - [test] loss: 0.014  (+/-0.0043)
2019-07-22 13:39:21,338 INFO - logger - Iter 16500 - time: 26    - [train] loss: 0.0119 (+/-0.0028) - [valid] loss: 0.0154 (+/-0.0037) - [test] loss: 0.0146 (+/-0.0029)
2019-07-22 13:39:47,285 INFO - logger - Iter 16600 - time: 25    - [train] loss: 0.0182 (+/-0.0046) - [valid] loss: 0.0181 (+/-0.0044) - [test] loss: 0.0174 (+/-0.0054)
2019-07-22 13:40:13,352 INFO - logger - Iter 16700 - time: 26    - [train] loss: 0.0178 (+/-0.0114) - [valid] loss: 0.0156 (+/-0.0059) - [test] loss: 0.0158 (+/-0.0045)
2019-07-22 13:40:39,519 INFO - logger - Iter 16800 - time: 26    - [train] loss: 0.0263 (+/-0.0173) - [valid] loss: 0.0189 (+/-0.0065) - [test] loss: 0.012  (+/-0.0026)
2019-07-22 13:41:05,577 INFO - logger - Iter 16900 - time: 26    - [train] loss: 0.0178 (+/-0.0044) - [valid] loss: 0.0141 (+/-0.0034) - [test] loss: 0.0139 (+/-0.0047)
2019-07-22 13:41:32,664 INFO - logger - Iter 17000 - time: 27    - [train] loss: 0.0113 (+/-0.0032) - [valid] loss: 0.0231 (+/-0.0072) - [test] loss: 0.0145 (+/-0.004 )
2019-07-22 13:41:58,510 INFO - logger - Iter 17100 - time: 25    - [train] loss: 0.0234 (+/-0.0096) - [valid] loss: 0.0243 (+/-0.0083) - [test] loss: 0.038  (+/-0.0302)
2019-07-22 13:42:25,454 INFO - logger - Iter 17200 - time: 26    - [train] loss: 0.0125 (+/-0.0046) - [valid] loss: 0.0147 (+/-0.0082) - [test] loss: 0.0318 (+/-0.0212)
2019-07-22 13:42:51,065 INFO - logger - Iter 17300 - time: 25    - [train] loss: 0.0171 (+/-0.0067) - [valid] loss: 0.0123 (+/-0.0032) - [test] loss: 0.0146 (+/-0.0038)
2019-07-22 13:43:18,027 INFO - logger - Iter 17400 - time: 26    - [train] loss: 0.0224 (+/-0.009 ) - [valid] loss: 0.0175 (+/-0.0033) - [test] loss: 0.0299 (+/-0.0088)
2019-07-22 13:43:43,715 INFO - logger - Iter 17500 - time: 25    - [train] loss: 0.025  (+/-0.0182) - [valid] loss: 0.0167 (+/-0.0103) - [test] loss: 0.0212 (+/-0.0126)
2019-07-22 13:44:09,827 INFO - logger - Iter 17600 - time: 26    - [train] loss: 0.0131 (+/-0.0042) - [valid] loss: 0.0134 (+/-0.0053) - [test] loss: 0.0133 (+/-0.004 )
2019-07-22 13:44:36,445 INFO - logger - Iter 17700 - time: 26    - [train] loss: 0.0121 (+/-0.0023) - [valid] loss: 0.0117 (+/-0.0028) - [test] loss: 0.0132 (+/-0.0041)
2019-07-22 13:45:02,502 INFO - logger - Iter 17800 - time: 26    - [train] loss: 0.016  (+/-0.0103) - [valid] loss: 0.0138 (+/-0.0031) - [test] loss: 0.0128 (+/-0.0046)
2019-07-22 13:45:29,747 INFO - logger - Iter 17900 - time: 27    - [train] loss: 0.0165 (+/-0.0037) - [valid] loss: 0.0114 (+/-0.0024) - [test] loss: 0.0122 (+/-0.0032)
2019-07-22 13:45:56,017 INFO - logger - Iter 18000 - time: 26    - [train] loss: 0.0212 (+/-0.0118) - [valid] loss: 0.0185 (+/-0.0104) - [test] loss: 0.0347 (+/-0.0252)
2019-07-22 13:46:22,826 INFO - logger - Iter 18100 - time: 26    - [train] loss: 0.0215 (+/-0.0093) - [valid] loss: 0.0168 (+/-0.0051) - [test] loss: 0.0151 (+/-0.0035)
2019-07-22 13:46:50,105 INFO - logger - Iter 18200 - time: 27    - [train] loss: 0.0118 (+/-0.004 ) - [valid] loss: 0.0154 (+/-0.0068) - [test] loss: 0.0156 (+/-0.0078)
2019-07-22 13:47:16,112 INFO - logger - Iter 18300 - time: 26    - [train] loss: 0.0182 (+/-0.0069) - [valid] loss: 0.02   (+/-0.0085) - [test] loss: 0.0102 (+/-0.002 )
2019-07-22 13:47:42,665 INFO - logger - Iter 18400 - time: 26    - [train] loss: 0.0147 (+/-0.0039) - [valid] loss: 0.0153 (+/-0.0043) - [test] loss: 0.0225 (+/-0.014 )
2019-07-22 13:48:08,464 INFO - logger - Iter 18500 - time: 25    - [train] loss: 0.0115 (+/-0.0028) - [valid] loss: 0.0168 (+/-0.0047) - [test] loss: 0.0104 (+/-0.0024)
2019-07-22 13:48:34,798 INFO - logger - Iter 18600 - time: 26    - [train] loss: 0.0163 (+/-0.0078) - [valid] loss: 0.0197 (+/-0.0077) - [test] loss: 0.0147 (+/-0.0045)
2019-07-22 13:49:01,935 INFO - logger - Iter 18700 - time: 27    - [train] loss: 0.0123 (+/-0.005 ) - [valid] loss: 0.0156 (+/-0.0101) - [test] loss: 0.0107 (+/-0.0028)
2019-07-22 13:49:28,869 INFO - logger - Iter 18800 - time: 26    - [train] loss: 0.0134 (+/-0.0044) - [valid] loss: 0.0139 (+/-0.0039) - [test] loss: 0.0175 (+/-0.007 )
2019-07-22 13:49:55,305 INFO - logger - Iter 18900 - time: 26    - [train] loss: 0.018  (+/-0.0058) - [valid] loss: 0.0195 (+/-0.0082) - [test] loss: 0.0231 (+/-0.0125)
2019-07-22 13:50:22,134 INFO - logger - Iter 19000 - time: 26    - [train] loss: 0.0127 (+/-0.0037) - [valid] loss: 0.0146 (+/-0.0046) - [test] loss: 0.0135 (+/-0.0032)
2019-07-22 13:50:48,581 INFO - logger - Iter 19100 - time: 26    - [train] loss: 0.0166 (+/-0.0031) - [valid] loss: 0.0367 (+/-0.0369) - [test] loss: 0.0222 (+/-0.0063)
2019-07-22 13:51:15,232 INFO - logger - Iter 19200 - time: 26    - [train] loss: 0.0137 (+/-0.0033) - [valid] loss: 0.0132 (+/-0.0037) - [test] loss: 0.0163 (+/-0.0048)
2019-07-22 13:51:40,815 INFO - logger - Iter 19300 - time: 25    - [train] loss: 0.0174 (+/-0.0056) - [valid] loss: 0.0189 (+/-0.0092) - [test] loss: 0.014  (+/-0.0038)
2019-07-22 13:52:07,729 INFO - logger - Iter 19400 - time: 26    - [train] loss: 0.0109 (+/-0.0028) - [valid] loss: 0.0092 (+/-0.0026) - [test] loss: 0.0135 (+/-0.0033)
2019-07-22 13:52:34,261 INFO - logger - Iter 19500 - time: 26    - [train] loss: 0.0131 (+/-0.0053) - [valid] loss: 0.0106 (+/-0.0026) - [test] loss: 0.0106 (+/-0.0021)
2019-07-22 13:53:00,867 INFO - logger - Iter 19600 - time: 26    - [train] loss: 0.0144 (+/-0.0036) - [valid] loss: 0.0166 (+/-0.0052) - [test] loss: 0.0208 (+/-0.0098)
2019-07-22 13:53:27,460 INFO - logger - Iter 19700 - time: 26    - [train] loss: 0.0164 (+/-0.0041) - [valid] loss: 0.0259 (+/-0.02  ) - [test] loss: 0.0152 (+/-0.0054)
2019-07-22 13:53:53,242 INFO - logger - Iter 19800 - time: 25    - [train] loss: 0.024  (+/-0.0121) - [valid] loss: 0.0212 (+/-0.011 ) - [test] loss: 0.0209 (+/-0.0063)
2019-07-22 13:54:20,311 INFO - logger - Iter 19900 - time: 27    - [train] loss: 0.0183 (+/-0.0048) - [valid] loss: 0.0123 (+/-0.0026) - [test] loss: 0.017  (+/-0.0075)
2019-07-22 13:54:47,502 INFO - logger - Iter 20000 - time: 27    - [train] loss: 0.0143 (+/-0.0043) - [valid] loss: 0.0164 (+/-0.0083) - [test] loss: 0.0123 (+/-0.0025)
2019-07-22 13:55:13,976 INFO - logger - Iter 20100 - time: 26    - [train] loss: 0.0191 (+/-0.0058) - [valid] loss: 0.0132 (+/-0.002 ) - [test] loss: 0.0172 (+/-0.004 )
2019-07-22 13:55:40,455 INFO - logger - Iter 20200 - time: 26    - [train] loss: 0.0178 (+/-0.0057) - [valid] loss: 0.0131 (+/-0.0034) - [test] loss: 0.0249 (+/-0.0187)
2019-07-22 13:56:07,448 INFO - logger - Iter 20300 - time: 26    - [train] loss: 0.0118 (+/-0.0023) - [valid] loss: 0.0185 (+/-0.0067) - [test] loss: 0.0126 (+/-0.0029)
2019-07-22 13:56:33,722 INFO - logger - Iter 20400 - time: 26    - [train] loss: 0.0143 (+/-0.008 ) - [valid] loss: 0.0109 (+/-0.0029) - [test] loss: 0.0302 (+/-0.0273)
2019-07-22 13:56:59,245 INFO - logger - Iter 20500 - time: 25    - [train] loss: 0.017  (+/-0.0101) - [valid] loss: 0.0159 (+/-0.0048) - [test] loss: 0.028  (+/-0.0134)
2019-07-22 13:57:25,877 INFO - logger - Iter 20600 - time: 26    - [train] loss: 0.0127 (+/-0.0029) - [valid] loss: 0.0153 (+/-0.0077) - [test] loss: 0.0133 (+/-0.0032)
2019-07-22 13:57:51,509 INFO - logger - Iter 20700 - time: 25    - [train] loss: 0.0263 (+/-0.0167) - [valid] loss: 0.0133 (+/-0.0043) - [test] loss: 0.0226 (+/-0.0186)
2019-07-22 13:58:18,563 INFO - logger - Iter 20800 - time: 27    - [train] loss: 0.0178 (+/-0.0088) - [valid] loss: 0.0103 (+/-0.0027) - [test] loss: 0.0152 (+/-0.0055)
2019-07-22 13:58:45,309 INFO - logger - Iter 20900 - time: 26    - [train] loss: 0.014  (+/-0.0049) - [valid] loss: 0.016  (+/-0.004 ) - [test] loss: 0.0124 (+/-0.0034)
2019-07-22 13:59:12,522 INFO - logger - Iter 21000 - time: 27    - [train] loss: 0.0162 (+/-0.0031) - [valid] loss: 0.0201 (+/-0.012 ) - [test] loss: 0.0155 (+/-0.0035)
2019-07-22 13:59:38,529 INFO - logger - Iter 21100 - time: 26    - [train] loss: 0.0223 (+/-0.0196) - [valid] loss: 0.0145 (+/-0.0039) - [test] loss: 0.0114 (+/-0.0037)
2019-07-22 14:00:04,925 INFO - logger - Iter 21200 - time: 26    - [train] loss: 0.0134 (+/-0.0038) - [valid] loss: 0.0186 (+/-0.0078) - [test] loss: 0.0136 (+/-0.0036)
2019-07-22 14:00:31,410 INFO - logger - Iter 21300 - time: 26    - [train] loss: 0.0123 (+/-0.0028) - [valid] loss: 0.0202 (+/-0.0137) - [test] loss: 0.0138 (+/-0.0052)
2019-07-22 14:00:56,798 INFO - logger - Iter 21400 - time: 25    - [train] loss: 0.024  (+/-0.0134) - [valid] loss: 0.019  (+/-0.0055) - [test] loss: 0.0169 (+/-0.0037)
2019-07-22 14:01:22,999 INFO - logger - Iter 21500 - time: 26    - [train] loss: 0.0156 (+/-0.0055) - [valid] loss: 0.0239 (+/-0.0132) - [test] loss: 0.0145 (+/-0.0041)
2019-07-22 14:01:49,783 INFO - logger - Iter 21600 - time: 26    - [train] loss: 0.0187 (+/-0.0103) - [valid] loss: 0.008  (+/-0.0015) - [test] loss: 0.0115 (+/-0.0034)
2019-07-22 14:02:17,058 INFO - logger - Iter 21700 - time: 27    - [train] loss: 0.0289 (+/-0.0204) - [valid] loss: 0.0138 (+/-0.0039) - [test] loss: 0.0129 (+/-0.0034)
2019-07-22 14:02:43,081 INFO - logger - Iter 21800 - time: 26    - [train] loss: 0.0167 (+/-0.0051) - [valid] loss: 0.0143 (+/-0.006 ) - [test] loss: 0.0112 (+/-0.003 )
2019-07-22 14:03:09,717 INFO - logger - Iter 21900 - time: 26    - [train] loss: 0.0112 (+/-0.0034) - [valid] loss: 0.0115 (+/-0.0033) - [test] loss: 0.0167 (+/-0.0066)
2019-07-22 14:03:36,076 INFO - logger - Iter 22000 - time: 26    - [train] loss: 0.0104 (+/-0.0024) - [valid] loss: 0.012  (+/-0.0053) - [test] loss: 0.0092 (+/-0.0029)
2019-07-22 14:04:01,877 INFO - logger - Iter 22100 - time: 25    - [train] loss: 0.011  (+/-0.0029) - [valid] loss: 0.0123 (+/-0.0042) - [test] loss: 0.015  (+/-0.0045)
2019-07-22 14:04:27,529 INFO - logger - Iter 22200 - time: 25    - [train] loss: 0.0165 (+/-0.0042) - [valid] loss: 0.0164 (+/-0.0042) - [test] loss: 0.0173 (+/-0.0049)
2019-07-22 14:04:54,371 INFO - logger - Iter 22300 - time: 26    - [train] loss: 0.0168 (+/-0.008 ) - [valid] loss: 0.0123 (+/-0.0026) - [test] loss: 0.0151 (+/-0.0093)
2019-07-22 14:05:21,194 INFO - logger - Iter 22400 - time: 26    - [train] loss: 0.019  (+/-0.0045) - [valid] loss: 0.0224 (+/-0.0052) - [test] loss: 0.0218 (+/-0.0049)
2019-07-22 14:05:47,301 INFO - logger - Iter 22500 - time: 26    - [train] loss: 0.0166 (+/-0.0032) - [valid] loss: 0.017  (+/-0.0029) - [test] loss: 0.0203 (+/-0.0068)
2019-07-22 14:06:13,386 INFO - logger - Iter 22600 - time: 26    - [train] loss: 0.0125 (+/-0.0041) - [valid] loss: 0.015  (+/-0.0055) - [test] loss: 0.012  (+/-0.0029)
2019-07-22 14:06:39,792 INFO - logger - Iter 22700 - time: 26    - [train] loss: 0.011  (+/-0.0027) - [valid] loss: 0.0128 (+/-0.0031) - [test] loss: 0.0119 (+/-0.0041)
2019-07-22 14:07:06,426 INFO - logger - Iter 22800 - time: 26    - [train] loss: 0.0105 (+/-0.0025) - [valid] loss: 0.0096 (+/-0.0029) - [test] loss: 0.0143 (+/-0.0079)
2019-07-22 14:07:32,478 INFO - logger - Iter 22900 - time: 26    - [train] loss: 0.0197 (+/-0.0088) - [valid] loss: 0.0183 (+/-0.0082) - [test] loss: 0.0123 (+/-0.0033)
2019-07-22 14:07:59,107 INFO - logger - Iter 23000 - time: 26    - [train] loss: 0.0211 (+/-0.0128) - [valid] loss: 0.0144 (+/-0.0041) - [test] loss: 0.0176 (+/-0.0081)
2019-07-22 14:08:24,983 INFO - logger - Iter 23100 - time: 25    - [train] loss: 0.0155 (+/-0.0032) - [valid] loss: 0.0167 (+/-0.0043) - [test] loss: 0.0149 (+/-0.0034)
2019-07-22 14:08:51,539 INFO - logger - Iter 23200 - time: 26    - [train] loss: 0.031  (+/-0.0218) - [valid] loss: 0.0203 (+/-0.0035) - [test] loss: 0.0242 (+/-0.0056)
2019-07-22 14:09:17,405 INFO - logger - Iter 23300 - time: 25    - [train] loss: 0.0131 (+/-0.0044) - [valid] loss: 0.0112 (+/-0.0028) - [test] loss: 0.0251 (+/-0.0312)
2019-07-22 14:09:43,491 INFO - logger - Iter 23400 - time: 26    - [train] loss: 0.0175 (+/-0.0114) - [valid] loss: 0.0392 (+/-0.0536) - [test] loss: 0.017  (+/-0.0098)
2019-07-22 14:10:09,995 INFO - logger - Iter 23500 - time: 26    - [train] loss: 0.0164 (+/-0.0066) - [valid] loss: 0.0113 (+/-0.0029) - [test] loss: 0.0176 (+/-0.0112)
2019-07-22 14:10:36,063 INFO - logger - Iter 23600 - time: 26    - [train] loss: 0.0116 (+/-0.0027) - [valid] loss: 0.0126 (+/-0.005 ) - [test] loss: 0.0113 (+/-0.0038)
2019-07-22 14:11:02,803 INFO - logger - Iter 23700 - time: 26    - [train] loss: 0.0101 (+/-0.0018) - [valid] loss: 0.0101 (+/-0.0027) - [test] loss: 0.0121 (+/-0.0036)
2019-07-22 14:11:28,926 INFO - logger - Iter 23800 - time: 26    - [train] loss: 0.0148 (+/-0.0067) - [valid] loss: 0.0146 (+/-0.0049) - [test] loss: 0.0177 (+/-0.0074)
2019-07-22 14:11:55,673 INFO - logger - Iter 23900 - time: 26    - [train] loss: 0.0116 (+/-0.0028) - [valid] loss: 0.0185 (+/-0.0078) - [test] loss: 0.0203 (+/-0.013 )
2019-07-22 14:12:21,709 INFO - logger - Iter 24000 - time: 26    - [train] loss: 0.0234 (+/-0.0207) - [valid] loss: 0.0107 (+/-0.0034) - [test] loss: 0.0103 (+/-0.0025)
2019-07-22 14:12:48,678 INFO - logger - Iter 24100 - time: 26    - [train] loss: 0.0244 (+/-0.0131) - [valid] loss: 0.0182 (+/-0.0061) - [test] loss: 0.0149 (+/-0.0033)
2019-07-22 14:13:15,373 INFO - logger - Iter 24200 - time: 26    - [train] loss: 0.0112 (+/-0.0058) - [valid] loss: 0.0123 (+/-0.0044) - [test] loss: 0.0107 (+/-0.0029)
2019-07-22 14:13:42,704 INFO - logger - Iter 24300 - time: 27    - [train] loss: 0.021  (+/-0.0108) - [valid] loss: 0.0141 (+/-0.0042) - [test] loss: 0.0169 (+/-0.0071)
2019-07-22 14:14:08,401 INFO - logger - Iter 24400 - time: 25    - [train] loss: 0.0184 (+/-0.0084) - [valid] loss: 0.0142 (+/-0.0047) - [test] loss: 0.013  (+/-0.0033)
2019-07-22 14:14:35,601 INFO - logger - Iter 24500 - time: 27    - [train] loss: 0.013  (+/-0.0034) - [valid] loss: 0.0186 (+/-0.0094) - [test] loss: 0.0126 (+/-0.0077)
2019-07-22 14:15:01,858 INFO - logger - Iter 24600 - time: 26    - [train] loss: 0.0175 (+/-0.0091) - [valid] loss: 0.0203 (+/-0.0153) - [test] loss: 0.012  (+/-0.0027)
2019-07-22 14:15:28,428 INFO - logger - Iter 24700 - time: 26    - [train] loss: 0.0143 (+/-0.0042) - [valid] loss: 0.0122 (+/-0.0034) - [test] loss: 0.0297 (+/-0.035 )
2019-07-22 14:15:55,085 INFO - logger - Iter 24800 - time: 26    - [train] loss: 0.0087 (+/-0.0019) - [valid] loss: 0.013  (+/-0.004 ) - [test] loss: 0.0157 (+/-0.0091)
2019-07-22 14:16:21,007 INFO - logger - Iter 24900 - time: 25    - [train] loss: 0.0136 (+/-0.0046) - [valid] loss: 0.0106 (+/-0.0036) - [test] loss: 0.0172 (+/-0.007 )
2019-07-22 14:16:47,794 INFO - logger - Iter 25000 - time: 26    - [train] loss: 0.0198 (+/-0.01  ) - [valid] loss: 0.0129 (+/-0.003 ) - [test] loss: 0.0133 (+/-0.0036)
2019-07-22 14:17:13,417 INFO - logger - Iter 25100 - time: 25    - [train] loss: 0.0175 (+/-0.0094) - [valid] loss: 0.0151 (+/-0.0048) - [test] loss: 0.0119 (+/-0.0031)
2019-07-22 14:17:40,327 INFO - logger - Iter 25200 - time: 26    - [train] loss: 0.0119 (+/-0.0032) - [valid] loss: 0.0143 (+/-0.0041) - [test] loss: 0.0106 (+/-0.0025)
2019-07-22 14:18:06,678 INFO - logger - Iter 25300 - time: 26    - [train] loss: 0.0139 (+/-0.0037) - [valid] loss: 0.0117 (+/-0.0031) - [test] loss: 0.0123 (+/-0.0037)
2019-07-22 14:18:33,581 INFO - logger - Iter 25400 - time: 26    - [train] loss: 0.0153 (+/-0.0045) - [valid] loss: 0.0125 (+/-0.0024) - [test] loss: 0.0175 (+/-0.0055)
2019-07-22 14:19:00,325 INFO - logger - Iter 25500 - time: 26    - [train] loss: 0.0113 (+/-0.0027) - [valid] loss: 0.0362 (+/-0.0293) - [test] loss: 0.0154 (+/-0.0099)
2019-07-22 14:19:26,869 INFO - logger - Iter 25600 - time: 26    - [train] loss: 0.0133 (+/-0.0035) - [valid] loss: 0.014  (+/-0.0067) - [test] loss: 0.0119 (+/-0.0037)
2019-07-22 14:19:52,655 INFO - logger - Iter 25700 - time: 25    - [train] loss: 0.0118 (+/-0.0048) - [valid] loss: 0.0098 (+/-0.0029) - [test] loss: 0.0084 (+/-0.0018)
2019-07-22 14:20:19,439 INFO - logger - Iter 25800 - time: 26    - [train] loss: 0.0115 (+/-0.0043) - [valid] loss: 0.0143 (+/-0.0054) - [test] loss: 0.0163 (+/-0.0071)
2019-07-22 14:20:45,678 INFO - logger - Iter 25900 - time: 26    - [train] loss: 0.0111 (+/-0.0032) - [valid] loss: 0.021  (+/-0.0072) - [test] loss: 0.0237 (+/-0.0188)
2019-07-22 14:21:12,546 INFO - logger - Iter 26000 - time: 26    - [train] loss: 0.014  (+/-0.0049) - [valid] loss: 0.014  (+/-0.0032) - [test] loss: 0.0209 (+/-0.0095)
2019-07-22 14:21:38,323 INFO - logger - Iter 26100 - time: 25    - [train] loss: 0.0178 (+/-0.0092) - [valid] loss: 0.0138 (+/-0.0029) - [test] loss: 0.0162 (+/-0.0051)
2019-07-22 14:22:05,406 INFO - logger - Iter 26200 - time: 27    - [train] loss: 0.0191 (+/-0.0081) - [valid] loss: 0.0208 (+/-0.011 ) - [test] loss: 0.0098 (+/-0.0016)
2019-07-22 14:22:31,174 INFO - logger - Iter 26300 - time: 25    - [train] loss: 0.0242 (+/-0.0127) - [valid] loss: 0.0285 (+/-0.0207) - [test] loss: 0.0106 (+/-0.0027)
2019-07-22 14:22:58,142 INFO - logger - Iter 26400 - time: 26    - [train] loss: 0.0149 (+/-0.004 ) - [valid] loss: 0.0108 (+/-0.0021) - [test] loss: 0.0164 (+/-0.0116)
2019-07-22 14:23:24,299 INFO - logger - Iter 26500 - time: 26    - [train] loss: 0.0253 (+/-0.0216) - [valid] loss: 0.0117 (+/-0.0024) - [test] loss: 0.0154 (+/-0.005 )
2019-07-22 14:23:50,175 INFO - logger - Iter 26600 - time: 25    - [train] loss: 0.0105 (+/-0.0041) - [valid] loss: 0.0097 (+/-0.0033) - [test] loss: 0.0098 (+/-0.0022)
2019-07-22 14:24:16,829 INFO - logger - Iter 26700 - time: 26    - [train] loss: 0.0147 (+/-0.0034) - [valid] loss: 0.0119 (+/-0.0039) - [test] loss: 0.0135 (+/-0.0049)
2019-07-22 14:24:42,793 INFO - logger - Iter 26800 - time: 25    - [train] loss: 0.0142 (+/-0.0054) - [valid] loss: 0.0171 (+/-0.0082) - [test] loss: 0.0147 (+/-0.0077)
2019-07-22 14:25:09,982 INFO - logger - Iter 26900 - time: 27    - [train] loss: 0.0135 (+/-0.0028) - [valid] loss: 0.0191 (+/-0.0065) - [test] loss: 0.012  (+/-0.0021)
2019-07-22 14:25:35,797 INFO - logger - Iter 27000 - time: 25    - [train] loss: 0.0142 (+/-0.0042) - [valid] loss: 0.0145 (+/-0.0056) - [test] loss: 0.0154 (+/-0.0045)
2019-07-22 14:26:02,356 INFO - logger - Iter 27100 - time: 26    - [train] loss: 0.012  (+/-0.0075) - [valid] loss: 0.0123 (+/-0.0043) - [test] loss: 0.0117 (+/-0.0039)
2019-07-22 14:26:29,121 INFO - logger - Iter 27200 - time: 26    - [train] loss: 0.0132 (+/-0.0032) - [valid] loss: 0.0187 (+/-0.0078) - [test] loss: 0.0134 (+/-0.0045)
2019-07-22 14:26:55,886 INFO - logger - Iter 27300 - time: 26    - [train] loss: 0.0086 (+/-0.0018) - [valid] loss: 0.0116 (+/-0.0057) - [test] loss: 0.0124 (+/-0.0032)
2019-07-22 14:27:21,997 INFO - logger - Iter 27400 - time: 26    - [train] loss: 0.0109 (+/-0.0021) - [valid] loss: 0.0125 (+/-0.0034) - [test] loss: 0.0119 (+/-0.0029)
2019-07-22 14:27:48,962 INFO - logger - Iter 27500 - time: 26    - [train] loss: 0.0175 (+/-0.0057) - [valid] loss: 0.015  (+/-0.0065) - [test] loss: 0.0166 (+/-0.0064)
2019-07-22 14:28:15,463 INFO - logger - Iter 27600 - time: 26    - [train] loss: 0.0118 (+/-0.0025) - [valid] loss: 0.0095 (+/-0.0017) - [test] loss: 0.0121 (+/-0.0033)
2019-07-22 14:28:41,750 INFO - logger - Iter 27700 - time: 26    - [train] loss: 0.0185 (+/-0.0105) - [valid] loss: 0.0125 (+/-0.0035) - [test] loss: 0.0114 (+/-0.0025)
2019-07-22 14:29:08,201 INFO - logger - Iter 27800 - time: 26    - [train] loss: 0.0141 (+/-0.0034) - [valid] loss: 0.0155 (+/-0.0036) - [test] loss: 0.0121 (+/-0.0033)
2019-07-22 14:29:33,988 INFO - logger - Iter 27900 - time: 25    - [train] loss: 0.012  (+/-0.0034) - [valid] loss: 0.016  (+/-0.0052) - [test] loss: 0.014  (+/-0.0029)
2019-07-22 14:30:01,228 INFO - logger - Iter 28000 - time: 27    - [train] loss: 0.0118 (+/-0.0024) - [valid] loss: 0.0159 (+/-0.0075) - [test] loss: 0.0184 (+/-0.0081)
2019-07-22 14:30:27,055 INFO - logger - Iter 28100 - time: 25    - [train] loss: 0.0094 (+/-0.0021) - [valid] loss: 0.0139 (+/-0.0062) - [test] loss: 0.0096 (+/-0.0017)
2019-07-22 14:30:53,715 INFO - logger - Iter 28200 - time: 26    - [train] loss: 0.0151 (+/-0.0095) - [valid] loss: 0.0094 (+/-0.0017) - [test] loss: 0.0224 (+/-0.0134)
2019-07-22 14:31:19,897 INFO - logger - Iter 28300 - time: 26    - [train] loss: 0.0104 (+/-0.0035) - [valid] loss: 0.0145 (+/-0.0044) - [test] loss: 0.0125 (+/-0.0053)
2019-07-22 14:31:47,099 INFO - logger - Iter 28400 - time: 27    - [train] loss: 0.0153 (+/-0.0052) - [valid] loss: 0.0157 (+/-0.0056) - [test] loss: 0.0169 (+/-0.0058)
2019-07-22 14:32:13,182 INFO - logger - Iter 28500 - time: 26    - [train] loss: 0.01   (+/-0.003 ) - [valid] loss: 0.0091 (+/-0.002 ) - [test] loss: 0.0133 (+/-0.0058)
2019-07-22 14:32:39,842 INFO - logger - Iter 28600 - time: 26    - [train] loss: 0.0163 (+/-0.0051) - [valid] loss: 0.0163 (+/-0.0041) - [test] loss: 0.0138 (+/-0.003 )
2019-07-22 14:33:06,523 INFO - logger - Iter 28700 - time: 26    - [train] loss: 0.0161 (+/-0.0057) - [valid] loss: 0.0142 (+/-0.0039) - [test] loss: 0.0195 (+/-0.0074)
2019-07-22 14:33:33,416 INFO - logger - Iter 28800 - time: 26    - [train] loss: 0.0125 (+/-0.003 ) - [valid] loss: 0.0154 (+/-0.0066) - [test] loss: 0.0132 (+/-0.0032)
2019-07-22 14:34:00,297 INFO - logger - Iter 28900 - time: 26    - [train] loss: 0.0151 (+/-0.0055) - [valid] loss: 0.0113 (+/-0.0028) - [test] loss: 0.0125 (+/-0.0041)
2019-07-22 14:34:26,347 INFO - logger - Iter 29000 - time: 26    - [train] loss: 0.0159 (+/-0.0064) - [valid] loss: 0.0149 (+/-0.0077) - [test] loss: 0.0091 (+/-0.0018)
2019-07-22 14:34:53,368 INFO - logger - Iter 29100 - time: 27    - [train] loss: 0.0124 (+/-0.0048) - [valid] loss: 0.014  (+/-0.0094) - [test] loss: 0.0143 (+/-0.0084)
2019-07-22 14:35:20,771 INFO - logger - Iter 29200 - time: 27    - [train] loss: 0.0111 (+/-0.0036) - [valid] loss: 0.0141 (+/-0.0049) - [test] loss: 0.0096 (+/-0.002 )
2019-07-22 14:35:46,569 INFO - logger - Iter 29300 - time: 25    - [train] loss: 0.0113 (+/-0.0029) - [valid] loss: 0.0133 (+/-0.0053) - [test] loss: 0.0132 (+/-0.0031)
2019-07-22 14:36:12,811 INFO - logger - Iter 29400 - time: 26    - [train] loss: 0.0287 (+/-0.0377) - [valid] loss: 0.0117 (+/-0.0034) - [test] loss: 0.012  (+/-0.0031)
2019-07-22 14:36:38,820 INFO - logger - Iter 29500 - time: 26    - [train] loss: 0.017  (+/-0.007 ) - [valid] loss: 0.0102 (+/-0.0036) - [test] loss: 0.0113 (+/-0.0042)
2019-07-22 14:37:04,870 INFO - logger - Iter 29600 - time: 26    - [train] loss: 0.0117 (+/-0.0035) - [valid] loss: 0.0128 (+/-0.0045) - [test] loss: 0.0204 (+/-0.0159)
2019-07-22 14:37:29,780 INFO - logger - Iter 29700 - time: 24    - [train] loss: 0.0124 (+/-0.0056) - [valid] loss: 0.0081 (+/-0.0023) - [test] loss: 0.0112 (+/-0.0032)
2019-07-22 14:37:56,390 INFO - logger - Iter 29800 - time: 26    - [train] loss: 0.0151 (+/-0.0075) - [valid] loss: 0.0315 (+/-0.023 ) - [test] loss: 0.0246 (+/-0.0173)
2019-07-22 14:38:22,581 INFO - logger - Iter 29900 - time: 26    - [train] loss: 0.0167 (+/-0.0037) - [valid] loss: 0.0139 (+/-0.0028) - [test] loss: 0.0141 (+/-0.0026)
2019-07-22 14:38:49,329 INFO - logger - Iter 30000 - time: 26    - [train] loss: 0.0303 (+/-0.0099) - [valid] loss: 0.0269 (+/-0.0088) - [test] loss: 0.0227 (+/-0.0043)
2019-07-22 14:39:14,774 INFO - logger - Iter 30100 - time: 25    - [train] loss: 0.0194 (+/-0.0104) - [valid] loss: 0.0112 (+/-0.0033) - [test] loss: 0.0126 (+/-0.0057)
2019-07-22 14:39:41,887 INFO - logger - Iter 30200 - time: 27    - [train] loss: 0.0243 (+/-0.0067) - [valid] loss: 0.0194 (+/-0.0043) - [test] loss: 0.0218 (+/-0.0099)
2019-07-22 14:40:08,476 INFO - logger - Iter 30300 - time: 26    - [train] loss: 0.013  (+/-0.0038) - [valid] loss: 0.0117 (+/-0.0043) - [test] loss: 0.0141 (+/-0.0064)
2019-07-22 14:40:35,068 INFO - logger - Iter 30400 - time: 26    - [train] loss: 0.0097 (+/-0.0018) - [valid] loss: 0.0125 (+/-0.0042) - [test] loss: 0.0224 (+/-0.0173)
2019-07-22 14:41:00,876 INFO - logger - Iter 30500 - time: 25    - [train] loss: 0.0127 (+/-0.0038) - [valid] loss: 0.0226 (+/-0.0151) - [test] loss: 0.0209 (+/-0.0116)
2019-07-22 14:41:27,757 INFO - logger - Iter 30600 - time: 26    - [train] loss: 0.0139 (+/-0.0047) - [valid] loss: 0.0107 (+/-0.003 ) - [test] loss: 0.0119 (+/-0.0039)
2019-07-22 14:41:53,865 INFO - logger - Iter 30700 - time: 26    - [train] loss: 0.0125 (+/-0.0047) - [valid] loss: 0.0249 (+/-0.0182) - [test] loss: 0.0109 (+/-0.0026)
2019-07-22 14:42:19,907 INFO - logger - Iter 30800 - time: 26    - [train] loss: 0.0172 (+/-0.005 ) - [valid] loss: 0.0178 (+/-0.0061) - [test] loss: 0.0169 (+/-0.0049)
2019-07-22 14:42:46,874 INFO - logger - Iter 30900 - time: 26    - [train] loss: 0.0137 (+/-0.0051) - [valid] loss: 0.0133 (+/-0.0046) - [test] loss: 0.0195 (+/-0.0135)
2019-07-22 14:43:12,727 INFO - logger - Iter 31000 - time: 25    - [train] loss: 0.0103 (+/-0.0025) - [valid] loss: 0.0113 (+/-0.0028) - [test] loss: 0.0099 (+/-0.0021)
2019-07-22 14:43:38,682 INFO - logger - Iter 31100 - time: 25    - [train] loss: 0.0187 (+/-0.0066) - [valid] loss: 0.016  (+/-0.0055) - [test] loss: 0.0165 (+/-0.0045)
2019-07-22 14:44:04,176 INFO - logger - Iter 31200 - time: 25    - [train] loss: 0.0145 (+/-0.004 ) - [valid] loss: 0.0117 (+/-0.0029) - [test] loss: 0.0112 (+/-0.0029)
2019-07-22 14:44:30,325 INFO - logger - Iter 31300 - time: 26    - [train] loss: 0.0206 (+/-0.0105) - [valid] loss: 0.0185 (+/-0.0129) - [test] loss: 0.0112 (+/-0.0041)
2019-07-22 14:44:56,967 INFO - logger - Iter 31400 - time: 26    - [train] loss: 0.0213 (+/-0.0105) - [valid] loss: 0.0163 (+/-0.006 ) - [test] loss: 0.01   (+/-0.0036)
2019-07-22 14:45:23,872 INFO - logger - Iter 31500 - time: 26    - [train] loss: 0.0254 (+/-0.0099) - [valid] loss: 0.0221 (+/-0.007 ) - [test] loss: 0.0187 (+/-0.0049)
2019-07-22 14:45:51,322 INFO - logger - Iter 31600 - time: 27    - [train] loss: 0.017  (+/-0.0104) - [valid] loss: 0.0213 (+/-0.0064) - [test] loss: 0.0117 (+/-0.0035)
2019-07-22 14:46:17,792 INFO - logger - Iter 31700 - time: 26    - [train] loss: 0.0134 (+/-0.005 ) - [valid] loss: 0.0178 (+/-0.0093) - [test] loss: 0.0177 (+/-0.0068)
2019-07-22 14:46:43,677 INFO - logger - Iter 31800 - time: 25    - [train] loss: 0.0166 (+/-0.0055) - [valid] loss: 0.0146 (+/-0.008 ) - [test] loss: 0.0161 (+/-0.007 )
2019-07-22 14:47:09,796 INFO - logger - Iter 31900 - time: 26    - [train] loss: 0.01   (+/-0.0024) - [valid] loss: 0.0141 (+/-0.0052) - [test] loss: 0.0177 (+/-0.0065)
2019-07-22 14:47:35,533 INFO - logger - Iter 32000 - time: 25    - [train] loss: 0.0106 (+/-0.0033) - [valid] loss: 0.0103 (+/-0.0031) - [test] loss: 0.0123 (+/-0.0032)
2019-07-22 14:48:02,274 INFO - logger - Iter 32100 - time: 26    - [train] loss: 0.0129 (+/-0.0046) - [valid] loss: 0.0094 (+/-0.0025) - [test] loss: 0.0105 (+/-0.005 )
2019-07-22 14:48:29,175 INFO - logger - Iter 32200 - time: 26    - [train] loss: 0.0129 (+/-0.0062) - [valid] loss: 0.013  (+/-0.0042) - [test] loss: 0.0111 (+/-0.0027)
2019-07-22 14:48:55,298 INFO - logger - Iter 32300 - time: 26    - [train] loss: 0.0098 (+/-0.0031) - [valid] loss: 0.0097 (+/-0.0024) - [test] loss: 0.0153 (+/-0.008 )
2019-07-22 14:49:21,475 INFO - logger - Iter 32400 - time: 26    - [train] loss: 0.0127 (+/-0.003 ) - [valid] loss: 0.0118 (+/-0.0023) - [test] loss: 0.015  (+/-0.0031)
2019-07-22 14:49:48,296 INFO - logger - Iter 32500 - time: 26    - [train] loss: 0.0126 (+/-0.0036) - [valid] loss: 0.0086 (+/-0.0019) - [test] loss: 0.0134 (+/-0.0061)
2019-07-22 14:50:13,872 INFO - logger - Iter 32600 - time: 25    - [train] loss: 0.0126 (+/-0.0065) - [valid] loss: 0.0095 (+/-0.0033) - [test] loss: 0.0123 (+/-0.004 )
2019-07-22 14:50:40,539 INFO - logger - Iter 32700 - time: 26    - [train] loss: 0.01   (+/-0.0015) - [valid] loss: 0.0169 (+/-0.0102) - [test] loss: 0.0103 (+/-0.0025)
2019-07-22 14:51:07,209 INFO - logger - Iter 32800 - time: 26    - [train] loss: 0.0156 (+/-0.0049) - [valid] loss: 0.0157 (+/-0.0061) - [test] loss: 0.0139 (+/-0.0027)
2019-07-22 14:51:34,050 INFO - logger - Iter 32900 - time: 26    - [train] loss: 0.0143 (+/-0.0079) - [valid] loss: 0.0155 (+/-0.0064) - [test] loss: 0.0201 (+/-0.0095)
2019-07-22 14:52:00,796 INFO - logger - Iter 33000 - time: 26    - [train] loss: 0.0163 (+/-0.0062) - [valid] loss: 0.0122 (+/-0.004 ) - [test] loss: 0.0203 (+/-0.0175)
2019-07-22 14:52:27,563 INFO - logger - Iter 33100 - time: 26    - [train] loss: 0.0182 (+/-0.0175) - [valid] loss: 0.0136 (+/-0.0062) - [test] loss: 0.0096 (+/-0.0027)
2019-07-22 14:52:54,107 INFO - logger - Iter 33200 - time: 26    - [train] loss: 0.0169 (+/-0.0073) - [valid] loss: 0.0171 (+/-0.0028) - [test] loss: 0.0148 (+/-0.0055)
2019-07-22 14:53:19,312 INFO - logger - Iter 33300 - time: 25    - [train] loss: 0.0342 (+/-0.0297) - [valid] loss: 0.0189 (+/-0.0079) - [test] loss: 0.0082 (+/-0.0015)
2019-07-22 14:53:45,862 INFO - logger - Iter 33400 - time: 26    - [train] loss: 0.0114 (+/-0.0026) - [valid] loss: 0.0139 (+/-0.0041) - [test] loss: 0.0178 (+/-0.0122)
2019-07-22 14:54:11,980 INFO - logger - Iter 33500 - time: 26    - [train] loss: 0.0183 (+/-0.0066) - [valid] loss: 0.0118 (+/-0.0022) - [test] loss: 0.0153 (+/-0.0043)
2019-07-22 14:54:37,971 INFO - logger - Iter 33600 - time: 25    - [train] loss: 0.0323 (+/-0.038 ) - [valid] loss: 0.0128 (+/-0.0033) - [test] loss: 0.0122 (+/-0.0038)
2019-07-22 14:55:04,536 INFO - logger - Iter 33700 - time: 26    - [train] loss: 0.0207 (+/-0.0099) - [valid] loss: 0.0117 (+/-0.0023) - [test] loss: 0.0123 (+/-0.0025)
2019-07-22 14:55:31,646 INFO - logger - Iter 33800 - time: 27    - [train] loss: 0.0109 (+/-0.0038) - [valid] loss: 0.0139 (+/-0.0049) - [test] loss: 0.01   (+/-0.0028)
2019-07-22 14:55:58,522 INFO - logger - Iter 33900 - time: 26    - [train] loss: 0.0141 (+/-0.0025) - [valid] loss: 0.0158 (+/-0.0035) - [test] loss: 0.0178 (+/-0.006 )
2019-07-22 14:56:24,415 INFO - logger - Iter 34000 - time: 25    - [train] loss: 0.0086 (+/-0.002 ) - [valid] loss: 0.0082 (+/-0.002 ) - [test] loss: 0.01   (+/-0.0042)
2019-07-22 14:56:51,124 INFO - logger - Iter 34100 - time: 26    - [train] loss: 0.0172 (+/-0.0093) - [valid] loss: 0.0088 (+/-0.0033) - [test] loss: 0.0138 (+/-0.0042)
2019-07-22 14:57:17,537 INFO - logger - Iter 34200 - time: 26    - [train] loss: 0.0108 (+/-0.0047) - [valid] loss: 0.0087 (+/-0.0021) - [test] loss: 0.0101 (+/-0.0033)
2019-07-22 14:57:43,074 INFO - logger - Iter 34300 - time: 25    - [train] loss: 0.016  (+/-0.0072) - [valid] loss: 0.0117 (+/-0.005 ) - [test] loss: 0.0109 (+/-0.0039)
2019-07-22 14:58:09,936 INFO - logger - Iter 34400 - time: 26    - [train] loss: 0.0161 (+/-0.0052) - [valid] loss: 0.0134 (+/-0.0038) - [test] loss: 0.0162 (+/-0.0066)
2019-07-22 14:58:36,263 INFO - logger - Iter 34500 - time: 26    - [train] loss: 0.0272 (+/-0.0194) - [valid] loss: 0.0255 (+/-0.0248) - [test] loss: 0.0157 (+/-0.0048)
2019-07-22 14:59:02,226 INFO - logger - Iter 34600 - time: 25    - [train] loss: 0.0109 (+/-0.003 ) - [valid] loss: 0.0123 (+/-0.0052) - [test] loss: 0.0101 (+/-0.0032)
2019-07-22 14:59:28,357 INFO - logger - Iter 34700 - time: 26    - [train] loss: 0.0122 (+/-0.0048) - [valid] loss: 0.0235 (+/-0.0151) - [test] loss: 0.0106 (+/-0.0031)
2019-07-22 14:59:54,690 INFO - logger - Iter 34800 - time: 26    - [train] loss: 0.0106 (+/-0.0025) - [valid] loss: 0.0155 (+/-0.0065) - [test] loss: 0.0089 (+/-0.0024)
2019-07-22 15:00:21,422 INFO - logger - Iter 34900 - time: 26    - [train] loss: 0.0131 (+/-0.0062) - [valid] loss: 0.0109 (+/-0.0044) - [test] loss: 0.0135 (+/-0.0068)
2019-07-22 15:00:48,719 INFO - logger - Iter 35000 - time: 27    - [train] loss: 0.0391 (+/-0.0393) - [valid] loss: 0.0107 (+/-0.0023) - [test] loss: 0.0183 (+/-0.0082)
2019-07-22 15:01:15,383 INFO - logger - Iter 35100 - time: 26    - [train] loss: 0.0098 (+/-0.0033) - [valid] loss: 0.0278 (+/-0.0311) - [test] loss: 0.016  (+/-0.0096)
2019-07-22 15:01:41,532 INFO - logger - Iter 35200 - time: 26    - [train] loss: 0.0108 (+/-0.0032) - [valid] loss: 0.014  (+/-0.0055) - [test] loss: 0.0098 (+/-0.0029)
2019-07-22 15:02:07,879 INFO - logger - Iter 35300 - time: 26    - [train] loss: 0.0165 (+/-0.007 ) - [valid] loss: 0.0167 (+/-0.0114) - [test] loss: 0.012  (+/-0.003 )
2019-07-22 15:02:33,500 INFO - logger - Iter 35400 - time: 25    - [train] loss: 0.0331 (+/-0.0376) - [valid] loss: 0.0103 (+/-0.0029) - [test] loss: 0.0109 (+/-0.003 )
2019-07-22 15:03:00,012 INFO - logger - Iter 35500 - time: 26    - [train] loss: 0.0145 (+/-0.0064) - [valid] loss: 0.0137 (+/-0.0046) - [test] loss: 0.0373 (+/-0.0396)
2019-07-22 15:03:26,357 INFO - logger - Iter 35600 - time: 26    - [train] loss: 0.0228 (+/-0.0111) - [valid] loss: 0.0125 (+/-0.0027) - [test] loss: 0.018  (+/-0.016 )
2019-07-22 15:03:53,169 INFO - logger - Iter 35700 - time: 26    - [train] loss: 0.0095 (+/-0.0029) - [valid] loss: 0.0102 (+/-0.0031) - [test] loss: 0.0101 (+/-0.0027)
2019-07-22 15:04:19,436 INFO - logger - Iter 35800 - time: 26    - [train] loss: 0.0136 (+/-0.0082) - [valid] loss: 0.0122 (+/-0.0045) - [test] loss: 0.0113 (+/-0.0078)
2019-07-22 15:04:45,110 INFO - logger - Iter 35900 - time: 25    - [train] loss: 0.0176 (+/-0.009 ) - [valid] loss: 0.0135 (+/-0.0042) - [test] loss: 0.0128 (+/-0.0072)
2019-07-22 15:05:11,066 INFO - logger - Iter 36000 - time: 25    - [train] loss: 0.0104 (+/-0.0037) - [valid] loss: 0.0119 (+/-0.0056) - [test] loss: 0.0131 (+/-0.0071)
2019-07-22 15:05:38,409 INFO - logger - Iter 36100 - time: 27    - [train] loss: 0.0115 (+/-0.0029) - [valid] loss: 0.0194 (+/-0.0112) - [test] loss: 0.0185 (+/-0.0084)
2019-07-22 15:06:03,424 INFO - logger - Iter 36200 - time: 25    - [train] loss: 0.0155 (+/-0.0055) - [valid] loss: 0.0104 (+/-0.0034) - [test] loss: 0.01   (+/-0.0024)
2019-07-22 15:06:30,976 INFO - logger - Iter 36300 - time: 27    - [train] loss: 0.0267 (+/-0.0084) - [valid] loss: 0.0215 (+/-0.0045) - [test] loss: 0.0258 (+/-0.0067)
2019-07-22 15:06:57,394 INFO - logger - Iter 36400 - time: 26    - [train] loss: 0.0116 (+/-0.0034) - [valid] loss: 0.0141 (+/-0.004 ) - [test] loss: 0.0141 (+/-0.0038)
2019-07-22 15:07:24,226 INFO - logger - Iter 36500 - time: 26    - [train] loss: 0.0096 (+/-0.0023) - [valid] loss: 0.0072 (+/-0.0022) - [test] loss: 0.0099 (+/-0.0038)
2019-07-22 15:07:51,269 INFO - logger - Iter 36600 - time: 27    - [train] loss: 0.0092 (+/-0.0023) - [valid] loss: 0.0121 (+/-0.0067) - [test] loss: 0.0163 (+/-0.0076)
2019-07-22 15:08:18,817 INFO - logger - Iter 36700 - time: 27    - [train] loss: 0.0106 (+/-0.0033) - [valid] loss: 0.0114 (+/-0.0029) - [test] loss: 0.0086 (+/-0.0033)
2019-07-22 15:08:45,528 INFO - logger - Iter 36800 - time: 26    - [train] loss: 0.0092 (+/-0.0019) - [valid] loss: 0.0094 (+/-0.0021) - [test] loss: 0.0108 (+/-0.0033)
2019-07-22 15:09:11,899 INFO - logger - Iter 36900 - time: 26    - [train] loss: 0.0095 (+/-0.0019) - [valid] loss: 0.0126 (+/-0.0038) - [test] loss: 0.0102 (+/-0.0023)
2019-07-22 15:09:38,581 INFO - logger - Iter 37000 - time: 26    - [train] loss: 0.0109 (+/-0.003 ) - [valid] loss: 0.0193 (+/-0.0149) - [test] loss: 0.0099 (+/-0.002 )
2019-07-22 15:10:04,619 INFO - logger - Iter 37100 - time: 26    - [train] loss: 0.0156 (+/-0.0058) - [valid] loss: 0.0178 (+/-0.0065) - [test] loss: 0.0092 (+/-0.002 )
2019-07-22 15:10:31,891 INFO - logger - Iter 37200 - time: 27    - [train] loss: 0.0208 (+/-0.0148) - [valid] loss: 0.0274 (+/-0.0288) - [test] loss: 0.0158 (+/-0.005 )
2019-07-22 15:10:59,012 INFO - logger - Iter 37300 - time: 27    - [train] loss: 0.0127 (+/-0.0028) - [valid] loss: 0.0146 (+/-0.0035) - [test] loss: 0.0199 (+/-0.0082)
2019-07-22 15:11:24,407 INFO - logger - Iter 37400 - time: 25    - [train] loss: 0.0204 (+/-0.0123) - [valid] loss: 0.0126 (+/-0.0035) - [test] loss: 0.0118 (+/-0.0034)
2019-07-22 15:11:51,875 INFO - logger - Iter 37500 - time: 27    - [train] loss: 0.0075 (+/-0.0014) - [valid] loss: 0.0139 (+/-0.0045) - [test] loss: 0.0101 (+/-0.0025)
2019-07-22 15:12:18,188 INFO - logger - Iter 37600 - time: 26    - [train] loss: 0.0157 (+/-0.0047) - [valid] loss: 0.0126 (+/-0.0034) - [test] loss: 0.0165 (+/-0.0053)
2019-07-22 15:12:45,962 INFO - logger - Iter 37700 - time: 27    - [train] loss: 0.0129 (+/-0.0085) - [valid] loss: 0.0185 (+/-0.011 ) - [test] loss: 0.0129 (+/-0.005 )
2019-07-22 15:13:12,187 INFO - logger - Iter 37800 - time: 26    - [train] loss: 0.0117 (+/-0.0039) - [valid] loss: 0.009  (+/-0.0022) - [test] loss: 0.0085 (+/-0.002 )
2019-07-22 15:13:38,460 INFO - logger - Iter 37900 - time: 26    - [train] loss: 0.0152 (+/-0.0063) - [valid] loss: 0.0146 (+/-0.0055) - [test] loss: 0.01   (+/-0.0024)
2019-07-22 15:14:04,095 INFO - logger - Iter 38000 - time: 25    - [train] loss: 0.0111 (+/-0.0034) - [valid] loss: 0.0104 (+/-0.0031) - [test] loss: 0.0102 (+/-0.0049)
2019-07-22 15:14:30,517 INFO - logger - Iter 38100 - time: 26    - [train] loss: 0.0117 (+/-0.0048) - [valid] loss: 0.0124 (+/-0.0031) - [test] loss: 0.0091 (+/-0.0023)
2019-07-22 15:14:58,031 INFO - logger - Iter 38200 - time: 27    - [train] loss: 0.0112 (+/-0.0041) - [valid] loss: 0.0128 (+/-0.0044) - [test] loss: 0.0126 (+/-0.0046)
2019-07-22 15:15:24,685 INFO - logger - Iter 38300 - time: 26    - [train] loss: 0.0135 (+/-0.0053) - [valid] loss: 0.0116 (+/-0.0035) - [test] loss: 0.0127 (+/-0.0051)
2019-07-22 15:15:51,707 INFO - logger - Iter 38400 - time: 27    - [train] loss: 0.01   (+/-0.0032) - [valid] loss: 0.0088 (+/-0.0028) - [test] loss: 0.0219 (+/-0.0171)
2019-07-22 15:16:18,136 INFO - logger - Iter 38500 - time: 26    - [train] loss: 0.0106 (+/-0.0021) - [valid] loss: 0.0134 (+/-0.0048) - [test] loss: 0.0121 (+/-0.003 )
2019-07-22 15:16:44,476 INFO - logger - Iter 38600 - time: 26    - [train] loss: 0.0194 (+/-0.013 ) - [valid] loss: 0.0114 (+/-0.0031) - [test] loss: 0.0125 (+/-0.0044)
2019-07-22 15:17:11,512 INFO - logger - Iter 38700 - time: 27    - [train] loss: 0.0151 (+/-0.0054) - [valid] loss: 0.0075 (+/-0.0022) - [test] loss: 0.0099 (+/-0.0024)
2019-07-22 15:17:38,617 INFO - logger - Iter 38800 - time: 27    - [train] loss: 0.0073 (+/-0.0022) - [valid] loss: 0.0094 (+/-0.0032) - [test] loss: 0.0115 (+/-0.0041)
2019-07-22 15:18:04,563 INFO - logger - Iter 38900 - time: 25    - [train] loss: 0.0114 (+/-0.0033) - [valid] loss: 0.0239 (+/-0.0191) - [test] loss: 0.0107 (+/-0.0033)
2019-07-22 15:18:31,778 INFO - logger - Iter 39000 - time: 27    - [train] loss: 0.0141 (+/-0.0053) - [valid] loss: 0.0124 (+/-0.0029) - [test] loss: 0.0135 (+/-0.0067)
2019-07-22 15:18:58,619 INFO - logger - Iter 39100 - time: 26    - [train] loss: 0.015  (+/-0.0089) - [valid] loss: 0.0126 (+/-0.0051) - [test] loss: 0.008  (+/-0.0025)
2019-07-22 15:19:25,437 INFO - logger - Iter 39200 - time: 26    - [train] loss: 0.0118 (+/-0.0049) - [valid] loss: 0.0118 (+/-0.0044) - [test] loss: 0.0144 (+/-0.0081)
2019-07-22 15:19:53,125 INFO - logger - Iter 39300 - time: 27    - [train] loss: 0.0111 (+/-0.0034) - [valid] loss: 0.0104 (+/-0.0032) - [test] loss: 0.0114 (+/-0.0051)
2019-07-22 15:20:19,126 INFO - logger - Iter 39400 - time: 26    - [train] loss: 0.01   (+/-0.0032) - [valid] loss: 0.0146 (+/-0.0128) - [test] loss: 0.0194 (+/-0.0103)
2019-07-22 15:20:46,000 INFO - logger - Iter 39500 - time: 26    - [train] loss: 0.0118 (+/-0.0037) - [valid] loss: 0.0108 (+/-0.0027) - [test] loss: 0.0098 (+/-0.0023)
2019-07-22 15:21:12,659 INFO - logger - Iter 39600 - time: 26    - [train] loss: 0.0145 (+/-0.0065) - [valid] loss: 0.0107 (+/-0.005 ) - [test] loss: 0.0224 (+/-0.0148)
2019-07-22 15:21:39,560 INFO - logger - Iter 39700 - time: 26    - [train] loss: 0.0104 (+/-0.0021) - [valid] loss: 0.0117 (+/-0.0032) - [test] loss: 0.0135 (+/-0.0033)
2019-07-22 15:22:06,513 INFO - logger - Iter 39800 - time: 26    - [train] loss: 0.007  (+/-0.0019) - [valid] loss: 0.0171 (+/-0.0115) - [test] loss: 0.0145 (+/-0.0099)
2019-07-22 15:22:32,591 INFO - logger - Iter 39900 - time: 26    - [train] loss: 0.0137 (+/-0.0046) - [valid] loss: 0.0116 (+/-0.0028) - [test] loss: 0.0161 (+/-0.0081)
2019-07-22 15:23:00,116 INFO - logger - Iter 40000 - time: 27    - [train] loss: 0.0116 (+/-0.0031) - [valid] loss: 0.0117 (+/-0.002 ) - [test] loss: 0.0134 (+/-0.0053)
2019-07-22 15:23:25,912 INFO - logger - Iter 40100 - time: 25    - [train] loss: 0.0132 (+/-0.0038) - [valid] loss: 0.0185 (+/-0.0119) - [test] loss: 0.0177 (+/-0.0093)
2019-07-22 15:23:53,161 INFO - logger - Iter 40200 - time: 27    - [train] loss: 0.0099 (+/-0.0029) - [valid] loss: 0.0102 (+/-0.0044) - [test] loss: 0.0125 (+/-0.0045)
2019-07-22 15:24:19,340 INFO - logger - Iter 40300 - time: 26    - [train] loss: 0.013  (+/-0.0033) - [valid] loss: 0.0146 (+/-0.0046) - [test] loss: 0.0129 (+/-0.0046)
2019-07-22 15:24:46,750 INFO - logger - Iter 40400 - time: 27    - [train] loss: 0.0164 (+/-0.0079) - [valid] loss: 0.0134 (+/-0.0037) - [test] loss: 0.0188 (+/-0.0098)
2019-07-22 15:25:13,053 INFO - logger - Iter 40500 - time: 26    - [train] loss: 0.0085 (+/-0.0029) - [valid] loss: 0.0131 (+/-0.0039) - [test] loss: 0.0096 (+/-0.0023)
2019-07-22 15:25:40,385 INFO - logger - Iter 40600 - time: 27    - [train] loss: 0.0222 (+/-0.016 ) - [valid] loss: 0.0129 (+/-0.0041) - [test] loss: 0.0171 (+/-0.0059)
2019-07-22 15:26:08,061 INFO - logger - Iter 40700 - time: 27    - [train] loss: 0.0124 (+/-0.0049) - [valid] loss: 0.0148 (+/-0.0037) - [test] loss: 0.0121 (+/-0.004 )
2019-07-22 15:26:34,453 INFO - logger - Iter 40800 - time: 26    - [train] loss: 0.0178 (+/-0.0125) - [valid] loss: 0.0116 (+/-0.003 ) - [test] loss: 0.011  (+/-0.0044)
2019-07-22 15:27:01,764 INFO - logger - Iter 40900 - time: 27    - [train] loss: 0.0101 (+/-0.0035) - [valid] loss: 0.01   (+/-0.0041) - [test] loss: 0.0084 (+/-0.0034)
2019-07-22 15:27:28,230 INFO - logger - Iter 41000 - time: 26    - [train] loss: 0.0149 (+/-0.007 ) - [valid] loss: 0.0123 (+/-0.0043) - [test] loss: 0.0109 (+/-0.0032)
2019-07-22 15:27:53,942 INFO - logger - Iter 41100 - time: 25    - [train] loss: 0.0075 (+/-0.0014) - [valid] loss: 0.0101 (+/-0.0027) - [test] loss: 0.0104 (+/-0.0028)
2019-07-22 15:28:20,392 INFO - logger - Iter 41200 - time: 26    - [train] loss: 0.0112 (+/-0.0022) - [valid] loss: 0.0175 (+/-0.0054) - [test] loss: 0.0102 (+/-0.0028)
2019-07-22 15:28:46,960 INFO - logger - Iter 41300 - time: 26    - [train] loss: 0.0256 (+/-0.022 ) - [valid] loss: 0.0163 (+/-0.0074) - [test] loss: 0.0184 (+/-0.0093)
2019-07-22 15:29:13,322 INFO - logger - Iter 41400 - time: 26    - [train] loss: 0.0117 (+/-0.0026) - [valid] loss: 0.0392 (+/-0.0557) - [test] loss: 0.0138 (+/-0.0044)
2019-07-22 15:29:40,928 INFO - logger - Iter 41500 - time: 27    - [train] loss: 0.0127 (+/-0.005 ) - [valid] loss: 0.0144 (+/-0.0111) - [test] loss: 0.012  (+/-0.0042)
2019-07-22 15:30:06,827 INFO - logger - Iter 41600 - time: 25    - [train] loss: 0.0117 (+/-0.0039) - [valid] loss: 0.0122 (+/-0.0034) - [test] loss: 0.0117 (+/-0.0024)
2019-07-22 15:30:34,182 INFO - logger - Iter 41700 - time: 27    - [train] loss: 0.0081 (+/-0.0023) - [valid] loss: 0.0092 (+/-0.0032) - [test] loss: 0.0154 (+/-0.0075)
2019-07-22 15:31:00,677 INFO - logger - Iter 41800 - time: 26    - [train] loss: 0.0115 (+/-0.0039) - [valid] loss: 0.0207 (+/-0.0184) - [test] loss: 0.0103 (+/-0.0046)
2019-07-22 15:31:26,865 INFO - logger - Iter 41900 - time: 26    - [train] loss: 0.0137 (+/-0.0047) - [valid] loss: 0.0093 (+/-0.0019) - [test] loss: 0.0093 (+/-0.0016)
2019-07-22 15:31:52,950 INFO - logger - Iter 42000 - time: 26    - [train] loss: 0.0124 (+/-0.003 ) - [valid] loss: 0.0128 (+/-0.0069) - [test] loss: 0.0262 (+/-0.0221)
2019-07-22 15:32:20,347 INFO - logger - Iter 42100 - time: 27    - [train] loss: 0.0113 (+/-0.0036) - [valid] loss: 0.0112 (+/-0.0033) - [test] loss: 0.0109 (+/-0.0023)
2019-07-22 15:32:46,051 INFO - logger - Iter 42200 - time: 25    - [train] loss: 0.0145 (+/-0.0054) - [valid] loss: 0.0147 (+/-0.0049) - [test] loss: 0.0124 (+/-0.0026)
2019-07-22 15:33:12,942 INFO - logger - Iter 42300 - time: 26    - [train] loss: 0.0148 (+/-0.0042) - [valid] loss: 0.0167 (+/-0.0072) - [test] loss: 0.0128 (+/-0.0035)
2019-07-22 15:33:39,909 INFO - logger - Iter 42400 - time: 26    - [train] loss: 0.0113 (+/-0.0031) - [valid] loss: 0.0125 (+/-0.0035) - [test] loss: 0.0096 (+/-0.0019)
2019-07-22 15:34:07,073 INFO - logger - Iter 42500 - time: 27    - [train] loss: 0.0148 (+/-0.0059) - [valid] loss: 0.0117 (+/-0.0029) - [test] loss: 0.0235 (+/-0.0248)
2019-07-22 15:34:33,655 INFO - logger - Iter 42600 - time: 26    - [train] loss: 0.009  (+/-0.0023) - [valid] loss: 0.0146 (+/-0.009 ) - [test] loss: 0.0161 (+/-0.0064)
2019-07-22 15:34:59,981 INFO - logger - Iter 42700 - time: 26    - [train] loss: 0.009  (+/-0.0025) - [valid] loss: 0.0078 (+/-0.0017) - [test] loss: 0.0221 (+/-0.026 )
2019-07-22 15:35:26,772 INFO - logger - Iter 42800 - time: 26    - [train] loss: 0.009  (+/-0.0018) - [valid] loss: 0.0083 (+/-0.0017) - [test] loss: 0.0104 (+/-0.0027)
2019-07-22 15:35:53,024 INFO - logger - Iter 42900 - time: 26    - [train] loss: 0.021  (+/-0.0173) - [valid] loss: 0.0128 (+/-0.0066) - [test] loss: 0.0142 (+/-0.0062)
2019-07-22 15:36:21,197 INFO - logger - Iter 43000 - time: 28    - [train] loss: 0.0144 (+/-0.0059) - [valid] loss: 0.0133 (+/-0.0036) - [test] loss: 0.0139 (+/-0.0041)
2019-07-22 15:36:47,619 INFO - logger - Iter 43100 - time: 26    - [train] loss: 0.012  (+/-0.0054) - [valid] loss: 0.0124 (+/-0.0047) - [test] loss: 0.0089 (+/-0.0033)
2019-07-22 15:37:13,871 INFO - logger - Iter 43200 - time: 26    - [train] loss: 0.0108 (+/-0.0029) - [valid] loss: 0.0107 (+/-0.0053) - [test] loss: 0.0107 (+/-0.003 )
2019-07-22 15:37:39,954 INFO - logger - Iter 43300 - time: 26    - [train] loss: 0.012  (+/-0.003 ) - [valid] loss: 0.0161 (+/-0.0047) - [test] loss: 0.0191 (+/-0.006 )
2019-07-22 15:38:06,382 INFO - logger - Iter 43400 - time: 26    - [train] loss: 0.0082 (+/-0.0018) - [valid] loss: 0.0194 (+/-0.0114) - [test] loss: 0.0133 (+/-0.0055)
2019-07-22 15:38:32,534 INFO - logger - Iter 43500 - time: 26    - [train] loss: 0.013  (+/-0.0027) - [valid] loss: 0.0152 (+/-0.0035) - [test] loss: 0.0235 (+/-0.0065)
2019-07-22 15:38:59,675 INFO - logger - Iter 43600 - time: 27    - [train] loss: 0.0127 (+/-0.002 ) - [valid] loss: 0.0141 (+/-0.0034) - [test] loss: 0.0226 (+/-0.0103)
2019-07-22 15:39:25,905 INFO - logger - Iter 43700 - time: 26    - [train] loss: 0.0094 (+/-0.0029) - [valid] loss: 0.0106 (+/-0.0031) - [test] loss: 0.0088 (+/-0.0025)
2019-07-22 15:39:52,916 INFO - logger - Iter 43800 - time: 27    - [train] loss: 0.0106 (+/-0.0029) - [valid] loss: 0.0096 (+/-0.0026) - [test] loss: 0.0092 (+/-0.0019)
2019-07-22 15:40:19,506 INFO - logger - Iter 43900 - time: 26    - [train] loss: 0.0113 (+/-0.0046) - [valid] loss: 0.0113 (+/-0.0035) - [test] loss: 0.0115 (+/-0.0033)
2019-07-22 15:40:45,867 INFO - logger - Iter 44000 - time: 26    - [train] loss: 0.0156 (+/-0.0084) - [valid] loss: 0.0114 (+/-0.0023) - [test] loss: 0.0137 (+/-0.0046)
2019-07-22 15:41:12,790 INFO - logger - Iter 44100 - time: 26    - [train] loss: 0.0104 (+/-0.0043) - [valid] loss: 0.0143 (+/-0.0069) - [test] loss: 0.0176 (+/-0.0089)
2019-07-22 15:41:38,954 INFO - logger - Iter 44200 - time: 26    - [train] loss: 0.0206 (+/-0.016 ) - [valid] loss: 0.0133 (+/-0.0071) - [test] loss: 0.0088 (+/-0.0018)
2019-07-22 15:42:04,339 INFO - logger - Iter 44300 - time: 25    - [train] loss: 0.0142 (+/-0.0053) - [valid] loss: 0.0101 (+/-0.0034) - [test] loss: 0.014  (+/-0.0075)
2019-07-22 15:42:31,877 INFO - logger - Iter 44400 - time: 27    - [train] loss: 0.0111 (+/-0.0036) - [valid] loss: 0.0079 (+/-0.0017) - [test] loss: 0.0241 (+/-0.016 )
2019-07-22 15:42:59,563 INFO - logger - Iter 44500 - time: 27    - [train] loss: 0.0115 (+/-0.0041) - [valid] loss: 0.0117 (+/-0.003 ) - [test] loss: 0.0114 (+/-0.0053)
2019-07-22 15:43:26,730 INFO - logger - Iter 44600 - time: 27    - [train] loss: 0.0103 (+/-0.0025) - [valid] loss: 0.0159 (+/-0.0103) - [test] loss: 0.0095 (+/-0.0028)
2019-07-22 15:43:54,182 INFO - logger - Iter 44700 - time: 27    - [train] loss: 0.0093 (+/-0.0024) - [valid] loss: 0.0112 (+/-0.0024) - [test] loss: 0.0121 (+/-0.004 )
2019-07-22 15:44:20,224 INFO - logger - Iter 44800 - time: 26    - [train] loss: 0.0099 (+/-0.0023) - [valid] loss: 0.0099 (+/-0.0029) - [test] loss: 0.0151 (+/-0.0066)
2019-07-22 15:44:46,382 INFO - logger - Iter 44900 - time: 26    - [train] loss: 0.014  (+/-0.0045) - [valid] loss: 0.0138 (+/-0.0028) - [test] loss: 0.0102 (+/-0.002 )
2019-07-22 15:45:13,652 INFO - logger - Iter 45000 - time: 27    - [train] loss: 0.0196 (+/-0.0161) - [valid] loss: 0.0103 (+/-0.0037) - [test] loss: 0.0128 (+/-0.0034)
2019-07-22 15:45:39,997 INFO - logger - Iter 45100 - time: 26    - [train] loss: 0.0104 (+/-0.0036) - [valid] loss: 0.0133 (+/-0.0059) - [test] loss: 0.0119 (+/-0.0039)
2019-07-22 15:46:05,950 INFO - logger - Iter 45200 - time: 25    - [train] loss: 0.0094 (+/-0.0017) - [valid] loss: 0.0136 (+/-0.0042) - [test] loss: 0.0206 (+/-0.0157)
2019-07-22 15:46:33,279 INFO - logger - Iter 45300 - time: 27    - [train] loss: 0.0136 (+/-0.0027) - [valid] loss: 0.017  (+/-0.0068) - [test] loss: 0.0157 (+/-0.0046)
2019-07-22 15:46:59,692 INFO - logger - Iter 45400 - time: 26    - [train] loss: 0.0127 (+/-0.0042) - [valid] loss: 0.0096 (+/-0.0041) - [test] loss: 0.0131 (+/-0.0101)
2019-07-22 15:47:26,687 INFO - logger - Iter 45500 - time: 26    - [train] loss: 0.0088 (+/-0.0033) - [valid] loss: 0.015  (+/-0.0066) - [test] loss: 0.0117 (+/-0.0052)
2019-07-22 15:47:53,579 INFO - logger - Iter 45600 - time: 26    - [train] loss: 0.0137 (+/-0.0041) - [valid] loss: 0.0104 (+/-0.0029) - [test] loss: 0.012  (+/-0.0049)
2019-07-22 15:48:19,609 INFO - logger - Iter 45700 - time: 26    - [train] loss: 0.0119 (+/-0.0067) - [valid] loss: 0.0127 (+/-0.0042) - [test] loss: 0.0102 (+/-0.0031)
2019-07-22 15:48:46,784 INFO - logger - Iter 45800 - time: 27    - [train] loss: 0.0109 (+/-0.0037) - [valid] loss: 0.0165 (+/-0.0089) - [test] loss: 0.0106 (+/-0.0029)
2019-07-22 15:49:12,696 INFO - logger - Iter 45900 - time: 25    - [train] loss: 0.0135 (+/-0.0043) - [valid] loss: 0.0117 (+/-0.0058) - [test] loss: 0.013  (+/-0.0076)
2019-07-22 15:49:39,034 INFO - logger - Iter 46000 - time: 26    - [train] loss: 0.0161 (+/-0.0091) - [valid] loss: 0.01   (+/-0.0019) - [test] loss: 0.0132 (+/-0.0056)
2019-07-22 15:50:06,310 INFO - logger - Iter 46100 - time: 27    - [train] loss: 0.0156 (+/-0.0083) - [valid] loss: 0.0127 (+/-0.0032) - [test] loss: 0.01   (+/-0.0031)
2019-07-22 15:50:32,965 INFO - logger - Iter 46200 - time: 26    - [train] loss: 0.0119 (+/-0.0033) - [valid] loss: 0.0218 (+/-0.014 ) - [test] loss: 0.0212 (+/-0.0118)
2019-07-22 15:51:00,396 INFO - logger - Iter 46300 - time: 27    - [train] loss: 0.0113 (+/-0.0047) - [valid] loss: 0.0138 (+/-0.0046) - [test] loss: 0.0174 (+/-0.01  )
2019-07-22 15:51:27,249 INFO - logger - Iter 46400 - time: 26    - [train] loss: 0.0079 (+/-0.0014) - [valid] loss: 0.0125 (+/-0.0047) - [test] loss: 0.0102 (+/-0.0025)
2019-07-22 15:51:54,270 INFO - logger - Iter 46500 - time: 27    - [train] loss: 0.0184 (+/-0.0091) - [valid] loss: 0.014  (+/-0.004 ) - [test] loss: 0.0141 (+/-0.0032)
2019-07-22 15:52:20,974 INFO - logger - Iter 46600 - time: 26    - [train] loss: 0.0098 (+/-0.0018) - [valid] loss: 0.012  (+/-0.0032) - [test] loss: 0.0117 (+/-0.0034)
2019-07-22 15:52:46,835 INFO - logger - Iter 46700 - time: 25    - [train] loss: 0.0249 (+/-0.0133) - [valid] loss: 0.0189 (+/-0.0113) - [test] loss: 0.0095 (+/-0.0018)
2019-07-22 15:53:13,847 INFO - logger - Iter 46800 - time: 27    - [train] loss: 0.0108 (+/-0.0023) - [valid] loss: 0.0132 (+/-0.0045) - [test] loss: 0.0112 (+/-0.0033)
2019-07-22 15:53:41,298 INFO - logger - Iter 46900 - time: 27    - [train] loss: 0.0082 (+/-0.002 ) - [valid] loss: 0.0094 (+/-0.0032) - [test] loss: 0.0199 (+/-0.0183)
2019-07-22 15:54:08,992 INFO - logger - Iter 47000 - time: 27    - [train] loss: 0.017  (+/-0.0053) - [valid] loss: 0.0218 (+/-0.0156) - [test] loss: 0.0141 (+/-0.0047)
2019-07-22 15:54:35,596 INFO - logger - Iter 47100 - time: 26    - [train] loss: 0.0104 (+/-0.0046) - [valid] loss: 0.0096 (+/-0.0032) - [test] loss: 0.0081 (+/-0.0036)
2019-07-22 15:55:02,572 INFO - logger - Iter 47200 - time: 26    - [train] loss: 0.008  (+/-0.0028) - [valid] loss: 0.013  (+/-0.0062) - [test] loss: 0.0109 (+/-0.0036)
2019-07-22 15:55:29,169 INFO - logger - Iter 47300 - time: 26    - [train] loss: 0.0111 (+/-0.0025) - [valid] loss: 0.0116 (+/-0.0031) - [test] loss: 0.0168 (+/-0.009 )
2019-07-22 15:55:54,936 INFO - logger - Iter 47400 - time: 25    - [train] loss: 0.0191 (+/-0.0164) - [valid] loss: 0.0126 (+/-0.0057) - [test] loss: 0.0117 (+/-0.0047)
2019-07-22 15:56:20,183 INFO - logger - Iter 47500 - time: 25    - [train] loss: 0.0181 (+/-0.01  ) - [valid] loss: 0.0162 (+/-0.0067) - [test] loss: 0.0132 (+/-0.0064)
2019-07-22 15:56:48,090 INFO - logger - Iter 47600 - time: 27    - [train] loss: 0.013  (+/-0.0068) - [valid] loss: 0.0139 (+/-0.0063) - [test] loss: 0.0105 (+/-0.0038)
2019-07-22 15:57:14,058 INFO - logger - Iter 47700 - time: 25    - [train] loss: 0.0106 (+/-0.0046) - [valid] loss: 0.0082 (+/-0.0032) - [test] loss: 0.0111 (+/-0.0031)
2019-07-22 15:57:41,107 INFO - logger - Iter 47800 - time: 27    - [train] loss: 0.0177 (+/-0.0124) - [valid] loss: 0.0119 (+/-0.0037) - [test] loss: 0.0109 (+/-0.0032)
2019-07-22 15:58:07,907 INFO - logger - Iter 47900 - time: 26    - [train] loss: 0.0159 (+/-0.0073) - [valid] loss: 0.0112 (+/-0.0042) - [test] loss: 0.0114 (+/-0.0036)
2019-07-22 15:58:34,808 INFO - logger - Iter 48000 - time: 26    - [train] loss: 0.0099 (+/-0.0016) - [valid] loss: 0.0131 (+/-0.0028) - [test] loss: 0.0145 (+/-0.0041)
2019-07-22 15:59:01,327 INFO - logger - Iter 48100 - time: 26    - [train] loss: 0.0094 (+/-0.0039) - [valid] loss: 0.0117 (+/-0.0042) - [test] loss: 0.0114 (+/-0.003 )
2019-07-22 15:59:27,800 INFO - logger - Iter 48200 - time: 26    - [train] loss: 0.0124 (+/-0.0051) - [valid] loss: 0.0189 (+/-0.0127) - [test] loss: 0.0118 (+/-0.0031)
2019-07-22 15:59:54,431 INFO - logger - Iter 48300 - time: 26    - [train] loss: 0.0112 (+/-0.0031) - [valid] loss: 0.0141 (+/-0.0036) - [test] loss: 0.0226 (+/-0.0176)
2019-07-22 16:00:21,026 INFO - logger - Iter 48400 - time: 26    - [train] loss: 0.0133 (+/-0.0042) - [valid] loss: 0.0101 (+/-0.0031) - [test] loss: 0.0096 (+/-0.0024)
2019-07-22 16:00:46,958 INFO - logger - Iter 48500 - time: 25    - [train] loss: 0.0152 (+/-0.0061) - [valid] loss: 0.011  (+/-0.0032) - [test] loss: 0.023  (+/-0.0119)
2019-07-22 16:01:12,610 INFO - logger - Iter 48600 - time: 25    - [train] loss: 0.0144 (+/-0.0064) - [valid] loss: 0.0169 (+/-0.007 ) - [test] loss: 0.0118 (+/-0.0042)
2019-07-22 16:01:39,750 INFO - logger - Iter 48700 - time: 27    - [train] loss: 0.0107 (+/-0.0023) - [valid] loss: 0.0119 (+/-0.0039) - [test] loss: 0.012  (+/-0.005 )
2019-07-22 16:02:06,336 INFO - logger - Iter 48800 - time: 26    - [train] loss: 0.0098 (+/-0.0029) - [valid] loss: 0.0143 (+/-0.0069) - [test] loss: 0.0142 (+/-0.0075)
2019-07-22 16:02:33,990 INFO - logger - Iter 48900 - time: 27    - [train] loss: 0.0151 (+/-0.007 ) - [valid] loss: 0.0145 (+/-0.0066) - [test] loss: 0.0131 (+/-0.0053)
2019-07-22 16:02:59,971 INFO - logger - Iter 49000 - time: 25    - [train] loss: 0.01   (+/-0.0022) - [valid] loss: 0.0123 (+/-0.0034) - [test] loss: 0.0114 (+/-0.0028)
2019-07-22 16:03:26,239 INFO - logger - Iter 49100 - time: 26    - [train] loss: 0.0113 (+/-0.0027) - [valid] loss: 0.0107 (+/-0.0024) - [test] loss: 0.0122 (+/-0.0043)
2019-07-22 16:03:53,566 INFO - logger - Iter 49200 - time: 27    - [train] loss: 0.0141 (+/-0.0104) - [valid] loss: 0.0209 (+/-0.0181) - [test] loss: 0.0161 (+/-0.0089)
2019-07-22 16:04:19,845 INFO - logger - Iter 49300 - time: 26    - [train] loss: 0.0112 (+/-0.0031) - [valid] loss: 0.0119 (+/-0.0044) - [test] loss: 0.0147 (+/-0.0058)
2019-07-22 16:04:46,239 INFO - logger - Iter 49400 - time: 26    - [train] loss: 0.0103 (+/-0.0032) - [valid] loss: 0.0137 (+/-0.0044) - [test] loss: 0.0132 (+/-0.0057)
2019-07-22 16:05:11,744 INFO - logger - Iter 49500 - time: 25    - [train] loss: 0.0083 (+/-0.0014) - [valid] loss: 0.0116 (+/-0.0034) - [test] loss: 0.0125 (+/-0.0036)
2019-07-22 16:05:38,042 INFO - logger - Iter 49600 - time: 26    - [train] loss: 0.0117 (+/-0.0029) - [valid] loss: 0.0239 (+/-0.0175) - [test] loss: 0.014  (+/-0.0044)
2019-07-22 16:06:04,264 INFO - logger - Iter 49700 - time: 26    - [train] loss: 0.0184 (+/-0.0052) - [valid] loss: 0.0194 (+/-0.0089) - [test] loss: 0.0141 (+/-0.0043)
2019-07-22 16:06:31,068 INFO - logger - Iter 49800 - time: 26    - [train] loss: 0.0126 (+/-0.0047) - [valid] loss: 0.0219 (+/-0.0118) - [test] loss: 0.0153 (+/-0.0056)
2019-07-22 16:06:57,077 INFO - logger - Iter 49900 - time: 26    - [train] loss: 0.0112 (+/-0.004 ) - [valid] loss: 0.0157 (+/-0.0075) - [test] loss: 0.0152 (+/-0.0065)
