2019-07-22 12:26:16,205 INFO - log_helper - Finished configuring logger
2019-07-22 12:26:16,791 INFO - logger - Iter 0    - time: 3     - [train] loss: 4.0931 (+/-3.5057) - [valid] loss: 5.1619 (+/-2.5743) - [test] loss: 3.2686 (+/-2.6146)
2019-07-22 12:26:36,892 INFO - logger - Iter 100  - time: 20    - [train] loss: 3.4167 (+/-2.5254) - [valid] loss: 3.7356 (+/-1.4823) - [test] loss: 2.2324 (+/-1.9091)
2019-07-22 12:26:55,966 INFO - logger - Iter 200  - time: 19    - [train] loss: 1.7983 (+/-1.131 ) - [valid] loss: 1.0441 (+/-0.8311) - [test] loss: 2.5628 (+/-1.7688)
2019-07-22 12:27:14,872 INFO - logger - Iter 300  - time: 18    - [train] loss: 0.9423 (+/-0.6462) - [valid] loss: 0.8107 (+/-0.4346) - [test] loss: 1.4689 (+/-0.9057)
2019-07-22 12:27:34,450 INFO - logger - Iter 400  - time: 19    - [train] loss: 0.9285 (+/-0.5049) - [valid] loss: 0.4334 (+/-0.2455) - [test] loss: 0.9455 (+/-0.5314)
2019-07-22 12:27:53,468 INFO - logger - Iter 500  - time: 19    - [train] loss: 0.4907 (+/-0.3467) - [valid] loss: 0.449  (+/-0.1628) - [test] loss: 0.3755 (+/-0.3015)
2019-07-22 12:28:11,712 INFO - logger - Iter 600  - time: 18    - [train] loss: 0.5424 (+/-0.4335) - [valid] loss: 0.2575 (+/-0.2057) - [test] loss: 0.3668 (+/-0.3614)
2019-07-22 12:28:30,751 INFO - logger - Iter 700  - time: 19    - [train] loss: 0.2295 (+/-0.1219) - [valid] loss: 0.3274 (+/-0.2368) - [test] loss: 0.3491 (+/-0.3745)
2019-07-22 12:28:50,124 INFO - logger - Iter 800  - time: 19    - [train] loss: 0.1917 (+/-0.1975) - [valid] loss: 0.3595 (+/-0.5134) - [test] loss: 0.1884 (+/-0.0928)
2019-07-22 12:29:08,615 INFO - logger - Iter 900  - time: 18    - [train] loss: 0.0952 (+/-0.0516) - [valid] loss: 0.4464 (+/-0.723 ) - [test] loss: 0.1144 (+/-0.0663)
2019-07-22 12:29:28,193 INFO - logger - Iter 1000 - time: 19    - [train] loss: 0.1919 (+/-0.0816) - [valid] loss: 0.1466 (+/-0.1124) - [test] loss: 0.1474 (+/-0.0872)
2019-07-22 12:29:47,425 INFO - logger - Iter 1100 - time: 19    - [train] loss: 0.1335 (+/-0.0728) - [valid] loss: 0.0997 (+/-0.0737) - [test] loss: 0.1471 (+/-0.1923)
2019-07-22 12:30:05,579 INFO - logger - Iter 1200 - time: 18    - [train] loss: 0.092  (+/-0.0797) - [valid] loss: 0.0921 (+/-0.0974) - [test] loss: 0.2059 (+/-0.175 )
2019-07-22 12:30:24,663 INFO - logger - Iter 1300 - time: 19    - [train] loss: 0.1025 (+/-0.0516) - [valid] loss: 0.1047 (+/-0.0613) - [test] loss: 0.1038 (+/-0.0674)
2019-07-22 12:30:42,644 INFO - logger - Iter 1400 - time: 17    - [train] loss: 0.069  (+/-0.0356) - [valid] loss: 0.1046 (+/-0.077 ) - [test] loss: 0.1726 (+/-0.216 )
2019-07-22 12:31:01,390 INFO - logger - Iter 1500 - time: 18    - [train] loss: 0.0476 (+/-0.0252) - [valid] loss: 0.0395 (+/-0.0208) - [test] loss: 0.1352 (+/-0.069 )
2019-07-22 12:31:20,474 INFO - logger - Iter 1600 - time: 19    - [train] loss: 0.1455 (+/-0.1788) - [valid] loss: 0.0843 (+/-0.035 ) - [test] loss: 0.0774 (+/-0.07  )
2019-07-22 12:31:39,673 INFO - logger - Iter 1700 - time: 19    - [train] loss: 0.2044 (+/-0.1503) - [valid] loss: 0.0655 (+/-0.0338) - [test] loss: 0.0666 (+/-0.0372)
2019-07-22 12:31:57,062 INFO - logger - Iter 1800 - time: 17    - [train] loss: 0.0459 (+/-0.0463) - [valid] loss: 0.0989 (+/-0.0734) - [test] loss: 0.1442 (+/-0.2114)
2019-07-22 12:32:16,252 INFO - logger - Iter 1900 - time: 19    - [train] loss: 0.0478 (+/-0.0483) - [valid] loss: 0.0643 (+/-0.0402) - [test] loss: 0.037  (+/-0.0166)
2019-07-22 12:32:34,681 INFO - logger - Iter 2000 - time: 18    - [train] loss: 0.2415 (+/-0.4584) - [valid] loss: 0.0458 (+/-0.0407) - [test] loss: 0.0921 (+/-0.0499)
2019-07-22 12:32:53,301 INFO - logger - Iter 2100 - time: 18    - [train] loss: 0.1712 (+/-0.1599) - [valid] loss: 0.1145 (+/-0.0831) - [test] loss: 0.1107 (+/-0.0467)
2019-07-22 12:33:11,920 INFO - logger - Iter 2200 - time: 18    - [train] loss: 0.0999 (+/-0.0769) - [valid] loss: 0.0735 (+/-0.0529) - [test] loss: 0.1325 (+/-0.0501)
2019-07-22 12:33:29,736 INFO - logger - Iter 2300 - time: 17    - [train] loss: 0.0614 (+/-0.0422) - [valid] loss: 0.0826 (+/-0.0627) - [test] loss: 0.0352 (+/-0.0194)
2019-07-22 12:33:49,014 INFO - logger - Iter 2400 - time: 19    - [train] loss: 0.3131 (+/-0.5309) - [valid] loss: 0.0953 (+/-0.0528) - [test] loss: 0.091  (+/-0.0729)
2019-07-22 12:34:08,451 INFO - logger - Iter 2500 - time: 19    - [train] loss: 0.0584 (+/-0.0529) - [valid] loss: 0.0667 (+/-0.0648) - [test] loss: 0.0923 (+/-0.0962)
2019-07-22 12:34:26,581 INFO - logger - Iter 2600 - time: 18    - [train] loss: 0.0661 (+/-0.0827) - [valid] loss: 0.093  (+/-0.1414) - [test] loss: 0.0969 (+/-0.0678)
2019-07-22 12:34:46,245 INFO - logger - Iter 2700 - time: 19    - [train] loss: 0.0495 (+/-0.0297) - [valid] loss: 0.0638 (+/-0.0339) - [test] loss: 0.0443 (+/-0.0355)
2019-07-22 12:35:05,183 INFO - logger - Iter 2800 - time: 18    - [train] loss: 0.1278 (+/-0.1678) - [valid] loss: 0.042  (+/-0.0455) - [test] loss: 0.118  (+/-0.1562)
2019-07-22 12:35:24,989 INFO - logger - Iter 2900 - time: 19    - [train] loss: 0.0254 (+/-0.011 ) - [valid] loss: 0.0331 (+/-0.0114) - [test] loss: 0.0451 (+/-0.0303)
2019-07-22 12:35:44,382 INFO - logger - Iter 3000 - time: 19    - [train] loss: 0.0449 (+/-0.0337) - [valid] loss: 0.0391 (+/-0.016 ) - [test] loss: 0.0788 (+/-0.0498)
2019-07-22 12:36:03,584 INFO - logger - Iter 3100 - time: 19    - [train] loss: 0.0578 (+/-0.0426) - [valid] loss: 0.0384 (+/-0.0355) - [test] loss: 0.0535 (+/-0.0275)
2019-07-22 12:36:22,126 INFO - logger - Iter 3200 - time: 18    - [train] loss: 0.0777 (+/-0.0671) - [valid] loss: 0.0414 (+/-0.0321) - [test] loss: 0.2037 (+/-0.2121)
2019-07-22 12:36:41,936 INFO - logger - Iter 3300 - time: 19    - [train] loss: 0.0704 (+/-0.0472) - [valid] loss: 0.0428 (+/-0.0233) - [test] loss: 0.2169 (+/-0.3763)
2019-07-22 12:37:00,429 INFO - logger - Iter 3400 - time: 18    - [train] loss: 0.0374 (+/-0.023 ) - [valid] loss: 0.0397 (+/-0.0329) - [test] loss: 0.0577 (+/-0.0392)
2019-07-22 12:37:20,117 INFO - logger - Iter 3500 - time: 19    - [train] loss: 0.0786 (+/-0.0555) - [valid] loss: 0.0519 (+/-0.0534) - [test] loss: 0.0491 (+/-0.0211)
2019-07-22 12:37:39,219 INFO - logger - Iter 3600 - time: 19    - [train] loss: 0.0982 (+/-0.1463) - [valid] loss: 0.0288 (+/-0.0185) - [test] loss: 0.0868 (+/-0.056 )
2019-07-22 12:37:57,659 INFO - logger - Iter 3700 - time: 18    - [train] loss: 0.0713 (+/-0.0406) - [valid] loss: 0.0669 (+/-0.0735) - [test] loss: 0.0935 (+/-0.1292)
2019-07-22 12:38:16,797 INFO - logger - Iter 3800 - time: 19    - [train] loss: 0.0982 (+/-0.0942) - [valid] loss: 0.0289 (+/-0.0191) - [test] loss: 0.0693 (+/-0.0656)
2019-07-22 12:38:36,650 INFO - logger - Iter 3900 - time: 19    - [train] loss: 0.0683 (+/-0.0794) - [valid] loss: 0.042  (+/-0.036 ) - [test] loss: 0.0446 (+/-0.0392)
2019-07-22 12:38:55,357 INFO - logger - Iter 4000 - time: 18    - [train] loss: 0.0479 (+/-0.0419) - [valid] loss: 0.0653 (+/-0.041 ) - [test] loss: 0.059  (+/-0.0416)
2019-07-22 12:39:14,221 INFO - logger - Iter 4100 - time: 18    - [train] loss: 0.0453 (+/-0.0424) - [valid] loss: 0.0716 (+/-0.0694) - [test] loss: 0.0402 (+/-0.042 )
2019-07-22 12:39:33,527 INFO - logger - Iter 4200 - time: 19    - [train] loss: 0.0471 (+/-0.0351) - [valid] loss: 0.0322 (+/-0.0235) - [test] loss: 0.0387 (+/-0.0232)
2019-07-22 12:39:52,548 INFO - logger - Iter 4300 - time: 19    - [train] loss: 0.1822 (+/-0.2475) - [valid] loss: 0.0435 (+/-0.0156) - [test] loss: 0.0616 (+/-0.0496)
2019-07-22 12:40:11,812 INFO - logger - Iter 4400 - time: 19    - [train] loss: 0.0333 (+/-0.0473) - [valid] loss: 0.0181 (+/-0.0095) - [test] loss: 0.0918 (+/-0.0452)
2019-07-22 12:40:30,305 INFO - logger - Iter 4500 - time: 18    - [train] loss: 0.0355 (+/-0.0242) - [valid] loss: 0.02   (+/-0.0125) - [test] loss: 0.0406 (+/-0.0273)
2019-07-22 12:40:49,403 INFO - logger - Iter 4600 - time: 19    - [train] loss: 0.0398 (+/-0.0351) - [valid] loss: 0.0456 (+/-0.0426) - [test] loss: 0.0312 (+/-0.0204)
2019-07-22 12:41:07,523 INFO - logger - Iter 4700 - time: 18    - [train] loss: 0.063  (+/-0.043 ) - [valid] loss: 0.0318 (+/-0.0211) - [test] loss: 0.078  (+/-0.0868)
2019-07-22 12:41:25,829 INFO - logger - Iter 4800 - time: 18    - [train] loss: 0.0727 (+/-0.0467) - [valid] loss: 0.0695 (+/-0.0809) - [test] loss: 0.0204 (+/-0.0116)
2019-07-22 12:41:44,956 INFO - logger - Iter 4900 - time: 19    - [train] loss: 0.0498 (+/-0.0498) - [valid] loss: 0.0746 (+/-0.0426) - [test] loss: 0.0714 (+/-0.0588)
2019-07-22 12:42:03,967 INFO - logger - Iter 5000 - time: 19    - [train] loss: 0.1063 (+/-0.111 ) - [valid] loss: 0.0859 (+/-0.0492) - [test] loss: 0.0546 (+/-0.0539)
2019-07-22 12:42:21,238 INFO - logger - Iter 5100 - time: 17    - [train] loss: 0.1525 (+/-0.1938) - [valid] loss: 0.0528 (+/-0.0476) - [test] loss: 0.0911 (+/-0.0835)
2019-07-22 12:42:40,391 INFO - logger - Iter 5200 - time: 19    - [train] loss: 0.0238 (+/-0.013 ) - [valid] loss: 0.025  (+/-0.0193) - [test] loss: 0.0861 (+/-0.0952)
2019-07-22 12:42:59,357 INFO - logger - Iter 5300 - time: 18    - [train] loss: 0.0685 (+/-0.0547) - [valid] loss: 0.0235 (+/-0.0209) - [test] loss: 0.0669 (+/-0.0834)
2019-07-22 12:43:17,951 INFO - logger - Iter 5400 - time: 18    - [train] loss: 0.0664 (+/-0.1028) - [valid] loss: 0.1438 (+/-0.1547) - [test] loss: 0.1404 (+/-0.0799)
2019-07-22 12:43:36,579 INFO - logger - Iter 5500 - time: 18    - [train] loss: 0.0884 (+/-0.1304) - [valid] loss: 0.0599 (+/-0.0598) - [test] loss: 0.0426 (+/-0.0489)
2019-07-22 12:43:55,748 INFO - logger - Iter 5600 - time: 19    - [train] loss: 0.0457 (+/-0.0375) - [valid] loss: 0.0288 (+/-0.0234) - [test] loss: 0.0205 (+/-0.0253)
2019-07-22 12:44:13,861 INFO - logger - Iter 5700 - time: 18    - [train] loss: 0.1044 (+/-0.1175) - [valid] loss: 0.0226 (+/-0.0118) - [test] loss: 0.0332 (+/-0.0331)
2019-07-22 12:44:31,839 INFO - logger - Iter 5800 - time: 17    - [train] loss: 0.0581 (+/-0.0291) - [valid] loss: 0.0349 (+/-0.0267) - [test] loss: 0.1055 (+/-0.1634)
2019-07-22 12:44:50,858 INFO - logger - Iter 5900 - time: 19    - [train] loss: 0.0344 (+/-0.0242) - [valid] loss: 0.026  (+/-0.0292) - [test] loss: 0.0408 (+/-0.0368)
2019-07-22 12:45:09,716 INFO - logger - Iter 6000 - time: 18    - [train] loss: 0.0792 (+/-0.0558) - [valid] loss: 0.0391 (+/-0.0327) - [test] loss: 0.0896 (+/-0.0849)
2019-07-22 12:45:29,093 INFO - logger - Iter 6100 - time: 19    - [train] loss: 0.0638 (+/-0.0724) - [valid] loss: 0.0334 (+/-0.0173) - [test] loss: 0.058  (+/-0.0345)
2019-07-22 12:45:47,832 INFO - logger - Iter 6200 - time: 18    - [train] loss: 0.0717 (+/-0.1209) - [valid] loss: 0.0116 (+/-0.0079) - [test] loss: 0.0544 (+/-0.0466)
2019-07-22 12:46:06,526 INFO - logger - Iter 6300 - time: 18    - [train] loss: 0.0449 (+/-0.0299) - [valid] loss: 0.0531 (+/-0.0251) - [test] loss: 0.0299 (+/-0.0287)
2019-07-22 12:46:25,034 INFO - logger - Iter 6400 - time: 18    - [train] loss: 0.0347 (+/-0.0246) - [valid] loss: 0.0259 (+/-0.0173) - [test] loss: 0.0209 (+/-0.0201)
2019-07-22 12:46:43,792 INFO - logger - Iter 6500 - time: 18    - [train] loss: 0.2227 (+/-0.3338) - [valid] loss: 0.053  (+/-0.0371) - [test] loss: 0.1133 (+/-0.0823)
2019-07-22 12:47:02,061 INFO - logger - Iter 6600 - time: 18    - [train] loss: 0.0442 (+/-0.0381) - [valid] loss: 0.0328 (+/-0.0141) - [test] loss: 0.0391 (+/-0.0275)
2019-07-22 12:47:20,639 INFO - logger - Iter 6700 - time: 18    - [train] loss: 0.0689 (+/-0.0447) - [valid] loss: 0.0283 (+/-0.0267) - [test] loss: 0.0378 (+/-0.0531)
2019-07-22 12:47:39,404 INFO - logger - Iter 6800 - time: 18    - [train] loss: 0.0315 (+/-0.0207) - [valid] loss: 0.0259 (+/-0.0162) - [test] loss: 0.0584 (+/-0.0623)
2019-07-22 12:47:58,402 INFO - logger - Iter 6900 - time: 18    - [train] loss: 0.0411 (+/-0.0426) - [valid] loss: 0.0742 (+/-0.0964) - [test] loss: 0.0434 (+/-0.0378)
2019-07-22 12:48:17,209 INFO - logger - Iter 7000 - time: 18    - [train] loss: 0.0671 (+/-0.0814) - [valid] loss: 0.019  (+/-0.0075) - [test] loss: 0.027  (+/-0.0129)
2019-07-22 12:48:35,039 INFO - logger - Iter 7100 - time: 17    - [train] loss: 0.1528 (+/-0.1685) - [valid] loss: 0.0309 (+/-0.0201) - [test] loss: 0.0457 (+/-0.0502)
2019-07-22 12:48:53,790 INFO - logger - Iter 7200 - time: 18    - [train] loss: 0.0217 (+/-0.0058) - [valid] loss: 0.0441 (+/-0.041 ) - [test] loss: 0.1055 (+/-0.1218)
2019-07-22 12:49:12,292 INFO - logger - Iter 7300 - time: 18    - [train] loss: 0.0307 (+/-0.0376) - [valid] loss: 0.0252 (+/-0.0126) - [test] loss: 0.0192 (+/-0.0099)
2019-07-22 12:49:31,288 INFO - logger - Iter 7400 - time: 18    - [train] loss: 0.0361 (+/-0.0489) - [valid] loss: 0.0141 (+/-0.0104) - [test] loss: 0.0335 (+/-0.0393)
2019-07-22 12:49:49,991 INFO - logger - Iter 7500 - time: 18    - [train] loss: 0.0383 (+/-0.0272) - [valid] loss: 0.0344 (+/-0.0277) - [test] loss: 0.0346 (+/-0.0159)
2019-07-22 12:50:08,665 INFO - logger - Iter 7600 - time: 18    - [train] loss: 0.0793 (+/-0.1053) - [valid] loss: 0.0558 (+/-0.0596) - [test] loss: 0.0504 (+/-0.0377)
2019-07-22 12:50:27,310 INFO - logger - Iter 7700 - time: 18    - [train] loss: 0.0502 (+/-0.0501) - [valid] loss: 0.0447 (+/-0.0508) - [test] loss: 0.0471 (+/-0.0422)
2019-07-22 12:50:46,135 INFO - logger - Iter 7800 - time: 18    - [train] loss: 0.0389 (+/-0.0315) - [valid] loss: 0.0702 (+/-0.0671) - [test] loss: 0.0432 (+/-0.0321)
2019-07-22 12:51:04,143 INFO - logger - Iter 7900 - time: 18    - [train] loss: 0.0652 (+/-0.056 ) - [valid] loss: 0.0284 (+/-0.0116) - [test] loss: 0.018  (+/-0.005 )
2019-07-22 12:51:22,804 INFO - logger - Iter 8000 - time: 18    - [train] loss: 0.0433 (+/-0.0233) - [valid] loss: 0.0591 (+/-0.045 ) - [test] loss: 0.037  (+/-0.0351)
2019-07-22 12:51:41,072 INFO - logger - Iter 8100 - time: 18    - [train] loss: 0.0667 (+/-0.1032) - [valid] loss: 0.0451 (+/-0.0686) - [test] loss: 0.0352 (+/-0.0284)
2019-07-22 12:52:00,218 INFO - logger - Iter 8200 - time: 19    - [train] loss: 0.036  (+/-0.0217) - [valid] loss: 0.0645 (+/-0.0579) - [test] loss: 0.0417 (+/-0.0487)
2019-07-22 12:52:19,554 INFO - logger - Iter 8300 - time: 19    - [train] loss: 0.0274 (+/-0.0225) - [valid] loss: 0.0478 (+/-0.0398) - [test] loss: 0.0393 (+/-0.0552)
2019-07-22 12:52:37,982 INFO - logger - Iter 8400 - time: 18    - [train] loss: 0.0198 (+/-0.0094) - [valid] loss: 0.0218 (+/-0.0116) - [test] loss: 0.0442 (+/-0.0185)
2019-07-22 12:52:56,425 INFO - logger - Iter 8500 - time: 18    - [train] loss: 0.0234 (+/-0.0294) - [valid] loss: 0.0283 (+/-0.0297) - [test] loss: 0.0163 (+/-0.0096)
2019-07-22 12:53:15,407 INFO - logger - Iter 8600 - time: 18    - [train] loss: 0.0487 (+/-0.0732) - [valid] loss: 0.0697 (+/-0.0735) - [test] loss: 0.03   (+/-0.0242)
2019-07-22 12:53:33,813 INFO - logger - Iter 8700 - time: 18    - [train] loss: 0.0288 (+/-0.0316) - [valid] loss: 0.025  (+/-0.0202) - [test] loss: 0.0177 (+/-0.0181)
2019-07-22 12:53:51,647 INFO - logger - Iter 8800 - time: 17    - [train] loss: 0.0334 (+/-0.0313) - [valid] loss: 0.0175 (+/-0.01  ) - [test] loss: 0.1378 (+/-0.2455)
2019-07-22 12:54:10,104 INFO - logger - Iter 8900 - time: 18    - [train] loss: 0.0449 (+/-0.0617) - [valid] loss: 0.0525 (+/-0.0331) - [test] loss: 0.0207 (+/-0.0128)
2019-07-22 12:54:28,876 INFO - logger - Iter 9000 - time: 18    - [train] loss: 0.0761 (+/-0.0774) - [valid] loss: 0.0224 (+/-0.012 ) - [test] loss: 0.0564 (+/-0.043 )
2019-07-22 12:54:47,482 INFO - logger - Iter 9100 - time: 18    - [train] loss: 0.029  (+/-0.0212) - [valid] loss: 0.0219 (+/-0.0137) - [test] loss: 0.0411 (+/-0.0305)
2019-07-22 12:55:06,283 INFO - logger - Iter 9200 - time: 18    - [train] loss: 0.0851 (+/-0.1406) - [valid] loss: 0.0613 (+/-0.0572) - [test] loss: 0.0529 (+/-0.0471)
2019-07-22 12:55:24,555 INFO - logger - Iter 9300 - time: 18    - [train] loss: 0.0609 (+/-0.0278) - [valid] loss: 0.0233 (+/-0.0105) - [test] loss: 0.0599 (+/-0.0289)
2019-07-22 12:55:43,603 INFO - logger - Iter 9400 - time: 19    - [train] loss: 0.0345 (+/-0.0349) - [valid] loss: 0.0166 (+/-0.0123) - [test] loss: 0.0542 (+/-0.0695)
2019-07-22 12:56:02,217 INFO - logger - Iter 9500 - time: 18    - [train] loss: 0.0416 (+/-0.0393) - [valid] loss: 0.03   (+/-0.0168) - [test] loss: 0.0259 (+/-0.0141)
2019-07-22 12:56:21,766 INFO - logger - Iter 9600 - time: 19    - [train] loss: 0.1074 (+/-0.1636) - [valid] loss: 0.0929 (+/-0.18  ) - [test] loss: 0.0349 (+/-0.0362)
2019-07-22 12:56:39,959 INFO - logger - Iter 9700 - time: 18    - [train] loss: 0.0319 (+/-0.0243) - [valid] loss: 0.0391 (+/-0.0317) - [test] loss: 0.0306 (+/-0.0194)
2019-07-22 12:56:58,403 INFO - logger - Iter 9800 - time: 18    - [train] loss: 0.0313 (+/-0.0235) - [valid] loss: 0.0523 (+/-0.0737) - [test] loss: 0.0376 (+/-0.031 )
2019-07-22 12:57:16,790 INFO - logger - Iter 9900 - time: 18    - [train] loss: 0.0605 (+/-0.0372) - [valid] loss: 0.0215 (+/-0.0148) - [test] loss: 0.0489 (+/-0.032 )
2019-07-22 12:57:34,889 INFO - logger - Iter 10000 - time: 18    - [train] loss: 0.0216 (+/-0.0123) - [valid] loss: 0.0129 (+/-0.0076) - [test] loss: 0.0178 (+/-0.0132)
2019-07-22 12:57:53,203 INFO - logger - Iter 10100 - time: 18    - [train] loss: 0.0271 (+/-0.022 ) - [valid] loss: 0.024  (+/-0.0168) - [test] loss: 0.0525 (+/-0.0699)
2019-07-22 12:58:10,941 INFO - logger - Iter 10200 - time: 17    - [train] loss: 0.0214 (+/-0.0134) - [valid] loss: 0.0451 (+/-0.0397) - [test] loss: 0.029  (+/-0.0253)
2019-07-22 12:58:29,343 INFO - logger - Iter 10300 - time: 18    - [train] loss: 0.0312 (+/-0.0177) - [valid] loss: 0.013  (+/-0.008 ) - [test] loss: 0.0132 (+/-0.0055)
2019-07-22 12:58:48,103 INFO - logger - Iter 10400 - time: 18    - [train] loss: 0.0221 (+/-0.0207) - [valid] loss: 0.0231 (+/-0.0247) - [test] loss: 0.0251 (+/-0.0237)
2019-07-22 12:59:06,807 INFO - logger - Iter 10500 - time: 18    - [train] loss: 0.0332 (+/-0.0154) - [valid] loss: 0.0493 (+/-0.0474) - [test] loss: 0.0654 (+/-0.0468)
2019-07-22 12:59:25,730 INFO - logger - Iter 10600 - time: 18    - [train] loss: 0.04   (+/-0.0276) - [valid] loss: 0.0371 (+/-0.0288) - [test] loss: 0.0271 (+/-0.0141)
2019-07-22 12:59:43,674 INFO - logger - Iter 10700 - time: 17    - [train] loss: 0.0289 (+/-0.0127) - [valid] loss: 0.0552 (+/-0.0777) - [test] loss: 0.0706 (+/-0.0576)
2019-07-22 13:00:02,539 INFO - logger - Iter 10800 - time: 18    - [train] loss: 0.0258 (+/-0.0106) - [valid] loss: 0.0482 (+/-0.0339) - [test] loss: 0.0332 (+/-0.0235)
2019-07-22 13:00:20,959 INFO - logger - Iter 10900 - time: 18    - [train] loss: 0.0357 (+/-0.0295) - [valid] loss: 0.0322 (+/-0.0154) - [test] loss: 0.0187 (+/-0.0128)
2019-07-22 13:00:39,540 INFO - logger - Iter 11000 - time: 18    - [train] loss: 0.0214 (+/-0.016 ) - [valid] loss: 0.0151 (+/-0.0147) - [test] loss: 0.0141 (+/-0.0053)
2019-07-22 13:00:58,424 INFO - logger - Iter 11100 - time: 18    - [train] loss: 0.013  (+/-0.0065) - [valid] loss: 0.0494 (+/-0.0555) - [test] loss: 0.0346 (+/-0.0295)
2019-07-22 13:01:17,315 INFO - logger - Iter 11200 - time: 18    - [train] loss: 0.0841 (+/-0.0887) - [valid] loss: 0.0226 (+/-0.0164) - [test] loss: 0.0259 (+/-0.014 )
2019-07-22 13:01:35,444 INFO - logger - Iter 11300 - time: 18    - [train] loss: 0.05   (+/-0.0408) - [valid] loss: 0.0316 (+/-0.0553) - [test] loss: 0.0539 (+/-0.0632)
2019-07-22 13:01:54,516 INFO - logger - Iter 11400 - time: 19    - [train] loss: 0.0324 (+/-0.0322) - [valid] loss: 0.0572 (+/-0.0478) - [test] loss: 0.0385 (+/-0.049 )
2019-07-22 13:02:12,558 INFO - logger - Iter 11500 - time: 18    - [train] loss: 0.0138 (+/-0.0107) - [valid] loss: 0.0654 (+/-0.0669) - [test] loss: 0.0902 (+/-0.1203)
2019-07-22 13:02:31,188 INFO - logger - Iter 11600 - time: 18    - [train] loss: 0.0216 (+/-0.0143) - [valid] loss: 0.0997 (+/-0.0973) - [test] loss: 0.0227 (+/-0.0245)
2019-07-22 13:02:49,953 INFO - logger - Iter 11700 - time: 18    - [train] loss: 0.0167 (+/-0.0102) - [valid] loss: 0.0597 (+/-0.0721) - [test] loss: 0.1033 (+/-0.1851)
2019-07-22 13:03:08,409 INFO - logger - Iter 11800 - time: 18    - [train] loss: 0.0105 (+/-0.0049) - [valid] loss: 0.0272 (+/-0.0243) - [test] loss: 0.0257 (+/-0.029 )
2019-07-22 13:03:27,977 INFO - logger - Iter 11900 - time: 19    - [train] loss: 0.0442 (+/-0.0348) - [valid] loss: 0.0294 (+/-0.0177) - [test] loss: 0.0421 (+/-0.0237)
2019-07-22 13:03:46,420 INFO - logger - Iter 12000 - time: 18    - [train] loss: 0.0311 (+/-0.018 ) - [valid] loss: 0.0448 (+/-0.0633) - [test] loss: 0.0305 (+/-0.0327)
2019-07-22 13:04:04,600 INFO - logger - Iter 12100 - time: 18    - [train] loss: 0.0479 (+/-0.0442) - [valid] loss: 0.024  (+/-0.0205) - [test] loss: 0.029  (+/-0.0325)
2019-07-22 13:04:22,760 INFO - logger - Iter 12200 - time: 18    - [train] loss: 0.0504 (+/-0.053 ) - [valid] loss: 0.0178 (+/-0.0122) - [test] loss: 0.0498 (+/-0.0367)
2019-07-22 13:04:40,406 INFO - logger - Iter 12300 - time: 17    - [train] loss: 0.0215 (+/-0.0174) - [valid] loss: 0.0201 (+/-0.0083) - [test] loss: 0.0186 (+/-0.0094)
2019-07-22 13:04:59,277 INFO - logger - Iter 12400 - time: 18    - [train] loss: 0.0136 (+/-0.0042) - [valid] loss: 0.0294 (+/-0.0197) - [test] loss: 0.0315 (+/-0.0245)
2019-07-22 13:05:17,680 INFO - logger - Iter 12500 - time: 18    - [train] loss: 0.0155 (+/-0.0115) - [valid] loss: 0.0549 (+/-0.0517) - [test] loss: 0.0249 (+/-0.0165)
2019-07-22 13:05:35,929 INFO - logger - Iter 12600 - time: 18    - [train] loss: 0.0419 (+/-0.0336) - [valid] loss: 0.0661 (+/-0.0642) - [test] loss: 0.0419 (+/-0.0266)
2019-07-22 13:05:54,398 INFO - logger - Iter 12700 - time: 18    - [train] loss: 0.0371 (+/-0.0452) - [valid] loss: 0.0225 (+/-0.0166) - [test] loss: 0.0227 (+/-0.0152)
2019-07-22 13:06:13,253 INFO - logger - Iter 12800 - time: 18    - [train] loss: 0.0512 (+/-0.0477) - [valid] loss: 0.0575 (+/-0.0616) - [test] loss: 0.0281 (+/-0.0189)
2019-07-22 13:06:31,391 INFO - logger - Iter 12900 - time: 18    - [train] loss: 0.0234 (+/-0.0125) - [valid] loss: 0.0251 (+/-0.0086) - [test] loss: 0.0142 (+/-0.0064)
2019-07-22 13:06:49,769 INFO - logger - Iter 13000 - time: 18    - [train] loss: 0.0402 (+/-0.0344) - [valid] loss: 0.0285 (+/-0.0344) - [test] loss: 0.0289 (+/-0.0189)
2019-07-22 13:07:07,987 INFO - logger - Iter 13100 - time: 18    - [train] loss: 0.0451 (+/-0.0311) - [valid] loss: 0.02   (+/-0.0129) - [test] loss: 0.0208 (+/-0.0108)
2019-07-22 13:07:26,566 INFO - logger - Iter 13200 - time: 18    - [train] loss: 0.0317 (+/-0.0168) - [valid] loss: 0.0149 (+/-0.0092) - [test] loss: 0.0382 (+/-0.0304)
2019-07-22 13:07:45,014 INFO - logger - Iter 13300 - time: 18    - [train] loss: 0.0579 (+/-0.0648) - [valid] loss: 0.0515 (+/-0.0529) - [test] loss: 0.0452 (+/-0.0506)
2019-07-22 13:08:02,635 INFO - logger - Iter 13400 - time: 17    - [train] loss: 0.033  (+/-0.0254) - [valid] loss: 0.0436 (+/-0.0552) - [test] loss: 0.0277 (+/-0.0163)
2019-07-22 13:08:20,812 INFO - logger - Iter 13500 - time: 18    - [train] loss: 0.0199 (+/-0.0157) - [valid] loss: 0.0173 (+/-0.0078) - [test] loss: 0.0425 (+/-0.0447)
2019-07-22 13:08:39,734 INFO - logger - Iter 13600 - time: 18    - [train] loss: 0.0403 (+/-0.053 ) - [valid] loss: 0.0333 (+/-0.0226) - [test] loss: 0.027  (+/-0.022 )
2019-07-22 13:08:58,290 INFO - logger - Iter 13700 - time: 18    - [train] loss: 0.0284 (+/-0.0226) - [valid] loss: 0.0224 (+/-0.0203) - [test] loss: 0.0614 (+/-0.052 )
2019-07-22 13:09:17,041 INFO - logger - Iter 13800 - time: 18    - [train] loss: 0.0579 (+/-0.0729) - [valid] loss: 0.0302 (+/-0.03  ) - [test] loss: 0.0225 (+/-0.0167)
2019-07-22 13:09:35,892 INFO - logger - Iter 13900 - time: 18    - [train] loss: 0.0509 (+/-0.0339) - [valid] loss: 0.0166 (+/-0.013 ) - [test] loss: 0.025  (+/-0.0257)
2019-07-22 13:09:54,965 INFO - logger - Iter 14000 - time: 19    - [train] loss: 0.0321 (+/-0.0366) - [valid] loss: 0.0229 (+/-0.012 ) - [test] loss: 0.03   (+/-0.0256)
2019-07-22 13:10:12,804 INFO - logger - Iter 14100 - time: 17    - [train] loss: 0.0175 (+/-0.0082) - [valid] loss: 0.0404 (+/-0.0405) - [test] loss: 0.0337 (+/-0.0284)
2019-07-22 13:10:31,383 INFO - logger - Iter 14200 - time: 18    - [train] loss: 0.0209 (+/-0.0161) - [valid] loss: 0.0188 (+/-0.0169) - [test] loss: 0.0166 (+/-0.0157)
2019-07-22 13:10:50,378 INFO - logger - Iter 14300 - time: 18    - [train] loss: 0.0352 (+/-0.0173) - [valid] loss: 0.0305 (+/-0.0128) - [test] loss: 0.0352 (+/-0.0194)
2019-07-22 13:11:09,800 INFO - logger - Iter 14400 - time: 19    - [train] loss: 0.1144 (+/-0.1362) - [valid] loss: 0.0333 (+/-0.0223) - [test] loss: 0.0151 (+/-0.0045)
2019-07-22 13:11:27,757 INFO - logger - Iter 14500 - time: 17    - [train] loss: 0.0313 (+/-0.0277) - [valid] loss: 0.0344 (+/-0.0289) - [test] loss: 0.0394 (+/-0.0365)
2019-07-22 13:11:46,075 INFO - logger - Iter 14600 - time: 18    - [train] loss: 0.0448 (+/-0.0362) - [valid] loss: 0.0307 (+/-0.0126) - [test] loss: 0.0152 (+/-0.0082)
2019-07-22 13:12:04,067 INFO - logger - Iter 14700 - time: 17    - [train] loss: 0.0176 (+/-0.014 ) - [valid] loss: 0.0291 (+/-0.0132) - [test] loss: 0.0122 (+/-0.0035)
2019-07-22 13:12:22,683 INFO - logger - Iter 14800 - time: 18    - [train] loss: 0.0277 (+/-0.0202) - [valid] loss: 0.0233 (+/-0.0261) - [test] loss: 0.1295 (+/-0.1459)
2019-07-22 13:12:40,881 INFO - logger - Iter 14900 - time: 18    - [train] loss: 0.0213 (+/-0.0139) - [valid] loss: 0.0189 (+/-0.0135) - [test] loss: 0.0246 (+/-0.0254)
2019-07-22 13:12:58,648 INFO - logger - Iter 15000 - time: 17    - [train] loss: 0.0228 (+/-0.0246) - [valid] loss: 0.0433 (+/-0.029 ) - [test] loss: 0.0298 (+/-0.0159)
2019-07-22 13:13:17,336 INFO - logger - Iter 15100 - time: 18    - [train] loss: 0.019  (+/-0.0091) - [valid] loss: 0.027  (+/-0.0124) - [test] loss: 0.0154 (+/-0.0087)
2019-07-22 13:13:36,428 INFO - logger - Iter 15200 - time: 19    - [train] loss: 0.0353 (+/-0.0271) - [valid] loss: 0.0185 (+/-0.0115) - [test] loss: 0.0209 (+/-0.0106)
2019-07-22 13:13:54,931 INFO - logger - Iter 15300 - time: 18    - [train] loss: 0.0157 (+/-0.009 ) - [valid] loss: 0.0582 (+/-0.0838) - [test] loss: 0.0442 (+/-0.038 )
2019-07-22 13:14:13,583 INFO - logger - Iter 15400 - time: 18    - [train] loss: 0.0293 (+/-0.0178) - [valid] loss: 0.0168 (+/-0.0146) - [test] loss: 0.0525 (+/-0.0526)
2019-07-22 13:14:31,890 INFO - logger - Iter 15500 - time: 18    - [train] loss: 0.1926 (+/-0.2996) - [valid] loss: 0.1372 (+/-0.2561) - [test] loss: 0.0823 (+/-0.1492)
2019-07-22 13:14:50,597 INFO - logger - Iter 15600 - time: 18    - [train] loss: 0.0554 (+/-0.0648) - [valid] loss: 0.0139 (+/-0.0125) - [test] loss: 0.0123 (+/-0.0061)
2019-07-22 13:15:09,697 INFO - logger - Iter 15700 - time: 19    - [train] loss: 0.0438 (+/-0.0435) - [valid] loss: 0.054  (+/-0.0404) - [test] loss: 0.0245 (+/-0.0166)
2019-07-22 13:15:29,143 INFO - logger - Iter 15800 - time: 19    - [train] loss: 0.0716 (+/-0.1076) - [valid] loss: 0.0243 (+/-0.0137) - [test] loss: 0.0557 (+/-0.0416)
2019-07-22 13:15:48,189 INFO - logger - Iter 15900 - time: 19    - [train] loss: 0.0182 (+/-0.0115) - [valid] loss: 0.0368 (+/-0.0329) - [test] loss: 0.0707 (+/-0.1373)
2019-07-22 13:16:06,582 INFO - logger - Iter 16000 - time: 18    - [train] loss: 0.0166 (+/-0.0087) - [valid] loss: 0.0397 (+/-0.0441) - [test] loss: 0.0597 (+/-0.068 )
2019-07-22 13:16:24,731 INFO - logger - Iter 16100 - time: 18    - [train] loss: 0.0278 (+/-0.035 ) - [valid] loss: 0.0112 (+/-0.0047) - [test] loss: 0.0535 (+/-0.0499)
2019-07-22 13:16:43,277 INFO - logger - Iter 16200 - time: 18    - [train] loss: 0.0204 (+/-0.0174) - [valid] loss: 0.0387 (+/-0.0296) - [test] loss: 0.0368 (+/-0.0331)
2019-07-22 13:17:02,140 INFO - logger - Iter 16300 - time: 18    - [train] loss: 0.034  (+/-0.0297) - [valid] loss: 0.0426 (+/-0.0686) - [test] loss: 0.0337 (+/-0.0533)
2019-07-22 13:17:20,675 INFO - logger - Iter 16400 - time: 18    - [train] loss: 0.1607 (+/-0.2222) - [valid] loss: 0.0753 (+/-0.0586) - [test] loss: 0.0173 (+/-0.0072)
2019-07-22 13:17:39,053 INFO - logger - Iter 16500 - time: 18    - [train] loss: 0.0235 (+/-0.0181) - [valid] loss: 0.027  (+/-0.0201) - [test] loss: 0.0494 (+/-0.0309)
2019-07-22 13:17:57,938 INFO - logger - Iter 16600 - time: 18    - [train] loss: 0.0261 (+/-0.0119) - [valid] loss: 0.0321 (+/-0.0168) - [test] loss: 0.0521 (+/-0.0516)
2019-07-22 13:18:16,934 INFO - logger - Iter 16700 - time: 18    - [train] loss: 0.0267 (+/-0.0206) - [valid] loss: 0.0324 (+/-0.0328) - [test] loss: 0.0548 (+/-0.0562)
2019-07-22 13:18:36,310 INFO - logger - Iter 16800 - time: 19    - [train] loss: 0.0655 (+/-0.0608) - [valid] loss: 0.0418 (+/-0.0256) - [test] loss: 0.0731 (+/-0.0769)
2019-07-22 13:18:54,865 INFO - logger - Iter 16900 - time: 18    - [train] loss: 0.0254 (+/-0.0164) - [valid] loss: 0.0165 (+/-0.0081) - [test] loss: 0.2735 (+/-0.5743)
2019-07-22 13:19:13,307 INFO - logger - Iter 17000 - time: 18    - [train] loss: 0.0252 (+/-0.03  ) - [valid] loss: 0.027  (+/-0.0293) - [test] loss: 0.0236 (+/-0.0143)
2019-07-22 13:19:32,340 INFO - logger - Iter 17100 - time: 19    - [train] loss: 0.027  (+/-0.0363) - [valid] loss: 0.0396 (+/-0.0372) - [test] loss: 0.047  (+/-0.0826)
2019-07-22 13:19:51,289 INFO - logger - Iter 17200 - time: 18    - [train] loss: 0.0344 (+/-0.0256) - [valid] loss: 0.0451 (+/-0.058 ) - [test] loss: 0.081  (+/-0.1033)
2019-07-22 13:20:10,211 INFO - logger - Iter 17300 - time: 18    - [train] loss: 0.0301 (+/-0.0337) - [valid] loss: 0.0292 (+/-0.0184) - [test] loss: 0.0328 (+/-0.0173)
2019-07-22 13:20:28,504 INFO - logger - Iter 17400 - time: 18    - [train] loss: 0.0204 (+/-0.0128) - [valid] loss: 0.0675 (+/-0.1177) - [test] loss: 0.0211 (+/-0.0096)
2019-07-22 13:20:47,861 INFO - logger - Iter 17500 - time: 19    - [train] loss: 0.0382 (+/-0.0315) - [valid] loss: 0.0214 (+/-0.0232) - [test] loss: 0.0453 (+/-0.0397)
2019-07-22 13:21:06,469 INFO - logger - Iter 17600 - time: 18    - [train] loss: 0.0088 (+/-0.0051) - [valid] loss: 0.0503 (+/-0.0628) - [test] loss: 0.027  (+/-0.0248)
2019-07-22 13:21:24,750 INFO - logger - Iter 17700 - time: 18    - [train] loss: 0.0234 (+/-0.0263) - [valid] loss: 0.021  (+/-0.0181) - [test] loss: 0.0381 (+/-0.0422)
2019-07-22 13:21:43,451 INFO - logger - Iter 17800 - time: 18    - [train] loss: 0.0355 (+/-0.0345) - [valid] loss: 0.0295 (+/-0.0251) - [test] loss: 0.0907 (+/-0.1254)
2019-07-22 13:22:02,572 INFO - logger - Iter 17900 - time: 19    - [train] loss: 0.0252 (+/-0.0187) - [valid] loss: 0.0172 (+/-0.0071) - [test] loss: 0.0142 (+/-0.0096)
2019-07-22 13:22:20,618 INFO - logger - Iter 18000 - time: 18    - [train] loss: 0.0546 (+/-0.0525) - [valid] loss: 0.0311 (+/-0.0412) - [test] loss: 0.0256 (+/-0.0181)
2019-07-22 13:22:38,723 INFO - logger - Iter 18100 - time: 18    - [train] loss: 0.0925 (+/-0.0935) - [valid] loss: 0.0534 (+/-0.0594) - [test] loss: 0.0347 (+/-0.0331)
2019-07-22 13:22:56,920 INFO - logger - Iter 18200 - time: 18    - [train] loss: 0.0154 (+/-0.0116) - [valid] loss: 0.0393 (+/-0.0518) - [test] loss: 0.0536 (+/-0.0643)
2019-07-22 13:23:16,262 INFO - logger - Iter 18300 - time: 19    - [train] loss: 0.0191 (+/-0.0118) - [valid] loss: 0.0199 (+/-0.0113) - [test] loss: 0.0144 (+/-0.0062)
2019-07-22 13:23:35,269 INFO - logger - Iter 18400 - time: 19    - [train] loss: 0.0409 (+/-0.0261) - [valid] loss: 0.0179 (+/-0.0095) - [test] loss: 0.0601 (+/-0.0669)
2019-07-22 13:23:54,414 INFO - logger - Iter 18500 - time: 19    - [train] loss: 0.0151 (+/-0.0071) - [valid] loss: 0.025  (+/-0.0206) - [test] loss: 0.0228 (+/-0.0103)
2019-07-22 13:24:12,924 INFO - logger - Iter 18600 - time: 18    - [train] loss: 0.0303 (+/-0.022 ) - [valid] loss: 0.0368 (+/-0.0512) - [test] loss: 0.0377 (+/-0.0426)
2019-07-22 13:24:31,560 INFO - logger - Iter 18700 - time: 18    - [train] loss: 0.0403 (+/-0.0269) - [valid] loss: 0.0333 (+/-0.0554) - [test] loss: 0.0399 (+/-0.0446)
2019-07-22 13:24:50,188 INFO - logger - Iter 18800 - time: 18    - [train] loss: 0.0102 (+/-0.0051) - [valid] loss: 0.022  (+/-0.0201) - [test] loss: 0.0233 (+/-0.0139)
2019-07-22 13:25:08,564 INFO - logger - Iter 18900 - time: 18    - [train] loss: 0.0439 (+/-0.06  ) - [valid] loss: 0.0284 (+/-0.023 ) - [test] loss: 0.034  (+/-0.0176)
2019-07-22 13:25:27,088 INFO - logger - Iter 19000 - time: 18    - [train] loss: 0.0119 (+/-0.0062) - [valid] loss: 0.0436 (+/-0.0555) - [test] loss: 0.0487 (+/-0.0545)
2019-07-22 13:25:45,545 INFO - logger - Iter 19100 - time: 18    - [train] loss: 0.0517 (+/-0.0368) - [valid] loss: 0.0524 (+/-0.0578) - [test] loss: 0.0279 (+/-0.0179)
2019-07-22 13:26:04,117 INFO - logger - Iter 19200 - time: 18    - [train] loss: 0.0105 (+/-0.0043) - [valid] loss: 0.0227 (+/-0.0194) - [test] loss: 0.0241 (+/-0.0245)
2019-07-22 13:26:22,284 INFO - logger - Iter 19300 - time: 18    - [train] loss: 0.0246 (+/-0.0173) - [valid] loss: 0.0765 (+/-0.1346) - [test] loss: 0.0342 (+/-0.0371)
2019-07-22 13:26:40,419 INFO - logger - Iter 19400 - time: 18    - [train] loss: 0.0255 (+/-0.0262) - [valid] loss: 0.0306 (+/-0.02  ) - [test] loss: 0.0352 (+/-0.0373)
2019-07-22 13:26:58,822 INFO - logger - Iter 19500 - time: 18    - [train] loss: 0.0374 (+/-0.0267) - [valid] loss: 0.0142 (+/-0.0097) - [test] loss: 0.0812 (+/-0.1403)
2019-07-22 13:27:17,487 INFO - logger - Iter 19600 - time: 18    - [train] loss: 0.0145 (+/-0.0069) - [valid] loss: 0.0278 (+/-0.0348) - [test] loss: 0.0205 (+/-0.0187)
2019-07-22 13:27:36,210 INFO - logger - Iter 19700 - time: 18    - [train] loss: 0.0277 (+/-0.0237) - [valid] loss: 0.0241 (+/-0.0238) - [test] loss: 0.0584 (+/-0.0803)
2019-07-22 13:27:53,973 INFO - logger - Iter 19800 - time: 17    - [train] loss: 0.0145 (+/-0.0217) - [valid] loss: 0.0306 (+/-0.0177) - [test] loss: 0.0205 (+/-0.0205)
2019-07-22 13:28:12,332 INFO - logger - Iter 19900 - time: 18    - [train] loss: 0.0767 (+/-0.0649) - [valid] loss: 0.0208 (+/-0.0101) - [test] loss: 0.0907 (+/-0.1526)
2019-07-22 13:28:31,409 INFO - logger - Iter 20000 - time: 19    - [train] loss: 0.0454 (+/-0.0379) - [valid] loss: 0.0442 (+/-0.0476) - [test] loss: 0.0812 (+/-0.0886)
2019-07-22 13:28:50,702 INFO - logger - Iter 20100 - time: 19    - [train] loss: 0.0374 (+/-0.0344) - [valid] loss: 0.0556 (+/-0.0896) - [test] loss: 0.0183 (+/-0.0104)
2019-07-22 13:29:10,011 INFO - logger - Iter 20200 - time: 19    - [train] loss: 0.0165 (+/-0.0171) - [valid] loss: 0.0194 (+/-0.0136) - [test] loss: 0.0411 (+/-0.0355)
2019-07-22 13:29:28,718 INFO - logger - Iter 20300 - time: 18    - [train] loss: 0.0437 (+/-0.0347) - [valid] loss: 0.0184 (+/-0.0084) - [test] loss: 0.0361 (+/-0.0396)
2019-07-22 13:29:46,762 INFO - logger - Iter 20400 - time: 18    - [train] loss: 0.0253 (+/-0.0246) - [valid] loss: 0.0657 (+/-0.0786) - [test] loss: 0.0163 (+/-0.0085)
2019-07-22 13:30:06,185 INFO - logger - Iter 20500 - time: 19    - [train] loss: 0.0336 (+/-0.0297) - [valid] loss: 0.0366 (+/-0.048 ) - [test] loss: 0.0268 (+/-0.0154)
2019-07-22 13:30:24,468 INFO - logger - Iter 20600 - time: 18    - [train] loss: 0.0358 (+/-0.0346) - [valid] loss: 0.068  (+/-0.0902) - [test] loss: 0.0335 (+/-0.034 )
2019-07-22 13:30:42,461 INFO - logger - Iter 20700 - time: 17    - [train] loss: 0.0226 (+/-0.0104) - [valid] loss: 0.016  (+/-0.0079) - [test] loss: 0.026  (+/-0.0211)
2019-07-22 13:31:01,079 INFO - logger - Iter 20800 - time: 18    - [train] loss: 0.0278 (+/-0.0201) - [valid] loss: 0.0098 (+/-0.0056) - [test] loss: 0.0417 (+/-0.0404)
2019-07-22 13:31:20,214 INFO - logger - Iter 20900 - time: 19    - [train] loss: 0.0257 (+/-0.0211) - [valid] loss: 0.0123 (+/-0.007 ) - [test] loss: 0.055  (+/-0.0588)
2019-07-22 13:31:39,131 INFO - logger - Iter 21000 - time: 18    - [train] loss: 0.0199 (+/-0.0189) - [valid] loss: 0.0301 (+/-0.0244) - [test] loss: 0.0604 (+/-0.0419)
2019-07-22 13:31:57,173 INFO - logger - Iter 21100 - time: 18    - [train] loss: 0.0165 (+/-0.0076) - [valid] loss: 0.028  (+/-0.0163) - [test] loss: 0.0425 (+/-0.0238)
2019-07-22 13:32:16,366 INFO - logger - Iter 21200 - time: 19    - [train] loss: 0.0373 (+/-0.0445) - [valid] loss: 0.0192 (+/-0.0088) - [test] loss: 0.0147 (+/-0.0075)
2019-07-22 13:32:34,912 INFO - logger - Iter 21300 - time: 18    - [train] loss: 0.022  (+/-0.0186) - [valid] loss: 0.0214 (+/-0.0129) - [test] loss: 0.0436 (+/-0.05  )
2019-07-22 13:32:53,183 INFO - logger - Iter 21400 - time: 18    - [train] loss: 0.0268 (+/-0.0161) - [valid] loss: 0.074  (+/-0.0882) - [test] loss: 0.039  (+/-0.0728)
2019-07-22 13:33:11,126 INFO - logger - Iter 21500 - time: 17    - [train] loss: 0.0458 (+/-0.054 ) - [valid] loss: 0.0097 (+/-0.004 ) - [test] loss: 0.0825 (+/-0.1141)
2019-07-22 13:33:30,401 INFO - logger - Iter 21600 - time: 19    - [train] loss: 0.0368 (+/-0.0294) - [valid] loss: 0.0113 (+/-0.0054) - [test] loss: 0.0241 (+/-0.0109)
2019-07-22 13:33:49,521 INFO - logger - Iter 21700 - time: 19    - [train] loss: 0.0425 (+/-0.0203) - [valid] loss: 0.0251 (+/-0.0339) - [test] loss: 0.03   (+/-0.0143)
2019-07-22 13:34:08,847 INFO - logger - Iter 21800 - time: 19    - [train] loss: 0.013  (+/-0.0069) - [valid] loss: 0.0237 (+/-0.0251) - [test] loss: 0.0372 (+/-0.0434)
2019-07-22 13:34:27,791 INFO - logger - Iter 21900 - time: 18    - [train] loss: 0.0146 (+/-0.0076) - [valid] loss: 0.0173 (+/-0.0155) - [test] loss: 0.0172 (+/-0.0177)
2019-07-22 13:34:45,881 INFO - logger - Iter 22000 - time: 18    - [train] loss: 0.0184 (+/-0.0141) - [valid] loss: 0.0429 (+/-0.0337) - [test] loss: 0.0198 (+/-0.0127)
2019-07-22 13:35:05,407 INFO - logger - Iter 22100 - time: 19    - [train] loss: 0.0293 (+/-0.0232) - [valid] loss: 0.011  (+/-0.0037) - [test] loss: 0.0149 (+/-0.0068)
2019-07-22 13:35:23,992 INFO - logger - Iter 22200 - time: 18    - [train] loss: 0.0352 (+/-0.0248) - [valid] loss: 0.0938 (+/-0.0777) - [test] loss: 0.0339 (+/-0.0158)
2019-07-22 13:35:42,122 INFO - logger - Iter 22300 - time: 18    - [train] loss: 0.0175 (+/-0.0073) - [valid] loss: 0.0229 (+/-0.0165) - [test] loss: 0.0284 (+/-0.0277)
2019-07-22 13:36:00,961 INFO - logger - Iter 22400 - time: 18    - [train] loss: 0.0189 (+/-0.0179) - [valid] loss: 0.0283 (+/-0.0206) - [test] loss: 0.1471 (+/-0.2906)
2019-07-22 13:36:19,615 INFO - logger - Iter 22500 - time: 18    - [train] loss: 0.0523 (+/-0.0851) - [valid] loss: 0.044  (+/-0.0231) - [test] loss: 0.0805 (+/-0.0964)
2019-07-22 13:36:37,182 INFO - logger - Iter 22600 - time: 17    - [train] loss: 0.0241 (+/-0.0146) - [valid] loss: 0.0255 (+/-0.0175) - [test] loss: 0.0407 (+/-0.0449)
2019-07-22 13:36:55,673 INFO - logger - Iter 22700 - time: 18    - [train] loss: 0.0254 (+/-0.0209) - [valid] loss: 0.0642 (+/-0.0713) - [test] loss: 0.0909 (+/-0.1073)
2019-07-22 13:37:14,698 INFO - logger - Iter 22800 - time: 19    - [train] loss: 0.0329 (+/-0.0433) - [valid] loss: 0.0213 (+/-0.0203) - [test] loss: 0.0262 (+/-0.0278)
2019-07-22 13:37:34,064 INFO - logger - Iter 22900 - time: 19    - [train] loss: 0.0279 (+/-0.0378) - [valid] loss: 0.0205 (+/-0.0171) - [test] loss: 0.0431 (+/-0.0602)
2019-07-22 13:37:53,398 INFO - logger - Iter 23000 - time: 19    - [train] loss: 0.0194 (+/-0.0181) - [valid] loss: 0.0302 (+/-0.0209) - [test] loss: 0.0437 (+/-0.0426)
2019-07-22 13:38:11,274 INFO - logger - Iter 23100 - time: 17    - [train] loss: 0.0235 (+/-0.0154) - [valid] loss: 0.0225 (+/-0.0122) - [test] loss: 0.0159 (+/-0.0074)
2019-07-22 13:38:30,355 INFO - logger - Iter 23200 - time: 19    - [train] loss: 0.018  (+/-0.0106) - [valid] loss: 0.0204 (+/-0.0087) - [test] loss: 0.0284 (+/-0.0265)
2019-07-22 13:38:49,197 INFO - logger - Iter 23300 - time: 18    - [train] loss: 0.0265 (+/-0.0292) - [valid] loss: 0.0222 (+/-0.0166) - [test] loss: 0.0397 (+/-0.036 )
2019-07-22 13:39:07,437 INFO - logger - Iter 23400 - time: 18    - [train] loss: 0.0231 (+/-0.0283) - [valid] loss: 0.0229 (+/-0.0162) - [test] loss: 0.03   (+/-0.0388)
2019-07-22 13:39:26,315 INFO - logger - Iter 23500 - time: 18    - [train] loss: 0.0631 (+/-0.0672) - [valid] loss: 0.0165 (+/-0.0104) - [test] loss: 0.0213 (+/-0.0167)
2019-07-22 13:39:45,580 INFO - logger - Iter 23600 - time: 19    - [train] loss: 0.063  (+/-0.0743) - [valid] loss: 0.0172 (+/-0.0067) - [test] loss: 0.0933 (+/-0.1365)
2019-07-22 13:40:04,410 INFO - logger - Iter 23700 - time: 18    - [train] loss: 0.0189 (+/-0.0087) - [valid] loss: 0.0296 (+/-0.0224) - [test] loss: 0.0265 (+/-0.0229)
2019-07-22 13:40:23,027 INFO - logger - Iter 23800 - time: 18    - [train] loss: 0.0533 (+/-0.048 ) - [valid] loss: 0.0233 (+/-0.0141) - [test] loss: 0.12   (+/-0.2093)
2019-07-22 13:40:41,466 INFO - logger - Iter 23900 - time: 18    - [train] loss: 0.0267 (+/-0.0135) - [valid] loss: 0.0123 (+/-0.0095) - [test] loss: 0.0327 (+/-0.0434)
2019-07-22 13:40:59,793 INFO - logger - Iter 24000 - time: 18    - [train] loss: 0.0224 (+/-0.0158) - [valid] loss: 0.0404 (+/-0.0279) - [test] loss: 0.026  (+/-0.018 )
2019-07-22 13:41:18,375 INFO - logger - Iter 24100 - time: 18    - [train] loss: 0.0374 (+/-0.024 ) - [valid] loss: 0.046  (+/-0.05  ) - [test] loss: 0.0183 (+/-0.0182)
2019-07-22 13:41:37,181 INFO - logger - Iter 24200 - time: 18    - [train] loss: 0.0337 (+/-0.0217) - [valid] loss: 0.0373 (+/-0.0397) - [test] loss: 0.0205 (+/-0.0154)
2019-07-22 13:41:56,027 INFO - logger - Iter 24300 - time: 18    - [train] loss: 0.0327 (+/-0.0315) - [valid] loss: 0.0638 (+/-0.0876) - [test] loss: 0.0246 (+/-0.0199)
2019-07-22 13:42:15,017 INFO - logger - Iter 24400 - time: 18    - [train] loss: 0.0265 (+/-0.0274) - [valid] loss: 0.0108 (+/-0.0062) - [test] loss: 0.0587 (+/-0.0806)
2019-07-22 13:42:33,494 INFO - logger - Iter 24500 - time: 18    - [train] loss: 0.027  (+/-0.0229) - [valid] loss: 0.0494 (+/-0.0627) - [test] loss: 0.013  (+/-0.0098)
2019-07-22 13:42:51,590 INFO - logger - Iter 24600 - time: 18    - [train] loss: 0.0095 (+/-0.0034) - [valid] loss: 0.0198 (+/-0.0107) - [test] loss: 0.0212 (+/-0.01  )
2019-07-22 13:43:10,439 INFO - logger - Iter 24700 - time: 18    - [train] loss: 0.0098 (+/-0.0035) - [valid] loss: 0.0196 (+/-0.0192) - [test] loss: 0.04   (+/-0.0551)
2019-07-22 13:43:29,664 INFO - logger - Iter 24800 - time: 19    - [train] loss: 0.0349 (+/-0.0286) - [valid] loss: 0.0162 (+/-0.0126) - [test] loss: 0.0188 (+/-0.0101)
2019-07-22 13:43:47,748 INFO - logger - Iter 24900 - time: 18    - [train] loss: 0.0181 (+/-0.0132) - [valid] loss: 0.0164 (+/-0.0148) - [test] loss: 0.0425 (+/-0.0231)
2019-07-22 13:44:06,825 INFO - logger - Iter 25000 - time: 19    - [train] loss: 0.0125 (+/-0.008 ) - [valid] loss: 0.0291 (+/-0.0174) - [test] loss: 0.0346 (+/-0.0433)
2019-07-22 13:44:25,486 INFO - logger - Iter 25100 - time: 18    - [train] loss: 0.0251 (+/-0.0129) - [valid] loss: 0.0167 (+/-0.0115) - [test] loss: 0.0273 (+/-0.0165)
2019-07-22 13:44:43,980 INFO - logger - Iter 25200 - time: 18    - [train] loss: 0.0152 (+/-0.0092) - [valid] loss: 0.0179 (+/-0.0177) - [test] loss: 0.0152 (+/-0.0072)
2019-07-22 13:45:02,948 INFO - logger - Iter 25300 - time: 18    - [train] loss: 0.1043 (+/-0.1376) - [valid] loss: 0.0515 (+/-0.0517) - [test] loss: 0.0209 (+/-0.0091)
2019-07-22 13:45:21,178 INFO - logger - Iter 25400 - time: 18    - [train] loss: 0.0271 (+/-0.0152) - [valid] loss: 0.0733 (+/-0.128 ) - [test] loss: 0.0123 (+/-0.0037)
2019-07-22 13:45:40,303 INFO - logger - Iter 25500 - time: 19    - [train] loss: 0.0174 (+/-0.017 ) - [valid] loss: 0.0262 (+/-0.0244) - [test] loss: 0.0169 (+/-0.0066)
2019-07-22 13:45:58,689 INFO - logger - Iter 25600 - time: 18    - [train] loss: 0.0677 (+/-0.0701) - [valid] loss: 0.0104 (+/-0.0048) - [test] loss: 0.0229 (+/-0.0214)
2019-07-22 13:46:18,001 INFO - logger - Iter 25700 - time: 19    - [train] loss: 0.0249 (+/-0.0243) - [valid] loss: 0.0132 (+/-0.0059) - [test] loss: 0.0189 (+/-0.0156)
2019-07-22 13:46:36,534 INFO - logger - Iter 25800 - time: 18    - [train] loss: 0.021  (+/-0.0213) - [valid] loss: 0.0517 (+/-0.0604) - [test] loss: 0.0198 (+/-0.0098)
2019-07-22 13:46:54,729 INFO - logger - Iter 25900 - time: 18    - [train] loss: 0.0263 (+/-0.0177) - [valid] loss: 0.072  (+/-0.0743) - [test] loss: 0.1438 (+/-0.2799)
2019-07-22 13:47:13,318 INFO - logger - Iter 26000 - time: 18    - [train] loss: 0.0281 (+/-0.0269) - [valid] loss: 0.0366 (+/-0.0248) - [test] loss: 0.0198 (+/-0.0184)
2019-07-22 13:47:31,504 INFO - logger - Iter 26100 - time: 18    - [train] loss: 0.0905 (+/-0.1074) - [valid] loss: 0.0252 (+/-0.0123) - [test] loss: 0.0155 (+/-0.0036)
2019-07-22 13:47:49,767 INFO - logger - Iter 26200 - time: 18    - [train] loss: 0.0139 (+/-0.0117) - [valid] loss: 0.0106 (+/-0.0038) - [test] loss: 0.0367 (+/-0.0387)
2019-07-22 13:48:08,627 INFO - logger - Iter 26300 - time: 18    - [train] loss: 0.034  (+/-0.0293) - [valid] loss: 0.0457 (+/-0.0587) - [test] loss: 0.0115 (+/-0.0081)
2019-07-22 13:48:27,266 INFO - logger - Iter 26400 - time: 18    - [train] loss: 0.0479 (+/-0.0736) - [valid] loss: 0.0523 (+/-0.0476) - [test] loss: 0.0495 (+/-0.0678)
2019-07-22 13:48:45,184 INFO - logger - Iter 26500 - time: 17    - [train] loss: 0.0381 (+/-0.0484) - [valid] loss: 0.0445 (+/-0.0339) - [test] loss: 0.0536 (+/-0.0813)
2019-07-22 13:49:04,556 INFO - logger - Iter 26600 - time: 19    - [train] loss: 0.0221 (+/-0.0172) - [valid] loss: 0.0305 (+/-0.0458) - [test] loss: 0.0127 (+/-0.0097)
2019-07-22 13:49:23,102 INFO - logger - Iter 26700 - time: 18    - [train] loss: 0.0153 (+/-0.0147) - [valid] loss: 0.0237 (+/-0.021 ) - [test] loss: 0.0341 (+/-0.0331)
2019-07-22 13:49:41,023 INFO - logger - Iter 26800 - time: 17    - [train] loss: 0.0246 (+/-0.0257) - [valid] loss: 0.0188 (+/-0.0226) - [test] loss: 0.0361 (+/-0.0272)
2019-07-22 13:49:59,000 INFO - logger - Iter 26900 - time: 17    - [train] loss: 0.0167 (+/-0.0119) - [valid] loss: 0.0542 (+/-0.0581) - [test] loss: 0.0311 (+/-0.0164)
2019-07-22 13:50:17,190 INFO - logger - Iter 27000 - time: 18    - [train] loss: 0.0238 (+/-0.0231) - [valid] loss: 0.0345 (+/-0.0276) - [test] loss: 0.1034 (+/-0.1164)
2019-07-22 13:50:35,946 INFO - logger - Iter 27100 - time: 18    - [train] loss: 0.019  (+/-0.0152) - [valid] loss: 0.0876 (+/-0.1066) - [test] loss: 0.0768 (+/-0.0589)
2019-07-22 13:50:54,621 INFO - logger - Iter 27200 - time: 18    - [train] loss: 0.0188 (+/-0.0125) - [valid] loss: 0.0196 (+/-0.0121) - [test] loss: 0.0585 (+/-0.0904)
2019-07-22 13:51:13,158 INFO - logger - Iter 27300 - time: 18    - [train] loss: 0.0435 (+/-0.0267) - [valid] loss: 0.0234 (+/-0.0096) - [test] loss: 0.0209 (+/-0.0111)
2019-07-22 13:51:32,179 INFO - logger - Iter 27400 - time: 19    - [train] loss: 0.0175 (+/-0.0129) - [valid] loss: 0.0239 (+/-0.0124) - [test] loss: 0.0139 (+/-0.0112)
2019-07-22 13:51:51,398 INFO - logger - Iter 27500 - time: 19    - [train] loss: 0.0165 (+/-0.0148) - [valid] loss: 0.0197 (+/-0.0165) - [test] loss: 0.0601 (+/-0.0619)
2019-07-22 13:52:09,668 INFO - logger - Iter 27600 - time: 18    - [train] loss: 0.1103 (+/-0.1925) - [valid] loss: 0.0246 (+/-0.0145) - [test] loss: 0.0343 (+/-0.0165)
2019-07-22 13:52:28,422 INFO - logger - Iter 27700 - time: 18    - [train] loss: 0.0202 (+/-0.0145) - [valid] loss: 0.0139 (+/-0.009 ) - [test] loss: 0.0491 (+/-0.0468)
2019-07-22 13:52:46,659 INFO - logger - Iter 27800 - time: 18    - [train] loss: 0.024  (+/-0.0126) - [valid] loss: 0.0267 (+/-0.0327) - [test] loss: 0.022  (+/-0.0205)
2019-07-22 13:53:04,596 INFO - logger - Iter 27900 - time: 17    - [train] loss: 0.037  (+/-0.031 ) - [valid] loss: 0.0253 (+/-0.0182) - [test] loss: 0.0149 (+/-0.0036)
2019-07-22 13:53:23,147 INFO - logger - Iter 28000 - time: 18    - [train] loss: 0.0498 (+/-0.0522) - [valid] loss: 0.0232 (+/-0.0089) - [test] loss: 0.0616 (+/-0.0487)
2019-07-22 13:53:41,793 INFO - logger - Iter 28100 - time: 18    - [train] loss: 0.0246 (+/-0.0182) - [valid] loss: 0.0246 (+/-0.0197) - [test] loss: 0.0324 (+/-0.0285)
2019-07-22 13:54:00,340 INFO - logger - Iter 28200 - time: 18    - [train] loss: 0.0419 (+/-0.0384) - [valid] loss: 0.0317 (+/-0.0165) - [test] loss: 0.0324 (+/-0.0318)
2019-07-22 13:54:18,880 INFO - logger - Iter 28300 - time: 18    - [train] loss: 0.0789 (+/-0.1118) - [valid] loss: 0.0357 (+/-0.0388) - [test] loss: 0.016  (+/-0.013 )
2019-07-22 13:54:37,583 INFO - logger - Iter 28400 - time: 18    - [train] loss: 0.0466 (+/-0.0587) - [valid] loss: 0.0134 (+/-0.0096) - [test] loss: 0.0555 (+/-0.097 )
2019-07-22 13:54:56,953 INFO - logger - Iter 28500 - time: 19    - [train] loss: 0.0788 (+/-0.1038) - [valid] loss: 0.0409 (+/-0.0402) - [test] loss: 0.016  (+/-0.0082)
2019-07-22 13:55:15,202 INFO - logger - Iter 28600 - time: 18    - [train] loss: 0.0452 (+/-0.0765) - [valid] loss: 0.0232 (+/-0.0173) - [test] loss: 0.0246 (+/-0.0217)
2019-07-22 13:55:32,732 INFO - logger - Iter 28700 - time: 17    - [train] loss: 0.0208 (+/-0.0123) - [valid] loss: 0.0525 (+/-0.0326) - [test] loss: 0.0621 (+/-0.0737)
2019-07-22 13:55:51,132 INFO - logger - Iter 28800 - time: 18    - [train] loss: 0.0232 (+/-0.0138) - [valid] loss: 0.0396 (+/-0.0259) - [test] loss: 0.0953 (+/-0.1112)
2019-07-22 13:56:10,391 INFO - logger - Iter 28900 - time: 19    - [train] loss: 0.0151 (+/-0.0086) - [valid] loss: 0.0297 (+/-0.034 ) - [test] loss: 0.0457 (+/-0.0327)
2019-07-22 13:56:29,522 INFO - logger - Iter 29000 - time: 19    - [train] loss: 0.046  (+/-0.0429) - [valid] loss: 0.017  (+/-0.0109) - [test] loss: 0.0236 (+/-0.0191)
2019-07-22 13:56:47,951 INFO - logger - Iter 29100 - time: 18    - [train] loss: 0.0393 (+/-0.0289) - [valid] loss: 0.0141 (+/-0.009 ) - [test] loss: 0.0291 (+/-0.0153)
2019-07-22 13:57:06,492 INFO - logger - Iter 29200 - time: 18    - [train] loss: 0.0321 (+/-0.0339) - [valid] loss: 0.0487 (+/-0.0459) - [test] loss: 0.0266 (+/-0.0189)
2019-07-22 13:57:25,606 INFO - logger - Iter 29300 - time: 19    - [train] loss: 0.014  (+/-0.0056) - [valid] loss: 0.0297 (+/-0.0368) - [test] loss: 0.0088 (+/-0.0034)
2019-07-22 13:57:44,652 INFO - logger - Iter 29400 - time: 19    - [train] loss: 0.0283 (+/-0.028 ) - [valid] loss: 0.0323 (+/-0.0293) - [test] loss: 0.0202 (+/-0.0144)
2019-07-22 13:58:02,614 INFO - logger - Iter 29500 - time: 17    - [train] loss: 0.0233 (+/-0.0136) - [valid] loss: 0.017  (+/-0.0079) - [test] loss: 0.0314 (+/-0.0208)
2019-07-22 13:58:22,088 INFO - logger - Iter 29600 - time: 19    - [train] loss: 0.0116 (+/-0.0103) - [valid] loss: 0.0255 (+/-0.0258) - [test] loss: 0.0166 (+/-0.0078)
2019-07-22 13:58:41,003 INFO - logger - Iter 29700 - time: 18    - [train] loss: 0.0281 (+/-0.0333) - [valid] loss: 0.0156 (+/-0.015 ) - [test] loss: 0.037  (+/-0.0195)
2019-07-22 13:58:58,990 INFO - logger - Iter 29800 - time: 17    - [train] loss: 0.0485 (+/-0.0364) - [valid] loss: 0.0353 (+/-0.0396) - [test] loss: 0.0269 (+/-0.0222)
2019-07-22 13:59:17,186 INFO - logger - Iter 29900 - time: 18    - [train] loss: 0.0274 (+/-0.0195) - [valid] loss: 0.0661 (+/-0.081 ) - [test] loss: 0.033  (+/-0.0453)
2019-07-22 13:59:35,712 INFO - logger - Iter 30000 - time: 18    - [train] loss: 0.0377 (+/-0.0229) - [valid] loss: 0.0094 (+/-0.0042) - [test] loss: 0.0459 (+/-0.047 )
2019-07-22 13:59:54,574 INFO - logger - Iter 30100 - time: 18    - [train] loss: 0.0761 (+/-0.0892) - [valid] loss: 0.0298 (+/-0.0336) - [test] loss: 0.0368 (+/-0.0308)
2019-07-22 14:00:12,978 INFO - logger - Iter 30200 - time: 18    - [train] loss: 0.018  (+/-0.0176) - [valid] loss: 0.0193 (+/-0.0125) - [test] loss: 0.0098 (+/-0.0044)
2019-07-22 14:00:31,516 INFO - logger - Iter 30300 - time: 18    - [train] loss: 0.0327 (+/-0.0242) - [valid] loss: 0.05   (+/-0.036 ) - [test] loss: 0.0369 (+/-0.0314)
2019-07-22 14:00:50,273 INFO - logger - Iter 30400 - time: 18    - [train] loss: 0.0257 (+/-0.0214) - [valid] loss: 0.0454 (+/-0.0485) - [test] loss: 0.0209 (+/-0.0228)
2019-07-22 14:01:08,903 INFO - logger - Iter 30500 - time: 18    - [train] loss: 0.0539 (+/-0.0832) - [valid] loss: 0.0188 (+/-0.0077) - [test] loss: 0.027  (+/-0.0161)
2019-07-22 14:01:27,702 INFO - logger - Iter 30600 - time: 18    - [train] loss: 0.0233 (+/-0.0283) - [valid] loss: 0.03   (+/-0.026 ) - [test] loss: 0.0141 (+/-0.0084)
2019-07-22 14:01:45,922 INFO - logger - Iter 30700 - time: 18    - [train] loss: 0.0108 (+/-0.0056) - [valid] loss: 0.0228 (+/-0.0312) - [test] loss: 0.0716 (+/-0.0575)
2019-07-22 14:02:04,112 INFO - logger - Iter 30800 - time: 18    - [train] loss: 0.0299 (+/-0.0141) - [valid] loss: 0.0306 (+/-0.02  ) - [test] loss: 0.049  (+/-0.048 )
2019-07-22 14:02:22,136 INFO - logger - Iter 30900 - time: 18    - [train] loss: 0.0156 (+/-0.014 ) - [valid] loss: 0.0799 (+/-0.1427) - [test] loss: 0.0158 (+/-0.0173)
2019-07-22 14:02:41,248 INFO - logger - Iter 31000 - time: 19    - [train] loss: 0.0219 (+/-0.0176) - [valid] loss: 0.0312 (+/-0.0354) - [test] loss: 0.0269 (+/-0.0232)
2019-07-22 14:02:59,777 INFO - logger - Iter 31100 - time: 18    - [train] loss: 0.0112 (+/-0.0053) - [valid] loss: 0.0148 (+/-0.0069) - [test] loss: 0.2895 (+/-0.4722)
2019-07-22 14:03:18,115 INFO - logger - Iter 31200 - time: 18    - [train] loss: 0.0497 (+/-0.0446) - [valid] loss: 0.0296 (+/-0.0187) - [test] loss: 0.0948 (+/-0.1842)
2019-07-22 14:03:36,748 INFO - logger - Iter 31300 - time: 18    - [train] loss: 0.0257 (+/-0.0217) - [valid] loss: 0.0121 (+/-0.0118) - [test] loss: 0.0361 (+/-0.0329)
2019-07-22 14:03:55,566 INFO - logger - Iter 31400 - time: 18    - [train] loss: 0.0843 (+/-0.1243) - [valid] loss: 0.0987 (+/-0.1207) - [test] loss: 0.0486 (+/-0.0769)
2019-07-22 14:04:14,872 INFO - logger - Iter 31500 - time: 19    - [train] loss: 0.0165 (+/-0.0107) - [valid] loss: 0.0074 (+/-0.0028) - [test] loss: 0.0111 (+/-0.0063)
2019-07-22 14:04:33,326 INFO - logger - Iter 31600 - time: 18    - [train] loss: 0.0368 (+/-0.0244) - [valid] loss: 0.0321 (+/-0.031 ) - [test] loss: 0.0339 (+/-0.0308)
2019-07-22 14:04:51,603 INFO - logger - Iter 31700 - time: 18    - [train] loss: 0.0185 (+/-0.0124) - [valid] loss: 0.0452 (+/-0.0588) - [test] loss: 0.0345 (+/-0.0315)
2019-07-22 14:05:10,312 INFO - logger - Iter 31800 - time: 18    - [train] loss: 0.0192 (+/-0.0157) - [valid] loss: 0.0261 (+/-0.0192) - [test] loss: 0.0186 (+/-0.0128)
2019-07-22 14:05:29,182 INFO - logger - Iter 31900 - time: 18    - [train] loss: 0.0453 (+/-0.0553) - [valid] loss: 0.0169 (+/-0.0061) - [test] loss: 0.0334 (+/-0.0223)
2019-07-22 14:05:47,806 INFO - logger - Iter 32000 - time: 18    - [train] loss: 0.012  (+/-0.0063) - [valid] loss: 0.0121 (+/-0.0069) - [test] loss: 0.0484 (+/-0.0621)
2019-07-22 14:06:06,518 INFO - logger - Iter 32100 - time: 18    - [train] loss: 0.0353 (+/-0.0341) - [valid] loss: 0.051  (+/-0.0696) - [test] loss: 0.0523 (+/-0.0571)
2019-07-22 14:06:25,576 INFO - logger - Iter 32200 - time: 19    - [train] loss: 0.0226 (+/-0.0123) - [valid] loss: 0.0246 (+/-0.0144) - [test] loss: 0.0377 (+/-0.04  )
2019-07-22 14:06:44,307 INFO - logger - Iter 32300 - time: 18    - [train] loss: 0.0416 (+/-0.0217) - [valid] loss: 0.0416 (+/-0.0455) - [test] loss: 0.029  (+/-0.0151)
2019-07-22 14:07:02,556 INFO - logger - Iter 32400 - time: 18    - [train] loss: 0.0598 (+/-0.0649) - [valid] loss: 0.0384 (+/-0.0345) - [test] loss: 0.0232 (+/-0.0171)
2019-07-22 14:07:21,789 INFO - logger - Iter 32500 - time: 19    - [train] loss: 0.0591 (+/-0.0808) - [valid] loss: 0.0437 (+/-0.078 ) - [test] loss: 0.0654 (+/-0.0921)
2019-07-22 14:07:40,407 INFO - logger - Iter 32600 - time: 18    - [train] loss: 0.0135 (+/-0.0048) - [valid] loss: 0.0184 (+/-0.0135) - [test] loss: 0.0277 (+/-0.0252)
2019-07-22 14:07:59,650 INFO - logger - Iter 32700 - time: 19    - [train] loss: 0.0165 (+/-0.0162) - [valid] loss: 0.0413 (+/-0.042 ) - [test] loss: 0.0104 (+/-0.0054)
2019-07-22 14:08:17,398 INFO - logger - Iter 32800 - time: 17    - [train] loss: 0.0148 (+/-0.0117) - [valid] loss: 0.0234 (+/-0.0173) - [test] loss: 0.0255 (+/-0.0248)
2019-07-22 14:08:35,868 INFO - logger - Iter 32900 - time: 18    - [train] loss: 0.0133 (+/-0.0058) - [valid] loss: 0.0129 (+/-0.0082) - [test] loss: 0.054  (+/-0.0569)
2019-07-22 14:08:55,005 INFO - logger - Iter 33000 - time: 19    - [train] loss: 0.0169 (+/-0.0106) - [valid] loss: 0.0284 (+/-0.0349) - [test] loss: 0.0334 (+/-0.0301)
2019-07-22 14:09:13,378 INFO - logger - Iter 33100 - time: 18    - [train] loss: 0.0135 (+/-0.0055) - [valid] loss: 0.013  (+/-0.0057) - [test] loss: 0.0539 (+/-0.0383)
2019-07-22 14:09:31,456 INFO - logger - Iter 33200 - time: 18    - [train] loss: 0.0258 (+/-0.0179) - [valid] loss: 0.0435 (+/-0.0721) - [test] loss: 0.0117 (+/-0.0087)
2019-07-22 14:09:50,066 INFO - logger - Iter 33300 - time: 18    - [train] loss: 0.0282 (+/-0.0188) - [valid] loss: 0.0219 (+/-0.0352) - [test] loss: 0.0261 (+/-0.0316)
2019-07-22 14:10:09,271 INFO - logger - Iter 33400 - time: 19    - [train] loss: 0.0155 (+/-0.0064) - [valid] loss: 0.0177 (+/-0.0138) - [test] loss: 0.0152 (+/-0.0072)
2019-07-22 14:10:27,051 INFO - logger - Iter 33500 - time: 17    - [train] loss: 0.0206 (+/-0.0106) - [valid] loss: 0.0211 (+/-0.0218) - [test] loss: 0.0199 (+/-0.0099)
2019-07-22 14:10:46,036 INFO - logger - Iter 33600 - time: 18    - [train] loss: 0.0282 (+/-0.0243) - [valid] loss: 0.0316 (+/-0.0242) - [test] loss: 0.0346 (+/-0.0313)
2019-07-22 14:11:05,251 INFO - logger - Iter 33700 - time: 19    - [train] loss: 0.022  (+/-0.0129) - [valid] loss: 0.0243 (+/-0.0225) - [test] loss: 0.0059 (+/-0.0022)
2019-07-22 14:11:24,197 INFO - logger - Iter 33800 - time: 18    - [train] loss: 0.0359 (+/-0.0313) - [valid] loss: 0.0228 (+/-0.0259) - [test] loss: 0.0384 (+/-0.0241)
2019-07-22 14:11:42,439 INFO - logger - Iter 33900 - time: 18    - [train] loss: 0.0171 (+/-0.0145) - [valid] loss: 0.0322 (+/-0.0373) - [test] loss: 0.0272 (+/-0.0248)
2019-07-22 14:12:01,519 INFO - logger - Iter 34000 - time: 19    - [train] loss: 0.0704 (+/-0.1037) - [valid] loss: 0.0195 (+/-0.02  ) - [test] loss: 0.0401 (+/-0.0365)
2019-07-22 14:12:19,959 INFO - logger - Iter 34100 - time: 18    - [train] loss: 0.0494 (+/-0.0597) - [valid] loss: 0.0172 (+/-0.0063) - [test] loss: 0.0218 (+/-0.0137)
2019-07-22 14:12:38,725 INFO - logger - Iter 34200 - time: 18    - [train] loss: 0.0176 (+/-0.01  ) - [valid] loss: 0.0353 (+/-0.038 ) - [test] loss: 0.021  (+/-0.0226)
2019-07-22 14:12:57,417 INFO - logger - Iter 34300 - time: 18    - [train] loss: 0.0132 (+/-0.0102) - [valid] loss: 0.0339 (+/-0.0226) - [test] loss: 0.0314 (+/-0.028 )
2019-07-22 14:13:16,240 INFO - logger - Iter 34400 - time: 18    - [train] loss: 0.0253 (+/-0.021 ) - [valid] loss: 0.0174 (+/-0.0126) - [test] loss: 0.0107 (+/-0.0076)
2019-07-22 14:13:35,245 INFO - logger - Iter 34500 - time: 19    - [train] loss: 0.0177 (+/-0.0174) - [valid] loss: 0.0302 (+/-0.028 ) - [test] loss: 0.0237 (+/-0.0304)
2019-07-22 14:13:55,129 INFO - logger - Iter 34600 - time: 19    - [train] loss: 0.0246 (+/-0.0108) - [valid] loss: 0.0346 (+/-0.0277) - [test] loss: 0.0288 (+/-0.0262)
2019-07-22 14:14:13,676 INFO - logger - Iter 34700 - time: 18    - [train] loss: 0.0241 (+/-0.0135) - [valid] loss: 0.0245 (+/-0.0125) - [test] loss: 0.0267 (+/-0.0072)
2019-07-22 14:14:32,846 INFO - logger - Iter 34800 - time: 19    - [train] loss: 0.0337 (+/-0.0361) - [valid] loss: 0.0261 (+/-0.0125) - [test] loss: 0.0381 (+/-0.0407)
2019-07-22 14:14:51,447 INFO - logger - Iter 34900 - time: 18    - [train] loss: 0.0314 (+/-0.0249) - [valid] loss: 0.0224 (+/-0.0121) - [test] loss: 0.0231 (+/-0.0095)
2019-07-22 14:15:11,066 INFO - logger - Iter 35000 - time: 19    - [train] loss: 0.1082 (+/-0.0956) - [valid] loss: 0.0251 (+/-0.0173) - [test] loss: 0.0601 (+/-0.0608)
2019-07-22 14:15:30,016 INFO - logger - Iter 35100 - time: 18    - [train] loss: 0.0268 (+/-0.0278) - [valid] loss: 0.0155 (+/-0.0084) - [test] loss: 0.0409 (+/-0.0536)
2019-07-22 14:15:48,072 INFO - logger - Iter 35200 - time: 18    - [train] loss: 0.0364 (+/-0.0453) - [valid] loss: 0.0189 (+/-0.0107) - [test] loss: 0.0067 (+/-0.0042)
2019-07-22 14:16:06,942 INFO - logger - Iter 35300 - time: 18    - [train] loss: 0.0255 (+/-0.0183) - [valid] loss: 0.0222 (+/-0.0257) - [test] loss: 0.0177 (+/-0.0078)
2019-07-22 14:16:25,566 INFO - logger - Iter 35400 - time: 18    - [train] loss: 0.1102 (+/-0.1885) - [valid] loss: 0.0448 (+/-0.0397) - [test] loss: 0.0137 (+/-0.0069)
2019-07-22 14:16:44,719 INFO - logger - Iter 35500 - time: 19    - [train] loss: 0.0142 (+/-0.0064) - [valid] loss: 0.0516 (+/-0.0881) - [test] loss: 0.0864 (+/-0.1101)
2019-07-22 14:17:03,361 INFO - logger - Iter 35600 - time: 18    - [train] loss: 0.0298 (+/-0.0286) - [valid] loss: 0.0178 (+/-0.012 ) - [test] loss: 0.0086 (+/-0.0035)
2019-07-22 14:17:21,469 INFO - logger - Iter 35700 - time: 18    - [train] loss: 0.0629 (+/-0.0475) - [valid] loss: 0.0102 (+/-0.0072) - [test] loss: 0.0124 (+/-0.0097)
2019-07-22 14:17:39,960 INFO - logger - Iter 35800 - time: 18    - [train] loss: 0.0381 (+/-0.0332) - [valid] loss: 0.0658 (+/-0.0532) - [test] loss: 0.0277 (+/-0.0243)
2019-07-22 14:17:59,205 INFO - logger - Iter 35900 - time: 19    - [train] loss: 0.0249 (+/-0.0174) - [valid] loss: 0.0338 (+/-0.0429) - [test] loss: 0.022  (+/-0.0111)
2019-07-22 14:18:17,380 INFO - logger - Iter 36000 - time: 18    - [train] loss: 0.0289 (+/-0.0151) - [valid] loss: 0.0353 (+/-0.0393) - [test] loss: 0.032  (+/-0.0436)
2019-07-22 14:18:35,159 INFO - logger - Iter 36100 - time: 17    - [train] loss: 0.0245 (+/-0.0209) - [valid] loss: 0.0422 (+/-0.0431) - [test] loss: 0.0186 (+/-0.0125)
2019-07-22 14:18:53,781 INFO - logger - Iter 36200 - time: 18    - [train] loss: 0.0297 (+/-0.0287) - [valid] loss: 0.0436 (+/-0.0468) - [test] loss: 0.034  (+/-0.0307)
2019-07-22 14:19:12,222 INFO - logger - Iter 36300 - time: 18    - [train] loss: 0.0394 (+/-0.0447) - [valid] loss: 0.0341 (+/-0.0305) - [test] loss: 0.0177 (+/-0.0132)
2019-07-22 14:19:30,756 INFO - logger - Iter 36400 - time: 18    - [train] loss: 0.2012 (+/-0.3292) - [valid] loss: 0.0155 (+/-0.0072) - [test] loss: 0.0539 (+/-0.07  )
2019-07-22 14:19:49,434 INFO - logger - Iter 36500 - time: 18    - [train] loss: 0.044  (+/-0.046 ) - [valid] loss: 0.0149 (+/-0.0075) - [test] loss: 0.0166 (+/-0.0096)
2019-07-22 14:20:09,409 INFO - logger - Iter 36600 - time: 19    - [train] loss: 0.0328 (+/-0.0098) - [valid] loss: 0.0886 (+/-0.1271) - [test] loss: 0.0711 (+/-0.0623)
2019-07-22 14:20:28,083 INFO - logger - Iter 36700 - time: 18    - [train] loss: 0.0172 (+/-0.0086) - [valid] loss: 0.0214 (+/-0.0128) - [test] loss: 0.02   (+/-0.0112)
2019-07-22 14:20:46,489 INFO - logger - Iter 36800 - time: 18    - [train] loss: 0.0516 (+/-0.0634) - [valid] loss: 0.0391 (+/-0.0484) - [test] loss: 0.0407 (+/-0.0296)
2019-07-22 14:21:04,908 INFO - logger - Iter 36900 - time: 18    - [train] loss: 0.0387 (+/-0.0457) - [valid] loss: 0.0401 (+/-0.0387) - [test] loss: 0.0224 (+/-0.0284)
2019-07-22 14:21:24,055 INFO - logger - Iter 37000 - time: 19    - [train] loss: 0.0569 (+/-0.0531) - [valid] loss: 0.0129 (+/-0.0038) - [test] loss: 0.0201 (+/-0.0135)
2019-07-22 14:21:43,148 INFO - logger - Iter 37100 - time: 19    - [train] loss: 0.0146 (+/-0.0064) - [valid] loss: 0.0448 (+/-0.0444) - [test] loss: 0.0105 (+/-0.0049)
2019-07-22 14:22:01,759 INFO - logger - Iter 37200 - time: 18    - [train] loss: 0.0326 (+/-0.0265) - [valid] loss: 0.0429 (+/-0.0335) - [test] loss: 0.0782 (+/-0.1074)
2019-07-22 14:22:20,271 INFO - logger - Iter 37300 - time: 18    - [train] loss: 0.0239 (+/-0.0182) - [valid] loss: 0.0269 (+/-0.0234) - [test] loss: 0.019  (+/-0.0103)
2019-07-22 14:22:38,961 INFO - logger - Iter 37400 - time: 18    - [train] loss: 0.0749 (+/-0.0662) - [valid] loss: 0.0183 (+/-0.0144) - [test] loss: 0.0231 (+/-0.0188)
2019-07-22 14:22:58,391 INFO - logger - Iter 37500 - time: 19    - [train] loss: 0.0194 (+/-0.015 ) - [valid] loss: 0.0392 (+/-0.0357) - [test] loss: 0.0358 (+/-0.026 )
2019-07-22 14:23:17,680 INFO - logger - Iter 37600 - time: 19    - [train] loss: 0.016  (+/-0.009 ) - [valid] loss: 0.0189 (+/-0.0187) - [test] loss: 0.0247 (+/-0.0301)
2019-07-22 14:23:35,788 INFO - logger - Iter 37700 - time: 18    - [train] loss: 0.0356 (+/-0.0494) - [valid] loss: 0.0438 (+/-0.0411) - [test] loss: 0.0124 (+/-0.0105)
2019-07-22 14:23:53,945 INFO - logger - Iter 37800 - time: 18    - [train] loss: 0.0152 (+/-0.0067) - [valid] loss: 0.0334 (+/-0.0479) - [test] loss: 0.0282 (+/-0.0229)
2019-07-22 14:24:12,795 INFO - logger - Iter 37900 - time: 18    - [train] loss: 0.0289 (+/-0.0249) - [valid] loss: 0.0362 (+/-0.0216) - [test] loss: 0.0167 (+/-0.0076)
2019-07-22 14:24:31,699 INFO - logger - Iter 38000 - time: 18    - [train] loss: 0.0193 (+/-0.0132) - [valid] loss: 0.0165 (+/-0.0121) - [test] loss: 0.0174 (+/-0.0155)
2019-07-22 14:24:50,984 INFO - logger - Iter 38100 - time: 19    - [train] loss: 0.0209 (+/-0.0222) - [valid] loss: 0.0488 (+/-0.0519) - [test] loss: 0.0384 (+/-0.0407)
2019-07-22 14:25:09,787 INFO - logger - Iter 38200 - time: 18    - [train] loss: 0.0352 (+/-0.0351) - [valid] loss: 0.0208 (+/-0.0088) - [test] loss: 0.0248 (+/-0.0153)
2019-07-22 14:25:28,508 INFO - logger - Iter 38300 - time: 18    - [train] loss: 0.0207 (+/-0.0132) - [valid] loss: 0.0207 (+/-0.0179) - [test] loss: 0.1551 (+/-0.1896)
2019-07-22 14:25:47,761 INFO - logger - Iter 38400 - time: 19    - [train] loss: 0.0379 (+/-0.0295) - [valid] loss: 0.0613 (+/-0.0813) - [test] loss: 0.0434 (+/-0.0635)
2019-07-22 14:26:06,457 INFO - logger - Iter 38500 - time: 18    - [train] loss: 0.0979 (+/-0.1234) - [valid] loss: 0.0297 (+/-0.0286) - [test] loss: 0.0198 (+/-0.0143)
2019-07-22 14:26:25,290 INFO - logger - Iter 38600 - time: 18    - [train] loss: 0.0455 (+/-0.066 ) - [valid] loss: 0.0321 (+/-0.0414) - [test] loss: 0.0139 (+/-0.0052)
2019-07-22 14:26:42,895 INFO - logger - Iter 38700 - time: 17    - [train] loss: 0.0188 (+/-0.0141) - [valid] loss: 0.0107 (+/-0.0063) - [test] loss: 0.0078 (+/-0.0053)
2019-07-22 14:27:02,499 INFO - logger - Iter 38800 - time: 19    - [train] loss: 0.0757 (+/-0.0868) - [valid] loss: 0.0262 (+/-0.0302) - [test] loss: 0.0174 (+/-0.0073)
2019-07-22 14:27:21,709 INFO - logger - Iter 38900 - time: 19    - [train] loss: 0.0388 (+/-0.026 ) - [valid] loss: 0.0179 (+/-0.0214) - [test] loss: 0.0149 (+/-0.0121)
2019-07-22 14:27:41,026 INFO - logger - Iter 39000 - time: 19    - [train] loss: 0.0202 (+/-0.0136) - [valid] loss: 0.0202 (+/-0.0153) - [test] loss: 0.0248 (+/-0.0218)
2019-07-22 14:28:00,034 INFO - logger - Iter 39100 - time: 19    - [train] loss: 0.0137 (+/-0.0061) - [valid] loss: 0.0209 (+/-0.0168) - [test] loss: 0.0179 (+/-0.0122)
2019-07-22 14:28:18,175 INFO - logger - Iter 39200 - time: 18    - [train] loss: 0.0305 (+/-0.0237) - [valid] loss: 0.0408 (+/-0.0248) - [test] loss: 0.0239 (+/-0.0154)
2019-07-22 14:28:37,497 INFO - logger - Iter 39300 - time: 19    - [train] loss: 0.0203 (+/-0.0148) - [valid] loss: 0.0504 (+/-0.0619) - [test] loss: 0.021  (+/-0.0109)
2019-07-22 14:28:56,038 INFO - logger - Iter 39400 - time: 18    - [train] loss: 0.025  (+/-0.0168) - [valid] loss: 0.0483 (+/-0.0436) - [test] loss: 0.0284 (+/-0.0233)
2019-07-22 14:29:13,337 INFO - logger - Iter 39500 - time: 17    - [train] loss: 0.0256 (+/-0.0155) - [valid] loss: 0.0179 (+/-0.0168) - [test] loss: 0.0589 (+/-0.0586)
2019-07-22 14:29:32,091 INFO - logger - Iter 39600 - time: 18    - [train] loss: 0.022  (+/-0.0371) - [valid] loss: 0.0375 (+/-0.0276) - [test] loss: 0.0149 (+/-0.0117)
2019-07-22 14:29:51,204 INFO - logger - Iter 39700 - time: 19    - [train] loss: 0.0317 (+/-0.0441) - [valid] loss: 0.0167 (+/-0.0128) - [test] loss: 0.0925 (+/-0.1326)
2019-07-22 14:30:10,441 INFO - logger - Iter 39800 - time: 19    - [train] loss: 0.0239 (+/-0.0179) - [valid] loss: 0.0161 (+/-0.0111) - [test] loss: 0.0273 (+/-0.0161)
2019-07-22 14:30:29,186 INFO - logger - Iter 39900 - time: 18    - [train] loss: 0.0248 (+/-0.0197) - [valid] loss: 0.0133 (+/-0.0063) - [test] loss: 0.018  (+/-0.0148)
2019-07-22 14:30:47,711 INFO - logger - Iter 40000 - time: 18    - [train] loss: 0.0405 (+/-0.0297) - [valid] loss: 0.0156 (+/-0.0079) - [test] loss: 0.0347 (+/-0.0377)
2019-07-22 14:31:06,861 INFO - logger - Iter 40100 - time: 19    - [train] loss: 0.0244 (+/-0.0242) - [valid] loss: 0.0299 (+/-0.0217) - [test] loss: 0.0353 (+/-0.0302)
2019-07-22 14:31:26,338 INFO - logger - Iter 40200 - time: 19    - [train] loss: 0.0233 (+/-0.0118) - [valid] loss: 0.029  (+/-0.0157) - [test] loss: 0.1165 (+/-0.1896)
2019-07-22 14:31:44,670 INFO - logger - Iter 40300 - time: 18    - [train] loss: 0.0176 (+/-0.0064) - [valid] loss: 0.0273 (+/-0.0199) - [test] loss: 0.0736 (+/-0.0812)
2019-07-22 14:32:03,761 INFO - logger - Iter 40400 - time: 19    - [train] loss: 0.0246 (+/-0.0177) - [valid] loss: 0.0116 (+/-0.012 ) - [test] loss: 0.0164 (+/-0.0133)
2019-07-22 14:32:22,377 INFO - logger - Iter 40500 - time: 18    - [train] loss: 0.0253 (+/-0.0176) - [valid] loss: 0.0288 (+/-0.0191) - [test] loss: 0.0203 (+/-0.012 )
2019-07-22 14:32:40,535 INFO - logger - Iter 40600 - time: 18    - [train] loss: 0.0425 (+/-0.0539) - [valid] loss: 0.0118 (+/-0.0072) - [test] loss: 0.0465 (+/-0.0676)
2019-07-22 14:32:58,962 INFO - logger - Iter 40700 - time: 18    - [train] loss: 0.0581 (+/-0.0526) - [valid] loss: 0.031  (+/-0.0265) - [test] loss: 0.0377 (+/-0.0305)
2019-07-22 14:33:18,337 INFO - logger - Iter 40800 - time: 19    - [train] loss: 0.0213 (+/-0.0124) - [valid] loss: 0.0232 (+/-0.0118) - [test] loss: 0.0422 (+/-0.0245)
2019-07-22 14:33:37,197 INFO - logger - Iter 40900 - time: 18    - [train] loss: 0.0562 (+/-0.073 ) - [valid] loss: 0.0375 (+/-0.0341) - [test] loss: 0.046  (+/-0.0553)
2019-07-22 14:33:55,644 INFO - logger - Iter 41000 - time: 18    - [train] loss: 0.0429 (+/-0.0346) - [valid] loss: 0.0267 (+/-0.0255) - [test] loss: 0.0552 (+/-0.0832)
2019-07-22 14:34:14,794 INFO - logger - Iter 41100 - time: 19    - [train] loss: 0.0647 (+/-0.0901) - [valid] loss: 0.0271 (+/-0.0245) - [test] loss: 0.0684 (+/-0.0838)
2019-07-22 14:34:33,766 INFO - logger - Iter 41200 - time: 18    - [train] loss: 0.0156 (+/-0.0109) - [valid] loss: 0.0683 (+/-0.1137) - [test] loss: 0.0156 (+/-0.0116)
2019-07-22 14:34:52,558 INFO - logger - Iter 41300 - time: 18    - [train] loss: 0.0193 (+/-0.0155) - [valid] loss: 0.0314 (+/-0.0166) - [test] loss: 0.0172 (+/-0.0083)
2019-07-22 14:35:12,199 INFO - logger - Iter 41400 - time: 19    - [train] loss: 0.0418 (+/-0.0414) - [valid] loss: 0.0139 (+/-0.0156) - [test] loss: 0.0243 (+/-0.0217)
2019-07-22 14:35:30,916 INFO - logger - Iter 41500 - time: 18    - [train] loss: 0.017  (+/-0.0116) - [valid] loss: 0.0232 (+/-0.0259) - [test] loss: 0.032  (+/-0.0343)
2019-07-22 14:35:50,298 INFO - logger - Iter 41600 - time: 19    - [train] loss: 0.027  (+/-0.0147) - [valid] loss: 0.03   (+/-0.0153) - [test] loss: 0.0323 (+/-0.0271)
2019-07-22 14:36:08,974 INFO - logger - Iter 41700 - time: 18    - [train] loss: 0.0492 (+/-0.0428) - [valid] loss: 0.0244 (+/-0.014 ) - [test] loss: 0.0585 (+/-0.0582)
2019-07-22 14:36:28,007 INFO - logger - Iter 41800 - time: 19    - [train] loss: 0.0293 (+/-0.0351) - [valid] loss: 0.0313 (+/-0.0242) - [test] loss: 0.0136 (+/-0.0095)
2019-07-22 14:36:46,061 INFO - logger - Iter 41900 - time: 18    - [train] loss: 0.0186 (+/-0.0127) - [valid] loss: 0.0229 (+/-0.0122) - [test] loss: 0.0152 (+/-0.0079)
2019-07-22 14:37:04,797 INFO - logger - Iter 42000 - time: 18    - [train] loss: 0.0384 (+/-0.0229) - [valid] loss: 0.0254 (+/-0.0151) - [test] loss: 0.0191 (+/-0.0112)
2019-07-22 14:37:24,089 INFO - logger - Iter 42100 - time: 19    - [train] loss: 0.0209 (+/-0.0176) - [valid] loss: 0.0501 (+/-0.066 ) - [test] loss: 0.0071 (+/-0.0025)
2019-07-22 14:37:42,598 INFO - logger - Iter 42200 - time: 18    - [train] loss: 0.0149 (+/-0.011 ) - [valid] loss: 0.016  (+/-0.0133) - [test] loss: 0.0254 (+/-0.0177)
2019-07-22 14:38:01,536 INFO - logger - Iter 42300 - time: 18    - [train] loss: 0.0512 (+/-0.0495) - [valid] loss: 0.0303 (+/-0.0217) - [test] loss: 0.0374 (+/-0.0518)
2019-07-22 14:38:20,219 INFO - logger - Iter 42400 - time: 18    - [train] loss: 0.0335 (+/-0.0235) - [valid] loss: 0.0503 (+/-0.0691) - [test] loss: 0.0173 (+/-0.019 )
2019-07-22 14:38:39,672 INFO - logger - Iter 42500 - time: 19    - [train] loss: 0.0197 (+/-0.0097) - [valid] loss: 0.0351 (+/-0.0286) - [test] loss: 0.0383 (+/-0.0488)
2019-07-22 14:38:58,854 INFO - logger - Iter 42600 - time: 19    - [train] loss: 0.0168 (+/-0.0043) - [valid] loss: 0.0229 (+/-0.0192) - [test] loss: 0.0366 (+/-0.0146)
2019-07-22 14:39:17,643 INFO - logger - Iter 42700 - time: 18    - [train] loss: 0.0423 (+/-0.035 ) - [valid] loss: 0.0312 (+/-0.0142) - [test] loss: 0.0203 (+/-0.0078)
2019-07-22 14:39:36,917 INFO - logger - Iter 42800 - time: 19    - [train] loss: 0.0144 (+/-0.0079) - [valid] loss: 0.0621 (+/-0.0398) - [test] loss: 0.016  (+/-0.0089)
2019-07-22 14:39:55,098 INFO - logger - Iter 42900 - time: 18    - [train] loss: 0.0358 (+/-0.0345) - [valid] loss: 0.0104 (+/-0.0075) - [test] loss: 0.0227 (+/-0.0283)
2019-07-22 14:40:13,758 INFO - logger - Iter 43000 - time: 18    - [train] loss: 0.0198 (+/-0.0093) - [valid] loss: 0.0232 (+/-0.013 ) - [test] loss: 0.074  (+/-0.081 )
2019-07-22 14:40:32,857 INFO - logger - Iter 43100 - time: 19    - [train] loss: 0.0184 (+/-0.0127) - [valid] loss: 0.0279 (+/-0.024 ) - [test] loss: 0.0347 (+/-0.0391)
2019-07-22 14:40:50,872 INFO - logger - Iter 43200 - time: 18    - [train] loss: 0.0337 (+/-0.0271) - [valid] loss: 0.0082 (+/-0.0051) - [test] loss: 0.0068 (+/-0.0022)
2019-07-22 14:41:09,470 INFO - logger - Iter 43300 - time: 18    - [train] loss: 0.0682 (+/-0.0843) - [valid] loss: 0.0105 (+/-0.0045) - [test] loss: 0.019  (+/-0.021 )
2019-07-22 14:41:28,541 INFO - logger - Iter 43400 - time: 19    - [train] loss: 0.0165 (+/-0.0132) - [valid] loss: 0.019  (+/-0.0159) - [test] loss: 0.0346 (+/-0.0461)
2019-07-22 14:41:46,976 INFO - logger - Iter 43500 - time: 18    - [train] loss: 0.1117 (+/-0.1416) - [valid] loss: 0.0193 (+/-0.009 ) - [test] loss: 0.035  (+/-0.0272)
2019-07-22 14:42:05,186 INFO - logger - Iter 43600 - time: 18    - [train] loss: 0.0238 (+/-0.0273) - [valid] loss: 0.0139 (+/-0.0069) - [test] loss: 0.0121 (+/-0.0111)
2019-07-22 14:42:24,677 INFO - logger - Iter 43700 - time: 19    - [train] loss: 0.0193 (+/-0.0136) - [valid] loss: 0.0136 (+/-0.0066) - [test] loss: 0.013  (+/-0.0049)
2019-07-22 14:42:44,264 INFO - logger - Iter 43800 - time: 19    - [train] loss: 0.0103 (+/-0.0036) - [valid] loss: 0.0139 (+/-0.0102) - [test] loss: 0.0142 (+/-0.0112)
2019-07-22 14:43:02,779 INFO - logger - Iter 43900 - time: 18    - [train] loss: 0.0407 (+/-0.0381) - [valid] loss: 0.042  (+/-0.0269) - [test] loss: 0.0147 (+/-0.0087)
2019-07-22 14:43:21,813 INFO - logger - Iter 44000 - time: 19    - [train] loss: 0.0227 (+/-0.0126) - [valid] loss: 0.0354 (+/-0.0285) - [test] loss: 0.0183 (+/-0.0193)
2019-07-22 14:43:40,326 INFO - logger - Iter 44100 - time: 18    - [train] loss: 0.0787 (+/-0.1169) - [valid] loss: 0.0225 (+/-0.0193) - [test] loss: 0.0119 (+/-0.0066)
2019-07-22 14:43:59,993 INFO - logger - Iter 44200 - time: 19    - [train] loss: 0.0322 (+/-0.0302) - [valid] loss: 0.0087 (+/-0.0084) - [test] loss: 0.0189 (+/-0.0106)
2019-07-22 14:44:19,888 INFO - logger - Iter 44300 - time: 19    - [train] loss: 0.0166 (+/-0.0113) - [valid] loss: 0.0218 (+/-0.025 ) - [test] loss: 0.0285 (+/-0.0287)
2019-07-22 14:44:38,574 INFO - logger - Iter 44400 - time: 18    - [train] loss: 0.0539 (+/-0.0555) - [valid] loss: 0.032  (+/-0.0262) - [test] loss: 0.0189 (+/-0.0084)
2019-07-22 14:44:57,539 INFO - logger - Iter 44500 - time: 18    - [train] loss: 0.0717 (+/-0.0771) - [valid] loss: 0.0218 (+/-0.0167) - [test] loss: 0.0175 (+/-0.0179)
2019-07-22 14:45:15,042 INFO - logger - Iter 44600 - time: 17    - [train] loss: 0.0159 (+/-0.0109) - [valid] loss: 0.0172 (+/-0.0113) - [test] loss: 0.019  (+/-0.0117)
2019-07-22 14:45:34,008 INFO - logger - Iter 44700 - time: 18    - [train] loss: 0.0174 (+/-0.0118) - [valid] loss: 0.0334 (+/-0.0551) - [test] loss: 0.0289 (+/-0.0251)
2019-07-22 14:45:52,890 INFO - logger - Iter 44800 - time: 18    - [train] loss: 0.013  (+/-0.0071) - [valid] loss: 0.0391 (+/-0.0589) - [test] loss: 0.058  (+/-0.0646)
2019-07-22 14:46:11,430 INFO - logger - Iter 44900 - time: 18    - [train] loss: 0.0103 (+/-0.0052) - [valid] loss: 0.0193 (+/-0.0219) - [test] loss: 0.0308 (+/-0.0287)
2019-07-22 14:46:29,425 INFO - logger - Iter 45000 - time: 17    - [train] loss: 0.0351 (+/-0.0248) - [valid] loss: 0.0265 (+/-0.033 ) - [test] loss: 0.1437 (+/-0.1691)
2019-07-22 14:46:48,140 INFO - logger - Iter 45100 - time: 18    - [train] loss: 0.0401 (+/-0.0205) - [valid] loss: 0.0273 (+/-0.0193) - [test] loss: 0.0194 (+/-0.0056)
2019-07-22 14:47:07,370 INFO - logger - Iter 45200 - time: 19    - [train] loss: 0.0129 (+/-0.0112) - [valid] loss: 0.0102 (+/-0.0069) - [test] loss: 0.0433 (+/-0.0324)
2019-07-22 14:47:26,327 INFO - logger - Iter 45300 - time: 18    - [train] loss: 0.012  (+/-0.0067) - [valid] loss: 0.0276 (+/-0.0158) - [test] loss: 0.0547 (+/-0.0485)
2019-07-22 14:47:46,114 INFO - logger - Iter 45400 - time: 19    - [train] loss: 0.0243 (+/-0.017 ) - [valid] loss: 0.0254 (+/-0.0286) - [test] loss: 0.0204 (+/-0.0148)
2019-07-22 14:48:04,571 INFO - logger - Iter 45500 - time: 18    - [train] loss: 0.0555 (+/-0.0936) - [valid] loss: 0.0135 (+/-0.0073) - [test] loss: 0.0663 (+/-0.1341)
2019-07-22 14:48:23,813 INFO - logger - Iter 45600 - time: 19    - [train] loss: 0.0289 (+/-0.0189) - [valid] loss: 0.0351 (+/-0.0295) - [test] loss: 0.029  (+/-0.0262)
2019-07-22 14:48:41,818 INFO - logger - Iter 45700 - time: 18    - [train] loss: 0.0161 (+/-0.014 ) - [valid] loss: 0.0351 (+/-0.0326) - [test] loss: 0.0135 (+/-0.011 )
2019-07-22 14:49:00,825 INFO - logger - Iter 45800 - time: 19    - [train] loss: 0.0308 (+/-0.029 ) - [valid] loss: 0.0154 (+/-0.0065) - [test] loss: 0.066  (+/-0.061 )
2019-07-22 14:49:19,641 INFO - logger - Iter 45900 - time: 18    - [train] loss: 0.0204 (+/-0.0121) - [valid] loss: 0.0407 (+/-0.0411) - [test] loss: 0.0205 (+/-0.0295)
2019-07-22 14:49:38,707 INFO - logger - Iter 46000 - time: 19    - [train] loss: 0.0279 (+/-0.0245) - [valid] loss: 0.0225 (+/-0.0113) - [test] loss: 0.019  (+/-0.0122)
2019-07-22 14:49:58,030 INFO - logger - Iter 46100 - time: 19    - [train] loss: 0.0211 (+/-0.0168) - [valid] loss: 0.046  (+/-0.0617) - [test] loss: 0.0548 (+/-0.0319)
2019-07-22 14:50:16,230 INFO - logger - Iter 46200 - time: 18    - [train] loss: 0.057  (+/-0.07  ) - [valid] loss: 0.0242 (+/-0.017 ) - [test] loss: 0.1354 (+/-0.1802)
2019-07-22 14:50:34,747 INFO - logger - Iter 46300 - time: 18    - [train] loss: 0.0147 (+/-0.0105) - [valid] loss: 0.0153 (+/-0.0157) - [test] loss: 0.0082 (+/-0.0057)
2019-07-22 14:50:53,236 INFO - logger - Iter 46400 - time: 18    - [train] loss: 0.0127 (+/-0.0062) - [valid] loss: 0.0356 (+/-0.0357) - [test] loss: 0.028  (+/-0.0241)
2019-07-22 14:51:12,078 INFO - logger - Iter 46500 - time: 18    - [train] loss: 0.0131 (+/-0.0072) - [valid] loss: 0.0298 (+/-0.0267) - [test] loss: 0.0287 (+/-0.0335)
2019-07-22 14:51:30,761 INFO - logger - Iter 46600 - time: 18    - [train] loss: 0.0186 (+/-0.0145) - [valid] loss: 0.0335 (+/-0.0287) - [test] loss: 0.0166 (+/-0.0155)
2019-07-22 14:51:49,718 INFO - logger - Iter 46700 - time: 18    - [train] loss: 0.0108 (+/-0.0078) - [valid] loss: 0.019  (+/-0.0108) - [test] loss: 0.0217 (+/-0.012 )
2019-07-22 14:52:07,998 INFO - logger - Iter 46800 - time: 18    - [train] loss: 0.0195 (+/-0.0101) - [valid] loss: 0.0119 (+/-0.0047) - [test] loss: 0.0175 (+/-0.0083)
2019-07-22 14:52:26,110 INFO - logger - Iter 46900 - time: 18    - [train] loss: 0.0255 (+/-0.0126) - [valid] loss: 0.0382 (+/-0.0194) - [test] loss: 0.0425 (+/-0.0378)
2019-07-22 14:52:45,179 INFO - logger - Iter 47000 - time: 19    - [train] loss: 0.02   (+/-0.0119) - [valid] loss: 0.032  (+/-0.0443) - [test] loss: 0.0474 (+/-0.0743)
2019-07-22 14:53:04,295 INFO - logger - Iter 47100 - time: 19    - [train] loss: 0.029  (+/-0.0251) - [valid] loss: 0.0284 (+/-0.0173) - [test] loss: 0.0154 (+/-0.0099)
2019-07-22 14:53:23,033 INFO - logger - Iter 47200 - time: 18    - [train] loss: 0.0376 (+/-0.0175) - [valid] loss: 0.0427 (+/-0.0277) - [test] loss: 0.0351 (+/-0.0196)
2019-07-22 14:53:41,348 INFO - logger - Iter 47300 - time: 18    - [train] loss: 0.0142 (+/-0.005 ) - [valid] loss: 0.0104 (+/-0.0074) - [test] loss: 0.013  (+/-0.0076)
2019-07-22 14:54:00,628 INFO - logger - Iter 47400 - time: 19    - [train] loss: 0.0322 (+/-0.0209) - [valid] loss: 0.0235 (+/-0.0118) - [test] loss: 0.0231 (+/-0.0128)
2019-07-22 14:54:19,014 INFO - logger - Iter 47500 - time: 18    - [train] loss: 0.017  (+/-0.016 ) - [valid] loss: 0.0123 (+/-0.0067) - [test] loss: 0.0229 (+/-0.026 )
2019-07-22 14:54:38,059 INFO - logger - Iter 47600 - time: 19    - [train] loss: 0.0246 (+/-0.0133) - [valid] loss: 0.0595 (+/-0.063 ) - [test] loss: 0.0238 (+/-0.0178)
2019-07-22 14:54:55,860 INFO - logger - Iter 47700 - time: 17    - [train] loss: 0.0438 (+/-0.0624) - [valid] loss: 0.0184 (+/-0.0086) - [test] loss: 0.0147 (+/-0.0071)
2019-07-22 14:55:14,458 INFO - logger - Iter 47800 - time: 18    - [train] loss: 0.037  (+/-0.0317) - [valid] loss: 0.0217 (+/-0.0177) - [test] loss: 0.0251 (+/-0.0233)
2019-07-22 14:55:33,043 INFO - logger - Iter 47900 - time: 18    - [train] loss: 0.0168 (+/-0.0091) - [valid] loss: 0.0158 (+/-0.0203) - [test] loss: 0.0148 (+/-0.0127)
2019-07-22 14:55:51,593 INFO - logger - Iter 48000 - time: 18    - [train] loss: 0.0463 (+/-0.0358) - [valid] loss: 0.0271 (+/-0.0309) - [test] loss: 0.0403 (+/-0.0363)
2019-07-22 14:56:11,323 INFO - logger - Iter 48100 - time: 19    - [train] loss: 0.0394 (+/-0.0432) - [valid] loss: 0.0882 (+/-0.0935) - [test] loss: 0.0526 (+/-0.0605)
2019-07-22 14:56:30,033 INFO - logger - Iter 48200 - time: 18    - [train] loss: 0.0229 (+/-0.0159) - [valid] loss: 0.0439 (+/-0.033 ) - [test] loss: 0.0203 (+/-0.0074)
2019-07-22 14:56:48,350 INFO - logger - Iter 48300 - time: 18    - [train] loss: 0.0548 (+/-0.0887) - [valid] loss: 0.0741 (+/-0.0938) - [test] loss: 0.0415 (+/-0.0476)
2019-07-22 14:57:07,140 INFO - logger - Iter 48400 - time: 18    - [train] loss: 0.0745 (+/-0.1195) - [valid] loss: 0.0239 (+/-0.0117) - [test] loss: 0.0325 (+/-0.0229)
2019-07-22 14:57:26,545 INFO - logger - Iter 48500 - time: 19    - [train] loss: 0.0316 (+/-0.0411) - [valid] loss: 0.0104 (+/-0.0066) - [test] loss: 0.011  (+/-0.0048)
2019-07-22 14:57:45,772 INFO - logger - Iter 48600 - time: 19    - [train] loss: 0.0376 (+/-0.0238) - [valid] loss: 0.0221 (+/-0.0101) - [test] loss: 0.0315 (+/-0.0233)
2019-07-22 14:58:03,805 INFO - logger - Iter 48700 - time: 18    - [train] loss: 0.0186 (+/-0.0101) - [valid] loss: 0.05   (+/-0.0521) - [test] loss: 0.0246 (+/-0.0159)
2019-07-22 14:58:22,626 INFO - logger - Iter 48800 - time: 18    - [train] loss: 0.0366 (+/-0.0249) - [valid] loss: 0.0175 (+/-0.0163) - [test] loss: 0.0357 (+/-0.0361)
2019-07-22 14:58:41,530 INFO - logger - Iter 48900 - time: 18    - [train] loss: 0.0283 (+/-0.0442) - [valid] loss: 0.0179 (+/-0.0161) - [test] loss: 0.0194 (+/-0.0134)
2019-07-22 14:59:00,109 INFO - logger - Iter 49000 - time: 18    - [train] loss: 0.0162 (+/-0.0222) - [valid] loss: 0.0145 (+/-0.0093) - [test] loss: 0.0108 (+/-0.0107)
2019-07-22 14:59:18,826 INFO - logger - Iter 49100 - time: 18    - [train] loss: 0.0305 (+/-0.0164) - [valid] loss: 0.032  (+/-0.0246) - [test] loss: 0.0435 (+/-0.0432)
2019-07-22 14:59:37,901 INFO - logger - Iter 49200 - time: 19    - [train] loss: 0.023  (+/-0.0138) - [valid] loss: 0.027  (+/-0.0427) - [test] loss: 0.0426 (+/-0.0332)
2019-07-22 14:59:57,339 INFO - logger - Iter 49300 - time: 19    - [train] loss: 0.0236 (+/-0.0229) - [valid] loss: 0.0208 (+/-0.025 ) - [test] loss: 0.0263 (+/-0.014 )
2019-07-22 15:00:14,792 INFO - logger - Iter 49400 - time: 17    - [train] loss: 0.0123 (+/-0.0116) - [valid] loss: 0.0108 (+/-0.0073) - [test] loss: 0.0227 (+/-0.0148)
2019-07-22 15:00:33,863 INFO - logger - Iter 49500 - time: 19    - [train] loss: 0.0218 (+/-0.0167) - [valid] loss: 0.0145 (+/-0.008 ) - [test] loss: 0.0182 (+/-0.009 )
2019-07-22 15:00:52,879 INFO - logger - Iter 49600 - time: 19    - [train] loss: 0.0198 (+/-0.0207) - [valid] loss: 0.0314 (+/-0.0296) - [test] loss: 0.0166 (+/-0.0178)
2019-07-22 15:01:11,647 INFO - logger - Iter 49700 - time: 18    - [train] loss: 0.0123 (+/-0.0064) - [valid] loss: 0.0152 (+/-0.0135) - [test] loss: 0.0097 (+/-0.005 )
2019-07-22 15:01:30,555 INFO - logger - Iter 49800 - time: 18    - [train] loss: 0.0254 (+/-0.0177) - [valid] loss: 0.015  (+/-0.0168) - [test] loss: 0.0156 (+/-0.0111)
2019-07-22 15:01:48,756 INFO - logger - Iter 49900 - time: 18    - [train] loss: 0.082  (+/-0.0792) - [valid] loss: 0.0267 (+/-0.0394) - [test] loss: 0.0256 (+/-0.031 )
