2019-07-22 12:25:47,329 INFO - log_helper - Finished configuring logger
2019-07-22 12:25:49,891 INFO - logger - Iter 0    - time: 6     - [train] loss: 7.07903758617743e+30 (+/-1.3946003289991696e+31) - [valid] loss: 2.727628301314945e+27 (+/-5.37147255727352e+27) - [test] loss: 6.3864026501298015e+28 (+/-1.0736734200717982e+29)
2019-07-22 12:26:16,311 INFO - logger - Iter 100  - time: 26    - [train] loss: nan    (+/-nan   ) - [valid] loss: nan    (+/-nan   ) - [test] loss: nan    (+/-nan   )
2019-07-22 12:26:46,006 INFO - logger - Iter 200  - time: 29    - [train] loss: nan    (+/-nan   ) - [valid] loss: nan    (+/-nan   ) - [test] loss: nan    (+/-nan   )
2019-07-22 12:27:13,491 INFO - logger - Iter 300  - time: 27    - [train] loss: nan    (+/-nan   ) - [valid] loss: nan    (+/-nan   ) - [test] loss: nan    (+/-nan   )
2019-07-22 12:27:42,943 INFO - logger - Iter 400  - time: 29    - [train] loss: nan    (+/-nan   ) - [valid] loss: nan    (+/-nan   ) - [test] loss: nan    (+/-nan   )
2019-07-22 12:28:11,846 INFO - logger - Iter 500  - time: 28    - [train] loss: nan    (+/-nan   ) - [valid] loss: nan    (+/-nan   ) - [test] loss: nan    (+/-nan   )
2019-07-22 12:28:40,593 INFO - logger - Iter 600  - time: 28    - [train] loss: nan    (+/-nan   ) - [valid] loss: nan    (+/-nan   ) - [test] loss: nan    (+/-nan   )
2019-07-22 12:29:09,118 INFO - logger - Iter 700  - time: 28    - [train] loss: nan    (+/-nan   ) - [valid] loss: nan    (+/-nan   ) - [test] loss: nan    (+/-nan   )
2019-07-22 12:29:38,606 INFO - logger - Iter 800  - time: 29    - [train] loss: nan    (+/-nan   ) - [valid] loss: nan    (+/-nan   ) - [test] loss: nan    (+/-nan   )
2019-07-22 12:30:08,035 INFO - logger - Iter 900  - time: 29    - [train] loss: nan    (+/-nan   ) - [valid] loss: nan    (+/-nan   ) - [test] loss: nan    (+/-nan   )
2019-07-22 12:30:37,444 INFO - logger - Iter 1000 - time: 29    - [train] loss: nan    (+/-nan   ) - [valid] loss: nan    (+/-nan   ) - [test] loss: nan    (+/-nan   )
2019-07-22 12:31:07,293 INFO - logger - Iter 1100 - time: 29    - [train] loss: nan    (+/-nan   ) - [valid] loss: nan    (+/-nan   ) - [test] loss: nan    (+/-nan   )
2019-07-22 12:31:35,772 INFO - logger - Iter 1200 - time: 28    - [train] loss: nan    (+/-nan   ) - [valid] loss: nan    (+/-nan   ) - [test] loss: nan    (+/-nan   )
2019-07-22 12:32:05,513 INFO - logger - Iter 1300 - time: 29    - [train] loss: nan    (+/-nan   ) - [valid] loss: nan    (+/-nan   ) - [test] loss: nan    (+/-nan   )
2019-07-22 12:32:34,284 INFO - logger - Iter 1400 - time: 28    - [train] loss: nan    (+/-nan   ) - [valid] loss: nan    (+/-nan   ) - [test] loss: nan    (+/-nan   )
2019-07-22 12:33:03,629 INFO - logger - Iter 1500 - time: 29    - [train] loss: nan    (+/-nan   ) - [valid] loss: nan    (+/-nan   ) - [test] loss: nan    (+/-nan   )
2019-07-22 12:33:31,311 INFO - logger - Iter 1600 - time: 27    - [train] loss: nan    (+/-nan   ) - [valid] loss: nan    (+/-nan   ) - [test] loss: nan    (+/-nan   )
2019-07-22 12:34:01,528 INFO - logger - Iter 1700 - time: 30    - [train] loss: nan    (+/-nan   ) - [valid] loss: nan    (+/-nan   ) - [test] loss: nan    (+/-nan   )
2019-07-22 12:34:30,774 INFO - logger - Iter 1800 - time: 29    - [train] loss: nan    (+/-nan   ) - [valid] loss: nan    (+/-nan   ) - [test] loss: nan    (+/-nan   )
2019-07-22 12:34:59,698 INFO - logger - Iter 1900 - time: 28    - [train] loss: nan    (+/-nan   ) - [valid] loss: nan    (+/-nan   ) - [test] loss: nan    (+/-nan   )
2019-07-22 12:35:29,227 INFO - logger - Iter 2000 - time: 29    - [train] loss: nan    (+/-nan   ) - [valid] loss: nan    (+/-nan   ) - [test] loss: nan    (+/-nan   )
2019-07-22 12:35:57,834 INFO - logger - Iter 2100 - time: 28    - [train] loss: nan    (+/-nan   ) - [valid] loss: nan    (+/-nan   ) - [test] loss: nan    (+/-nan   )
2019-07-22 12:36:26,684 INFO - logger - Iter 2200 - time: 28    - [train] loss: nan    (+/-nan   ) - [valid] loss: nan    (+/-nan   ) - [test] loss: nan    (+/-nan   )
2019-07-22 12:36:56,482 INFO - logger - Iter 2300 - time: 29    - [train] loss: nan    (+/-nan   ) - [valid] loss: nan    (+/-nan   ) - [test] loss: nan    (+/-nan   )
2019-07-22 12:37:26,077 INFO - logger - Iter 2400 - time: 29    - [train] loss: nan    (+/-nan   ) - [valid] loss: nan    (+/-nan   ) - [test] loss: nan    (+/-nan   )
2019-07-22 12:37:54,520 INFO - logger - Iter 2500 - time: 28    - [train] loss: nan    (+/-nan   ) - [valid] loss: nan    (+/-nan   ) - [test] loss: nan    (+/-nan   )
2019-07-22 12:38:24,455 INFO - logger - Iter 2600 - time: 29    - [train] loss: nan    (+/-nan   ) - [valid] loss: nan    (+/-nan   ) - [test] loss: nan    (+/-nan   )
2019-07-22 12:38:53,532 INFO - logger - Iter 2700 - time: 29    - [train] loss: nan    (+/-nan   ) - [valid] loss: nan    (+/-nan   ) - [test] loss: nan    (+/-nan   )
2019-07-22 12:39:23,256 INFO - logger - Iter 2800 - time: 29    - [train] loss: nan    (+/-nan   ) - [valid] loss: nan    (+/-nan   ) - [test] loss: nan    (+/-nan   )
2019-07-22 12:39:52,571 INFO - logger - Iter 2900 - time: 29    - [train] loss: nan    (+/-nan   ) - [valid] loss: nan    (+/-nan   ) - [test] loss: nan    (+/-nan   )
2019-07-22 12:40:22,503 INFO - logger - Iter 3000 - time: 29    - [train] loss: nan    (+/-nan   ) - [valid] loss: nan    (+/-nan   ) - [test] loss: nan    (+/-nan   )
2019-07-22 12:40:51,582 INFO - logger - Iter 3100 - time: 29    - [train] loss: nan    (+/-nan   ) - [valid] loss: nan    (+/-nan   ) - [test] loss: nan    (+/-nan   )
2019-07-22 12:41:20,649 INFO - logger - Iter 3200 - time: 29    - [train] loss: nan    (+/-nan   ) - [valid] loss: nan    (+/-nan   ) - [test] loss: nan    (+/-nan   )
2019-07-22 12:41:49,088 INFO - logger - Iter 3300 - time: 28    - [train] loss: nan    (+/-nan   ) - [valid] loss: nan    (+/-nan   ) - [test] loss: nan    (+/-nan   )
2019-07-22 12:42:18,280 INFO - logger - Iter 3400 - time: 29    - [train] loss: nan    (+/-nan   ) - [valid] loss: nan    (+/-nan   ) - [test] loss: nan    (+/-nan   )
2019-07-22 12:42:47,813 INFO - logger - Iter 3500 - time: 29    - [train] loss: nan    (+/-nan   ) - [valid] loss: nan    (+/-nan   ) - [test] loss: nan    (+/-nan   )
2019-07-22 12:43:16,831 INFO - logger - Iter 3600 - time: 29    - [train] loss: nan    (+/-nan   ) - [valid] loss: nan    (+/-nan   ) - [test] loss: nan    (+/-nan   )
2019-07-22 12:43:45,831 INFO - logger - Iter 3700 - time: 28    - [train] loss: nan    (+/-nan   ) - [valid] loss: nan    (+/-nan   ) - [test] loss: nan    (+/-nan   )
2019-07-22 12:44:15,030 INFO - logger - Iter 3800 - time: 29    - [train] loss: nan    (+/-nan   ) - [valid] loss: nan    (+/-nan   ) - [test] loss: nan    (+/-nan   )
2019-07-22 12:44:43,739 INFO - logger - Iter 3900 - time: 28    - [train] loss: nan    (+/-nan   ) - [valid] loss: nan    (+/-nan   ) - [test] loss: nan    (+/-nan   )
2019-07-22 12:45:12,887 INFO - logger - Iter 4000 - time: 29    - [train] loss: nan    (+/-nan   ) - [valid] loss: nan    (+/-nan   ) - [test] loss: nan    (+/-nan   )
2019-07-22 12:45:43,058 INFO - logger - Iter 4100 - time: 30    - [train] loss: nan    (+/-nan   ) - [valid] loss: nan    (+/-nan   ) - [test] loss: nan    (+/-nan   )
2019-07-22 12:46:12,177 INFO - logger - Iter 4200 - time: 29    - [train] loss: nan    (+/-nan   ) - [valid] loss: nan    (+/-nan   ) - [test] loss: nan    (+/-nan   )
2019-07-22 12:46:40,361 INFO - logger - Iter 4300 - time: 28    - [train] loss: nan    (+/-nan   ) - [valid] loss: nan    (+/-nan   ) - [test] loss: nan    (+/-nan   )
2019-07-22 12:47:09,261 INFO - logger - Iter 4400 - time: 28    - [train] loss: nan    (+/-nan   ) - [valid] loss: nan    (+/-nan   ) - [test] loss: nan    (+/-nan   )
2019-07-22 12:47:38,191 INFO - logger - Iter 4500 - time: 28    - [train] loss: nan    (+/-nan   ) - [valid] loss: nan    (+/-nan   ) - [test] loss: nan    (+/-nan   )
2019-07-22 12:48:07,558 INFO - logger - Iter 4600 - time: 29    - [train] loss: nan    (+/-nan   ) - [valid] loss: nan    (+/-nan   ) - [test] loss: nan    (+/-nan   )
2019-07-22 12:48:36,194 INFO - logger - Iter 4700 - time: 28    - [train] loss: nan    (+/-nan   ) - [valid] loss: nan    (+/-nan   ) - [test] loss: nan    (+/-nan   )
2019-07-22 12:49:05,511 INFO - logger - Iter 4800 - time: 29    - [train] loss: nan    (+/-nan   ) - [valid] loss: nan    (+/-nan   ) - [test] loss: nan    (+/-nan   )
2019-07-22 12:49:34,927 INFO - logger - Iter 4900 - time: 29    - [train] loss: nan    (+/-nan   ) - [valid] loss: nan    (+/-nan   ) - [test] loss: nan    (+/-nan   )
2019-07-22 12:50:04,034 INFO - logger - Iter 5000 - time: 29    - [train] loss: nan    (+/-nan   ) - [valid] loss: nan    (+/-nan   ) - [test] loss: nan    (+/-nan   )
2019-07-22 12:50:32,935 INFO - logger - Iter 5100 - time: 28    - [train] loss: nan    (+/-nan   ) - [valid] loss: nan    (+/-nan   ) - [test] loss: nan    (+/-nan   )
2019-07-22 12:51:01,518 INFO - logger - Iter 5200 - time: 28    - [train] loss: nan    (+/-nan   ) - [valid] loss: nan    (+/-nan   ) - [test] loss: nan    (+/-nan   )
2019-07-22 12:51:30,911 INFO - logger - Iter 5300 - time: 29    - [train] loss: nan    (+/-nan   ) - [valid] loss: nan    (+/-nan   ) - [test] loss: nan    (+/-nan   )
2019-07-22 12:52:00,247 INFO - logger - Iter 5400 - time: 29    - [train] loss: nan    (+/-nan   ) - [valid] loss: nan    (+/-nan   ) - [test] loss: nan    (+/-nan   )
2019-07-22 12:52:28,865 INFO - logger - Iter 5500 - time: 28    - [train] loss: nan    (+/-nan   ) - [valid] loss: nan    (+/-nan   ) - [test] loss: nan    (+/-nan   )
2019-07-22 12:52:58,753 INFO - logger - Iter 5600 - time: 29    - [train] loss: nan    (+/-nan   ) - [valid] loss: nan    (+/-nan   ) - [test] loss: nan    (+/-nan   )
2019-07-22 12:53:28,067 INFO - logger - Iter 5700 - time: 29    - [train] loss: nan    (+/-nan   ) - [valid] loss: nan    (+/-nan   ) - [test] loss: nan    (+/-nan   )
2019-07-22 12:53:57,373 INFO - logger - Iter 5800 - time: 29    - [train] loss: nan    (+/-nan   ) - [valid] loss: nan    (+/-nan   ) - [test] loss: nan    (+/-nan   )
2019-07-22 12:54:26,465 INFO - logger - Iter 5900 - time: 29    - [train] loss: nan    (+/-nan   ) - [valid] loss: nan    (+/-nan   ) - [test] loss: nan    (+/-nan   )
2019-07-22 12:54:56,387 INFO - logger - Iter 6000 - time: 29    - [train] loss: nan    (+/-nan   ) - [valid] loss: nan    (+/-nan   ) - [test] loss: nan    (+/-nan   )
2019-07-22 12:55:24,925 INFO - logger - Iter 6100 - time: 28    - [train] loss: nan    (+/-nan   ) - [valid] loss: nan    (+/-nan   ) - [test] loss: nan    (+/-nan   )
2019-07-22 12:55:53,361 INFO - logger - Iter 6200 - time: 28    - [train] loss: nan    (+/-nan   ) - [valid] loss: nan    (+/-nan   ) - [test] loss: nan    (+/-nan   )
2019-07-22 12:56:22,667 INFO - logger - Iter 6300 - time: 29    - [train] loss: nan    (+/-nan   ) - [valid] loss: nan    (+/-nan   ) - [test] loss: nan    (+/-nan   )
2019-07-22 12:56:51,798 INFO - logger - Iter 6400 - time: 29    - [train] loss: nan    (+/-nan   ) - [valid] loss: nan    (+/-nan   ) - [test] loss: nan    (+/-nan   )
2019-07-22 12:57:19,998 INFO - logger - Iter 6500 - time: 28    - [train] loss: nan    (+/-nan   ) - [valid] loss: nan    (+/-nan   ) - [test] loss: nan    (+/-nan   )
2019-07-22 12:57:49,568 INFO - logger - Iter 6600 - time: 29    - [train] loss: nan    (+/-nan   ) - [valid] loss: nan    (+/-nan   ) - [test] loss: nan    (+/-nan   )
2019-07-22 12:58:19,001 INFO - logger - Iter 6700 - time: 29    - [train] loss: nan    (+/-nan   ) - [valid] loss: nan    (+/-nan   ) - [test] loss: nan    (+/-nan   )
2019-07-22 12:58:48,189 INFO - logger - Iter 6800 - time: 29    - [train] loss: nan    (+/-nan   ) - [valid] loss: nan    (+/-nan   ) - [test] loss: nan    (+/-nan   )
2019-07-22 12:59:17,294 INFO - logger - Iter 6900 - time: 29    - [train] loss: nan    (+/-nan   ) - [valid] loss: nan    (+/-nan   ) - [test] loss: nan    (+/-nan   )
2019-07-22 12:59:45,499 INFO - logger - Iter 7000 - time: 28    - [train] loss: nan    (+/-nan   ) - [valid] loss: nan    (+/-nan   ) - [test] loss: nan    (+/-nan   )
2019-07-22 13:00:15,413 INFO - logger - Iter 7100 - time: 29    - [train] loss: nan    (+/-nan   ) - [valid] loss: nan    (+/-nan   ) - [test] loss: nan    (+/-nan   )
2019-07-22 13:00:44,696 INFO - logger - Iter 7200 - time: 29    - [train] loss: nan    (+/-nan   ) - [valid] loss: nan    (+/-nan   ) - [test] loss: nan    (+/-nan   )
2019-07-22 13:01:13,040 INFO - logger - Iter 7300 - time: 28    - [train] loss: nan    (+/-nan   ) - [valid] loss: nan    (+/-nan   ) - [test] loss: nan    (+/-nan   )
2019-07-22 13:01:42,258 INFO - logger - Iter 7400 - time: 29    - [train] loss: nan    (+/-nan   ) - [valid] loss: nan    (+/-nan   ) - [test] loss: nan    (+/-nan   )
2019-07-22 13:02:11,804 INFO - logger - Iter 7500 - time: 29    - [train] loss: nan    (+/-nan   ) - [valid] loss: nan    (+/-nan   ) - [test] loss: nan    (+/-nan   )
2019-07-22 13:02:41,197 INFO - logger - Iter 7600 - time: 29    - [train] loss: nan    (+/-nan   ) - [valid] loss: nan    (+/-nan   ) - [test] loss: nan    (+/-nan   )
2019-07-22 13:03:10,420 INFO - logger - Iter 7700 - time: 29    - [train] loss: nan    (+/-nan   ) - [valid] loss: nan    (+/-nan   ) - [test] loss: nan    (+/-nan   )
2019-07-22 13:03:38,807 INFO - logger - Iter 7800 - time: 28    - [train] loss: nan    (+/-nan   ) - [valid] loss: nan    (+/-nan   ) - [test] loss: nan    (+/-nan   )
2019-07-22 13:04:07,320 INFO - logger - Iter 7900 - time: 28    - [train] loss: nan    (+/-nan   ) - [valid] loss: nan    (+/-nan   ) - [test] loss: nan    (+/-nan   )
2019-07-22 13:04:36,525 INFO - logger - Iter 8000 - time: 29    - [train] loss: nan    (+/-nan   ) - [valid] loss: nan    (+/-nan   ) - [test] loss: nan    (+/-nan   )
2019-07-22 13:05:05,896 INFO - logger - Iter 8100 - time: 29    - [train] loss: nan    (+/-nan   ) - [valid] loss: nan    (+/-nan   ) - [test] loss: nan    (+/-nan   )
2019-07-22 13:05:35,570 INFO - logger - Iter 8200 - time: 29    - [train] loss: nan    (+/-nan   ) - [valid] loss: nan    (+/-nan   ) - [test] loss: nan    (+/-nan   )
2019-07-22 13:06:04,644 INFO - logger - Iter 8300 - time: 29    - [train] loss: nan    (+/-nan   ) - [valid] loss: nan    (+/-nan   ) - [test] loss: nan    (+/-nan   )
2019-07-22 13:06:34,222 INFO - logger - Iter 8400 - time: 29    - [train] loss: nan    (+/-nan   ) - [valid] loss: nan    (+/-nan   ) - [test] loss: nan    (+/-nan   )
2019-07-22 13:07:03,245 INFO - logger - Iter 8500 - time: 29    - [train] loss: nan    (+/-nan   ) - [valid] loss: nan    (+/-nan   ) - [test] loss: nan    (+/-nan   )
2019-07-22 13:07:32,005 INFO - logger - Iter 8600 - time: 28    - [train] loss: nan    (+/-nan   ) - [valid] loss: nan    (+/-nan   ) - [test] loss: nan    (+/-nan   )
2019-07-22 13:08:01,153 INFO - logger - Iter 8700 - time: 29    - [train] loss: nan    (+/-nan   ) - [valid] loss: nan    (+/-nan   ) - [test] loss: nan    (+/-nan   )
2019-07-22 13:08:29,449 INFO - logger - Iter 8800 - time: 28    - [train] loss: nan    (+/-nan   ) - [valid] loss: nan    (+/-nan   ) - [test] loss: nan    (+/-nan   )
2019-07-22 13:08:58,457 INFO - logger - Iter 8900 - time: 29    - [train] loss: nan    (+/-nan   ) - [valid] loss: nan    (+/-nan   ) - [test] loss: nan    (+/-nan   )
2019-07-22 13:09:28,204 INFO - logger - Iter 9000 - time: 29    - [train] loss: nan    (+/-nan   ) - [valid] loss: nan    (+/-nan   ) - [test] loss: nan    (+/-nan   )
2019-07-22 13:09:57,514 INFO - logger - Iter 9100 - time: 29    - [train] loss: nan    (+/-nan   ) - [valid] loss: nan    (+/-nan   ) - [test] loss: nan    (+/-nan   )
2019-07-22 13:10:26,275 INFO - logger - Iter 9200 - time: 28    - [train] loss: nan    (+/-nan   ) - [valid] loss: nan    (+/-nan   ) - [test] loss: nan    (+/-nan   )
2019-07-22 13:10:54,452 INFO - logger - Iter 9300 - time: 28    - [train] loss: nan    (+/-nan   ) - [valid] loss: nan    (+/-nan   ) - [test] loss: nan    (+/-nan   )
2019-07-22 13:11:23,765 INFO - logger - Iter 9400 - time: 29    - [train] loss: nan    (+/-nan   ) - [valid] loss: nan    (+/-nan   ) - [test] loss: nan    (+/-nan   )
2019-07-22 13:11:53,047 INFO - logger - Iter 9500 - time: 29    - [train] loss: nan    (+/-nan   ) - [valid] loss: nan    (+/-nan   ) - [test] loss: nan    (+/-nan   )
2019-07-22 13:12:22,016 INFO - logger - Iter 9600 - time: 28    - [train] loss: nan    (+/-nan   ) - [valid] loss: nan    (+/-nan   ) - [test] loss: nan    (+/-nan   )
2019-07-22 13:12:51,486 INFO - logger - Iter 9700 - time: 29    - [train] loss: nan    (+/-nan   ) - [valid] loss: nan    (+/-nan   ) - [test] loss: nan    (+/-nan   )
2019-07-22 13:13:19,786 INFO - logger - Iter 9800 - time: 28    - [train] loss: nan    (+/-nan   ) - [valid] loss: nan    (+/-nan   ) - [test] loss: nan    (+/-nan   )
2019-07-22 13:13:49,135 INFO - logger - Iter 9900 - time: 29    - [train] loss: nan    (+/-nan   ) - [valid] loss: nan    (+/-nan   ) - [test] loss: nan    (+/-nan   )
2019-07-22 13:14:18,867 INFO - logger - Iter 10000 - time: 29    - [train] loss: nan    (+/-nan   ) - [valid] loss: nan    (+/-nan   ) - [test] loss: nan    (+/-nan   )
2019-07-22 13:14:48,045 INFO - logger - Iter 10100 - time: 29    - [train] loss: nan    (+/-nan   ) - [valid] loss: nan    (+/-nan   ) - [test] loss: nan    (+/-nan   )
2019-07-22 13:15:16,681 INFO - logger - Iter 10200 - time: 28    - [train] loss: nan    (+/-nan   ) - [valid] loss: nan    (+/-nan   ) - [test] loss: nan    (+/-nan   )
2019-07-22 13:15:45,820 INFO - logger - Iter 10300 - time: 29    - [train] loss: nan    (+/-nan   ) - [valid] loss: nan    (+/-nan   ) - [test] loss: nan    (+/-nan   )
2019-07-22 13:16:14,457 INFO - logger - Iter 10400 - time: 28    - [train] loss: nan    (+/-nan   ) - [valid] loss: nan    (+/-nan   ) - [test] loss: nan    (+/-nan   )
2019-07-22 13:16:44,400 INFO - logger - Iter 10500 - time: 29    - [train] loss: nan    (+/-nan   ) - [valid] loss: nan    (+/-nan   ) - [test] loss: nan    (+/-nan   )
2019-07-22 13:17:13,755 INFO - logger - Iter 10600 - time: 29    - [train] loss: nan    (+/-nan   ) - [valid] loss: nan    (+/-nan   ) - [test] loss: nan    (+/-nan   )
2019-07-22 13:17:41,995 INFO - logger - Iter 10700 - time: 28    - [train] loss: nan    (+/-nan   ) - [valid] loss: nan    (+/-nan   ) - [test] loss: nan    (+/-nan   )
2019-07-22 13:18:10,544 INFO - logger - Iter 10800 - time: 28    - [train] loss: nan    (+/-nan   ) - [valid] loss: nan    (+/-nan   ) - [test] loss: nan    (+/-nan   )
2019-07-22 13:18:40,321 INFO - logger - Iter 10900 - time: 29    - [train] loss: nan    (+/-nan   ) - [valid] loss: nan    (+/-nan   ) - [test] loss: nan    (+/-nan   )
2019-07-22 13:19:10,073 INFO - logger - Iter 11000 - time: 29    - [train] loss: nan    (+/-nan   ) - [valid] loss: nan    (+/-nan   ) - [test] loss: nan    (+/-nan   )
2019-07-22 13:19:38,106 INFO - logger - Iter 11100 - time: 28    - [train] loss: nan    (+/-nan   ) - [valid] loss: nan    (+/-nan   ) - [test] loss: nan    (+/-nan   )
2019-07-22 13:20:06,988 INFO - logger - Iter 11200 - time: 28    - [train] loss: nan    (+/-nan   ) - [valid] loss: nan    (+/-nan   ) - [test] loss: nan    (+/-nan   )
2019-07-22 13:20:36,494 INFO - logger - Iter 11300 - time: 29    - [train] loss: nan    (+/-nan   ) - [valid] loss: nan    (+/-nan   ) - [test] loss: nan    (+/-nan   )
2019-07-22 13:21:05,870 INFO - logger - Iter 11400 - time: 29    - [train] loss: nan    (+/-nan   ) - [valid] loss: nan    (+/-nan   ) - [test] loss: nan    (+/-nan   )
2019-07-22 13:21:34,250 INFO - logger - Iter 11500 - time: 28    - [train] loss: nan    (+/-nan   ) - [valid] loss: nan    (+/-nan   ) - [test] loss: nan    (+/-nan   )
2019-07-22 13:22:03,302 INFO - logger - Iter 11600 - time: 29    - [train] loss: nan    (+/-nan   ) - [valid] loss: nan    (+/-nan   ) - [test] loss: nan    (+/-nan   )
2019-07-22 13:22:32,607 INFO - logger - Iter 11700 - time: 29    - [train] loss: nan    (+/-nan   ) - [valid] loss: nan    (+/-nan   ) - [test] loss: nan    (+/-nan   )
2019-07-22 13:23:01,725 INFO - logger - Iter 11800 - time: 29    - [train] loss: nan    (+/-nan   ) - [valid] loss: nan    (+/-nan   ) - [test] loss: nan    (+/-nan   )
2019-07-22 13:23:29,969 INFO - logger - Iter 11900 - time: 28    - [train] loss: nan    (+/-nan   ) - [valid] loss: nan    (+/-nan   ) - [test] loss: nan    (+/-nan   )
2019-07-22 13:23:59,371 INFO - logger - Iter 12000 - time: 29    - [train] loss: nan    (+/-nan   ) - [valid] loss: nan    (+/-nan   ) - [test] loss: nan    (+/-nan   )
2019-07-22 13:24:29,563 INFO - logger - Iter 12100 - time: 30    - [train] loss: nan    (+/-nan   ) - [valid] loss: nan    (+/-nan   ) - [test] loss: nan    (+/-nan   )
2019-07-22 13:24:59,300 INFO - logger - Iter 12200 - time: 29    - [train] loss: nan    (+/-nan   ) - [valid] loss: nan    (+/-nan   ) - [test] loss: nan    (+/-nan   )
2019-07-22 13:25:27,802 INFO - logger - Iter 12300 - time: 28    - [train] loss: nan    (+/-nan   ) - [valid] loss: nan    (+/-nan   ) - [test] loss: nan    (+/-nan   )
2019-07-22 13:25:56,403 INFO - logger - Iter 12400 - time: 28    - [train] loss: nan    (+/-nan   ) - [valid] loss: nan    (+/-nan   ) - [test] loss: nan    (+/-nan   )
2019-07-22 13:26:25,677 INFO - logger - Iter 12500 - time: 29    - [train] loss: nan    (+/-nan   ) - [valid] loss: nan    (+/-nan   ) - [test] loss: nan    (+/-nan   )
2019-07-22 13:26:54,585 INFO - logger - Iter 12600 - time: 28    - [train] loss: nan    (+/-nan   ) - [valid] loss: nan    (+/-nan   ) - [test] loss: nan    (+/-nan   )
2019-07-22 13:27:24,283 INFO - logger - Iter 12700 - time: 29    - [train] loss: nan    (+/-nan   ) - [valid] loss: nan    (+/-nan   ) - [test] loss: nan    (+/-nan   )
2019-07-22 13:27:53,273 INFO - logger - Iter 12800 - time: 28    - [train] loss: nan    (+/-nan   ) - [valid] loss: nan    (+/-nan   ) - [test] loss: nan    (+/-nan   )
2019-07-22 13:28:22,350 INFO - logger - Iter 12900 - time: 29    - [train] loss: nan    (+/-nan   ) - [valid] loss: nan    (+/-nan   ) - [test] loss: nan    (+/-nan   )
2019-07-22 13:28:51,887 INFO - logger - Iter 13000 - time: 29    - [train] loss: nan    (+/-nan   ) - [valid] loss: nan    (+/-nan   ) - [test] loss: nan    (+/-nan   )
2019-07-22 13:29:21,632 INFO - logger - Iter 13100 - time: 29    - [train] loss: nan    (+/-nan   ) - [valid] loss: nan    (+/-nan   ) - [test] loss: nan    (+/-nan   )
2019-07-22 13:29:50,047 INFO - logger - Iter 13200 - time: 28    - [train] loss: nan    (+/-nan   ) - [valid] loss: nan    (+/-nan   ) - [test] loss: nan    (+/-nan   )
2019-07-22 13:30:19,117 INFO - logger - Iter 13300 - time: 29    - [train] loss: nan    (+/-nan   ) - [valid] loss: nan    (+/-nan   ) - [test] loss: nan    (+/-nan   )
2019-07-22 13:30:48,146 INFO - logger - Iter 13400 - time: 29    - [train] loss: nan    (+/-nan   ) - [valid] loss: nan    (+/-nan   ) - [test] loss: nan    (+/-nan   )
2019-07-22 13:31:16,601 INFO - logger - Iter 13500 - time: 28    - [train] loss: nan    (+/-nan   ) - [valid] loss: nan    (+/-nan   ) - [test] loss: nan    (+/-nan   )
2019-07-22 13:31:45,710 INFO - logger - Iter 13600 - time: 29    - [train] loss: nan    (+/-nan   ) - [valid] loss: nan    (+/-nan   ) - [test] loss: nan    (+/-nan   )
2019-07-22 13:32:15,647 INFO - logger - Iter 13700 - time: 29    - [train] loss: nan    (+/-nan   ) - [valid] loss: nan    (+/-nan   ) - [test] loss: nan    (+/-nan   )
2019-07-22 13:32:45,332 INFO - logger - Iter 13800 - time: 29    - [train] loss: nan    (+/-nan   ) - [valid] loss: nan    (+/-nan   ) - [test] loss: nan    (+/-nan   )
2019-07-22 13:33:15,025 INFO - logger - Iter 13900 - time: 29    - [train] loss: nan    (+/-nan   ) - [valid] loss: nan    (+/-nan   ) - [test] loss: nan    (+/-nan   )
2019-07-22 13:33:43,378 INFO - logger - Iter 14000 - time: 28    - [train] loss: nan    (+/-nan   ) - [valid] loss: nan    (+/-nan   ) - [test] loss: nan    (+/-nan   )
2019-07-22 13:34:12,784 INFO - logger - Iter 14100 - time: 29    - [train] loss: nan    (+/-nan   ) - [valid] loss: nan    (+/-nan   ) - [test] loss: nan    (+/-nan   )
2019-07-22 13:34:41,505 INFO - logger - Iter 14200 - time: 28    - [train] loss: nan    (+/-nan   ) - [valid] loss: nan    (+/-nan   ) - [test] loss: nan    (+/-nan   )
2019-07-22 13:35:11,054 INFO - logger - Iter 14300 - time: 29    - [train] loss: nan    (+/-nan   ) - [valid] loss: nan    (+/-nan   ) - [test] loss: nan    (+/-nan   )
2019-07-22 13:35:40,321 INFO - logger - Iter 14400 - time: 29    - [train] loss: nan    (+/-nan   ) - [valid] loss: nan    (+/-nan   ) - [test] loss: nan    (+/-nan   )
2019-07-22 13:36:09,672 INFO - logger - Iter 14500 - time: 29    - [train] loss: nan    (+/-nan   ) - [valid] loss: nan    (+/-nan   ) - [test] loss: nan    (+/-nan   )
2019-07-22 13:36:38,758 INFO - logger - Iter 14600 - time: 29    - [train] loss: nan    (+/-nan   ) - [valid] loss: nan    (+/-nan   ) - [test] loss: nan    (+/-nan   )
2019-07-22 13:37:08,092 INFO - logger - Iter 14700 - time: 29    - [train] loss: nan    (+/-nan   ) - [valid] loss: nan    (+/-nan   ) - [test] loss: nan    (+/-nan   )
2019-07-22 13:37:37,987 INFO - logger - Iter 14800 - time: 29    - [train] loss: nan    (+/-nan   ) - [valid] loss: nan    (+/-nan   ) - [test] loss: nan    (+/-nan   )
2019-07-22 13:38:07,584 INFO - logger - Iter 14900 - time: 29    - [train] loss: nan    (+/-nan   ) - [valid] loss: nan    (+/-nan   ) - [test] loss: nan    (+/-nan   )
2019-07-22 13:38:36,153 INFO - logger - Iter 15000 - time: 28    - [train] loss: nan    (+/-nan   ) - [valid] loss: nan    (+/-nan   ) - [test] loss: nan    (+/-nan   )
2019-07-22 13:39:05,481 INFO - logger - Iter 15100 - time: 29    - [train] loss: nan    (+/-nan   ) - [valid] loss: nan    (+/-nan   ) - [test] loss: nan    (+/-nan   )
2019-07-22 13:39:34,720 INFO - logger - Iter 15200 - time: 29    - [train] loss: nan    (+/-nan   ) - [valid] loss: nan    (+/-nan   ) - [test] loss: nan    (+/-nan   )
2019-07-22 13:40:03,577 INFO - logger - Iter 15300 - time: 28    - [train] loss: nan    (+/-nan   ) - [valid] loss: nan    (+/-nan   ) - [test] loss: nan    (+/-nan   )
2019-07-22 13:40:32,023 INFO - logger - Iter 15400 - time: 28    - [train] loss: nan    (+/-nan   ) - [valid] loss: nan    (+/-nan   ) - [test] loss: nan    (+/-nan   )
2019-07-22 13:41:01,395 INFO - logger - Iter 15500 - time: 29    - [train] loss: nan    (+/-nan   ) - [valid] loss: nan    (+/-nan   ) - [test] loss: nan    (+/-nan   )
2019-07-22 13:41:30,292 INFO - logger - Iter 15600 - time: 28    - [train] loss: nan    (+/-nan   ) - [valid] loss: nan    (+/-nan   ) - [test] loss: nan    (+/-nan   )
2019-07-22 13:41:58,435 INFO - logger - Iter 15700 - time: 28    - [train] loss: nan    (+/-nan   ) - [valid] loss: nan    (+/-nan   ) - [test] loss: nan    (+/-nan   )
2019-07-22 13:42:28,290 INFO - logger - Iter 15800 - time: 29    - [train] loss: nan    (+/-nan   ) - [valid] loss: nan    (+/-nan   ) - [test] loss: nan    (+/-nan   )
2019-07-22 13:42:57,708 INFO - logger - Iter 15900 - time: 29    - [train] loss: nan    (+/-nan   ) - [valid] loss: nan    (+/-nan   ) - [test] loss: nan    (+/-nan   )
2019-07-22 13:43:27,247 INFO - logger - Iter 16000 - time: 29    - [train] loss: nan    (+/-nan   ) - [valid] loss: nan    (+/-nan   ) - [test] loss: nan    (+/-nan   )
2019-07-22 13:43:55,589 INFO - logger - Iter 16100 - time: 28    - [train] loss: nan    (+/-nan   ) - [valid] loss: nan    (+/-nan   ) - [test] loss: nan    (+/-nan   )
2019-07-22 13:44:25,136 INFO - logger - Iter 16200 - time: 29    - [train] loss: nan    (+/-nan   ) - [valid] loss: nan    (+/-nan   ) - [test] loss: nan    (+/-nan   )
2019-07-22 13:44:54,860 INFO - logger - Iter 16300 - time: 29    - [train] loss: nan    (+/-nan   ) - [valid] loss: nan    (+/-nan   ) - [test] loss: nan    (+/-nan   )
2019-07-22 13:45:24,508 INFO - logger - Iter 16400 - time: 29    - [train] loss: nan    (+/-nan   ) - [valid] loss: nan    (+/-nan   ) - [test] loss: nan    (+/-nan   )
2019-07-22 13:45:53,769 INFO - logger - Iter 16500 - time: 29    - [train] loss: nan    (+/-nan   ) - [valid] loss: nan    (+/-nan   ) - [test] loss: nan    (+/-nan   )
2019-07-22 13:46:23,312 INFO - logger - Iter 16600 - time: 29    - [train] loss: nan    (+/-nan   ) - [valid] loss: nan    (+/-nan   ) - [test] loss: nan    (+/-nan   )
2019-07-22 13:46:52,683 INFO - logger - Iter 16700 - time: 29    - [train] loss: nan    (+/-nan   ) - [valid] loss: nan    (+/-nan   ) - [test] loss: nan    (+/-nan   )
2019-07-22 13:47:21,749 INFO - logger - Iter 16800 - time: 29    - [train] loss: nan    (+/-nan   ) - [valid] loss: nan    (+/-nan   ) - [test] loss: nan    (+/-nan   )
2019-07-22 13:47:50,458 INFO - logger - Iter 16900 - time: 28    - [train] loss: nan    (+/-nan   ) - [valid] loss: nan    (+/-nan   ) - [test] loss: nan    (+/-nan   )
2019-07-22 13:48:19,140 INFO - logger - Iter 17000 - time: 28    - [train] loss: nan    (+/-nan   ) - [valid] loss: nan    (+/-nan   ) - [test] loss: nan    (+/-nan   )
2019-07-22 13:48:48,168 INFO - logger - Iter 17100 - time: 29    - [train] loss: nan    (+/-nan   ) - [valid] loss: nan    (+/-nan   ) - [test] loss: nan    (+/-nan   )
2019-07-22 13:49:16,637 INFO - logger - Iter 17200 - time: 28    - [train] loss: nan    (+/-nan   ) - [valid] loss: nan    (+/-nan   ) - [test] loss: nan    (+/-nan   )
2019-07-22 13:49:46,221 INFO - logger - Iter 17300 - time: 29    - [train] loss: nan    (+/-nan   ) - [valid] loss: nan    (+/-nan   ) - [test] loss: nan    (+/-nan   )
2019-07-22 13:50:15,394 INFO - logger - Iter 17400 - time: 29    - [train] loss: nan    (+/-nan   ) - [valid] loss: nan    (+/-nan   ) - [test] loss: nan    (+/-nan   )
2019-07-22 13:50:43,898 INFO - logger - Iter 17500 - time: 28    - [train] loss: nan    (+/-nan   ) - [valid] loss: nan    (+/-nan   ) - [test] loss: nan    (+/-nan   )
2019-07-22 13:51:12,710 INFO - logger - Iter 17600 - time: 28    - [train] loss: nan    (+/-nan   ) - [valid] loss: nan    (+/-nan   ) - [test] loss: nan    (+/-nan   )
2019-07-22 13:51:42,247 INFO - logger - Iter 17700 - time: 29    - [train] loss: nan    (+/-nan   ) - [valid] loss: nan    (+/-nan   ) - [test] loss: nan    (+/-nan   )
2019-07-22 13:52:11,589 INFO - logger - Iter 17800 - time: 29    - [train] loss: nan    (+/-nan   ) - [valid] loss: nan    (+/-nan   ) - [test] loss: nan    (+/-nan   )
2019-07-22 13:52:40,881 INFO - logger - Iter 17900 - time: 29    - [train] loss: nan    (+/-nan   ) - [valid] loss: nan    (+/-nan   ) - [test] loss: nan    (+/-nan   )
2019-07-22 13:53:09,428 INFO - logger - Iter 18000 - time: 28    - [train] loss: nan    (+/-nan   ) - [valid] loss: nan    (+/-nan   ) - [test] loss: nan    (+/-nan   )
2019-07-22 13:53:37,897 INFO - logger - Iter 18100 - time: 28    - [train] loss: nan    (+/-nan   ) - [valid] loss: nan    (+/-nan   ) - [test] loss: nan    (+/-nan   )
2019-07-22 13:54:06,511 INFO - logger - Iter 18200 - time: 28    - [train] loss: nan    (+/-nan   ) - [valid] loss: nan    (+/-nan   ) - [test] loss: nan    (+/-nan   )
2019-07-22 13:54:36,316 INFO - logger - Iter 18300 - time: 29    - [train] loss: nan    (+/-nan   ) - [valid] loss: nan    (+/-nan   ) - [test] loss: nan    (+/-nan   )
2019-07-22 13:55:05,655 INFO - logger - Iter 18400 - time: 29    - [train] loss: nan    (+/-nan   ) - [valid] loss: nan    (+/-nan   ) - [test] loss: nan    (+/-nan   )
2019-07-22 13:55:34,437 INFO - logger - Iter 18500 - time: 28    - [train] loss: nan    (+/-nan   ) - [valid] loss: nan    (+/-nan   ) - [test] loss: nan    (+/-nan   )
2019-07-22 13:56:03,424 INFO - logger - Iter 18600 - time: 28    - [train] loss: nan    (+/-nan   ) - [valid] loss: nan    (+/-nan   ) - [test] loss: nan    (+/-nan   )
2019-07-22 13:56:32,480 INFO - logger - Iter 18700 - time: 29    - [train] loss: nan    (+/-nan   ) - [valid] loss: nan    (+/-nan   ) - [test] loss: nan    (+/-nan   )
2019-07-22 13:57:01,556 INFO - logger - Iter 18800 - time: 29    - [train] loss: nan    (+/-nan   ) - [valid] loss: nan    (+/-nan   ) - [test] loss: nan    (+/-nan   )
2019-07-22 13:57:30,333 INFO - logger - Iter 18900 - time: 28    - [train] loss: nan    (+/-nan   ) - [valid] loss: nan    (+/-nan   ) - [test] loss: nan    (+/-nan   )
2019-07-22 13:57:59,565 INFO - logger - Iter 19000 - time: 29    - [train] loss: nan    (+/-nan   ) - [valid] loss: nan    (+/-nan   ) - [test] loss: nan    (+/-nan   )
2019-07-22 13:58:28,392 INFO - logger - Iter 19100 - time: 28    - [train] loss: nan    (+/-nan   ) - [valid] loss: nan    (+/-nan   ) - [test] loss: nan    (+/-nan   )
2019-07-22 13:58:58,117 INFO - logger - Iter 19200 - time: 29    - [train] loss: nan    (+/-nan   ) - [valid] loss: nan    (+/-nan   ) - [test] loss: nan    (+/-nan   )
2019-07-22 13:59:27,481 INFO - logger - Iter 19300 - time: 29    - [train] loss: nan    (+/-nan   ) - [valid] loss: nan    (+/-nan   ) - [test] loss: nan    (+/-nan   )
2019-07-22 13:59:57,346 INFO - logger - Iter 19400 - time: 29    - [train] loss: nan    (+/-nan   ) - [valid] loss: nan    (+/-nan   ) - [test] loss: nan    (+/-nan   )
2019-07-22 14:00:24,601 INFO - logger - Iter 19500 - time: 27    - [train] loss: nan    (+/-nan   ) - [valid] loss: nan    (+/-nan   ) - [test] loss: nan    (+/-nan   )
2019-07-22 14:00:53,917 INFO - logger - Iter 19600 - time: 29    - [train] loss: nan    (+/-nan   ) - [valid] loss: nan    (+/-nan   ) - [test] loss: nan    (+/-nan   )
2019-07-22 14:01:22,861 INFO - logger - Iter 19700 - time: 28    - [train] loss: nan    (+/-nan   ) - [valid] loss: nan    (+/-nan   ) - [test] loss: nan    (+/-nan   )
2019-07-22 14:01:51,884 INFO - logger - Iter 19800 - time: 29    - [train] loss: nan    (+/-nan   ) - [valid] loss: nan    (+/-nan   ) - [test] loss: nan    (+/-nan   )
2019-07-22 14:02:20,781 INFO - logger - Iter 19900 - time: 28    - [train] loss: nan    (+/-nan   ) - [valid] loss: nan    (+/-nan   ) - [test] loss: nan    (+/-nan   )
2019-07-22 14:02:50,006 INFO - logger - Iter 20000 - time: 29    - [train] loss: nan    (+/-nan   ) - [valid] loss: nan    (+/-nan   ) - [test] loss: nan    (+/-nan   )
2019-07-22 14:03:18,366 INFO - logger - Iter 20100 - time: 28    - [train] loss: nan    (+/-nan   ) - [valid] loss: nan    (+/-nan   ) - [test] loss: nan    (+/-nan   )
2019-07-22 14:03:47,423 INFO - logger - Iter 20200 - time: 29    - [train] loss: nan    (+/-nan   ) - [valid] loss: nan    (+/-nan   ) - [test] loss: nan    (+/-nan   )
2019-07-22 14:04:17,018 INFO - logger - Iter 20300 - time: 29    - [train] loss: nan    (+/-nan   ) - [valid] loss: nan    (+/-nan   ) - [test] loss: nan    (+/-nan   )
2019-07-22 14:04:46,381 INFO - logger - Iter 20400 - time: 29    - [train] loss: nan    (+/-nan   ) - [valid] loss: nan    (+/-nan   ) - [test] loss: nan    (+/-nan   )
2019-07-22 14:05:14,438 INFO - logger - Iter 20500 - time: 28    - [train] loss: nan    (+/-nan   ) - [valid] loss: nan    (+/-nan   ) - [test] loss: nan    (+/-nan   )
2019-07-22 14:05:43,050 INFO - logger - Iter 20600 - time: 28    - [train] loss: nan    (+/-nan   ) - [valid] loss: nan    (+/-nan   ) - [test] loss: nan    (+/-nan   )
2019-07-22 14:06:11,760 INFO - logger - Iter 20700 - time: 28    - [train] loss: nan    (+/-nan   ) - [valid] loss: nan    (+/-nan   ) - [test] loss: nan    (+/-nan   )
2019-07-22 14:06:39,988 INFO - logger - Iter 20800 - time: 28    - [train] loss: nan    (+/-nan   ) - [valid] loss: nan    (+/-nan   ) - [test] loss: nan    (+/-nan   )
2019-07-22 14:07:09,311 INFO - logger - Iter 20900 - time: 29    - [train] loss: nan    (+/-nan   ) - [valid] loss: nan    (+/-nan   ) - [test] loss: nan    (+/-nan   )
2019-07-22 14:07:38,669 INFO - logger - Iter 21000 - time: 29    - [train] loss: nan    (+/-nan   ) - [valid] loss: nan    (+/-nan   ) - [test] loss: nan    (+/-nan   )
2019-07-22 14:08:06,449 INFO - logger - Iter 21100 - time: 27    - [train] loss: nan    (+/-nan   ) - [valid] loss: nan    (+/-nan   ) - [test] loss: nan    (+/-nan   )
2019-07-22 14:08:36,495 INFO - logger - Iter 21200 - time: 30    - [train] loss: nan    (+/-nan   ) - [valid] loss: nan    (+/-nan   ) - [test] loss: nan    (+/-nan   )
2019-07-22 14:09:05,662 INFO - logger - Iter 21300 - time: 29    - [train] loss: nan    (+/-nan   ) - [valid] loss: nan    (+/-nan   ) - [test] loss: nan    (+/-nan   )
2019-07-22 14:09:34,625 INFO - logger - Iter 21400 - time: 28    - [train] loss: nan    (+/-nan   ) - [valid] loss: nan    (+/-nan   ) - [test] loss: nan    (+/-nan   )
2019-07-22 14:10:03,406 INFO - logger - Iter 21500 - time: 28    - [train] loss: nan    (+/-nan   ) - [valid] loss: nan    (+/-nan   ) - [test] loss: nan    (+/-nan   )
2019-07-22 14:10:32,682 INFO - logger - Iter 21600 - time: 29    - [train] loss: nan    (+/-nan   ) - [valid] loss: nan    (+/-nan   ) - [test] loss: nan    (+/-nan   )
2019-07-22 14:11:01,683 INFO - logger - Iter 21700 - time: 28    - [train] loss: nan    (+/-nan   ) - [valid] loss: nan    (+/-nan   ) - [test] loss: nan    (+/-nan   )
2019-07-22 14:11:30,306 INFO - logger - Iter 21800 - time: 28    - [train] loss: nan    (+/-nan   ) - [valid] loss: nan    (+/-nan   ) - [test] loss: nan    (+/-nan   )
2019-07-22 14:12:00,025 INFO - logger - Iter 21900 - time: 29    - [train] loss: nan    (+/-nan   ) - [valid] loss: nan    (+/-nan   ) - [test] loss: nan    (+/-nan   )
2019-07-22 14:12:29,149 INFO - logger - Iter 22000 - time: 29    - [train] loss: nan    (+/-nan   ) - [valid] loss: nan    (+/-nan   ) - [test] loss: nan    (+/-nan   )
2019-07-22 14:12:57,910 INFO - logger - Iter 22100 - time: 28    - [train] loss: nan    (+/-nan   ) - [valid] loss: nan    (+/-nan   ) - [test] loss: nan    (+/-nan   )
2019-07-22 14:13:26,329 INFO - logger - Iter 22200 - time: 28    - [train] loss: nan    (+/-nan   ) - [valid] loss: nan    (+/-nan   ) - [test] loss: nan    (+/-nan   )
2019-07-22 14:13:56,006 INFO - logger - Iter 22300 - time: 29    - [train] loss: nan    (+/-nan   ) - [valid] loss: nan    (+/-nan   ) - [test] loss: nan    (+/-nan   )
2019-07-22 14:14:25,539 INFO - logger - Iter 22400 - time: 29    - [train] loss: nan    (+/-nan   ) - [valid] loss: nan    (+/-nan   ) - [test] loss: nan    (+/-nan   )
2019-07-22 14:14:53,686 INFO - logger - Iter 22500 - time: 28    - [train] loss: nan    (+/-nan   ) - [valid] loss: nan    (+/-nan   ) - [test] loss: nan    (+/-nan   )
2019-07-22 14:15:23,810 INFO - logger - Iter 22600 - time: 30    - [train] loss: nan    (+/-nan   ) - [valid] loss: nan    (+/-nan   ) - [test] loss: nan    (+/-nan   )
2019-07-22 14:15:52,812 INFO - logger - Iter 22700 - time: 29    - [train] loss: nan    (+/-nan   ) - [valid] loss: nan    (+/-nan   ) - [test] loss: nan    (+/-nan   )
2019-07-22 14:16:21,917 INFO - logger - Iter 22800 - time: 29    - [train] loss: nan    (+/-nan   ) - [valid] loss: nan    (+/-nan   ) - [test] loss: nan    (+/-nan   )
2019-07-22 14:16:50,189 INFO - logger - Iter 22900 - time: 28    - [train] loss: nan    (+/-nan   ) - [valid] loss: nan    (+/-nan   ) - [test] loss: nan    (+/-nan   )
2019-07-22 14:17:19,491 INFO - logger - Iter 23000 - time: 29    - [train] loss: nan    (+/-nan   ) - [valid] loss: nan    (+/-nan   ) - [test] loss: nan    (+/-nan   )
2019-07-22 14:17:48,199 INFO - logger - Iter 23100 - time: 28    - [train] loss: nan    (+/-nan   ) - [valid] loss: nan    (+/-nan   ) - [test] loss: nan    (+/-nan   )
2019-07-22 14:18:17,059 INFO - logger - Iter 23200 - time: 28    - [train] loss: nan    (+/-nan   ) - [valid] loss: nan    (+/-nan   ) - [test] loss: nan    (+/-nan   )
2019-07-22 14:18:45,760 INFO - logger - Iter 23300 - time: 28    - [train] loss: nan    (+/-nan   ) - [valid] loss: nan    (+/-nan   ) - [test] loss: nan    (+/-nan   )
2019-07-22 14:19:14,545 INFO - logger - Iter 23400 - time: 28    - [train] loss: nan    (+/-nan   ) - [valid] loss: nan    (+/-nan   ) - [test] loss: nan    (+/-nan   )
2019-07-22 14:19:44,015 INFO - logger - Iter 23500 - time: 29    - [train] loss: nan    (+/-nan   ) - [valid] loss: nan    (+/-nan   ) - [test] loss: nan    (+/-nan   )
2019-07-22 14:20:13,000 INFO - logger - Iter 23600 - time: 28    - [train] loss: nan    (+/-nan   ) - [valid] loss: nan    (+/-nan   ) - [test] loss: nan    (+/-nan   )
2019-07-22 14:20:42,184 INFO - logger - Iter 23700 - time: 29    - [train] loss: nan    (+/-nan   ) - [valid] loss: nan    (+/-nan   ) - [test] loss: nan    (+/-nan   )
2019-07-22 14:21:11,672 INFO - logger - Iter 23800 - time: 29    - [train] loss: nan    (+/-nan   ) - [valid] loss: nan    (+/-nan   ) - [test] loss: nan    (+/-nan   )
2019-07-22 14:21:40,203 INFO - logger - Iter 23900 - time: 28    - [train] loss: nan    (+/-nan   ) - [valid] loss: nan    (+/-nan   ) - [test] loss: nan    (+/-nan   )
2019-07-22 14:22:09,107 INFO - logger - Iter 24000 - time: 28    - [train] loss: nan    (+/-nan   ) - [valid] loss: nan    (+/-nan   ) - [test] loss: nan    (+/-nan   )
2019-07-22 14:22:38,092 INFO - logger - Iter 24100 - time: 28    - [train] loss: nan    (+/-nan   ) - [valid] loss: nan    (+/-nan   ) - [test] loss: nan    (+/-nan   )
2019-07-22 14:23:07,594 INFO - logger - Iter 24200 - time: 29    - [train] loss: nan    (+/-nan   ) - [valid] loss: nan    (+/-nan   ) - [test] loss: nan    (+/-nan   )
2019-07-22 14:23:36,659 INFO - logger - Iter 24300 - time: 29    - [train] loss: nan    (+/-nan   ) - [valid] loss: nan    (+/-nan   ) - [test] loss: nan    (+/-nan   )
2019-07-22 14:24:05,357 INFO - logger - Iter 24400 - time: 28    - [train] loss: nan    (+/-nan   ) - [valid] loss: nan    (+/-nan   ) - [test] loss: nan    (+/-nan   )
2019-07-22 14:24:33,978 INFO - logger - Iter 24500 - time: 28    - [train] loss: nan    (+/-nan   ) - [valid] loss: nan    (+/-nan   ) - [test] loss: nan    (+/-nan   )
2019-07-22 14:25:02,881 INFO - logger - Iter 24600 - time: 28    - [train] loss: nan    (+/-nan   ) - [valid] loss: nan    (+/-nan   ) - [test] loss: nan    (+/-nan   )
2019-07-22 14:25:31,989 INFO - logger - Iter 24700 - time: 29    - [train] loss: nan    (+/-nan   ) - [valid] loss: nan    (+/-nan   ) - [test] loss: nan    (+/-nan   )
2019-07-22 14:26:00,503 INFO - logger - Iter 24800 - time: 28    - [train] loss: nan    (+/-nan   ) - [valid] loss: nan    (+/-nan   ) - [test] loss: nan    (+/-nan   )
2019-07-22 14:26:29,440 INFO - logger - Iter 24900 - time: 28    - [train] loss: nan    (+/-nan   ) - [valid] loss: nan    (+/-nan   ) - [test] loss: nan    (+/-nan   )
2019-07-22 14:26:59,154 INFO - logger - Iter 25000 - time: 29    - [train] loss: nan    (+/-nan   ) - [valid] loss: nan    (+/-nan   ) - [test] loss: nan    (+/-nan   )
2019-07-22 14:27:28,729 INFO - logger - Iter 25100 - time: 29    - [train] loss: nan    (+/-nan   ) - [valid] loss: nan    (+/-nan   ) - [test] loss: nan    (+/-nan   )
2019-07-22 14:27:57,794 INFO - logger - Iter 25200 - time: 29    - [train] loss: nan    (+/-nan   ) - [valid] loss: nan    (+/-nan   ) - [test] loss: nan    (+/-nan   )
2019-07-22 14:28:26,332 INFO - logger - Iter 25300 - time: 28    - [train] loss: nan    (+/-nan   ) - [valid] loss: nan    (+/-nan   ) - [test] loss: nan    (+/-nan   )
2019-07-22 14:28:54,994 INFO - logger - Iter 25400 - time: 28    - [train] loss: nan    (+/-nan   ) - [valid] loss: nan    (+/-nan   ) - [test] loss: nan    (+/-nan   )
2019-07-22 14:29:23,116 INFO - logger - Iter 25500 - time: 28    - [train] loss: nan    (+/-nan   ) - [valid] loss: nan    (+/-nan   ) - [test] loss: nan    (+/-nan   )
2019-07-22 14:29:53,397 INFO - logger - Iter 25600 - time: 30    - [train] loss: nan    (+/-nan   ) - [valid] loss: nan    (+/-nan   ) - [test] loss: nan    (+/-nan   )
2019-07-22 14:30:23,545 INFO - logger - Iter 25700 - time: 30    - [train] loss: nan    (+/-nan   ) - [valid] loss: nan    (+/-nan   ) - [test] loss: nan    (+/-nan   )
2019-07-22 14:30:52,482 INFO - logger - Iter 25800 - time: 28    - [train] loss: nan    (+/-nan   ) - [valid] loss: nan    (+/-nan   ) - [test] loss: nan    (+/-nan   )
2019-07-22 14:31:20,869 INFO - logger - Iter 25900 - time: 28    - [train] loss: nan    (+/-nan   ) - [valid] loss: nan    (+/-nan   ) - [test] loss: nan    (+/-nan   )
2019-07-22 14:31:50,205 INFO - logger - Iter 26000 - time: 29    - [train] loss: nan    (+/-nan   ) - [valid] loss: nan    (+/-nan   ) - [test] loss: nan    (+/-nan   )
2019-07-22 14:32:19,618 INFO - logger - Iter 26100 - time: 29    - [train] loss: nan    (+/-nan   ) - [valid] loss: nan    (+/-nan   ) - [test] loss: nan    (+/-nan   )
2019-07-22 14:32:47,889 INFO - logger - Iter 26200 - time: 28    - [train] loss: nan    (+/-nan   ) - [valid] loss: nan    (+/-nan   ) - [test] loss: nan    (+/-nan   )
2019-07-22 14:33:16,883 INFO - logger - Iter 26300 - time: 28    - [train] loss: nan    (+/-nan   ) - [valid] loss: nan    (+/-nan   ) - [test] loss: nan    (+/-nan   )
2019-07-22 14:33:45,918 INFO - logger - Iter 26400 - time: 29    - [train] loss: nan    (+/-nan   ) - [valid] loss: nan    (+/-nan   ) - [test] loss: nan    (+/-nan   )
2019-07-22 14:34:14,698 INFO - logger - Iter 26500 - time: 28    - [train] loss: nan    (+/-nan   ) - [valid] loss: nan    (+/-nan   ) - [test] loss: nan    (+/-nan   )
2019-07-22 14:34:43,811 INFO - logger - Iter 26600 - time: 29    - [train] loss: nan    (+/-nan   ) - [valid] loss: nan    (+/-nan   ) - [test] loss: nan    (+/-nan   )
2019-07-22 14:35:13,250 INFO - logger - Iter 26700 - time: 29    - [train] loss: nan    (+/-nan   ) - [valid] loss: nan    (+/-nan   ) - [test] loss: nan    (+/-nan   )
2019-07-22 14:35:43,079 INFO - logger - Iter 26800 - time: 29    - [train] loss: nan    (+/-nan   ) - [valid] loss: nan    (+/-nan   ) - [test] loss: nan    (+/-nan   )
2019-07-22 14:36:11,742 INFO - logger - Iter 26900 - time: 28    - [train] loss: nan    (+/-nan   ) - [valid] loss: nan    (+/-nan   ) - [test] loss: nan    (+/-nan   )
2019-07-22 14:36:40,614 INFO - logger - Iter 27000 - time: 28    - [train] loss: nan    (+/-nan   ) - [valid] loss: nan    (+/-nan   ) - [test] loss: nan    (+/-nan   )
2019-07-22 14:37:09,450 INFO - logger - Iter 27100 - time: 28    - [train] loss: nan    (+/-nan   ) - [valid] loss: nan    (+/-nan   ) - [test] loss: nan    (+/-nan   )
2019-07-22 14:37:37,636 INFO - logger - Iter 27200 - time: 28    - [train] loss: nan    (+/-nan   ) - [valid] loss: nan    (+/-nan   ) - [test] loss: nan    (+/-nan   )
2019-07-22 14:38:06,962 INFO - logger - Iter 27300 - time: 29    - [train] loss: nan    (+/-nan   ) - [valid] loss: nan    (+/-nan   ) - [test] loss: nan    (+/-nan   )
2019-07-22 14:38:36,850 INFO - logger - Iter 27400 - time: 29    - [train] loss: nan    (+/-nan   ) - [valid] loss: nan    (+/-nan   ) - [test] loss: nan    (+/-nan   )
2019-07-22 14:39:04,470 INFO - logger - Iter 27500 - time: 27    - [train] loss: nan    (+/-nan   ) - [valid] loss: nan    (+/-nan   ) - [test] loss: nan    (+/-nan   )
2019-07-22 14:39:33,587 INFO - logger - Iter 27600 - time: 29    - [train] loss: nan    (+/-nan   ) - [valid] loss: nan    (+/-nan   ) - [test] loss: nan    (+/-nan   )
2019-07-22 14:40:03,192 INFO - logger - Iter 27700 - time: 29    - [train] loss: nan    (+/-nan   ) - [valid] loss: nan    (+/-nan   ) - [test] loss: nan    (+/-nan   )
2019-07-22 14:40:31,248 INFO - logger - Iter 27800 - time: 28    - [train] loss: nan    (+/-nan   ) - [valid] loss: nan    (+/-nan   ) - [test] loss: nan    (+/-nan   )
2019-07-22 14:41:00,357 INFO - logger - Iter 27900 - time: 29    - [train] loss: nan    (+/-nan   ) - [valid] loss: nan    (+/-nan   ) - [test] loss: nan    (+/-nan   )
2019-07-22 14:41:29,952 INFO - logger - Iter 28000 - time: 29    - [train] loss: nan    (+/-nan   ) - [valid] loss: nan    (+/-nan   ) - [test] loss: nan    (+/-nan   )
2019-07-22 14:41:58,377 INFO - logger - Iter 28100 - time: 28    - [train] loss: nan    (+/-nan   ) - [valid] loss: nan    (+/-nan   ) - [test] loss: nan    (+/-nan   )
2019-07-22 14:42:27,420 INFO - logger - Iter 28200 - time: 29    - [train] loss: nan    (+/-nan   ) - [valid] loss: nan    (+/-nan   ) - [test] loss: nan    (+/-nan   )
2019-07-22 14:42:56,234 INFO - logger - Iter 28300 - time: 28    - [train] loss: nan    (+/-nan   ) - [valid] loss: nan    (+/-nan   ) - [test] loss: nan    (+/-nan   )
2019-07-22 14:43:24,966 INFO - logger - Iter 28400 - time: 28    - [train] loss: nan    (+/-nan   ) - [valid] loss: nan    (+/-nan   ) - [test] loss: nan    (+/-nan   )
2019-07-22 14:43:52,115 INFO - logger - Iter 28500 - time: 27    - [train] loss: nan    (+/-nan   ) - [valid] loss: nan    (+/-nan   ) - [test] loss: nan    (+/-nan   )
2019-07-22 14:44:21,371 INFO - logger - Iter 28600 - time: 29    - [train] loss: nan    (+/-nan   ) - [valid] loss: nan    (+/-nan   ) - [test] loss: nan    (+/-nan   )
2019-07-22 14:44:49,762 INFO - logger - Iter 28700 - time: 28    - [train] loss: nan    (+/-nan   ) - [valid] loss: nan    (+/-nan   ) - [test] loss: nan    (+/-nan   )
2019-07-22 14:45:18,658 INFO - logger - Iter 28800 - time: 28    - [train] loss: nan    (+/-nan   ) - [valid] loss: nan    (+/-nan   ) - [test] loss: nan    (+/-nan   )
2019-07-22 14:45:46,474 INFO - logger - Iter 28900 - time: 27    - [train] loss: nan    (+/-nan   ) - [valid] loss: nan    (+/-nan   ) - [test] loss: nan    (+/-nan   )
2019-07-22 14:46:15,500 INFO - logger - Iter 29000 - time: 29    - [train] loss: nan    (+/-nan   ) - [valid] loss: nan    (+/-nan   ) - [test] loss: nan    (+/-nan   )
2019-07-22 14:46:44,304 INFO - logger - Iter 29100 - time: 28    - [train] loss: nan    (+/-nan   ) - [valid] loss: nan    (+/-nan   ) - [test] loss: nan    (+/-nan   )
2019-07-22 14:47:13,480 INFO - logger - Iter 29200 - time: 29    - [train] loss: nan    (+/-nan   ) - [valid] loss: nan    (+/-nan   ) - [test] loss: nan    (+/-nan   )
2019-07-22 14:47:43,134 INFO - logger - Iter 29300 - time: 29    - [train] loss: nan    (+/-nan   ) - [valid] loss: nan    (+/-nan   ) - [test] loss: nan    (+/-nan   )
2019-07-22 14:48:12,429 INFO - logger - Iter 29400 - time: 29    - [train] loss: nan    (+/-nan   ) - [valid] loss: nan    (+/-nan   ) - [test] loss: nan    (+/-nan   )
2019-07-22 14:48:41,620 INFO - logger - Iter 29500 - time: 29    - [train] loss: nan    (+/-nan   ) - [valid] loss: nan    (+/-nan   ) - [test] loss: nan    (+/-nan   )
2019-07-22 14:49:09,948 INFO - logger - Iter 29600 - time: 28    - [train] loss: nan    (+/-nan   ) - [valid] loss: nan    (+/-nan   ) - [test] loss: nan    (+/-nan   )
2019-07-22 14:49:39,249 INFO - logger - Iter 29700 - time: 29    - [train] loss: nan    (+/-nan   ) - [valid] loss: nan    (+/-nan   ) - [test] loss: nan    (+/-nan   )
2019-07-22 14:50:08,098 INFO - logger - Iter 29800 - time: 28    - [train] loss: nan    (+/-nan   ) - [valid] loss: nan    (+/-nan   ) - [test] loss: nan    (+/-nan   )
2019-07-22 14:50:36,096 INFO - logger - Iter 29900 - time: 27    - [train] loss: nan    (+/-nan   ) - [valid] loss: nan    (+/-nan   ) - [test] loss: nan    (+/-nan   )
2019-07-22 14:51:05,334 INFO - logger - Iter 30000 - time: 29    - [train] loss: nan    (+/-nan   ) - [valid] loss: nan    (+/-nan   ) - [test] loss: nan    (+/-nan   )
2019-07-22 14:51:35,047 INFO - logger - Iter 30100 - time: 29    - [train] loss: nan    (+/-nan   ) - [valid] loss: nan    (+/-nan   ) - [test] loss: nan    (+/-nan   )
2019-07-22 14:52:03,362 INFO - logger - Iter 30200 - time: 28    - [train] loss: nan    (+/-nan   ) - [valid] loss: nan    (+/-nan   ) - [test] loss: nan    (+/-nan   )
2019-07-22 14:52:32,795 INFO - logger - Iter 30300 - time: 29    - [train] loss: nan    (+/-nan   ) - [valid] loss: nan    (+/-nan   ) - [test] loss: nan    (+/-nan   )
2019-07-22 14:53:00,826 INFO - logger - Iter 30400 - time: 28    - [train] loss: nan    (+/-nan   ) - [valid] loss: nan    (+/-nan   ) - [test] loss: nan    (+/-nan   )
2019-07-22 14:53:29,943 INFO - logger - Iter 30500 - time: 29    - [train] loss: nan    (+/-nan   ) - [valid] loss: nan    (+/-nan   ) - [test] loss: nan    (+/-nan   )
2019-07-22 14:53:58,746 INFO - logger - Iter 30600 - time: 28    - [train] loss: nan    (+/-nan   ) - [valid] loss: nan    (+/-nan   ) - [test] loss: nan    (+/-nan   )
2019-07-22 14:54:27,585 INFO - logger - Iter 30700 - time: 28    - [train] loss: nan    (+/-nan   ) - [valid] loss: nan    (+/-nan   ) - [test] loss: nan    (+/-nan   )
2019-07-22 14:54:56,910 INFO - logger - Iter 30800 - time: 29    - [train] loss: nan    (+/-nan   ) - [valid] loss: nan    (+/-nan   ) - [test] loss: nan    (+/-nan   )
2019-07-22 14:55:25,340 INFO - logger - Iter 30900 - time: 28    - [train] loss: nan    (+/-nan   ) - [valid] loss: nan    (+/-nan   ) - [test] loss: nan    (+/-nan   )
2019-07-22 14:55:54,103 INFO - logger - Iter 31000 - time: 28    - [train] loss: nan    (+/-nan   ) - [valid] loss: nan    (+/-nan   ) - [test] loss: nan    (+/-nan   )
2019-07-22 14:56:23,656 INFO - logger - Iter 31100 - time: 29    - [train] loss: nan    (+/-nan   ) - [valid] loss: nan    (+/-nan   ) - [test] loss: nan    (+/-nan   )
2019-07-22 14:56:52,706 INFO - logger - Iter 31200 - time: 29    - [train] loss: nan    (+/-nan   ) - [valid] loss: nan    (+/-nan   ) - [test] loss: nan    (+/-nan   )
2019-07-22 14:57:22,217 INFO - logger - Iter 31300 - time: 29    - [train] loss: nan    (+/-nan   ) - [valid] loss: nan    (+/-nan   ) - [test] loss: nan    (+/-nan   )
2019-07-22 14:57:51,564 INFO - logger - Iter 31400 - time: 29    - [train] loss: nan    (+/-nan   ) - [valid] loss: nan    (+/-nan   ) - [test] loss: nan    (+/-nan   )
2019-07-22 14:58:21,157 INFO - logger - Iter 31500 - time: 29    - [train] loss: nan    (+/-nan   ) - [valid] loss: nan    (+/-nan   ) - [test] loss: nan    (+/-nan   )
2019-07-22 14:58:50,477 INFO - logger - Iter 31600 - time: 29    - [train] loss: nan    (+/-nan   ) - [valid] loss: nan    (+/-nan   ) - [test] loss: nan    (+/-nan   )
2019-07-22 14:59:18,982 INFO - logger - Iter 31700 - time: 28    - [train] loss: nan    (+/-nan   ) - [valid] loss: nan    (+/-nan   ) - [test] loss: nan    (+/-nan   )
2019-07-22 14:59:48,448 INFO - logger - Iter 31800 - time: 29    - [train] loss: nan    (+/-nan   ) - [valid] loss: nan    (+/-nan   ) - [test] loss: nan    (+/-nan   )
2019-07-22 15:00:18,147 INFO - logger - Iter 31900 - time: 29    - [train] loss: nan    (+/-nan   ) - [valid] loss: nan    (+/-nan   ) - [test] loss: nan    (+/-nan   )
2019-07-22 15:00:46,639 INFO - logger - Iter 32000 - time: 28    - [train] loss: nan    (+/-nan   ) - [valid] loss: nan    (+/-nan   ) - [test] loss: nan    (+/-nan   )
2019-07-22 15:01:16,857 INFO - logger - Iter 32100 - time: 30    - [train] loss: nan    (+/-nan   ) - [valid] loss: nan    (+/-nan   ) - [test] loss: nan    (+/-nan   )
2019-07-22 15:01:46,504 INFO - logger - Iter 32200 - time: 29    - [train] loss: nan    (+/-nan   ) - [valid] loss: nan    (+/-nan   ) - [test] loss: nan    (+/-nan   )
2019-07-22 15:02:15,490 INFO - logger - Iter 32300 - time: 28    - [train] loss: nan    (+/-nan   ) - [valid] loss: nan    (+/-nan   ) - [test] loss: nan    (+/-nan   )
2019-07-22 15:02:44,862 INFO - logger - Iter 32400 - time: 29    - [train] loss: nan    (+/-nan   ) - [valid] loss: nan    (+/-nan   ) - [test] loss: nan    (+/-nan   )
2019-07-22 15:03:14,878 INFO - logger - Iter 32500 - time: 30    - [train] loss: nan    (+/-nan   ) - [valid] loss: nan    (+/-nan   ) - [test] loss: nan    (+/-nan   )
2019-07-22 15:03:43,445 INFO - logger - Iter 32600 - time: 28    - [train] loss: nan    (+/-nan   ) - [valid] loss: nan    (+/-nan   ) - [test] loss: nan    (+/-nan   )
2019-07-22 15:04:12,036 INFO - logger - Iter 32700 - time: 28    - [train] loss: nan    (+/-nan   ) - [valid] loss: nan    (+/-nan   ) - [test] loss: nan    (+/-nan   )
2019-07-22 15:04:41,195 INFO - logger - Iter 32800 - time: 29    - [train] loss: nan    (+/-nan   ) - [valid] loss: nan    (+/-nan   ) - [test] loss: nan    (+/-nan   )
2019-07-22 15:05:09,483 INFO - logger - Iter 32900 - time: 28    - [train] loss: nan    (+/-nan   ) - [valid] loss: nan    (+/-nan   ) - [test] loss: nan    (+/-nan   )
2019-07-22 15:05:38,967 INFO - logger - Iter 33000 - time: 29    - [train] loss: nan    (+/-nan   ) - [valid] loss: nan    (+/-nan   ) - [test] loss: nan    (+/-nan   )
2019-07-22 15:06:08,008 INFO - logger - Iter 33100 - time: 29    - [train] loss: nan    (+/-nan   ) - [valid] loss: nan    (+/-nan   ) - [test] loss: nan    (+/-nan   )
2019-07-22 15:06:36,536 INFO - logger - Iter 33200 - time: 28    - [train] loss: nan    (+/-nan   ) - [valid] loss: nan    (+/-nan   ) - [test] loss: nan    (+/-nan   )
2019-07-22 15:07:05,796 INFO - logger - Iter 33300 - time: 29    - [train] loss: nan    (+/-nan   ) - [valid] loss: nan    (+/-nan   ) - [test] loss: nan    (+/-nan   )
2019-07-22 15:07:34,640 INFO - logger - Iter 33400 - time: 28    - [train] loss: nan    (+/-nan   ) - [valid] loss: nan    (+/-nan   ) - [test] loss: nan    (+/-nan   )
2019-07-22 15:08:03,850 INFO - logger - Iter 33500 - time: 29    - [train] loss: nan    (+/-nan   ) - [valid] loss: nan    (+/-nan   ) - [test] loss: nan    (+/-nan   )
2019-07-22 15:08:33,543 INFO - logger - Iter 33600 - time: 29    - [train] loss: nan    (+/-nan   ) - [valid] loss: nan    (+/-nan   ) - [test] loss: nan    (+/-nan   )
2019-07-22 15:09:02,368 INFO - logger - Iter 33700 - time: 28    - [train] loss: nan    (+/-nan   ) - [valid] loss: nan    (+/-nan   ) - [test] loss: nan    (+/-nan   )
2019-07-22 15:09:31,434 INFO - logger - Iter 33800 - time: 29    - [train] loss: nan    (+/-nan   ) - [valid] loss: nan    (+/-nan   ) - [test] loss: nan    (+/-nan   )
2019-07-22 15:10:01,003 INFO - logger - Iter 33900 - time: 29    - [train] loss: nan    (+/-nan   ) - [valid] loss: nan    (+/-nan   ) - [test] loss: nan    (+/-nan   )
2019-07-22 15:10:29,217 INFO - logger - Iter 34000 - time: 28    - [train] loss: nan    (+/-nan   ) - [valid] loss: nan    (+/-nan   ) - [test] loss: nan    (+/-nan   )
2019-07-22 15:10:58,857 INFO - logger - Iter 34100 - time: 29    - [train] loss: nan    (+/-nan   ) - [valid] loss: nan    (+/-nan   ) - [test] loss: nan    (+/-nan   )
2019-07-22 15:11:28,240 INFO - logger - Iter 34200 - time: 29    - [train] loss: nan    (+/-nan   ) - [valid] loss: nan    (+/-nan   ) - [test] loss: nan    (+/-nan   )
2019-07-22 15:11:56,383 INFO - logger - Iter 34300 - time: 28    - [train] loss: nan    (+/-nan   ) - [valid] loss: nan    (+/-nan   ) - [test] loss: nan    (+/-nan   )
2019-07-22 15:12:26,793 INFO - logger - Iter 34400 - time: 30    - [train] loss: nan    (+/-nan   ) - [valid] loss: nan    (+/-nan   ) - [test] loss: nan    (+/-nan   )
2019-07-22 15:12:56,586 INFO - logger - Iter 34500 - time: 29    - [train] loss: nan    (+/-nan   ) - [valid] loss: nan    (+/-nan   ) - [test] loss: nan    (+/-nan   )
2019-07-22 15:13:25,116 INFO - logger - Iter 34600 - time: 28    - [train] loss: nan    (+/-nan   ) - [valid] loss: nan    (+/-nan   ) - [test] loss: nan    (+/-nan   )
2019-07-22 15:13:55,580 INFO - logger - Iter 34700 - time: 30    - [train] loss: nan    (+/-nan   ) - [valid] loss: nan    (+/-nan   ) - [test] loss: nan    (+/-nan   )
2019-07-22 15:14:23,070 INFO - logger - Iter 34800 - time: 27    - [train] loss: nan    (+/-nan   ) - [valid] loss: nan    (+/-nan   ) - [test] loss: nan    (+/-nan   )
2019-07-22 15:14:52,243 INFO - logger - Iter 34900 - time: 29    - [train] loss: nan    (+/-nan   ) - [valid] loss: nan    (+/-nan   ) - [test] loss: nan    (+/-nan   )
2019-07-22 15:15:22,204 INFO - logger - Iter 35000 - time: 29    - [train] loss: nan    (+/-nan   ) - [valid] loss: nan    (+/-nan   ) - [test] loss: nan    (+/-nan   )
2019-07-22 15:15:52,054 INFO - logger - Iter 35100 - time: 29    - [train] loss: nan    (+/-nan   ) - [valid] loss: nan    (+/-nan   ) - [test] loss: nan    (+/-nan   )
2019-07-22 15:16:20,255 INFO - logger - Iter 35200 - time: 28    - [train] loss: nan    (+/-nan   ) - [valid] loss: nan    (+/-nan   ) - [test] loss: nan    (+/-nan   )
2019-07-22 15:16:49,432 INFO - logger - Iter 35300 - time: 29    - [train] loss: nan    (+/-nan   ) - [valid] loss: nan    (+/-nan   ) - [test] loss: nan    (+/-nan   )
2019-07-22 15:17:18,789 INFO - logger - Iter 35400 - time: 29    - [train] loss: nan    (+/-nan   ) - [valid] loss: nan    (+/-nan   ) - [test] loss: nan    (+/-nan   )
2019-07-22 15:17:47,530 INFO - logger - Iter 35500 - time: 28    - [train] loss: nan    (+/-nan   ) - [valid] loss: nan    (+/-nan   ) - [test] loss: nan    (+/-nan   )
2019-07-22 15:18:15,615 INFO - logger - Iter 35600 - time: 28    - [train] loss: nan    (+/-nan   ) - [valid] loss: nan    (+/-nan   ) - [test] loss: nan    (+/-nan   )
2019-07-22 15:18:45,102 INFO - logger - Iter 35700 - time: 29    - [train] loss: nan    (+/-nan   ) - [valid] loss: nan    (+/-nan   ) - [test] loss: nan    (+/-nan   )
2019-07-22 15:19:14,341 INFO - logger - Iter 35800 - time: 29    - [train] loss: nan    (+/-nan   ) - [valid] loss: nan    (+/-nan   ) - [test] loss: nan    (+/-nan   )
2019-07-22 15:19:44,239 INFO - logger - Iter 35900 - time: 29    - [train] loss: nan    (+/-nan   ) - [valid] loss: nan    (+/-nan   ) - [test] loss: nan    (+/-nan   )
2019-07-22 15:20:12,760 INFO - logger - Iter 36000 - time: 28    - [train] loss: nan    (+/-nan   ) - [valid] loss: nan    (+/-nan   ) - [test] loss: nan    (+/-nan   )
2019-07-22 15:20:41,171 INFO - logger - Iter 36100 - time: 28    - [train] loss: nan    (+/-nan   ) - [valid] loss: nan    (+/-nan   ) - [test] loss: nan    (+/-nan   )
2019-07-22 15:21:09,984 INFO - logger - Iter 36200 - time: 28    - [train] loss: nan    (+/-nan   ) - [valid] loss: nan    (+/-nan   ) - [test] loss: nan    (+/-nan   )
2019-07-22 15:21:37,963 INFO - logger - Iter 36300 - time: 27    - [train] loss: nan    (+/-nan   ) - [valid] loss: nan    (+/-nan   ) - [test] loss: nan    (+/-nan   )
2019-07-22 15:22:07,133 INFO - logger - Iter 36400 - time: 29    - [train] loss: nan    (+/-nan   ) - [valid] loss: nan    (+/-nan   ) - [test] loss: nan    (+/-nan   )
2019-07-22 15:22:36,132 INFO - logger - Iter 36500 - time: 28    - [train] loss: nan    (+/-nan   ) - [valid] loss: nan    (+/-nan   ) - [test] loss: nan    (+/-nan   )
2019-07-22 15:23:05,722 INFO - logger - Iter 36600 - time: 29    - [train] loss: nan    (+/-nan   ) - [valid] loss: nan    (+/-nan   ) - [test] loss: nan    (+/-nan   )
2019-07-22 15:23:34,921 INFO - logger - Iter 36700 - time: 29    - [train] loss: nan    (+/-nan   ) - [valid] loss: nan    (+/-nan   ) - [test] loss: nan    (+/-nan   )
2019-07-22 15:24:03,910 INFO - logger - Iter 36800 - time: 28    - [train] loss: nan    (+/-nan   ) - [valid] loss: nan    (+/-nan   ) - [test] loss: nan    (+/-nan   )
2019-07-22 15:24:33,004 INFO - logger - Iter 36900 - time: 29    - [train] loss: nan    (+/-nan   ) - [valid] loss: nan    (+/-nan   ) - [test] loss: nan    (+/-nan   )
2019-07-22 15:25:03,243 INFO - logger - Iter 37000 - time: 30    - [train] loss: nan    (+/-nan   ) - [valid] loss: nan    (+/-nan   ) - [test] loss: nan    (+/-nan   )
2019-07-22 15:25:32,242 INFO - logger - Iter 37100 - time: 28    - [train] loss: nan    (+/-nan   ) - [valid] loss: nan    (+/-nan   ) - [test] loss: nan    (+/-nan   )
2019-07-22 15:26:01,543 INFO - logger - Iter 37200 - time: 29    - [train] loss: nan    (+/-nan   ) - [valid] loss: nan    (+/-nan   ) - [test] loss: nan    (+/-nan   )
2019-07-22 15:26:30,969 INFO - logger - Iter 37300 - time: 29    - [train] loss: nan    (+/-nan   ) - [valid] loss: nan    (+/-nan   ) - [test] loss: nan    (+/-nan   )
2019-07-22 15:27:00,184 INFO - logger - Iter 37400 - time: 29    - [train] loss: nan    (+/-nan   ) - [valid] loss: nan    (+/-nan   ) - [test] loss: nan    (+/-nan   )
2019-07-22 15:27:29,819 INFO - logger - Iter 37500 - time: 29    - [train] loss: nan    (+/-nan   ) - [valid] loss: nan    (+/-nan   ) - [test] loss: nan    (+/-nan   )
2019-07-22 15:27:58,527 INFO - logger - Iter 37600 - time: 28    - [train] loss: nan    (+/-nan   ) - [valid] loss: nan    (+/-nan   ) - [test] loss: nan    (+/-nan   )
2019-07-22 15:28:27,670 INFO - logger - Iter 37700 - time: 29    - [train] loss: nan    (+/-nan   ) - [valid] loss: nan    (+/-nan   ) - [test] loss: nan    (+/-nan   )
2019-07-22 15:28:57,539 INFO - logger - Iter 37800 - time: 29    - [train] loss: nan    (+/-nan   ) - [valid] loss: nan    (+/-nan   ) - [test] loss: nan    (+/-nan   )
2019-07-22 15:29:26,922 INFO - logger - Iter 37900 - time: 29    - [train] loss: nan    (+/-nan   ) - [valid] loss: nan    (+/-nan   ) - [test] loss: nan    (+/-nan   )
2019-07-22 15:29:55,383 INFO - logger - Iter 38000 - time: 28    - [train] loss: nan    (+/-nan   ) - [valid] loss: nan    (+/-nan   ) - [test] loss: nan    (+/-nan   )
2019-07-22 15:30:24,314 INFO - logger - Iter 38100 - time: 28    - [train] loss: nan    (+/-nan   ) - [valid] loss: nan    (+/-nan   ) - [test] loss: nan    (+/-nan   )
2019-07-22 15:30:52,614 INFO - logger - Iter 38200 - time: 28    - [train] loss: nan    (+/-nan   ) - [valid] loss: nan    (+/-nan   ) - [test] loss: nan    (+/-nan   )
2019-07-22 15:31:22,352 INFO - logger - Iter 38300 - time: 29    - [train] loss: nan    (+/-nan   ) - [valid] loss: nan    (+/-nan   ) - [test] loss: nan    (+/-nan   )
2019-07-22 15:31:51,614 INFO - logger - Iter 38400 - time: 29    - [train] loss: nan    (+/-nan   ) - [valid] loss: nan    (+/-nan   ) - [test] loss: nan    (+/-nan   )
2019-07-22 15:32:21,265 INFO - logger - Iter 38500 - time: 29    - [train] loss: nan    (+/-nan   ) - [valid] loss: nan    (+/-nan   ) - [test] loss: nan    (+/-nan   )
2019-07-22 15:32:50,174 INFO - logger - Iter 38600 - time: 28    - [train] loss: nan    (+/-nan   ) - [valid] loss: nan    (+/-nan   ) - [test] loss: nan    (+/-nan   )
2019-07-22 15:33:19,785 INFO - logger - Iter 38700 - time: 29    - [train] loss: nan    (+/-nan   ) - [valid] loss: nan    (+/-nan   ) - [test] loss: nan    (+/-nan   )
2019-07-22 15:33:49,470 INFO - logger - Iter 38800 - time: 29    - [train] loss: nan    (+/-nan   ) - [valid] loss: nan    (+/-nan   ) - [test] loss: nan    (+/-nan   )
2019-07-22 15:34:18,886 INFO - logger - Iter 38900 - time: 29    - [train] loss: nan    (+/-nan   ) - [valid] loss: nan    (+/-nan   ) - [test] loss: nan    (+/-nan   )
2019-07-22 15:34:47,956 INFO - logger - Iter 39000 - time: 29    - [train] loss: nan    (+/-nan   ) - [valid] loss: nan    (+/-nan   ) - [test] loss: nan    (+/-nan   )
2019-07-22 15:35:17,760 INFO - logger - Iter 39100 - time: 29    - [train] loss: nan    (+/-nan   ) - [valid] loss: nan    (+/-nan   ) - [test] loss: nan    (+/-nan   )
2019-07-22 15:35:47,681 INFO - logger - Iter 39200 - time: 29    - [train] loss: nan    (+/-nan   ) - [valid] loss: nan    (+/-nan   ) - [test] loss: nan    (+/-nan   )
2019-07-22 15:36:16,115 INFO - logger - Iter 39300 - time: 28    - [train] loss: nan    (+/-nan   ) - [valid] loss: nan    (+/-nan   ) - [test] loss: nan    (+/-nan   )
2019-07-22 15:36:45,992 INFO - logger - Iter 39400 - time: 29    - [train] loss: nan    (+/-nan   ) - [valid] loss: nan    (+/-nan   ) - [test] loss: nan    (+/-nan   )
2019-07-22 15:37:14,954 INFO - logger - Iter 39500 - time: 28    - [train] loss: nan    (+/-nan   ) - [valid] loss: nan    (+/-nan   ) - [test] loss: nan    (+/-nan   )
2019-07-22 15:37:45,387 INFO - logger - Iter 39600 - time: 30    - [train] loss: nan    (+/-nan   ) - [valid] loss: nan    (+/-nan   ) - [test] loss: nan    (+/-nan   )
2019-07-22 15:38:15,324 INFO - logger - Iter 39700 - time: 29    - [train] loss: nan    (+/-nan   ) - [valid] loss: nan    (+/-nan   ) - [test] loss: nan    (+/-nan   )
2019-07-22 15:38:43,726 INFO - logger - Iter 39800 - time: 28    - [train] loss: nan    (+/-nan   ) - [valid] loss: nan    (+/-nan   ) - [test] loss: nan    (+/-nan   )
2019-07-22 15:39:13,575 INFO - logger - Iter 39900 - time: 29    - [train] loss: nan    (+/-nan   ) - [valid] loss: nan    (+/-nan   ) - [test] loss: nan    (+/-nan   )
2019-07-22 15:39:42,618 INFO - logger - Iter 40000 - time: 29    - [train] loss: nan    (+/-nan   ) - [valid] loss: nan    (+/-nan   ) - [test] loss: nan    (+/-nan   )
2019-07-22 15:40:11,827 INFO - logger - Iter 40100 - time: 29    - [train] loss: nan    (+/-nan   ) - [valid] loss: nan    (+/-nan   ) - [test] loss: nan    (+/-nan   )
2019-07-22 15:40:41,686 INFO - logger - Iter 40200 - time: 29    - [train] loss: nan    (+/-nan   ) - [valid] loss: nan    (+/-nan   ) - [test] loss: nan    (+/-nan   )
2019-07-22 15:41:10,271 INFO - logger - Iter 40300 - time: 28    - [train] loss: nan    (+/-nan   ) - [valid] loss: nan    (+/-nan   ) - [test] loss: nan    (+/-nan   )
2019-07-22 15:41:39,212 INFO - logger - Iter 40400 - time: 28    - [train] loss: nan    (+/-nan   ) - [valid] loss: nan    (+/-nan   ) - [test] loss: nan    (+/-nan   )
2019-07-22 15:42:07,272 INFO - logger - Iter 40500 - time: 28    - [train] loss: nan    (+/-nan   ) - [valid] loss: nan    (+/-nan   ) - [test] loss: nan    (+/-nan   )
2019-07-22 15:42:35,909 INFO - logger - Iter 40600 - time: 28    - [train] loss: nan    (+/-nan   ) - [valid] loss: nan    (+/-nan   ) - [test] loss: nan    (+/-nan   )
2019-07-22 15:43:05,255 INFO - logger - Iter 40700 - time: 29    - [train] loss: nan    (+/-nan   ) - [valid] loss: nan    (+/-nan   ) - [test] loss: nan    (+/-nan   )
2019-07-22 15:43:35,461 INFO - logger - Iter 40800 - time: 30    - [train] loss: nan    (+/-nan   ) - [valid] loss: nan    (+/-nan   ) - [test] loss: nan    (+/-nan   )
2019-07-22 15:44:05,340 INFO - logger - Iter 40900 - time: 29    - [train] loss: nan    (+/-nan   ) - [valid] loss: nan    (+/-nan   ) - [test] loss: nan    (+/-nan   )
2019-07-22 15:44:33,956 INFO - logger - Iter 41000 - time: 28    - [train] loss: nan    (+/-nan   ) - [valid] loss: nan    (+/-nan   ) - [test] loss: nan    (+/-nan   )
2019-07-22 15:45:03,175 INFO - logger - Iter 41100 - time: 29    - [train] loss: nan    (+/-nan   ) - [valid] loss: nan    (+/-nan   ) - [test] loss: nan    (+/-nan   )
2019-07-22 15:45:32,371 INFO - logger - Iter 41200 - time: 29    - [train] loss: nan    (+/-nan   ) - [valid] loss: nan    (+/-nan   ) - [test] loss: nan    (+/-nan   )
2019-07-22 15:46:01,975 INFO - logger - Iter 41300 - time: 29    - [train] loss: nan    (+/-nan   ) - [valid] loss: nan    (+/-nan   ) - [test] loss: nan    (+/-nan   )
2019-07-22 15:46:32,093 INFO - logger - Iter 41400 - time: 30    - [train] loss: nan    (+/-nan   ) - [valid] loss: nan    (+/-nan   ) - [test] loss: nan    (+/-nan   )
2019-07-22 15:47:00,283 INFO - logger - Iter 41500 - time: 28    - [train] loss: nan    (+/-nan   ) - [valid] loss: nan    (+/-nan   ) - [test] loss: nan    (+/-nan   )
2019-07-22 15:47:29,829 INFO - logger - Iter 41600 - time: 29    - [train] loss: nan    (+/-nan   ) - [valid] loss: nan    (+/-nan   ) - [test] loss: nan    (+/-nan   )
2019-07-22 15:47:57,794 INFO - logger - Iter 41700 - time: 27    - [train] loss: nan    (+/-nan   ) - [valid] loss: nan    (+/-nan   ) - [test] loss: nan    (+/-nan   )
2019-07-22 15:48:27,718 INFO - logger - Iter 41800 - time: 29    - [train] loss: nan    (+/-nan   ) - [valid] loss: nan    (+/-nan   ) - [test] loss: nan    (+/-nan   )
2019-07-22 15:48:56,485 INFO - logger - Iter 41900 - time: 28    - [train] loss: nan    (+/-nan   ) - [valid] loss: nan    (+/-nan   ) - [test] loss: nan    (+/-nan   )
2019-07-22 15:49:24,863 INFO - logger - Iter 42000 - time: 28    - [train] loss: nan    (+/-nan   ) - [valid] loss: nan    (+/-nan   ) - [test] loss: nan    (+/-nan   )
2019-07-22 15:49:54,956 INFO - logger - Iter 42100 - time: 30    - [train] loss: nan    (+/-nan   ) - [valid] loss: nan    (+/-nan   ) - [test] loss: nan    (+/-nan   )
2019-07-22 15:50:24,455 INFO - logger - Iter 42200 - time: 29    - [train] loss: nan    (+/-nan   ) - [valid] loss: nan    (+/-nan   ) - [test] loss: nan    (+/-nan   )
2019-07-22 15:50:53,749 INFO - logger - Iter 42300 - time: 29    - [train] loss: nan    (+/-nan   ) - [valid] loss: nan    (+/-nan   ) - [test] loss: nan    (+/-nan   )
2019-07-22 15:51:23,265 INFO - logger - Iter 42400 - time: 29    - [train] loss: nan    (+/-nan   ) - [valid] loss: nan    (+/-nan   ) - [test] loss: nan    (+/-nan   )
2019-07-22 15:51:51,921 INFO - logger - Iter 42500 - time: 28    - [train] loss: nan    (+/-nan   ) - [valid] loss: nan    (+/-nan   ) - [test] loss: nan    (+/-nan   )
2019-07-22 15:52:21,116 INFO - logger - Iter 42600 - time: 29    - [train] loss: nan    (+/-nan   ) - [valid] loss: nan    (+/-nan   ) - [test] loss: nan    (+/-nan   )
2019-07-22 15:52:50,942 INFO - logger - Iter 42700 - time: 29    - [train] loss: nan    (+/-nan   ) - [valid] loss: nan    (+/-nan   ) - [test] loss: nan    (+/-nan   )
2019-07-22 15:53:19,480 INFO - logger - Iter 42800 - time: 28    - [train] loss: nan    (+/-nan   ) - [valid] loss: nan    (+/-nan   ) - [test] loss: nan    (+/-nan   )
2019-07-22 15:53:49,844 INFO - logger - Iter 42900 - time: 30    - [train] loss: nan    (+/-nan   ) - [valid] loss: nan    (+/-nan   ) - [test] loss: nan    (+/-nan   )
2019-07-22 15:54:19,932 INFO - logger - Iter 43000 - time: 30    - [train] loss: nan    (+/-nan   ) - [valid] loss: nan    (+/-nan   ) - [test] loss: nan    (+/-nan   )
2019-07-22 15:54:48,183 INFO - logger - Iter 43100 - time: 28    - [train] loss: nan    (+/-nan   ) - [valid] loss: nan    (+/-nan   ) - [test] loss: nan    (+/-nan   )
2019-07-22 15:55:17,540 INFO - logger - Iter 43200 - time: 29    - [train] loss: nan    (+/-nan   ) - [valid] loss: nan    (+/-nan   ) - [test] loss: nan    (+/-nan   )
2019-07-22 15:55:47,291 INFO - logger - Iter 43300 - time: 29    - [train] loss: nan    (+/-nan   ) - [valid] loss: nan    (+/-nan   ) - [test] loss: nan    (+/-nan   )
2019-07-22 15:56:16,577 INFO - logger - Iter 43400 - time: 29    - [train] loss: nan    (+/-nan   ) - [valid] loss: nan    (+/-nan   ) - [test] loss: nan    (+/-nan   )
2019-07-22 15:56:45,699 INFO - logger - Iter 43500 - time: 29    - [train] loss: nan    (+/-nan   ) - [valid] loss: nan    (+/-nan   ) - [test] loss: nan    (+/-nan   )
2019-07-22 15:57:15,231 INFO - logger - Iter 43600 - time: 29    - [train] loss: nan    (+/-nan   ) - [valid] loss: nan    (+/-nan   ) - [test] loss: nan    (+/-nan   )
2019-07-22 15:57:44,689 INFO - logger - Iter 43700 - time: 29    - [train] loss: nan    (+/-nan   ) - [valid] loss: nan    (+/-nan   ) - [test] loss: nan    (+/-nan   )
2019-07-22 15:58:13,502 INFO - logger - Iter 43800 - time: 28    - [train] loss: nan    (+/-nan   ) - [valid] loss: nan    (+/-nan   ) - [test] loss: nan    (+/-nan   )
2019-07-22 15:58:43,297 INFO - logger - Iter 43900 - time: 29    - [train] loss: nan    (+/-nan   ) - [valid] loss: nan    (+/-nan   ) - [test] loss: nan    (+/-nan   )
2019-07-22 15:59:12,611 INFO - logger - Iter 44000 - time: 29    - [train] loss: nan    (+/-nan   ) - [valid] loss: nan    (+/-nan   ) - [test] loss: nan    (+/-nan   )
2019-07-22 15:59:41,285 INFO - logger - Iter 44100 - time: 28    - [train] loss: nan    (+/-nan   ) - [valid] loss: nan    (+/-nan   ) - [test] loss: nan    (+/-nan   )
2019-07-22 16:00:11,036 INFO - logger - Iter 44200 - time: 29    - [train] loss: nan    (+/-nan   ) - [valid] loss: nan    (+/-nan   ) - [test] loss: nan    (+/-nan   )
2019-07-22 16:00:39,866 INFO - logger - Iter 44300 - time: 28    - [train] loss: nan    (+/-nan   ) - [valid] loss: nan    (+/-nan   ) - [test] loss: nan    (+/-nan   )
2019-07-22 16:01:08,871 INFO - logger - Iter 44400 - time: 29    - [train] loss: nan    (+/-nan   ) - [valid] loss: nan    (+/-nan   ) - [test] loss: nan    (+/-nan   )
2019-07-22 16:01:37,385 INFO - logger - Iter 44500 - time: 28    - [train] loss: nan    (+/-nan   ) - [valid] loss: nan    (+/-nan   ) - [test] loss: nan    (+/-nan   )
2019-07-22 16:02:06,318 INFO - logger - Iter 44600 - time: 28    - [train] loss: nan    (+/-nan   ) - [valid] loss: nan    (+/-nan   ) - [test] loss: nan    (+/-nan   )
2019-07-22 16:02:35,960 INFO - logger - Iter 44700 - time: 29    - [train] loss: nan    (+/-nan   ) - [valid] loss: nan    (+/-nan   ) - [test] loss: nan    (+/-nan   )
2019-07-22 16:03:05,548 INFO - logger - Iter 44800 - time: 29    - [train] loss: nan    (+/-nan   ) - [valid] loss: nan    (+/-nan   ) - [test] loss: nan    (+/-nan   )
2019-07-22 16:03:34,961 INFO - logger - Iter 44900 - time: 29    - [train] loss: nan    (+/-nan   ) - [valid] loss: nan    (+/-nan   ) - [test] loss: nan    (+/-nan   )
2019-07-22 16:04:02,899 INFO - logger - Iter 45000 - time: 27    - [train] loss: nan    (+/-nan   ) - [valid] loss: nan    (+/-nan   ) - [test] loss: nan    (+/-nan   )
2019-07-22 16:04:31,629 INFO - logger - Iter 45100 - time: 28    - [train] loss: nan    (+/-nan   ) - [valid] loss: nan    (+/-nan   ) - [test] loss: nan    (+/-nan   )
2019-07-22 16:05:00,583 INFO - logger - Iter 45200 - time: 28    - [train] loss: nan    (+/-nan   ) - [valid] loss: nan    (+/-nan   ) - [test] loss: nan    (+/-nan   )
2019-07-22 16:05:28,980 INFO - logger - Iter 45300 - time: 28    - [train] loss: nan    (+/-nan   ) - [valid] loss: nan    (+/-nan   ) - [test] loss: nan    (+/-nan   )
2019-07-22 16:05:57,973 INFO - logger - Iter 45400 - time: 28    - [train] loss: nan    (+/-nan   ) - [valid] loss: nan    (+/-nan   ) - [test] loss: nan    (+/-nan   )
2019-07-22 16:06:27,853 INFO - logger - Iter 45500 - time: 29    - [train] loss: nan    (+/-nan   ) - [valid] loss: nan    (+/-nan   ) - [test] loss: nan    (+/-nan   )
2019-07-22 16:06:56,385 INFO - logger - Iter 45600 - time: 28    - [train] loss: nan    (+/-nan   ) - [valid] loss: nan    (+/-nan   ) - [test] loss: nan    (+/-nan   )
2019-07-22 16:07:25,651 INFO - logger - Iter 45700 - time: 29    - [train] loss: nan    (+/-nan   ) - [valid] loss: nan    (+/-nan   ) - [test] loss: nan    (+/-nan   )
2019-07-22 16:07:52,811 INFO - logger - Iter 45800 - time: 27    - [train] loss: nan    (+/-nan   ) - [valid] loss: nan    (+/-nan   ) - [test] loss: nan    (+/-nan   )
2019-07-22 16:08:21,207 INFO - logger - Iter 45900 - time: 28    - [train] loss: nan    (+/-nan   ) - [valid] loss: nan    (+/-nan   ) - [test] loss: nan    (+/-nan   )
2019-07-22 16:08:48,697 INFO - logger - Iter 46000 - time: 27    - [train] loss: nan    (+/-nan   ) - [valid] loss: nan    (+/-nan   ) - [test] loss: nan    (+/-nan   )
2019-07-22 16:09:16,910 INFO - logger - Iter 46100 - time: 28    - [train] loss: nan    (+/-nan   ) - [valid] loss: nan    (+/-nan   ) - [test] loss: nan    (+/-nan   )
2019-07-22 16:09:44,593 INFO - logger - Iter 46200 - time: 27    - [train] loss: nan    (+/-nan   ) - [valid] loss: nan    (+/-nan   ) - [test] loss: nan    (+/-nan   )
2019-07-22 16:10:13,050 INFO - logger - Iter 46300 - time: 28    - [train] loss: nan    (+/-nan   ) - [valid] loss: nan    (+/-nan   ) - [test] loss: nan    (+/-nan   )
2019-07-22 16:10:40,928 INFO - logger - Iter 46400 - time: 27    - [train] loss: nan    (+/-nan   ) - [valid] loss: nan    (+/-nan   ) - [test] loss: nan    (+/-nan   )
2019-07-22 16:11:09,031 INFO - logger - Iter 46500 - time: 28    - [train] loss: nan    (+/-nan   ) - [valid] loss: nan    (+/-nan   ) - [test] loss: nan    (+/-nan   )
2019-07-22 16:11:37,724 INFO - logger - Iter 46600 - time: 28    - [train] loss: nan    (+/-nan   ) - [valid] loss: nan    (+/-nan   ) - [test] loss: nan    (+/-nan   )
2019-07-22 16:12:06,258 INFO - logger - Iter 46700 - time: 28    - [train] loss: nan    (+/-nan   ) - [valid] loss: nan    (+/-nan   ) - [test] loss: nan    (+/-nan   )
2019-07-22 16:12:33,477 INFO - logger - Iter 46800 - time: 27    - [train] loss: nan    (+/-nan   ) - [valid] loss: nan    (+/-nan   ) - [test] loss: nan    (+/-nan   )
2019-07-22 16:13:01,335 INFO - logger - Iter 46900 - time: 27    - [train] loss: nan    (+/-nan   ) - [valid] loss: nan    (+/-nan   ) - [test] loss: nan    (+/-nan   )
2019-07-22 16:13:29,438 INFO - logger - Iter 47000 - time: 28    - [train] loss: nan    (+/-nan   ) - [valid] loss: nan    (+/-nan   ) - [test] loss: nan    (+/-nan   )
2019-07-22 16:13:56,950 INFO - logger - Iter 47100 - time: 27    - [train] loss: nan    (+/-nan   ) - [valid] loss: nan    (+/-nan   ) - [test] loss: nan    (+/-nan   )
2019-07-22 16:14:25,391 INFO - logger - Iter 47200 - time: 28    - [train] loss: nan    (+/-nan   ) - [valid] loss: nan    (+/-nan   ) - [test] loss: nan    (+/-nan   )
2019-07-22 16:14:54,372 INFO - logger - Iter 47300 - time: 28    - [train] loss: nan    (+/-nan   ) - [valid] loss: nan    (+/-nan   ) - [test] loss: nan    (+/-nan   )
2019-07-22 16:15:22,712 INFO - logger - Iter 47400 - time: 28    - [train] loss: nan    (+/-nan   ) - [valid] loss: nan    (+/-nan   ) - [test] loss: nan    (+/-nan   )
2019-07-22 16:15:51,293 INFO - logger - Iter 47500 - time: 28    - [train] loss: nan    (+/-nan   ) - [valid] loss: nan    (+/-nan   ) - [test] loss: nan    (+/-nan   )
2019-07-22 16:16:18,774 INFO - logger - Iter 47600 - time: 27    - [train] loss: nan    (+/-nan   ) - [valid] loss: nan    (+/-nan   ) - [test] loss: nan    (+/-nan   )
2019-07-22 16:16:46,851 INFO - logger - Iter 47700 - time: 28    - [train] loss: nan    (+/-nan   ) - [valid] loss: nan    (+/-nan   ) - [test] loss: nan    (+/-nan   )
2019-07-22 16:17:14,893 INFO - logger - Iter 47800 - time: 28    - [train] loss: nan    (+/-nan   ) - [valid] loss: nan    (+/-nan   ) - [test] loss: nan    (+/-nan   )
2019-07-22 16:17:42,150 INFO - logger - Iter 47900 - time: 27    - [train] loss: nan    (+/-nan   ) - [valid] loss: nan    (+/-nan   ) - [test] loss: nan    (+/-nan   )
2019-07-22 16:18:10,401 INFO - logger - Iter 48000 - time: 28    - [train] loss: nan    (+/-nan   ) - [valid] loss: nan    (+/-nan   ) - [test] loss: nan    (+/-nan   )
2019-07-22 16:18:37,803 INFO - logger - Iter 48100 - time: 27    - [train] loss: nan    (+/-nan   ) - [valid] loss: nan    (+/-nan   ) - [test] loss: nan    (+/-nan   )
2019-07-22 16:19:05,966 INFO - logger - Iter 48200 - time: 28    - [train] loss: nan    (+/-nan   ) - [valid] loss: nan    (+/-nan   ) - [test] loss: nan    (+/-nan   )
2019-07-22 16:19:34,399 INFO - logger - Iter 48300 - time: 28    - [train] loss: nan    (+/-nan   ) - [valid] loss: nan    (+/-nan   ) - [test] loss: nan    (+/-nan   )
2019-07-22 16:20:02,923 INFO - logger - Iter 48400 - time: 28    - [train] loss: nan    (+/-nan   ) - [valid] loss: nan    (+/-nan   ) - [test] loss: nan    (+/-nan   )
2019-07-22 16:20:31,277 INFO - logger - Iter 48500 - time: 28    - [train] loss: nan    (+/-nan   ) - [valid] loss: nan    (+/-nan   ) - [test] loss: nan    (+/-nan   )
2019-07-22 16:20:58,953 INFO - logger - Iter 48600 - time: 27    - [train] loss: nan    (+/-nan   ) - [valid] loss: nan    (+/-nan   ) - [test] loss: nan    (+/-nan   )
2019-07-22 16:21:26,892 INFO - logger - Iter 48700 - time: 27    - [train] loss: nan    (+/-nan   ) - [valid] loss: nan    (+/-nan   ) - [test] loss: nan    (+/-nan   )
2019-07-22 16:21:55,353 INFO - logger - Iter 48800 - time: 28    - [train] loss: nan    (+/-nan   ) - [valid] loss: nan    (+/-nan   ) - [test] loss: nan    (+/-nan   )
2019-07-22 16:22:23,279 INFO - logger - Iter 48900 - time: 27    - [train] loss: nan    (+/-nan   ) - [valid] loss: nan    (+/-nan   ) - [test] loss: nan    (+/-nan   )
2019-07-22 16:22:50,797 INFO - logger - Iter 49000 - time: 27    - [train] loss: nan    (+/-nan   ) - [valid] loss: nan    (+/-nan   ) - [test] loss: nan    (+/-nan   )
2019-07-22 16:23:17,426 INFO - logger - Iter 49100 - time: 26    - [train] loss: nan    (+/-nan   ) - [valid] loss: nan    (+/-nan   ) - [test] loss: nan    (+/-nan   )
2019-07-22 16:23:46,519 INFO - logger - Iter 49200 - time: 29    - [train] loss: nan    (+/-nan   ) - [valid] loss: nan    (+/-nan   ) - [test] loss: nan    (+/-nan   )
2019-07-22 16:24:13,437 INFO - logger - Iter 49300 - time: 26    - [train] loss: nan    (+/-nan   ) - [valid] loss: nan    (+/-nan   ) - [test] loss: nan    (+/-nan   )
2019-07-22 16:24:42,236 INFO - logger - Iter 49400 - time: 28    - [train] loss: nan    (+/-nan   ) - [valid] loss: nan    (+/-nan   ) - [test] loss: nan    (+/-nan   )
2019-07-22 16:25:09,677 INFO - logger - Iter 49500 - time: 27    - [train] loss: nan    (+/-nan   ) - [valid] loss: nan    (+/-nan   ) - [test] loss: nan    (+/-nan   )
2019-07-22 16:25:38,184 INFO - logger - Iter 49600 - time: 28    - [train] loss: nan    (+/-nan   ) - [valid] loss: nan    (+/-nan   ) - [test] loss: nan    (+/-nan   )
2019-07-22 16:26:06,559 INFO - logger - Iter 49700 - time: 28    - [train] loss: nan    (+/-nan   ) - [valid] loss: nan    (+/-nan   ) - [test] loss: nan    (+/-nan   )
2019-07-22 16:26:35,002 INFO - logger - Iter 49800 - time: 28    - [train] loss: nan    (+/-nan   ) - [valid] loss: nan    (+/-nan   ) - [test] loss: nan    (+/-nan   )
2019-07-22 16:27:03,964 INFO - logger - Iter 49900 - time: 28    - [train] loss: nan    (+/-nan   ) - [valid] loss: nan    (+/-nan   ) - [test] loss: nan    (+/-nan   )
