2019-07-20 05:17:47,856 INFO - log_helper - Finished configuring logger
2019-07-20 05:17:50,575 INFO - logger - Iter 0    - time: 9     - [train] loss: 4.6303 (+/-0.7987) - [valid] loss: 4.2995 (+/-0.7436) - [test] loss: 4.0878 (+/-0.7813)
2019-07-20 05:18:21,380 INFO - logger - Iter 100  - time: 30    - [train] loss: 3.8294 (+/-0.6563) - [valid] loss: 3.47   (+/-0.5821) - [test] loss: 2.6983 (+/-0.5236)
2019-07-20 05:18:51,655 INFO - logger - Iter 200  - time: 30    - [train] loss: 2.5972 (+/-0.4337) - [valid] loss: 2.457  (+/-0.4401) - [test] loss: 2.4473 (+/-0.4613)
2019-07-20 05:19:21,227 INFO - logger - Iter 300  - time: 29    - [train] loss: 1.3739 (+/-0.2702) - [valid] loss: 1.3113 (+/-0.271 ) - [test] loss: 1.0929 (+/-0.2088)
2019-07-20 05:19:50,948 INFO - logger - Iter 400  - time: 29    - [train] loss: 0.7482 (+/-0.1778) - [valid] loss: 0.6854 (+/-0.1249) - [test] loss: 0.6598 (+/-0.1481)
2019-07-20 05:20:23,351 INFO - logger - Iter 500  - time: 32    - [train] loss: 0.4172 (+/-0.1284) - [valid] loss: 0.427  (+/-0.112 ) - [test] loss: 0.4452 (+/-0.1194)
2019-07-20 05:20:56,487 INFO - logger - Iter 600  - time: 33    - [train] loss: 0.2429 (+/-0.0555) - [valid] loss: 0.2949 (+/-0.0607) - [test] loss: 0.3413 (+/-0.0779)
2019-07-20 05:21:27,609 INFO - logger - Iter 700  - time: 31    - [train] loss: 0.2485 (+/-0.0693) - [valid] loss: 0.2364 (+/-0.0537) - [test] loss: 0.2705 (+/-0.0583)
2019-07-20 05:21:58,009 INFO - logger - Iter 800  - time: 30    - [train] loss: 0.2037 (+/-0.0588) - [valid] loss: 0.1886 (+/-0.0493) - [test] loss: 0.1956 (+/-0.0385)
2019-07-20 05:22:27,956 INFO - logger - Iter 900  - time: 29    - [train] loss: 0.1685 (+/-0.038 ) - [valid] loss: 0.155  (+/-0.0317) - [test] loss: 0.2215 (+/-0.0576)
2019-07-20 05:22:58,127 INFO - logger - Iter 1000 - time: 30    - [train] loss: 0.1776 (+/-0.0474) - [valid] loss: 0.1754 (+/-0.0512) - [test] loss: 0.1543 (+/-0.03  )
2019-07-20 05:23:28,409 INFO - logger - Iter 1100 - time: 30    - [train] loss: 0.1591 (+/-0.0352) - [valid] loss: 0.1272 (+/-0.027 ) - [test] loss: 0.1018 (+/-0.0189)
2019-07-20 05:24:02,027 INFO - logger - Iter 1200 - time: 33    - [train] loss: 0.1007 (+/-0.0301) - [valid] loss: 0.1132 (+/-0.0522) - [test] loss: 0.1383 (+/-0.038 )
2019-07-20 05:24:32,535 INFO - logger - Iter 1300 - time: 30    - [train] loss: 0.1416 (+/-0.0478) - [valid] loss: 0.107  (+/-0.0197) - [test] loss: 0.1541 (+/-0.0695)
2019-07-20 05:25:02,831 INFO - logger - Iter 1400 - time: 30    - [train] loss: 0.1021 (+/-0.0219) - [valid] loss: 0.105  (+/-0.0338) - [test] loss: 0.084  (+/-0.0195)
2019-07-20 05:25:33,577 INFO - logger - Iter 1500 - time: 30    - [train] loss: 0.1238 (+/-0.0423) - [valid] loss: 0.1062 (+/-0.0235) - [test] loss: 0.1032 (+/-0.0293)
2019-07-20 05:26:03,071 INFO - logger - Iter 1600 - time: 29    - [train] loss: 0.0965 (+/-0.0277) - [valid] loss: 0.0897 (+/-0.0215) - [test] loss: 0.0763 (+/-0.0174)
2019-07-20 05:26:33,776 INFO - logger - Iter 1700 - time: 30    - [train] loss: 0.0969 (+/-0.0315) - [valid] loss: 0.1143 (+/-0.0318) - [test] loss: 0.0974 (+/-0.0272)
2019-07-20 05:27:04,514 INFO - logger - Iter 1800 - time: 30    - [train] loss: 0.0877 (+/-0.0297) - [valid] loss: 0.0824 (+/-0.0206) - [test] loss: 0.0857 (+/-0.0258)
2019-07-20 05:27:35,086 INFO - logger - Iter 1900 - time: 30    - [train] loss: 0.0671 (+/-0.016 ) - [valid] loss: 0.0698 (+/-0.02  ) - [test] loss: 0.0692 (+/-0.0159)
2019-07-20 05:28:05,162 INFO - logger - Iter 2000 - time: 30    - [train] loss: 0.0738 (+/-0.0182) - [valid] loss: 0.0941 (+/-0.0299) - [test] loss: 0.0762 (+/-0.0191)
2019-07-20 05:28:35,334 INFO - logger - Iter 2100 - time: 30    - [train] loss: 0.0935 (+/-0.03  ) - [valid] loss: 0.0769 (+/-0.0193) - [test] loss: 0.0683 (+/-0.0145)
2019-07-20 05:29:05,853 INFO - logger - Iter 2200 - time: 30    - [train] loss: 0.0661 (+/-0.0226) - [valid] loss: 0.0494 (+/-0.015 ) - [test] loss: 0.0745 (+/-0.0163)
2019-07-20 05:29:36,495 INFO - logger - Iter 2300 - time: 30    - [train] loss: 0.0701 (+/-0.0138) - [valid] loss: 0.0732 (+/-0.0363) - [test] loss: 0.0765 (+/-0.0221)
2019-07-20 05:30:08,009 INFO - logger - Iter 2400 - time: 31    - [train] loss: 0.0672 (+/-0.0153) - [valid] loss: 0.0658 (+/-0.015 ) - [test] loss: 0.0735 (+/-0.0337)
2019-07-20 05:30:38,148 INFO - logger - Iter 2500 - time: 30    - [train] loss: 0.0666 (+/-0.0249) - [valid] loss: 0.0932 (+/-0.0344) - [test] loss: 0.0689 (+/-0.0197)
2019-07-20 05:31:09,233 INFO - logger - Iter 2600 - time: 31    - [train] loss: 0.0536 (+/-0.0126) - [valid] loss: 0.0802 (+/-0.0262) - [test] loss: 0.0511 (+/-0.0126)
2019-07-20 05:31:39,826 INFO - logger - Iter 2700 - time: 30    - [train] loss: 0.063  (+/-0.0205) - [valid] loss: 0.0609 (+/-0.0189) - [test] loss: 0.0669 (+/-0.0316)
2019-07-20 05:32:10,040 INFO - logger - Iter 2800 - time: 30    - [train] loss: 0.0703 (+/-0.0391) - [valid] loss: 0.0643 (+/-0.0198) - [test] loss: 0.0682 (+/-0.035 )
2019-07-20 05:32:39,629 INFO - logger - Iter 2900 - time: 29    - [train] loss: 0.0562 (+/-0.0151) - [valid] loss: 0.0666 (+/-0.0292) - [test] loss: 0.0651 (+/-0.0442)
2019-07-20 05:33:10,345 INFO - logger - Iter 3000 - time: 30    - [train] loss: 0.0582 (+/-0.0125) - [valid] loss: 0.0623 (+/-0.0143) - [test] loss: 0.0695 (+/-0.0199)
2019-07-20 05:33:40,738 INFO - logger - Iter 3100 - time: 30    - [train] loss: 0.0606 (+/-0.0263) - [valid] loss: 0.0523 (+/-0.0156) - [test] loss: 0.0606 (+/-0.0229)
2019-07-20 05:34:10,440 INFO - logger - Iter 3200 - time: 29    - [train] loss: 0.0465 (+/-0.0115) - [valid] loss: 0.0488 (+/-0.0135) - [test] loss: 0.0686 (+/-0.0277)
2019-07-20 05:34:39,336 INFO - logger - Iter 3300 - time: 28    - [train] loss: 0.0632 (+/-0.0269) - [valid] loss: 0.07   (+/-0.0391) - [test] loss: 0.0568 (+/-0.0162)
2019-07-20 05:35:09,258 INFO - logger - Iter 3400 - time: 29    - [train] loss: 0.0558 (+/-0.0199) - [valid] loss: 0.0479 (+/-0.0136) - [test] loss: 0.0673 (+/-0.0203)
2019-07-20 05:35:38,666 INFO - logger - Iter 3500 - time: 29    - [train] loss: 0.0515 (+/-0.0144) - [valid] loss: 0.0519 (+/-0.0154) - [test] loss: 0.0592 (+/-0.0174)
2019-07-20 05:36:07,951 INFO - logger - Iter 3600 - time: 29    - [train] loss: 0.0446 (+/-0.0101) - [valid] loss: 0.0521 (+/-0.0152) - [test] loss: 0.0501 (+/-0.0133)
2019-07-20 05:36:39,111 INFO - logger - Iter 3700 - time: 31    - [train] loss: 0.0544 (+/-0.014 ) - [valid] loss: 0.0389 (+/-0.0104) - [test] loss: 0.0547 (+/-0.0181)
2019-07-20 05:37:08,843 INFO - logger - Iter 3800 - time: 29    - [train] loss: 0.0531 (+/-0.0174) - [valid] loss: 0.0612 (+/-0.0316) - [test] loss: 0.0541 (+/-0.0176)
2019-07-20 05:37:38,327 INFO - logger - Iter 3900 - time: 29    - [train] loss: 0.0518 (+/-0.0131) - [valid] loss: 0.045  (+/-0.0112) - [test] loss: 0.0554 (+/-0.0226)
2019-07-20 05:38:08,814 INFO - logger - Iter 4000 - time: 30    - [train] loss: 0.0425 (+/-0.0111) - [valid] loss: 0.0465 (+/-0.0103) - [test] loss: 0.0561 (+/-0.0235)
2019-07-20 05:38:37,487 INFO - logger - Iter 4100 - time: 28    - [train] loss: 0.0484 (+/-0.0143) - [valid] loss: 0.0483 (+/-0.0102) - [test] loss: 0.0481 (+/-0.0161)
2019-07-20 05:39:08,067 INFO - logger - Iter 4200 - time: 30    - [train] loss: 0.0494 (+/-0.0115) - [valid] loss: 0.0531 (+/-0.0171) - [test] loss: 0.0566 (+/-0.0242)
2019-07-20 05:39:38,409 INFO - logger - Iter 4300 - time: 30    - [train] loss: 0.0652 (+/-0.0345) - [valid] loss: 0.0474 (+/-0.0115) - [test] loss: 0.0451 (+/-0.0094)
2019-07-20 05:40:08,935 INFO - logger - Iter 4400 - time: 30    - [train] loss: 0.0512 (+/-0.016 ) - [valid] loss: 0.0372 (+/-0.0096) - [test] loss: 0.0351 (+/-0.0094)
2019-07-20 05:40:39,251 INFO - logger - Iter 4500 - time: 30    - [train] loss: 0.0535 (+/-0.0151) - [valid] loss: 0.0497 (+/-0.0129) - [test] loss: 0.0569 (+/-0.0194)
2019-07-20 05:41:08,774 INFO - logger - Iter 4600 - time: 29    - [train] loss: 0.0401 (+/-0.012 ) - [valid] loss: 0.0358 (+/-0.0105) - [test] loss: 0.0346 (+/-0.0092)
2019-07-20 05:41:38,062 INFO - logger - Iter 4700 - time: 29    - [train] loss: 0.071  (+/-0.0259) - [valid] loss: 0.0548 (+/-0.0181) - [test] loss: 0.0321 (+/-0.0054)
2019-07-20 05:42:07,942 INFO - logger - Iter 4800 - time: 29    - [train] loss: 0.0371 (+/-0.0117) - [valid] loss: 0.0446 (+/-0.0147) - [test] loss: 0.0502 (+/-0.0212)
2019-07-20 05:42:37,740 INFO - logger - Iter 4900 - time: 29    - [train] loss: 0.0397 (+/-0.0137) - [valid] loss: 0.0357 (+/-0.0074) - [test] loss: 0.0331 (+/-0.0066)
2019-07-20 05:43:07,649 INFO - logger - Iter 5000 - time: 29    - [train] loss: 0.044  (+/-0.0157) - [valid] loss: 0.041  (+/-0.0177) - [test] loss: 0.0358 (+/-0.0099)
2019-07-20 05:43:37,707 INFO - logger - Iter 5100 - time: 30    - [train] loss: 0.0384 (+/-0.0103) - [valid] loss: 0.0366 (+/-0.0096) - [test] loss: 0.0447 (+/-0.0158)
2019-07-20 05:44:07,376 INFO - logger - Iter 5200 - time: 29    - [train] loss: 0.0397 (+/-0.0154) - [valid] loss: 0.0383 (+/-0.01  ) - [test] loss: 0.0297 (+/-0.0093)
2019-07-20 05:44:39,721 INFO - logger - Iter 5300 - time: 32    - [train] loss: 0.0388 (+/-0.013 ) - [valid] loss: 0.0339 (+/-0.0129) - [test] loss: 0.0368 (+/-0.0126)
2019-07-20 05:45:10,573 INFO - logger - Iter 5400 - time: 30    - [train] loss: 0.0413 (+/-0.0228) - [valid] loss: 0.0311 (+/-0.0104) - [test] loss: 0.0386 (+/-0.0126)
2019-07-20 05:45:40,096 INFO - logger - Iter 5500 - time: 29    - [train] loss: 0.0402 (+/-0.013 ) - [valid] loss: 0.0336 (+/-0.011 ) - [test] loss: 0.0278 (+/-0.0063)
2019-07-20 05:46:09,690 INFO - logger - Iter 5600 - time: 29    - [train] loss: 0.0401 (+/-0.0202) - [valid] loss: 0.0403 (+/-0.0178) - [test] loss: 0.0336 (+/-0.0102)
2019-07-20 05:46:40,315 INFO - logger - Iter 5700 - time: 30    - [train] loss: 0.0324 (+/-0.0132) - [valid] loss: 0.0565 (+/-0.0247) - [test] loss: 0.04   (+/-0.0134)
2019-07-20 05:47:10,590 INFO - logger - Iter 5800 - time: 30    - [train] loss: 0.0243 (+/-0.0046) - [valid] loss: 0.0386 (+/-0.0157) - [test] loss: 0.0249 (+/-0.0051)
2019-07-20 05:47:40,142 INFO - logger - Iter 5900 - time: 29    - [train] loss: 0.034  (+/-0.0087) - [valid] loss: 0.0385 (+/-0.0183) - [test] loss: 0.0375 (+/-0.0202)
2019-07-20 05:48:10,233 INFO - logger - Iter 6000 - time: 30    - [train] loss: 0.0452 (+/-0.0265) - [valid] loss: 0.0504 (+/-0.0296) - [test] loss: 0.0363 (+/-0.0124)
2019-07-20 05:48:40,026 INFO - logger - Iter 6100 - time: 29    - [train] loss: 0.036  (+/-0.0184) - [valid] loss: 0.0292 (+/-0.0067) - [test] loss: 0.0362 (+/-0.0097)
2019-07-20 05:49:09,755 INFO - logger - Iter 6200 - time: 29    - [train] loss: 0.0368 (+/-0.0087) - [valid] loss: 0.0382 (+/-0.011 ) - [test] loss: 0.0297 (+/-0.0047)
2019-07-20 05:49:39,559 INFO - logger - Iter 6300 - time: 29    - [train] loss: 0.0372 (+/-0.0102) - [valid] loss: 0.043  (+/-0.0202) - [test] loss: 0.0316 (+/-0.0089)
2019-07-20 05:50:09,081 INFO - logger - Iter 6400 - time: 29    - [train] loss: 0.0298 (+/-0.0075) - [valid] loss: 0.0277 (+/-0.0099) - [test] loss: 0.0297 (+/-0.0122)
2019-07-20 05:50:38,233 INFO - logger - Iter 6500 - time: 29    - [train] loss: 0.0579 (+/-0.0445) - [valid] loss: 0.0356 (+/-0.0148) - [test] loss: 0.0297 (+/-0.0072)
2019-07-20 05:51:06,611 INFO - logger - Iter 6600 - time: 28    - [train] loss: 0.0392 (+/-0.0115) - [valid] loss: 0.0297 (+/-0.0103) - [test] loss: 0.0376 (+/-0.0226)
2019-07-20 05:51:36,531 INFO - logger - Iter 6700 - time: 29    - [train] loss: 0.0427 (+/-0.0172) - [valid] loss: 0.0411 (+/-0.0232) - [test] loss: 0.0479 (+/-0.0208)
2019-07-20 05:52:05,223 INFO - logger - Iter 6800 - time: 28    - [train] loss: 0.0449 (+/-0.0234) - [valid] loss: 0.0327 (+/-0.0148) - [test] loss: 0.0323 (+/-0.0113)
2019-07-20 05:52:35,111 INFO - logger - Iter 6900 - time: 29    - [train] loss: 0.0353 (+/-0.0168) - [valid] loss: 0.0319 (+/-0.0212) - [test] loss: 0.0238 (+/-0.0053)
2019-07-20 05:53:04,762 INFO - logger - Iter 7000 - time: 29    - [train] loss: 0.0228 (+/-0.0055) - [valid] loss: 0.0301 (+/-0.0112) - [test] loss: 0.0268 (+/-0.0066)
2019-07-20 05:53:34,401 INFO - logger - Iter 7100 - time: 29    - [train] loss: 0.0292 (+/-0.0108) - [valid] loss: 0.0369 (+/-0.0152) - [test] loss: 0.0319 (+/-0.0125)
2019-07-20 05:54:04,465 INFO - logger - Iter 7200 - time: 30    - [train] loss: 0.0372 (+/-0.0203) - [valid] loss: 0.0403 (+/-0.014 ) - [test] loss: 0.0412 (+/-0.0187)
2019-07-20 05:54:33,508 INFO - logger - Iter 7300 - time: 29    - [train] loss: 0.0333 (+/-0.0115) - [valid] loss: 0.0278 (+/-0.0087) - [test] loss: 0.0362 (+/-0.0149)
2019-07-20 05:55:03,395 INFO - logger - Iter 7400 - time: 29    - [train] loss: 0.034  (+/-0.0133) - [valid] loss: 0.0236 (+/-0.0087) - [test] loss: 0.0367 (+/-0.0127)
2019-07-20 05:55:33,595 INFO - logger - Iter 7500 - time: 30    - [train] loss: 0.0288 (+/-0.0118) - [valid] loss: 0.0216 (+/-0.0051) - [test] loss: 0.0363 (+/-0.0272)
2019-07-20 05:56:03,409 INFO - logger - Iter 7600 - time: 29    - [train] loss: 0.0358 (+/-0.0137) - [valid] loss: 0.0233 (+/-0.0062) - [test] loss: 0.027  (+/-0.0075)
2019-07-20 05:56:33,345 INFO - logger - Iter 7700 - time: 29    - [train] loss: 0.028  (+/-0.0076) - [valid] loss: 0.0263 (+/-0.0064) - [test] loss: 0.0255 (+/-0.0073)
2019-07-20 05:57:01,663 INFO - logger - Iter 7800 - time: 28    - [train] loss: 0.0257 (+/-0.005 ) - [valid] loss: 0.0256 (+/-0.006 ) - [test] loss: 0.0239 (+/-0.0047)
2019-07-20 05:57:31,158 INFO - logger - Iter 7900 - time: 29    - [train] loss: 0.0306 (+/-0.0084) - [valid] loss: 0.0351 (+/-0.0124) - [test] loss: 0.0252 (+/-0.0052)
2019-07-20 05:58:00,815 INFO - logger - Iter 8000 - time: 29    - [train] loss: 0.0196 (+/-0.0043) - [valid] loss: 0.0233 (+/-0.0095) - [test] loss: 0.0224 (+/-0.0079)
2019-07-20 05:58:30,071 INFO - logger - Iter 8100 - time: 29    - [train] loss: 0.0249 (+/-0.0068) - [valid] loss: 0.0254 (+/-0.0094) - [test] loss: 0.0347 (+/-0.0142)
2019-07-20 05:59:00,118 INFO - logger - Iter 8200 - time: 30    - [train] loss: 0.041  (+/-0.0299) - [valid] loss: 0.0269 (+/-0.0097) - [test] loss: 0.0266 (+/-0.0079)
2019-07-20 05:59:29,452 INFO - logger - Iter 8300 - time: 29    - [train] loss: 0.0209 (+/-0.0069) - [valid] loss: 0.0235 (+/-0.0061) - [test] loss: 0.0318 (+/-0.0154)
2019-07-20 05:59:59,798 INFO - logger - Iter 8400 - time: 30    - [train] loss: 0.0343 (+/-0.0143) - [valid] loss: 0.0239 (+/-0.0049) - [test] loss: 0.0222 (+/-0.0046)
2019-07-20 06:00:28,624 INFO - logger - Iter 8500 - time: 28    - [train] loss: 0.0291 (+/-0.0085) - [valid] loss: 0.0295 (+/-0.017 ) - [test] loss: 0.0228 (+/-0.0068)
2019-07-20 06:00:58,102 INFO - logger - Iter 8600 - time: 29    - [train] loss: 0.0174 (+/-0.0056) - [valid] loss: 0.022  (+/-0.0066) - [test] loss: 0.023  (+/-0.0128)
2019-07-20 06:01:27,061 INFO - logger - Iter 8700 - time: 28    - [train] loss: 0.0238 (+/-0.0073) - [valid] loss: 0.0254 (+/-0.0114) - [test] loss: 0.0244 (+/-0.0084)
2019-07-20 06:01:55,502 INFO - logger - Iter 8800 - time: 28    - [train] loss: 0.0268 (+/-0.0182) - [valid] loss: 0.0251 (+/-0.0088) - [test] loss: 0.0293 (+/-0.0186)
2019-07-20 06:02:25,560 INFO - logger - Iter 8900 - time: 30    - [train] loss: 0.0203 (+/-0.0048) - [valid] loss: 0.0241 (+/-0.0093) - [test] loss: 0.0243 (+/-0.0085)
2019-07-20 06:02:55,096 INFO - logger - Iter 9000 - time: 29    - [train] loss: 0.0319 (+/-0.0151) - [valid] loss: 0.0212 (+/-0.005 ) - [test] loss: 0.0345 (+/-0.026 )
2019-07-20 06:03:24,385 INFO - logger - Iter 9100 - time: 29    - [train] loss: 0.0235 (+/-0.0112) - [valid] loss: 0.0248 (+/-0.0106) - [test] loss: 0.0229 (+/-0.0046)
2019-07-20 06:03:53,697 INFO - logger - Iter 9200 - time: 29    - [train] loss: 0.0196 (+/-0.0048) - [valid] loss: 0.021  (+/-0.0074) - [test] loss: 0.0241 (+/-0.0077)
2019-07-20 06:04:23,278 INFO - logger - Iter 9300 - time: 29    - [train] loss: 0.0289 (+/-0.0095) - [valid] loss: 0.0237 (+/-0.0061) - [test] loss: 0.0298 (+/-0.0102)
2019-07-20 06:04:53,645 INFO - logger - Iter 9400 - time: 30    - [train] loss: 0.0187 (+/-0.0046) - [valid] loss: 0.0162 (+/-0.0046) - [test] loss: 0.0213 (+/-0.0061)
2019-07-20 06:05:23,050 INFO - logger - Iter 9500 - time: 29    - [train] loss: 0.022  (+/-0.0063) - [valid] loss: 0.0215 (+/-0.0044) - [test] loss: 0.0391 (+/-0.0219)
2019-07-20 06:05:52,403 INFO - logger - Iter 9600 - time: 29    - [train] loss: 0.0251 (+/-0.0061) - [valid] loss: 0.0479 (+/-0.0388) - [test] loss: 0.0223 (+/-0.0054)
2019-07-20 06:06:23,276 INFO - logger - Iter 9700 - time: 30    - [train] loss: 0.018  (+/-0.0082) - [valid] loss: 0.0141 (+/-0.0022) - [test] loss: 0.0292 (+/-0.0104)
2019-07-20 06:06:53,399 INFO - logger - Iter 9800 - time: 30    - [train] loss: 0.0206 (+/-0.0056) - [valid] loss: 0.0286 (+/-0.011 ) - [test] loss: 0.0321 (+/-0.0105)
2019-07-20 06:07:23,849 INFO - logger - Iter 9900 - time: 30    - [train] loss: 0.0165 (+/-0.0042) - [valid] loss: 0.0259 (+/-0.0087) - [test] loss: 0.0163 (+/-0.0048)
2019-07-20 06:07:53,418 INFO - logger - Iter 10000 - time: 29    - [train] loss: 0.0184 (+/-0.0048) - [valid] loss: 0.0238 (+/-0.0081) - [test] loss: 0.0285 (+/-0.0135)
2019-07-20 06:08:23,216 INFO - logger - Iter 10100 - time: 29    - [train] loss: 0.0204 (+/-0.0069) - [valid] loss: 0.0239 (+/-0.0082) - [test] loss: 0.0202 (+/-0.0081)
2019-07-20 06:08:53,287 INFO - logger - Iter 10200 - time: 30    - [train] loss: 0.0252 (+/-0.0163) - [valid] loss: 0.0153 (+/-0.0036) - [test] loss: 0.0218 (+/-0.0055)
2019-07-20 06:09:23,207 INFO - logger - Iter 10300 - time: 29    - [train] loss: 0.0236 (+/-0.0091) - [valid] loss: 0.0231 (+/-0.008 ) - [test] loss: 0.0218 (+/-0.0101)
2019-07-20 06:09:52,958 INFO - logger - Iter 10400 - time: 29    - [train] loss: 0.0329 (+/-0.033 ) - [valid] loss: 0.0343 (+/-0.0189) - [test] loss: 0.0145 (+/-0.0033)
2019-07-20 06:10:23,174 INFO - logger - Iter 10500 - time: 30    - [train] loss: 0.0205 (+/-0.0045) - [valid] loss: 0.0166 (+/-0.0034) - [test] loss: 0.0222 (+/-0.0082)
2019-07-20 06:10:53,259 INFO - logger - Iter 10600 - time: 30    - [train] loss: 0.0154 (+/-0.004 ) - [valid] loss: 0.018  (+/-0.0043) - [test] loss: 0.0192 (+/-0.0061)
2019-07-20 06:11:22,530 INFO - logger - Iter 10700 - time: 29    - [train] loss: 0.0172 (+/-0.0047) - [valid] loss: 0.0133 (+/-0.0028) - [test] loss: 0.0229 (+/-0.0085)
2019-07-20 06:11:52,616 INFO - logger - Iter 10800 - time: 30    - [train] loss: 0.0137 (+/-0.0029) - [valid] loss: 0.0245 (+/-0.0122) - [test] loss: 0.0206 (+/-0.0062)
2019-07-20 06:12:22,653 INFO - logger - Iter 10900 - time: 30    - [train] loss: 0.0216 (+/-0.0077) - [valid] loss: 0.0245 (+/-0.0139) - [test] loss: 0.0248 (+/-0.0109)
2019-07-20 06:12:52,434 INFO - logger - Iter 11000 - time: 29    - [train] loss: 0.0192 (+/-0.0057) - [valid] loss: 0.0196 (+/-0.0066) - [test] loss: 0.0181 (+/-0.0046)
2019-07-20 06:13:22,092 INFO - logger - Iter 11100 - time: 29    - [train] loss: 0.024  (+/-0.0073) - [valid] loss: 0.0225 (+/-0.0068) - [test] loss: 0.0389 (+/-0.015 )
2019-07-20 06:13:52,029 INFO - logger - Iter 11200 - time: 29    - [train] loss: 0.0319 (+/-0.0133) - [valid] loss: 0.0233 (+/-0.0055) - [test] loss: 0.025  (+/-0.0112)
2019-07-20 06:14:21,474 INFO - logger - Iter 11300 - time: 29    - [train] loss: 0.0283 (+/-0.0125) - [valid] loss: 0.0227 (+/-0.0064) - [test] loss: 0.0189 (+/-0.0051)
2019-07-20 06:14:50,923 INFO - logger - Iter 11400 - time: 29    - [train] loss: 0.0195 (+/-0.0048) - [valid] loss: 0.0215 (+/-0.0071) - [test] loss: 0.025  (+/-0.0098)
2019-07-20 06:15:20,884 INFO - logger - Iter 11500 - time: 29    - [train] loss: 0.0299 (+/-0.008 ) - [valid] loss: 0.0268 (+/-0.0062) - [test] loss: 0.0293 (+/-0.0092)
2019-07-20 06:15:51,267 INFO - logger - Iter 11600 - time: 30    - [train] loss: 0.0225 (+/-0.0112) - [valid] loss: 0.0167 (+/-0.0053) - [test] loss: 0.0246 (+/-0.016 )
2019-07-20 06:16:20,703 INFO - logger - Iter 11700 - time: 29    - [train] loss: 0.0156 (+/-0.0054) - [valid] loss: 0.0231 (+/-0.0148) - [test] loss: 0.0259 (+/-0.0113)
2019-07-20 06:16:50,544 INFO - logger - Iter 11800 - time: 29    - [train] loss: 0.0207 (+/-0.0059) - [valid] loss: 0.0203 (+/-0.008 ) - [test] loss: 0.02   (+/-0.0106)
2019-07-20 06:17:20,253 INFO - logger - Iter 11900 - time: 29    - [train] loss: 0.0123 (+/-0.0022) - [valid] loss: 0.018  (+/-0.0073) - [test] loss: 0.0192 (+/-0.0056)
2019-07-20 06:17:49,795 INFO - logger - Iter 12000 - time: 29    - [train] loss: 0.0151 (+/-0.0042) - [valid] loss: 0.0274 (+/-0.017 ) - [test] loss: 0.0183 (+/-0.0066)
2019-07-20 06:18:18,791 INFO - logger - Iter 12100 - time: 28    - [train] loss: 0.0172 (+/-0.005 ) - [valid] loss: 0.0224 (+/-0.011 ) - [test] loss: 0.0213 (+/-0.0065)
2019-07-20 06:18:48,384 INFO - logger - Iter 12200 - time: 29    - [train] loss: 0.017  (+/-0.0063) - [valid] loss: 0.0174 (+/-0.0054) - [test] loss: 0.0147 (+/-0.0029)
2019-07-20 06:19:18,049 INFO - logger - Iter 12300 - time: 29    - [train] loss: 0.0356 (+/-0.0109) - [valid] loss: 0.0344 (+/-0.0101) - [test] loss: 0.0368 (+/-0.0146)
2019-07-20 06:19:48,741 INFO - logger - Iter 12400 - time: 30    - [train] loss: 0.0182 (+/-0.0047) - [valid] loss: 0.0185 (+/-0.0048) - [test] loss: 0.019  (+/-0.0077)
2019-07-20 06:20:19,096 INFO - logger - Iter 12500 - time: 30    - [train] loss: 0.0259 (+/-0.0071) - [valid] loss: 0.0665 (+/-0.0666) - [test] loss: 0.0197 (+/-0.0047)
2019-07-20 06:20:48,626 INFO - logger - Iter 12600 - time: 29    - [train] loss: 0.0209 (+/-0.0062) - [valid] loss: 0.0148 (+/-0.0038) - [test] loss: 0.0249 (+/-0.0147)
2019-07-20 06:21:17,450 INFO - logger - Iter 12700 - time: 28    - [train] loss: 0.023  (+/-0.0073) - [valid] loss: 0.0159 (+/-0.0038) - [test] loss: 0.021  (+/-0.0091)
2019-07-20 06:21:47,361 INFO - logger - Iter 12800 - time: 29    - [train] loss: 0.0195 (+/-0.0073) - [valid] loss: 0.0131 (+/-0.0035) - [test] loss: 0.0251 (+/-0.0114)
2019-07-20 06:22:17,350 INFO - logger - Iter 12900 - time: 29    - [train] loss: 0.0168 (+/-0.0039) - [valid] loss: 0.0241 (+/-0.0118) - [test] loss: 0.0163 (+/-0.0046)
2019-07-20 06:22:46,668 INFO - logger - Iter 13000 - time: 29    - [train] loss: 0.023  (+/-0.0074) - [valid] loss: 0.0204 (+/-0.0083) - [test] loss: 0.0227 (+/-0.0107)
2019-07-20 06:23:16,326 INFO - logger - Iter 13100 - time: 29    - [train] loss: 0.0173 (+/-0.0039) - [valid] loss: 0.0193 (+/-0.005 ) - [test] loss: 0.0218 (+/-0.0061)
2019-07-20 06:23:47,312 INFO - logger - Iter 13200 - time: 30    - [train] loss: 0.0165 (+/-0.0096) - [valid] loss: 0.0223 (+/-0.0091) - [test] loss: 0.0146 (+/-0.0043)
2019-07-20 06:24:17,269 INFO - logger - Iter 13300 - time: 29    - [train] loss: 0.0146 (+/-0.0038) - [valid] loss: 0.0135 (+/-0.004 ) - [test] loss: 0.0128 (+/-0.0027)
2019-07-20 06:24:47,016 INFO - logger - Iter 13400 - time: 29    - [train] loss: 0.0197 (+/-0.0108) - [valid] loss: 0.014  (+/-0.0031) - [test] loss: 0.0239 (+/-0.0145)
2019-07-20 06:25:16,913 INFO - logger - Iter 13500 - time: 29    - [train] loss: 0.0151 (+/-0.0036) - [valid] loss: 0.0188 (+/-0.01  ) - [test] loss: 0.0232 (+/-0.0096)
2019-07-20 06:25:47,012 INFO - logger - Iter 13600 - time: 30    - [train] loss: 0.0146 (+/-0.0027) - [valid] loss: 0.019  (+/-0.0049) - [test] loss: 0.0193 (+/-0.0056)
2019-07-20 06:26:16,108 INFO - logger - Iter 13700 - time: 29    - [train] loss: 0.0136 (+/-0.0024) - [valid] loss: 0.0207 (+/-0.0068) - [test] loss: 0.0347 (+/-0.0342)
2019-07-20 06:26:46,671 INFO - logger - Iter 13800 - time: 30    - [train] loss: 0.0153 (+/-0.0062) - [valid] loss: 0.0157 (+/-0.0047) - [test] loss: 0.0132 (+/-0.0035)
2019-07-20 06:27:16,201 INFO - logger - Iter 13900 - time: 29    - [train] loss: 0.0229 (+/-0.005 ) - [valid] loss: 0.0187 (+/-0.005 ) - [test] loss: 0.0217 (+/-0.0043)
2019-07-20 06:27:45,213 INFO - logger - Iter 14000 - time: 29    - [train] loss: 0.0163 (+/-0.0051) - [valid] loss: 0.014  (+/-0.0037) - [test] loss: 0.0224 (+/-0.017 )
2019-07-20 06:28:14,806 INFO - logger - Iter 14100 - time: 29    - [train] loss: 0.015  (+/-0.0032) - [valid] loss: 0.0147 (+/-0.0033) - [test] loss: 0.0171 (+/-0.0061)
2019-07-20 06:28:45,326 INFO - logger - Iter 14200 - time: 30    - [train] loss: 0.0276 (+/-0.0106) - [valid] loss: 0.0244 (+/-0.0166) - [test] loss: 0.0182 (+/-0.0044)
2019-07-20 06:29:15,002 INFO - logger - Iter 14300 - time: 29    - [train] loss: 0.0136 (+/-0.0027) - [valid] loss: 0.0215 (+/-0.0098) - [test] loss: 0.0251 (+/-0.009 )
2019-07-20 06:29:44,675 INFO - logger - Iter 14400 - time: 29    - [train] loss: 0.021  (+/-0.0075) - [valid] loss: 0.0189 (+/-0.0064) - [test] loss: 0.0191 (+/-0.0104)
2019-07-20 06:30:13,976 INFO - logger - Iter 14500 - time: 29    - [train] loss: 0.0131 (+/-0.005 ) - [valid] loss: 0.0162 (+/-0.0052) - [test] loss: 0.0154 (+/-0.0039)
2019-07-20 06:30:44,040 INFO - logger - Iter 14600 - time: 30    - [train] loss: 0.021  (+/-0.0104) - [valid] loss: 0.0167 (+/-0.0052) - [test] loss: 0.0209 (+/-0.0081)
2019-07-20 06:31:13,727 INFO - logger - Iter 14700 - time: 29    - [train] loss: 0.0206 (+/-0.0062) - [valid] loss: 0.0151 (+/-0.0045) - [test] loss: 0.0197 (+/-0.0096)
2019-07-20 06:31:43,902 INFO - logger - Iter 14800 - time: 30    - [train] loss: 0.0254 (+/-0.0185) - [valid] loss: 0.0131 (+/-0.005 ) - [test] loss: 0.0153 (+/-0.0037)
2019-07-20 06:32:13,409 INFO - logger - Iter 14900 - time: 29    - [train] loss: 0.0339 (+/-0.0297) - [valid] loss: 0.0178 (+/-0.0051) - [test] loss: 0.0198 (+/-0.0046)
2019-07-20 06:32:42,318 INFO - logger - Iter 15000 - time: 28    - [train] loss: 0.0187 (+/-0.0082) - [valid] loss: 0.0293 (+/-0.0202) - [test] loss: 0.0153 (+/-0.0079)
2019-07-20 06:33:12,066 INFO - logger - Iter 15100 - time: 29    - [train] loss: 0.0206 (+/-0.0087) - [valid] loss: 0.0159 (+/-0.0035) - [test] loss: 0.0217 (+/-0.012 )
2019-07-20 06:33:41,684 INFO - logger - Iter 15200 - time: 29    - [train] loss: 0.0149 (+/-0.0028) - [valid] loss: 0.019  (+/-0.0062) - [test] loss: 0.0171 (+/-0.0049)
2019-07-20 06:34:11,500 INFO - logger - Iter 15300 - time: 29    - [train] loss: 0.0211 (+/-0.009 ) - [valid] loss: 0.0222 (+/-0.0183) - [test] loss: 0.0117 (+/-0.0033)
2019-07-20 06:34:41,079 INFO - logger - Iter 15400 - time: 29    - [train] loss: 0.0142 (+/-0.004 ) - [valid] loss: 0.0159 (+/-0.0045) - [test] loss: 0.0159 (+/-0.0045)
2019-07-20 06:35:11,093 INFO - logger - Iter 15500 - time: 30    - [train] loss: 0.0171 (+/-0.0044) - [valid] loss: 0.0175 (+/-0.0041) - [test] loss: 0.0252 (+/-0.0129)
2019-07-20 06:35:40,956 INFO - logger - Iter 15600 - time: 29    - [train] loss: 0.0194 (+/-0.0094) - [valid] loss: 0.0212 (+/-0.0154) - [test] loss: 0.0155 (+/-0.0059)
2019-07-20 06:36:10,318 INFO - logger - Iter 15700 - time: 29    - [train] loss: 0.027  (+/-0.0146) - [valid] loss: 0.0193 (+/-0.0056) - [test] loss: 0.0174 (+/-0.0038)
2019-07-20 06:36:39,579 INFO - logger - Iter 15800 - time: 29    - [train] loss: 0.0163 (+/-0.0028) - [valid] loss: 0.0169 (+/-0.0041) - [test] loss: 0.0206 (+/-0.0086)
2019-07-20 06:37:09,804 INFO - logger - Iter 15900 - time: 30    - [train] loss: 0.0134 (+/-0.0029) - [valid] loss: 0.0134 (+/-0.0034) - [test] loss: 0.0195 (+/-0.0069)
2019-07-20 06:37:40,006 INFO - logger - Iter 16000 - time: 30    - [train] loss: 0.0205 (+/-0.0072) - [valid] loss: 0.0152 (+/-0.0057) - [test] loss: 0.0169 (+/-0.0063)
2019-07-20 06:38:09,495 INFO - logger - Iter 16100 - time: 29    - [train] loss: 0.0198 (+/-0.005 ) - [valid] loss: 0.0247 (+/-0.0078) - [test] loss: 0.0225 (+/-0.0059)
2019-07-20 06:38:38,883 INFO - logger - Iter 16200 - time: 29    - [train] loss: 0.0174 (+/-0.0059) - [valid] loss: 0.0191 (+/-0.0103) - [test] loss: 0.0161 (+/-0.0074)
2019-07-20 06:39:08,703 INFO - logger - Iter 16300 - time: 29    - [train] loss: 0.0146 (+/-0.0065) - [valid] loss: 0.0155 (+/-0.0035) - [test] loss: 0.0164 (+/-0.0041)
2019-07-20 06:39:39,298 INFO - logger - Iter 16400 - time: 30    - [train] loss: 0.0118 (+/-0.0029) - [valid] loss: 0.0172 (+/-0.0046) - [test] loss: 0.0151 (+/-0.005 )
2019-07-20 06:40:08,495 INFO - logger - Iter 16500 - time: 29    - [train] loss: 0.0137 (+/-0.0033) - [valid] loss: 0.0152 (+/-0.0043) - [test] loss: 0.0185 (+/-0.0074)
2019-07-20 06:40:38,607 INFO - logger - Iter 16600 - time: 30    - [train] loss: 0.0144 (+/-0.0039) - [valid] loss: 0.0177 (+/-0.005 ) - [test] loss: 0.0184 (+/-0.0075)
2019-07-20 06:41:07,606 INFO - logger - Iter 16700 - time: 28    - [train] loss: 0.023  (+/-0.0189) - [valid] loss: 0.0196 (+/-0.0059) - [test] loss: 0.0148 (+/-0.0052)
2019-07-20 06:41:38,081 INFO - logger - Iter 16800 - time: 30    - [train] loss: 0.0227 (+/-0.0097) - [valid] loss: 0.0199 (+/-0.0073) - [test] loss: 0.0153 (+/-0.003 )
2019-07-20 06:42:07,550 INFO - logger - Iter 16900 - time: 29    - [train] loss: 0.0176 (+/-0.0043) - [valid] loss: 0.0132 (+/-0.0028) - [test] loss: 0.0137 (+/-0.0037)
2019-07-20 06:42:36,472 INFO - logger - Iter 17000 - time: 28    - [train] loss: 0.0113 (+/-0.003 ) - [valid] loss: 0.0218 (+/-0.0071) - [test] loss: 0.0182 (+/-0.0059)
2019-07-20 06:43:06,056 INFO - logger - Iter 17100 - time: 29    - [train] loss: 0.0202 (+/-0.0099) - [valid] loss: 0.0185 (+/-0.0074) - [test] loss: 0.0204 (+/-0.0143)
2019-07-20 06:43:36,281 INFO - logger - Iter 17200 - time: 30    - [train] loss: 0.0179 (+/-0.0051) - [valid] loss: 0.0144 (+/-0.003 ) - [test] loss: 0.0304 (+/-0.0114)
2019-07-20 06:44:05,351 INFO - logger - Iter 17300 - time: 29    - [train] loss: 0.0215 (+/-0.0101) - [valid] loss: 0.014  (+/-0.004 ) - [test] loss: 0.0105 (+/-0.0022)
2019-07-20 06:44:34,794 INFO - logger - Iter 17400 - time: 29    - [train] loss: 0.0225 (+/-0.0148) - [valid] loss: 0.0139 (+/-0.0027) - [test] loss: 0.0222 (+/-0.008 )
2019-07-20 06:45:04,649 INFO - logger - Iter 17500 - time: 29    - [train] loss: 0.0231 (+/-0.0198) - [valid] loss: 0.0163 (+/-0.0057) - [test] loss: 0.0257 (+/-0.0191)
2019-07-20 06:45:33,590 INFO - logger - Iter 17600 - time: 28    - [train] loss: 0.0145 (+/-0.0042) - [valid] loss: 0.0135 (+/-0.0034) - [test] loss: 0.0147 (+/-0.0047)
2019-07-20 06:46:03,800 INFO - logger - Iter 17700 - time: 30    - [train] loss: 0.0185 (+/-0.0058) - [valid] loss: 0.0137 (+/-0.0037) - [test] loss: 0.0147 (+/-0.005 )
2019-07-20 06:46:32,866 INFO - logger - Iter 17800 - time: 29    - [train] loss: 0.0268 (+/-0.0142) - [valid] loss: 0.0288 (+/-0.0076) - [test] loss: 0.0279 (+/-0.0084)
2019-07-20 06:47:02,872 INFO - logger - Iter 17900 - time: 30    - [train] loss: 0.0172 (+/-0.0035) - [valid] loss: 0.0163 (+/-0.0052) - [test] loss: 0.0134 (+/-0.0033)
2019-07-20 06:47:32,250 INFO - logger - Iter 18000 - time: 29    - [train] loss: 0.0167 (+/-0.0098) - [valid] loss: 0.0185 (+/-0.0107) - [test] loss: 0.0371 (+/-0.0282)
2019-07-20 06:48:01,886 INFO - logger - Iter 18100 - time: 29    - [train] loss: 0.0198 (+/-0.0092) - [valid] loss: 0.015  (+/-0.0065) - [test] loss: 0.0125 (+/-0.0036)
2019-07-20 06:48:32,807 INFO - logger - Iter 18200 - time: 30    - [train] loss: 0.0158 (+/-0.0064) - [valid] loss: 0.0171 (+/-0.005 ) - [test] loss: 0.0253 (+/-0.0142)
2019-07-20 06:49:02,536 INFO - logger - Iter 18300 - time: 29    - [train] loss: 0.0203 (+/-0.0068) - [valid] loss: 0.0174 (+/-0.0073) - [test] loss: 0.0178 (+/-0.012 )
2019-07-20 06:49:31,885 INFO - logger - Iter 18400 - time: 29    - [train] loss: 0.0189 (+/-0.0068) - [valid] loss: 0.0124 (+/-0.0047) - [test] loss: 0.0195 (+/-0.0073)
2019-07-20 06:50:02,563 INFO - logger - Iter 18500 - time: 30    - [train] loss: 0.0109 (+/-0.0018) - [valid] loss: 0.0162 (+/-0.0053) - [test] loss: 0.0132 (+/-0.0061)
2019-07-20 06:50:32,641 INFO - logger - Iter 18600 - time: 30    - [train] loss: 0.0172 (+/-0.0079) - [valid] loss: 0.0207 (+/-0.0087) - [test] loss: 0.0156 (+/-0.0055)
2019-07-20 06:51:02,247 INFO - logger - Iter 18700 - time: 29    - [train] loss: 0.0137 (+/-0.0072) - [valid] loss: 0.013  (+/-0.0073) - [test] loss: 0.0103 (+/-0.0032)
2019-07-20 06:51:32,574 INFO - logger - Iter 18800 - time: 30    - [train] loss: 0.0156 (+/-0.0064) - [valid] loss: 0.0113 (+/-0.0035) - [test] loss: 0.0173 (+/-0.0071)
2019-07-20 06:52:02,504 INFO - logger - Iter 18900 - time: 29    - [train] loss: 0.0163 (+/-0.0054) - [valid] loss: 0.0172 (+/-0.0076) - [test] loss: 0.0151 (+/-0.0079)
2019-07-20 06:52:32,595 INFO - logger - Iter 19000 - time: 30    - [train] loss: 0.018  (+/-0.007 ) - [valid] loss: 0.0191 (+/-0.0079) - [test] loss: 0.0198 (+/-0.0051)
2019-07-20 06:53:02,060 INFO - logger - Iter 19100 - time: 29    - [train] loss: 0.0129 (+/-0.0039) - [valid] loss: 0.0258 (+/-0.0291) - [test] loss: 0.0133 (+/-0.0043)
2019-07-20 06:53:31,996 INFO - logger - Iter 19200 - time: 29    - [train] loss: 0.0178 (+/-0.0074) - [valid] loss: 0.0148 (+/-0.0042) - [test] loss: 0.0159 (+/-0.0041)
2019-07-20 06:54:03,205 INFO - logger - Iter 19300 - time: 31    - [train] loss: 0.0201 (+/-0.0076) - [valid] loss: 0.0165 (+/-0.0073) - [test] loss: 0.014  (+/-0.0043)
2019-07-20 06:54:32,642 INFO - logger - Iter 19400 - time: 29    - [train] loss: 0.0157 (+/-0.0034) - [valid] loss: 0.0111 (+/-0.0029) - [test] loss: 0.0178 (+/-0.0042)
2019-07-20 06:55:03,155 INFO - logger - Iter 19500 - time: 30    - [train] loss: 0.0131 (+/-0.0048) - [valid] loss: 0.0146 (+/-0.0035) - [test] loss: 0.0145 (+/-0.0031)
2019-07-20 06:55:32,873 INFO - logger - Iter 19600 - time: 29    - [train] loss: 0.0136 (+/-0.0046) - [valid] loss: 0.0144 (+/-0.0049) - [test] loss: 0.0225 (+/-0.0138)
2019-07-20 06:56:03,273 INFO - logger - Iter 19700 - time: 30    - [train] loss: 0.0163 (+/-0.0046) - [valid] loss: 0.0147 (+/-0.003 ) - [test] loss: 0.0124 (+/-0.0034)
2019-07-20 06:56:33,288 INFO - logger - Iter 19800 - time: 30    - [train] loss: 0.0159 (+/-0.007 ) - [valid] loss: 0.0183 (+/-0.0106) - [test] loss: 0.0175 (+/-0.0062)
2019-07-20 06:57:03,676 INFO - logger - Iter 19900 - time: 30    - [train] loss: 0.0188 (+/-0.004 ) - [valid] loss: 0.02   (+/-0.0052) - [test] loss: 0.0208 (+/-0.0103)
2019-07-20 06:57:33,074 INFO - logger - Iter 20000 - time: 29    - [train] loss: 0.0256 (+/-0.0085) - [valid] loss: 0.0312 (+/-0.0141) - [test] loss: 0.0233 (+/-0.0068)
2019-07-20 06:58:02,795 INFO - logger - Iter 20100 - time: 29    - [train] loss: 0.0189 (+/-0.0141) - [valid] loss: 0.0099 (+/-0.0024) - [test] loss: 0.014  (+/-0.0045)
2019-07-20 06:58:32,408 INFO - logger - Iter 20200 - time: 29    - [train] loss: 0.019  (+/-0.0087) - [valid] loss: 0.0128 (+/-0.0061) - [test] loss: 0.0284 (+/-0.0273)
2019-07-20 06:59:01,358 INFO - logger - Iter 20300 - time: 28    - [train] loss: 0.0155 (+/-0.0033) - [valid] loss: 0.0208 (+/-0.0065) - [test] loss: 0.0177 (+/-0.0058)
2019-07-20 06:59:31,055 INFO - logger - Iter 20400 - time: 29    - [train] loss: 0.0145 (+/-0.0066) - [valid] loss: 0.013  (+/-0.0043) - [test] loss: 0.0283 (+/-0.0212)
2019-07-20 07:00:01,401 INFO - logger - Iter 20500 - time: 30    - [train] loss: 0.0111 (+/-0.0048) - [valid] loss: 0.0156 (+/-0.0062) - [test] loss: 0.0187 (+/-0.0075)
2019-07-20 07:00:31,003 INFO - logger - Iter 20600 - time: 29    - [train] loss: 0.0164 (+/-0.0047) - [valid] loss: 0.0108 (+/-0.0028) - [test] loss: 0.0143 (+/-0.0039)
2019-07-20 07:01:00,879 INFO - logger - Iter 20700 - time: 29    - [train] loss: 0.0204 (+/-0.0103) - [valid] loss: 0.0138 (+/-0.004 ) - [test] loss: 0.019  (+/-0.0134)
2019-07-20 07:01:30,987 INFO - logger - Iter 20800 - time: 30    - [train] loss: 0.0159 (+/-0.0059) - [valid] loss: 0.0113 (+/-0.0023) - [test] loss: 0.0151 (+/-0.0057)
2019-07-20 07:01:59,996 INFO - logger - Iter 20900 - time: 29    - [train] loss: 0.0106 (+/-0.0023) - [valid] loss: 0.0122 (+/-0.0029) - [test] loss: 0.0116 (+/-0.0039)
2019-07-20 07:02:29,586 INFO - logger - Iter 21000 - time: 29    - [train] loss: 0.0155 (+/-0.0047) - [valid] loss: 0.0135 (+/-0.0037) - [test] loss: 0.0117 (+/-0.0039)
2019-07-20 07:03:00,306 INFO - logger - Iter 21100 - time: 30    - [train] loss: 0.0158 (+/-0.0066) - [valid] loss: 0.0159 (+/-0.0047) - [test] loss: 0.0143 (+/-0.0052)
2019-07-20 07:03:29,838 INFO - logger - Iter 21200 - time: 29    - [train] loss: 0.0126 (+/-0.0035) - [valid] loss: 0.0138 (+/-0.005 ) - [test] loss: 0.0127 (+/-0.0034)
2019-07-20 07:03:58,971 INFO - logger - Iter 21300 - time: 29    - [train] loss: 0.0142 (+/-0.003 ) - [valid] loss: 0.0171 (+/-0.0058) - [test] loss: 0.0152 (+/-0.0033)
2019-07-20 07:04:28,340 INFO - logger - Iter 21400 - time: 29    - [train] loss: 0.0153 (+/-0.0044) - [valid] loss: 0.0118 (+/-0.0026) - [test] loss: 0.0168 (+/-0.0066)
2019-07-20 07:04:57,446 INFO - logger - Iter 21500 - time: 29    - [train] loss: 0.0195 (+/-0.0043) - [valid] loss: 0.0247 (+/-0.0102) - [test] loss: 0.0193 (+/-0.0051)
2019-07-20 07:05:28,509 INFO - logger - Iter 21600 - time: 31    - [train] loss: 0.0168 (+/-0.0076) - [valid] loss: 0.0101 (+/-0.0026) - [test] loss: 0.0092 (+/-0.0022)
2019-07-20 07:05:58,102 INFO - logger - Iter 21700 - time: 29    - [train] loss: 0.0265 (+/-0.0175) - [valid] loss: 0.0141 (+/-0.0051) - [test] loss: 0.0103 (+/-0.0023)
2019-07-20 07:06:27,950 INFO - logger - Iter 21800 - time: 29    - [train] loss: 0.0181 (+/-0.0063) - [valid] loss: 0.0164 (+/-0.0081) - [test] loss: 0.0122 (+/-0.0032)
2019-07-20 07:06:57,802 INFO - logger - Iter 21900 - time: 29    - [train] loss: 0.0111 (+/-0.0037) - [valid] loss: 0.0136 (+/-0.0063) - [test] loss: 0.028  (+/-0.0173)
2019-07-20 07:07:28,507 INFO - logger - Iter 22000 - time: 30    - [train] loss: 0.0155 (+/-0.004 ) - [valid] loss: 0.0132 (+/-0.0027) - [test] loss: 0.0128 (+/-0.0029)
2019-07-20 07:07:56,809 INFO - logger - Iter 22100 - time: 28    - [train] loss: 0.0105 (+/-0.0024) - [valid] loss: 0.0141 (+/-0.0036) - [test] loss: 0.0119 (+/-0.0025)
2019-07-20 07:08:26,671 INFO - logger - Iter 22200 - time: 29    - [train] loss: 0.0117 (+/-0.0046) - [valid] loss: 0.0132 (+/-0.0035) - [test] loss: 0.0119 (+/-0.0028)
2019-07-20 07:08:56,481 INFO - logger - Iter 22300 - time: 29    - [train] loss: 0.0166 (+/-0.005 ) - [valid] loss: 0.0139 (+/-0.0028) - [test] loss: 0.0193 (+/-0.0082)
2019-07-20 07:09:26,863 INFO - logger - Iter 22400 - time: 30    - [train] loss: 0.0134 (+/-0.002 ) - [valid] loss: 0.0189 (+/-0.0057) - [test] loss: 0.0222 (+/-0.0128)
2019-07-20 07:09:57,379 INFO - logger - Iter 22500 - time: 30    - [train] loss: 0.0119 (+/-0.003 ) - [valid] loss: 0.0154 (+/-0.0052) - [test] loss: 0.0136 (+/-0.0043)
2019-07-20 07:10:25,657 INFO - logger - Iter 22600 - time: 28    - [train] loss: 0.009  (+/-0.0019) - [valid] loss: 0.0107 (+/-0.0024) - [test] loss: 0.0123 (+/-0.0036)
2019-07-20 07:10:56,045 INFO - logger - Iter 22700 - time: 30    - [train] loss: 0.0156 (+/-0.0071) - [valid] loss: 0.0157 (+/-0.0045) - [test] loss: 0.0126 (+/-0.0043)
2019-07-20 07:11:25,190 INFO - logger - Iter 22800 - time: 29    - [train] loss: 0.0124 (+/-0.0029) - [valid] loss: 0.0113 (+/-0.0028) - [test] loss: 0.0167 (+/-0.0091)
2019-07-20 07:11:54,293 INFO - logger - Iter 22900 - time: 29    - [train] loss: 0.0287 (+/-0.0258) - [valid] loss: 0.0166 (+/-0.0054) - [test] loss: 0.0129 (+/-0.0027)
2019-07-20 07:12:23,746 INFO - logger - Iter 23000 - time: 29    - [train] loss: 0.0227 (+/-0.0102) - [valid] loss: 0.0172 (+/-0.0077) - [test] loss: 0.0203 (+/-0.0094)
2019-07-20 07:12:53,633 INFO - logger - Iter 23100 - time: 29    - [train] loss: 0.0195 (+/-0.0048) - [valid] loss: 0.0182 (+/-0.0047) - [test] loss: 0.0235 (+/-0.0094)
2019-07-20 07:13:22,762 INFO - logger - Iter 23200 - time: 29    - [train] loss: 0.019  (+/-0.0125) - [valid] loss: 0.0153 (+/-0.0035) - [test] loss: 0.0189 (+/-0.0082)
2019-07-20 07:13:51,569 INFO - logger - Iter 23300 - time: 28    - [train] loss: 0.0116 (+/-0.003 ) - [valid] loss: 0.0109 (+/-0.0029) - [test] loss: 0.0216 (+/-0.0199)
2019-07-20 07:14:21,154 INFO - logger - Iter 23400 - time: 29    - [train] loss: 0.0188 (+/-0.0126) - [valid] loss: 0.0373 (+/-0.049 ) - [test] loss: 0.0146 (+/-0.0109)
2019-07-20 07:14:50,165 INFO - logger - Iter 23500 - time: 29    - [train] loss: 0.0127 (+/-0.0032) - [valid] loss: 0.0115 (+/-0.004 ) - [test] loss: 0.0233 (+/-0.0167)
2019-07-20 07:15:19,175 INFO - logger - Iter 23600 - time: 29    - [train] loss: 0.0118 (+/-0.0034) - [valid] loss: 0.0106 (+/-0.0043) - [test] loss: 0.0116 (+/-0.0061)
2019-07-20 07:15:48,030 INFO - logger - Iter 23700 - time: 28    - [train] loss: 0.0148 (+/-0.0035) - [valid] loss: 0.0124 (+/-0.0034) - [test] loss: 0.0132 (+/-0.0041)
2019-07-20 07:16:16,927 INFO - logger - Iter 23800 - time: 28    - [train] loss: 0.0165 (+/-0.0048) - [valid] loss: 0.0168 (+/-0.0041) - [test] loss: 0.0185 (+/-0.0085)
2019-07-20 07:16:45,978 INFO - logger - Iter 23900 - time: 29    - [train] loss: 0.0124 (+/-0.0031) - [valid] loss: 0.0161 (+/-0.0039) - [test] loss: 0.0204 (+/-0.0098)
2019-07-20 07:17:15,390 INFO - logger - Iter 24000 - time: 29    - [train] loss: 0.0172 (+/-0.011 ) - [valid] loss: 0.0107 (+/-0.0025) - [test] loss: 0.0123 (+/-0.0033)
2019-07-20 07:17:43,055 INFO - logger - Iter 24100 - time: 27    - [train] loss: 0.0354 (+/-0.0268) - [valid] loss: 0.0171 (+/-0.0056) - [test] loss: 0.0147 (+/-0.0041)
2019-07-20 07:18:11,908 INFO - logger - Iter 24200 - time: 28    - [train] loss: 0.0141 (+/-0.0046) - [valid] loss: 0.0152 (+/-0.0044) - [test] loss: 0.0144 (+/-0.0055)
2019-07-20 07:18:41,714 INFO - logger - Iter 24300 - time: 29    - [train] loss: 0.0222 (+/-0.0127) - [valid] loss: 0.0156 (+/-0.0063) - [test] loss: 0.0166 (+/-0.0085)
2019-07-20 07:19:10,408 INFO - logger - Iter 24400 - time: 28    - [train] loss: 0.0204 (+/-0.0079) - [valid] loss: 0.022  (+/-0.0124) - [test] loss: 0.0119 (+/-0.0026)
2019-07-20 07:19:39,848 INFO - logger - Iter 24500 - time: 29    - [train] loss: 0.0145 (+/-0.004 ) - [valid] loss: 0.02   (+/-0.0117) - [test] loss: 0.0119 (+/-0.0059)
2019-07-20 07:20:08,712 INFO - logger - Iter 24600 - time: 28    - [train] loss: 0.0273 (+/-0.0291) - [valid] loss: 0.0143 (+/-0.0093) - [test] loss: 0.012  (+/-0.0034)
2019-07-20 07:20:37,954 INFO - logger - Iter 24700 - time: 29    - [train] loss: 0.0136 (+/-0.0039) - [valid] loss: 0.0162 (+/-0.0057) - [test] loss: 0.032  (+/-0.04  )
2019-07-20 07:21:07,137 INFO - logger - Iter 24800 - time: 29    - [train] loss: 0.0119 (+/-0.003 ) - [valid] loss: 0.0104 (+/-0.0024) - [test] loss: 0.0139 (+/-0.008 )
2019-07-20 07:21:35,987 INFO - logger - Iter 24900 - time: 28    - [train] loss: 0.0163 (+/-0.0072) - [valid] loss: 0.011  (+/-0.0039) - [test] loss: 0.017  (+/-0.0063)
2019-07-20 07:22:05,517 INFO - logger - Iter 25000 - time: 29    - [train] loss: 0.0152 (+/-0.0059) - [valid] loss: 0.0116 (+/-0.0035) - [test] loss: 0.013  (+/-0.0058)
2019-07-20 07:22:34,904 INFO - logger - Iter 25100 - time: 29    - [train] loss: 0.0129 (+/-0.0074) - [valid] loss: 0.0095 (+/-0.0025) - [test] loss: 0.0101 (+/-0.0033)
2019-07-20 07:23:04,445 INFO - logger - Iter 25200 - time: 29    - [train] loss: 0.0124 (+/-0.0028) - [valid] loss: 0.0191 (+/-0.0062) - [test] loss: 0.0126 (+/-0.0028)
2019-07-20 07:23:33,380 INFO - logger - Iter 25300 - time: 28    - [train] loss: 0.0116 (+/-0.0033) - [valid] loss: 0.0121 (+/-0.0038) - [test] loss: 0.0178 (+/-0.0106)
2019-07-20 07:24:02,168 INFO - logger - Iter 25400 - time: 28    - [train] loss: 0.0168 (+/-0.0089) - [valid] loss: 0.0154 (+/-0.0091) - [test] loss: 0.0234 (+/-0.0111)
2019-07-20 07:24:31,231 INFO - logger - Iter 25500 - time: 29    - [train] loss: 0.0093 (+/-0.002 ) - [valid] loss: 0.0221 (+/-0.0203) - [test] loss: 0.0171 (+/-0.0127)
2019-07-20 07:24:59,720 INFO - logger - Iter 25600 - time: 28    - [train] loss: 0.0147 (+/-0.0033) - [valid] loss: 0.0162 (+/-0.0056) - [test] loss: 0.0152 (+/-0.0042)
2019-07-20 07:25:27,884 INFO - logger - Iter 25700 - time: 28    - [train] loss: 0.0103 (+/-0.0033) - [valid] loss: 0.0095 (+/-0.0021) - [test] loss: 0.0097 (+/-0.0028)
2019-07-20 07:25:56,784 INFO - logger - Iter 25800 - time: 28    - [train] loss: 0.017  (+/-0.0043) - [valid] loss: 0.0258 (+/-0.0151) - [test] loss: 0.0242 (+/-0.0086)
2019-07-20 07:26:25,782 INFO - logger - Iter 25900 - time: 28    - [train] loss: 0.0115 (+/-0.0036) - [valid] loss: 0.0162 (+/-0.0084) - [test] loss: 0.0224 (+/-0.0176)
2019-07-20 07:26:52,836 INFO - logger - Iter 26000 - time: 27    - [train] loss: 0.0106 (+/-0.0025) - [valid] loss: 0.0104 (+/-0.0028) - [test] loss: 0.0237 (+/-0.0114)
2019-07-20 07:27:22,150 INFO - logger - Iter 26100 - time: 29    - [train] loss: 0.0212 (+/-0.0116) - [valid] loss: 0.0189 (+/-0.0101) - [test] loss: 0.012  (+/-0.003 )
2019-07-20 07:27:51,110 INFO - logger - Iter 26200 - time: 28    - [train] loss: 0.0195 (+/-0.0083) - [valid] loss: 0.0178 (+/-0.0046) - [test] loss: 0.011  (+/-0.0019)
2019-07-20 07:28:19,239 INFO - logger - Iter 26300 - time: 28    - [train] loss: 0.0205 (+/-0.0085) - [valid] loss: 0.0267 (+/-0.0183) - [test] loss: 0.0105 (+/-0.0027)
2019-07-20 07:28:49,024 INFO - logger - Iter 26400 - time: 29    - [train] loss: 0.0189 (+/-0.004 ) - [valid] loss: 0.0132 (+/-0.0015) - [test] loss: 0.0207 (+/-0.0085)
2019-07-20 07:29:18,158 INFO - logger - Iter 26500 - time: 29    - [train] loss: 0.0207 (+/-0.0118) - [valid] loss: 0.0123 (+/-0.0023) - [test] loss: 0.0149 (+/-0.0054)
2019-07-20 07:29:46,396 INFO - logger - Iter 26600 - time: 28    - [train] loss: 0.0108 (+/-0.0036) - [valid] loss: 0.0127 (+/-0.0054) - [test] loss: 0.0091 (+/-0.0014)
2019-07-20 07:30:15,837 INFO - logger - Iter 26700 - time: 29    - [train] loss: 0.0118 (+/-0.003 ) - [valid] loss: 0.0112 (+/-0.0033) - [test] loss: 0.0123 (+/-0.0061)
2019-07-20 07:30:44,600 INFO - logger - Iter 26800 - time: 28    - [train] loss: 0.0149 (+/-0.0063) - [valid] loss: 0.0185 (+/-0.0086) - [test] loss: 0.0186 (+/-0.0102)
2019-07-20 07:31:13,761 INFO - logger - Iter 26900 - time: 29    - [train] loss: 0.0142 (+/-0.0041) - [valid] loss: 0.0202 (+/-0.0094) - [test] loss: 0.011  (+/-0.0023)
2019-07-20 07:31:43,063 INFO - logger - Iter 27000 - time: 29    - [train] loss: 0.0144 (+/-0.0056) - [valid] loss: 0.0138 (+/-0.0052) - [test] loss: 0.0238 (+/-0.0165)
2019-07-20 07:32:11,726 INFO - logger - Iter 27100 - time: 28    - [train] loss: 0.0164 (+/-0.0101) - [valid] loss: 0.0173 (+/-0.0056) - [test] loss: 0.0106 (+/-0.0024)
2019-07-20 07:32:39,736 INFO - logger - Iter 27200 - time: 28    - [train] loss: 0.0095 (+/-0.0032) - [valid] loss: 0.0183 (+/-0.0136) - [test] loss: 0.0114 (+/-0.0062)
2019-07-20 07:33:09,049 INFO - logger - Iter 27300 - time: 29    - [train] loss: 0.0094 (+/-0.0021) - [valid] loss: 0.0146 (+/-0.0081) - [test] loss: 0.0141 (+/-0.0047)
2019-07-20 07:33:38,816 INFO - logger - Iter 27400 - time: 29    - [train] loss: 0.0117 (+/-0.0045) - [valid] loss: 0.0094 (+/-0.0031) - [test] loss: 0.0115 (+/-0.0077)
2019-07-20 07:34:07,905 INFO - logger - Iter 27500 - time: 29    - [train] loss: 0.0147 (+/-0.0049) - [valid] loss: 0.0132 (+/-0.0054) - [test] loss: 0.0107 (+/-0.0034)
2019-07-20 07:34:36,257 INFO - logger - Iter 27600 - time: 28    - [train] loss: 0.0112 (+/-0.0032) - [valid] loss: 0.011  (+/-0.0027) - [test] loss: 0.0113 (+/-0.0035)
2019-07-20 07:35:05,191 INFO - logger - Iter 27700 - time: 28    - [train] loss: 0.014  (+/-0.0068) - [valid] loss: 0.011  (+/-0.0041) - [test] loss: 0.0113 (+/-0.0033)
2019-07-20 07:35:34,611 INFO - logger - Iter 27800 - time: 29    - [train] loss: 0.0136 (+/-0.0039) - [valid] loss: 0.0121 (+/-0.0038) - [test] loss: 0.0093 (+/-0.002 )
2019-07-20 07:36:03,193 INFO - logger - Iter 27900 - time: 28    - [train] loss: 0.0133 (+/-0.0056) - [valid] loss: 0.0212 (+/-0.0123) - [test] loss: 0.0119 (+/-0.0036)
2019-07-20 07:36:31,410 INFO - logger - Iter 28000 - time: 28    - [train] loss: 0.0098 (+/-0.003 ) - [valid] loss: 0.0098 (+/-0.0022) - [test] loss: 0.0116 (+/-0.0045)
2019-07-20 07:37:00,286 INFO - logger - Iter 28100 - time: 28    - [train] loss: 0.0172 (+/-0.0049) - [valid] loss: 0.0204 (+/-0.0095) - [test] loss: 0.0148 (+/-0.0057)
2019-07-20 07:37:29,188 INFO - logger - Iter 28200 - time: 28    - [train] loss: 0.0216 (+/-0.0227) - [valid] loss: 0.009  (+/-0.002 ) - [test] loss: 0.021  (+/-0.0155)
2019-07-20 07:37:58,530 INFO - logger - Iter 28300 - time: 29    - [train] loss: 0.0122 (+/-0.0076) - [valid] loss: 0.0144 (+/-0.0056) - [test] loss: 0.0141 (+/-0.0056)
2019-07-20 07:38:27,095 INFO - logger - Iter 28400 - time: 28    - [train] loss: 0.0149 (+/-0.0064) - [valid] loss: 0.0105 (+/-0.0036) - [test] loss: 0.0126 (+/-0.0055)
2019-07-20 07:38:56,027 INFO - logger - Iter 28500 - time: 28    - [train] loss: 0.0159 (+/-0.0088) - [valid] loss: 0.0116 (+/-0.0028) - [test] loss: 0.0143 (+/-0.0065)
2019-07-20 07:39:24,634 INFO - logger - Iter 28600 - time: 28    - [train] loss: 0.0151 (+/-0.0041) - [valid] loss: 0.0136 (+/-0.0033) - [test] loss: 0.0144 (+/-0.0045)
2019-07-20 07:39:52,869 INFO - logger - Iter 28700 - time: 28    - [train] loss: 0.0151 (+/-0.0059) - [valid] loss: 0.0141 (+/-0.0049) - [test] loss: 0.015  (+/-0.0056)
2019-07-20 07:40:22,541 INFO - logger - Iter 28800 - time: 29    - [train] loss: 0.0151 (+/-0.0055) - [valid] loss: 0.0117 (+/-0.0043) - [test] loss: 0.0139 (+/-0.0051)
2019-07-20 07:40:50,871 INFO - logger - Iter 28900 - time: 28    - [train] loss: 0.014  (+/-0.0037) - [valid] loss: 0.0118 (+/-0.0042) - [test] loss: 0.0137 (+/-0.004 )
2019-07-20 07:41:19,578 INFO - logger - Iter 29000 - time: 28    - [train] loss: 0.0123 (+/-0.0046) - [valid] loss: 0.0112 (+/-0.0047) - [test] loss: 0.0087 (+/-0.0018)
2019-07-20 07:41:48,457 INFO - logger - Iter 29100 - time: 28    - [train] loss: 0.0196 (+/-0.0117) - [valid] loss: 0.02   (+/-0.0147) - [test] loss: 0.016  (+/-0.0094)
2019-07-20 07:42:17,681 INFO - logger - Iter 29200 - time: 29    - [train] loss: 0.008  (+/-0.0018) - [valid] loss: 0.0161 (+/-0.0066) - [test] loss: 0.0097 (+/-0.002 )
2019-07-20 07:42:47,955 INFO - logger - Iter 29300 - time: 30    - [train] loss: 0.0131 (+/-0.0036) - [valid] loss: 0.0132 (+/-0.0038) - [test] loss: 0.0112 (+/-0.0026)
2019-07-20 07:43:16,456 INFO - logger - Iter 29400 - time: 28    - [train] loss: 0.0236 (+/-0.0244) - [valid] loss: 0.0112 (+/-0.0027) - [test] loss: 0.0133 (+/-0.0038)
2019-07-20 07:43:45,525 INFO - logger - Iter 29500 - time: 29    - [train] loss: 0.0137 (+/-0.0047) - [valid] loss: 0.0078 (+/-0.0017) - [test] loss: 0.0091 (+/-0.0027)
2019-07-20 07:44:13,438 INFO - logger - Iter 29600 - time: 27    - [train] loss: 0.0114 (+/-0.0037) - [valid] loss: 0.0094 (+/-0.0023) - [test] loss: 0.0176 (+/-0.0085)
2019-07-20 07:44:42,684 INFO - logger - Iter 29700 - time: 29    - [train] loss: 0.0123 (+/-0.0059) - [valid] loss: 0.0062 (+/-0.0011) - [test] loss: 0.009  (+/-0.0029)
2019-07-20 07:45:11,840 INFO - logger - Iter 29800 - time: 29    - [train] loss: 0.0161 (+/-0.005 ) - [valid] loss: 0.0251 (+/-0.0161) - [test] loss: 0.0257 (+/-0.0175)
2019-07-20 07:45:40,756 INFO - logger - Iter 29900 - time: 28    - [train] loss: 0.0175 (+/-0.0125) - [valid] loss: 0.0103 (+/-0.0034) - [test] loss: 0.0076 (+/-0.0013)
2019-07-20 07:46:09,252 INFO - logger - Iter 30000 - time: 28    - [train] loss: 0.0199 (+/-0.0066) - [valid] loss: 0.0215 (+/-0.0079) - [test] loss: 0.0173 (+/-0.0029)
2019-07-20 07:46:37,598 INFO - logger - Iter 30100 - time: 28    - [train] loss: 0.0136 (+/-0.0075) - [valid] loss: 0.0114 (+/-0.0045) - [test] loss: 0.0135 (+/-0.006 )
2019-07-20 07:47:06,845 INFO - logger - Iter 30200 - time: 29    - [train] loss: 0.0163 (+/-0.005 ) - [valid] loss: 0.0149 (+/-0.0047) - [test] loss: 0.0153 (+/-0.006 )
2019-07-20 07:47:35,735 INFO - logger - Iter 30300 - time: 28    - [train] loss: 0.0138 (+/-0.0088) - [valid] loss: 0.0174 (+/-0.0086) - [test] loss: 0.0118 (+/-0.0037)
2019-07-20 07:48:04,398 INFO - logger - Iter 30400 - time: 28    - [train] loss: 0.0103 (+/-0.002 ) - [valid] loss: 0.015  (+/-0.0078) - [test] loss: 0.0158 (+/-0.0063)
2019-07-20 07:48:33,109 INFO - logger - Iter 30500 - time: 28    - [train] loss: 0.0131 (+/-0.0068) - [valid] loss: 0.0145 (+/-0.0044) - [test] loss: 0.0125 (+/-0.0047)
2019-07-20 07:49:01,738 INFO - logger - Iter 30600 - time: 28    - [train] loss: 0.0107 (+/-0.0025) - [valid] loss: 0.0136 (+/-0.0067) - [test] loss: 0.0101 (+/-0.0034)
2019-07-20 07:49:30,195 INFO - logger - Iter 30700 - time: 28    - [train] loss: 0.0085 (+/-0.0027) - [valid] loss: 0.0152 (+/-0.0068) - [test] loss: 0.0088 (+/-0.0027)
2019-07-20 07:49:57,964 INFO - logger - Iter 30800 - time: 27    - [train] loss: 0.0154 (+/-0.0084) - [valid] loss: 0.0215 (+/-0.0103) - [test] loss: 0.0139 (+/-0.0038)
2019-07-20 07:50:26,967 INFO - logger - Iter 30900 - time: 29    - [train] loss: 0.01   (+/-0.0025) - [valid] loss: 0.0119 (+/-0.0034) - [test] loss: 0.018  (+/-0.013 )
2019-07-20 07:50:55,353 INFO - logger - Iter 31000 - time: 28    - [train] loss: 0.0135 (+/-0.0043) - [valid] loss: 0.0109 (+/-0.0026) - [test] loss: 0.0107 (+/-0.0027)
2019-07-20 07:51:24,095 INFO - logger - Iter 31100 - time: 28    - [train] loss: 0.0126 (+/-0.003 ) - [valid] loss: 0.0105 (+/-0.003 ) - [test] loss: 0.0122 (+/-0.0037)
2019-07-20 07:51:53,327 INFO - logger - Iter 31200 - time: 29    - [train] loss: 0.0147 (+/-0.0055) - [valid] loss: 0.0157 (+/-0.007 ) - [test] loss: 0.0102 (+/-0.0029)
2019-07-20 07:52:21,251 INFO - logger - Iter 31300 - time: 27    - [train] loss: 0.0232 (+/-0.0153) - [valid] loss: 0.0199 (+/-0.0155) - [test] loss: 0.0101 (+/-0.0031)
2019-07-20 07:52:50,368 INFO - logger - Iter 31400 - time: 29    - [train] loss: 0.024  (+/-0.0145) - [valid] loss: 0.0157 (+/-0.0064) - [test] loss: 0.0092 (+/-0.002 )
2019-07-20 07:53:19,287 INFO - logger - Iter 31500 - time: 28    - [train] loss: 0.0207 (+/-0.0085) - [valid] loss: 0.0211 (+/-0.0081) - [test] loss: 0.0183 (+/-0.0055)
2019-07-20 07:53:47,727 INFO - logger - Iter 31600 - time: 28    - [train] loss: 0.01   (+/-0.0038) - [valid] loss: 0.0156 (+/-0.0053) - [test] loss: 0.0089 (+/-0.0039)
2019-07-20 07:54:17,051 INFO - logger - Iter 31700 - time: 29    - [train] loss: 0.0141 (+/-0.0065) - [valid] loss: 0.0186 (+/-0.0123) - [test] loss: 0.0192 (+/-0.0095)
2019-07-20 07:54:45,898 INFO - logger - Iter 31800 - time: 28    - [train] loss: 0.0134 (+/-0.0063) - [valid] loss: 0.0166 (+/-0.0114) - [test] loss: 0.0107 (+/-0.0031)
2019-07-20 07:55:14,263 INFO - logger - Iter 31900 - time: 28    - [train] loss: 0.0084 (+/-0.0029) - [valid] loss: 0.0092 (+/-0.0026) - [test] loss: 0.0156 (+/-0.0055)
2019-07-20 07:55:43,096 INFO - logger - Iter 32000 - time: 28    - [train] loss: 0.0105 (+/-0.0032) - [valid] loss: 0.009  (+/-0.003 ) - [test] loss: 0.0124 (+/-0.0049)
2019-07-20 07:56:11,869 INFO - logger - Iter 32100 - time: 28    - [train] loss: 0.0147 (+/-0.0061) - [valid] loss: 0.0087 (+/-0.0024) - [test] loss: 0.0116 (+/-0.0043)
2019-07-20 07:56:40,241 INFO - logger - Iter 32200 - time: 28    - [train] loss: 0.0083 (+/-0.0019) - [valid] loss: 0.0105 (+/-0.0032) - [test] loss: 0.0087 (+/-0.0022)
2019-07-20 07:57:08,041 INFO - logger - Iter 32300 - time: 27    - [train] loss: 0.0134 (+/-0.0046) - [valid] loss: 0.0103 (+/-0.0029) - [test] loss: 0.0151 (+/-0.0077)
2019-07-20 07:57:37,450 INFO - logger - Iter 32400 - time: 29    - [train] loss: 0.009  (+/-0.0026) - [valid] loss: 0.0103 (+/-0.0024) - [test] loss: 0.014  (+/-0.0046)
2019-07-20 07:58:05,592 INFO - logger - Iter 32500 - time: 28    - [train] loss: 0.0142 (+/-0.0027) - [valid] loss: 0.0103 (+/-0.0022) - [test] loss: 0.0145 (+/-0.0054)
2019-07-20 07:58:34,488 INFO - logger - Iter 32600 - time: 28    - [train] loss: 0.0184 (+/-0.0092) - [valid] loss: 0.0107 (+/-0.0027) - [test] loss: 0.0158 (+/-0.0062)
2019-07-20 07:59:03,140 INFO - logger - Iter 32700 - time: 28    - [train] loss: 0.0097 (+/-0.0025) - [valid] loss: 0.0155 (+/-0.0095) - [test] loss: 0.0091 (+/-0.0023)
2019-07-20 07:59:31,677 INFO - logger - Iter 32800 - time: 28    - [train] loss: 0.016  (+/-0.0046) - [valid] loss: 0.0152 (+/-0.0045) - [test] loss: 0.0163 (+/-0.0061)
2019-07-20 08:00:01,453 INFO - logger - Iter 32900 - time: 29    - [train] loss: 0.0147 (+/-0.0082) - [valid] loss: 0.0126 (+/-0.0044) - [test] loss: 0.015  (+/-0.0057)
2019-07-20 08:00:29,521 INFO - logger - Iter 33000 - time: 28    - [train] loss: 0.0172 (+/-0.0085) - [valid] loss: 0.0167 (+/-0.0072) - [test] loss: 0.0247 (+/-0.0235)
2019-07-20 08:00:57,813 INFO - logger - Iter 33100 - time: 28    - [train] loss: 0.0147 (+/-0.0082) - [valid] loss: 0.0125 (+/-0.0063) - [test] loss: 0.0097 (+/-0.0025)
2019-07-20 08:01:26,689 INFO - logger - Iter 33200 - time: 28    - [train] loss: 0.0131 (+/-0.0052) - [valid] loss: 0.0168 (+/-0.006 ) - [test] loss: 0.0089 (+/-0.002 )
2019-07-20 08:01:55,376 INFO - logger - Iter 33300 - time: 28    - [train] loss: 0.0241 (+/-0.0108) - [valid] loss: 0.0241 (+/-0.0097) - [test] loss: 0.0126 (+/-0.0022)
2019-07-20 08:02:24,531 INFO - logger - Iter 33400 - time: 29    - [train] loss: 0.0125 (+/-0.0052) - [valid] loss: 0.0093 (+/-0.0023) - [test] loss: 0.0177 (+/-0.0147)
2019-07-20 08:02:52,869 INFO - logger - Iter 33500 - time: 28    - [train] loss: 0.0214 (+/-0.0142) - [valid] loss: 0.0138 (+/-0.0067) - [test] loss: 0.0128 (+/-0.0038)
2019-07-20 08:03:22,298 INFO - logger - Iter 33600 - time: 29    - [train] loss: 0.034  (+/-0.0436) - [valid] loss: 0.0122 (+/-0.004 ) - [test] loss: 0.01   (+/-0.0028)
2019-07-20 08:03:51,182 INFO - logger - Iter 33700 - time: 28    - [train] loss: 0.0165 (+/-0.0067) - [valid] loss: 0.0098 (+/-0.0022) - [test] loss: 0.0102 (+/-0.0023)
2019-07-20 08:04:20,098 INFO - logger - Iter 33800 - time: 28    - [train] loss: 0.0117 (+/-0.0028) - [valid] loss: 0.0155 (+/-0.0057) - [test] loss: 0.0133 (+/-0.0032)
2019-07-20 08:04:48,720 INFO - logger - Iter 33900 - time: 28    - [train] loss: 0.0117 (+/-0.0042) - [valid] loss: 0.0135 (+/-0.0046) - [test] loss: 0.0154 (+/-0.0074)
2019-07-20 08:05:17,114 INFO - logger - Iter 34000 - time: 28    - [train] loss: 0.0102 (+/-0.0034) - [valid] loss: 0.0087 (+/-0.002 ) - [test] loss: 0.0122 (+/-0.0079)
2019-07-20 08:05:44,765 INFO - logger - Iter 34100 - time: 27    - [train] loss: 0.0153 (+/-0.0082) - [valid] loss: 0.009  (+/-0.0025) - [test] loss: 0.0141 (+/-0.0049)
2019-07-20 08:06:13,699 INFO - logger - Iter 34200 - time: 28    - [train] loss: 0.0108 (+/-0.0032) - [valid] loss: 0.0089 (+/-0.0024) - [test] loss: 0.0098 (+/-0.0028)
2019-07-20 08:06:41,886 INFO - logger - Iter 34300 - time: 28    - [train] loss: 0.0124 (+/-0.0068) - [valid] loss: 0.0104 (+/-0.0042) - [test] loss: 0.014  (+/-0.0121)
2019-07-20 08:07:10,403 INFO - logger - Iter 34400 - time: 28    - [train] loss: 0.0123 (+/-0.003 ) - [valid] loss: 0.0119 (+/-0.0034) - [test] loss: 0.0223 (+/-0.0159)
2019-07-20 08:07:39,297 INFO - logger - Iter 34500 - time: 28    - [train] loss: 0.0294 (+/-0.0258) - [valid] loss: 0.0177 (+/-0.0142) - [test] loss: 0.015  (+/-0.0078)
2019-07-20 08:08:07,730 INFO - logger - Iter 34600 - time: 28    - [train] loss: 0.0101 (+/-0.0022) - [valid] loss: 0.0114 (+/-0.0037) - [test] loss: 0.0112 (+/-0.0035)
2019-07-20 08:08:36,495 INFO - logger - Iter 34700 - time: 28    - [train] loss: 0.0123 (+/-0.006 ) - [valid] loss: 0.0193 (+/-0.013 ) - [test] loss: 0.0096 (+/-0.0033)
2019-07-20 08:09:05,571 INFO - logger - Iter 34800 - time: 29    - [train] loss: 0.0128 (+/-0.0033) - [valid] loss: 0.017  (+/-0.0062) - [test] loss: 0.0135 (+/-0.0042)
2019-07-20 08:09:34,353 INFO - logger - Iter 34900 - time: 28    - [train] loss: 0.0147 (+/-0.0045) - [valid] loss: 0.0195 (+/-0.0075) - [test] loss: 0.0146 (+/-0.005 )
2019-07-20 08:10:02,696 INFO - logger - Iter 35000 - time: 28    - [train] loss: 0.0384 (+/-0.0438) - [valid] loss: 0.0087 (+/-0.002 ) - [test] loss: 0.014  (+/-0.0052)
2019-07-20 08:10:31,282 INFO - logger - Iter 35100 - time: 28    - [train] loss: 0.0094 (+/-0.003 ) - [valid] loss: 0.0238 (+/-0.0213) - [test] loss: 0.0097 (+/-0.0032)
2019-07-20 08:11:00,110 INFO - logger - Iter 35200 - time: 28    - [train] loss: 0.0117 (+/-0.0039) - [valid] loss: 0.0167 (+/-0.0053) - [test] loss: 0.0117 (+/-0.0039)
2019-07-20 08:11:28,121 INFO - logger - Iter 35300 - time: 28    - [train] loss: 0.0142 (+/-0.0075) - [valid] loss: 0.0115 (+/-0.0045) - [test] loss: 0.0087 (+/-0.002 )
2019-07-20 08:11:56,984 INFO - logger - Iter 35400 - time: 28    - [train] loss: 0.0384 (+/-0.045 ) - [valid] loss: 0.0118 (+/-0.0035) - [test] loss: 0.0103 (+/-0.0026)
2019-07-20 08:12:25,627 INFO - logger - Iter 35500 - time: 28    - [train] loss: 0.0111 (+/-0.0045) - [valid] loss: 0.0124 (+/-0.0053) - [test] loss: 0.0294 (+/-0.0215)
2019-07-20 08:12:53,899 INFO - logger - Iter 35600 - time: 28    - [train] loss: 0.0185 (+/-0.012 ) - [valid] loss: 0.0093 (+/-0.0018) - [test] loss: 0.0191 (+/-0.0215)
2019-07-20 08:13:24,532 INFO - logger - Iter 35700 - time: 30    - [train] loss: 0.0092 (+/-0.0024) - [valid] loss: 0.0096 (+/-0.0032) - [test] loss: 0.0101 (+/-0.0037)
2019-07-20 08:13:52,257 INFO - logger - Iter 35800 - time: 27    - [train] loss: 0.0154 (+/-0.0085) - [valid] loss: 0.0123 (+/-0.0032) - [test] loss: 0.0139 (+/-0.0092)
2019-07-20 08:14:21,336 INFO - logger - Iter 35900 - time: 29    - [train] loss: 0.0195 (+/-0.0118) - [valid] loss: 0.0176 (+/-0.0089) - [test] loss: 0.0113 (+/-0.0051)
2019-07-20 08:14:49,518 INFO - logger - Iter 36000 - time: 28    - [train] loss: 0.0092 (+/-0.0031) - [valid] loss: 0.0085 (+/-0.0028) - [test] loss: 0.0166 (+/-0.0118)
2019-07-20 08:15:19,328 INFO - logger - Iter 36100 - time: 29    - [train] loss: 0.0112 (+/-0.0043) - [valid] loss: 0.0149 (+/-0.0063) - [test] loss: 0.0237 (+/-0.0212)
2019-07-20 08:15:48,649 INFO - logger - Iter 36200 - time: 29    - [train] loss: 0.0182 (+/-0.0076) - [valid] loss: 0.0138 (+/-0.0043) - [test] loss: 0.0113 (+/-0.0024)
2019-07-20 08:16:16,870 INFO - logger - Iter 36300 - time: 28    - [train] loss: 0.0126 (+/-0.0055) - [valid] loss: 0.0077 (+/-0.0018) - [test] loss: 0.011  (+/-0.0037)
2019-07-20 08:16:44,317 INFO - logger - Iter 36400 - time: 27    - [train] loss: 0.014  (+/-0.0071) - [valid] loss: 0.0116 (+/-0.003 ) - [test] loss: 0.0145 (+/-0.0045)
2019-07-20 08:17:13,258 INFO - logger - Iter 36500 - time: 28    - [train] loss: 0.0125 (+/-0.0022) - [valid] loss: 0.0112 (+/-0.0021) - [test] loss: 0.016  (+/-0.0068)
2019-07-20 08:17:42,309 INFO - logger - Iter 36600 - time: 29    - [train] loss: 0.0094 (+/-0.0027) - [valid] loss: 0.0103 (+/-0.0039) - [test] loss: 0.0161 (+/-0.0083)
2019-07-20 08:18:11,213 INFO - logger - Iter 36700 - time: 28    - [train] loss: 0.0129 (+/-0.0047) - [valid] loss: 0.0098 (+/-0.0023) - [test] loss: 0.0072 (+/-0.0024)
2019-07-20 08:18:39,076 INFO - logger - Iter 36800 - time: 27    - [train] loss: 0.0104 (+/-0.0029) - [valid] loss: 0.0129 (+/-0.0051) - [test] loss: 0.0135 (+/-0.0073)
2019-07-20 08:19:06,490 INFO - logger - Iter 36900 - time: 27    - [train] loss: 0.0111 (+/-0.0033) - [valid] loss: 0.0132 (+/-0.0072) - [test] loss: 0.0099 (+/-0.0023)
2019-07-20 08:19:35,336 INFO - logger - Iter 37000 - time: 28    - [train] loss: 0.0159 (+/-0.0049) - [valid] loss: 0.0149 (+/-0.0081) - [test] loss: 0.0129 (+/-0.0028)
2019-07-20 08:20:03,377 INFO - logger - Iter 37100 - time: 28    - [train] loss: 0.0145 (+/-0.0054) - [valid] loss: 0.0167 (+/-0.006 ) - [test] loss: 0.01   (+/-0.0029)
2019-07-20 08:20:31,220 INFO - logger - Iter 37200 - time: 27    - [train] loss: 0.0188 (+/-0.0192) - [valid] loss: 0.0106 (+/-0.0031) - [test] loss: 0.0131 (+/-0.0078)
2019-07-20 08:20:58,871 INFO - logger - Iter 37300 - time: 27    - [train] loss: 0.0076 (+/-0.0017) - [valid] loss: 0.0101 (+/-0.0035) - [test] loss: 0.012  (+/-0.0043)
2019-07-20 08:21:26,793 INFO - logger - Iter 37400 - time: 27    - [train] loss: 0.0153 (+/-0.0072) - [valid] loss: 0.0137 (+/-0.0066) - [test] loss: 0.0123 (+/-0.0036)
2019-07-20 08:21:54,819 INFO - logger - Iter 37500 - time: 28    - [train] loss: 0.0079 (+/-0.002 ) - [valid] loss: 0.0152 (+/-0.007 ) - [test] loss: 0.0091 (+/-0.0023)
2019-07-20 08:22:22,231 INFO - logger - Iter 37600 - time: 27    - [train] loss: 0.0138 (+/-0.0058) - [valid] loss: 0.0097 (+/-0.0034) - [test] loss: 0.016  (+/-0.0066)
2019-07-20 08:22:49,692 INFO - logger - Iter 37700 - time: 27    - [train] loss: 0.0109 (+/-0.0054) - [valid] loss: 0.0163 (+/-0.0063) - [test] loss: 0.0121 (+/-0.0053)
2019-07-20 08:23:16,840 INFO - logger - Iter 37800 - time: 27    - [train] loss: 0.013  (+/-0.0029) - [valid] loss: 0.014  (+/-0.0038) - [test] loss: 0.0114 (+/-0.0023)
2019-07-20 08:23:43,820 INFO - logger - Iter 37900 - time: 26    - [train] loss: 0.0135 (+/-0.0052) - [valid] loss: 0.0109 (+/-0.0038) - [test] loss: 0.0098 (+/-0.0025)
2019-07-20 08:24:11,209 INFO - logger - Iter 38000 - time: 27    - [train] loss: 0.0163 (+/-0.0079) - [valid] loss: 0.0135 (+/-0.004 ) - [test] loss: 0.0138 (+/-0.0056)
2019-07-20 08:24:38,830 INFO - logger - Iter 38100 - time: 27    - [train] loss: 0.0112 (+/-0.0039) - [valid] loss: 0.0129 (+/-0.0042) - [test] loss: 0.01   (+/-0.0022)
2019-07-20 08:25:07,696 INFO - logger - Iter 38200 - time: 28    - [train] loss: 0.0152 (+/-0.0078) - [valid] loss: 0.0115 (+/-0.0029) - [test] loss: 0.0181 (+/-0.0057)
2019-07-20 08:25:36,777 INFO - logger - Iter 38300 - time: 29    - [train] loss: 0.0092 (+/-0.0019) - [valid] loss: 0.0115 (+/-0.0039) - [test] loss: 0.0141 (+/-0.0051)
2019-07-20 08:26:04,024 INFO - logger - Iter 38400 - time: 27    - [train] loss: 0.0109 (+/-0.0031) - [valid] loss: 0.0133 (+/-0.0085) - [test] loss: 0.0162 (+/-0.008 )
2019-07-20 08:26:31,339 INFO - logger - Iter 38500 - time: 27    - [train] loss: 0.0095 (+/-0.0026) - [valid] loss: 0.0102 (+/-0.003 ) - [test] loss: 0.0099 (+/-0.0034)
2019-07-20 08:26:59,770 INFO - logger - Iter 38600 - time: 28    - [train] loss: 0.017  (+/-0.0109) - [valid] loss: 0.0095 (+/-0.0029) - [test] loss: 0.0118 (+/-0.0059)
2019-07-20 08:27:28,002 INFO - logger - Iter 38700 - time: 28    - [train] loss: 0.017  (+/-0.0082) - [valid] loss: 0.0095 (+/-0.0025) - [test] loss: 0.0107 (+/-0.0037)
2019-07-20 08:27:55,671 INFO - logger - Iter 38800 - time: 27    - [train] loss: 0.0078 (+/-0.002 ) - [valid] loss: 0.0083 (+/-0.0016) - [test] loss: 0.0134 (+/-0.0055)
2019-07-20 08:28:23,021 INFO - logger - Iter 38900 - time: 27    - [train] loss: 0.0096 (+/-0.0019) - [valid] loss: 0.0137 (+/-0.0049) - [test] loss: 0.0104 (+/-0.0033)
2019-07-20 08:28:50,777 INFO - logger - Iter 39000 - time: 27    - [train] loss: 0.0132 (+/-0.0056) - [valid] loss: 0.0096 (+/-0.0022) - [test] loss: 0.0137 (+/-0.0063)
2019-07-20 08:29:20,988 INFO - logger - Iter 39100 - time: 30    - [train] loss: 0.0146 (+/-0.0078) - [valid] loss: 0.0092 (+/-0.0027) - [test] loss: 0.0077 (+/-0.002 )
2019-07-20 08:29:49,135 INFO - logger - Iter 39200 - time: 28    - [train] loss: 0.008  (+/-0.002 ) - [valid] loss: 0.0106 (+/-0.0042) - [test] loss: 0.0125 (+/-0.0069)
2019-07-20 08:30:16,807 INFO - logger - Iter 39300 - time: 27    - [train] loss: 0.0107 (+/-0.0045) - [valid] loss: 0.0103 (+/-0.0045) - [test] loss: 0.0119 (+/-0.0047)
2019-07-20 08:30:44,527 INFO - logger - Iter 39400 - time: 27    - [train] loss: 0.0145 (+/-0.0071) - [valid] loss: 0.0134 (+/-0.0115) - [test] loss: 0.0171 (+/-0.0093)
2019-07-20 08:31:14,913 INFO - logger - Iter 39500 - time: 30    - [train] loss: 0.017  (+/-0.0103) - [valid] loss: 0.0114 (+/-0.0026) - [test] loss: 0.0125 (+/-0.0039)
2019-07-20 08:31:42,787 INFO - logger - Iter 39600 - time: 27    - [train] loss: 0.0114 (+/-0.0036) - [valid] loss: 0.0112 (+/-0.0047) - [test] loss: 0.0148 (+/-0.0058)
2019-07-20 08:32:10,520 INFO - logger - Iter 39700 - time: 27    - [train] loss: 0.0111 (+/-0.0027) - [valid] loss: 0.0129 (+/-0.0057) - [test] loss: 0.0147 (+/-0.004 )
2019-07-20 08:32:37,688 INFO - logger - Iter 39800 - time: 27    - [train] loss: 0.01   (+/-0.0025) - [valid] loss: 0.0189 (+/-0.0117) - [test] loss: 0.0178 (+/-0.0133)
2019-07-20 08:33:05,446 INFO - logger - Iter 39900 - time: 27    - [train] loss: 0.0113 (+/-0.0041) - [valid] loss: 0.0116 (+/-0.0043) - [test] loss: 0.0142 (+/-0.0063)
2019-07-20 08:33:33,580 INFO - logger - Iter 40000 - time: 28    - [train] loss: 0.0095 (+/-0.0023) - [valid] loss: 0.0102 (+/-0.0022) - [test] loss: 0.0128 (+/-0.0058)
2019-07-20 08:34:01,453 INFO - logger - Iter 40100 - time: 27    - [train] loss: 0.0117 (+/-0.0036) - [valid] loss: 0.0143 (+/-0.0082) - [test] loss: 0.01   (+/-0.005 )
2019-07-20 08:34:28,984 INFO - logger - Iter 40200 - time: 27    - [train] loss: 0.0104 (+/-0.0032) - [valid] loss: 0.0133 (+/-0.0052) - [test] loss: 0.0139 (+/-0.0055)
2019-07-20 08:34:58,318 INFO - logger - Iter 40300 - time: 29    - [train] loss: 0.0108 (+/-0.0035) - [valid] loss: 0.0139 (+/-0.0063) - [test] loss: 0.0087 (+/-0.002 )
2019-07-20 08:35:27,024 INFO - logger - Iter 40400 - time: 28    - [train] loss: 0.0141 (+/-0.0097) - [valid] loss: 0.0119 (+/-0.0029) - [test] loss: 0.0167 (+/-0.0095)
2019-07-20 08:35:55,399 INFO - logger - Iter 40500 - time: 28    - [train] loss: 0.008  (+/-0.0012) - [valid] loss: 0.0114 (+/-0.0042) - [test] loss: 0.0099 (+/-0.0022)
2019-07-20 08:36:23,282 INFO - logger - Iter 40600 - time: 27    - [train] loss: 0.0214 (+/-0.0155) - [valid] loss: 0.011  (+/-0.003 ) - [test] loss: 0.0102 (+/-0.0033)
2019-07-20 08:36:51,784 INFO - logger - Iter 40700 - time: 28    - [train] loss: 0.01   (+/-0.0033) - [valid] loss: 0.0122 (+/-0.0034) - [test] loss: 0.0094 (+/-0.0019)
2019-07-20 08:37:19,607 INFO - logger - Iter 40800 - time: 27    - [train] loss: 0.0158 (+/-0.0108) - [valid] loss: 0.0116 (+/-0.0036) - [test] loss: 0.0121 (+/-0.0082)
2019-07-20 08:37:47,544 INFO - logger - Iter 40900 - time: 27    - [train] loss: 0.0133 (+/-0.0056) - [valid] loss: 0.0089 (+/-0.0019) - [test] loss: 0.0125 (+/-0.006 )
2019-07-20 08:38:15,124 INFO - logger - Iter 41000 - time: 27    - [train] loss: 0.0098 (+/-0.0054) - [valid] loss: 0.0129 (+/-0.0055) - [test] loss: 0.0115 (+/-0.0039)
2019-07-20 08:38:43,038 INFO - logger - Iter 41100 - time: 27    - [train] loss: 0.0067 (+/-0.0014) - [valid] loss: 0.0091 (+/-0.0025) - [test] loss: 0.0097 (+/-0.0026)
2019-07-20 08:39:12,204 INFO - logger - Iter 41200 - time: 29    - [train] loss: 0.0091 (+/-0.0025) - [valid] loss: 0.0136 (+/-0.0054) - [test] loss: 0.0075 (+/-0.0023)
2019-07-20 08:39:40,004 INFO - logger - Iter 41300 - time: 27    - [train] loss: 0.0215 (+/-0.0213) - [valid] loss: 0.0138 (+/-0.0073) - [test] loss: 0.0149 (+/-0.0114)
2019-07-20 08:40:08,022 INFO - logger - Iter 41400 - time: 28    - [train] loss: 0.0097 (+/-0.0017) - [valid] loss: 0.024  (+/-0.0321) - [test] loss: 0.0104 (+/-0.003 )
2019-07-20 08:40:34,732 INFO - logger - Iter 41500 - time: 26    - [train] loss: 0.0131 (+/-0.0072) - [valid] loss: 0.0107 (+/-0.0038) - [test] loss: 0.0112 (+/-0.0033)
2019-07-20 08:41:04,627 INFO - logger - Iter 41600 - time: 29    - [train] loss: 0.0122 (+/-0.0036) - [valid] loss: 0.0115 (+/-0.0022) - [test] loss: 0.0111 (+/-0.0017)
2019-07-20 08:41:32,914 INFO - logger - Iter 41700 - time: 28    - [train] loss: 0.009  (+/-0.0033) - [valid] loss: 0.0067 (+/-0.0017) - [test] loss: 0.0135 (+/-0.0093)
2019-07-20 08:42:01,095 INFO - logger - Iter 41800 - time: 28    - [train] loss: 0.0124 (+/-0.0037) - [valid] loss: 0.031  (+/-0.0324) - [test] loss: 0.0144 (+/-0.0065)
2019-07-20 08:42:28,515 INFO - logger - Iter 41900 - time: 27    - [train] loss: 0.0133 (+/-0.0055) - [valid] loss: 0.0073 (+/-0.0018) - [test] loss: 0.0069 (+/-0.0019)
2019-07-20 08:42:57,122 INFO - logger - Iter 42000 - time: 28    - [train] loss: 0.0126 (+/-0.0029) - [valid] loss: 0.011  (+/-0.0028) - [test] loss: 0.0165 (+/-0.0088)
2019-07-20 08:43:25,514 INFO - logger - Iter 42100 - time: 28    - [train] loss: 0.0118 (+/-0.0059) - [valid] loss: 0.0104 (+/-0.0026) - [test] loss: 0.0109 (+/-0.0037)
2019-07-20 08:43:52,239 INFO - logger - Iter 42200 - time: 26    - [train] loss: 0.0101 (+/-0.0027) - [valid] loss: 0.0117 (+/-0.0042) - [test] loss: 0.0107 (+/-0.0029)
2019-07-20 08:44:20,644 INFO - logger - Iter 42300 - time: 28    - [train] loss: 0.0115 (+/-0.0033) - [valid] loss: 0.013  (+/-0.0037) - [test] loss: 0.0106 (+/-0.0033)
2019-07-20 08:44:48,589 INFO - logger - Iter 42400 - time: 27    - [train] loss: 0.0094 (+/-0.0022) - [valid] loss: 0.0095 (+/-0.0023) - [test] loss: 0.0074 (+/-0.0014)
2019-07-20 08:45:16,823 INFO - logger - Iter 42500 - time: 28    - [train] loss: 0.0161 (+/-0.012 ) - [valid] loss: 0.0076 (+/-0.002 ) - [test] loss: 0.0173 (+/-0.019 )
2019-07-20 08:45:44,889 INFO - logger - Iter 42600 - time: 28    - [train] loss: 0.0084 (+/-0.003 ) - [valid] loss: 0.0301 (+/-0.0422) - [test] loss: 0.0113 (+/-0.005 )
2019-07-20 08:46:12,859 INFO - logger - Iter 42700 - time: 27    - [train] loss: 0.0094 (+/-0.0024) - [valid] loss: 0.0077 (+/-0.0018) - [test] loss: 0.0211 (+/-0.02  )
2019-07-20 08:46:41,201 INFO - logger - Iter 42800 - time: 28    - [train] loss: 0.0103 (+/-0.0025) - [valid] loss: 0.0081 (+/-0.0013) - [test] loss: 0.0125 (+/-0.0035)
2019-07-20 08:47:08,643 INFO - logger - Iter 42900 - time: 27    - [train] loss: 0.02   (+/-0.0162) - [valid] loss: 0.0144 (+/-0.0082) - [test] loss: 0.0129 (+/-0.0086)
2019-07-20 08:47:37,027 INFO - logger - Iter 43000 - time: 28    - [train] loss: 0.0105 (+/-0.0033) - [valid] loss: 0.0121 (+/-0.0034) - [test] loss: 0.0148 (+/-0.0075)
2019-07-20 08:48:05,054 INFO - logger - Iter 43100 - time: 28    - [train] loss: 0.0126 (+/-0.0033) - [valid] loss: 0.0112 (+/-0.0023) - [test] loss: 0.0097 (+/-0.0034)
2019-07-20 08:48:33,235 INFO - logger - Iter 43200 - time: 28    - [train] loss: 0.0122 (+/-0.0038) - [valid] loss: 0.0108 (+/-0.0051) - [test] loss: 0.009  (+/-0.0039)
2019-07-20 08:48:59,929 INFO - logger - Iter 43300 - time: 26    - [train] loss: 0.0099 (+/-0.0036) - [valid] loss: 0.0127 (+/-0.0041) - [test] loss: 0.0167 (+/-0.0069)
2019-07-20 08:49:28,361 INFO - logger - Iter 43400 - time: 28    - [train] loss: 0.0082 (+/-0.0017) - [valid] loss: 0.0104 (+/-0.0028) - [test] loss: 0.0112 (+/-0.0045)
2019-07-20 08:49:55,998 INFO - logger - Iter 43500 - time: 27    - [train] loss: 0.0128 (+/-0.0059) - [valid] loss: 0.0111 (+/-0.0033) - [test] loss: 0.0145 (+/-0.0034)
2019-07-20 08:50:23,975 INFO - logger - Iter 43600 - time: 27    - [train] loss: 0.0093 (+/-0.0026) - [valid] loss: 0.0102 (+/-0.003 ) - [test] loss: 0.0118 (+/-0.0033)
2019-07-20 08:50:52,805 INFO - logger - Iter 43700 - time: 28    - [train] loss: 0.0122 (+/-0.0035) - [valid] loss: 0.0089 (+/-0.0026) - [test] loss: 0.0095 (+/-0.0017)
2019-07-20 08:51:21,312 INFO - logger - Iter 43800 - time: 28    - [train] loss: 0.0101 (+/-0.0025) - [valid] loss: 0.0097 (+/-0.0022) - [test] loss: 0.0127 (+/-0.0061)
2019-07-20 08:51:49,011 INFO - logger - Iter 43900 - time: 27    - [train] loss: 0.011  (+/-0.0031) - [valid] loss: 0.0104 (+/-0.0022) - [test] loss: 0.0115 (+/-0.0029)
2019-07-20 08:52:17,376 INFO - logger - Iter 44000 - time: 28    - [train] loss: 0.0168 (+/-0.0141) - [valid] loss: 0.0106 (+/-0.0027) - [test] loss: 0.0117 (+/-0.0036)
2019-07-20 08:52:46,476 INFO - logger - Iter 44100 - time: 29    - [train] loss: 0.01   (+/-0.0053) - [valid] loss: 0.0154 (+/-0.0062) - [test] loss: 0.0164 (+/-0.0068)
2019-07-20 08:53:14,472 INFO - logger - Iter 44200 - time: 27    - [train] loss: 0.0196 (+/-0.008 ) - [valid] loss: 0.0115 (+/-0.0036) - [test] loss: 0.0137 (+/-0.0044)
2019-07-20 08:53:41,848 INFO - logger - Iter 44300 - time: 27    - [train] loss: 0.0153 (+/-0.0074) - [valid] loss: 0.0069 (+/-0.0016) - [test] loss: 0.0177 (+/-0.0181)
2019-07-20 08:54:08,989 INFO - logger - Iter 44400 - time: 27    - [train] loss: 0.0092 (+/-0.0022) - [valid] loss: 0.0097 (+/-0.0023) - [test] loss: 0.0232 (+/-0.0126)
2019-07-20 08:54:38,219 INFO - logger - Iter 44500 - time: 29    - [train] loss: 0.0111 (+/-0.0041) - [valid] loss: 0.0112 (+/-0.0037) - [test] loss: 0.011  (+/-0.004 )
2019-07-20 08:55:06,498 INFO - logger - Iter 44600 - time: 28    - [train] loss: 0.0092 (+/-0.0028) - [valid] loss: 0.017  (+/-0.0096) - [test] loss: 0.008  (+/-0.0017)
2019-07-20 08:55:34,936 INFO - logger - Iter 44700 - time: 28    - [train] loss: 0.0113 (+/-0.0049) - [valid] loss: 0.0107 (+/-0.0031) - [test] loss: 0.0122 (+/-0.0049)
2019-07-20 08:56:02,347 INFO - logger - Iter 44800 - time: 27    - [train] loss: 0.01   (+/-0.0024) - [valid] loss: 0.0089 (+/-0.0019) - [test] loss: 0.0168 (+/-0.0124)
2019-07-20 08:56:31,071 INFO - logger - Iter 44900 - time: 28    - [train] loss: 0.012  (+/-0.0047) - [valid] loss: 0.0109 (+/-0.0028) - [test] loss: 0.0088 (+/-0.002 )
2019-07-20 08:56:59,490 INFO - logger - Iter 45000 - time: 28    - [train] loss: 0.0352 (+/-0.0476) - [valid] loss: 0.0099 (+/-0.0071) - [test] loss: 0.0112 (+/-0.0051)
2019-07-20 08:57:27,510 INFO - logger - Iter 45100 - time: 28    - [train] loss: 0.0095 (+/-0.0034) - [valid] loss: 0.0102 (+/-0.0042) - [test] loss: 0.0123 (+/-0.0043)
2019-07-20 08:57:55,379 INFO - logger - Iter 45200 - time: 27    - [train] loss: 0.0087 (+/-0.0013) - [valid] loss: 0.0121 (+/-0.0043) - [test] loss: 0.0218 (+/-0.0162)
2019-07-20 08:58:23,346 INFO - logger - Iter 45300 - time: 27    - [train] loss: 0.0097 (+/-0.0022) - [valid] loss: 0.0126 (+/-0.0057) - [test] loss: 0.0111 (+/-0.0028)
2019-07-20 08:58:53,725 INFO - logger - Iter 45400 - time: 30    - [train] loss: 0.0122 (+/-0.0043) - [valid] loss: 0.0097 (+/-0.0022) - [test] loss: 0.0222 (+/-0.0255)
2019-07-20 08:59:20,727 INFO - logger - Iter 45500 - time: 27    - [train] loss: 0.0113 (+/-0.0053) - [valid] loss: 0.0124 (+/-0.0065) - [test] loss: 0.0098 (+/-0.0047)
2019-07-20 08:59:48,674 INFO - logger - Iter 45600 - time: 27    - [train] loss: 0.0125 (+/-0.0041) - [valid] loss: 0.0096 (+/-0.0033) - [test] loss: 0.0107 (+/-0.0052)
2019-07-20 09:00:16,987 INFO - logger - Iter 45700 - time: 28    - [train] loss: 0.0108 (+/-0.0058) - [valid] loss: 0.0223 (+/-0.0227) - [test] loss: 0.0079 (+/-0.0019)
2019-07-20 09:00:45,524 INFO - logger - Iter 45800 - time: 28    - [train] loss: 0.015  (+/-0.008 ) - [valid] loss: 0.0113 (+/-0.0051) - [test] loss: 0.0137 (+/-0.0037)
2019-07-20 09:01:13,840 INFO - logger - Iter 45900 - time: 28    - [train] loss: 0.0119 (+/-0.0039) - [valid] loss: 0.0114 (+/-0.0048) - [test] loss: 0.0154 (+/-0.011 )
2019-07-20 09:01:41,890 INFO - logger - Iter 46000 - time: 28    - [train] loss: 0.0094 (+/-0.0035) - [valid] loss: 0.0088 (+/-0.0021) - [test] loss: 0.0098 (+/-0.0035)
2019-07-20 09:02:08,849 INFO - logger - Iter 46100 - time: 26    - [train] loss: 0.0105 (+/-0.0036) - [valid] loss: 0.0144 (+/-0.0062) - [test] loss: 0.0086 (+/-0.0028)
2019-07-20 09:02:37,992 INFO - logger - Iter 46200 - time: 29    - [train] loss: 0.0132 (+/-0.0043) - [valid] loss: 0.0167 (+/-0.0098) - [test] loss: 0.0244 (+/-0.0172)
2019-07-20 09:03:06,041 INFO - logger - Iter 46300 - time: 28    - [train] loss: 0.0128 (+/-0.0052) - [valid] loss: 0.0172 (+/-0.0068) - [test] loss: 0.014  (+/-0.0063)
2019-07-20 09:03:34,238 INFO - logger - Iter 46400 - time: 28    - [train] loss: 0.0117 (+/-0.0024) - [valid] loss: 0.0166 (+/-0.0063) - [test] loss: 0.0124 (+/-0.0032)
2019-07-20 09:04:02,078 INFO - logger - Iter 46500 - time: 27    - [train] loss: 0.0096 (+/-0.0019) - [valid] loss: 0.0127 (+/-0.0036) - [test] loss: 0.016  (+/-0.0065)
2019-07-20 09:04:30,434 INFO - logger - Iter 46600 - time: 28    - [train] loss: 0.0077 (+/-0.0021) - [valid] loss: 0.0099 (+/-0.0032) - [test] loss: 0.0095 (+/-0.0033)
2019-07-20 09:04:59,863 INFO - logger - Iter 46700 - time: 29    - [train] loss: 0.0155 (+/-0.0073) - [valid] loss: 0.1175 (+/-0.2149) - [test] loss: 0.0092 (+/-0.0019)
2019-07-20 09:05:27,181 INFO - logger - Iter 46800 - time: 27    - [train] loss: 0.0098 (+/-0.0032) - [valid] loss: 0.0121 (+/-0.0072) - [test] loss: 0.0096 (+/-0.0028)
2019-07-20 09:05:54,761 INFO - logger - Iter 46900 - time: 27    - [train] loss: 0.0118 (+/-0.002 ) - [valid] loss: 0.0144 (+/-0.0042) - [test] loss: 0.0275 (+/-0.0306)
2019-07-20 09:06:22,894 INFO - logger - Iter 47000 - time: 28    - [train] loss: 0.0153 (+/-0.0063) - [valid] loss: 0.0182 (+/-0.0115) - [test] loss: 0.0117 (+/-0.0042)
2019-07-20 09:06:52,712 INFO - logger - Iter 47100 - time: 29    - [train] loss: 0.009  (+/-0.0022) - [valid] loss: 0.0086 (+/-0.0021) - [test] loss: 0.0104 (+/-0.0044)
2019-07-20 09:07:20,576 INFO - logger - Iter 47200 - time: 27    - [train] loss: 0.0087 (+/-0.003 ) - [valid] loss: 0.0102 (+/-0.0036) - [test] loss: 0.0086 (+/-0.002 )
2019-07-20 09:07:48,724 INFO - logger - Iter 47300 - time: 28    - [train] loss: 0.013  (+/-0.0065) - [valid] loss: 0.0094 (+/-0.0021) - [test] loss: 0.0141 (+/-0.0068)
2019-07-20 09:08:16,887 INFO - logger - Iter 47400 - time: 28    - [train] loss: 0.0104 (+/-0.0033) - [valid] loss: 0.0117 (+/-0.005 ) - [test] loss: 0.011  (+/-0.0048)
2019-07-20 09:08:46,442 INFO - logger - Iter 47500 - time: 29    - [train] loss: 0.0165 (+/-0.0159) - [valid] loss: 0.011  (+/-0.0043) - [test] loss: 0.0102 (+/-0.0051)
2019-07-20 09:09:15,142 INFO - logger - Iter 47600 - time: 28    - [train] loss: 0.0136 (+/-0.0055) - [valid] loss: 0.0158 (+/-0.0068) - [test] loss: 0.0093 (+/-0.0022)
2019-07-20 09:09:43,796 INFO - logger - Iter 47700 - time: 28    - [train] loss: 0.0109 (+/-0.005 ) - [valid] loss: 0.0108 (+/-0.0051) - [test] loss: 0.0126 (+/-0.0046)
2019-07-20 09:10:11,289 INFO - logger - Iter 47800 - time: 27    - [train] loss: 0.0189 (+/-0.0194) - [valid] loss: 0.0101 (+/-0.0028) - [test] loss: 0.0073 (+/-0.0014)
2019-07-20 09:10:39,671 INFO - logger - Iter 47900 - time: 28    - [train] loss: 0.0089 (+/-0.0022) - [valid] loss: 0.011  (+/-0.0037) - [test] loss: 0.0146 (+/-0.0056)
2019-07-20 09:11:07,710 INFO - logger - Iter 48000 - time: 28    - [train] loss: 0.0102 (+/-0.0028) - [valid] loss: 0.0128 (+/-0.0047) - [test] loss: 0.0088 (+/-0.002 )
2019-07-20 09:11:36,603 INFO - logger - Iter 48100 - time: 28    - [train] loss: 0.0094 (+/-0.0031) - [valid] loss: 0.0134 (+/-0.0071) - [test] loss: 0.0088 (+/-0.0026)
2019-07-20 09:12:05,160 INFO - logger - Iter 48200 - time: 28    - [train] loss: 0.0124 (+/-0.0046) - [valid] loss: 0.0205 (+/-0.0134) - [test] loss: 0.0128 (+/-0.0045)
2019-07-20 09:12:32,915 INFO - logger - Iter 48300 - time: 27    - [train] loss: 0.0094 (+/-0.0044) - [valid] loss: 0.0095 (+/-0.0035) - [test] loss: 0.0297 (+/-0.0287)
2019-07-20 09:13:01,405 INFO - logger - Iter 48400 - time: 28    - [train] loss: 0.0115 (+/-0.0039) - [valid] loss: 0.0111 (+/-0.0031) - [test] loss: 0.0095 (+/-0.0026)
2019-07-20 09:13:30,240 INFO - logger - Iter 48500 - time: 28    - [train] loss: 0.0133 (+/-0.0028) - [valid] loss: 0.0145 (+/-0.0044) - [test] loss: 0.022  (+/-0.0108)
2019-07-20 09:13:58,328 INFO - logger - Iter 48600 - time: 28    - [train] loss: 0.013  (+/-0.0056) - [valid] loss: 0.0124 (+/-0.005 ) - [test] loss: 0.0111 (+/-0.0033)
2019-07-20 09:14:26,993 INFO - logger - Iter 48700 - time: 28    - [train] loss: 0.0113 (+/-0.0023) - [valid] loss: 0.0122 (+/-0.0038) - [test] loss: 0.0145 (+/-0.0096)
2019-07-20 09:14:55,520 INFO - logger - Iter 48800 - time: 28    - [train] loss: 0.0091 (+/-0.0023) - [valid] loss: 0.0149 (+/-0.0079) - [test] loss: 0.0079 (+/-0.0023)
2019-07-20 09:15:23,608 INFO - logger - Iter 48900 - time: 28    - [train] loss: 0.0123 (+/-0.0069) - [valid] loss: 0.0096 (+/-0.0049) - [test] loss: 0.0103 (+/-0.0038)
2019-07-20 09:15:51,440 INFO - logger - Iter 49000 - time: 27    - [train] loss: 0.0114 (+/-0.0035) - [valid] loss: 0.0124 (+/-0.0039) - [test] loss: 0.0106 (+/-0.0023)
2019-07-20 09:16:20,215 INFO - logger - Iter 49100 - time: 28    - [train] loss: 0.0075 (+/-0.0019) - [valid] loss: 0.007  (+/-0.0017) - [test] loss: 0.0101 (+/-0.0041)
2019-07-20 09:16:49,544 INFO - logger - Iter 49200 - time: 29    - [train] loss: 0.0106 (+/-0.0034) - [valid] loss: 0.0139 (+/-0.0079) - [test] loss: 0.0129 (+/-0.007 )
2019-07-20 09:17:18,919 INFO - logger - Iter 49300 - time: 29    - [train] loss: 0.0111 (+/-0.0054) - [valid] loss: 0.0095 (+/-0.0039) - [test] loss: 0.0108 (+/-0.0045)
2019-07-20 09:17:47,514 INFO - logger - Iter 49400 - time: 28    - [train] loss: 0.0076 (+/-0.0018) - [valid] loss: 0.0131 (+/-0.0064) - [test] loss: 0.0118 (+/-0.0092)
2019-07-20 09:18:15,136 INFO - logger - Iter 49500 - time: 27    - [train] loss: 0.0117 (+/-0.0035) - [valid] loss: 0.0106 (+/-0.0034) - [test] loss: 0.0099 (+/-0.0025)
2019-07-20 09:18:44,462 INFO - logger - Iter 49600 - time: 29    - [train] loss: 0.01   (+/-0.0032) - [valid] loss: 0.018  (+/-0.0094) - [test] loss: 0.0121 (+/-0.0049)
2019-07-20 09:19:14,315 INFO - logger - Iter 49700 - time: 29    - [train] loss: 0.0158 (+/-0.0065) - [valid] loss: 0.0114 (+/-0.0034) - [test] loss: 0.0115 (+/-0.004 )
2019-07-20 09:19:42,570 INFO - logger - Iter 49800 - time: 28    - [train] loss: 0.0075 (+/-0.0018) - [valid] loss: 0.0145 (+/-0.0076) - [test] loss: 0.0116 (+/-0.004 )
2019-07-20 09:20:10,047 INFO - logger - Iter 49900 - time: 27    - [train] loss: 0.0108 (+/-0.0063) - [valid] loss: 0.0124 (+/-0.0059) - [test] loss: 0.0101 (+/-0.005 )
