2019-07-20 05:15:31,470 INFO - log_helper - Finished configuring logger
2019-07-20 05:15:32,057 INFO - logger - Iter 0    - time: 5     - [train] loss: 4.0737 (+/-3.4899) - [valid] loss: 5.1826 (+/-2.5742) - [test] loss: 3.2692 (+/-2.6224)
2019-07-20 05:15:54,229 INFO - logger - Iter 100  - time: 22    - [train] loss: 3.6289 (+/-2.5193) - [valid] loss: 4.1236 (+/-1.6347) - [test] loss: 2.4329 (+/-1.9743)
2019-07-20 05:16:16,153 INFO - logger - Iter 200  - time: 21    - [train] loss: 1.7372 (+/-1.0228) - [valid] loss: 1.4181 (+/-1.0495) - [test] loss: 2.4427 (+/-1.4287)
2019-07-20 05:16:37,717 INFO - logger - Iter 300  - time: 21    - [train] loss: 1.1078 (+/-0.786 ) - [valid] loss: 0.8778 (+/-0.4337) - [test] loss: 1.3278 (+/-0.8561)
2019-07-20 05:16:59,440 INFO - logger - Iter 400  - time: 21    - [train] loss: 1.0141 (+/-0.8706) - [valid] loss: 0.4874 (+/-0.1994) - [test] loss: 1.1837 (+/-0.6065)
2019-07-20 05:17:23,846 INFO - logger - Iter 500  - time: 24    - [train] loss: 0.3794 (+/-0.3396) - [valid] loss: 0.3692 (+/-0.1364) - [test] loss: 0.3471 (+/-0.1885)
2019-07-20 05:17:47,563 INFO - logger - Iter 600  - time: 23    - [train] loss: 0.4671 (+/-0.2397) - [valid] loss: 0.2774 (+/-0.1401) - [test] loss: 0.26   (+/-0.156 )
2019-07-20 05:18:10,040 INFO - logger - Iter 700  - time: 22    - [train] loss: 0.3174 (+/-0.3866) - [valid] loss: 0.3687 (+/-0.2749) - [test] loss: 0.1901 (+/-0.1007)
2019-07-20 05:18:32,146 INFO - logger - Iter 800  - time: 22    - [train] loss: 0.165  (+/-0.1257) - [valid] loss: 0.2037 (+/-0.2331) - [test] loss: 0.1647 (+/-0.0888)
2019-07-20 05:18:54,896 INFO - logger - Iter 900  - time: 22    - [train] loss: 0.2442 (+/-0.2347) - [valid] loss: 0.149  (+/-0.1337) - [test] loss: 0.2218 (+/-0.28  )
2019-07-20 05:19:16,882 INFO - logger - Iter 1000 - time: 21    - [train] loss: 0.1404 (+/-0.0842) - [valid] loss: 0.1421 (+/-0.0803) - [test] loss: 0.1266 (+/-0.1087)
2019-07-20 05:19:37,867 INFO - logger - Iter 1100 - time: 20    - [train] loss: 0.1644 (+/-0.1329) - [valid] loss: 0.1201 (+/-0.0954) - [test] loss: 0.0778 (+/-0.0285)
2019-07-20 05:20:00,031 INFO - logger - Iter 1200 - time: 22    - [train] loss: 0.0991 (+/-0.0853) - [valid] loss: 0.0444 (+/-0.0281) - [test] loss: 0.1999 (+/-0.2249)
2019-07-20 05:20:23,808 INFO - logger - Iter 1300 - time: 23    - [train] loss: 0.111  (+/-0.0615) - [valid] loss: 0.1548 (+/-0.1556) - [test] loss: 0.0994 (+/-0.071 )
2019-07-20 05:20:46,680 INFO - logger - Iter 1400 - time: 22    - [train] loss: 0.0872 (+/-0.0571) - [valid] loss: 0.0507 (+/-0.0308) - [test] loss: 0.0956 (+/-0.0784)
2019-07-20 05:21:09,734 INFO - logger - Iter 1500 - time: 23    - [train] loss: 0.0492 (+/-0.0289) - [valid] loss: 0.0189 (+/-0.007 ) - [test] loss: 0.0786 (+/-0.0503)
2019-07-20 05:21:31,702 INFO - logger - Iter 1600 - time: 21    - [train] loss: 0.0689 (+/-0.0242) - [valid] loss: 0.0684 (+/-0.0711) - [test] loss: 0.0811 (+/-0.0659)
2019-07-20 05:21:54,694 INFO - logger - Iter 1700 - time: 22    - [train] loss: 0.0776 (+/-0.069 ) - [valid] loss: 0.0962 (+/-0.0896) - [test] loss: 0.0465 (+/-0.0276)
2019-07-20 05:22:16,775 INFO - logger - Iter 1800 - time: 22    - [train] loss: 0.0723 (+/-0.0782) - [valid] loss: 0.0767 (+/-0.0468) - [test] loss: 0.083  (+/-0.0469)
2019-07-20 05:22:38,228 INFO - logger - Iter 1900 - time: 21    - [train] loss: 0.0407 (+/-0.0144) - [valid] loss: 0.0723 (+/-0.0861) - [test] loss: 0.0346 (+/-0.0265)
2019-07-20 05:23:00,324 INFO - logger - Iter 2000 - time: 22    - [train] loss: 0.0683 (+/-0.0817) - [valid] loss: 0.0362 (+/-0.0367) - [test] loss: 0.1252 (+/-0.1061)
2019-07-20 05:23:22,491 INFO - logger - Iter 2100 - time: 22    - [train] loss: 0.1244 (+/-0.1027) - [valid] loss: 0.0727 (+/-0.0555) - [test] loss: 0.0406 (+/-0.0236)
2019-07-20 05:23:45,240 INFO - logger - Iter 2200 - time: 22    - [train] loss: 0.1089 (+/-0.0894) - [valid] loss: 0.0747 (+/-0.0626) - [test] loss: 0.0811 (+/-0.0579)
2019-07-20 05:24:08,053 INFO - logger - Iter 2300 - time: 22    - [train] loss: 0.0958 (+/-0.0883) - [valid] loss: 0.1229 (+/-0.1908) - [test] loss: 0.026  (+/-0.0112)
2019-07-20 05:24:30,238 INFO - logger - Iter 2400 - time: 22    - [train] loss: 0.0628 (+/-0.0608) - [valid] loss: 0.0465 (+/-0.0456) - [test] loss: 0.067  (+/-0.0456)
2019-07-20 05:24:52,886 INFO - logger - Iter 2500 - time: 22    - [train] loss: 0.1029 (+/-0.1057) - [valid] loss: 0.04   (+/-0.0284) - [test] loss: 0.0488 (+/-0.0448)
2019-07-20 05:25:15,098 INFO - logger - Iter 2600 - time: 22    - [train] loss: 0.0284 (+/-0.015 ) - [valid] loss: 0.074  (+/-0.0512) - [test] loss: 0.0676 (+/-0.0554)
2019-07-20 05:25:36,850 INFO - logger - Iter 2700 - time: 21    - [train] loss: 0.0411 (+/-0.0238) - [valid] loss: 0.0661 (+/-0.0575) - [test] loss: 0.0946 (+/-0.1193)
2019-07-20 05:25:58,729 INFO - logger - Iter 2800 - time: 21    - [train] loss: 0.0357 (+/-0.0325) - [valid] loss: 0.0443 (+/-0.0277) - [test] loss: 0.0621 (+/-0.0376)
2019-07-20 05:26:20,435 INFO - logger - Iter 2900 - time: 21    - [train] loss: 0.086  (+/-0.1085) - [valid] loss: 0.0638 (+/-0.064 ) - [test] loss: 0.0363 (+/-0.0298)
2019-07-20 05:26:43,332 INFO - logger - Iter 3000 - time: 22    - [train] loss: 0.0385 (+/-0.0226) - [valid] loss: 0.0419 (+/-0.0261) - [test] loss: 0.0646 (+/-0.0761)
2019-07-20 05:27:05,654 INFO - logger - Iter 3100 - time: 22    - [train] loss: 0.0297 (+/-0.0196) - [valid] loss: 0.0543 (+/-0.0342) - [test] loss: 0.0659 (+/-0.0326)
2019-07-20 05:27:28,431 INFO - logger - Iter 3200 - time: 22    - [train] loss: 0.0809 (+/-0.0836) - [valid] loss: 0.0486 (+/-0.0511) - [test] loss: 0.0445 (+/-0.0207)
2019-07-20 05:27:49,955 INFO - logger - Iter 3300 - time: 21    - [train] loss: 0.0454 (+/-0.0452) - [valid] loss: 0.059  (+/-0.0902) - [test] loss: 0.0765 (+/-0.0662)
2019-07-20 05:28:12,356 INFO - logger - Iter 3400 - time: 22    - [train] loss: 0.0353 (+/-0.0375) - [valid] loss: 0.0959 (+/-0.1202) - [test] loss: 0.0698 (+/-0.0921)
2019-07-20 05:28:34,353 INFO - logger - Iter 3500 - time: 21    - [train] loss: 0.0975 (+/-0.0835) - [valid] loss: 0.0423 (+/-0.0327) - [test] loss: 0.0785 (+/-0.063 )
2019-07-20 05:28:56,923 INFO - logger - Iter 3600 - time: 22    - [train] loss: 0.0361 (+/-0.0215) - [valid] loss: 0.0298 (+/-0.0159) - [test] loss: 0.055  (+/-0.0521)
2019-07-20 05:29:19,469 INFO - logger - Iter 3700 - time: 22    - [train] loss: 0.0315 (+/-0.0162) - [valid] loss: 0.0934 (+/-0.1038) - [test] loss: 0.0507 (+/-0.0419)
2019-07-20 05:29:41,480 INFO - logger - Iter 3800 - time: 22    - [train] loss: 0.1334 (+/-0.1829) - [valid] loss: 0.0408 (+/-0.0344) - [test] loss: 0.0735 (+/-0.0675)
2019-07-20 05:30:03,761 INFO - logger - Iter 3900 - time: 22    - [train] loss: 0.048  (+/-0.0263) - [valid] loss: 0.0952 (+/-0.1097) - [test] loss: 0.0427 (+/-0.0468)
2019-07-20 05:30:25,552 INFO - logger - Iter 4000 - time: 21    - [train] loss: 0.055  (+/-0.0266) - [valid] loss: 0.0543 (+/-0.0512) - [test] loss: 0.0483 (+/-0.0238)
2019-07-20 05:30:47,434 INFO - logger - Iter 4100 - time: 21    - [train] loss: 0.0447 (+/-0.034 ) - [valid] loss: 0.0207 (+/-0.0065) - [test] loss: 0.0251 (+/-0.0222)
2019-07-20 05:31:09,363 INFO - logger - Iter 4200 - time: 21    - [train] loss: 0.0358 (+/-0.0263) - [valid] loss: 0.0649 (+/-0.0621) - [test] loss: 0.0463 (+/-0.0349)
2019-07-20 05:31:31,219 INFO - logger - Iter 4300 - time: 21    - [train] loss: 0.079  (+/-0.0642) - [valid] loss: 0.1164 (+/-0.0834) - [test] loss: 0.0362 (+/-0.0267)
2019-07-20 05:31:54,156 INFO - logger - Iter 4400 - time: 22    - [train] loss: 0.039  (+/-0.0418) - [valid] loss: 0.0181 (+/-0.0081) - [test] loss: 0.0315 (+/-0.0239)
2019-07-20 05:32:16,270 INFO - logger - Iter 4500 - time: 22    - [train] loss: 0.0917 (+/-0.1519) - [valid] loss: 0.0374 (+/-0.043 ) - [test] loss: 0.0434 (+/-0.0384)
2019-07-20 05:32:37,320 INFO - logger - Iter 4600 - time: 21    - [train] loss: 0.0793 (+/-0.0651) - [valid] loss: 0.0503 (+/-0.0473) - [test] loss: 0.0519 (+/-0.0357)
2019-07-20 05:32:59,185 INFO - logger - Iter 4700 - time: 21    - [train] loss: 0.1316 (+/-0.158 ) - [valid] loss: 0.0537 (+/-0.0541) - [test] loss: 0.0422 (+/-0.0254)
2019-07-20 05:33:21,573 INFO - logger - Iter 4800 - time: 22    - [train] loss: 0.0471 (+/-0.0331) - [valid] loss: 0.0428 (+/-0.0285) - [test] loss: 0.011  (+/-0.0041)
2019-07-20 05:33:43,245 INFO - logger - Iter 4900 - time: 21    - [train] loss: 0.0897 (+/-0.1419) - [valid] loss: 0.0524 (+/-0.054 ) - [test] loss: 0.0501 (+/-0.0296)
2019-07-20 05:34:04,489 INFO - logger - Iter 5000 - time: 21    - [train] loss: 0.0526 (+/-0.027 ) - [valid] loss: 0.0288 (+/-0.0207) - [test] loss: 0.0259 (+/-0.0157)
2019-07-20 05:34:26,358 INFO - logger - Iter 5100 - time: 21    - [train] loss: 0.0513 (+/-0.0501) - [valid] loss: 0.0707 (+/-0.0616) - [test] loss: 0.064  (+/-0.0466)
2019-07-20 05:34:48,131 INFO - logger - Iter 5200 - time: 21    - [train] loss: 0.0457 (+/-0.0205) - [valid] loss: 0.0366 (+/-0.0237) - [test] loss: 0.0438 (+/-0.0287)
2019-07-20 05:35:09,730 INFO - logger - Iter 5300 - time: 21    - [train] loss: 0.0419 (+/-0.0334) - [valid] loss: 0.0401 (+/-0.0392) - [test] loss: 0.0404 (+/-0.04  )
2019-07-20 05:35:31,719 INFO - logger - Iter 5400 - time: 21    - [train] loss: 0.0196 (+/-0.0124) - [valid] loss: 0.0383 (+/-0.0313) - [test] loss: 0.1555 (+/-0.0708)
2019-07-20 05:35:53,292 INFO - logger - Iter 5500 - time: 21    - [train] loss: 0.0301 (+/-0.0218) - [valid] loss: 0.0958 (+/-0.0866) - [test] loss: 0.0189 (+/-0.0103)
2019-07-20 05:36:15,875 INFO - logger - Iter 5600 - time: 22    - [train] loss: 0.062  (+/-0.0326) - [valid] loss: 0.0202 (+/-0.0107) - [test] loss: 0.0294 (+/-0.034 )
2019-07-20 05:36:37,030 INFO - logger - Iter 5700 - time: 21    - [train] loss: 0.0349 (+/-0.0166) - [valid] loss: 0.0319 (+/-0.0267) - [test] loss: 0.0164 (+/-0.0086)
2019-07-20 05:36:58,959 INFO - logger - Iter 5800 - time: 21    - [train] loss: 0.0487 (+/-0.0491) - [valid] loss: 0.0235 (+/-0.0095) - [test] loss: 0.1579 (+/-0.2351)
2019-07-20 05:37:21,887 INFO - logger - Iter 5900 - time: 22    - [train] loss: 0.0384 (+/-0.0145) - [valid] loss: 0.0509 (+/-0.0478) - [test] loss: 0.0673 (+/-0.0623)
2019-07-20 05:37:43,066 INFO - logger - Iter 6000 - time: 21    - [train] loss: 0.0334 (+/-0.0175) - [valid] loss: 0.0759 (+/-0.0687) - [test] loss: 0.0376 (+/-0.0325)
2019-07-20 05:38:04,580 INFO - logger - Iter 6100 - time: 21    - [train] loss: 0.056  (+/-0.0245) - [valid] loss: 0.0328 (+/-0.019 ) - [test] loss: 0.049  (+/-0.0266)
2019-07-20 05:38:26,795 INFO - logger - Iter 6200 - time: 22    - [train] loss: 0.0196 (+/-0.0086) - [valid] loss: 0.0133 (+/-0.0074) - [test] loss: 0.0638 (+/-0.0602)
2019-07-20 05:38:48,186 INFO - logger - Iter 6300 - time: 21    - [train] loss: 0.0562 (+/-0.061 ) - [valid] loss: 0.1205 (+/-0.1464) - [test] loss: 0.0286 (+/-0.0206)
2019-07-20 05:39:09,462 INFO - logger - Iter 6400 - time: 21    - [train] loss: 0.0285 (+/-0.0218) - [valid] loss: 0.151  (+/-0.1307) - [test] loss: 0.0328 (+/-0.0337)
2019-07-20 05:39:30,957 INFO - logger - Iter 6500 - time: 21    - [train] loss: 0.0398 (+/-0.0277) - [valid] loss: 0.0298 (+/-0.0147) - [test] loss: 0.0815 (+/-0.0732)
2019-07-20 05:39:53,249 INFO - logger - Iter 6600 - time: 22    - [train] loss: 0.075  (+/-0.1186) - [valid] loss: 0.0317 (+/-0.0188) - [test] loss: 0.0286 (+/-0.0166)
2019-07-20 05:40:15,953 INFO - logger - Iter 6700 - time: 22    - [train] loss: 0.0481 (+/-0.0442) - [valid] loss: 0.0228 (+/-0.0106) - [test] loss: 0.0561 (+/-0.0513)
2019-07-20 05:40:37,601 INFO - logger - Iter 6800 - time: 21    - [train] loss: 0.0584 (+/-0.0657) - [valid] loss: 0.0647 (+/-0.0709) - [test] loss: 0.1763 (+/-0.3306)
2019-07-20 05:40:59,323 INFO - logger - Iter 6900 - time: 21    - [train] loss: 0.0476 (+/-0.0434) - [valid] loss: 0.1424 (+/-0.2481) - [test] loss: 0.026  (+/-0.0142)
2019-07-20 05:41:21,605 INFO - logger - Iter 7000 - time: 22    - [train] loss: 0.0576 (+/-0.0731) - [valid] loss: 0.0188 (+/-0.0097) - [test] loss: 0.0397 (+/-0.0369)
2019-07-20 05:41:42,933 INFO - logger - Iter 7100 - time: 21    - [train] loss: 0.0697 (+/-0.0919) - [valid] loss: 0.0742 (+/-0.0779) - [test] loss: 0.0229 (+/-0.0175)
2019-07-20 05:42:04,433 INFO - logger - Iter 7200 - time: 21    - [train] loss: 0.0722 (+/-0.1053) - [valid] loss: 0.0228 (+/-0.0177) - [test] loss: 0.0482 (+/-0.0523)
2019-07-20 05:42:26,849 INFO - logger - Iter 7300 - time: 22    - [train] loss: 0.0157 (+/-0.0129) - [valid] loss: 0.0271 (+/-0.0163) - [test] loss: 0.0321 (+/-0.0182)
2019-07-20 05:42:48,638 INFO - logger - Iter 7400 - time: 21    - [train] loss: 0.0197 (+/-0.0128) - [valid] loss: 0.0368 (+/-0.0257) - [test] loss: 0.0205 (+/-0.0096)
2019-07-20 05:43:11,415 INFO - logger - Iter 7500 - time: 22    - [train] loss: 0.0192 (+/-0.0099) - [valid] loss: 0.0502 (+/-0.0356) - [test] loss: 0.0615 (+/-0.0621)
2019-07-20 05:43:34,011 INFO - logger - Iter 7600 - time: 22    - [train] loss: 0.0569 (+/-0.0791) - [valid] loss: 0.0507 (+/-0.0395) - [test] loss: 0.0282 (+/-0.0148)
2019-07-20 05:43:55,516 INFO - logger - Iter 7700 - time: 21    - [train] loss: 0.0232 (+/-0.0157) - [valid] loss: 0.0575 (+/-0.0354) - [test] loss: 0.0889 (+/-0.1387)
2019-07-20 05:44:18,458 INFO - logger - Iter 7800 - time: 22    - [train] loss: 0.0266 (+/-0.0103) - [valid] loss: 0.021  (+/-0.0092) - [test] loss: 0.0778 (+/-0.0717)
2019-07-20 05:44:41,220 INFO - logger - Iter 7900 - time: 22    - [train] loss: 0.0387 (+/-0.0225) - [valid] loss: 0.0234 (+/-0.0149) - [test] loss: 0.0632 (+/-0.0526)
2019-07-20 05:45:02,065 INFO - logger - Iter 8000 - time: 20    - [train] loss: 0.0582 (+/-0.0765) - [valid] loss: 0.0682 (+/-0.0741) - [test] loss: 0.0581 (+/-0.0405)
2019-07-20 05:45:23,585 INFO - logger - Iter 8100 - time: 21    - [train] loss: 0.0205 (+/-0.0193) - [valid] loss: 0.0168 (+/-0.0085) - [test] loss: 0.1044 (+/-0.1161)
2019-07-20 05:45:44,923 INFO - logger - Iter 8200 - time: 21    - [train] loss: 0.0463 (+/-0.0427) - [valid] loss: 0.0461 (+/-0.027 ) - [test] loss: 0.0553 (+/-0.0541)
2019-07-20 05:46:07,146 INFO - logger - Iter 8300 - time: 22    - [train] loss: 0.0284 (+/-0.0206) - [valid] loss: 0.0305 (+/-0.0459) - [test] loss: 0.0246 (+/-0.0139)
2019-07-20 05:46:28,818 INFO - logger - Iter 8400 - time: 21    - [train] loss: 0.0306 (+/-0.0228) - [valid] loss: 0.0317 (+/-0.0284) - [test] loss: 0.0602 (+/-0.0607)
2019-07-20 05:46:51,184 INFO - logger - Iter 8500 - time: 22    - [train] loss: 0.0217 (+/-0.0153) - [valid] loss: 0.0269 (+/-0.0175) - [test] loss: 0.0485 (+/-0.0472)
2019-07-20 05:47:13,076 INFO - logger - Iter 8600 - time: 21    - [train] loss: 0.0258 (+/-0.0252) - [valid] loss: 0.0382 (+/-0.0351) - [test] loss: 0.0124 (+/-0.0047)
2019-07-20 05:47:34,079 INFO - logger - Iter 8700 - time: 21    - [train] loss: 0.0208 (+/-0.0145) - [valid] loss: 0.0292 (+/-0.0195) - [test] loss: 0.0088 (+/-0.0034)
2019-07-20 05:47:56,225 INFO - logger - Iter 8800 - time: 22    - [train] loss: 0.0239 (+/-0.0135) - [valid] loss: 0.0251 (+/-0.0156) - [test] loss: 0.0799 (+/-0.1097)
2019-07-20 05:48:18,713 INFO - logger - Iter 8900 - time: 22    - [train] loss: 0.035  (+/-0.0229) - [valid] loss: 0.0498 (+/-0.0543) - [test] loss: 0.0318 (+/-0.0144)
2019-07-20 05:48:40,283 INFO - logger - Iter 9000 - time: 21    - [train] loss: 0.0323 (+/-0.0221) - [valid] loss: 0.0268 (+/-0.0168) - [test] loss: 0.0361 (+/-0.0212)
2019-07-20 05:49:01,943 INFO - logger - Iter 9100 - time: 21    - [train] loss: 0.0596 (+/-0.0532) - [valid] loss: 0.0142 (+/-0.0096) - [test] loss: 0.0305 (+/-0.0238)
2019-07-20 05:49:24,193 INFO - logger - Iter 9200 - time: 22    - [train] loss: 0.0483 (+/-0.0788) - [valid] loss: 0.0186 (+/-0.0121) - [test] loss: 0.0516 (+/-0.0416)
2019-07-20 05:49:45,569 INFO - logger - Iter 9300 - time: 21    - [train] loss: 0.0414 (+/-0.0353) - [valid] loss: 0.0135 (+/-0.0028) - [test] loss: 0.0474 (+/-0.0424)
2019-07-20 05:50:06,543 INFO - logger - Iter 9400 - time: 20    - [train] loss: 0.02   (+/-0.0112) - [valid] loss: 0.0242 (+/-0.0242) - [test] loss: 0.0298 (+/-0.0262)
2019-07-20 05:50:29,454 INFO - logger - Iter 9500 - time: 22    - [train] loss: 0.0236 (+/-0.0172) - [valid] loss: 0.0275 (+/-0.0162) - [test] loss: 0.0317 (+/-0.023 )
2019-07-20 05:50:51,097 INFO - logger - Iter 9600 - time: 21    - [train] loss: 0.087  (+/-0.11  ) - [valid] loss: 0.0318 (+/-0.0211) - [test] loss: 0.0136 (+/-0.0063)
2019-07-20 05:51:12,330 INFO - logger - Iter 9700 - time: 21    - [train] loss: 0.041  (+/-0.0328) - [valid] loss: 0.1121 (+/-0.1891) - [test] loss: 0.1527 (+/-0.2889)
2019-07-20 05:51:33,719 INFO - logger - Iter 9800 - time: 21    - [train] loss: 0.0905 (+/-0.1141) - [valid] loss: 0.033  (+/-0.0219) - [test] loss: 0.0204 (+/-0.0134)
2019-07-20 05:51:55,978 INFO - logger - Iter 9900 - time: 22    - [train] loss: 0.0459 (+/-0.0457) - [valid] loss: 0.0285 (+/-0.0158) - [test] loss: 0.0333 (+/-0.0183)
2019-07-20 05:52:17,543 INFO - logger - Iter 10000 - time: 21    - [train] loss: 0.0175 (+/-0.0064) - [valid] loss: 0.029  (+/-0.0425) - [test] loss: 0.0106 (+/-0.0039)
2019-07-20 05:52:38,597 INFO - logger - Iter 10100 - time: 21    - [train] loss: 0.0333 (+/-0.0285) - [valid] loss: 0.0404 (+/-0.0461) - [test] loss: 0.0596 (+/-0.0467)
2019-07-20 05:53:00,526 INFO - logger - Iter 10200 - time: 21    - [train] loss: 0.0616 (+/-0.0816) - [valid] loss: 0.0157 (+/-0.0128) - [test] loss: 0.0538 (+/-0.0602)
2019-07-20 05:53:22,933 INFO - logger - Iter 10300 - time: 22    - [train] loss: 0.0774 (+/-0.0852) - [valid] loss: 0.0224 (+/-0.0184) - [test] loss: 0.0235 (+/-0.0134)
2019-07-20 05:53:44,024 INFO - logger - Iter 10400 - time: 21    - [train] loss: 0.0169 (+/-0.0069) - [valid] loss: 0.0613 (+/-0.0645) - [test] loss: 0.0938 (+/-0.1639)
2019-07-20 05:54:06,156 INFO - logger - Iter 10500 - time: 22    - [train] loss: 0.0731 (+/-0.0722) - [valid] loss: 0.0592 (+/-0.0525) - [test] loss: 0.039  (+/-0.0309)
2019-07-20 05:54:28,157 INFO - logger - Iter 10600 - time: 22    - [train] loss: 0.0536 (+/-0.0647) - [valid] loss: 0.0374 (+/-0.0253) - [test] loss: 0.0437 (+/-0.038 )
2019-07-20 05:54:49,964 INFO - logger - Iter 10700 - time: 21    - [train] loss: 0.0418 (+/-0.023 ) - [valid] loss: 0.0583 (+/-0.0474) - [test] loss: 0.0133 (+/-0.0049)
2019-07-20 05:55:12,570 INFO - logger - Iter 10800 - time: 22    - [train] loss: 0.0676 (+/-0.0593) - [valid] loss: 0.049  (+/-0.0404) - [test] loss: 0.0807 (+/-0.1052)
2019-07-20 05:55:34,918 INFO - logger - Iter 10900 - time: 22    - [train] loss: 0.0512 (+/-0.0532) - [valid] loss: 0.0312 (+/-0.0347) - [test] loss: 0.0729 (+/-0.0604)
2019-07-20 05:55:58,096 INFO - logger - Iter 11000 - time: 23    - [train] loss: 0.0418 (+/-0.0444) - [valid] loss: 0.015  (+/-0.0124) - [test] loss: 0.0232 (+/-0.0133)
2019-07-20 05:56:20,570 INFO - logger - Iter 11100 - time: 22    - [train] loss: 0.0506 (+/-0.0508) - [valid] loss: 0.0213 (+/-0.0133) - [test] loss: 0.017  (+/-0.009 )
2019-07-20 05:56:41,899 INFO - logger - Iter 11200 - time: 21    - [train] loss: 0.0342 (+/-0.028 ) - [valid] loss: 0.0198 (+/-0.0132) - [test] loss: 0.0323 (+/-0.025 )
2019-07-20 05:57:03,196 INFO - logger - Iter 11300 - time: 21    - [train] loss: 0.0569 (+/-0.0604) - [valid] loss: 0.0647 (+/-0.0986) - [test] loss: 0.0138 (+/-0.0147)
2019-07-20 05:57:24,270 INFO - logger - Iter 11400 - time: 21    - [train] loss: 0.0295 (+/-0.018 ) - [valid] loss: 0.0758 (+/-0.0874) - [test] loss: 0.0229 (+/-0.0145)
2019-07-20 05:57:45,992 INFO - logger - Iter 11500 - time: 21    - [train] loss: 0.0299 (+/-0.0335) - [valid] loss: 0.0278 (+/-0.0203) - [test] loss: 0.0283 (+/-0.0251)
2019-07-20 05:58:06,979 INFO - logger - Iter 11600 - time: 20    - [train] loss: 0.0167 (+/-0.0095) - [valid] loss: 0.0224 (+/-0.0168) - [test] loss: 0.0291 (+/-0.0267)
2019-07-20 05:58:28,143 INFO - logger - Iter 11700 - time: 21    - [train] loss: 0.0342 (+/-0.0207) - [valid] loss: 0.0257 (+/-0.0182) - [test] loss: 0.0602 (+/-0.0932)
2019-07-20 05:58:50,064 INFO - logger - Iter 11800 - time: 21    - [train] loss: 0.0278 (+/-0.0182) - [valid] loss: 0.0234 (+/-0.021 ) - [test] loss: 0.0512 (+/-0.0521)
2019-07-20 05:59:12,442 INFO - logger - Iter 11900 - time: 22    - [train] loss: 0.0499 (+/-0.0463) - [valid] loss: 0.027  (+/-0.0245) - [test] loss: 0.0231 (+/-0.0263)
2019-07-20 05:59:34,513 INFO - logger - Iter 12000 - time: 22    - [train] loss: 0.0254 (+/-0.0208) - [valid] loss: 0.0569 (+/-0.0669) - [test] loss: 0.0258 (+/-0.0198)
2019-07-20 05:59:56,169 INFO - logger - Iter 12100 - time: 21    - [train] loss: 0.0406 (+/-0.04  ) - [valid] loss: 0.0752 (+/-0.1207) - [test] loss: 0.0517 (+/-0.0716)
2019-07-20 06:00:17,679 INFO - logger - Iter 12200 - time: 21    - [train] loss: 0.0382 (+/-0.0371) - [valid] loss: 0.0545 (+/-0.0592) - [test] loss: 0.1011 (+/-0.1012)
2019-07-20 06:00:40,051 INFO - logger - Iter 12300 - time: 22    - [train] loss: 0.0298 (+/-0.0203) - [valid] loss: 0.0255 (+/-0.0125) - [test] loss: 0.0115 (+/-0.0057)
2019-07-20 06:01:01,245 INFO - logger - Iter 12400 - time: 21    - [train] loss: 0.0123 (+/-0.004 ) - [valid] loss: 0.042  (+/-0.0473) - [test] loss: 0.0641 (+/-0.0606)
2019-07-20 06:01:23,487 INFO - logger - Iter 12500 - time: 22    - [train] loss: 0.0395 (+/-0.0362) - [valid] loss: 0.049  (+/-0.0345) - [test] loss: 0.0312 (+/-0.0263)
2019-07-20 06:01:44,685 INFO - logger - Iter 12600 - time: 21    - [train] loss: 0.0212 (+/-0.0184) - [valid] loss: 0.0847 (+/-0.0828) - [test] loss: 0.0425 (+/-0.0414)
2019-07-20 06:02:06,687 INFO - logger - Iter 12700 - time: 22    - [train] loss: 0.0379 (+/-0.0435) - [valid] loss: 0.0162 (+/-0.0149) - [test] loss: 0.0214 (+/-0.0154)
2019-07-20 06:02:28,963 INFO - logger - Iter 12800 - time: 22    - [train] loss: 0.0305 (+/-0.0236) - [valid] loss: 0.0149 (+/-0.0046) - [test] loss: 0.0911 (+/-0.1398)
2019-07-20 06:02:50,145 INFO - logger - Iter 12900 - time: 21    - [train] loss: 0.0431 (+/-0.0462) - [valid] loss: 0.0607 (+/-0.0577) - [test] loss: 0.0254 (+/-0.0187)
2019-07-20 06:03:11,708 INFO - logger - Iter 13000 - time: 21    - [train] loss: 0.0145 (+/-0.0078) - [valid] loss: 0.0248 (+/-0.0152) - [test] loss: 0.0409 (+/-0.0321)
2019-07-20 06:03:33,460 INFO - logger - Iter 13100 - time: 21    - [train] loss: 0.025  (+/-0.0142) - [valid] loss: 0.0663 (+/-0.0822) - [test] loss: 0.0418 (+/-0.0473)
2019-07-20 06:03:55,174 INFO - logger - Iter 13200 - time: 21    - [train] loss: 0.1086 (+/-0.092 ) - [valid] loss: 0.0224 (+/-0.0172) - [test] loss: 0.0312 (+/-0.0219)
2019-07-20 06:04:17,706 INFO - logger - Iter 13300 - time: 22    - [train] loss: 0.0422 (+/-0.0459) - [valid] loss: 0.0216 (+/-0.015 ) - [test] loss: 0.0703 (+/-0.0812)
2019-07-20 06:04:39,898 INFO - logger - Iter 13400 - time: 22    - [train] loss: 0.0362 (+/-0.0266) - [valid] loss: 0.0725 (+/-0.1021) - [test] loss: 0.0502 (+/-0.0445)
2019-07-20 06:05:00,690 INFO - logger - Iter 13500 - time: 20    - [train] loss: 0.0382 (+/-0.0364) - [valid] loss: 0.0394 (+/-0.0317) - [test] loss: 0.0361 (+/-0.0145)
2019-07-20 06:05:22,718 INFO - logger - Iter 13600 - time: 22    - [train] loss: 0.0296 (+/-0.0194) - [valid] loss: 0.0172 (+/-0.01  ) - [test] loss: 0.0466 (+/-0.0693)
2019-07-20 06:05:44,782 INFO - logger - Iter 13700 - time: 22    - [train] loss: 0.018  (+/-0.0141) - [valid] loss: 0.0368 (+/-0.0555) - [test] loss: 0.0276 (+/-0.0392)
2019-07-20 06:06:05,824 INFO - logger - Iter 13800 - time: 21    - [train] loss: 0.0836 (+/-0.1   ) - [valid] loss: 0.0291 (+/-0.0313) - [test] loss: 0.0178 (+/-0.0109)
2019-07-20 06:06:27,760 INFO - logger - Iter 13900 - time: 21    - [train] loss: 0.093  (+/-0.0734) - [valid] loss: 0.0356 (+/-0.0423) - [test] loss: 0.0315 (+/-0.0483)
2019-07-20 06:06:49,565 INFO - logger - Iter 14000 - time: 21    - [train] loss: 0.0789 (+/-0.1489) - [valid] loss: 0.0823 (+/-0.0979) - [test] loss: 0.0299 (+/-0.0326)
2019-07-20 06:07:11,467 INFO - logger - Iter 14100 - time: 21    - [train] loss: 0.0216 (+/-0.0123) - [valid] loss: 0.0273 (+/-0.0216) - [test] loss: 0.0261 (+/-0.0181)
2019-07-20 06:07:33,413 INFO - logger - Iter 14200 - time: 21    - [train] loss: 0.0182 (+/-0.019 ) - [valid] loss: 0.0376 (+/-0.0319) - [test] loss: 0.0179 (+/-0.0089)
2019-07-20 06:07:55,210 INFO - logger - Iter 14300 - time: 21    - [train] loss: 0.0643 (+/-0.054 ) - [valid] loss: 0.0206 (+/-0.0088) - [test] loss: 0.0222 (+/-0.0113)
2019-07-20 06:08:16,868 INFO - logger - Iter 14400 - time: 21    - [train] loss: 0.0558 (+/-0.0488) - [valid] loss: 0.0431 (+/-0.0365) - [test] loss: 0.0274 (+/-0.0238)
2019-07-20 06:08:38,708 INFO - logger - Iter 14500 - time: 21    - [train] loss: 0.0378 (+/-0.0239) - [valid] loss: 0.0088 (+/-0.0038) - [test] loss: 0.0394 (+/-0.0423)
2019-07-20 06:09:01,201 INFO - logger - Iter 14600 - time: 22    - [train] loss: 0.0304 (+/-0.0387) - [valid] loss: 0.0303 (+/-0.0198) - [test] loss: 0.0091 (+/-0.0044)
2019-07-20 06:09:22,865 INFO - logger - Iter 14700 - time: 21    - [train] loss: 0.0093 (+/-0.0036) - [valid] loss: 0.057  (+/-0.0558) - [test] loss: 0.0085 (+/-0.0034)
2019-07-20 06:09:44,514 INFO - logger - Iter 14800 - time: 21    - [train] loss: 0.0699 (+/-0.0487) - [valid] loss: 0.0216 (+/-0.0146) - [test] loss: 0.0282 (+/-0.009 )
2019-07-20 06:10:06,186 INFO - logger - Iter 14900 - time: 21    - [train] loss: 0.0281 (+/-0.0236) - [valid] loss: 0.0154 (+/-0.0091) - [test] loss: 0.0257 (+/-0.0366)
2019-07-20 06:10:28,467 INFO - logger - Iter 15000 - time: 22    - [train] loss: 0.012  (+/-0.0049) - [valid] loss: 0.0411 (+/-0.0471) - [test] loss: 0.0391 (+/-0.0326)
2019-07-20 06:10:49,888 INFO - logger - Iter 15100 - time: 21    - [train] loss: 0.0116 (+/-0.006 ) - [valid] loss: 0.0565 (+/-0.0589) - [test] loss: 0.0288 (+/-0.035 )
2019-07-20 06:11:10,960 INFO - logger - Iter 15200 - time: 21    - [train] loss: 0.05   (+/-0.0464) - [valid] loss: 0.0119 (+/-0.008 ) - [test] loss: 0.0287 (+/-0.0243)
2019-07-20 06:11:32,400 INFO - logger - Iter 15300 - time: 21    - [train] loss: 0.0595 (+/-0.0878) - [valid] loss: 0.0148 (+/-0.0109) - [test] loss: 0.0373 (+/-0.03  )
2019-07-20 06:11:54,091 INFO - logger - Iter 15400 - time: 21    - [train] loss: 0.055  (+/-0.0397) - [valid] loss: 0.0234 (+/-0.0172) - [test] loss: 0.0468 (+/-0.067 )
2019-07-20 06:12:16,972 INFO - logger - Iter 15500 - time: 22    - [train] loss: 0.062  (+/-0.1045) - [valid] loss: 0.0531 (+/-0.0859) - [test] loss: 0.0217 (+/-0.0116)
2019-07-20 06:12:39,068 INFO - logger - Iter 15600 - time: 22    - [train] loss: 0.0353 (+/-0.0519) - [valid] loss: 0.0316 (+/-0.0287) - [test] loss: 0.0618 (+/-0.0298)
2019-07-20 06:13:00,180 INFO - logger - Iter 15700 - time: 21    - [train] loss: 0.0801 (+/-0.1046) - [valid] loss: 0.0247 (+/-0.0318) - [test] loss: 0.0266 (+/-0.0407)
2019-07-20 06:13:22,121 INFO - logger - Iter 15800 - time: 21    - [train] loss: 0.051  (+/-0.054 ) - [valid] loss: 0.0418 (+/-0.0538) - [test] loss: 0.0626 (+/-0.0969)
2019-07-20 06:13:44,308 INFO - logger - Iter 15900 - time: 22    - [train] loss: 0.0249 (+/-0.014 ) - [valid] loss: 0.0848 (+/-0.0924) - [test] loss: 0.022  (+/-0.0219)
2019-07-20 06:14:05,922 INFO - logger - Iter 16000 - time: 21    - [train] loss: 0.0288 (+/-0.0192) - [valid] loss: 0.0435 (+/-0.0323) - [test] loss: 0.0455 (+/-0.0271)
2019-07-20 06:14:27,464 INFO - logger - Iter 16100 - time: 21    - [train] loss: 0.0223 (+/-0.023 ) - [valid] loss: 0.0192 (+/-0.0137) - [test] loss: 0.0659 (+/-0.0714)
2019-07-20 06:14:49,209 INFO - logger - Iter 16200 - time: 21    - [train] loss: 0.031  (+/-0.0258) - [valid] loss: 0.0458 (+/-0.0667) - [test] loss: 0.0178 (+/-0.009 )
2019-07-20 06:15:10,516 INFO - logger - Iter 16300 - time: 21    - [train] loss: 0.0386 (+/-0.0421) - [valid] loss: 0.0165 (+/-0.0169) - [test] loss: 0.0451 (+/-0.0559)
2019-07-20 06:15:32,255 INFO - logger - Iter 16400 - time: 21    - [train] loss: 0.0284 (+/-0.0175) - [valid] loss: 0.0167 (+/-0.0091) - [test] loss: 0.0668 (+/-0.0855)
2019-07-20 06:15:54,060 INFO - logger - Iter 16500 - time: 21    - [train] loss: 0.0318 (+/-0.031 ) - [valid] loss: 0.0472 (+/-0.0368) - [test] loss: 0.0639 (+/-0.0725)
2019-07-20 06:16:16,002 INFO - logger - Iter 16600 - time: 21    - [train] loss: 0.0133 (+/-0.0075) - [valid] loss: 0.0117 (+/-0.0094) - [test] loss: 0.0496 (+/-0.0402)
2019-07-20 06:16:37,510 INFO - logger - Iter 16700 - time: 21    - [train] loss: 0.0618 (+/-0.0788) - [valid] loss: 0.0123 (+/-0.0104) - [test] loss: 0.0505 (+/-0.0553)
2019-07-20 06:16:59,154 INFO - logger - Iter 16800 - time: 21    - [train] loss: 0.0178 (+/-0.0082) - [valid] loss: 0.0424 (+/-0.0395) - [test] loss: 0.035  (+/-0.0218)
2019-07-20 06:17:21,717 INFO - logger - Iter 16900 - time: 22    - [train] loss: 0.0369 (+/-0.02  ) - [valid] loss: 0.0327 (+/-0.0296) - [test] loss: 0.031  (+/-0.0327)
2019-07-20 06:17:43,934 INFO - logger - Iter 17000 - time: 22    - [train] loss: 0.0253 (+/-0.0143) - [valid] loss: 0.0155 (+/-0.0068) - [test] loss: 0.0583 (+/-0.059 )
2019-07-20 06:18:05,623 INFO - logger - Iter 17100 - time: 21    - [train] loss: 0.0354 (+/-0.0376) - [valid] loss: 0.0269 (+/-0.0167) - [test] loss: 0.0209 (+/-0.0119)
2019-07-20 06:18:27,668 INFO - logger - Iter 17200 - time: 22    - [train] loss: 0.0399 (+/-0.0265) - [valid] loss: 0.036  (+/-0.0244) - [test] loss: 0.0439 (+/-0.022 )
2019-07-20 06:18:49,603 INFO - logger - Iter 17300 - time: 21    - [train] loss: 0.0192 (+/-0.0164) - [valid] loss: 0.0299 (+/-0.0232) - [test] loss: 0.0127 (+/-0.0117)
2019-07-20 06:19:10,778 INFO - logger - Iter 17400 - time: 21    - [train] loss: 0.0155 (+/-0.0065) - [valid] loss: 0.0436 (+/-0.0458) - [test] loss: 0.0105 (+/-0.0038)
2019-07-20 06:19:32,471 INFO - logger - Iter 17500 - time: 21    - [train] loss: 0.035  (+/-0.0386) - [valid] loss: 0.0105 (+/-0.0042) - [test] loss: 0.0264 (+/-0.0197)
2019-07-20 06:19:55,055 INFO - logger - Iter 17600 - time: 22    - [train] loss: 0.0219 (+/-0.0151) - [valid] loss: 0.1183 (+/-0.1302) - [test] loss: 0.0145 (+/-0.0092)
2019-07-20 06:20:16,566 INFO - logger - Iter 17700 - time: 21    - [train] loss: 0.0173 (+/-0.015 ) - [valid] loss: 0.0152 (+/-0.0074) - [test] loss: 0.0177 (+/-0.013 )
2019-07-20 06:20:37,534 INFO - logger - Iter 17800 - time: 20    - [train] loss: 0.0225 (+/-0.0113) - [valid] loss: 0.0323 (+/-0.0218) - [test] loss: 0.0146 (+/-0.0034)
2019-07-20 06:20:59,249 INFO - logger - Iter 17900 - time: 21    - [train] loss: 0.0278 (+/-0.0228) - [valid] loss: 0.118  (+/-0.1601) - [test] loss: 0.0162 (+/-0.0089)
2019-07-20 06:21:21,673 INFO - logger - Iter 18000 - time: 22    - [train] loss: 0.028  (+/-0.0182) - [valid] loss: 0.0469 (+/-0.0731) - [test] loss: 0.0198 (+/-0.0135)
2019-07-20 06:21:43,674 INFO - logger - Iter 18100 - time: 22    - [train] loss: 0.0348 (+/-0.0459) - [valid] loss: 0.0111 (+/-0.0072) - [test] loss: 0.0181 (+/-0.0122)
2019-07-20 06:22:05,322 INFO - logger - Iter 18200 - time: 21    - [train] loss: 0.0295 (+/-0.0366) - [valid] loss: 0.0198 (+/-0.015 ) - [test] loss: 0.0384 (+/-0.0326)
2019-07-20 06:22:26,912 INFO - logger - Iter 18300 - time: 21    - [train] loss: 0.0521 (+/-0.0497) - [valid] loss: 0.0162 (+/-0.0084) - [test] loss: 0.0473 (+/-0.0451)
2019-07-20 06:22:49,222 INFO - logger - Iter 18400 - time: 22    - [train] loss: 0.0265 (+/-0.0274) - [valid] loss: 0.0108 (+/-0.0052) - [test] loss: 0.0175 (+/-0.0102)
2019-07-20 06:23:11,210 INFO - logger - Iter 18500 - time: 21    - [train] loss: 0.0247 (+/-0.0126) - [valid] loss: 0.0237 (+/-0.0151) - [test] loss: 0.0347 (+/-0.0408)
2019-07-20 06:23:32,361 INFO - logger - Iter 18600 - time: 21    - [train] loss: 0.0406 (+/-0.0329) - [valid] loss: 0.0349 (+/-0.059 ) - [test] loss: 0.062  (+/-0.0797)
2019-07-20 06:23:54,418 INFO - logger - Iter 18700 - time: 22    - [train] loss: 0.0298 (+/-0.0134) - [valid] loss: 0.0626 (+/-0.0528) - [test] loss: 0.0728 (+/-0.127 )
2019-07-20 06:24:15,958 INFO - logger - Iter 18800 - time: 21    - [train] loss: 0.0182 (+/-0.0115) - [valid] loss: 0.2068 (+/-0.393 ) - [test] loss: 0.0331 (+/-0.021 )
2019-07-20 06:24:37,859 INFO - logger - Iter 18900 - time: 21    - [train] loss: 0.029  (+/-0.0191) - [valid] loss: 0.0262 (+/-0.0157) - [test] loss: 0.0143 (+/-0.0089)
2019-07-20 06:24:59,195 INFO - logger - Iter 19000 - time: 21    - [train] loss: 0.1017 (+/-0.1778) - [valid] loss: 0.0276 (+/-0.0263) - [test] loss: 0.0164 (+/-0.0076)
2019-07-20 06:25:21,861 INFO - logger - Iter 19100 - time: 22    - [train] loss: 0.0381 (+/-0.0348) - [valid] loss: 0.0137 (+/-0.008 ) - [test] loss: 0.0809 (+/-0.0865)
2019-07-20 06:25:43,370 INFO - logger - Iter 19200 - time: 21    - [train] loss: 0.0249 (+/-0.0221) - [valid] loss: 0.0367 (+/-0.0431) - [test] loss: 0.0211 (+/-0.0135)
2019-07-20 06:26:05,753 INFO - logger - Iter 19300 - time: 22    - [train] loss: 0.0152 (+/-0.0098) - [valid] loss: 0.1269 (+/-0.174 ) - [test] loss: 0.0425 (+/-0.0419)
2019-07-20 06:26:27,522 INFO - logger - Iter 19400 - time: 21    - [train] loss: 0.0153 (+/-0.0098) - [valid] loss: 0.0191 (+/-0.0109) - [test] loss: 0.0282 (+/-0.0241)
2019-07-20 06:26:49,462 INFO - logger - Iter 19500 - time: 21    - [train] loss: 0.0197 (+/-0.011 ) - [valid] loss: 0.0147 (+/-0.0108) - [test] loss: 0.0736 (+/-0.0952)
2019-07-20 06:27:11,140 INFO - logger - Iter 19600 - time: 21    - [train] loss: 0.0448 (+/-0.0476) - [valid] loss: 0.04   (+/-0.0287) - [test] loss: 0.091  (+/-0.1325)
2019-07-20 06:27:32,894 INFO - logger - Iter 19700 - time: 21    - [train] loss: 0.0656 (+/-0.0768) - [valid] loss: 0.0375 (+/-0.0417) - [test] loss: 0.0338 (+/-0.0354)
2019-07-20 06:27:54,210 INFO - logger - Iter 19800 - time: 21    - [train] loss: 0.0212 (+/-0.0162) - [valid] loss: 0.0247 (+/-0.0137) - [test] loss: 0.0215 (+/-0.0203)
2019-07-20 06:28:14,680 INFO - logger - Iter 19900 - time: 20    - [train] loss: 0.0235 (+/-0.0151) - [valid] loss: 0.0527 (+/-0.0412) - [test] loss: 0.0263 (+/-0.0184)
2019-07-20 06:28:36,760 INFO - logger - Iter 20000 - time: 22    - [train] loss: 0.0169 (+/-0.0141) - [valid] loss: 0.0247 (+/-0.0238) - [test] loss: 0.0461 (+/-0.0468)
2019-07-20 06:28:59,099 INFO - logger - Iter 20100 - time: 22    - [train] loss: 0.0499 (+/-0.0847) - [valid] loss: 0.0255 (+/-0.019 ) - [test] loss: 0.0115 (+/-0.0043)
2019-07-20 06:29:20,877 INFO - logger - Iter 20200 - time: 21    - [train] loss: 0.0218 (+/-0.0195) - [valid] loss: 0.0284 (+/-0.0269) - [test] loss: 0.0271 (+/-0.0255)
2019-07-20 06:29:42,916 INFO - logger - Iter 20300 - time: 22    - [train] loss: 0.035  (+/-0.0207) - [valid] loss: 0.0157 (+/-0.0044) - [test] loss: 0.0262 (+/-0.0171)
2019-07-20 06:30:05,499 INFO - logger - Iter 20400 - time: 22    - [train] loss: 0.0202 (+/-0.0053) - [valid] loss: 0.0221 (+/-0.0074) - [test] loss: 0.0685 (+/-0.0646)
2019-07-20 06:30:26,737 INFO - logger - Iter 20500 - time: 21    - [train] loss: 0.0303 (+/-0.0207) - [valid] loss: 0.0123 (+/-0.0063) - [test] loss: 0.051  (+/-0.0377)
2019-07-20 06:30:48,258 INFO - logger - Iter 20600 - time: 21    - [train] loss: 0.0123 (+/-0.0073) - [valid] loss: 0.0651 (+/-0.048 ) - [test] loss: 0.0209 (+/-0.0187)
2019-07-20 06:31:10,324 INFO - logger - Iter 20700 - time: 22    - [train] loss: 0.0117 (+/-0.0066) - [valid] loss: 0.031  (+/-0.039 ) - [test] loss: 0.0104 (+/-0.0042)
2019-07-20 06:31:31,411 INFO - logger - Iter 20800 - time: 21    - [train] loss: 0.0296 (+/-0.0352) - [valid] loss: 0.0162 (+/-0.0112) - [test] loss: 0.0258 (+/-0.0284)
2019-07-20 06:31:53,574 INFO - logger - Iter 20900 - time: 22    - [train] loss: 0.02   (+/-0.0188) - [valid] loss: 0.0385 (+/-0.0349) - [test] loss: 0.0271 (+/-0.0293)
2019-07-20 06:32:15,905 INFO - logger - Iter 21000 - time: 22    - [train] loss: 0.0459 (+/-0.0683) - [valid] loss: 0.0157 (+/-0.0097) - [test] loss: 0.0234 (+/-0.0197)
2019-07-20 06:32:37,886 INFO - logger - Iter 21100 - time: 21    - [train] loss: 0.0387 (+/-0.037 ) - [valid] loss: 0.0381 (+/-0.022 ) - [test] loss: 0.0931 (+/-0.1056)
2019-07-20 06:32:59,055 INFO - logger - Iter 21200 - time: 21    - [train] loss: 0.0301 (+/-0.028 ) - [valid] loss: 0.0302 (+/-0.0371) - [test] loss: 0.0106 (+/-0.0097)
2019-07-20 06:33:20,899 INFO - logger - Iter 21300 - time: 21    - [train] loss: 0.0649 (+/-0.0926) - [valid] loss: 0.0228 (+/-0.0156) - [test] loss: 0.0285 (+/-0.0276)
2019-07-20 06:33:43,065 INFO - logger - Iter 21400 - time: 22    - [train] loss: 0.0123 (+/-0.0052) - [valid] loss: 0.0361 (+/-0.0389) - [test] loss: 0.0127 (+/-0.0108)
2019-07-20 06:34:04,188 INFO - logger - Iter 21500 - time: 21    - [train] loss: 0.0268 (+/-0.0151) - [valid] loss: 0.0128 (+/-0.0097) - [test] loss: 0.0281 (+/-0.0227)
2019-07-20 06:34:26,392 INFO - logger - Iter 21600 - time: 22    - [train] loss: 0.0534 (+/-0.0794) - [valid] loss: 0.0186 (+/-0.0192) - [test] loss: 0.0185 (+/-0.0127)
2019-07-20 06:34:49,099 INFO - logger - Iter 21700 - time: 22    - [train] loss: 0.0238 (+/-0.0136) - [valid] loss: 0.0262 (+/-0.0208) - [test] loss: 0.0529 (+/-0.0321)
2019-07-20 06:35:10,844 INFO - logger - Iter 21800 - time: 21    - [train] loss: 0.0302 (+/-0.0132) - [valid] loss: 0.046  (+/-0.0554) - [test] loss: 0.0859 (+/-0.1461)
2019-07-20 06:35:31,797 INFO - logger - Iter 21900 - time: 20    - [train] loss: 0.0159 (+/-0.0078) - [valid] loss: 0.0261 (+/-0.008 ) - [test] loss: 0.0186 (+/-0.0135)
2019-07-20 06:35:54,110 INFO - logger - Iter 22000 - time: 22    - [train] loss: 0.0209 (+/-0.0199) - [valid] loss: 0.0816 (+/-0.0964) - [test] loss: 0.0395 (+/-0.0344)
2019-07-20 06:36:15,540 INFO - logger - Iter 22100 - time: 21    - [train] loss: 0.0252 (+/-0.0196) - [valid] loss: 0.0851 (+/-0.1185) - [test] loss: 0.0165 (+/-0.0073)
2019-07-20 06:36:37,543 INFO - logger - Iter 22200 - time: 22    - [train] loss: 0.0366 (+/-0.0217) - [valid] loss: 0.0273 (+/-0.014 ) - [test] loss: 0.0248 (+/-0.017 )
2019-07-20 06:36:58,725 INFO - logger - Iter 22300 - time: 21    - [train] loss: 0.0169 (+/-0.0152) - [valid] loss: 0.0148 (+/-0.008 ) - [test] loss: 0.0241 (+/-0.0154)
2019-07-20 06:37:21,084 INFO - logger - Iter 22400 - time: 22    - [train] loss: 0.0294 (+/-0.0129) - [valid] loss: 0.0255 (+/-0.0172) - [test] loss: 0.0336 (+/-0.0312)
2019-07-20 06:37:43,689 INFO - logger - Iter 22500 - time: 22    - [train] loss: 0.0124 (+/-0.005 ) - [valid] loss: 0.044  (+/-0.0382) - [test] loss: 0.0215 (+/-0.0094)
2019-07-20 06:38:04,507 INFO - logger - Iter 22600 - time: 20    - [train] loss: 0.0164 (+/-0.0092) - [valid] loss: 0.0512 (+/-0.0532) - [test] loss: 0.028  (+/-0.0241)
2019-07-20 06:38:25,851 INFO - logger - Iter 22700 - time: 21    - [train] loss: 0.0272 (+/-0.0299) - [valid] loss: 0.0286 (+/-0.0196) - [test] loss: 0.0528 (+/-0.0347)
2019-07-20 06:38:47,728 INFO - logger - Iter 22800 - time: 21    - [train] loss: 0.0225 (+/-0.0108) - [valid] loss: 0.0365 (+/-0.0322) - [test] loss: 0.0523 (+/-0.0619)
2019-07-20 06:39:09,844 INFO - logger - Iter 22900 - time: 22    - [train] loss: 0.0469 (+/-0.0692) - [valid] loss: 0.0804 (+/-0.0721) - [test] loss: 0.0205 (+/-0.013 )
2019-07-20 06:39:32,724 INFO - logger - Iter 23000 - time: 22    - [train] loss: 0.0206 (+/-0.019 ) - [valid] loss: 0.0227 (+/-0.0191) - [test] loss: 0.0126 (+/-0.0093)
2019-07-20 06:39:54,288 INFO - logger - Iter 23100 - time: 21    - [train] loss: 0.0361 (+/-0.0287) - [valid] loss: 0.0215 (+/-0.0161) - [test] loss: 0.0233 (+/-0.0247)
2019-07-20 06:40:16,004 INFO - logger - Iter 23200 - time: 21    - [train] loss: 0.0113 (+/-0.0038) - [valid] loss: 0.0241 (+/-0.0108) - [test] loss: 0.039  (+/-0.0293)
2019-07-20 06:40:38,476 INFO - logger - Iter 23300 - time: 22    - [train] loss: 0.2558 (+/-0.3714) - [valid] loss: 0.0187 (+/-0.0109) - [test] loss: 0.0206 (+/-0.0145)
2019-07-20 06:40:59,981 INFO - logger - Iter 23400 - time: 21    - [train] loss: 0.0273 (+/-0.0252) - [valid] loss: 0.0214 (+/-0.0157) - [test] loss: 0.0227 (+/-0.0181)
2019-07-20 06:41:21,275 INFO - logger - Iter 23500 - time: 21    - [train] loss: 0.0112 (+/-0.0031) - [valid] loss: 0.0746 (+/-0.0742) - [test] loss: 0.025  (+/-0.024 )
2019-07-20 06:41:43,800 INFO - logger - Iter 23600 - time: 22    - [train] loss: 0.0137 (+/-0.0082) - [valid] loss: 0.0145 (+/-0.0144) - [test] loss: 0.0285 (+/-0.0209)
2019-07-20 06:42:05,654 INFO - logger - Iter 23700 - time: 21    - [train] loss: 0.0209 (+/-0.0145) - [valid] loss: 0.034  (+/-0.0421) - [test] loss: 0.0122 (+/-0.0119)
2019-07-20 06:42:27,066 INFO - logger - Iter 23800 - time: 21    - [train] loss: 0.0372 (+/-0.0188) - [valid] loss: 0.0528 (+/-0.0625) - [test] loss: 0.0382 (+/-0.0257)
2019-07-20 06:42:47,798 INFO - logger - Iter 23900 - time: 20    - [train] loss: 0.0275 (+/-0.0336) - [valid] loss: 0.0377 (+/-0.0562) - [test] loss: 0.0324 (+/-0.0492)
2019-07-20 06:43:10,501 INFO - logger - Iter 24000 - time: 22    - [train] loss: 0.0341 (+/-0.0375) - [valid] loss: 0.0417 (+/-0.0606) - [test] loss: 0.0355 (+/-0.0313)
2019-07-20 06:43:32,059 INFO - logger - Iter 24100 - time: 21    - [train] loss: 0.0169 (+/-0.0081) - [valid] loss: 0.0268 (+/-0.0315) - [test] loss: 0.0484 (+/-0.0691)
2019-07-20 06:43:54,270 INFO - logger - Iter 24200 - time: 22    - [train] loss: 0.0228 (+/-0.0155) - [valid] loss: 0.0442 (+/-0.0387) - [test] loss: 0.0148 (+/-0.0139)
2019-07-20 06:44:16,529 INFO - logger - Iter 24300 - time: 22    - [train] loss: 0.0331 (+/-0.0313) - [valid] loss: 0.0247 (+/-0.0184) - [test] loss: 0.0151 (+/-0.0083)
2019-07-20 06:44:38,259 INFO - logger - Iter 24400 - time: 21    - [train] loss: 0.0735 (+/-0.1361) - [valid] loss: 0.0306 (+/-0.0206) - [test] loss: 0.0312 (+/-0.0236)
2019-07-20 06:45:00,213 INFO - logger - Iter 24500 - time: 21    - [train] loss: 0.0218 (+/-0.0229) - [valid] loss: 0.0628 (+/-0.0857) - [test] loss: 0.0205 (+/-0.0178)
2019-07-20 06:45:22,350 INFO - logger - Iter 24600 - time: 22    - [train] loss: 0.0234 (+/-0.0181) - [valid] loss: 0.0243 (+/-0.0266) - [test] loss: 0.0239 (+/-0.0158)
2019-07-20 06:45:43,594 INFO - logger - Iter 24700 - time: 21    - [train] loss: 0.013  (+/-0.0062) - [valid] loss: 0.0164 (+/-0.0205) - [test] loss: 0.0195 (+/-0.0133)
2019-07-20 06:46:05,583 INFO - logger - Iter 24800 - time: 21    - [train] loss: 0.0329 (+/-0.0334) - [valid] loss: 0.0582 (+/-0.0835) - [test] loss: 0.0245 (+/-0.017 )
2019-07-20 06:46:27,647 INFO - logger - Iter 24900 - time: 22    - [train] loss: 0.091  (+/-0.1511) - [valid] loss: 0.0161 (+/-0.0106) - [test] loss: 0.0803 (+/-0.1389)
2019-07-20 06:46:49,903 INFO - logger - Iter 25000 - time: 22    - [train] loss: 0.0482 (+/-0.0484) - [valid] loss: 0.0255 (+/-0.0138) - [test] loss: 0.0117 (+/-0.007 )
2019-07-20 06:47:11,121 INFO - logger - Iter 25100 - time: 21    - [train] loss: 0.0273 (+/-0.0254) - [valid] loss: 0.0124 (+/-0.0087) - [test] loss: 0.0421 (+/-0.031 )
2019-07-20 06:47:33,787 INFO - logger - Iter 25200 - time: 22    - [train] loss: 0.0271 (+/-0.0244) - [valid] loss: 0.0143 (+/-0.0086) - [test] loss: 0.0222 (+/-0.0136)
2019-07-20 06:47:56,514 INFO - logger - Iter 25300 - time: 22    - [train] loss: 0.0186 (+/-0.0148) - [valid] loss: 0.0215 (+/-0.0115) - [test] loss: 0.031  (+/-0.0354)
2019-07-20 06:48:18,954 INFO - logger - Iter 25400 - time: 22    - [train] loss: 0.0442 (+/-0.0447) - [valid] loss: 0.0194 (+/-0.012 ) - [test] loss: 0.032  (+/-0.0324)
2019-07-20 06:48:40,539 INFO - logger - Iter 25500 - time: 21    - [train] loss: 0.0267 (+/-0.0247) - [valid] loss: 0.013  (+/-0.0107) - [test] loss: 0.0369 (+/-0.0433)
2019-07-20 06:49:02,400 INFO - logger - Iter 25600 - time: 21    - [train] loss: 0.0545 (+/-0.0762) - [valid] loss: 0.0107 (+/-0.0053) - [test] loss: 0.0098 (+/-0.0051)
2019-07-20 06:49:24,886 INFO - logger - Iter 25700 - time: 22    - [train] loss: 0.0161 (+/-0.0108) - [valid] loss: 0.0242 (+/-0.0136) - [test] loss: 0.104  (+/-0.14  )
2019-07-20 06:49:46,596 INFO - logger - Iter 25800 - time: 21    - [train] loss: 0.015  (+/-0.0088) - [valid] loss: 0.0378 (+/-0.0342) - [test] loss: 0.0251 (+/-0.0236)
2019-07-20 06:50:08,496 INFO - logger - Iter 25900 - time: 21    - [train] loss: 0.0149 (+/-0.0107) - [valid] loss: 0.0255 (+/-0.0166) - [test] loss: 0.0471 (+/-0.05  )
2019-07-20 06:50:30,822 INFO - logger - Iter 26000 - time: 22    - [train] loss: 0.0291 (+/-0.0224) - [valid] loss: 0.0348 (+/-0.0434) - [test] loss: 0.0189 (+/-0.0106)
2019-07-20 06:50:53,109 INFO - logger - Iter 26100 - time: 22    - [train] loss: 0.0203 (+/-0.0104) - [valid] loss: 0.035  (+/-0.0124) - [test] loss: 0.0272 (+/-0.0187)
2019-07-20 06:51:14,633 INFO - logger - Iter 26200 - time: 21    - [train] loss: 0.0235 (+/-0.0121) - [valid] loss: 0.0232 (+/-0.0149) - [test] loss: 0.0339 (+/-0.0175)
2019-07-20 06:51:35,927 INFO - logger - Iter 26300 - time: 21    - [train] loss: 0.0259 (+/-0.0304) - [valid] loss: 0.0161 (+/-0.009 ) - [test] loss: 0.0147 (+/-0.0089)
2019-07-20 06:51:57,715 INFO - logger - Iter 26400 - time: 21    - [train] loss: 0.0151 (+/-0.012 ) - [valid] loss: 0.0515 (+/-0.0381) - [test] loss: 0.0204 (+/-0.0116)
2019-07-20 06:52:19,154 INFO - logger - Iter 26500 - time: 21    - [train] loss: 0.0189 (+/-0.0177) - [valid] loss: 0.019  (+/-0.007 ) - [test] loss: 0.0325 (+/-0.0265)
2019-07-20 06:52:41,398 INFO - logger - Iter 26600 - time: 22    - [train] loss: 0.018  (+/-0.0144) - [valid] loss: 0.0274 (+/-0.0272) - [test] loss: 0.0359 (+/-0.0476)
2019-07-20 06:53:02,974 INFO - logger - Iter 26700 - time: 21    - [train] loss: 0.0381 (+/-0.0339) - [valid] loss: 0.0121 (+/-0.0074) - [test] loss: 0.0119 (+/-0.0105)
2019-07-20 06:53:25,136 INFO - logger - Iter 26800 - time: 22    - [train] loss: 0.0602 (+/-0.0711) - [valid] loss: 0.132  (+/-0.2688) - [test] loss: 0.0081 (+/-0.004 )
2019-07-20 06:53:46,826 INFO - logger - Iter 26900 - time: 21    - [train] loss: 0.0417 (+/-0.0319) - [valid] loss: 0.0556 (+/-0.0496) - [test] loss: 0.0408 (+/-0.0191)
2019-07-20 06:54:08,664 INFO - logger - Iter 27000 - time: 21    - [train] loss: 0.0441 (+/-0.0486) - [valid] loss: 0.0185 (+/-0.0131) - [test] loss: 0.0417 (+/-0.0255)
2019-07-20 06:54:30,583 INFO - logger - Iter 27100 - time: 21    - [train] loss: 0.0119 (+/-0.0057) - [valid] loss: 0.028  (+/-0.0333) - [test] loss: 0.0143 (+/-0.0088)
2019-07-20 06:54:53,081 INFO - logger - Iter 27200 - time: 22    - [train] loss: 0.0214 (+/-0.011 ) - [valid] loss: 0.0135 (+/-0.0053) - [test] loss: 0.0151 (+/-0.0047)
2019-07-20 06:55:14,882 INFO - logger - Iter 27300 - time: 21    - [train] loss: 0.053  (+/-0.0526) - [valid] loss: 0.0136 (+/-0.0078) - [test] loss: 0.0435 (+/-0.0402)
2019-07-20 06:55:36,730 INFO - logger - Iter 27400 - time: 21    - [train] loss: 0.0202 (+/-0.0155) - [valid] loss: 0.0313 (+/-0.0368) - [test] loss: 0.0317 (+/-0.0403)
2019-07-20 06:55:58,482 INFO - logger - Iter 27500 - time: 21    - [train] loss: 0.0192 (+/-0.0104) - [valid] loss: 0.036  (+/-0.0327) - [test] loss: 0.0411 (+/-0.0292)
2019-07-20 06:56:20,551 INFO - logger - Iter 27600 - time: 22    - [train] loss: 0.0182 (+/-0.0083) - [valid] loss: 0.0204 (+/-0.0175) - [test] loss: 0.0628 (+/-0.0651)
2019-07-20 06:56:43,184 INFO - logger - Iter 27700 - time: 22    - [train] loss: 0.0136 (+/-0.0123) - [valid] loss: 0.0144 (+/-0.0109) - [test] loss: 0.0191 (+/-0.0119)
2019-07-20 06:57:04,591 INFO - logger - Iter 27800 - time: 21    - [train] loss: 0.024  (+/-0.026 ) - [valid] loss: 0.053  (+/-0.0439) - [test] loss: 0.0228 (+/-0.0285)
2019-07-20 06:57:26,477 INFO - logger - Iter 27900 - time: 21    - [train] loss: 0.021  (+/-0.0262) - [valid] loss: 0.0235 (+/-0.0172) - [test] loss: 0.0856 (+/-0.1323)
2019-07-20 06:57:48,510 INFO - logger - Iter 28000 - time: 22    - [train] loss: 0.0305 (+/-0.0266) - [valid] loss: 0.0258 (+/-0.0138) - [test] loss: 0.0399 (+/-0.0561)
2019-07-20 06:58:10,149 INFO - logger - Iter 28100 - time: 21    - [train] loss: 0.0441 (+/-0.0485) - [valid] loss: 0.0377 (+/-0.0391) - [test] loss: 0.1    (+/-0.126 )
2019-07-20 06:58:31,728 INFO - logger - Iter 28200 - time: 21    - [train] loss: 0.0239 (+/-0.0174) - [valid] loss: 0.0754 (+/-0.1205) - [test] loss: 0.0654 (+/-0.1034)
2019-07-20 06:58:53,454 INFO - logger - Iter 28300 - time: 21    - [train] loss: 0.0205 (+/-0.0253) - [valid] loss: 0.019  (+/-0.0087) - [test] loss: 0.0184 (+/-0.0125)
2019-07-20 06:59:15,710 INFO - logger - Iter 28400 - time: 22    - [train] loss: 0.0531 (+/-0.0631) - [valid] loss: 0.0343 (+/-0.0395) - [test] loss: 0.0208 (+/-0.0222)
2019-07-20 06:59:38,319 INFO - logger - Iter 28500 - time: 22    - [train] loss: 0.0306 (+/-0.0233) - [valid] loss: 0.0702 (+/-0.1304) - [test] loss: 0.018  (+/-0.0177)
2019-07-20 06:59:59,715 INFO - logger - Iter 28600 - time: 21    - [train] loss: 0.0191 (+/-0.0121) - [valid] loss: 0.0315 (+/-0.0278) - [test] loss: 0.0357 (+/-0.0319)
2019-07-20 07:00:21,475 INFO - logger - Iter 28700 - time: 21    - [train] loss: 0.0341 (+/-0.0349) - [valid] loss: 0.024  (+/-0.0312) - [test] loss: 0.032  (+/-0.0446)
2019-07-20 07:00:42,890 INFO - logger - Iter 28800 - time: 21    - [train] loss: 0.0571 (+/-0.0585) - [valid] loss: 0.0281 (+/-0.018 ) - [test] loss: 0.073  (+/-0.0356)
2019-07-20 07:01:04,746 INFO - logger - Iter 28900 - time: 21    - [train] loss: 0.0172 (+/-0.0128) - [valid] loss: 0.0191 (+/-0.0156) - [test] loss: 0.0253 (+/-0.014 )
2019-07-20 07:01:27,184 INFO - logger - Iter 29000 - time: 22    - [train] loss: 0.0522 (+/-0.0583) - [valid] loss: 0.0542 (+/-0.0849) - [test] loss: 0.0127 (+/-0.007 )
2019-07-20 07:01:48,549 INFO - logger - Iter 29100 - time: 21    - [train] loss: 0.0795 (+/-0.1295) - [valid] loss: 0.0384 (+/-0.0557) - [test] loss: 0.019  (+/-0.0152)
2019-07-20 07:02:09,886 INFO - logger - Iter 29200 - time: 21    - [train] loss: 0.0232 (+/-0.014 ) - [valid] loss: 0.0538 (+/-0.0653) - [test] loss: 0.0293 (+/-0.0384)
2019-07-20 07:02:32,398 INFO - logger - Iter 29300 - time: 22    - [train] loss: 0.027  (+/-0.0231) - [valid] loss: 0.0075 (+/-0.0036) - [test] loss: 0.0312 (+/-0.0467)
2019-07-20 07:02:54,795 INFO - logger - Iter 29400 - time: 22    - [train] loss: 0.0162 (+/-0.0103) - [valid] loss: 0.1209 (+/-0.1697) - [test] loss: 0.0148 (+/-0.0083)
2019-07-20 07:03:16,464 INFO - logger - Iter 29500 - time: 21    - [train] loss: 0.0177 (+/-0.0102) - [valid] loss: 0.0153 (+/-0.0081) - [test] loss: 0.0184 (+/-0.0094)
2019-07-20 07:03:38,079 INFO - logger - Iter 29600 - time: 21    - [train] loss: 0.0136 (+/-0.0078) - [valid] loss: 0.0142 (+/-0.0067) - [test] loss: 0.0092 (+/-0.0035)
2019-07-20 07:04:00,161 INFO - logger - Iter 29700 - time: 22    - [train] loss: 0.0139 (+/-0.0067) - [valid] loss: 0.0766 (+/-0.0753) - [test] loss: 0.0469 (+/-0.0294)
2019-07-20 07:04:22,043 INFO - logger - Iter 29800 - time: 21    - [train] loss: 0.0822 (+/-0.1286) - [valid] loss: 0.0332 (+/-0.0181) - [test] loss: 0.0217 (+/-0.0169)
2019-07-20 07:04:42,942 INFO - logger - Iter 29900 - time: 20    - [train] loss: 0.024  (+/-0.0121) - [valid] loss: 0.0263 (+/-0.0229) - [test] loss: 0.0135 (+/-0.0123)
2019-07-20 07:05:03,464 INFO - logger - Iter 30000 - time: 20    - [train] loss: 0.0786 (+/-0.1345) - [valid] loss: 0.0133 (+/-0.0076) - [test] loss: 0.0139 (+/-0.0066)
2019-07-20 07:05:25,702 INFO - logger - Iter 30100 - time: 22    - [train] loss: 0.0144 (+/-0.0074) - [valid] loss: 0.0326 (+/-0.0391) - [test] loss: 0.0249 (+/-0.0251)
2019-07-20 07:05:47,295 INFO - logger - Iter 30200 - time: 21    - [train] loss: 0.0178 (+/-0.0102) - [valid] loss: 0.0377 (+/-0.0247) - [test] loss: 0.0265 (+/-0.023 )
2019-07-20 07:06:08,911 INFO - logger - Iter 30300 - time: 21    - [train] loss: 0.0421 (+/-0.0419) - [valid] loss: 0.0287 (+/-0.0266) - [test] loss: 0.0189 (+/-0.0174)
2019-07-20 07:06:30,350 INFO - logger - Iter 30400 - time: 21    - [train] loss: 0.0127 (+/-0.0063) - [valid] loss: 0.0136 (+/-0.0056) - [test] loss: 0.0128 (+/-0.0106)
2019-07-20 07:06:52,414 INFO - logger - Iter 30500 - time: 22    - [train] loss: 0.0583 (+/-0.0537) - [valid] loss: 0.0324 (+/-0.0352) - [test] loss: 0.0293 (+/-0.026 )
2019-07-20 07:07:14,943 INFO - logger - Iter 30600 - time: 22    - [train] loss: 0.0186 (+/-0.0109) - [valid] loss: 0.0224 (+/-0.0274) - [test] loss: 0.035  (+/-0.0256)
2019-07-20 07:07:36,885 INFO - logger - Iter 30700 - time: 21    - [train] loss: 0.0157 (+/-0.0099) - [valid] loss: 0.0198 (+/-0.018 ) - [test] loss: 0.015  (+/-0.0073)
2019-07-20 07:07:58,730 INFO - logger - Iter 30800 - time: 21    - [train] loss: 0.0335 (+/-0.0373) - [valid] loss: 0.0347 (+/-0.0328) - [test] loss: 0.0242 (+/-0.0298)
2019-07-20 07:08:20,936 INFO - logger - Iter 30900 - time: 22    - [train] loss: 0.01   (+/-0.0082) - [valid] loss: 0.0436 (+/-0.0422) - [test] loss: 0.0156 (+/-0.0101)
2019-07-20 07:08:43,319 INFO - logger - Iter 31000 - time: 22    - [train] loss: 0.0317 (+/-0.0383) - [valid] loss: 0.0126 (+/-0.0049) - [test] loss: 0.0332 (+/-0.0297)
2019-07-20 07:09:04,730 INFO - logger - Iter 31100 - time: 21    - [train] loss: 0.036  (+/-0.0454) - [valid] loss: 0.0203 (+/-0.0145) - [test] loss: 0.0617 (+/-0.0345)
2019-07-20 07:09:26,765 INFO - logger - Iter 31200 - time: 22    - [train] loss: 0.0364 (+/-0.0438) - [valid] loss: 0.0145 (+/-0.0061) - [test] loss: 0.0368 (+/-0.0311)
2019-07-20 07:09:48,673 INFO - logger - Iter 31300 - time: 21    - [train] loss: 0.0266 (+/-0.0257) - [valid] loss: 0.0147 (+/-0.01  ) - [test] loss: 0.0242 (+/-0.0186)
2019-07-20 07:10:10,453 INFO - logger - Iter 31400 - time: 21    - [train] loss: 0.0314 (+/-0.0158) - [valid] loss: 0.0922 (+/-0.1186) - [test] loss: 0.0147 (+/-0.0165)
2019-07-20 07:10:32,460 INFO - logger - Iter 31500 - time: 22    - [train] loss: 0.011  (+/-0.006 ) - [valid] loss: 0.0236 (+/-0.023 ) - [test] loss: 0.0154 (+/-0.0117)
2019-07-20 07:10:54,982 INFO - logger - Iter 31600 - time: 22    - [train] loss: 0.0458 (+/-0.0456) - [valid] loss: 0.0364 (+/-0.0554) - [test] loss: 0.0204 (+/-0.0103)
2019-07-20 07:11:17,046 INFO - logger - Iter 31700 - time: 22    - [train] loss: 0.0402 (+/-0.0503) - [valid] loss: 0.0328 (+/-0.0256) - [test] loss: 0.0193 (+/-0.0097)
2019-07-20 07:11:37,776 INFO - logger - Iter 31800 - time: 20    - [train] loss: 0.0175 (+/-0.0098) - [valid] loss: 0.017  (+/-0.0084) - [test] loss: 0.0213 (+/-0.0117)
2019-07-20 07:11:59,406 INFO - logger - Iter 31900 - time: 21    - [train] loss: 0.0107 (+/-0.0056) - [valid] loss: 0.0174 (+/-0.0124) - [test] loss: 0.0323 (+/-0.0226)
2019-07-20 07:12:21,450 INFO - logger - Iter 32000 - time: 22    - [train] loss: 0.0313 (+/-0.0339) - [valid] loss: 0.1415 (+/-0.2057) - [test] loss: 0.0333 (+/-0.0245)
2019-07-20 07:12:43,800 INFO - logger - Iter 32100 - time: 22    - [train] loss: 0.0177 (+/-0.0154) - [valid] loss: 0.0588 (+/-0.0714) - [test] loss: 0.0213 (+/-0.0193)
2019-07-20 07:13:04,457 INFO - logger - Iter 32200 - time: 20    - [train] loss: 0.016  (+/-0.0129) - [valid] loss: 0.0308 (+/-0.0391) - [test] loss: 0.0171 (+/-0.0087)
2019-07-20 07:13:25,584 INFO - logger - Iter 32300 - time: 21    - [train] loss: 0.0129 (+/-0.0051) - [valid] loss: 0.0136 (+/-0.0088) - [test] loss: 0.0138 (+/-0.0054)
2019-07-20 07:13:47,469 INFO - logger - Iter 32400 - time: 21    - [train] loss: 0.043  (+/-0.0578) - [valid] loss: 0.0928 (+/-0.1581) - [test] loss: 0.0296 (+/-0.0199)
2019-07-20 07:14:08,918 INFO - logger - Iter 32500 - time: 21    - [train] loss: 0.0121 (+/-0.0094) - [valid] loss: 0.0298 (+/-0.0477) - [test] loss: 0.0282 (+/-0.0266)
2019-07-20 07:14:30,256 INFO - logger - Iter 32600 - time: 21    - [train] loss: 0.0178 (+/-0.0149) - [valid] loss: 0.0279 (+/-0.0275) - [test] loss: 0.1026 (+/-0.1213)
2019-07-20 07:14:52,647 INFO - logger - Iter 32700 - time: 22    - [train] loss: 0.0356 (+/-0.0415) - [valid] loss: 0.0286 (+/-0.0235) - [test] loss: 0.1121 (+/-0.1605)
2019-07-20 07:15:12,929 INFO - logger - Iter 32800 - time: 20    - [train] loss: 0.0305 (+/-0.034 ) - [valid] loss: 0.0446 (+/-0.025 ) - [test] loss: 0.0178 (+/-0.0119)
2019-07-20 07:15:34,201 INFO - logger - Iter 32900 - time: 21    - [train] loss: 0.0597 (+/-0.097 ) - [valid] loss: 0.0135 (+/-0.0073) - [test] loss: 0.018  (+/-0.0096)
2019-07-20 07:15:55,513 INFO - logger - Iter 33000 - time: 21    - [train] loss: 0.0248 (+/-0.022 ) - [valid] loss: 0.0167 (+/-0.0079) - [test] loss: 0.0301 (+/-0.0262)
2019-07-20 07:16:16,831 INFO - logger - Iter 33100 - time: 21    - [train] loss: 0.0146 (+/-0.009 ) - [valid] loss: 0.0418 (+/-0.0781) - [test] loss: 0.0902 (+/-0.0758)
2019-07-20 07:16:38,108 INFO - logger - Iter 33200 - time: 21    - [train] loss: 0.0251 (+/-0.0182) - [valid] loss: 0.0225 (+/-0.0295) - [test] loss: 0.0202 (+/-0.0247)
2019-07-20 07:16:59,940 INFO - logger - Iter 33300 - time: 21    - [train] loss: 0.0285 (+/-0.0389) - [valid] loss: 0.0164 (+/-0.0136) - [test] loss: 0.0471 (+/-0.0524)
2019-07-20 07:17:22,039 INFO - logger - Iter 33400 - time: 22    - [train] loss: 0.021  (+/-0.0146) - [valid] loss: 0.0445 (+/-0.0283) - [test] loss: 0.0358 (+/-0.0211)
2019-07-20 07:17:42,713 INFO - logger - Iter 33500 - time: 20    - [train] loss: 0.0181 (+/-0.0102) - [valid] loss: 0.0118 (+/-0.0056) - [test] loss: 0.0236 (+/-0.0243)
2019-07-20 07:18:03,686 INFO - logger - Iter 33600 - time: 20    - [train] loss: 0.0353 (+/-0.0251) - [valid] loss: 0.0298 (+/-0.0292) - [test] loss: 0.0226 (+/-0.0215)
2019-07-20 07:18:24,337 INFO - logger - Iter 33700 - time: 20    - [train] loss: 0.0215 (+/-0.0151) - [valid] loss: 0.0522 (+/-0.0425) - [test] loss: 0.0127 (+/-0.0072)
2019-07-20 07:18:45,475 INFO - logger - Iter 33800 - time: 21    - [train] loss: 0.0211 (+/-0.0119) - [valid] loss: 0.0183 (+/-0.0147) - [test] loss: 0.0139 (+/-0.0083)
2019-07-20 07:19:07,777 INFO - logger - Iter 33900 - time: 22    - [train] loss: 0.0611 (+/-0.1002) - [valid] loss: 0.0263 (+/-0.0195) - [test] loss: 0.0215 (+/-0.0157)
2019-07-20 07:19:28,347 INFO - logger - Iter 34000 - time: 20    - [train] loss: 0.023  (+/-0.0141) - [valid] loss: 0.0216 (+/-0.0157) - [test] loss: 0.0971 (+/-0.1349)
2019-07-20 07:19:50,454 INFO - logger - Iter 34100 - time: 22    - [train] loss: 0.0381 (+/-0.0417) - [valid] loss: 0.0388 (+/-0.0321) - [test] loss: 0.0226 (+/-0.0123)
2019-07-20 07:20:12,184 INFO - logger - Iter 34200 - time: 21    - [train] loss: 0.0119 (+/-0.0054) - [valid] loss: 0.012  (+/-0.0044) - [test] loss: 0.0413 (+/-0.0549)
2019-07-20 07:20:33,644 INFO - logger - Iter 34300 - time: 21    - [train] loss: 0.0385 (+/-0.0339) - [valid] loss: 0.0311 (+/-0.0246) - [test] loss: 0.2015 (+/-0.2746)
2019-07-20 07:20:54,492 INFO - logger - Iter 34400 - time: 20    - [train] loss: 0.0198 (+/-0.017 ) - [valid] loss: 0.0131 (+/-0.0071) - [test] loss: 0.0185 (+/-0.0171)
2019-07-20 07:21:16,229 INFO - logger - Iter 34500 - time: 21    - [train] loss: 0.025  (+/-0.0238) - [valid] loss: 0.0133 (+/-0.004 ) - [test] loss: 0.0176 (+/-0.0142)
2019-07-20 07:21:37,732 INFO - logger - Iter 34600 - time: 21    - [train] loss: 0.0154 (+/-0.0062) - [valid] loss: 0.0165 (+/-0.0128) - [test] loss: 0.0298 (+/-0.0178)
2019-07-20 07:21:59,875 INFO - logger - Iter 34700 - time: 22    - [train] loss: 0.0301 (+/-0.0284) - [valid] loss: 0.2242 (+/-0.4749) - [test] loss: 0.0482 (+/-0.0513)
2019-07-20 07:22:21,256 INFO - logger - Iter 34800 - time: 21    - [train] loss: 0.0319 (+/-0.0191) - [valid] loss: 0.0214 (+/-0.0087) - [test] loss: 0.0264 (+/-0.0261)
2019-07-20 07:22:43,366 INFO - logger - Iter 34900 - time: 22    - [train] loss: 0.0248 (+/-0.016 ) - [valid] loss: 0.0766 (+/-0.0696) - [test] loss: 0.0309 (+/-0.0228)
2019-07-20 07:23:04,593 INFO - logger - Iter 35000 - time: 21    - [train] loss: 0.0634 (+/-0.0767) - [valid] loss: 0.0639 (+/-0.0962) - [test] loss: 0.0174 (+/-0.0084)
2019-07-20 07:23:25,990 INFO - logger - Iter 35100 - time: 21    - [train] loss: 0.0236 (+/-0.018 ) - [valid] loss: 0.0202 (+/-0.0287) - [test] loss: 0.0254 (+/-0.0279)
2019-07-20 07:23:47,529 INFO - logger - Iter 35200 - time: 21    - [train] loss: 0.0308 (+/-0.0191) - [valid] loss: 0.041  (+/-0.0384) - [test] loss: 0.0331 (+/-0.0166)
2019-07-20 07:24:08,688 INFO - logger - Iter 35300 - time: 21    - [train] loss: 0.0483 (+/-0.0267) - [valid] loss: 0.0128 (+/-0.0042) - [test] loss: 0.0238 (+/-0.0158)
2019-07-20 07:24:29,848 INFO - logger - Iter 35400 - time: 21    - [train] loss: 0.0264 (+/-0.0169) - [valid] loss: 0.0208 (+/-0.0105) - [test] loss: 0.0234 (+/-0.0207)
2019-07-20 07:24:51,039 INFO - logger - Iter 35500 - time: 21    - [train] loss: 0.0187 (+/-0.0091) - [valid] loss: 0.0438 (+/-0.0394) - [test] loss: 0.034  (+/-0.0294)
2019-07-20 07:25:12,380 INFO - logger - Iter 35600 - time: 21    - [train] loss: 0.0167 (+/-0.0098) - [valid] loss: 0.0458 (+/-0.0738) - [test] loss: 0.0088 (+/-0.0035)
2019-07-20 07:25:32,542 INFO - logger - Iter 35700 - time: 20    - [train] loss: 0.0213 (+/-0.0221) - [valid] loss: 0.0177 (+/-0.018 ) - [test] loss: 0.0392 (+/-0.0493)
2019-07-20 07:25:53,879 INFO - logger - Iter 35800 - time: 21    - [train] loss: 0.0405 (+/-0.0334) - [valid] loss: 0.0224 (+/-0.017 ) - [test] loss: 0.0379 (+/-0.0406)
2019-07-20 07:26:15,679 INFO - logger - Iter 35900 - time: 21    - [train] loss: 0.0501 (+/-0.0651) - [valid] loss: 0.017  (+/-0.0065) - [test] loss: 0.0482 (+/-0.0619)
2019-07-20 07:26:36,509 INFO - logger - Iter 36000 - time: 20    - [train] loss: 0.0601 (+/-0.0583) - [valid] loss: 0.0171 (+/-0.0096) - [test] loss: 0.0117 (+/-0.0092)
2019-07-20 07:26:57,444 INFO - logger - Iter 36100 - time: 20    - [train] loss: 0.0413 (+/-0.0411) - [valid] loss: 0.018  (+/-0.0131) - [test] loss: 0.0062 (+/-0.0022)
2019-07-20 07:27:18,065 INFO - logger - Iter 36200 - time: 20    - [train] loss: 0.0181 (+/-0.0158) - [valid] loss: 0.0079 (+/-0.0044) - [test] loss: 0.0369 (+/-0.0364)
2019-07-20 07:27:39,782 INFO - logger - Iter 36300 - time: 21    - [train] loss: 0.0352 (+/-0.0259) - [valid] loss: 0.0247 (+/-0.0284) - [test] loss: 0.0146 (+/-0.007 )
2019-07-20 07:28:00,925 INFO - logger - Iter 36400 - time: 21    - [train] loss: 0.0214 (+/-0.0176) - [valid] loss: 0.0457 (+/-0.0364) - [test] loss: 0.0367 (+/-0.0283)
2019-07-20 07:28:21,245 INFO - logger - Iter 36500 - time: 20    - [train] loss: 0.0121 (+/-0.0084) - [valid] loss: 0.0309 (+/-0.0221) - [test] loss: 0.0184 (+/-0.0097)
2019-07-20 07:28:43,303 INFO - logger - Iter 36600 - time: 22    - [train] loss: 0.021  (+/-0.0147) - [valid] loss: 0.03   (+/-0.0402) - [test] loss: 0.0176 (+/-0.0077)
2019-07-20 07:29:04,752 INFO - logger - Iter 36700 - time: 21    - [train] loss: 0.0296 (+/-0.0241) - [valid] loss: 0.0115 (+/-0.0069) - [test] loss: 0.0186 (+/-0.0183)
2019-07-20 07:29:26,269 INFO - logger - Iter 36800 - time: 21    - [train] loss: 0.0407 (+/-0.0314) - [valid] loss: 0.0328 (+/-0.056 ) - [test] loss: 0.0357 (+/-0.0267)
2019-07-20 07:29:46,381 INFO - logger - Iter 36900 - time: 20    - [train] loss: 0.0263 (+/-0.0283) - [valid] loss: 0.0275 (+/-0.0352) - [test] loss: 0.0167 (+/-0.0157)
2019-07-20 07:30:07,801 INFO - logger - Iter 37000 - time: 21    - [train] loss: 0.0366 (+/-0.045 ) - [valid] loss: 0.1034 (+/-0.1496) - [test] loss: 0.0565 (+/-0.071 )
2019-07-20 07:30:29,146 INFO - logger - Iter 37100 - time: 21    - [train] loss: 0.0365 (+/-0.0196) - [valid] loss: 0.028  (+/-0.0142) - [test] loss: 0.0916 (+/-0.118 )
2019-07-20 07:30:50,344 INFO - logger - Iter 37200 - time: 21    - [train] loss: 0.015  (+/-0.0064) - [valid] loss: 0.0293 (+/-0.0182) - [test] loss: 0.017  (+/-0.0074)
2019-07-20 07:31:12,170 INFO - logger - Iter 37300 - time: 21    - [train] loss: 0.0205 (+/-0.0107) - [valid] loss: 0.0175 (+/-0.0103) - [test] loss: 0.0382 (+/-0.0398)
2019-07-20 07:31:33,035 INFO - logger - Iter 37400 - time: 20    - [train] loss: 0.0712 (+/-0.0576) - [valid] loss: 0.0294 (+/-0.0186) - [test] loss: 0.0512 (+/-0.0416)
2019-07-20 07:31:53,880 INFO - logger - Iter 37500 - time: 20    - [train] loss: 0.0237 (+/-0.0214) - [valid] loss: 0.0425 (+/-0.049 ) - [test] loss: 0.0298 (+/-0.034 )
2019-07-20 07:32:15,213 INFO - logger - Iter 37600 - time: 21    - [train] loss: 0.0178 (+/-0.0131) - [valid] loss: 0.0274 (+/-0.0204) - [test] loss: 0.0141 (+/-0.0108)
2019-07-20 07:32:34,838 INFO - logger - Iter 37700 - time: 19    - [train] loss: 0.1213 (+/-0.2079) - [valid] loss: 0.0178 (+/-0.0115) - [test] loss: 0.0095 (+/-0.0081)
2019-07-20 07:32:56,975 INFO - logger - Iter 37800 - time: 22    - [train] loss: 0.0446 (+/-0.0434) - [valid] loss: 0.0249 (+/-0.0229) - [test] loss: 0.0166 (+/-0.0153)
2019-07-20 07:33:18,313 INFO - logger - Iter 37900 - time: 21    - [train] loss: 0.0255 (+/-0.017 ) - [valid] loss: 0.0172 (+/-0.0163) - [test] loss: 0.0318 (+/-0.0467)
2019-07-20 07:33:40,045 INFO - logger - Iter 38000 - time: 21    - [train] loss: 0.011  (+/-0.008 ) - [valid] loss: 0.0384 (+/-0.0444) - [test] loss: 0.0805 (+/-0.0978)
2019-07-20 07:34:00,965 INFO - logger - Iter 38100 - time: 20    - [train] loss: 0.0095 (+/-0.0048) - [valid] loss: 0.016  (+/-0.0188) - [test] loss: 0.0423 (+/-0.0561)
2019-07-20 07:34:22,410 INFO - logger - Iter 38200 - time: 21    - [train] loss: 0.032  (+/-0.0313) - [valid] loss: 0.0135 (+/-0.0057) - [test] loss: 0.0274 (+/-0.02  )
2019-07-20 07:34:43,596 INFO - logger - Iter 38300 - time: 21    - [train] loss: 0.0248 (+/-0.0306) - [valid] loss: 0.0132 (+/-0.0061) - [test] loss: 0.0228 (+/-0.0234)
2019-07-20 07:35:04,388 INFO - logger - Iter 38400 - time: 20    - [train] loss: 0.1104 (+/-0.13  ) - [valid] loss: 0.0115 (+/-0.0053) - [test] loss: 0.0267 (+/-0.0215)
2019-07-20 07:35:26,171 INFO - logger - Iter 38500 - time: 21    - [train] loss: 0.0507 (+/-0.0669) - [valid] loss: 0.0217 (+/-0.0167) - [test] loss: 0.0188 (+/-0.0128)
2019-07-20 07:35:48,351 INFO - logger - Iter 38600 - time: 22    - [train] loss: 0.0113 (+/-0.0049) - [valid] loss: 0.0166 (+/-0.0085) - [test] loss: 0.0388 (+/-0.0359)
2019-07-20 07:36:09,865 INFO - logger - Iter 38700 - time: 21    - [train] loss: 0.0272 (+/-0.024 ) - [valid] loss: 0.0447 (+/-0.0395) - [test] loss: 0.0098 (+/-0.0066)
2019-07-20 07:36:30,477 INFO - logger - Iter 38800 - time: 20    - [train] loss: 0.0275 (+/-0.0231) - [valid] loss: 0.037  (+/-0.0315) - [test] loss: 0.014  (+/-0.0088)
2019-07-20 07:36:52,273 INFO - logger - Iter 38900 - time: 21    - [train] loss: 0.0336 (+/-0.0455) - [valid] loss: 0.0577 (+/-0.0674) - [test] loss: 0.0515 (+/-0.0401)
2019-07-20 07:37:12,649 INFO - logger - Iter 39000 - time: 20    - [train] loss: 0.0888 (+/-0.0653) - [valid] loss: 0.0197 (+/-0.0131) - [test] loss: 0.0361 (+/-0.051 )
2019-07-20 07:37:34,318 INFO - logger - Iter 39100 - time: 21    - [train] loss: 0.0091 (+/-0.0052) - [valid] loss: 0.0205 (+/-0.0227) - [test] loss: 0.0541 (+/-0.0497)
2019-07-20 07:37:56,500 INFO - logger - Iter 39200 - time: 22    - [train] loss: 0.0243 (+/-0.0186) - [valid] loss: 0.053  (+/-0.0866) - [test] loss: 0.0276 (+/-0.019 )
2019-07-20 07:38:17,873 INFO - logger - Iter 39300 - time: 21    - [train] loss: 0.015  (+/-0.0044) - [valid] loss: 0.0366 (+/-0.033 ) - [test] loss: 0.0214 (+/-0.0256)
2019-07-20 07:38:38,124 INFO - logger - Iter 39400 - time: 20    - [train] loss: 0.0258 (+/-0.0208) - [valid] loss: 0.0282 (+/-0.0294) - [test] loss: 0.0436 (+/-0.0682)
2019-07-20 07:38:59,766 INFO - logger - Iter 39500 - time: 21    - [train] loss: 0.0236 (+/-0.0158) - [valid] loss: 0.0167 (+/-0.0142) - [test] loss: 0.0219 (+/-0.0204)
2019-07-20 07:39:20,707 INFO - logger - Iter 39600 - time: 20    - [train] loss: 0.0287 (+/-0.0423) - [valid] loss: 0.0078 (+/-0.0054) - [test] loss: 0.0146 (+/-0.011 )
2019-07-20 07:39:41,173 INFO - logger - Iter 39700 - time: 20    - [train] loss: 0.018  (+/-0.0168) - [valid] loss: 0.0344 (+/-0.031 ) - [test] loss: 0.0247 (+/-0.0142)
2019-07-20 07:40:02,128 INFO - logger - Iter 39800 - time: 20    - [train] loss: 0.0158 (+/-0.0123) - [valid] loss: 0.0199 (+/-0.0201) - [test] loss: 0.0616 (+/-0.0578)
2019-07-20 07:40:25,333 INFO - logger - Iter 39900 - time: 23    - [train] loss: 0.0405 (+/-0.0285) - [valid] loss: 0.0215 (+/-0.0131) - [test] loss: 0.038  (+/-0.025 )
2019-07-20 07:40:45,552 INFO - logger - Iter 40000 - time: 20    - [train] loss: 0.0254 (+/-0.0171) - [valid] loss: 0.0241 (+/-0.0187) - [test] loss: 0.0365 (+/-0.0365)
2019-07-20 07:41:06,667 INFO - logger - Iter 40100 - time: 21    - [train] loss: 0.0173 (+/-0.0138) - [valid] loss: 0.0143 (+/-0.0081) - [test] loss: 0.024  (+/-0.016 )
2019-07-20 07:41:28,181 INFO - logger - Iter 40200 - time: 21    - [train] loss: 0.0201 (+/-0.0109) - [valid] loss: 0.0237 (+/-0.0108) - [test] loss: 0.0381 (+/-0.0319)
2019-07-20 07:41:48,511 INFO - logger - Iter 40300 - time: 20    - [train] loss: 0.0205 (+/-0.014 ) - [valid] loss: 0.0152 (+/-0.0088) - [test] loss: 0.0436 (+/-0.045 )
2019-07-20 07:42:09,154 INFO - logger - Iter 40400 - time: 20    - [train] loss: 0.0167 (+/-0.0142) - [valid] loss: 0.0131 (+/-0.0089) - [test] loss: 0.0126 (+/-0.0079)
2019-07-20 07:42:30,621 INFO - logger - Iter 40500 - time: 21    - [train] loss: 0.0261 (+/-0.0177) - [valid] loss: 0.0375 (+/-0.0269) - [test] loss: 0.0332 (+/-0.0264)
2019-07-20 07:42:51,960 INFO - logger - Iter 40600 - time: 21    - [train] loss: 0.052  (+/-0.0898) - [valid] loss: 0.0463 (+/-0.038 ) - [test] loss: 0.0131 (+/-0.0065)
2019-07-20 07:43:13,121 INFO - logger - Iter 40700 - time: 21    - [train] loss: 0.0435 (+/-0.0445) - [valid] loss: 0.1536 (+/-0.2094) - [test] loss: 0.0186 (+/-0.0182)
2019-07-20 07:43:34,295 INFO - logger - Iter 40800 - time: 21    - [train] loss: 0.0428 (+/-0.0474) - [valid] loss: 0.0125 (+/-0.008 ) - [test] loss: 0.0645 (+/-0.086 )
2019-07-20 07:43:55,372 INFO - logger - Iter 40900 - time: 21    - [train] loss: 0.0853 (+/-0.1225) - [valid] loss: 0.0155 (+/-0.0084) - [test] loss: 0.0617 (+/-0.0566)
2019-07-20 07:44:16,336 INFO - logger - Iter 41000 - time: 20    - [train] loss: 0.0242 (+/-0.0167) - [valid] loss: 0.0276 (+/-0.0116) - [test] loss: 0.0207 (+/-0.0219)
2019-07-20 07:44:38,180 INFO - logger - Iter 41100 - time: 21    - [train] loss: 0.0233 (+/-0.0252) - [valid] loss: 0.0215 (+/-0.0201) - [test] loss: 0.1131 (+/-0.2021)
2019-07-20 07:45:00,230 INFO - logger - Iter 41200 - time: 22    - [train] loss: 0.0371 (+/-0.0249) - [valid] loss: 0.0257 (+/-0.012 ) - [test] loss: 0.0222 (+/-0.0103)
2019-07-20 07:45:20,991 INFO - logger - Iter 41300 - time: 20    - [train] loss: 0.0147 (+/-0.0133) - [valid] loss: 0.0127 (+/-0.0127) - [test] loss: 0.0275 (+/-0.0156)
2019-07-20 07:45:42,394 INFO - logger - Iter 41400 - time: 21    - [train] loss: 0.0299 (+/-0.0324) - [valid] loss: 0.0104 (+/-0.0069) - [test] loss: 0.0568 (+/-0.0636)
2019-07-20 07:46:03,219 INFO - logger - Iter 41500 - time: 20    - [train] loss: 0.0197 (+/-0.0158) - [valid] loss: 0.0384 (+/-0.0569) - [test] loss: 0.0364 (+/-0.0377)
2019-07-20 07:46:24,279 INFO - logger - Iter 41600 - time: 21    - [train] loss: 0.0135 (+/-0.0067) - [valid] loss: 0.0317 (+/-0.0319) - [test] loss: 0.0184 (+/-0.0127)
2019-07-20 07:46:44,764 INFO - logger - Iter 41700 - time: 20    - [train] loss: 0.0272 (+/-0.0172) - [valid] loss: 0.0442 (+/-0.0471) - [test] loss: 0.0239 (+/-0.0217)
2019-07-20 07:47:06,078 INFO - logger - Iter 41800 - time: 21    - [train] loss: 0.0481 (+/-0.0803) - [valid] loss: 0.0853 (+/-0.1295) - [test] loss: 0.0187 (+/-0.0119)
2019-07-20 07:47:26,972 INFO - logger - Iter 41900 - time: 20    - [train] loss: 0.0112 (+/-0.0073) - [valid] loss: 0.0273 (+/-0.021 ) - [test] loss: 0.0171 (+/-0.0134)
2019-07-20 07:47:48,055 INFO - logger - Iter 42000 - time: 21    - [train] loss: 0.0093 (+/-0.0036) - [valid] loss: 0.0131 (+/-0.0064) - [test] loss: 0.0212 (+/-0.0207)
2019-07-20 07:48:09,382 INFO - logger - Iter 42100 - time: 21    - [train] loss: 0.0372 (+/-0.0211) - [valid] loss: 0.0309 (+/-0.0296) - [test] loss: 0.0549 (+/-0.0801)
2019-07-20 07:48:29,637 INFO - logger - Iter 42200 - time: 20    - [train] loss: 0.0486 (+/-0.0362) - [valid] loss: 0.0152 (+/-0.0138) - [test] loss: 0.0389 (+/-0.0301)
2019-07-20 07:48:51,063 INFO - logger - Iter 42300 - time: 21    - [train] loss: 0.0239 (+/-0.0297) - [valid] loss: 0.0233 (+/-0.028 ) - [test] loss: 0.0351 (+/-0.0369)
2019-07-20 07:49:12,273 INFO - logger - Iter 42400 - time: 21    - [train] loss: 0.0189 (+/-0.0126) - [valid] loss: 0.0214 (+/-0.0187) - [test] loss: 0.0483 (+/-0.0552)
2019-07-20 07:49:32,837 INFO - logger - Iter 42500 - time: 20    - [train] loss: 0.0236 (+/-0.0208) - [valid] loss: 0.0281 (+/-0.0407) - [test] loss: 0.0166 (+/-0.009 )
2019-07-20 07:49:53,496 INFO - logger - Iter 42600 - time: 20    - [train] loss: 0.0168 (+/-0.0151) - [valid] loss: 0.0147 (+/-0.0099) - [test] loss: 0.0196 (+/-0.0199)
2019-07-20 07:50:14,983 INFO - logger - Iter 42700 - time: 21    - [train] loss: 0.0305 (+/-0.0439) - [valid] loss: 0.0121 (+/-0.0069) - [test] loss: 0.0149 (+/-0.0122)
2019-07-20 07:50:36,086 INFO - logger - Iter 42800 - time: 21    - [train] loss: 0.0208 (+/-0.0137) - [valid] loss: 0.041  (+/-0.0468) - [test] loss: 0.0456 (+/-0.0487)
2019-07-20 07:50:56,466 INFO - logger - Iter 42900 - time: 20    - [train] loss: 0.0178 (+/-0.0074) - [valid] loss: 0.0162 (+/-0.0148) - [test] loss: 0.0122 (+/-0.006 )
2019-07-20 07:51:18,149 INFO - logger - Iter 43000 - time: 21    - [train] loss: 0.0159 (+/-0.013 ) - [valid] loss: 0.0152 (+/-0.0179) - [test] loss: 0.062  (+/-0.0571)
2019-07-20 07:51:38,543 INFO - logger - Iter 43100 - time: 20    - [train] loss: 0.082  (+/-0.0583) - [valid] loss: 0.0312 (+/-0.0496) - [test] loss: 0.0131 (+/-0.005 )
2019-07-20 07:51:59,759 INFO - logger - Iter 43200 - time: 21    - [train] loss: 0.0171 (+/-0.0093) - [valid] loss: 0.0186 (+/-0.0118) - [test] loss: 0.0259 (+/-0.0376)
2019-07-20 07:52:20,580 INFO - logger - Iter 43300 - time: 20    - [train] loss: 0.0453 (+/-0.0316) - [valid] loss: 0.0543 (+/-0.0926) - [test] loss: 0.0183 (+/-0.0165)
2019-07-20 07:52:41,901 INFO - logger - Iter 43400 - time: 21    - [train] loss: 0.0306 (+/-0.0306) - [valid] loss: 0.0235 (+/-0.0127) - [test] loss: 0.0139 (+/-0.0078)
2019-07-20 07:53:02,780 INFO - logger - Iter 43500 - time: 20    - [train] loss: 0.0148 (+/-0.0084) - [valid] loss: 0.0207 (+/-0.0204) - [test] loss: 0.0125 (+/-0.0104)
2019-07-20 07:53:23,829 INFO - logger - Iter 43600 - time: 21    - [train] loss: 0.0335 (+/-0.028 ) - [valid] loss: 0.0496 (+/-0.0512) - [test] loss: 0.0279 (+/-0.0218)
2019-07-20 07:53:44,853 INFO - logger - Iter 43700 - time: 21    - [train] loss: 0.0532 (+/-0.0817) - [valid] loss: 0.0166 (+/-0.0136) - [test] loss: 0.0733 (+/-0.1184)
2019-07-20 07:54:06,002 INFO - logger - Iter 43800 - time: 21    - [train] loss: 0.0132 (+/-0.0096) - [valid] loss: 0.0074 (+/-0.0042) - [test] loss: 0.0117 (+/-0.0066)
2019-07-20 07:54:26,978 INFO - logger - Iter 43900 - time: 20    - [train] loss: 0.0616 (+/-0.1161) - [valid] loss: 0.0164 (+/-0.0136) - [test] loss: 0.0142 (+/-0.0084)
2019-07-20 07:54:48,181 INFO - logger - Iter 44000 - time: 21    - [train] loss: 0.019  (+/-0.0109) - [valid] loss: 0.0358 (+/-0.0387) - [test] loss: 0.0113 (+/-0.0079)
2019-07-20 07:55:08,590 INFO - logger - Iter 44100 - time: 20    - [train] loss: 0.0323 (+/-0.0374) - [valid] loss: 0.0667 (+/-0.0668) - [test] loss: 0.0248 (+/-0.0239)
2019-07-20 07:55:29,605 INFO - logger - Iter 44200 - time: 21    - [train] loss: 0.0713 (+/-0.053 ) - [valid] loss: 0.0094 (+/-0.0057) - [test] loss: 0.025  (+/-0.0195)
2019-07-20 07:55:51,025 INFO - logger - Iter 44300 - time: 21    - [train] loss: 0.0254 (+/-0.0248) - [valid] loss: 0.0114 (+/-0.0075) - [test] loss: 0.0416 (+/-0.0392)
2019-07-20 07:56:11,914 INFO - logger - Iter 44400 - time: 20    - [train] loss: 0.0177 (+/-0.0084) - [valid] loss: 0.0197 (+/-0.0181) - [test] loss: 0.1003 (+/-0.1891)
2019-07-20 07:56:32,553 INFO - logger - Iter 44500 - time: 20    - [train] loss: 0.0354 (+/-0.0341) - [valid] loss: 0.0194 (+/-0.0102) - [test] loss: 0.0074 (+/-0.0036)
2019-07-20 07:56:53,661 INFO - logger - Iter 44600 - time: 21    - [train] loss: 0.0219 (+/-0.0138) - [valid] loss: 0.0246 (+/-0.0277) - [test] loss: 0.0123 (+/-0.0074)
2019-07-20 07:57:15,295 INFO - logger - Iter 44700 - time: 21    - [train] loss: 0.0432 (+/-0.0386) - [valid] loss: 0.0365 (+/-0.0514) - [test] loss: 0.0244 (+/-0.0098)
2019-07-20 07:57:35,751 INFO - logger - Iter 44800 - time: 20    - [train] loss: 0.0121 (+/-0.0087) - [valid] loss: 0.0121 (+/-0.0098) - [test] loss: 0.0193 (+/-0.0104)
2019-07-20 07:57:57,782 INFO - logger - Iter 44900 - time: 22    - [train] loss: 0.0467 (+/-0.0458) - [valid] loss: 0.0463 (+/-0.0567) - [test] loss: 0.0405 (+/-0.0304)
2019-07-20 07:58:18,565 INFO - logger - Iter 45000 - time: 20    - [train] loss: 0.0293 (+/-0.0282) - [valid] loss: 0.027  (+/-0.0188) - [test] loss: 0.0209 (+/-0.0155)
2019-07-20 07:58:39,423 INFO - logger - Iter 45100 - time: 20    - [train] loss: 0.0694 (+/-0.105 ) - [valid] loss: 0.007  (+/-0.0034) - [test] loss: 0.0175 (+/-0.0106)
2019-07-20 07:59:00,299 INFO - logger - Iter 45200 - time: 20    - [train] loss: 0.0222 (+/-0.0175) - [valid] loss: 0.0246 (+/-0.0325) - [test] loss: 0.0103 (+/-0.0084)
2019-07-20 07:59:21,088 INFO - logger - Iter 45300 - time: 20    - [train] loss: 0.0144 (+/-0.0106) - [valid] loss: 0.0795 (+/-0.0853) - [test] loss: 0.0174 (+/-0.0103)
2019-07-20 07:59:41,751 INFO - logger - Iter 45400 - time: 20    - [train] loss: 0.0114 (+/-0.004 ) - [valid] loss: 0.0815 (+/-0.1303) - [test] loss: 0.0446 (+/-0.0476)
2019-07-20 08:00:04,103 INFO - logger - Iter 45500 - time: 22    - [train] loss: 0.0365 (+/-0.0326) - [valid] loss: 0.0481 (+/-0.0613) - [test] loss: 0.019  (+/-0.0096)
2019-07-20 08:00:24,153 INFO - logger - Iter 45600 - time: 20    - [train] loss: 0.0163 (+/-0.0086) - [valid] loss: 0.0333 (+/-0.0345) - [test] loss: 0.0225 (+/-0.0181)
2019-07-20 08:00:45,154 INFO - logger - Iter 45700 - time: 21    - [train] loss: 0.0592 (+/-0.057 ) - [valid] loss: 0.0751 (+/-0.0984) - [test] loss: 0.0147 (+/-0.0083)
2019-07-20 08:01:05,865 INFO - logger - Iter 45800 - time: 20    - [train] loss: 0.0287 (+/-0.032 ) - [valid] loss: 0.0359 (+/-0.0379) - [test] loss: 0.0413 (+/-0.0292)
2019-07-20 08:01:27,060 INFO - logger - Iter 45900 - time: 21    - [train] loss: 0.0259 (+/-0.0216) - [valid] loss: 0.0253 (+/-0.0219) - [test] loss: 0.013  (+/-0.0059)
2019-07-20 08:01:47,523 INFO - logger - Iter 46000 - time: 20    - [train] loss: 0.0154 (+/-0.0066) - [valid] loss: 0.019  (+/-0.0152) - [test] loss: 0.0274 (+/-0.0245)
2019-07-20 08:02:09,679 INFO - logger - Iter 46100 - time: 22    - [train] loss: 0.0415 (+/-0.0497) - [valid] loss: 0.0126 (+/-0.0093) - [test] loss: 0.0451 (+/-0.0452)
2019-07-20 08:02:31,403 INFO - logger - Iter 46200 - time: 21    - [train] loss: 0.0614 (+/-0.1086) - [valid] loss: 0.0208 (+/-0.0143) - [test] loss: 0.0592 (+/-0.0971)
2019-07-20 08:02:52,798 INFO - logger - Iter 46300 - time: 21    - [train] loss: 0.0151 (+/-0.0098) - [valid] loss: 0.0307 (+/-0.0449) - [test] loss: 0.0093 (+/-0.0043)
2019-07-20 08:03:14,302 INFO - logger - Iter 46400 - time: 21    - [train] loss: 0.008  (+/-0.0052) - [valid] loss: 0.0314 (+/-0.0288) - [test] loss: 0.0389 (+/-0.0298)
2019-07-20 08:03:35,440 INFO - logger - Iter 46500 - time: 21    - [train] loss: 0.0221 (+/-0.0206) - [valid] loss: 0.0263 (+/-0.0329) - [test] loss: 0.0208 (+/-0.0117)
2019-07-20 08:03:57,039 INFO - logger - Iter 46600 - time: 21    - [train] loss: 0.0366 (+/-0.0267) - [valid] loss: 0.0277 (+/-0.0165) - [test] loss: 0.0243 (+/-0.0139)
2019-07-20 08:04:18,970 INFO - logger - Iter 46700 - time: 21    - [train] loss: 0.0242 (+/-0.0299) - [valid] loss: 0.0157 (+/-0.0062) - [test] loss: 0.0164 (+/-0.0084)
2019-07-20 08:04:38,910 INFO - logger - Iter 46800 - time: 19    - [train] loss: 0.0168 (+/-0.0145) - [valid] loss: 0.0302 (+/-0.0337) - [test] loss: 0.0151 (+/-0.0121)
2019-07-20 08:05:00,584 INFO - logger - Iter 46900 - time: 21    - [train] loss: 0.0239 (+/-0.0207) - [valid] loss: 0.0278 (+/-0.0228) - [test] loss: 0.0604 (+/-0.0564)
2019-07-20 08:05:21,417 INFO - logger - Iter 47000 - time: 20    - [train] loss: 0.1003 (+/-0.1316) - [valid] loss: 0.0265 (+/-0.0311) - [test] loss: 0.0266 (+/-0.0154)
2019-07-20 08:05:41,340 INFO - logger - Iter 47100 - time: 19    - [train] loss: 0.0124 (+/-0.0072) - [valid] loss: 0.023  (+/-0.0173) - [test] loss: 0.0182 (+/-0.0143)
2019-07-20 08:06:02,290 INFO - logger - Iter 47200 - time: 20    - [train] loss: 0.0515 (+/-0.0614) - [valid] loss: 0.0181 (+/-0.0125) - [test] loss: 0.0345 (+/-0.0333)
2019-07-20 08:06:23,218 INFO - logger - Iter 47300 - time: 20    - [train] loss: 0.023  (+/-0.0204) - [valid] loss: 0.012  (+/-0.0079) - [test] loss: 0.0125 (+/-0.0122)
2019-07-20 08:06:45,489 INFO - logger - Iter 47400 - time: 22    - [train] loss: 0.019  (+/-0.0195) - [valid] loss: 0.0349 (+/-0.0272) - [test] loss: 0.0192 (+/-0.0147)
2019-07-20 08:07:05,826 INFO - logger - Iter 47500 - time: 20    - [train] loss: 0.0322 (+/-0.0248) - [valid] loss: 0.0688 (+/-0.0981) - [test] loss: 0.029  (+/-0.0266)
2019-07-20 08:07:27,100 INFO - logger - Iter 47600 - time: 21    - [train] loss: 0.0334 (+/-0.0461) - [valid] loss: 0.0398 (+/-0.039 ) - [test] loss: 0.0102 (+/-0.0033)
2019-07-20 08:07:48,343 INFO - logger - Iter 47700 - time: 21    - [train] loss: 0.0216 (+/-0.0124) - [valid] loss: 0.0571 (+/-0.0546) - [test] loss: 0.0546 (+/-0.0793)
2019-07-20 08:08:09,631 INFO - logger - Iter 47800 - time: 21    - [train] loss: 0.0581 (+/-0.0664) - [valid] loss: 0.0125 (+/-0.0066) - [test] loss: 0.0261 (+/-0.0301)
2019-07-20 08:08:30,560 INFO - logger - Iter 47900 - time: 20    - [train] loss: 0.0123 (+/-0.0093) - [valid] loss: 0.0167 (+/-0.0106) - [test] loss: 0.0275 (+/-0.027 )
2019-07-20 08:08:53,065 INFO - logger - Iter 48000 - time: 22    - [train] loss: 0.0159 (+/-0.0099) - [valid] loss: 0.0245 (+/-0.0237) - [test] loss: 0.0297 (+/-0.0224)
2019-07-20 08:09:14,238 INFO - logger - Iter 48100 - time: 21    - [train] loss: 0.05   (+/-0.081 ) - [valid] loss: 0.0235 (+/-0.0166) - [test] loss: 0.0146 (+/-0.0095)
2019-07-20 08:09:35,802 INFO - logger - Iter 48200 - time: 21    - [train] loss: 0.0227 (+/-0.0171) - [valid] loss: 0.0386 (+/-0.0276) - [test] loss: 0.025  (+/-0.0182)
2019-07-20 08:09:56,836 INFO - logger - Iter 48300 - time: 21    - [train] loss: 0.0247 (+/-0.0134) - [valid] loss: 0.0126 (+/-0.0065) - [test] loss: 0.021  (+/-0.0305)
2019-07-20 08:10:17,748 INFO - logger - Iter 48400 - time: 20    - [train] loss: 0.0523 (+/-0.0658) - [valid] loss: 0.0195 (+/-0.0192) - [test] loss: 0.0536 (+/-0.0601)
2019-07-20 08:10:39,180 INFO - logger - Iter 48500 - time: 21    - [train] loss: 0.0121 (+/-0.0063) - [valid] loss: 0.0367 (+/-0.0416) - [test] loss: 0.0229 (+/-0.0236)
2019-07-20 08:11:00,299 INFO - logger - Iter 48600 - time: 21    - [train] loss: 0.0375 (+/-0.052 ) - [valid] loss: 0.0526 (+/-0.0737) - [test] loss: 0.0281 (+/-0.0198)
2019-07-20 08:11:21,477 INFO - logger - Iter 48700 - time: 21    - [train] loss: 0.056  (+/-0.0592) - [valid] loss: 0.0359 (+/-0.0446) - [test] loss: 0.0181 (+/-0.0244)
2019-07-20 08:11:43,023 INFO - logger - Iter 48800 - time: 21    - [train] loss: 0.029  (+/-0.0303) - [valid] loss: 0.0166 (+/-0.0125) - [test] loss: 0.0154 (+/-0.0133)
2019-07-20 08:12:03,840 INFO - logger - Iter 48900 - time: 20    - [train] loss: 0.0112 (+/-0.0039) - [valid] loss: 0.0208 (+/-0.0156) - [test] loss: 0.0112 (+/-0.0078)
2019-07-20 08:12:24,736 INFO - logger - Iter 49000 - time: 20    - [train] loss: 0.0261 (+/-0.0195) - [valid] loss: 0.0294 (+/-0.0458) - [test] loss: 0.0178 (+/-0.0065)
2019-07-20 08:12:45,772 INFO - logger - Iter 49100 - time: 21    - [train] loss: 0.0151 (+/-0.0067) - [valid] loss: 0.0451 (+/-0.0556) - [test] loss: 0.0823 (+/-0.079 )
2019-07-20 08:13:07,732 INFO - logger - Iter 49200 - time: 21    - [train] loss: 0.0153 (+/-0.0165) - [valid] loss: 0.0434 (+/-0.0788) - [test] loss: 0.0189 (+/-0.01  )
2019-07-20 08:13:28,891 INFO - logger - Iter 49300 - time: 21    - [train] loss: 0.0292 (+/-0.0354) - [valid] loss: 0.0151 (+/-0.0152) - [test] loss: 0.1318 (+/-0.1489)
2019-07-20 08:13:49,797 INFO - logger - Iter 49400 - time: 20    - [train] loss: 0.0187 (+/-0.0163) - [valid] loss: 0.0424 (+/-0.0656) - [test] loss: 0.0178 (+/-0.0106)
2019-07-20 08:14:11,547 INFO - logger - Iter 49500 - time: 21    - [train] loss: 0.0535 (+/-0.0621) - [valid] loss: 0.0906 (+/-0.0858) - [test] loss: 0.0161 (+/-0.0075)
2019-07-20 08:14:32,418 INFO - logger - Iter 49600 - time: 20    - [train] loss: 0.0133 (+/-0.009 ) - [valid] loss: 0.069  (+/-0.0942) - [test] loss: 0.0355 (+/-0.024 )
2019-07-20 08:14:52,770 INFO - logger - Iter 49700 - time: 20    - [train] loss: 0.0387 (+/-0.0368) - [valid] loss: 0.0261 (+/-0.0274) - [test] loss: 0.0716 (+/-0.0741)
2019-07-20 08:15:14,830 INFO - logger - Iter 49800 - time: 22    - [train] loss: 0.0289 (+/-0.021 ) - [valid] loss: 0.0271 (+/-0.0225) - [test] loss: 0.0144 (+/-0.0044)
2019-07-20 08:15:36,628 INFO - logger - Iter 49900 - time: 21    - [train] loss: 0.0241 (+/-0.0186) - [valid] loss: 0.0099 (+/-0.0053) - [test] loss: 0.0116 (+/-0.0055)
