2019-07-20 05:16:49,103 INFO - log_helper - Finished configuring logger
2019-07-20 05:16:51,487 INFO - logger - Iter 0    - time: 6     - [train] loss: 4.6326 (+/-0.7982) - [valid] loss: 4.2951 (+/-0.7422) - [test] loss: 4.0785 (+/-0.7788)
2019-07-20 05:17:25,520 INFO - logger - Iter 100  - time: 34    - [train] loss: 4.0283 (+/-0.6787) - [valid] loss: 3.6704 (+/-0.6045) - [test] loss: 2.8638 (+/-0.542 )
2019-07-20 05:17:59,042 INFO - logger - Iter 200  - time: 33    - [train] loss: 3.3252 (+/-0.5513) - [valid] loss: 3.1182 (+/-0.5581) - [test] loss: 3.1762 (+/-0.6154)
2019-07-20 05:18:30,797 INFO - logger - Iter 300  - time: 31    - [train] loss: 2.5581 (+/-0.3999) - [valid] loss: 2.2938 (+/-0.3549) - [test] loss: 2.0028 (+/-0.3408)
2019-07-20 05:19:01,920 INFO - logger - Iter 400  - time: 31    - [train] loss: 1.6444 (+/-0.2785) - [valid] loss: 1.5869 (+/-0.2315) - [test] loss: 1.3749 (+/-0.2001)
2019-07-20 05:19:31,680 INFO - logger - Iter 500  - time: 29    - [train] loss: 1.0781 (+/-0.1829) - [valid] loss: 1.0827 (+/-0.2024) - [test] loss: 1.1336 (+/-0.1772)
2019-07-20 05:20:02,577 INFO - logger - Iter 600  - time: 30    - [train] loss: 1.0307 (+/-0.1858) - [valid] loss: 1.0782 (+/-0.1975) - [test] loss: 1.1774 (+/-0.2278)
2019-07-20 05:20:36,370 INFO - logger - Iter 700  - time: 33    - [train] loss: 0.9584 (+/-0.1669) - [valid] loss: 1.1273 (+/-0.2018) - [test] loss: 1.1749 (+/-0.2148)
2019-07-20 05:21:09,752 INFO - logger - Iter 800  - time: 33    - [train] loss: 0.9546 (+/-0.1735) - [valid] loss: 0.943  (+/-0.1458) - [test] loss: 1.0495 (+/-0.1792)
2019-07-20 05:21:41,031 INFO - logger - Iter 900  - time: 31    - [train] loss: 1.1321 (+/-0.219 ) - [valid] loss: 0.9107 (+/-0.1909) - [test] loss: 1.0782 (+/-0.2109)
2019-07-20 05:22:11,327 INFO - logger - Iter 1000 - time: 30    - [train] loss: 1.0574 (+/-0.1706) - [valid] loss: 1.0683 (+/-0.1836) - [test] loss: 1.0279 (+/-0.1679)
2019-07-20 05:22:41,569 INFO - logger - Iter 1100 - time: 30    - [train] loss: 0.9325 (+/-0.161 ) - [valid] loss: 1.0244 (+/-0.2127) - [test] loss: 0.8875 (+/-0.164 )
2019-07-20 05:23:12,146 INFO - logger - Iter 1200 - time: 30    - [train] loss: 0.9188 (+/-0.1653) - [valid] loss: 0.7561 (+/-0.1454) - [test] loss: 0.8808 (+/-0.1654)
2019-07-20 05:23:44,085 INFO - logger - Iter 1300 - time: 31    - [train] loss: 0.9473 (+/-0.2064) - [valid] loss: 0.8912 (+/-0.1606) - [test] loss: 1.0401 (+/-0.195 )
2019-07-20 05:24:16,227 INFO - logger - Iter 1400 - time: 32    - [train] loss: 0.8452 (+/-0.2142) - [valid] loss: 0.857  (+/-0.1752) - [test] loss: 0.8767 (+/-0.1549)
2019-07-20 05:24:47,718 INFO - logger - Iter 1500 - time: 31    - [train] loss: 0.8919 (+/-0.2049) - [valid] loss: 0.8595 (+/-0.1647) - [test] loss: 0.84   (+/-0.2002)
2019-07-20 05:25:17,867 INFO - logger - Iter 1600 - time: 30    - [train] loss: 0.7824 (+/-0.1793) - [valid] loss: 0.7194 (+/-0.1342) - [test] loss: 0.9747 (+/-0.2091)
2019-07-20 05:25:48,453 INFO - logger - Iter 1700 - time: 30    - [train] loss: 0.8459 (+/-0.1931) - [valid] loss: 0.814  (+/-0.213 ) - [test] loss: 0.7604 (+/-0.1799)
2019-07-20 05:26:18,762 INFO - logger - Iter 1800 - time: 30    - [train] loss: 0.911  (+/-0.1969) - [valid] loss: 0.8055 (+/-0.162 ) - [test] loss: 0.7936 (+/-0.2052)
2019-07-20 05:26:48,979 INFO - logger - Iter 1900 - time: 30    - [train] loss: 0.8674 (+/-0.2392) - [valid] loss: 0.8693 (+/-0.2035) - [test] loss: 0.8589 (+/-0.2103)
2019-07-20 05:27:20,891 INFO - logger - Iter 2000 - time: 31    - [train] loss: 0.763  (+/-0.1827) - [valid] loss: 0.9064 (+/-0.2135) - [test] loss: 0.9416 (+/-0.2126)
2019-07-20 05:27:50,854 INFO - logger - Iter 2100 - time: 29    - [train] loss: 0.8739 (+/-0.2456) - [valid] loss: 0.7267 (+/-0.2054) - [test] loss: 0.8737 (+/-0.1991)
2019-07-20 05:28:22,096 INFO - logger - Iter 2200 - time: 31    - [train] loss: 0.7331 (+/-0.1495) - [valid] loss: 0.6464 (+/-0.1457) - [test] loss: 0.862  (+/-0.1933)
2019-07-20 05:28:53,468 INFO - logger - Iter 2300 - time: 31    - [train] loss: 0.9874 (+/-0.2097) - [valid] loss: 0.9082 (+/-0.2167) - [test] loss: 0.9275 (+/-0.2128)
2019-07-20 05:29:23,403 INFO - logger - Iter 2400 - time: 29    - [train] loss: 0.714  (+/-0.1765) - [valid] loss: 0.8915 (+/-0.2212) - [test] loss: 0.9518 (+/-0.2292)
2019-07-20 05:29:55,976 INFO - logger - Iter 2500 - time: 32    - [train] loss: 0.8489 (+/-0.1801) - [valid] loss: 0.8914 (+/-0.2247) - [test] loss: 0.8016 (+/-0.1843)
2019-07-20 05:30:26,854 INFO - logger - Iter 2600 - time: 30    - [train] loss: 0.7085 (+/-0.1764) - [valid] loss: 0.9274 (+/-0.2702) - [test] loss: 0.8168 (+/-0.1913)
2019-07-20 05:30:57,440 INFO - logger - Iter 2700 - time: 30    - [train] loss: 0.8126 (+/-0.2133) - [valid] loss: 0.7932 (+/-0.207 ) - [test] loss: 0.6886 (+/-0.1405)
2019-07-20 05:31:27,901 INFO - logger - Iter 2800 - time: 30    - [train] loss: 0.6473 (+/-0.1399) - [valid] loss: 0.7991 (+/-0.2031) - [test] loss: 0.8302 (+/-0.1922)
2019-07-20 05:31:58,993 INFO - logger - Iter 2900 - time: 31    - [train] loss: 0.7463 (+/-0.1663) - [valid] loss: 1.0    (+/-0.2483) - [test] loss: 0.9261 (+/-0.2367)
2019-07-20 05:32:29,582 INFO - logger - Iter 3000 - time: 30    - [train] loss: 0.8053 (+/-0.1978) - [valid] loss: 0.5801 (+/-0.1413) - [test] loss: 0.8178 (+/-0.1721)
2019-07-20 05:33:00,930 INFO - logger - Iter 3100 - time: 31    - [train] loss: 0.8133 (+/-0.2103) - [valid] loss: 0.7956 (+/-0.1958) - [test] loss: 0.9246 (+/-0.227 )
2019-07-20 05:33:30,936 INFO - logger - Iter 3200 - time: 30    - [train] loss: 0.6385 (+/-0.1807) - [valid] loss: 0.8055 (+/-0.2367) - [test] loss: 0.7367 (+/-0.2045)
2019-07-20 05:34:01,057 INFO - logger - Iter 3300 - time: 30    - [train] loss: 0.7409 (+/-0.1565) - [valid] loss: 0.8586 (+/-0.207 ) - [test] loss: 0.7508 (+/-0.1905)
2019-07-20 05:34:31,064 INFO - logger - Iter 3400 - time: 30    - [train] loss: 0.7053 (+/-0.1455) - [valid] loss: 0.5754 (+/-0.1261) - [test] loss: 0.6032 (+/-0.1157)
2019-07-20 05:35:01,319 INFO - logger - Iter 3500 - time: 30    - [train] loss: 0.3678 (+/-0.0635) - [valid] loss: 0.386  (+/-0.0835) - [test] loss: 0.5206 (+/-0.1393)
2019-07-20 05:35:31,573 INFO - logger - Iter 3600 - time: 30    - [train] loss: 0.313  (+/-0.0766) - [valid] loss: 0.3193 (+/-0.0725) - [test] loss: 0.3347 (+/-0.0827)
2019-07-20 05:36:01,486 INFO - logger - Iter 3700 - time: 29    - [train] loss: 0.3092 (+/-0.0771) - [valid] loss: 0.2442 (+/-0.0641) - [test] loss: 0.2399 (+/-0.0453)
2019-07-20 05:36:32,087 INFO - logger - Iter 3800 - time: 30    - [train] loss: 0.2957 (+/-0.0637) - [valid] loss: 0.2498 (+/-0.085 ) - [test] loss: 0.2494 (+/-0.0591)
2019-07-20 05:37:03,411 INFO - logger - Iter 3900 - time: 31    - [train] loss: 0.2194 (+/-0.0494) - [valid] loss: 0.2855 (+/-0.1095) - [test] loss: 0.23   (+/-0.0648)
2019-07-20 05:37:33,744 INFO - logger - Iter 4000 - time: 30    - [train] loss: 0.1813 (+/-0.0473) - [valid] loss: 0.1786 (+/-0.0456) - [test] loss: 0.167  (+/-0.0543)
2019-07-20 05:38:04,215 INFO - logger - Iter 4100 - time: 30    - [train] loss: 0.1641 (+/-0.0438) - [valid] loss: 0.2035 (+/-0.0628) - [test] loss: 0.1772 (+/-0.0418)
2019-07-20 05:38:34,373 INFO - logger - Iter 4200 - time: 30    - [train] loss: 0.1524 (+/-0.0368) - [valid] loss: 0.1492 (+/-0.035 ) - [test] loss: 0.1898 (+/-0.0891)
2019-07-20 05:39:04,438 INFO - logger - Iter 4300 - time: 30    - [train] loss: 0.1133 (+/-0.03  ) - [valid] loss: 0.1427 (+/-0.0351) - [test] loss: 0.1634 (+/-0.0444)
2019-07-20 05:39:34,660 INFO - logger - Iter 4400 - time: 30    - [train] loss: 0.1458 (+/-0.0366) - [valid] loss: 0.0988 (+/-0.0255) - [test] loss: 0.1209 (+/-0.0329)
2019-07-20 05:40:05,410 INFO - logger - Iter 4500 - time: 30    - [train] loss: 0.1062 (+/-0.0254) - [valid] loss: 0.1325 (+/-0.0644) - [test] loss: 0.1324 (+/-0.0415)
2019-07-20 05:40:36,032 INFO - logger - Iter 4600 - time: 30    - [train] loss: 0.12   (+/-0.0485) - [valid] loss: 0.096  (+/-0.0238) - [test] loss: 0.1273 (+/-0.0418)
2019-07-20 05:41:06,366 INFO - logger - Iter 4700 - time: 30    - [train] loss: 0.1608 (+/-0.0651) - [valid] loss: 0.1142 (+/-0.0265) - [test] loss: 0.1018 (+/-0.0256)
2019-07-20 05:41:37,265 INFO - logger - Iter 4800 - time: 30    - [train] loss: 0.1305 (+/-0.0415) - [valid] loss: 0.0958 (+/-0.0194) - [test] loss: 0.1092 (+/-0.0268)
2019-07-20 05:42:07,186 INFO - logger - Iter 4900 - time: 29    - [train] loss: 0.1042 (+/-0.0288) - [valid] loss: 0.0926 (+/-0.0223) - [test] loss: 0.0971 (+/-0.0259)
2019-07-20 05:42:37,840 INFO - logger - Iter 5000 - time: 30    - [train] loss: 0.0811 (+/-0.0207) - [valid] loss: 0.1285 (+/-0.0552) - [test] loss: 0.0824 (+/-0.0196)
2019-07-20 05:43:08,432 INFO - logger - Iter 5100 - time: 30    - [train] loss: 0.1081 (+/-0.0388) - [valid] loss: 0.0879 (+/-0.0217) - [test] loss: 0.1179 (+/-0.0508)
2019-07-20 05:43:39,423 INFO - logger - Iter 5200 - time: 30    - [train] loss: 0.1029 (+/-0.0666) - [valid] loss: 0.095  (+/-0.0261) - [test] loss: 0.0795 (+/-0.0227)
2019-07-20 05:44:09,434 INFO - logger - Iter 5300 - time: 30    - [train] loss: 0.0741 (+/-0.0169) - [valid] loss: 0.071  (+/-0.0194) - [test] loss: 0.0837 (+/-0.0235)
2019-07-20 05:44:42,631 INFO - logger - Iter 5400 - time: 33    - [train] loss: 0.064  (+/-0.015 ) - [valid] loss: 0.0553 (+/-0.0094) - [test] loss: 0.085  (+/-0.026 )
2019-07-20 05:45:12,738 INFO - logger - Iter 5500 - time: 30    - [train] loss: 0.081  (+/-0.0265) - [valid] loss: 0.0757 (+/-0.0231) - [test] loss: 0.0684 (+/-0.0207)
2019-07-20 05:45:42,141 INFO - logger - Iter 5600 - time: 29    - [train] loss: 0.0624 (+/-0.0136) - [valid] loss: 0.0774 (+/-0.0243) - [test] loss: 0.0789 (+/-0.0198)
2019-07-20 05:46:13,400 INFO - logger - Iter 5700 - time: 31    - [train] loss: 0.0674 (+/-0.0322) - [valid] loss: 0.0835 (+/-0.0239) - [test] loss: 0.0736 (+/-0.0226)
2019-07-20 05:46:43,122 INFO - logger - Iter 5800 - time: 29    - [train] loss: 0.0662 (+/-0.0124) - [valid] loss: 0.0812 (+/-0.0228) - [test] loss: 0.1047 (+/-0.0307)
2019-07-20 05:47:13,928 INFO - logger - Iter 5900 - time: 30    - [train] loss: 0.0973 (+/-0.0326) - [valid] loss: 0.0623 (+/-0.0136) - [test] loss: 0.0932 (+/-0.0277)
2019-07-20 05:47:44,552 INFO - logger - Iter 6000 - time: 30    - [train] loss: 0.0682 (+/-0.015 ) - [valid] loss: 0.097  (+/-0.0334) - [test] loss: 0.0661 (+/-0.0167)
2019-07-20 05:48:14,693 INFO - logger - Iter 6100 - time: 30    - [train] loss: 0.0677 (+/-0.0156) - [valid] loss: 0.0534 (+/-0.0101) - [test] loss: 0.0838 (+/-0.0331)
2019-07-20 05:48:45,190 INFO - logger - Iter 6200 - time: 30    - [train] loss: 0.0761 (+/-0.0341) - [valid] loss: 0.0558 (+/-0.0163) - [test] loss: 0.0503 (+/-0.0117)
2019-07-20 05:49:15,161 INFO - logger - Iter 6300 - time: 29    - [train] loss: 0.07   (+/-0.0226) - [valid] loss: 0.0737 (+/-0.0318) - [test] loss: 0.0682 (+/-0.0163)
2019-07-20 05:49:45,608 INFO - logger - Iter 6400 - time: 30    - [train] loss: 0.0608 (+/-0.0137) - [valid] loss: 0.0643 (+/-0.0134) - [test] loss: 0.0758 (+/-0.0251)
2019-07-20 05:50:16,486 INFO - logger - Iter 6500 - time: 30    - [train] loss: 0.0726 (+/-0.0312) - [valid] loss: 0.0572 (+/-0.0133) - [test] loss: 0.0697 (+/-0.0197)
2019-07-20 05:50:45,720 INFO - logger - Iter 6600 - time: 29    - [train] loss: 0.0777 (+/-0.0249) - [valid] loss: 0.0508 (+/-0.014 ) - [test] loss: 0.0584 (+/-0.0178)
2019-07-20 05:51:14,871 INFO - logger - Iter 6700 - time: 29    - [train] loss: 0.057  (+/-0.0138) - [valid] loss: 0.0579 (+/-0.0192) - [test] loss: 0.0856 (+/-0.0249)
2019-07-20 05:51:45,807 INFO - logger - Iter 6800 - time: 30    - [train] loss: 0.0569 (+/-0.0201) - [valid] loss: 0.0715 (+/-0.027 ) - [test] loss: 0.0484 (+/-0.0107)
2019-07-20 05:52:16,303 INFO - logger - Iter 6900 - time: 30    - [train] loss: 0.0523 (+/-0.0121) - [valid] loss: 0.0434 (+/-0.0088) - [test] loss: 0.0781 (+/-0.0444)
2019-07-20 05:52:46,942 INFO - logger - Iter 7000 - time: 30    - [train] loss: 0.0654 (+/-0.0337) - [valid] loss: 0.0528 (+/-0.0255) - [test] loss: 0.0443 (+/-0.0094)
2019-07-20 05:53:17,820 INFO - logger - Iter 7100 - time: 30    - [train] loss: 0.0478 (+/-0.0104) - [valid] loss: 0.0395 (+/-0.0071) - [test] loss: 0.0584 (+/-0.016 )
2019-07-20 05:53:48,545 INFO - logger - Iter 7200 - time: 30    - [train] loss: 0.0448 (+/-0.0127) - [valid] loss: 0.0759 (+/-0.0232) - [test] loss: 0.0627 (+/-0.0253)
2019-07-20 05:54:18,857 INFO - logger - Iter 7300 - time: 30    - [train] loss: 0.0678 (+/-0.034 ) - [valid] loss: 0.0579 (+/-0.0181) - [test] loss: 0.0592 (+/-0.0141)
2019-07-20 05:54:48,982 INFO - logger - Iter 7400 - time: 30    - [train] loss: 0.065  (+/-0.0203) - [valid] loss: 0.0589 (+/-0.0211) - [test] loss: 0.0582 (+/-0.0174)
2019-07-20 05:55:19,563 INFO - logger - Iter 7500 - time: 30    - [train] loss: 0.0495 (+/-0.0126) - [valid] loss: 0.0443 (+/-0.0151) - [test] loss: 0.0453 (+/-0.009 )
2019-07-20 05:55:50,550 INFO - logger - Iter 7600 - time: 30    - [train] loss: 0.0596 (+/-0.0152) - [valid] loss: 0.0502 (+/-0.0129) - [test] loss: 0.0645 (+/-0.019 )
2019-07-20 05:56:21,056 INFO - logger - Iter 7700 - time: 30    - [train] loss: 0.0573 (+/-0.0166) - [valid] loss: 0.0606 (+/-0.0337) - [test] loss: 0.053  (+/-0.0174)
2019-07-20 05:56:51,236 INFO - logger - Iter 7800 - time: 30    - [train] loss: 0.0731 (+/-0.0304) - [valid] loss: 0.0498 (+/-0.0125) - [test] loss: 0.0628 (+/-0.0222)
2019-07-20 05:57:20,721 INFO - logger - Iter 7900 - time: 29    - [train] loss: 0.0588 (+/-0.0171) - [valid] loss: 0.0532 (+/-0.0188) - [test] loss: 0.0405 (+/-0.0109)
2019-07-20 05:57:50,364 INFO - logger - Iter 8000 - time: 29    - [train] loss: 0.0519 (+/-0.0106) - [valid] loss: 0.0502 (+/-0.018 ) - [test] loss: 0.037  (+/-0.0065)
2019-07-20 05:58:21,352 INFO - logger - Iter 8100 - time: 30    - [train] loss: 0.0651 (+/-0.0291) - [valid] loss: 0.0489 (+/-0.0168) - [test] loss: 0.05   (+/-0.0144)
2019-07-20 05:58:52,447 INFO - logger - Iter 8200 - time: 31    - [train] loss: 0.0393 (+/-0.0086) - [valid] loss: 0.0476 (+/-0.0125) - [test] loss: 0.0574 (+/-0.0188)
2019-07-20 05:59:23,144 INFO - logger - Iter 8300 - time: 30    - [train] loss: 0.0468 (+/-0.0157) - [valid] loss: 0.055  (+/-0.0158) - [test] loss: 0.0476 (+/-0.0131)
2019-07-20 05:59:52,964 INFO - logger - Iter 8400 - time: 29    - [train] loss: 0.0694 (+/-0.0192) - [valid] loss: 0.0897 (+/-0.0438) - [test] loss: 0.0485 (+/-0.0113)
2019-07-20 06:00:23,068 INFO - logger - Iter 8500 - time: 30    - [train] loss: 0.0487 (+/-0.0143) - [valid] loss: 0.0561 (+/-0.0189) - [test] loss: 0.0547 (+/-0.021 )
2019-07-20 06:00:54,938 INFO - logger - Iter 8600 - time: 31    - [train] loss: 0.0364 (+/-0.0078) - [valid] loss: 0.0452 (+/-0.0142) - [test] loss: 0.0402 (+/-0.0116)
2019-07-20 06:01:25,007 INFO - logger - Iter 8700 - time: 30    - [train] loss: 0.0469 (+/-0.0166) - [valid] loss: 0.0362 (+/-0.0085) - [test] loss: 0.0509 (+/-0.0146)
2019-07-20 06:01:54,853 INFO - logger - Iter 8800 - time: 29    - [train] loss: 0.0449 (+/-0.0135) - [valid] loss: 0.0525 (+/-0.0182) - [test] loss: 0.0502 (+/-0.0144)
2019-07-20 06:02:25,475 INFO - logger - Iter 8900 - time: 30    - [train] loss: 0.0444 (+/-0.0141) - [valid] loss: 0.0478 (+/-0.014 ) - [test] loss: 0.0466 (+/-0.0118)
2019-07-20 06:02:55,383 INFO - logger - Iter 9000 - time: 29    - [train] loss: 0.0594 (+/-0.0281) - [valid] loss: 0.0333 (+/-0.008 ) - [test] loss: 0.0353 (+/-0.0064)
2019-07-20 06:03:24,852 INFO - logger - Iter 9100 - time: 29    - [train] loss: 0.0513 (+/-0.0125) - [valid] loss: 0.0479 (+/-0.0223) - [test] loss: 0.0356 (+/-0.0087)
2019-07-20 06:03:54,852 INFO - logger - Iter 9200 - time: 29    - [train] loss: 0.0385 (+/-0.0093) - [valid] loss: 0.0446 (+/-0.0234) - [test] loss: 0.0482 (+/-0.018 )
2019-07-20 06:04:25,664 INFO - logger - Iter 9300 - time: 30    - [train] loss: 0.0371 (+/-0.0089) - [valid] loss: 0.0377 (+/-0.0114) - [test] loss: 0.0468 (+/-0.0165)
2019-07-20 06:04:56,424 INFO - logger - Iter 9400 - time: 30    - [train] loss: 0.0331 (+/-0.007 ) - [valid] loss: 0.0245 (+/-0.0045) - [test] loss: 0.0604 (+/-0.0274)
2019-07-20 06:05:26,318 INFO - logger - Iter 9500 - time: 29    - [train] loss: 0.0413 (+/-0.0086) - [valid] loss: 0.0479 (+/-0.0167) - [test] loss: 0.0386 (+/-0.0115)
2019-07-20 06:05:56,496 INFO - logger - Iter 9600 - time: 30    - [train] loss: 0.0622 (+/-0.0429) - [valid] loss: 0.0482 (+/-0.0154) - [test] loss: 0.0444 (+/-0.0123)
2019-07-20 06:06:26,731 INFO - logger - Iter 9700 - time: 30    - [train] loss: 0.0346 (+/-0.0098) - [valid] loss: 0.0428 (+/-0.0149) - [test] loss: 0.0387 (+/-0.0114)
2019-07-20 06:06:57,229 INFO - logger - Iter 9800 - time: 30    - [train] loss: 0.0413 (+/-0.012 ) - [valid] loss: 0.0385 (+/-0.0091) - [test] loss: 0.0452 (+/-0.0141)
2019-07-20 06:07:27,556 INFO - logger - Iter 9900 - time: 30    - [train] loss: 0.0366 (+/-0.0095) - [valid] loss: 0.0516 (+/-0.0164) - [test] loss: 0.0281 (+/-0.0081)
2019-07-20 06:07:58,311 INFO - logger - Iter 10000 - time: 30    - [train] loss: 0.0407 (+/-0.0131) - [valid] loss: 0.0432 (+/-0.0091) - [test] loss: 0.0522 (+/-0.0188)
2019-07-20 06:08:28,309 INFO - logger - Iter 10100 - time: 29    - [train] loss: 0.0361 (+/-0.0084) - [valid] loss: 0.0428 (+/-0.0114) - [test] loss: 0.0388 (+/-0.012 )
2019-07-20 06:08:59,884 INFO - logger - Iter 10200 - time: 31    - [train] loss: 0.0224 (+/-0.0049) - [valid] loss: 0.0345 (+/-0.0099) - [test] loss: 0.0392 (+/-0.013 )
2019-07-20 06:09:29,800 INFO - logger - Iter 10300 - time: 29    - [train] loss: 0.044  (+/-0.0131) - [valid] loss: 0.0415 (+/-0.0127) - [test] loss: 0.0273 (+/-0.0055)
2019-07-20 06:10:00,170 INFO - logger - Iter 10400 - time: 30    - [train] loss: 0.0459 (+/-0.0143) - [valid] loss: 0.0395 (+/-0.0118) - [test] loss: 0.039  (+/-0.0161)
2019-07-20 06:10:30,205 INFO - logger - Iter 10500 - time: 30    - [train] loss: 0.0371 (+/-0.0155) - [valid] loss: 0.0417 (+/-0.0123) - [test] loss: 0.0332 (+/-0.0085)
2019-07-20 06:11:00,464 INFO - logger - Iter 10600 - time: 30    - [train] loss: 0.0395 (+/-0.0079) - [valid] loss: 0.0343 (+/-0.0065) - [test] loss: 0.0351 (+/-0.0062)
2019-07-20 06:11:30,739 INFO - logger - Iter 10700 - time: 30    - [train] loss: 0.0369 (+/-0.012 ) - [valid] loss: 0.0369 (+/-0.0085) - [test] loss: 0.0417 (+/-0.0126)
2019-07-20 06:12:00,638 INFO - logger - Iter 10800 - time: 29    - [train] loss: 0.0402 (+/-0.008 ) - [valid] loss: 0.038  (+/-0.0092) - [test] loss: 0.0486 (+/-0.0118)
2019-07-20 06:12:32,385 INFO - logger - Iter 10900 - time: 31    - [train] loss: 0.0392 (+/-0.0091) - [valid] loss: 0.042  (+/-0.021 ) - [test] loss: 0.0498 (+/-0.0166)
2019-07-20 06:13:02,445 INFO - logger - Iter 11000 - time: 30    - [train] loss: 0.0556 (+/-0.0402) - [valid] loss: 0.0377 (+/-0.0093) - [test] loss: 0.0358 (+/-0.0099)
2019-07-20 06:13:32,504 INFO - logger - Iter 11100 - time: 30    - [train] loss: 0.0324 (+/-0.0106) - [valid] loss: 0.0524 (+/-0.0194) - [test] loss: 0.0277 (+/-0.0061)
2019-07-20 06:14:02,984 INFO - logger - Iter 11200 - time: 30    - [train] loss: 0.0439 (+/-0.0163) - [valid] loss: 0.037  (+/-0.0074) - [test] loss: 0.0444 (+/-0.017 )
2019-07-20 06:14:33,406 INFO - logger - Iter 11300 - time: 30    - [train] loss: 0.0498 (+/-0.0283) - [valid] loss: 0.0281 (+/-0.0055) - [test] loss: 0.0399 (+/-0.0145)
2019-07-20 06:15:02,555 INFO - logger - Iter 11400 - time: 29    - [train] loss: 0.0402 (+/-0.0131) - [valid] loss: 0.0357 (+/-0.0123) - [test] loss: 0.0394 (+/-0.0147)
2019-07-20 06:15:33,062 INFO - logger - Iter 11500 - time: 30    - [train] loss: 0.0484 (+/-0.0181) - [valid] loss: 0.0527 (+/-0.0176) - [test] loss: 0.0339 (+/-0.0123)
2019-07-20 06:16:02,959 INFO - logger - Iter 11600 - time: 29    - [train] loss: 0.0374 (+/-0.0137) - [valid] loss: 0.0378 (+/-0.0136) - [test] loss: 0.0561 (+/-0.024 )
2019-07-20 06:16:33,273 INFO - logger - Iter 11700 - time: 30    - [train] loss: 0.0426 (+/-0.0186) - [valid] loss: 0.0338 (+/-0.009 ) - [test] loss: 0.039  (+/-0.0163)
2019-07-20 06:17:03,918 INFO - logger - Iter 11800 - time: 30    - [train] loss: 0.0455 (+/-0.0161) - [valid] loss: 0.0498 (+/-0.0172) - [test] loss: 0.0326 (+/-0.0091)
2019-07-20 06:17:33,842 INFO - logger - Iter 11900 - time: 29    - [train] loss: 0.0388 (+/-0.0152) - [valid] loss: 0.0234 (+/-0.0043) - [test] loss: 0.0393 (+/-0.0191)
2019-07-20 06:18:02,772 INFO - logger - Iter 12000 - time: 28    - [train] loss: 0.0416 (+/-0.0204) - [valid] loss: 0.0453 (+/-0.0233) - [test] loss: 0.0332 (+/-0.0146)
2019-07-20 06:18:33,250 INFO - logger - Iter 12100 - time: 30    - [train] loss: 0.031  (+/-0.0062) - [valid] loss: 0.0306 (+/-0.007 ) - [test] loss: 0.0294 (+/-0.0066)
2019-07-20 06:19:03,281 INFO - logger - Iter 12200 - time: 30    - [train] loss: 0.0305 (+/-0.0077) - [valid] loss: 0.0287 (+/-0.0052) - [test] loss: 0.0497 (+/-0.0273)
2019-07-20 06:19:33,291 INFO - logger - Iter 12300 - time: 30    - [train] loss: 0.0386 (+/-0.0104) - [valid] loss: 0.055  (+/-0.0244) - [test] loss: 0.0293 (+/-0.0066)
2019-07-20 06:20:02,742 INFO - logger - Iter 12400 - time: 29    - [train] loss: 0.0336 (+/-0.0113) - [valid] loss: 0.038  (+/-0.0124) - [test] loss: 0.0262 (+/-0.005 )
2019-07-20 06:20:32,553 INFO - logger - Iter 12500 - time: 29    - [train] loss: 0.0521 (+/-0.0365) - [valid] loss: 0.0282 (+/-0.0059) - [test] loss: 0.0631 (+/-0.0346)
2019-07-20 06:21:01,643 INFO - logger - Iter 12600 - time: 29    - [train] loss: 0.0342 (+/-0.0089) - [valid] loss: 0.0354 (+/-0.0091) - [test] loss: 0.0479 (+/-0.0144)
2019-07-20 06:21:31,870 INFO - logger - Iter 12700 - time: 30    - [train] loss: 0.0287 (+/-0.0103) - [valid] loss: 0.0364 (+/-0.009 ) - [test] loss: 0.0333 (+/-0.0074)
2019-07-20 06:22:02,433 INFO - logger - Iter 12800 - time: 30    - [train] loss: 0.0438 (+/-0.0198) - [valid] loss: 0.0426 (+/-0.0258) - [test] loss: 0.0564 (+/-0.0316)
2019-07-20 06:22:32,304 INFO - logger - Iter 12900 - time: 29    - [train] loss: 0.0315 (+/-0.0114) - [valid] loss: 0.0477 (+/-0.0284) - [test] loss: 0.0309 (+/-0.008 )
2019-07-20 06:23:03,887 INFO - logger - Iter 13000 - time: 31    - [train] loss: 0.0416 (+/-0.0117) - [valid] loss: 0.0463 (+/-0.0133) - [test] loss: 0.0535 (+/-0.0268)
2019-07-20 06:23:35,014 INFO - logger - Iter 13100 - time: 31    - [train] loss: 0.0364 (+/-0.011 ) - [valid] loss: 0.0431 (+/-0.0237) - [test] loss: 0.0464 (+/-0.0304)
2019-07-20 06:24:05,641 INFO - logger - Iter 13200 - time: 30    - [train] loss: 0.0356 (+/-0.0114) - [valid] loss: 0.0381 (+/-0.0089) - [test] loss: 0.0298 (+/-0.0064)
2019-07-20 06:24:36,146 INFO - logger - Iter 13300 - time: 30    - [train] loss: 0.035  (+/-0.0096) - [valid] loss: 0.0345 (+/-0.0096) - [test] loss: 0.0323 (+/-0.007 )
2019-07-20 06:25:05,776 INFO - logger - Iter 13400 - time: 29    - [train] loss: 0.0342 (+/-0.0194) - [valid] loss: 0.0432 (+/-0.0117) - [test] loss: 0.0385 (+/-0.0087)
2019-07-20 06:25:35,983 INFO - logger - Iter 13500 - time: 30    - [train] loss: 0.0389 (+/-0.0187) - [valid] loss: 0.0399 (+/-0.0146) - [test] loss: 0.0343 (+/-0.0138)
2019-07-20 06:26:05,684 INFO - logger - Iter 13600 - time: 29    - [train] loss: 0.0314 (+/-0.0111) - [valid] loss: 0.041  (+/-0.0176) - [test] loss: 0.0416 (+/-0.0224)
2019-07-20 06:26:36,263 INFO - logger - Iter 13700 - time: 30    - [train] loss: 0.03   (+/-0.0068) - [valid] loss: 0.03   (+/-0.0082) - [test] loss: 0.0524 (+/-0.0324)
2019-07-20 06:27:06,452 INFO - logger - Iter 13800 - time: 30    - [train] loss: 0.0347 (+/-0.0112) - [valid] loss: 0.036  (+/-0.0107) - [test] loss: 0.0399 (+/-0.0119)
2019-07-20 06:27:36,008 INFO - logger - Iter 13900 - time: 29    - [train] loss: 0.0389 (+/-0.0202) - [valid] loss: 0.0235 (+/-0.0046) - [test] loss: 0.0446 (+/-0.0207)
2019-07-20 06:28:04,906 INFO - logger - Iter 14000 - time: 28    - [train] loss: 0.0247 (+/-0.0066) - [valid] loss: 0.0314 (+/-0.0109) - [test] loss: 0.0335 (+/-0.0103)
2019-07-20 06:28:34,265 INFO - logger - Iter 14100 - time: 29    - [train] loss: 0.0293 (+/-0.0065) - [valid] loss: 0.0317 (+/-0.0083) - [test] loss: 0.0326 (+/-0.0099)
2019-07-20 06:29:05,124 INFO - logger - Iter 14200 - time: 30    - [train] loss: 0.0409 (+/-0.0139) - [valid] loss: 0.031  (+/-0.0079) - [test] loss: 0.0263 (+/-0.0054)
2019-07-20 06:29:36,696 INFO - logger - Iter 14300 - time: 31    - [train] loss: 0.0323 (+/-0.0081) - [valid] loss: 0.0336 (+/-0.0215) - [test] loss: 0.0315 (+/-0.0091)
2019-07-20 06:30:07,290 INFO - logger - Iter 14400 - time: 30    - [train] loss: 0.0263 (+/-0.0063) - [valid] loss: 0.0404 (+/-0.0158) - [test] loss: 0.0453 (+/-0.0287)
2019-07-20 06:30:37,343 INFO - logger - Iter 14500 - time: 30    - [train] loss: 0.0286 (+/-0.0055) - [valid] loss: 0.0336 (+/-0.0104) - [test] loss: 0.0367 (+/-0.0103)
2019-07-20 06:31:06,960 INFO - logger - Iter 14600 - time: 29    - [train] loss: 0.0483 (+/-0.0151) - [valid] loss: 0.038  (+/-0.0109) - [test] loss: 0.0307 (+/-0.0057)
2019-07-20 06:31:37,356 INFO - logger - Iter 14700 - time: 30    - [train] loss: 0.0527 (+/-0.0169) - [valid] loss: 0.0363 (+/-0.015 ) - [test] loss: 0.0366 (+/-0.0128)
2019-07-20 06:32:06,846 INFO - logger - Iter 14800 - time: 29    - [train] loss: 0.0382 (+/-0.0226) - [valid] loss: 0.0219 (+/-0.006 ) - [test] loss: 0.029  (+/-0.0081)
2019-07-20 06:32:37,526 INFO - logger - Iter 14900 - time: 30    - [train] loss: 0.041  (+/-0.0191) - [valid] loss: 0.0453 (+/-0.0271) - [test] loss: 0.0394 (+/-0.0141)
2019-07-20 06:33:07,368 INFO - logger - Iter 15000 - time: 29    - [train] loss: 0.0566 (+/-0.0368) - [valid] loss: 0.0371 (+/-0.0147) - [test] loss: 0.0293 (+/-0.0067)
2019-07-20 06:33:37,087 INFO - logger - Iter 15100 - time: 29    - [train] loss: 0.0456 (+/-0.0197) - [valid] loss: 0.065  (+/-0.0394) - [test] loss: 0.0387 (+/-0.0108)
2019-07-20 06:34:07,081 INFO - logger - Iter 15200 - time: 29    - [train] loss: 0.0529 (+/-0.0305) - [valid] loss: 0.0355 (+/-0.0158) - [test] loss: 0.0387 (+/-0.0182)
2019-07-20 06:34:37,812 INFO - logger - Iter 15300 - time: 30    - [train] loss: 0.037  (+/-0.0163) - [valid] loss: 0.0387 (+/-0.0209) - [test] loss: 0.0268 (+/-0.0077)
2019-07-20 06:35:08,366 INFO - logger - Iter 15400 - time: 30    - [train] loss: 0.0246 (+/-0.0066) - [valid] loss: 0.0299 (+/-0.0079) - [test] loss: 0.0353 (+/-0.0107)
2019-07-20 06:35:38,768 INFO - logger - Iter 15500 - time: 30    - [train] loss: 0.0285 (+/-0.008 ) - [valid] loss: 0.0304 (+/-0.0124) - [test] loss: 0.0411 (+/-0.0213)
2019-07-20 06:36:08,746 INFO - logger - Iter 15600 - time: 29    - [train] loss: 0.0235 (+/-0.005 ) - [valid] loss: 0.0306 (+/-0.0081) - [test] loss: 0.0324 (+/-0.012 )
2019-07-20 06:36:38,918 INFO - logger - Iter 15700 - time: 30    - [train] loss: 0.0345 (+/-0.0155) - [valid] loss: 0.0272 (+/-0.0086) - [test] loss: 0.0268 (+/-0.0061)
2019-07-20 06:37:09,072 INFO - logger - Iter 15800 - time: 30    - [train] loss: 0.0256 (+/-0.0078) - [valid] loss: 0.0409 (+/-0.0318) - [test] loss: 0.0403 (+/-0.0153)
2019-07-20 06:37:38,492 INFO - logger - Iter 15900 - time: 29    - [train] loss: 0.0337 (+/-0.0096) - [valid] loss: 0.0307 (+/-0.0094) - [test] loss: 0.0374 (+/-0.0144)
2019-07-20 06:38:08,794 INFO - logger - Iter 16000 - time: 30    - [train] loss: 0.0327 (+/-0.0108) - [valid] loss: 0.0335 (+/-0.0102) - [test] loss: 0.0376 (+/-0.0106)
2019-07-20 06:38:38,987 INFO - logger - Iter 16100 - time: 30    - [train] loss: 0.0406 (+/-0.0149) - [valid] loss: 0.033  (+/-0.0088) - [test] loss: 0.0403 (+/-0.0143)
2019-07-20 06:39:09,799 INFO - logger - Iter 16200 - time: 30    - [train] loss: 0.037  (+/-0.0115) - [valid] loss: 0.0289 (+/-0.0077) - [test] loss: 0.0327 (+/-0.0117)
2019-07-20 06:39:40,135 INFO - logger - Iter 16300 - time: 30    - [train] loss: 0.0323 (+/-0.0086) - [valid] loss: 0.0278 (+/-0.0089) - [test] loss: 0.0464 (+/-0.0264)
2019-07-20 06:40:10,125 INFO - logger - Iter 16400 - time: 29    - [train] loss: 0.0342 (+/-0.0123) - [valid] loss: 0.0405 (+/-0.0331) - [test] loss: 0.0402 (+/-0.0179)
2019-07-20 06:40:40,755 INFO - logger - Iter 16500 - time: 30    - [train] loss: 0.0215 (+/-0.0056) - [valid] loss: 0.0532 (+/-0.0341) - [test] loss: 0.0501 (+/-0.0213)
2019-07-20 06:41:10,579 INFO - logger - Iter 16600 - time: 29    - [train] loss: 0.0428 (+/-0.025 ) - [valid] loss: 0.0298 (+/-0.0092) - [test] loss: 0.0306 (+/-0.0083)
2019-07-20 06:41:40,830 INFO - logger - Iter 16700 - time: 30    - [train] loss: 0.0333 (+/-0.0136) - [valid] loss: 0.0294 (+/-0.0074) - [test] loss: 0.041  (+/-0.0141)
2019-07-20 06:42:11,459 INFO - logger - Iter 16800 - time: 30    - [train] loss: 0.0364 (+/-0.0108) - [valid] loss: 0.0285 (+/-0.0071) - [test] loss: 0.042  (+/-0.0182)
2019-07-20 06:42:41,168 INFO - logger - Iter 16900 - time: 29    - [train] loss: 0.1012 (+/-0.0973) - [valid] loss: 0.0246 (+/-0.0059) - [test] loss: 0.0309 (+/-0.0101)
2019-07-20 06:43:11,298 INFO - logger - Iter 17000 - time: 30    - [train] loss: 0.0263 (+/-0.0063) - [valid] loss: 0.0572 (+/-0.0546) - [test] loss: 0.04   (+/-0.0146)
2019-07-20 06:43:41,613 INFO - logger - Iter 17100 - time: 30    - [train] loss: 0.0418 (+/-0.0127) - [valid] loss: 0.04   (+/-0.0088) - [test] loss: 0.0403 (+/-0.0192)
2019-07-20 06:44:11,673 INFO - logger - Iter 17200 - time: 30    - [train] loss: 0.0315 (+/-0.0106) - [valid] loss: 0.0291 (+/-0.0079) - [test] loss: 0.0583 (+/-0.0407)
2019-07-20 06:44:42,751 INFO - logger - Iter 17300 - time: 31    - [train] loss: 0.0374 (+/-0.0117) - [valid] loss: 0.0313 (+/-0.011 ) - [test] loss: 0.0378 (+/-0.0196)
2019-07-20 06:45:13,435 INFO - logger - Iter 17400 - time: 30    - [train] loss: 0.0429 (+/-0.0158) - [valid] loss: 0.0326 (+/-0.0109) - [test] loss: 0.0529 (+/-0.0242)
2019-07-20 06:45:42,337 INFO - logger - Iter 17500 - time: 28    - [train] loss: 0.0341 (+/-0.0112) - [valid] loss: 0.0335 (+/-0.0122) - [test] loss: 0.037  (+/-0.0147)
2019-07-20 06:46:13,231 INFO - logger - Iter 17600 - time: 30    - [train] loss: 0.0308 (+/-0.0113) - [valid] loss: 0.0374 (+/-0.0173) - [test] loss: 0.036  (+/-0.0165)
2019-07-20 06:46:43,749 INFO - logger - Iter 17700 - time: 30    - [train] loss: 0.0349 (+/-0.0114) - [valid] loss: 0.0287 (+/-0.0088) - [test] loss: 0.026  (+/-0.007 )
2019-07-20 06:47:14,117 INFO - logger - Iter 17800 - time: 30    - [train] loss: 0.0234 (+/-0.0071) - [valid] loss: 0.0374 (+/-0.0121) - [test] loss: 0.0338 (+/-0.0161)
2019-07-20 06:47:45,033 INFO - logger - Iter 17900 - time: 30    - [train] loss: 0.0372 (+/-0.0113) - [valid] loss: 0.0243 (+/-0.0061) - [test] loss: 0.0283 (+/-0.0095)
2019-07-20 06:48:14,258 INFO - logger - Iter 18000 - time: 29    - [train] loss: 0.0285 (+/-0.0071) - [valid] loss: 0.0253 (+/-0.0077) - [test] loss: 0.042  (+/-0.0182)
2019-07-20 06:48:45,127 INFO - logger - Iter 18100 - time: 30    - [train] loss: 0.0277 (+/-0.008 ) - [valid] loss: 0.0289 (+/-0.0074) - [test] loss: 0.0388 (+/-0.0138)
2019-07-20 06:49:15,176 INFO - logger - Iter 18200 - time: 30    - [train] loss: 0.0315 (+/-0.0143) - [valid] loss: 0.0345 (+/-0.0114) - [test] loss: 0.0293 (+/-0.0107)
2019-07-20 06:49:45,138 INFO - logger - Iter 18300 - time: 29    - [train] loss: 0.0375 (+/-0.0288) - [valid] loss: 0.0274 (+/-0.0069) - [test] loss: 0.0252 (+/-0.0099)
2019-07-20 06:50:16,088 INFO - logger - Iter 18400 - time: 30    - [train] loss: 0.0418 (+/-0.0233) - [valid] loss: 0.0208 (+/-0.0046) - [test] loss: 0.0405 (+/-0.0178)
2019-07-20 06:50:46,315 INFO - logger - Iter 18500 - time: 30    - [train] loss: 0.0297 (+/-0.0103) - [valid] loss: 0.0419 (+/-0.0331) - [test] loss: 0.0314 (+/-0.0149)
2019-07-20 06:51:17,952 INFO - logger - Iter 18600 - time: 31    - [train] loss: 0.0332 (+/-0.0098) - [valid] loss: 0.0399 (+/-0.0156) - [test] loss: 0.0392 (+/-0.0183)
2019-07-20 06:51:48,294 INFO - logger - Iter 18700 - time: 30    - [train] loss: 0.0347 (+/-0.0154) - [valid] loss: 0.0346 (+/-0.0118) - [test] loss: 0.026  (+/-0.0041)
2019-07-20 06:52:18,759 INFO - logger - Iter 18800 - time: 30    - [train] loss: 0.0372 (+/-0.0138) - [valid] loss: 0.0344 (+/-0.0168) - [test] loss: 0.028  (+/-0.0074)
2019-07-20 06:52:48,907 INFO - logger - Iter 18900 - time: 30    - [train] loss: 0.0303 (+/-0.0097) - [valid] loss: 0.0229 (+/-0.007 ) - [test] loss: 0.0336 (+/-0.0134)
2019-07-20 06:53:19,318 INFO - logger - Iter 19000 - time: 30    - [train] loss: 0.0266 (+/-0.008 ) - [valid] loss: 0.0293 (+/-0.0094) - [test] loss: 0.0408 (+/-0.017 )
2019-07-20 06:53:49,443 INFO - logger - Iter 19100 - time: 30    - [train] loss: 0.0287 (+/-0.0103) - [valid] loss: 0.0267 (+/-0.0066) - [test] loss: 0.0364 (+/-0.015 )
2019-07-20 06:54:19,611 INFO - logger - Iter 19200 - time: 30    - [train] loss: 0.0247 (+/-0.0066) - [valid] loss: 0.0239 (+/-0.0058) - [test] loss: 0.0308 (+/-0.0108)
2019-07-20 06:54:50,390 INFO - logger - Iter 19300 - time: 30    - [train] loss: 0.0427 (+/-0.0181) - [valid] loss: 0.0285 (+/-0.0141) - [test] loss: 0.029  (+/-0.0096)
2019-07-20 06:55:20,643 INFO - logger - Iter 19400 - time: 30    - [train] loss: 0.0357 (+/-0.0158) - [valid] loss: 0.0243 (+/-0.0108) - [test] loss: 0.0313 (+/-0.0098)
2019-07-20 06:55:50,240 INFO - logger - Iter 19500 - time: 29    - [train] loss: 0.0369 (+/-0.0307) - [valid] loss: 0.0308 (+/-0.0087) - [test] loss: 0.0397 (+/-0.0193)
2019-07-20 06:56:20,371 INFO - logger - Iter 19600 - time: 30    - [train] loss: 0.0222 (+/-0.0049) - [valid] loss: 0.0326 (+/-0.0144) - [test] loss: 0.0302 (+/-0.0069)
2019-07-20 06:56:50,952 INFO - logger - Iter 19700 - time: 30    - [train] loss: 0.0298 (+/-0.0096) - [valid] loss: 0.029  (+/-0.0069) - [test] loss: 0.0319 (+/-0.0116)
2019-07-20 06:57:21,177 INFO - logger - Iter 19800 - time: 30    - [train] loss: 0.032  (+/-0.0124) - [valid] loss: 0.0282 (+/-0.0081) - [test] loss: 0.0225 (+/-0.0045)
2019-07-20 06:57:50,313 INFO - logger - Iter 19900 - time: 29    - [train] loss: 0.0397 (+/-0.0136) - [valid] loss: 0.0377 (+/-0.0149) - [test] loss: 0.0398 (+/-0.0145)
2019-07-20 06:58:20,184 INFO - logger - Iter 20000 - time: 29    - [train] loss: 0.0298 (+/-0.0078) - [valid] loss: 0.0345 (+/-0.0268) - [test] loss: 0.033  (+/-0.0092)
2019-07-20 06:58:49,051 INFO - logger - Iter 20100 - time: 28    - [train] loss: 0.0189 (+/-0.0047) - [valid] loss: 0.0238 (+/-0.0078) - [test] loss: 0.0377 (+/-0.0216)
2019-07-20 06:59:19,556 INFO - logger - Iter 20200 - time: 30    - [train] loss: 0.0287 (+/-0.0085) - [valid] loss: 0.0423 (+/-0.0273) - [test] loss: 0.0304 (+/-0.0079)
2019-07-20 06:59:50,481 INFO - logger - Iter 20300 - time: 30    - [train] loss: 0.0336 (+/-0.0124) - [valid] loss: 0.0394 (+/-0.0189) - [test] loss: 0.0298 (+/-0.01  )
2019-07-20 07:00:20,135 INFO - logger - Iter 20400 - time: 29    - [train] loss: 0.0455 (+/-0.02  ) - [valid] loss: 0.0286 (+/-0.0085) - [test] loss: 0.0323 (+/-0.0126)
2019-07-20 07:00:50,813 INFO - logger - Iter 20500 - time: 30    - [train] loss: 0.0237 (+/-0.0046) - [valid] loss: 0.0279 (+/-0.0092) - [test] loss: 0.0478 (+/-0.0344)
2019-07-20 07:01:20,961 INFO - logger - Iter 20600 - time: 30    - [train] loss: 0.0369 (+/-0.0144) - [valid] loss: 0.0245 (+/-0.0059) - [test] loss: 0.0291 (+/-0.0117)
2019-07-20 07:01:51,189 INFO - logger - Iter 20700 - time: 30    - [train] loss: 0.0276 (+/-0.0089) - [valid] loss: 0.0402 (+/-0.0165) - [test] loss: 0.0266 (+/-0.0058)
2019-07-20 07:02:22,310 INFO - logger - Iter 20800 - time: 31    - [train] loss: 0.0409 (+/-0.0333) - [valid] loss: 0.0256 (+/-0.0072) - [test] loss: 0.0305 (+/-0.0093)
2019-07-20 07:02:52,460 INFO - logger - Iter 20900 - time: 30    - [train] loss: 0.027  (+/-0.0106) - [valid] loss: 0.0218 (+/-0.005 ) - [test] loss: 0.0298 (+/-0.0101)
2019-07-20 07:03:23,195 INFO - logger - Iter 21000 - time: 30    - [train] loss: 0.0425 (+/-0.0272) - [valid] loss: 0.0271 (+/-0.0113) - [test] loss: 0.0203 (+/-0.0079)
2019-07-20 07:03:52,633 INFO - logger - Iter 21100 - time: 29    - [train] loss: 0.0246 (+/-0.0067) - [valid] loss: 0.0325 (+/-0.0175) - [test] loss: 0.0378 (+/-0.0225)
2019-07-20 07:04:23,451 INFO - logger - Iter 21200 - time: 30    - [train] loss: 0.0271 (+/-0.0105) - [valid] loss: 0.049  (+/-0.0335) - [test] loss: 0.0373 (+/-0.0182)
2019-07-20 07:04:53,784 INFO - logger - Iter 21300 - time: 30    - [train] loss: 0.0288 (+/-0.0089) - [valid] loss: 0.0284 (+/-0.0075) - [test] loss: 0.036  (+/-0.0154)
2019-07-20 07:05:24,267 INFO - logger - Iter 21400 - time: 30    - [train] loss: 0.0236 (+/-0.0053) - [valid] loss: 0.0331 (+/-0.0175) - [test] loss: 0.0296 (+/-0.0105)
2019-07-20 07:05:54,566 INFO - logger - Iter 21500 - time: 30    - [train] loss: 0.03   (+/-0.0101) - [valid] loss: 0.0322 (+/-0.0112) - [test] loss: 0.0279 (+/-0.012 )
2019-07-20 07:06:24,748 INFO - logger - Iter 21600 - time: 30    - [train] loss: 0.0352 (+/-0.0143) - [valid] loss: 0.0215 (+/-0.0061) - [test] loss: 0.0413 (+/-0.0216)
2019-07-20 07:06:56,091 INFO - logger - Iter 21700 - time: 31    - [train] loss: 0.0311 (+/-0.0178) - [valid] loss: 0.0376 (+/-0.0157) - [test] loss: 0.0273 (+/-0.0086)
2019-07-20 07:07:26,014 INFO - logger - Iter 21800 - time: 29    - [train] loss: 0.0374 (+/-0.023 ) - [valid] loss: 0.0332 (+/-0.012 ) - [test] loss: 0.0244 (+/-0.0044)
2019-07-20 07:07:55,647 INFO - logger - Iter 21900 - time: 29    - [train] loss: 0.0238 (+/-0.0097) - [valid] loss: 0.0344 (+/-0.0168) - [test] loss: 0.048  (+/-0.0192)
2019-07-20 07:08:25,846 INFO - logger - Iter 22000 - time: 30    - [train] loss: 0.0218 (+/-0.005 ) - [valid] loss: 0.0237 (+/-0.0077) - [test] loss: 0.0368 (+/-0.0116)
2019-07-20 07:08:56,401 INFO - logger - Iter 22100 - time: 30    - [train] loss: 0.0211 (+/-0.006 ) - [valid] loss: 0.0287 (+/-0.0138) - [test] loss: 0.0256 (+/-0.01  )
2019-07-20 07:09:27,075 INFO - logger - Iter 22200 - time: 30    - [train] loss: 0.0284 (+/-0.0091) - [valid] loss: 0.0377 (+/-0.0208) - [test] loss: 0.031  (+/-0.0117)
2019-07-20 07:09:57,210 INFO - logger - Iter 22300 - time: 30    - [train] loss: 0.0443 (+/-0.0187) - [valid] loss: 0.0288 (+/-0.0101) - [test] loss: 0.0533 (+/-0.0302)
2019-07-20 07:10:26,724 INFO - logger - Iter 22400 - time: 29    - [train] loss: 0.0252 (+/-0.0115) - [valid] loss: 0.0395 (+/-0.0142) - [test] loss: 0.0402 (+/-0.018 )
2019-07-20 07:10:58,104 INFO - logger - Iter 22500 - time: 31    - [train] loss: 0.0368 (+/-0.021 ) - [valid] loss: 0.0377 (+/-0.0152) - [test] loss: 0.0457 (+/-0.025 )
2019-07-20 07:11:27,540 INFO - logger - Iter 22600 - time: 29    - [train] loss: 0.0229 (+/-0.0105) - [valid] loss: 0.0272 (+/-0.0081) - [test] loss: 0.0239 (+/-0.0094)
2019-07-20 07:11:57,820 INFO - logger - Iter 22700 - time: 30    - [train] loss: 0.0276 (+/-0.0094) - [valid] loss: 0.0398 (+/-0.0147) - [test] loss: 0.0293 (+/-0.0084)
2019-07-20 07:12:27,685 INFO - logger - Iter 22800 - time: 29    - [train] loss: 0.0372 (+/-0.0189) - [valid] loss: 0.0266 (+/-0.0085) - [test] loss: 0.0197 (+/-0.0045)
2019-07-20 07:12:57,954 INFO - logger - Iter 22900 - time: 30    - [train] loss: 0.0243 (+/-0.0074) - [valid] loss: 0.0296 (+/-0.0083) - [test] loss: 0.0315 (+/-0.0111)
2019-07-20 07:13:26,840 INFO - logger - Iter 23000 - time: 28    - [train] loss: 0.0324 (+/-0.0105) - [valid] loss: 0.0331 (+/-0.0118) - [test] loss: 0.0323 (+/-0.0103)
2019-07-20 07:13:56,406 INFO - logger - Iter 23100 - time: 29    - [train] loss: 0.0404 (+/-0.0172) - [valid] loss: 0.0345 (+/-0.0149) - [test] loss: 0.0294 (+/-0.0085)
2019-07-20 07:14:26,156 INFO - logger - Iter 23200 - time: 29    - [train] loss: 0.0263 (+/-0.0142) - [valid] loss: 0.0271 (+/-0.0116) - [test] loss: 0.0459 (+/-0.0293)
2019-07-20 07:14:55,982 INFO - logger - Iter 23300 - time: 29    - [train] loss: 0.0189 (+/-0.0053) - [valid] loss: 0.0238 (+/-0.007 ) - [test] loss: 0.0211 (+/-0.0076)
2019-07-20 07:15:24,788 INFO - logger - Iter 23400 - time: 28    - [train] loss: 0.0279 (+/-0.0105) - [valid] loss: 0.0192 (+/-0.0043) - [test] loss: 0.0306 (+/-0.0116)
2019-07-20 07:15:53,870 INFO - logger - Iter 23500 - time: 29    - [train] loss: 0.0394 (+/-0.0232) - [valid] loss: 0.0274 (+/-0.0116) - [test] loss: 0.0326 (+/-0.0148)
2019-07-20 07:16:23,170 INFO - logger - Iter 23600 - time: 29    - [train] loss: 0.0294 (+/-0.0073) - [valid] loss: 0.0283 (+/-0.0109) - [test] loss: 0.0178 (+/-0.0055)
2019-07-20 07:16:52,804 INFO - logger - Iter 23700 - time: 29    - [train] loss: 0.028  (+/-0.0115) - [valid] loss: 0.0276 (+/-0.01  ) - [test] loss: 0.038  (+/-0.0176)
2019-07-20 07:17:22,131 INFO - logger - Iter 23800 - time: 29    - [train] loss: 0.0345 (+/-0.0137) - [valid] loss: 0.0342 (+/-0.016 ) - [test] loss: 0.0647 (+/-0.0614)
2019-07-20 07:17:51,157 INFO - logger - Iter 23900 - time: 29    - [train] loss: 0.0198 (+/-0.0058) - [valid] loss: 0.0266 (+/-0.0075) - [test] loss: 0.0421 (+/-0.0243)
2019-07-20 07:18:20,515 INFO - logger - Iter 24000 - time: 29    - [train] loss: 0.0262 (+/-0.0116) - [valid] loss: 0.0168 (+/-0.0038) - [test] loss: 0.0313 (+/-0.0127)
2019-07-20 07:18:50,301 INFO - logger - Iter 24100 - time: 29    - [train] loss: 0.0345 (+/-0.0129) - [valid] loss: 0.0283 (+/-0.0115) - [test] loss: 0.0272 (+/-0.0118)
2019-07-20 07:19:20,354 INFO - logger - Iter 24200 - time: 30    - [train] loss: 0.0255 (+/-0.0079) - [valid] loss: 0.0256 (+/-0.0108) - [test] loss: 0.0386 (+/-0.0147)
2019-07-20 07:19:49,903 INFO - logger - Iter 24300 - time: 29    - [train] loss: 0.0291 (+/-0.0136) - [valid] loss: 0.0279 (+/-0.0122) - [test] loss: 0.0293 (+/-0.0107)
2019-07-20 07:20:19,392 INFO - logger - Iter 24400 - time: 29    - [train] loss: 0.037  (+/-0.0122) - [valid] loss: 0.0322 (+/-0.0179) - [test] loss: 0.0267 (+/-0.0074)
2019-07-20 07:20:49,499 INFO - logger - Iter 24500 - time: 30    - [train] loss: 0.0391 (+/-0.0171) - [valid] loss: 0.0281 (+/-0.0119) - [test] loss: 0.0367 (+/-0.0201)
2019-07-20 07:21:19,067 INFO - logger - Iter 24600 - time: 29    - [train] loss: 0.0242 (+/-0.0062) - [valid] loss: 0.0554 (+/-0.0405) - [test] loss: 0.0295 (+/-0.0153)
2019-07-20 07:21:49,048 INFO - logger - Iter 24700 - time: 29    - [train] loss: 0.0309 (+/-0.0128) - [valid] loss: 0.0235 (+/-0.0069) - [test] loss: 0.0298 (+/-0.0081)
2019-07-20 07:22:18,983 INFO - logger - Iter 24800 - time: 29    - [train] loss: 0.0264 (+/-0.0079) - [valid] loss: 0.0177 (+/-0.0044) - [test] loss: 0.0262 (+/-0.0147)
2019-07-20 07:22:48,613 INFO - logger - Iter 24900 - time: 29    - [train] loss: 0.0231 (+/-0.0081) - [valid] loss: 0.0296 (+/-0.0169) - [test] loss: 0.0312 (+/-0.0109)
2019-07-20 07:23:18,228 INFO - logger - Iter 25000 - time: 29    - [train] loss: 0.024  (+/-0.0129) - [valid] loss: 0.037  (+/-0.0151) - [test] loss: 0.0372 (+/-0.0164)
2019-07-20 07:23:47,531 INFO - logger - Iter 25100 - time: 29    - [train] loss: 0.049  (+/-0.027 ) - [valid] loss: 0.0291 (+/-0.0094) - [test] loss: 0.0302 (+/-0.0081)
2019-07-20 07:24:16,924 INFO - logger - Iter 25200 - time: 29    - [train] loss: 0.0274 (+/-0.0073) - [valid] loss: 0.0497 (+/-0.0237) - [test] loss: 0.0311 (+/-0.0117)
2019-07-20 07:24:46,355 INFO - logger - Iter 25300 - time: 29    - [train] loss: 0.0246 (+/-0.0081) - [valid] loss: 0.0293 (+/-0.0106) - [test] loss: 0.0348 (+/-0.0125)
2019-07-20 07:25:15,153 INFO - logger - Iter 25400 - time: 28    - [train] loss: 0.0282 (+/-0.009 ) - [valid] loss: 0.0302 (+/-0.0113) - [test] loss: 0.0256 (+/-0.0064)
2019-07-20 07:25:44,481 INFO - logger - Iter 25500 - time: 29    - [train] loss: 0.0271 (+/-0.007 ) - [valid] loss: 0.0374 (+/-0.0228) - [test] loss: 0.0391 (+/-0.0155)
2019-07-20 07:26:13,932 INFO - logger - Iter 25600 - time: 29    - [train] loss: 0.0476 (+/-0.0338) - [valid] loss: 0.0218 (+/-0.0067) - [test] loss: 0.021  (+/-0.0053)
2019-07-20 07:26:42,728 INFO - logger - Iter 25700 - time: 28    - [train] loss: 0.0291 (+/-0.0104) - [valid] loss: 0.0299 (+/-0.0136) - [test] loss: 0.0236 (+/-0.0077)
2019-07-20 07:27:11,150 INFO - logger - Iter 25800 - time: 28    - [train] loss: 0.0493 (+/-0.0286) - [valid] loss: 0.0329 (+/-0.0184) - [test] loss: 0.0255 (+/-0.0078)
2019-07-20 07:27:40,790 INFO - logger - Iter 25900 - time: 29    - [train] loss: 0.0418 (+/-0.0238) - [valid] loss: 0.0251 (+/-0.0072) - [test] loss: 0.0301 (+/-0.0105)
2019-07-20 07:28:09,058 INFO - logger - Iter 26000 - time: 28    - [train] loss: 0.022  (+/-0.0073) - [valid] loss: 0.0337 (+/-0.0178) - [test] loss: 0.0258 (+/-0.0106)
2019-07-20 07:28:39,928 INFO - logger - Iter 26100 - time: 30    - [train] loss: 0.0238 (+/-0.0121) - [valid] loss: 0.0367 (+/-0.0146) - [test] loss: 0.0279 (+/-0.0109)
2019-07-20 07:29:10,010 INFO - logger - Iter 26200 - time: 30    - [train] loss: 0.018  (+/-0.0057) - [valid] loss: 0.0279 (+/-0.0079) - [test] loss: 0.0202 (+/-0.0071)
2019-07-20 07:29:39,340 INFO - logger - Iter 26300 - time: 29    - [train] loss: 0.0421 (+/-0.0249) - [valid] loss: 0.0465 (+/-0.027 ) - [test] loss: 0.0235 (+/-0.0117)
2019-07-20 07:30:08,880 INFO - logger - Iter 26400 - time: 29    - [train] loss: 0.026  (+/-0.0104) - [valid] loss: 0.0254 (+/-0.0096) - [test] loss: 0.0208 (+/-0.0068)
2019-07-20 07:30:37,732 INFO - logger - Iter 26500 - time: 28    - [train] loss: 0.0574 (+/-0.0356) - [valid] loss: 0.0325 (+/-0.012 ) - [test] loss: 0.0377 (+/-0.0151)
2019-07-20 07:31:08,216 INFO - logger - Iter 26600 - time: 30    - [train] loss: 0.0383 (+/-0.0163) - [valid] loss: 0.0299 (+/-0.0137) - [test] loss: 0.0382 (+/-0.0257)
2019-07-20 07:31:37,554 INFO - logger - Iter 26700 - time: 29    - [train] loss: 0.0368 (+/-0.0115) - [valid] loss: 0.0227 (+/-0.0066) - [test] loss: 0.0404 (+/-0.0362)
2019-07-20 07:32:06,691 INFO - logger - Iter 26800 - time: 29    - [train] loss: 0.024  (+/-0.006 ) - [valid] loss: 0.0261 (+/-0.0068) - [test] loss: 0.0386 (+/-0.026 )
2019-07-20 07:32:35,012 INFO - logger - Iter 26900 - time: 28    - [train] loss: 0.0206 (+/-0.0059) - [valid] loss: 0.0419 (+/-0.0185) - [test] loss: 0.028  (+/-0.0115)
2019-07-20 07:33:04,890 INFO - logger - Iter 27000 - time: 29    - [train] loss: 0.0329 (+/-0.0099) - [valid] loss: 0.027  (+/-0.0067) - [test] loss: 0.0274 (+/-0.0056)
2019-07-20 07:33:35,010 INFO - logger - Iter 27100 - time: 30    - [train] loss: 0.0335 (+/-0.019 ) - [valid] loss: 0.0526 (+/-0.0371) - [test] loss: 0.0484 (+/-0.0272)
2019-07-20 07:34:04,139 INFO - logger - Iter 27200 - time: 29    - [train] loss: 0.0232 (+/-0.0071) - [valid] loss: 0.0203 (+/-0.007 ) - [test] loss: 0.0203 (+/-0.0051)
2019-07-20 07:34:33,345 INFO - logger - Iter 27300 - time: 29    - [train] loss: 0.0251 (+/-0.0081) - [valid] loss: 0.0287 (+/-0.0081) - [test] loss: 0.0257 (+/-0.0126)
2019-07-20 07:35:02,439 INFO - logger - Iter 27400 - time: 29    - [train] loss: 0.0229 (+/-0.0062) - [valid] loss: 0.0399 (+/-0.0202) - [test] loss: 0.0261 (+/-0.0102)
2019-07-20 07:35:32,097 INFO - logger - Iter 27500 - time: 29    - [train] loss: 0.0346 (+/-0.0148) - [valid] loss: 0.0219 (+/-0.0063) - [test] loss: 0.0356 (+/-0.0205)
2019-07-20 07:36:01,961 INFO - logger - Iter 27600 - time: 29    - [train] loss: 0.0201 (+/-0.0063) - [valid] loss: 0.0347 (+/-0.0186) - [test] loss: 0.0251 (+/-0.0075)
2019-07-20 07:36:30,650 INFO - logger - Iter 27700 - time: 28    - [train] loss: 0.0287 (+/-0.0104) - [valid] loss: 0.0334 (+/-0.0205) - [test] loss: 0.0203 (+/-0.0073)
2019-07-20 07:37:00,391 INFO - logger - Iter 27800 - time: 29    - [train] loss: 0.0225 (+/-0.0048) - [valid] loss: 0.0247 (+/-0.0088) - [test] loss: 0.0423 (+/-0.0246)
2019-07-20 07:37:29,169 INFO - logger - Iter 27900 - time: 28    - [train] loss: 0.0281 (+/-0.013 ) - [valid] loss: 0.0228 (+/-0.0076) - [test] loss: 0.0248 (+/-0.0085)
2019-07-20 07:37:59,439 INFO - logger - Iter 28000 - time: 30    - [train] loss: 0.0338 (+/-0.0148) - [valid] loss: 0.0296 (+/-0.0161) - [test] loss: 0.0278 (+/-0.0178)
2019-07-20 07:38:28,148 INFO - logger - Iter 28100 - time: 28    - [train] loss: 0.0281 (+/-0.0134) - [valid] loss: 0.0233 (+/-0.0071) - [test] loss: 0.0176 (+/-0.0038)
2019-07-20 07:38:57,488 INFO - logger - Iter 28200 - time: 29    - [train] loss: 0.0263 (+/-0.0089) - [valid] loss: 0.0264 (+/-0.0095) - [test] loss: 0.0377 (+/-0.018 )
2019-07-20 07:39:26,445 INFO - logger - Iter 28300 - time: 28    - [train] loss: 0.0185 (+/-0.0064) - [valid] loss: 0.0485 (+/-0.038 ) - [test] loss: 0.0263 (+/-0.0112)
2019-07-20 07:39:55,486 INFO - logger - Iter 28400 - time: 29    - [train] loss: 0.0245 (+/-0.0075) - [valid] loss: 0.0175 (+/-0.0077) - [test] loss: 0.073  (+/-0.0543)
2019-07-20 07:40:26,505 INFO - logger - Iter 28500 - time: 31    - [train] loss: 0.0384 (+/-0.017 ) - [valid] loss: 0.0304 (+/-0.0102) - [test] loss: 0.0247 (+/-0.0062)
2019-07-20 07:40:55,051 INFO - logger - Iter 28600 - time: 28    - [train] loss: 0.0331 (+/-0.0141) - [valid] loss: 0.0286 (+/-0.0124) - [test] loss: 0.0376 (+/-0.0149)
2019-07-20 07:41:24,853 INFO - logger - Iter 28700 - time: 29    - [train] loss: 0.0177 (+/-0.0036) - [valid] loss: 0.0329 (+/-0.0181) - [test] loss: 0.0442 (+/-0.0194)
2019-07-20 07:41:53,789 INFO - logger - Iter 28800 - time: 28    - [train] loss: 0.0297 (+/-0.0101) - [valid] loss: 0.0259 (+/-0.0066) - [test] loss: 0.0279 (+/-0.0076)
2019-07-20 07:42:24,100 INFO - logger - Iter 28900 - time: 30    - [train] loss: 0.0337 (+/-0.0131) - [valid] loss: 0.0306 (+/-0.024 ) - [test] loss: 0.026  (+/-0.0135)
2019-07-20 07:42:53,837 INFO - logger - Iter 29000 - time: 29    - [train] loss: 0.0184 (+/-0.0037) - [valid] loss: 0.0222 (+/-0.0108) - [test] loss: 0.0373 (+/-0.0185)
2019-07-20 07:43:22,006 INFO - logger - Iter 29100 - time: 28    - [train] loss: 0.0256 (+/-0.0084) - [valid] loss: 0.0278 (+/-0.01  ) - [test] loss: 0.0261 (+/-0.0074)
2019-07-20 07:43:51,823 INFO - logger - Iter 29200 - time: 29    - [train] loss: 0.0274 (+/-0.0102) - [valid] loss: 0.0331 (+/-0.0237) - [test] loss: 0.0192 (+/-0.0045)
2019-07-20 07:44:20,641 INFO - logger - Iter 29300 - time: 28    - [train] loss: 0.0208 (+/-0.0065) - [valid] loss: 0.0254 (+/-0.0093) - [test] loss: 0.0229 (+/-0.0061)
2019-07-20 07:44:50,879 INFO - logger - Iter 29400 - time: 30    - [train] loss: 0.0308 (+/-0.0218) - [valid] loss: 0.0191 (+/-0.0068) - [test] loss: 0.0255 (+/-0.0087)
2019-07-20 07:45:20,855 INFO - logger - Iter 29500 - time: 29    - [train] loss: 0.0286 (+/-0.0096) - [valid] loss: 0.0376 (+/-0.018 ) - [test] loss: 0.0265 (+/-0.0099)
2019-07-20 07:45:50,357 INFO - logger - Iter 29600 - time: 29    - [train] loss: 0.0268 (+/-0.0096) - [valid] loss: 0.0397 (+/-0.0284) - [test] loss: 0.04   (+/-0.0154)
2019-07-20 07:46:19,521 INFO - logger - Iter 29700 - time: 29    - [train] loss: 0.0292 (+/-0.0117) - [valid] loss: 0.0298 (+/-0.0133) - [test] loss: 0.0405 (+/-0.0174)
2019-07-20 07:46:48,933 INFO - logger - Iter 29800 - time: 29    - [train] loss: 0.0422 (+/-0.0231) - [valid] loss: 0.0337 (+/-0.0183) - [test] loss: 0.0217 (+/-0.0079)
2019-07-20 07:47:18,241 INFO - logger - Iter 29900 - time: 29    - [train] loss: 0.0264 (+/-0.0063) - [valid] loss: 0.021  (+/-0.0036) - [test] loss: 0.0243 (+/-0.0072)
2019-07-20 07:47:47,398 INFO - logger - Iter 30000 - time: 29    - [train] loss: 0.0416 (+/-0.0286) - [valid] loss: 0.03   (+/-0.0144) - [test] loss: 0.0353 (+/-0.0136)
2019-07-20 07:48:16,576 INFO - logger - Iter 30100 - time: 29    - [train] loss: 0.0583 (+/-0.053 ) - [valid] loss: 0.021  (+/-0.006 ) - [test] loss: 0.0408 (+/-0.0221)
2019-07-20 07:48:46,397 INFO - logger - Iter 30200 - time: 29    - [train] loss: 0.0274 (+/-0.0093) - [valid] loss: 0.0287 (+/-0.0123) - [test] loss: 0.0373 (+/-0.0135)
2019-07-20 07:49:15,938 INFO - logger - Iter 30300 - time: 29    - [train] loss: 0.0269 (+/-0.013 ) - [valid] loss: 0.0239 (+/-0.0073) - [test] loss: 0.0302 (+/-0.014 )
2019-07-20 07:49:43,517 INFO - logger - Iter 30400 - time: 27    - [train] loss: 0.0191 (+/-0.005 ) - [valid] loss: 0.0186 (+/-0.0044) - [test] loss: 0.0198 (+/-0.0066)
2019-07-20 07:50:13,192 INFO - logger - Iter 30500 - time: 29    - [train] loss: 0.0356 (+/-0.0126) - [valid] loss: 0.0513 (+/-0.0241) - [test] loss: 0.0354 (+/-0.0144)
2019-07-20 07:50:42,373 INFO - logger - Iter 30600 - time: 29    - [train] loss: 0.0279 (+/-0.0118) - [valid] loss: 0.0474 (+/-0.0353) - [test] loss: 0.018  (+/-0.0042)
2019-07-20 07:51:11,070 INFO - logger - Iter 30700 - time: 28    - [train] loss: 0.0277 (+/-0.0187) - [valid] loss: 0.0291 (+/-0.0166) - [test] loss: 0.026  (+/-0.009 )
2019-07-20 07:51:40,378 INFO - logger - Iter 30800 - time: 29    - [train] loss: 0.0316 (+/-0.0106) - [valid] loss: 0.0274 (+/-0.0087) - [test] loss: 0.0475 (+/-0.0372)
2019-07-20 07:52:09,234 INFO - logger - Iter 30900 - time: 28    - [train] loss: 0.0233 (+/-0.0078) - [valid] loss: 0.029  (+/-0.01  ) - [test] loss: 0.0191 (+/-0.0054)
2019-07-20 07:52:38,493 INFO - logger - Iter 31000 - time: 29    - [train] loss: 0.0599 (+/-0.0748) - [valid] loss: 0.0419 (+/-0.0214) - [test] loss: 0.0309 (+/-0.0103)
2019-07-20 07:53:07,817 INFO - logger - Iter 31100 - time: 29    - [train] loss: 0.0274 (+/-0.0088) - [valid] loss: 0.0251 (+/-0.0116) - [test] loss: 0.0288 (+/-0.0109)
2019-07-20 07:53:36,338 INFO - logger - Iter 31200 - time: 28    - [train] loss: 0.0431 (+/-0.0205) - [valid] loss: 0.0289 (+/-0.0075) - [test] loss: 0.0248 (+/-0.008 )
2019-07-20 07:54:05,674 INFO - logger - Iter 31300 - time: 29    - [train] loss: 0.0466 (+/-0.0388) - [valid] loss: 0.026  (+/-0.0113) - [test] loss: 0.0302 (+/-0.0091)
2019-07-20 07:54:35,235 INFO - logger - Iter 31400 - time: 29    - [train] loss: 0.0283 (+/-0.0095) - [valid] loss: 0.05   (+/-0.0362) - [test] loss: 0.0198 (+/-0.0037)
2019-07-20 07:55:03,655 INFO - logger - Iter 31500 - time: 28    - [train] loss: 0.0265 (+/-0.0099) - [valid] loss: 0.0354 (+/-0.0166) - [test] loss: 0.0375 (+/-0.0144)
2019-07-20 07:55:32,310 INFO - logger - Iter 31600 - time: 28    - [train] loss: 0.0203 (+/-0.0051) - [valid] loss: 0.0304 (+/-0.0128) - [test] loss: 0.0158 (+/-0.0037)
2019-07-20 07:56:02,111 INFO - logger - Iter 31700 - time: 29    - [train] loss: 0.0336 (+/-0.0099) - [valid] loss: 0.0284 (+/-0.0056) - [test] loss: 0.0286 (+/-0.0059)
2019-07-20 07:56:31,135 INFO - logger - Iter 31800 - time: 29    - [train] loss: 0.0236 (+/-0.0068) - [valid] loss: 0.0172 (+/-0.0045) - [test] loss: 0.0243 (+/-0.0069)
2019-07-20 07:56:59,735 INFO - logger - Iter 31900 - time: 28    - [train] loss: 0.0273 (+/-0.0091) - [valid] loss: 0.0277 (+/-0.0093) - [test] loss: 0.0281 (+/-0.0083)
2019-07-20 07:57:29,235 INFO - logger - Iter 32000 - time: 29    - [train] loss: 0.0322 (+/-0.0075) - [valid] loss: 0.0332 (+/-0.0079) - [test] loss: 0.0318 (+/-0.008 )
2019-07-20 07:57:58,748 INFO - logger - Iter 32100 - time: 29    - [train] loss: 0.0254 (+/-0.0101) - [valid] loss: 0.0252 (+/-0.0086) - [test] loss: 0.0244 (+/-0.0065)
2019-07-20 07:58:27,648 INFO - logger - Iter 32200 - time: 28    - [train] loss: 0.0193 (+/-0.0051) - [valid] loss: 0.0253 (+/-0.0087) - [test] loss: 0.0222 (+/-0.0081)
2019-07-20 07:58:56,632 INFO - logger - Iter 32300 - time: 28    - [train] loss: 0.0259 (+/-0.0055) - [valid] loss: 0.0381 (+/-0.0154) - [test] loss: 0.0319 (+/-0.0101)
2019-07-20 07:59:25,695 INFO - logger - Iter 32400 - time: 29    - [train] loss: 0.0314 (+/-0.0121) - [valid] loss: 0.0207 (+/-0.0095) - [test] loss: 0.0262 (+/-0.0075)
2019-07-20 07:59:55,234 INFO - logger - Iter 32500 - time: 29    - [train] loss: 0.0417 (+/-0.0149) - [valid] loss: 0.0391 (+/-0.022 ) - [test] loss: 0.0264 (+/-0.0072)
2019-07-20 08:00:23,788 INFO - logger - Iter 32600 - time: 28    - [train] loss: 0.0256 (+/-0.0083) - [valid] loss: 0.0367 (+/-0.0299) - [test] loss: 0.0296 (+/-0.0166)
2019-07-20 08:00:53,249 INFO - logger - Iter 32700 - time: 29    - [train] loss: 0.0325 (+/-0.0145) - [valid] loss: 0.0246 (+/-0.0096) - [test] loss: 0.0251 (+/-0.0111)
2019-07-20 08:01:21,516 INFO - logger - Iter 32800 - time: 28    - [train] loss: 0.0308 (+/-0.01  ) - [valid] loss: 0.0217 (+/-0.0054) - [test] loss: 0.0179 (+/-0.0035)
2019-07-20 08:01:50,973 INFO - logger - Iter 32900 - time: 29    - [train] loss: 0.0237 (+/-0.0127) - [valid] loss: 0.0259 (+/-0.0114) - [test] loss: 0.0231 (+/-0.006 )
2019-07-20 08:02:21,308 INFO - logger - Iter 33000 - time: 30    - [train] loss: 0.0148 (+/-0.0027) - [valid] loss: 0.0237 (+/-0.0127) - [test] loss: 0.0209 (+/-0.0073)
2019-07-20 08:02:50,689 INFO - logger - Iter 33100 - time: 29    - [train] loss: 0.0265 (+/-0.0082) - [valid] loss: 0.0253 (+/-0.0063) - [test] loss: 0.0258 (+/-0.0086)
2019-07-20 08:03:19,705 INFO - logger - Iter 33200 - time: 29    - [train] loss: 0.0612 (+/-0.0754) - [valid] loss: 0.0274 (+/-0.006 ) - [test] loss: 0.0325 (+/-0.0105)
2019-07-20 08:03:49,177 INFO - logger - Iter 33300 - time: 29    - [train] loss: 0.0224 (+/-0.0084) - [valid] loss: 0.0204 (+/-0.0062) - [test] loss: 0.0237 (+/-0.008 )
2019-07-20 08:04:19,001 INFO - logger - Iter 33400 - time: 29    - [train] loss: 0.0251 (+/-0.0067) - [valid] loss: 0.0291 (+/-0.0138) - [test] loss: 0.0235 (+/-0.0063)
2019-07-20 08:04:48,141 INFO - logger - Iter 33500 - time: 29    - [train] loss: 0.0349 (+/-0.0206) - [valid] loss: 0.0286 (+/-0.021 ) - [test] loss: 0.0262 (+/-0.0081)
2019-07-20 08:05:17,258 INFO - logger - Iter 33600 - time: 29    - [train] loss: 0.0254 (+/-0.0098) - [valid] loss: 0.0237 (+/-0.0067) - [test] loss: 0.0312 (+/-0.0151)
2019-07-20 08:05:44,923 INFO - logger - Iter 33700 - time: 27    - [train] loss: 0.0335 (+/-0.0091) - [valid] loss: 0.0175 (+/-0.003 ) - [test] loss: 0.0287 (+/-0.0128)
2019-07-20 08:06:14,555 INFO - logger - Iter 33800 - time: 29    - [train] loss: 0.027  (+/-0.0125) - [valid] loss: 0.0253 (+/-0.0053) - [test] loss: 0.0352 (+/-0.0132)
2019-07-20 08:06:43,958 INFO - logger - Iter 33900 - time: 29    - [train] loss: 0.0344 (+/-0.0111) - [valid] loss: 0.028  (+/-0.0157) - [test] loss: 0.0303 (+/-0.0098)
2019-07-20 08:07:13,072 INFO - logger - Iter 34000 - time: 29    - [train] loss: 0.0342 (+/-0.0127) - [valid] loss: 0.0345 (+/-0.0137) - [test] loss: 0.024  (+/-0.0041)
2019-07-20 08:07:41,736 INFO - logger - Iter 34100 - time: 28    - [train] loss: 0.0355 (+/-0.0197) - [valid] loss: 0.0258 (+/-0.0102) - [test] loss: 0.0282 (+/-0.0077)
2019-07-20 08:08:10,920 INFO - logger - Iter 34200 - time: 29    - [train] loss: 0.0291 (+/-0.0152) - [valid] loss: 0.0182 (+/-0.0037) - [test] loss: 0.023  (+/-0.0061)
2019-07-20 08:08:40,297 INFO - logger - Iter 34300 - time: 29    - [train] loss: 0.0335 (+/-0.0136) - [valid] loss: 0.0266 (+/-0.0115) - [test] loss: 0.0197 (+/-0.0047)
2019-07-20 08:09:09,958 INFO - logger - Iter 34400 - time: 29    - [train] loss: 0.03   (+/-0.0083) - [valid] loss: 0.0226 (+/-0.0044) - [test] loss: 0.0275 (+/-0.0067)
2019-07-20 08:09:39,556 INFO - logger - Iter 34500 - time: 29    - [train] loss: 0.0205 (+/-0.0061) - [valid] loss: 0.0253 (+/-0.0091) - [test] loss: 0.0294 (+/-0.0139)
2019-07-20 08:10:09,170 INFO - logger - Iter 34600 - time: 29    - [train] loss: 0.0345 (+/-0.0136) - [valid] loss: 0.0298 (+/-0.0111) - [test] loss: 0.0352 (+/-0.0144)
2019-07-20 08:10:37,786 INFO - logger - Iter 34700 - time: 28    - [train] loss: 0.0304 (+/-0.012 ) - [valid] loss: 0.0187 (+/-0.0044) - [test] loss: 0.0557 (+/-0.0473)
2019-07-20 08:11:07,772 INFO - logger - Iter 34800 - time: 29    - [train] loss: 0.0208 (+/-0.0045) - [valid] loss: 0.0352 (+/-0.02  ) - [test] loss: 0.0274 (+/-0.0152)
2019-07-20 08:11:36,563 INFO - logger - Iter 34900 - time: 28    - [train] loss: 0.0285 (+/-0.017 ) - [valid] loss: 0.0303 (+/-0.0159) - [test] loss: 0.0293 (+/-0.0101)
2019-07-20 08:12:05,521 INFO - logger - Iter 35000 - time: 28    - [train] loss: 0.0287 (+/-0.0079) - [valid] loss: 0.0239 (+/-0.0057) - [test] loss: 0.0312 (+/-0.011 )
2019-07-20 08:12:34,867 INFO - logger - Iter 35100 - time: 29    - [train] loss: 0.0207 (+/-0.005 ) - [valid] loss: 0.0289 (+/-0.0083) - [test] loss: 0.0324 (+/-0.0132)
2019-07-20 08:13:03,618 INFO - logger - Iter 35200 - time: 28    - [train] loss: 0.0482 (+/-0.0351) - [valid] loss: 0.0298 (+/-0.0116) - [test] loss: 0.0345 (+/-0.0198)
2019-07-20 08:13:32,659 INFO - logger - Iter 35300 - time: 29    - [train] loss: 0.0195 (+/-0.0043) - [valid] loss: 0.0229 (+/-0.0067) - [test] loss: 0.0204 (+/-0.0059)
2019-07-20 08:14:01,817 INFO - logger - Iter 35400 - time: 29    - [train] loss: 0.0308 (+/-0.0105) - [valid] loss: 0.0207 (+/-0.0052) - [test] loss: 0.022  (+/-0.0072)
2019-07-20 08:14:30,980 INFO - logger - Iter 35500 - time: 29    - [train] loss: 0.0228 (+/-0.007 ) - [valid] loss: 0.0233 (+/-0.0061) - [test] loss: 0.0291 (+/-0.0103)
2019-07-20 08:15:00,386 INFO - logger - Iter 35600 - time: 29    - [train] loss: 0.0404 (+/-0.0154) - [valid] loss: 0.039  (+/-0.0232) - [test] loss: 0.023  (+/-0.0071)
2019-07-20 08:15:30,658 INFO - logger - Iter 35700 - time: 30    - [train] loss: 0.0186 (+/-0.006 ) - [valid] loss: 0.0433 (+/-0.0347) - [test] loss: 0.0213 (+/-0.0079)
2019-07-20 08:15:59,576 INFO - logger - Iter 35800 - time: 28    - [train] loss: 0.0206 (+/-0.0106) - [valid] loss: 0.0222 (+/-0.0079) - [test] loss: 0.0222 (+/-0.008 )
2019-07-20 08:16:27,931 INFO - logger - Iter 35900 - time: 28    - [train] loss: 0.0314 (+/-0.0103) - [valid] loss: 0.0547 (+/-0.0388) - [test] loss: 0.0231 (+/-0.0069)
2019-07-20 08:16:55,858 INFO - logger - Iter 36000 - time: 27    - [train] loss: 0.0322 (+/-0.0119) - [valid] loss: 0.0183 (+/-0.003 ) - [test] loss: 0.0381 (+/-0.0159)
2019-07-20 08:17:25,409 INFO - logger - Iter 36100 - time: 29    - [train] loss: 0.0267 (+/-0.0085) - [valid] loss: 0.0243 (+/-0.008 ) - [test] loss: 0.0206 (+/-0.0062)
2019-07-20 08:17:54,126 INFO - logger - Iter 36200 - time: 28    - [train] loss: 0.0172 (+/-0.0033) - [valid] loss: 0.0259 (+/-0.0073) - [test] loss: 0.0341 (+/-0.0196)
2019-07-20 08:18:23,287 INFO - logger - Iter 36300 - time: 29    - [train] loss: 0.0387 (+/-0.0147) - [valid] loss: 0.024  (+/-0.0061) - [test] loss: 0.0311 (+/-0.0082)
2019-07-20 08:18:51,512 INFO - logger - Iter 36400 - time: 28    - [train] loss: 0.0217 (+/-0.0053) - [valid] loss: 0.0334 (+/-0.0171) - [test] loss: 0.0321 (+/-0.0201)
2019-07-20 08:19:19,775 INFO - logger - Iter 36500 - time: 28    - [train] loss: 0.0515 (+/-0.0307) - [valid] loss: 0.0321 (+/-0.0165) - [test] loss: 0.0259 (+/-0.0108)
2019-07-20 08:19:48,488 INFO - logger - Iter 36600 - time: 28    - [train] loss: 0.0269 (+/-0.0096) - [valid] loss: 0.02   (+/-0.0061) - [test] loss: 0.0185 (+/-0.0046)
2019-07-20 08:20:17,202 INFO - logger - Iter 36700 - time: 28    - [train] loss: 0.0203 (+/-0.0057) - [valid] loss: 0.0371 (+/-0.0178) - [test] loss: 0.0192 (+/-0.0063)
2019-07-20 08:20:44,885 INFO - logger - Iter 36800 - time: 27    - [train] loss: 0.0258 (+/-0.0105) - [valid] loss: 0.0288 (+/-0.0101) - [test] loss: 0.0333 (+/-0.0235)
2019-07-20 08:21:13,388 INFO - logger - Iter 36900 - time: 28    - [train] loss: 0.0384 (+/-0.0248) - [valid] loss: 0.0246 (+/-0.0074) - [test] loss: 0.0218 (+/-0.0055)
2019-07-20 08:21:42,026 INFO - logger - Iter 37000 - time: 28    - [train] loss: 0.0246 (+/-0.0117) - [valid] loss: 0.035  (+/-0.0191) - [test] loss: 0.0311 (+/-0.015 )
2019-07-20 08:22:09,445 INFO - logger - Iter 37100 - time: 27    - [train] loss: 0.0455 (+/-0.0319) - [valid] loss: 0.0248 (+/-0.0094) - [test] loss: 0.0231 (+/-0.0086)
2019-07-20 08:22:37,427 INFO - logger - Iter 37200 - time: 27    - [train] loss: 0.0184 (+/-0.0042) - [valid] loss: 0.0222 (+/-0.0069) - [test] loss: 0.0276 (+/-0.0115)
2019-07-20 08:23:05,282 INFO - logger - Iter 37300 - time: 27    - [train] loss: 0.0264 (+/-0.0129) - [valid] loss: 0.0177 (+/-0.0033) - [test] loss: 0.0229 (+/-0.0042)
2019-07-20 08:23:32,697 INFO - logger - Iter 37400 - time: 27    - [train] loss: 0.0289 (+/-0.0109) - [valid] loss: 0.0301 (+/-0.0131) - [test] loss: 0.0251 (+/-0.0098)
2019-07-20 08:24:01,249 INFO - logger - Iter 37500 - time: 28    - [train] loss: 0.0161 (+/-0.0049) - [valid] loss: 0.0261 (+/-0.0082) - [test] loss: 0.018  (+/-0.0057)
2019-07-20 08:24:29,191 INFO - logger - Iter 37600 - time: 27    - [train] loss: 0.0306 (+/-0.0123) - [valid] loss: 0.0214 (+/-0.007 ) - [test] loss: 0.0213 (+/-0.0091)
2019-07-20 08:24:57,259 INFO - logger - Iter 37700 - time: 28    - [train] loss: 0.0144 (+/-0.0027) - [valid] loss: 0.0207 (+/-0.0058) - [test] loss: 0.0183 (+/-0.0039)
2019-07-20 08:25:26,719 INFO - logger - Iter 37800 - time: 29    - [train] loss: 0.0215 (+/-0.0082) - [valid] loss: 0.0331 (+/-0.0143) - [test] loss: 0.0243 (+/-0.008 )
2019-07-20 08:25:54,626 INFO - logger - Iter 37900 - time: 27    - [train] loss: 0.0404 (+/-0.0251) - [valid] loss: 0.0407 (+/-0.0208) - [test] loss: 0.0203 (+/-0.0067)
2019-07-20 08:26:22,563 INFO - logger - Iter 38000 - time: 27    - [train] loss: 0.0313 (+/-0.0133) - [valid] loss: 0.0288 (+/-0.0116) - [test] loss: 0.0224 (+/-0.0074)
2019-07-20 08:26:51,213 INFO - logger - Iter 38100 - time: 28    - [train] loss: 0.0237 (+/-0.0071) - [valid] loss: 0.0314 (+/-0.0163) - [test] loss: 0.0173 (+/-0.0048)
2019-07-20 08:27:20,986 INFO - logger - Iter 38200 - time: 29    - [train] loss: 0.0279 (+/-0.016 ) - [valid] loss: 0.0255 (+/-0.0085) - [test] loss: 0.0406 (+/-0.0366)
2019-07-20 08:27:48,437 INFO - logger - Iter 38300 - time: 27    - [train] loss: 0.0277 (+/-0.0102) - [valid] loss: 0.0281 (+/-0.0112) - [test] loss: 0.032  (+/-0.0139)
2019-07-20 08:28:16,893 INFO - logger - Iter 38400 - time: 28    - [train] loss: 0.0289 (+/-0.0113) - [valid] loss: 0.0261 (+/-0.0072) - [test] loss: 0.034  (+/-0.0171)
2019-07-20 08:28:44,842 INFO - logger - Iter 38500 - time: 27    - [train] loss: 0.025  (+/-0.0088) - [valid] loss: 0.0283 (+/-0.0097) - [test] loss: 0.029  (+/-0.0132)
2019-07-20 08:29:15,241 INFO - logger - Iter 38600 - time: 30    - [train] loss: 0.0392 (+/-0.028 ) - [valid] loss: 0.0256 (+/-0.0081) - [test] loss: 0.0243 (+/-0.0082)
2019-07-20 08:29:43,353 INFO - logger - Iter 38700 - time: 28    - [train] loss: 0.0253 (+/-0.0121) - [valid] loss: 0.0175 (+/-0.0058) - [test] loss: 0.035  (+/-0.0196)
2019-07-20 08:30:11,817 INFO - logger - Iter 38800 - time: 28    - [train] loss: 0.0291 (+/-0.0256) - [valid] loss: 0.0196 (+/-0.0094) - [test] loss: 0.0412 (+/-0.0276)
2019-07-20 08:30:39,519 INFO - logger - Iter 38900 - time: 27    - [train] loss: 0.0258 (+/-0.0065) - [valid] loss: 0.0283 (+/-0.0087) - [test] loss: 0.0289 (+/-0.01  )
2019-07-20 08:31:10,299 INFO - logger - Iter 39000 - time: 30    - [train] loss: 0.0438 (+/-0.0261) - [valid] loss: 0.025  (+/-0.0064) - [test] loss: 0.0263 (+/-0.0079)
2019-07-20 08:31:38,560 INFO - logger - Iter 39100 - time: 28    - [train] loss: 0.0249 (+/-0.0087) - [valid] loss: 0.043  (+/-0.0214) - [test] loss: 0.0168 (+/-0.0034)
2019-07-20 08:32:07,008 INFO - logger - Iter 39200 - time: 28    - [train] loss: 0.025  (+/-0.0145) - [valid] loss: 0.0273 (+/-0.012 ) - [test] loss: 0.0358 (+/-0.0214)
2019-07-20 08:32:35,476 INFO - logger - Iter 39300 - time: 28    - [train] loss: 0.0277 (+/-0.0089) - [valid] loss: 0.0209 (+/-0.0044) - [test] loss: 0.0253 (+/-0.009 )
2019-07-20 08:33:03,670 INFO - logger - Iter 39400 - time: 28    - [train] loss: 0.0346 (+/-0.0223) - [valid] loss: 0.0306 (+/-0.019 ) - [test] loss: 0.0422 (+/-0.0318)
2019-07-20 08:33:32,986 INFO - logger - Iter 39500 - time: 29    - [train] loss: 0.0259 (+/-0.0083) - [valid] loss: 0.0326 (+/-0.0114) - [test] loss: 0.0251 (+/-0.0079)
2019-07-20 08:34:01,540 INFO - logger - Iter 39600 - time: 28    - [train] loss: 0.0258 (+/-0.0073) - [valid] loss: 0.0215 (+/-0.0094) - [test] loss: 0.0295 (+/-0.0082)
2019-07-20 08:34:29,376 INFO - logger - Iter 39700 - time: 27    - [train] loss: 0.0304 (+/-0.0149) - [valid] loss: 0.0201 (+/-0.0057) - [test] loss: 0.0214 (+/-0.0091)
2019-07-20 08:34:59,402 INFO - logger - Iter 39800 - time: 30    - [train] loss: 0.0324 (+/-0.0197) - [valid] loss: 0.0194 (+/-0.0041) - [test] loss: 0.0331 (+/-0.0195)
2019-07-20 08:35:28,471 INFO - logger - Iter 39900 - time: 29    - [train] loss: 0.0221 (+/-0.007 ) - [valid] loss: 0.029  (+/-0.0129) - [test] loss: 0.0313 (+/-0.0161)
2019-07-20 08:35:57,553 INFO - logger - Iter 40000 - time: 29    - [train] loss: 0.0238 (+/-0.0066) - [valid] loss: 0.0206 (+/-0.0047) - [test] loss: 0.03   (+/-0.0109)
2019-07-20 08:36:26,304 INFO - logger - Iter 40100 - time: 28    - [train] loss: 0.0237 (+/-0.012 ) - [valid] loss: 0.0231 (+/-0.0069) - [test] loss: 0.0202 (+/-0.0059)
2019-07-20 08:36:55,370 INFO - logger - Iter 40200 - time: 29    - [train] loss: 0.0301 (+/-0.011 ) - [valid] loss: 0.0277 (+/-0.0102) - [test] loss: 0.0182 (+/-0.0037)
2019-07-20 08:37:24,923 INFO - logger - Iter 40300 - time: 29    - [train] loss: 0.0377 (+/-0.015 ) - [valid] loss: 0.0298 (+/-0.015 ) - [test] loss: 0.019  (+/-0.0056)
2019-07-20 08:37:53,255 INFO - logger - Iter 40400 - time: 28    - [train] loss: 0.0335 (+/-0.0129) - [valid] loss: 0.0393 (+/-0.0196) - [test] loss: 0.0322 (+/-0.0158)
2019-07-20 08:38:20,571 INFO - logger - Iter 40500 - time: 27    - [train] loss: 0.0242 (+/-0.0083) - [valid] loss: 0.0242 (+/-0.0084) - [test] loss: 0.0286 (+/-0.0082)
2019-07-20 08:38:49,762 INFO - logger - Iter 40600 - time: 29    - [train] loss: 0.0243 (+/-0.0073) - [valid] loss: 0.0373 (+/-0.0208) - [test] loss: 0.033  (+/-0.0148)
2019-07-20 08:39:19,813 INFO - logger - Iter 40700 - time: 30    - [train] loss: 0.0231 (+/-0.0071) - [valid] loss: 0.0394 (+/-0.019 ) - [test] loss: 0.0186 (+/-0.0073)
2019-07-20 08:39:47,738 INFO - logger - Iter 40800 - time: 27    - [train] loss: 0.0307 (+/-0.0195) - [valid] loss: 0.0349 (+/-0.0146) - [test] loss: 0.0151 (+/-0.0031)
2019-07-20 08:40:17,118 INFO - logger - Iter 40900 - time: 29    - [train] loss: 0.0237 (+/-0.0096) - [valid] loss: 0.017  (+/-0.0057) - [test] loss: 0.0264 (+/-0.0132)
2019-07-20 08:40:45,468 INFO - logger - Iter 41000 - time: 28    - [train] loss: 0.0195 (+/-0.006 ) - [valid] loss: 0.0352 (+/-0.0152) - [test] loss: 0.0251 (+/-0.0087)
2019-07-20 08:41:16,406 INFO - logger - Iter 41100 - time: 30    - [train] loss: 0.0247 (+/-0.0077) - [valid] loss: 0.0296 (+/-0.0089) - [test] loss: 0.0369 (+/-0.0306)
2019-07-20 08:41:45,680 INFO - logger - Iter 41200 - time: 29    - [train] loss: 0.0271 (+/-0.0098) - [valid] loss: 0.0267 (+/-0.0097) - [test] loss: 0.0219 (+/-0.0073)
2019-07-20 08:42:13,811 INFO - logger - Iter 41300 - time: 28    - [train] loss: 0.0308 (+/-0.0128) - [valid] loss: 0.036  (+/-0.0126) - [test] loss: 0.0358 (+/-0.0269)
2019-07-20 08:42:42,189 INFO - logger - Iter 41400 - time: 28    - [train] loss: 0.0353 (+/-0.0219) - [valid] loss: 0.0343 (+/-0.0184) - [test] loss: 0.0246 (+/-0.0073)
2019-07-20 08:43:11,522 INFO - logger - Iter 41500 - time: 29    - [train] loss: 0.0224 (+/-0.0051) - [valid] loss: 0.0224 (+/-0.008 ) - [test] loss: 0.0293 (+/-0.0184)
2019-07-20 08:43:39,820 INFO - logger - Iter 41600 - time: 28    - [train] loss: 0.0202 (+/-0.0067) - [valid] loss: 0.0233 (+/-0.01  ) - [test] loss: 0.0231 (+/-0.0085)
2019-07-20 08:44:08,015 INFO - logger - Iter 41700 - time: 28    - [train] loss: 0.0288 (+/-0.0104) - [valid] loss: 0.0251 (+/-0.0057) - [test] loss: 0.0354 (+/-0.0195)
2019-07-20 08:44:36,824 INFO - logger - Iter 41800 - time: 28    - [train] loss: 0.0277 (+/-0.0149) - [valid] loss: 0.0259 (+/-0.0072) - [test] loss: 0.0255 (+/-0.0099)
2019-07-20 08:45:04,999 INFO - logger - Iter 41900 - time: 28    - [train] loss: 0.0437 (+/-0.0136) - [valid] loss: 0.0331 (+/-0.0111) - [test] loss: 0.0278 (+/-0.0052)
2019-07-20 08:45:33,898 INFO - logger - Iter 42000 - time: 28    - [train] loss: 0.0374 (+/-0.0207) - [valid] loss: 0.0268 (+/-0.0109) - [test] loss: 0.0248 (+/-0.0094)
2019-07-20 08:46:02,551 INFO - logger - Iter 42100 - time: 28    - [train] loss: 0.0304 (+/-0.0197) - [valid] loss: 0.0209 (+/-0.0062) - [test] loss: 0.0299 (+/-0.0138)
2019-07-20 08:46:30,870 INFO - logger - Iter 42200 - time: 28    - [train] loss: 0.0266 (+/-0.0102) - [valid] loss: 0.0237 (+/-0.0079) - [test] loss: 0.0321 (+/-0.0098)
2019-07-20 08:46:59,226 INFO - logger - Iter 42300 - time: 28    - [train] loss: 0.0225 (+/-0.0076) - [valid] loss: 0.0209 (+/-0.0061) - [test] loss: 0.0245 (+/-0.0086)
2019-07-20 08:47:27,922 INFO - logger - Iter 42400 - time: 28    - [train] loss: 0.0344 (+/-0.0096) - [valid] loss: 0.0482 (+/-0.0386) - [test] loss: 0.0347 (+/-0.0095)
2019-07-20 08:47:56,442 INFO - logger - Iter 42500 - time: 28    - [train] loss: 0.0241 (+/-0.0081) - [valid] loss: 0.0197 (+/-0.0099) - [test] loss: 0.0299 (+/-0.0146)
2019-07-20 08:48:25,526 INFO - logger - Iter 42600 - time: 29    - [train] loss: 0.0233 (+/-0.0083) - [valid] loss: 0.0264 (+/-0.0089) - [test] loss: 0.026  (+/-0.0093)
2019-07-20 08:48:53,270 INFO - logger - Iter 42700 - time: 27    - [train] loss: 0.0315 (+/-0.0165) - [valid] loss: 0.0361 (+/-0.0227) - [test] loss: 0.03   (+/-0.011 )
2019-07-20 08:49:21,300 INFO - logger - Iter 42800 - time: 28    - [train] loss: 0.0281 (+/-0.0099) - [valid] loss: 0.0216 (+/-0.0057) - [test] loss: 0.0386 (+/-0.0271)
2019-07-20 08:49:50,005 INFO - logger - Iter 42900 - time: 28    - [train] loss: 0.0294 (+/-0.0107) - [valid] loss: 0.0295 (+/-0.0153) - [test] loss: 0.0484 (+/-0.0634)
2019-07-20 08:50:18,818 INFO - logger - Iter 43000 - time: 28    - [train] loss: 0.0359 (+/-0.0152) - [valid] loss: 0.0272 (+/-0.0094) - [test] loss: 0.0384 (+/-0.0159)
2019-07-20 08:50:48,774 INFO - logger - Iter 43100 - time: 29    - [train] loss: 0.0401 (+/-0.0303) - [valid] loss: 0.0318 (+/-0.0124) - [test] loss: 0.0176 (+/-0.0046)
2019-07-20 08:51:16,715 INFO - logger - Iter 43200 - time: 27    - [train] loss: 0.0455 (+/-0.0201) - [valid] loss: 0.024  (+/-0.0085) - [test] loss: 0.0298 (+/-0.0135)
2019-07-20 08:51:45,626 INFO - logger - Iter 43300 - time: 28    - [train] loss: 0.0217 (+/-0.0101) - [valid] loss: 0.0316 (+/-0.024 ) - [test] loss: 0.0239 (+/-0.0091)
2019-07-20 08:52:13,696 INFO - logger - Iter 43400 - time: 28    - [train] loss: 0.022  (+/-0.0069) - [valid] loss: 0.0182 (+/-0.0062) - [test] loss: 0.0289 (+/-0.0135)
2019-07-20 08:52:44,226 INFO - logger - Iter 43500 - time: 30    - [train] loss: 0.0185 (+/-0.0058) - [valid] loss: 0.0204 (+/-0.0065) - [test] loss: 0.0223 (+/-0.0085)
2019-07-20 08:53:13,206 INFO - logger - Iter 43600 - time: 28    - [train] loss: 0.0241 (+/-0.0093) - [valid] loss: 0.0375 (+/-0.022 ) - [test] loss: 0.0328 (+/-0.0131)
2019-07-20 08:53:41,603 INFO - logger - Iter 43700 - time: 28    - [train] loss: 0.0283 (+/-0.0138) - [valid] loss: 0.0169 (+/-0.0058) - [test] loss: 0.0391 (+/-0.0164)
2019-07-20 08:54:09,580 INFO - logger - Iter 43800 - time: 27    - [train] loss: 0.034  (+/-0.03  ) - [valid] loss: 0.0315 (+/-0.0174) - [test] loss: 0.0325 (+/-0.0133)
2019-07-20 08:54:38,775 INFO - logger - Iter 43900 - time: 29    - [train] loss: 0.0176 (+/-0.0039) - [valid] loss: 0.0242 (+/-0.0066) - [test] loss: 0.0194 (+/-0.0047)
2019-07-20 08:55:07,985 INFO - logger - Iter 44000 - time: 29    - [train] loss: 0.0324 (+/-0.0113) - [valid] loss: 0.0273 (+/-0.0084) - [test] loss: 0.032  (+/-0.0149)
2019-07-20 08:55:37,136 INFO - logger - Iter 44100 - time: 29    - [train] loss: 0.0319 (+/-0.0199) - [valid] loss: 0.0288 (+/-0.0173) - [test] loss: 0.0239 (+/-0.0067)
2019-07-20 08:56:05,012 INFO - logger - Iter 44200 - time: 27    - [train] loss: 0.0209 (+/-0.0057) - [valid] loss: 0.0221 (+/-0.0067) - [test] loss: 0.0229 (+/-0.0067)
2019-07-20 08:56:33,945 INFO - logger - Iter 44300 - time: 28    - [train] loss: 0.0271 (+/-0.01  ) - [valid] loss: 0.0259 (+/-0.0087) - [test] loss: 0.0249 (+/-0.0082)
2019-07-20 08:57:03,587 INFO - logger - Iter 44400 - time: 29    - [train] loss: 0.0245 (+/-0.0089) - [valid] loss: 0.0246 (+/-0.0075) - [test] loss: 0.069  (+/-0.0532)
2019-07-20 08:57:31,923 INFO - logger - Iter 44500 - time: 28    - [train] loss: 0.0197 (+/-0.0038) - [valid] loss: 0.0462 (+/-0.0262) - [test] loss: 0.0228 (+/-0.0056)
2019-07-20 08:58:00,287 INFO - logger - Iter 44600 - time: 28    - [train] loss: 0.0271 (+/-0.0127) - [valid] loss: 0.0466 (+/-0.0319) - [test] loss: 0.033  (+/-0.0144)
2019-07-20 08:58:28,888 INFO - logger - Iter 44700 - time: 28    - [train] loss: 0.0298 (+/-0.0163) - [valid] loss: 0.0227 (+/-0.0079) - [test] loss: 0.0184 (+/-0.0039)
2019-07-20 08:58:59,073 INFO - logger - Iter 44800 - time: 30    - [train] loss: 0.0373 (+/-0.0161) - [valid] loss: 0.0209 (+/-0.0053) - [test] loss: 0.0246 (+/-0.0068)
2019-07-20 08:59:26,875 INFO - logger - Iter 44900 - time: 27    - [train] loss: 0.0323 (+/-0.0131) - [valid] loss: 0.025  (+/-0.006 ) - [test] loss: 0.0211 (+/-0.0075)
2019-07-20 08:59:55,563 INFO - logger - Iter 45000 - time: 28    - [train] loss: 0.0239 (+/-0.0065) - [valid] loss: 0.0201 (+/-0.005 ) - [test] loss: 0.022  (+/-0.0075)
2019-07-20 09:00:23,737 INFO - logger - Iter 45100 - time: 28    - [train] loss: 0.028  (+/-0.0139) - [valid] loss: 0.0256 (+/-0.0076) - [test] loss: 0.0234 (+/-0.0076)
2019-07-20 09:00:54,225 INFO - logger - Iter 45200 - time: 30    - [train] loss: 0.0219 (+/-0.0088) - [valid] loss: 0.0238 (+/-0.0085) - [test] loss: 0.0243 (+/-0.0143)
2019-07-20 09:01:22,427 INFO - logger - Iter 45300 - time: 28    - [train] loss: 0.0256 (+/-0.0097) - [valid] loss: 0.0341 (+/-0.0155) - [test] loss: 0.0235 (+/-0.0094)
2019-07-20 09:01:50,915 INFO - logger - Iter 45400 - time: 28    - [train] loss: 0.0187 (+/-0.0063) - [valid] loss: 0.022  (+/-0.0069) - [test] loss: 0.0371 (+/-0.0201)
2019-07-20 09:02:18,721 INFO - logger - Iter 45500 - time: 27    - [train] loss: 0.0275 (+/-0.0141) - [valid] loss: 0.0327 (+/-0.0192) - [test] loss: 0.0246 (+/-0.0096)
2019-07-20 09:02:49,474 INFO - logger - Iter 45600 - time: 30    - [train] loss: 0.0339 (+/-0.0159) - [valid] loss: 0.0228 (+/-0.0061) - [test] loss: 0.0193 (+/-0.0063)
2019-07-20 09:03:17,134 INFO - logger - Iter 45700 - time: 27    - [train] loss: 0.0303 (+/-0.021 ) - [valid] loss: 0.035  (+/-0.0182) - [test] loss: 0.0216 (+/-0.0092)
2019-07-20 09:03:46,015 INFO - logger - Iter 45800 - time: 28    - [train] loss: 0.0203 (+/-0.008 ) - [valid] loss: 0.018  (+/-0.0087) - [test] loss: 0.0255 (+/-0.0078)
2019-07-20 09:04:14,827 INFO - logger - Iter 45900 - time: 28    - [train] loss: 0.034  (+/-0.0162) - [valid] loss: 0.0399 (+/-0.0221) - [test] loss: 0.0255 (+/-0.0106)
2019-07-20 09:04:44,084 INFO - logger - Iter 46000 - time: 29    - [train] loss: 0.0276 (+/-0.0105) - [valid] loss: 0.019  (+/-0.0072) - [test] loss: 0.0183 (+/-0.0062)
2019-07-20 09:05:12,811 INFO - logger - Iter 46100 - time: 28    - [train] loss: 0.0178 (+/-0.0055) - [valid] loss: 0.05   (+/-0.0511) - [test] loss: 0.0205 (+/-0.0062)
2019-07-20 09:05:40,670 INFO - logger - Iter 46200 - time: 27    - [train] loss: 0.0203 (+/-0.0061) - [valid] loss: 0.0497 (+/-0.0476) - [test] loss: 0.0253 (+/-0.0083)
2019-07-20 09:06:09,091 INFO - logger - Iter 46300 - time: 28    - [train] loss: 0.0374 (+/-0.0232) - [valid] loss: 0.0337 (+/-0.0215) - [test] loss: 0.0227 (+/-0.0087)
2019-07-20 09:06:38,919 INFO - logger - Iter 46400 - time: 29    - [train] loss: 0.0421 (+/-0.0237) - [valid] loss: 0.029  (+/-0.0108) - [test] loss: 0.0328 (+/-0.0119)
2019-07-20 09:07:07,960 INFO - logger - Iter 46500 - time: 29    - [train] loss: 0.0242 (+/-0.0078) - [valid] loss: 0.0226 (+/-0.0048) - [test] loss: 0.0272 (+/-0.0131)
2019-07-20 09:07:36,364 INFO - logger - Iter 46600 - time: 28    - [train] loss: 0.0208 (+/-0.0071) - [valid] loss: 0.0402 (+/-0.017 ) - [test] loss: 0.0217 (+/-0.006 )
2019-07-20 09:08:05,134 INFO - logger - Iter 46700 - time: 28    - [train] loss: 0.0427 (+/-0.0196) - [valid] loss: 0.0255 (+/-0.0086) - [test] loss: 0.028  (+/-0.0083)
2019-07-20 09:08:34,525 INFO - logger - Iter 46800 - time: 29    - [train] loss: 0.0243 (+/-0.0076) - [valid] loss: 0.0251 (+/-0.008 ) - [test] loss: 0.027  (+/-0.0072)
2019-07-20 09:09:04,747 INFO - logger - Iter 46900 - time: 30    - [train] loss: 0.0204 (+/-0.0051) - [valid] loss: 0.0217 (+/-0.0074) - [test] loss: 0.033  (+/-0.0144)
2019-07-20 09:09:33,339 INFO - logger - Iter 47000 - time: 28    - [train] loss: 0.0283 (+/-0.012 ) - [valid] loss: 0.0178 (+/-0.005 ) - [test] loss: 0.0255 (+/-0.0089)
2019-07-20 09:10:01,165 INFO - logger - Iter 47100 - time: 27    - [train] loss: 0.0204 (+/-0.0091) - [valid] loss: 0.0241 (+/-0.0104) - [test] loss: 0.0335 (+/-0.0249)
2019-07-20 09:10:30,375 INFO - logger - Iter 47200 - time: 29    - [train] loss: 0.0229 (+/-0.0076) - [valid] loss: 0.0282 (+/-0.0113) - [test] loss: 0.022  (+/-0.0068)
2019-07-20 09:10:59,425 INFO - logger - Iter 47300 - time: 29    - [train] loss: 0.0224 (+/-0.0081) - [valid] loss: 0.0269 (+/-0.0104) - [test] loss: 0.0267 (+/-0.0156)
2019-07-20 09:11:28,612 INFO - logger - Iter 47400 - time: 29    - [train] loss: 0.0196 (+/-0.006 ) - [valid] loss: 0.0222 (+/-0.0099) - [test] loss: 0.0297 (+/-0.0218)
2019-07-20 09:11:57,611 INFO - logger - Iter 47500 - time: 28    - [train] loss: 0.0205 (+/-0.0065) - [valid] loss: 0.0367 (+/-0.022 ) - [test] loss: 0.0181 (+/-0.0056)
2019-07-20 09:12:26,522 INFO - logger - Iter 47600 - time: 28    - [train] loss: 0.0214 (+/-0.0044) - [valid] loss: 0.0221 (+/-0.006 ) - [test] loss: 0.023  (+/-0.0059)
2019-07-20 09:12:55,764 INFO - logger - Iter 47700 - time: 29    - [train] loss: 0.0197 (+/-0.0079) - [valid] loss: 0.0181 (+/-0.0064) - [test] loss: 0.0386 (+/-0.0245)
2019-07-20 09:13:24,496 INFO - logger - Iter 47800 - time: 28    - [train] loss: 0.0212 (+/-0.011 ) - [valid] loss: 0.0324 (+/-0.0103) - [test] loss: 0.0215 (+/-0.0093)
2019-07-20 09:13:53,760 INFO - logger - Iter 47900 - time: 29    - [train] loss: 0.0393 (+/-0.0244) - [valid] loss: 0.0175 (+/-0.0054) - [test] loss: 0.0238 (+/-0.011 )
2019-07-20 09:14:22,472 INFO - logger - Iter 48000 - time: 28    - [train] loss: 0.0275 (+/-0.0142) - [valid] loss: 0.0243 (+/-0.0084) - [test] loss: 0.0302 (+/-0.016 )
2019-07-20 09:14:51,582 INFO - logger - Iter 48100 - time: 29    - [train] loss: 0.0271 (+/-0.0105) - [valid] loss: 0.0257 (+/-0.0146) - [test] loss: 0.03   (+/-0.0089)
2019-07-20 09:15:20,060 INFO - logger - Iter 48200 - time: 28    - [train] loss: 0.034  (+/-0.0231) - [valid] loss: 0.0163 (+/-0.0039) - [test] loss: 0.0151 (+/-0.0042)
2019-07-20 09:15:48,676 INFO - logger - Iter 48300 - time: 28    - [train] loss: 0.0267 (+/-0.0069) - [valid] loss: 0.0209 (+/-0.0043) - [test] loss: 0.0365 (+/-0.0123)
2019-07-20 09:16:17,585 INFO - logger - Iter 48400 - time: 28    - [train] loss: 0.0212 (+/-0.0054) - [valid] loss: 0.0288 (+/-0.0133) - [test] loss: 0.0252 (+/-0.0109)
2019-07-20 09:16:47,797 INFO - logger - Iter 48500 - time: 30    - [train] loss: 0.0244 (+/-0.0088) - [valid] loss: 0.0305 (+/-0.0192) - [test] loss: 0.0228 (+/-0.009 )
2019-07-20 09:17:17,374 INFO - logger - Iter 48600 - time: 29    - [train] loss: 0.0263 (+/-0.0177) - [valid] loss: 0.0267 (+/-0.0106) - [test] loss: 0.0322 (+/-0.0159)
2019-07-20 09:17:46,425 INFO - logger - Iter 48700 - time: 29    - [train] loss: 0.0237 (+/-0.0075) - [valid] loss: 0.0297 (+/-0.0121) - [test] loss: 0.0291 (+/-0.0131)
2019-07-20 09:18:14,024 INFO - logger - Iter 48800 - time: 27    - [train] loss: 0.0221 (+/-0.0075) - [valid] loss: 0.0262 (+/-0.0102) - [test] loss: 0.0422 (+/-0.0237)
2019-07-20 09:18:42,174 INFO - logger - Iter 48900 - time: 28    - [train] loss: 0.0206 (+/-0.0075) - [valid] loss: 0.0216 (+/-0.0075) - [test] loss: 0.0219 (+/-0.0092)
2019-07-20 09:19:11,046 INFO - logger - Iter 49000 - time: 28    - [train] loss: 0.0328 (+/-0.0152) - [valid] loss: 0.041  (+/-0.0314) - [test] loss: 0.0397 (+/-0.0205)
2019-07-20 09:19:38,148 INFO - logger - Iter 49100 - time: 27    - [train] loss: 0.0242 (+/-0.0101) - [valid] loss: 0.0333 (+/-0.0123) - [test] loss: 0.0348 (+/-0.0143)
2019-07-20 09:20:05,514 INFO - logger - Iter 49200 - time: 27    - [train] loss: 0.029  (+/-0.0163) - [valid] loss: 0.0363 (+/-0.0262) - [test] loss: 0.0196 (+/-0.0061)
2019-07-20 09:20:32,310 INFO - logger - Iter 49300 - time: 26    - [train] loss: 0.0229 (+/-0.0078) - [valid] loss: 0.0287 (+/-0.013 ) - [test] loss: 0.0255 (+/-0.0083)
2019-07-20 09:21:02,034 INFO - logger - Iter 49400 - time: 29    - [train] loss: 0.0241 (+/-0.0067) - [valid] loss: 0.0326 (+/-0.0168) - [test] loss: 0.0238 (+/-0.0073)
2019-07-20 09:21:29,652 INFO - logger - Iter 49500 - time: 27    - [train] loss: 0.0241 (+/-0.0097) - [valid] loss: 0.0236 (+/-0.0071) - [test] loss: 0.0159 (+/-0.0056)
2019-07-20 09:21:56,427 INFO - logger - Iter 49600 - time: 26    - [train] loss: 0.0248 (+/-0.0083) - [valid] loss: 0.0252 (+/-0.0074) - [test] loss: 0.0267 (+/-0.0106)
2019-07-20 09:22:23,851 INFO - logger - Iter 49700 - time: 27    - [train] loss: 0.0228 (+/-0.0058) - [valid] loss: 0.0218 (+/-0.0071) - [test] loss: 0.0201 (+/-0.0068)
2019-07-20 09:22:52,295 INFO - logger - Iter 49800 - time: 28    - [train] loss: 0.0231 (+/-0.0109) - [valid] loss: 0.0231 (+/-0.0074) - [test] loss: 0.0234 (+/-0.0119)
2019-07-20 09:23:19,852 INFO - logger - Iter 49900 - time: 27    - [train] loss: 0.0172 (+/-0.0045) - [valid] loss: 0.0226 (+/-0.0077) - [test] loss: 0.022  (+/-0.0064)
