2019-07-20 05:11:46,865 INFO - log_helper - Finished configuring logger
2019-07-20 05:11:50,235 INFO - logger - Iter 0    - time: 9     - [train] loss: 364.9852 (+/-522.0489) - [valid] loss: 11.4653 (+/-9.6853) - [test] loss: 28.6229 (+/-41.1772)
2019-07-20 05:12:23,356 INFO - logger - Iter 100  - time: 33    - [train] loss: 17.9743 (+/-25.7355) - [valid] loss: 13.4664 (+/-17.4599) - [test] loss: 3.4375 (+/-0.7397)
2019-07-20 05:12:54,267 INFO - logger - Iter 200  - time: 30    - [train] loss: 4.9552 (+/-0.9007) - [valid] loss: 4.9066 (+/-1.1611) - [test] loss: 4.4861 (+/-0.9206)
2019-07-20 05:13:25,441 INFO - logger - Iter 300  - time: 31    - [train] loss: 4.7981 (+/-0.8618) - [valid] loss: 4.74   (+/-0.8842) - [test] loss: 4.1545 (+/-0.8552)
2019-07-20 05:13:56,650 INFO - logger - Iter 400  - time: 31    - [train] loss: 5.0466 (+/-0.8305) - [valid] loss: 4.66   (+/-0.7984) - [test] loss: 4.0452 (+/-0.7623)
2019-07-20 05:14:32,174 INFO - logger - Iter 500  - time: 35    - [train] loss: 3.4219 (+/-0.7802) - [valid] loss: 3.9923 (+/-0.8324) - [test] loss: 4.0746 (+/-0.7806)
2019-07-20 05:15:05,712 INFO - logger - Iter 600  - time: 33    - [train] loss: 3.5484 (+/-0.7032) - [valid] loss: 4.5142 (+/-0.8391) - [test] loss: 4.2378 (+/-0.7251)
2019-07-20 05:15:36,743 INFO - logger - Iter 700  - time: 31    - [train] loss: 3.9271 (+/-0.7265) - [valid] loss: 4.5904 (+/-0.9447) - [test] loss: 4.2995 (+/-0.7675)
2019-07-20 05:16:09,174 INFO - logger - Iter 800  - time: 32    - [train] loss: 4.2112 (+/-0.8851) - [valid] loss: 3.4485 (+/-0.661 ) - [test] loss: 4.3967 (+/-0.7641)
2019-07-20 05:16:40,464 INFO - logger - Iter 900  - time: 31    - [train] loss: 4.5398 (+/-0.8128) - [valid] loss: 4.293  (+/-0.6719) - [test] loss: 4.8038 (+/-0.8341)
2019-07-20 05:17:15,781 INFO - logger - Iter 1000 - time: 35    - [train] loss: 4.3002 (+/-0.7822) - [valid] loss: 4.602  (+/-0.8794) - [test] loss: 4.238  (+/-0.7064)
2019-07-20 05:17:53,028 INFO - logger - Iter 1100 - time: 37    - [train] loss: 5.0031 (+/-0.9172) - [valid] loss: 4.2129 (+/-0.7988) - [test] loss: 4.0888 (+/-0.7549)
2019-07-20 05:18:26,615 INFO - logger - Iter 1200 - time: 33    - [train] loss: 3.4499 (+/-0.6471) - [valid] loss: 3.5943 (+/-0.7891) - [test] loss: 4.4807 (+/-0.6818)
2019-07-20 05:18:57,655 INFO - logger - Iter 1300 - time: 31    - [train] loss: 4.7786 (+/-0.8774) - [valid] loss: 4.8865 (+/-0.7672) - [test] loss: 4.991  (+/-0.8769)
2019-07-20 05:19:29,890 INFO - logger - Iter 1400 - time: 32    - [train] loss: 3.9194 (+/-0.7057) - [valid] loss: 3.9997 (+/-0.768 ) - [test] loss: 3.9526 (+/-0.6549)
2019-07-20 05:20:02,293 INFO - logger - Iter 1500 - time: 32    - [train] loss: 4.2197 (+/-0.761 ) - [valid] loss: 4.0291 (+/-0.8395) - [test] loss: 3.7421 (+/-0.8559)
2019-07-20 05:20:37,724 INFO - logger - Iter 1600 - time: 35    - [train] loss: 4.2608 (+/-0.79  ) - [valid] loss: 3.4347 (+/-0.7317) - [test] loss: 3.8567 (+/-0.6779)
2019-07-20 05:21:12,311 INFO - logger - Iter 1700 - time: 34    - [train] loss: 3.5358 (+/-0.7548) - [valid] loss: 4.2985 (+/-0.7655) - [test] loss: 4.178  (+/-0.7647)
2019-07-20 05:21:44,446 INFO - logger - Iter 1800 - time: 32    - [train] loss: 4.151  (+/-0.764 ) - [valid] loss: 3.9724 (+/-0.6647) - [test] loss: 3.8736 (+/-0.6976)
2019-07-20 05:22:16,454 INFO - logger - Iter 1900 - time: 32    - [train] loss: 3.4292 (+/-0.708 ) - [valid] loss: 3.5557 (+/-0.6782) - [test] loss: 4.0706 (+/-0.7732)
2019-07-20 05:22:48,535 INFO - logger - Iter 2000 - time: 32    - [train] loss: 4.499  (+/-1.7892) - [valid] loss: 4.3144 (+/-0.7033) - [test] loss: 3.7496 (+/-0.7559)
2019-07-20 05:23:20,480 INFO - logger - Iter 2100 - time: 31    - [train] loss: 3.5273 (+/-0.6961) - [valid] loss: 3.9697 (+/-0.6779) - [test] loss: 4.1708 (+/-0.6953)
2019-07-20 05:23:55,196 INFO - logger - Iter 2200 - time: 34    - [train] loss: 3.0363 (+/-0.5898) - [valid] loss: 3.6399 (+/-0.7673) - [test] loss: 3.6911 (+/-0.7119)
2019-07-20 05:24:29,155 INFO - logger - Iter 2300 - time: 33    - [train] loss: 4.2091 (+/-0.755 ) - [valid] loss: 3.8905 (+/-0.7426) - [test] loss: 3.904  (+/-0.7645)
2019-07-20 05:25:02,618 INFO - logger - Iter 2400 - time: 33    - [train] loss: 3.8851 (+/-0.6858) - [valid] loss: 4.2609 (+/-0.8264) - [test] loss: 4.0306 (+/-0.7468)
2019-07-20 05:25:34,627 INFO - logger - Iter 2500 - time: 32    - [train] loss: 4.0786 (+/-0.7602) - [valid] loss: 4.1862 (+/-0.7086) - [test] loss: 3.5516 (+/-0.6207)
2019-07-20 05:26:05,274 INFO - logger - Iter 2600 - time: 30    - [train] loss: 3.7238 (+/-0.7471) - [valid] loss: 4.9515 (+/-0.8514) - [test] loss: 3.6859 (+/-0.715 )
2019-07-20 05:26:37,653 INFO - logger - Iter 2700 - time: 32    - [train] loss: 3.8484 (+/-0.6927) - [valid] loss: 4.2683 (+/-0.7111) - [test] loss: 3.703  (+/-0.7509)
2019-07-20 05:27:12,279 INFO - logger - Iter 2800 - time: 34    - [train] loss: 3.6638 (+/-0.6703) - [valid] loss: 5.006  (+/-0.897 ) - [test] loss: 4.2051 (+/-0.6992)
2019-07-20 05:27:43,934 INFO - logger - Iter 2900 - time: 31    - [train] loss: 3.6221 (+/-0.7203) - [valid] loss: 4.3322 (+/-0.7778) - [test] loss: 4.0366 (+/-0.7681)
2019-07-20 05:28:13,884 INFO - logger - Iter 3000 - time: 29    - [train] loss: 4.251  (+/-0.7562) - [valid] loss: 4.1777 (+/-0.7889) - [test] loss: 3.7115 (+/-0.6748)
2019-07-20 05:28:43,626 INFO - logger - Iter 3100 - time: 29    - [train] loss: 4.1768 (+/-0.7861) - [valid] loss: 3.5448 (+/-0.6542) - [test] loss: 4.5919 (+/-1.1226)
2019-07-20 05:29:13,663 INFO - logger - Iter 3200 - time: 30    - [train] loss: 3.9489 (+/-0.7447) - [valid] loss: 4.0273 (+/-0.7322) - [test] loss: 4.0352 (+/-0.7415)
2019-07-20 05:29:46,114 INFO - logger - Iter 3300 - time: 32    - [train] loss: 4.0605 (+/-0.8128) - [valid] loss: 3.7178 (+/-0.7286) - [test] loss: 3.973  (+/-0.6582)
2019-07-20 05:30:21,123 INFO - logger - Iter 3400 - time: 35    - [train] loss: 3.8307 (+/-0.706 ) - [valid] loss: 4.2324 (+/-0.856 ) - [test] loss: 4.6424 (+/-0.7745)
2019-07-20 05:30:50,481 INFO - logger - Iter 3500 - time: 29    - [train] loss: 4.0208 (+/-0.7009) - [valid] loss: 3.9915 (+/-0.7401) - [test] loss: 7.3037 (+/-5.3657)
2019-07-20 05:31:20,177 INFO - logger - Iter 3600 - time: 29    - [train] loss: 3.5906 (+/-0.6876) - [valid] loss: 3.7939 (+/-0.7053) - [test] loss: 4.1108 (+/-0.7134)
2019-07-20 05:31:50,474 INFO - logger - Iter 3700 - time: 30    - [train] loss: 4.5445 (+/-0.789 ) - [valid] loss: 3.4804 (+/-0.7096) - [test] loss: 4.172  (+/-0.71  )
2019-07-20 05:32:19,689 INFO - logger - Iter 3800 - time: 29    - [train] loss: 4.5515 (+/-0.7347) - [valid] loss: 4.0555 (+/-0.7887) - [test] loss: 4.6073 (+/-0.8154)
2019-07-20 05:32:51,607 INFO - logger - Iter 3900 - time: 31    - [train] loss: 4.3536 (+/-0.8062) - [valid] loss: 4.5579 (+/-0.7435) - [test] loss: 3.8198 (+/-0.6998)
2019-07-20 05:33:24,471 INFO - logger - Iter 4000 - time: 32    - [train] loss: 4.112  (+/-0.7486) - [valid] loss: 4.2177 (+/-0.7594) - [test] loss: 3.7746 (+/-0.6885)
2019-07-20 05:33:53,816 INFO - logger - Iter 4100 - time: 29    - [train] loss: 3.931  (+/-0.7258) - [valid] loss: 4.4773 (+/-0.7404) - [test] loss: 4.583  (+/-0.7675)
2019-07-20 05:34:23,031 INFO - logger - Iter 4200 - time: 29    - [train] loss: 4.2633 (+/-0.7856) - [valid] loss: 4.4562 (+/-0.7383) - [test] loss: 4.7178 (+/-0.8385)
2019-07-20 05:34:52,622 INFO - logger - Iter 4300 - time: 29    - [train] loss: 3.5351 (+/-0.6178) - [valid] loss: 4.8497 (+/-0.8716) - [test] loss: 4.4061 (+/-0.8372)
2019-07-20 05:35:21,980 INFO - logger - Iter 4400 - time: 29    - [train] loss: 4.4765 (+/-0.8483) - [valid] loss: 3.6454 (+/-0.736 ) - [test] loss: 3.8254 (+/-0.6909)
2019-07-20 05:35:50,895 INFO - logger - Iter 4500 - time: 28    - [train] loss: 4.1035 (+/-0.7674) - [valid] loss: 4.5022 (+/-0.7168) - [test] loss: 4.3892 (+/-0.7653)
2019-07-20 05:36:22,109 INFO - logger - Iter 4600 - time: 31    - [train] loss: 4.1004 (+/-0.7203) - [valid] loss: 4.7357 (+/-0.8327) - [test] loss: 4.6882 (+/-0.8181)
2019-07-20 05:36:53,825 INFO - logger - Iter 4700 - time: 31    - [train] loss: 4.5067 (+/-0.7468) - [valid] loss: 5.0592 (+/-0.7971) - [test] loss: 3.9323 (+/-0.7507)
2019-07-20 05:37:23,555 INFO - logger - Iter 4800 - time: 29    - [train] loss: 4.5682 (+/-0.7787) - [valid] loss: 4.6908 (+/-0.7889) - [test] loss: 4.5459 (+/-0.8182)
2019-07-20 05:37:52,838 INFO - logger - Iter 4900 - time: 29    - [train] loss: 4.3747 (+/-0.7687) - [valid] loss: 4.096  (+/-0.684 ) - [test] loss: 4.0905 (+/-0.6755)
2019-07-20 05:38:22,471 INFO - logger - Iter 5000 - time: 29    - [train] loss: 3.6962 (+/-0.7419) - [valid] loss: 4.6233 (+/-0.7204) - [test] loss: 4.0214 (+/-0.7975)
2019-07-20 05:38:51,853 INFO - logger - Iter 5100 - time: 29    - [train] loss: 4.4593 (+/-0.7792) - [valid] loss: 4.3939 (+/-0.7852) - [test] loss: 4.3213 (+/-0.7658)
2019-07-20 05:39:24,923 INFO - logger - Iter 5200 - time: 33    - [train] loss: 4.2938 (+/-0.797 ) - [valid] loss: 4.2516 (+/-0.7704) - [test] loss: 3.5782 (+/-0.6993)
2019-07-20 05:39:53,738 INFO - logger - Iter 5300 - time: 28    - [train] loss: 4.1973 (+/-0.7324) - [valid] loss: 3.7969 (+/-0.7247) - [test] loss: 3.7878 (+/-0.6796)
2019-07-20 05:40:24,113 INFO - logger - Iter 5400 - time: 30    - [train] loss: 3.8545 (+/-0.6631) - [valid] loss: 4.356  (+/-0.6675) - [test] loss: 3.7195 (+/-0.7321)
2019-07-20 05:40:53,681 INFO - logger - Iter 5500 - time: 29    - [train] loss: 4.0423 (+/-0.7285) - [valid] loss: 4.1003 (+/-0.6968) - [test] loss: 4.0777 (+/-0.6775)
2019-07-20 05:41:23,476 INFO - logger - Iter 5600 - time: 29    - [train] loss: 3.5417 (+/-0.7108) - [valid] loss: 3.4057 (+/-0.6698) - [test] loss: 4.5656 (+/-0.8078)
2019-07-20 05:41:56,047 INFO - logger - Iter 5700 - time: 32    - [train] loss: 3.4867 (+/-0.6564) - [valid] loss: 4.3002 (+/-0.7075) - [test] loss: 4.2451 (+/-0.7383)
2019-07-20 05:42:26,082 INFO - logger - Iter 5800 - time: 30    - [train] loss: 3.6505 (+/-0.7108) - [valid] loss: 3.5498 (+/-0.6692) - [test] loss: 4.2399 (+/-0.7424)
2019-07-20 05:42:55,229 INFO - logger - Iter 5900 - time: 29    - [train] loss: 4.5438 (+/-0.7809) - [valid] loss: 3.8372 (+/-0.7879) - [test] loss: 4.3289 (+/-0.7269)
2019-07-20 05:43:25,336 INFO - logger - Iter 6000 - time: 30    - [train] loss: 4.2108 (+/-0.7611) - [valid] loss: 4.3159 (+/-0.6428) - [test] loss: 4.0493 (+/-0.7738)
2019-07-20 05:43:56,536 INFO - logger - Iter 6100 - time: 31    - [train] loss: 3.6644 (+/-0.6598) - [valid] loss: 4.0566 (+/-0.7347) - [test] loss: 3.9128 (+/-0.6948)
2019-07-20 05:44:28,696 INFO - logger - Iter 6200 - time: 32    - [train] loss: 3.6371 (+/-0.6999) - [valid] loss: 3.0273 (+/-0.6182) - [test] loss: 2.9301 (+/-0.6148)
2019-07-20 05:45:01,502 INFO - logger - Iter 6300 - time: 32    - [train] loss: 4.4771 (+/-0.8707) - [valid] loss: 4.0375 (+/-0.6737) - [test] loss: 4.1513 (+/-0.8396)
2019-07-20 05:45:30,096 INFO - logger - Iter 6400 - time: 28    - [train] loss: 3.4444 (+/-0.6998) - [valid] loss: 4.4885 (+/-0.7757) - [test] loss: 4.1861 (+/-0.7465)
2019-07-20 05:46:00,580 INFO - logger - Iter 6500 - time: 30    - [train] loss: 3.7441 (+/-0.656 ) - [valid] loss: 3.6429 (+/-0.6952) - [test] loss: 4.4787 (+/-0.7448)
2019-07-20 05:46:29,965 INFO - logger - Iter 6600 - time: 29    - [train] loss: 4.4201 (+/-0.776 ) - [valid] loss: 3.3745 (+/-0.7397) - [test] loss: 4.0503 (+/-0.7254)
2019-07-20 05:47:03,148 INFO - logger - Iter 6700 - time: 33    - [train] loss: 4.1027 (+/-0.7103) - [valid] loss: 3.6908 (+/-0.7877) - [test] loss: 4.7264 (+/-0.963 )
2019-07-20 05:47:36,370 INFO - logger - Iter 6800 - time: 33    - [train] loss: 3.9931 (+/-0.6689) - [valid] loss: 3.4653 (+/-0.7327) - [test] loss: 3.5616 (+/-0.7441)
2019-07-20 05:48:06,451 INFO - logger - Iter 6900 - time: 30    - [train] loss: 3.9568 (+/-0.7206) - [valid] loss: 3.1972 (+/-0.6156) - [test] loss: 3.8477 (+/-0.739 )
2019-07-20 05:48:35,989 INFO - logger - Iter 7000 - time: 29    - [train] loss: 4.6245 (+/-0.7499) - [valid] loss: 4.0606 (+/-0.7903) - [test] loss: 4.3562 (+/-0.6775)
2019-07-20 05:49:05,477 INFO - logger - Iter 7100 - time: 29    - [train] loss: 3.8352 (+/-0.7038) - [valid] loss: 3.8381 (+/-0.7223) - [test] loss: 3.7186 (+/-0.6939)
2019-07-20 05:49:36,348 INFO - logger - Iter 7200 - time: 30    - [train] loss: 3.6577 (+/-0.7715) - [valid] loss: 3.8923 (+/-0.6773) - [test] loss: 4.002  (+/-0.7834)
2019-07-20 05:50:08,556 INFO - logger - Iter 7300 - time: 32    - [train] loss: 3.5579 (+/-0.7925) - [valid] loss: 4.163  (+/-0.7606) - [test] loss: 4.0326 (+/-0.7169)
2019-07-20 05:50:41,307 INFO - logger - Iter 7400 - time: 32    - [train] loss: 4.8274 (+/-0.7362) - [valid] loss: 4.2029 (+/-0.7416) - [test] loss: 4.1174 (+/-0.8189)
2019-07-20 05:51:10,274 INFO - logger - Iter 7500 - time: 28    - [train] loss: 4.0995 (+/-0.8444) - [valid] loss: 3.805  (+/-0.6863) - [test] loss: 4.4954 (+/-0.8012)
2019-07-20 05:51:39,276 INFO - logger - Iter 7600 - time: 29    - [train] loss: 3.9109 (+/-0.6684) - [valid] loss: 4.2092 (+/-0.6892) - [test] loss: 4.7395 (+/-0.7283)
2019-07-20 05:52:08,843 INFO - logger - Iter 7700 - time: 29    - [train] loss: 4.1624 (+/-0.7682) - [valid] loss: 4.2914 (+/-0.7953) - [test] loss: 4.3362 (+/-0.7861)
2019-07-20 05:52:40,613 INFO - logger - Iter 7800 - time: 31    - [train] loss: 4.3442 (+/-0.8008) - [valid] loss: 4.7462 (+/-0.7683) - [test] loss: 4.1131 (+/-0.7316)
2019-07-20 05:53:12,151 INFO - logger - Iter 7900 - time: 31    - [train] loss: 4.6251 (+/-0.8786) - [valid] loss: 4.1621 (+/-0.7618) - [test] loss: 3.8005 (+/-0.6233)
2019-07-20 05:53:43,222 INFO - logger - Iter 8000 - time: 31    - [train] loss: 3.8743 (+/-0.753 ) - [valid] loss: 3.9262 (+/-0.6788) - [test] loss: 3.8378 (+/-0.7766)
2019-07-20 05:54:12,812 INFO - logger - Iter 8100 - time: 29    - [train] loss: 3.8817 (+/-0.6687) - [valid] loss: 4.0257 (+/-0.7144) - [test] loss: 4.2716 (+/-0.6843)
2019-07-20 05:54:41,769 INFO - logger - Iter 8200 - time: 28    - [train] loss: 4.1125 (+/-0.7239) - [valid] loss: 4.1502 (+/-0.699 ) - [test] loss: 4.5008 (+/-0.7293)
2019-07-20 05:55:12,343 INFO - logger - Iter 8300 - time: 30    - [train] loss: 3.4621 (+/-0.7125) - [valid] loss: 4.3496 (+/-0.769 ) - [test] loss: 4.5452 (+/-0.8257)
2019-07-20 05:55:44,512 INFO - logger - Iter 8400 - time: 32    - [train] loss: 4.9745 (+/-0.7665) - [valid] loss: 4.4468 (+/-0.7595) - [test] loss: 4.7367 (+/-0.8013)
2019-07-20 05:56:17,647 INFO - logger - Iter 8500 - time: 33    - [train] loss: 4.1849 (+/-0.7403) - [valid] loss: 4.4549 (+/-0.7594) - [test] loss: 4.5128 (+/-0.8274)
2019-07-20 05:56:46,911 INFO - logger - Iter 8600 - time: 29    - [train] loss: 4.1573 (+/-0.7069) - [valid] loss: 4.0078 (+/-0.6854) - [test] loss: 3.8304 (+/-0.6835)
2019-07-20 05:57:14,652 INFO - logger - Iter 8700 - time: 27    - [train] loss: 3.7752 (+/-0.7203) - [valid] loss: 4.0974 (+/-0.763 ) - [test] loss: 4.5011 (+/-0.7237)
2019-07-20 05:57:44,812 INFO - logger - Iter 8800 - time: 30    - [train] loss: 3.7886 (+/-0.7015) - [valid] loss: 4.1067 (+/-0.7366) - [test] loss: 4.6493 (+/-0.7222)
2019-07-20 05:58:16,738 INFO - logger - Iter 8900 - time: 31    - [train] loss: 4.3922 (+/-0.7212) - [valid] loss: 4.0231 (+/-0.767 ) - [test] loss: 4.7208 (+/-0.7825)
2019-07-20 05:58:48,253 INFO - logger - Iter 9000 - time: 31    - [train] loss: 4.5311 (+/-0.8078) - [valid] loss: 4.0489 (+/-0.6957) - [test] loss: 3.7828 (+/-0.655 )
2019-07-20 05:59:19,384 INFO - logger - Iter 9100 - time: 31    - [train] loss: 3.9305 (+/-0.7052) - [valid] loss: 4.2761 (+/-0.6862) - [test] loss: 3.907  (+/-0.6896)
2019-07-20 05:59:48,511 INFO - logger - Iter 9200 - time: 29    - [train] loss: 4.3477 (+/-0.7384) - [valid] loss: 4.2006 (+/-0.6929) - [test] loss: 4.5232 (+/-0.7349)
2019-07-20 06:00:17,912 INFO - logger - Iter 9300 - time: 29    - [train] loss: 4.5174 (+/-0.792 ) - [valid] loss: 4.3309 (+/-0.7373) - [test] loss: 4.414  (+/-0.7745)
2019-07-20 06:00:49,450 INFO - logger - Iter 9400 - time: 31    - [train] loss: 3.4752 (+/-0.6747) - [valid] loss: 3.3813 (+/-0.6193) - [test] loss: 4.3365 (+/-0.7767)
2019-07-20 06:01:21,265 INFO - logger - Iter 9500 - time: 31    - [train] loss: 4.8563 (+/-0.7836) - [valid] loss: 4.0307 (+/-0.718 ) - [test] loss: 5.0701 (+/-0.7882)
2019-07-20 06:01:54,142 INFO - logger - Iter 9600 - time: 32    - [train] loss: 4.2344 (+/-0.6861) - [valid] loss: 4.0108 (+/-0.6424) - [test] loss: 4.803  (+/-0.8027)
2019-07-20 06:02:24,237 INFO - logger - Iter 9700 - time: 30    - [train] loss: 3.2149 (+/-0.6617) - [valid] loss: 3.8208 (+/-0.7571) - [test] loss: 5.0033 (+/-0.773 )
2019-07-20 06:02:53,759 INFO - logger - Iter 9800 - time: 29    - [train] loss: 4.4402 (+/-0.8078) - [valid] loss: 4.4397 (+/-0.8338) - [test] loss: 4.889  (+/-0.8239)
2019-07-20 06:03:21,958 INFO - logger - Iter 9900 - time: 28    - [train] loss: 4.2423 (+/-0.7085) - [valid] loss: 4.3755 (+/-0.769 ) - [test] loss: 3.5955 (+/-0.7014)
2019-07-20 06:03:54,889 INFO - logger - Iter 10000 - time: 32    - [train] loss: 4.2201 (+/-0.8311) - [valid] loss: 4.9132 (+/-0.7606) - [test] loss: 4.0017 (+/-0.7592)
2019-07-20 06:04:24,306 INFO - logger - Iter 10100 - time: 29    - [train] loss: 5.1605 (+/-0.8464) - [valid] loss: 4.727  (+/-0.8343) - [test] loss: 3.6897 (+/-0.7848)
2019-07-20 06:04:54,511 INFO - logger - Iter 10200 - time: 30    - [train] loss: 4.1559 (+/-0.7969) - [valid] loss: 4.1335 (+/-0.7619) - [test] loss: 4.9114 (+/-0.7983)
2019-07-20 06:05:23,657 INFO - logger - Iter 10300 - time: 29    - [train] loss: 4.3137 (+/-0.7415) - [valid] loss: 4.5665 (+/-0.8015) - [test] loss: 3.9527 (+/-0.6477)
2019-07-20 06:05:52,542 INFO - logger - Iter 10400 - time: 28    - [train] loss: 4.3394 (+/-0.7483) - [valid] loss: 3.8076 (+/-0.6875) - [test] loss: 4.2302 (+/-0.7652)
2019-07-20 06:06:24,298 INFO - logger - Iter 10500 - time: 31    - [train] loss: 4.9659 (+/-0.813 ) - [valid] loss: 3.6944 (+/-0.7013) - [test] loss: 4.1379 (+/-0.7478)
2019-07-20 06:06:54,345 INFO - logger - Iter 10600 - time: 30    - [train] loss: 3.7878 (+/-0.771 ) - [valid] loss: 4.0908 (+/-0.7472) - [test] loss: 4.429  (+/-0.7434)
2019-07-20 06:07:24,363 INFO - logger - Iter 10700 - time: 30    - [train] loss: 4.7622 (+/-0.7407) - [valid] loss: 4.0576 (+/-0.6938) - [test] loss: 4.0912 (+/-0.7757)
2019-07-20 06:07:53,849 INFO - logger - Iter 10800 - time: 29    - [train] loss: 3.6922 (+/-0.734 ) - [valid] loss: 4.2552 (+/-0.7819) - [test] loss: 4.4458 (+/-0.8149)
2019-07-20 06:08:22,948 INFO - logger - Iter 10900 - time: 29    - [train] loss: 4.5202 (+/-0.7468) - [valid] loss: 4.635  (+/-0.759 ) - [test] loss: 4.6637 (+/-0.7282)
2019-07-20 06:08:54,764 INFO - logger - Iter 11000 - time: 31    - [train] loss: 4.4062 (+/-0.7101) - [valid] loss: 4.2849 (+/-0.7201) - [test] loss: 4.5826 (+/-0.7856)
2019-07-20 06:09:25,426 INFO - logger - Iter 11100 - time: 30    - [train] loss: 4.1379 (+/-0.7744) - [valid] loss: 4.7581 (+/-0.7768) - [test] loss: 4.8521 (+/-0.8127)
2019-07-20 06:09:54,376 INFO - logger - Iter 11200 - time: 28    - [train] loss: 4.4496 (+/-0.7993) - [valid] loss: 4.8401 (+/-0.8025) - [test] loss: 4.4935 (+/-0.75  )
2019-07-20 06:10:23,621 INFO - logger - Iter 11300 - time: 29    - [train] loss: 4.3706 (+/-0.749 ) - [valid] loss: 4.1295 (+/-0.7439) - [test] loss: 3.9246 (+/-0.7398)
2019-07-20 06:10:53,512 INFO - logger - Iter 11400 - time: 29    - [train] loss: 4.5902 (+/-0.7156) - [valid] loss: 3.6705 (+/-0.7216) - [test] loss: 4.2473 (+/-0.7353)
2019-07-20 06:11:22,565 INFO - logger - Iter 11500 - time: 29    - [train] loss: 4.4428 (+/-0.7206) - [valid] loss: 4.4068 (+/-0.8014) - [test] loss: 4.5899 (+/-0.7245)
2019-07-20 06:11:52,677 INFO - logger - Iter 11600 - time: 30    - [train] loss: 4.0975 (+/-0.7609) - [valid] loss: 3.7998 (+/-0.6953) - [test] loss: 4.4036 (+/-0.757 )
2019-07-20 06:12:23,423 INFO - logger - Iter 11700 - time: 30    - [train] loss: 4.4547 (+/-0.737 ) - [valid] loss: 3.9085 (+/-0.6946) - [test] loss: 4.3223 (+/-0.8307)
2019-07-20 06:12:54,485 INFO - logger - Iter 11800 - time: 31    - [train] loss: 4.2179 (+/-0.74  ) - [valid] loss: 3.7636 (+/-0.779 ) - [test] loss: 4.2999 (+/-0.7777)
2019-07-20 06:13:24,541 INFO - logger - Iter 11900 - time: 30    - [train] loss: 4.8075 (+/-0.7593) - [valid] loss: 4.5729 (+/-0.8282) - [test] loss: 4.6908 (+/-0.8023)
2019-07-20 06:13:53,835 INFO - logger - Iter 12000 - time: 29    - [train] loss: 4.1885 (+/-0.7264) - [valid] loss: 4.3458 (+/-0.7485) - [test] loss: 3.5866 (+/-0.6853)
2019-07-20 06:14:23,004 INFO - logger - Iter 12100 - time: 29    - [train] loss: 4.6139 (+/-0.7565) - [valid] loss: 3.7058 (+/-0.7469) - [test] loss: 4.3574 (+/-0.7791)
2019-07-20 06:14:53,077 INFO - logger - Iter 12200 - time: 30    - [train] loss: 3.8782 (+/-0.7577) - [valid] loss: 4.4275 (+/-0.7933) - [test] loss: 3.7544 (+/-0.6971)
2019-07-20 06:15:25,648 INFO - logger - Iter 12300 - time: 32    - [train] loss: 4.0481 (+/-0.7247) - [valid] loss: 4.4751 (+/-0.748 ) - [test] loss: 4.1874 (+/-0.7213)
2019-07-20 06:15:55,075 INFO - logger - Iter 12400 - time: 29    - [train] loss: 4.2637 (+/-0.7509) - [valid] loss: 4.0194 (+/-0.7483) - [test] loss: 3.7515 (+/-0.706 )
2019-07-20 06:16:24,614 INFO - logger - Iter 12500 - time: 29    - [train] loss: 4.4069 (+/-0.7409) - [valid] loss: 4.3258 (+/-0.7289) - [test] loss: 3.8609 (+/-0.6461)
2019-07-20 06:16:54,506 INFO - logger - Iter 12600 - time: 29    - [train] loss: 4.4551 (+/-0.7351) - [valid] loss: 4.6031 (+/-0.7403) - [test] loss: 4.5397 (+/-0.7078)
2019-07-20 06:17:23,792 INFO - logger - Iter 12700 - time: 29    - [train] loss: 4.6658 (+/-0.7651) - [valid] loss: 4.3157 (+/-0.744 ) - [test] loss: 3.8981 (+/-0.735 )
2019-07-20 06:17:57,095 INFO - logger - Iter 12800 - time: 33    - [train] loss: 4.125  (+/-0.7009) - [valid] loss: 3.9256 (+/-0.7102) - [test] loss: 4.093  (+/-0.6975)
2019-07-20 06:18:26,464 INFO - logger - Iter 12900 - time: 29    - [train] loss: 3.7713 (+/-0.6789) - [valid] loss: 4.3486 (+/-0.7682) - [test] loss: 3.7636 (+/-0.6366)
2019-07-20 06:18:55,542 INFO - logger - Iter 13000 - time: 29    - [train] loss: 4.5578 (+/-0.7537) - [valid] loss: 3.8878 (+/-0.7089) - [test] loss: 3.8569 (+/-0.7184)
2019-07-20 06:19:25,090 INFO - logger - Iter 13100 - time: 29    - [train] loss: 3.666  (+/-0.7072) - [valid] loss: 4.3395 (+/-0.7527) - [test] loss: 4.0234 (+/-0.7418)
2019-07-20 06:19:57,475 INFO - logger - Iter 13200 - time: 32    - [train] loss: 3.5583 (+/-0.6964) - [valid] loss: 4.5521 (+/-0.7401) - [test] loss: 3.9933 (+/-0.7569)
2019-07-20 06:20:29,630 INFO - logger - Iter 13300 - time: 32    - [train] loss: 4.5563 (+/-0.7324) - [valid] loss: 4.3575 (+/-0.7025) - [test] loss: 3.9332 (+/-0.684 )
2019-07-20 06:21:00,228 INFO - logger - Iter 13400 - time: 30    - [train] loss: 4.2453 (+/-0.7584) - [valid] loss: 4.6246 (+/-0.7137) - [test] loss: 4.3668 (+/-0.7443)
2019-07-20 06:21:29,756 INFO - logger - Iter 13500 - time: 29    - [train] loss: 4.3389 (+/-0.7336) - [valid] loss: 4.2597 (+/-0.7109) - [test] loss: 3.9187 (+/-0.6909)
2019-07-20 06:21:59,393 INFO - logger - Iter 13600 - time: 29    - [train] loss: 4.2606 (+/-0.7158) - [valid] loss: 4.4284 (+/-0.7059) - [test] loss: 4.5376 (+/-0.7444)
2019-07-20 06:22:29,238 INFO - logger - Iter 13700 - time: 29    - [train] loss: 3.9635 (+/-0.705 ) - [valid] loss: 4.2147 (+/-0.7552) - [test] loss: 4.1783 (+/-0.682 )
2019-07-20 06:23:01,044 INFO - logger - Iter 13800 - time: 31    - [train] loss: 4.0973 (+/-0.7448) - [valid] loss: 3.9539 (+/-0.7375) - [test] loss: 4.0659 (+/-0.743 )
2019-07-20 06:23:34,356 INFO - logger - Iter 13900 - time: 33    - [train] loss: 4.768  (+/-0.7482) - [valid] loss: 4.0249 (+/-0.6772) - [test] loss: 4.2626 (+/-0.7542)
2019-07-20 06:24:03,751 INFO - logger - Iter 14000 - time: 29    - [train] loss: 4.1049 (+/-0.6386) - [valid] loss: 4.2239 (+/-0.6769) - [test] loss: 4.7138 (+/-0.7352)
2019-07-20 06:24:33,192 INFO - logger - Iter 14100 - time: 29    - [train] loss: 3.8734 (+/-0.7111) - [valid] loss: 3.9624 (+/-0.7418) - [test] loss: 4.0606 (+/-0.7185)
2019-07-20 06:25:02,527 INFO - logger - Iter 14200 - time: 29    - [train] loss: 4.0876 (+/-0.6888) - [valid] loss: 4.0109 (+/-0.6823) - [test] loss: 3.2597 (+/-0.6273)
2019-07-20 06:25:35,891 INFO - logger - Iter 14300 - time: 33    - [train] loss: 4.3898 (+/-0.7734) - [valid] loss: 3.7324 (+/-0.6526) - [test] loss: 4.811  (+/-0.7438)
2019-07-20 06:26:08,441 INFO - logger - Iter 14400 - time: 32    - [train] loss: 4.0885 (+/-0.7451) - [valid] loss: 4.8301 (+/-0.7647) - [test] loss: 3.6121 (+/-0.7141)
2019-07-20 06:26:40,268 INFO - logger - Iter 14500 - time: 31    - [train] loss: 3.9078 (+/-0.6924) - [valid] loss: 3.7658 (+/-0.7216) - [test] loss: 4.1617 (+/-0.7471)
2019-07-20 06:27:08,832 INFO - logger - Iter 14600 - time: 28    - [train] loss: 4.2657 (+/-0.7728) - [valid] loss: 3.6249 (+/-0.6928) - [test] loss: 4.2941 (+/-0.6771)
2019-07-20 06:27:37,859 INFO - logger - Iter 14700 - time: 29    - [train] loss: 4.2234 (+/-0.7331) - [valid] loss: 3.7221 (+/-0.6464) - [test] loss: 4.1338 (+/-0.7621)
2019-07-20 06:28:08,422 INFO - logger - Iter 14800 - time: 30    - [train] loss: 4.8301 (+/-0.7588) - [valid] loss: 3.6925 (+/-0.6782) - [test] loss: 4.3673 (+/-0.7164)
2019-07-20 06:28:39,628 INFO - logger - Iter 14900 - time: 31    - [train] loss: 4.2441 (+/-0.7477) - [valid] loss: 4.1868 (+/-0.6924) - [test] loss: 4.1564 (+/-0.7083)
2019-07-20 06:29:12,438 INFO - logger - Iter 15000 - time: 32    - [train] loss: 4.7011 (+/-0.8056) - [valid] loss: 4.6178 (+/-0.7488) - [test] loss: 4.4168 (+/-0.7594)
2019-07-20 06:29:42,195 INFO - logger - Iter 15100 - time: 29    - [train] loss: 4.1925 (+/-0.7496) - [valid] loss: 4.8125 (+/-0.7961) - [test] loss: 4.3771 (+/-0.7982)
2019-07-20 06:30:11,516 INFO - logger - Iter 15200 - time: 29    - [train] loss: 3.9435 (+/-0.713 ) - [valid] loss: 3.8947 (+/-0.6735) - [test] loss: 4.1316 (+/-0.6844)
2019-07-20 06:30:40,383 INFO - logger - Iter 15300 - time: 28    - [train] loss: 4.2423 (+/-0.7549) - [valid] loss: 4.0183 (+/-0.7616) - [test] loss: 3.8459 (+/-0.6759)
2019-07-20 06:31:12,474 INFO - logger - Iter 15400 - time: 32    - [train] loss: 4.1487 (+/-0.6927) - [valid] loss: 3.9782 (+/-0.7142) - [test] loss: 4.2131 (+/-0.7023)
2019-07-20 06:31:43,238 INFO - logger - Iter 15500 - time: 30    - [train] loss: 3.9542 (+/-0.7101) - [valid] loss: 4.053  (+/-0.7045) - [test] loss: 4.8272 (+/-0.8139)
2019-07-20 06:32:14,789 INFO - logger - Iter 15600 - time: 31    - [train] loss: 3.942  (+/-0.7699) - [valid] loss: 4.2412 (+/-0.7633) - [test] loss: 4.4067 (+/-0.7046)
2019-07-20 06:32:44,324 INFO - logger - Iter 15700 - time: 29    - [train] loss: 3.8426 (+/-0.6617) - [valid] loss: 4.1556 (+/-0.6552) - [test] loss: 4.2507 (+/-0.7361)
2019-07-20 06:33:13,262 INFO - logger - Iter 15800 - time: 28    - [train] loss: 3.9397 (+/-0.6768) - [valid] loss: 3.9326 (+/-0.7243) - [test] loss: 4.2173 (+/-0.7408)
2019-07-20 06:33:44,331 INFO - logger - Iter 15900 - time: 31    - [train] loss: 4.5907 (+/-0.7657) - [valid] loss: 4.7307 (+/-0.7734) - [test] loss: 3.9878 (+/-0.7244)
2019-07-20 06:34:14,687 INFO - logger - Iter 16000 - time: 30    - [train] loss: 4.554  (+/-0.7612) - [valid] loss: 4.1459 (+/-0.8018) - [test] loss: 3.9138 (+/-0.7396)
2019-07-20 06:34:47,926 INFO - logger - Iter 16100 - time: 33    - [train] loss: 4.315  (+/-0.7358) - [valid] loss: 4.2534 (+/-0.6987) - [test] loss: 4.6958 (+/-0.7191)
2019-07-20 06:35:17,632 INFO - logger - Iter 16200 - time: 29    - [train] loss: 3.4574 (+/-0.7285) - [valid] loss: 4.1182 (+/-0.7556) - [test] loss: 3.9287 (+/-0.7301)
2019-07-20 06:35:46,726 INFO - logger - Iter 16300 - time: 29    - [train] loss: 3.9632 (+/-0.7013) - [valid] loss: 4.5392 (+/-0.7685) - [test] loss: 4.6463 (+/-0.7445)
2019-07-20 06:36:16,740 INFO - logger - Iter 16400 - time: 30    - [train] loss: 3.8883 (+/-0.6236) - [valid] loss: 3.6298 (+/-0.6698) - [test] loss: 4.0068 (+/-0.6947)
2019-07-20 06:36:49,436 INFO - logger - Iter 16500 - time: 32    - [train] loss: 3.7579 (+/-0.6666) - [valid] loss: 3.9038 (+/-0.7716) - [test] loss: 5.2779 (+/-0.7812)
2019-07-20 06:37:20,276 INFO - logger - Iter 16600 - time: 30    - [train] loss: 3.7981 (+/-0.698 ) - [valid] loss: 4.3411 (+/-0.7424) - [test] loss: 4.2011 (+/-0.6757)
2019-07-20 06:37:51,181 INFO - logger - Iter 16700 - time: 30    - [train] loss: 4.0956 (+/-0.7283) - [valid] loss: 4.5738 (+/-0.7876) - [test] loss: 3.8126 (+/-0.7338)
2019-07-20 06:38:20,694 INFO - logger - Iter 16800 - time: 29    - [train] loss: 4.2902 (+/-0.7346) - [valid] loss: 4.1486 (+/-0.7215) - [test] loss: 4.247  (+/-0.7324)
2019-07-20 06:38:50,325 INFO - logger - Iter 16900 - time: 29    - [train] loss: 4.4783 (+/-0.7386) - [valid] loss: 3.69   (+/-0.6788) - [test] loss: 4.043  (+/-0.7307)
2019-07-20 06:39:21,195 INFO - logger - Iter 17000 - time: 30    - [train] loss: 3.6479 (+/-0.6967) - [valid] loss: 3.7113 (+/-0.6854) - [test] loss: 3.9136 (+/-0.673 )
2019-07-20 06:39:52,703 INFO - logger - Iter 17100 - time: 31    - [train] loss: 4.2763 (+/-0.7157) - [valid] loss: 4.2858 (+/-0.7759) - [test] loss: 4.8231 (+/-0.7374)
2019-07-20 06:40:21,828 INFO - logger - Iter 17200 - time: 29    - [train] loss: 4.2213 (+/-0.7371) - [valid] loss: 4.3265 (+/-0.7492) - [test] loss: 4.814  (+/-0.7812)
2019-07-20 06:40:51,154 INFO - logger - Iter 17300 - time: 29    - [train] loss: 4.321  (+/-0.7375) - [valid] loss: 4.5313 (+/-0.7266) - [test] loss: 4.1566 (+/-0.699 )
2019-07-20 06:41:20,302 INFO - logger - Iter 17400 - time: 29    - [train] loss: 4.5439 (+/-0.7036) - [valid] loss: 4.2073 (+/-0.7573) - [test] loss: 5.0104 (+/-0.7884)
2019-07-20 06:41:50,380 INFO - logger - Iter 17500 - time: 30    - [train] loss: 3.6154 (+/-0.6801) - [valid] loss: 3.7318 (+/-0.6191) - [test] loss: 3.8499 (+/-0.7572)
2019-07-20 06:42:21,935 INFO - logger - Iter 17600 - time: 31    - [train] loss: 4.4122 (+/-0.7526) - [valid] loss: 4.3263 (+/-0.6989) - [test] loss: 4.3149 (+/-0.7215)
2019-07-20 06:42:51,824 INFO - logger - Iter 17700 - time: 29    - [train] loss: 4.4972 (+/-0.7457) - [valid] loss: 3.5946 (+/-0.7438) - [test] loss: 3.7416 (+/-0.719 )
2019-07-20 06:43:21,323 INFO - logger - Iter 17800 - time: 29    - [train] loss: 4.2018 (+/-0.7184) - [valid] loss: 5.1156 (+/-0.7168) - [test] loss: 3.9645 (+/-0.6706)
2019-07-20 06:43:50,981 INFO - logger - Iter 17900 - time: 29    - [train] loss: 5.0103 (+/-0.782 ) - [valid] loss: 3.8634 (+/-0.6998) - [test] loss: 3.9038 (+/-0.6707)
2019-07-20 06:44:20,322 INFO - logger - Iter 18000 - time: 29    - [train] loss: 4.0355 (+/-0.7305) - [valid] loss: 4.4134 (+/-0.7823) - [test] loss: 4.1929 (+/-0.7434)
2019-07-20 06:44:53,241 INFO - logger - Iter 18100 - time: 32    - [train] loss: 4.2625 (+/-0.7049) - [valid] loss: 4.3986 (+/-0.7595) - [test] loss: 4.1232 (+/-0.7147)
2019-07-20 06:45:22,747 INFO - logger - Iter 18200 - time: 29    - [train] loss: 4.2369 (+/-0.7629) - [valid] loss: 4.7698 (+/-0.7701) - [test] loss: 4.2045 (+/-0.6892)
2019-07-20 06:45:50,875 INFO - logger - Iter 18300 - time: 28    - [train] loss: 3.8697 (+/-0.6773) - [valid] loss: 3.9647 (+/-0.7232) - [test] loss: 3.8291 (+/-0.7613)
2019-07-20 06:46:19,747 INFO - logger - Iter 18400 - time: 28    - [train] loss: 4.586  (+/-0.7138) - [valid] loss: 3.7278 (+/-0.6492) - [test] loss: 4.5317 (+/-0.7569)
2019-07-20 06:46:49,806 INFO - logger - Iter 18500 - time: 30    - [train] loss: 4.637  (+/-0.7769) - [valid] loss: 4.2204 (+/-0.7415) - [test] loss: 3.8219 (+/-0.6936)
2019-07-20 06:47:18,703 INFO - logger - Iter 18600 - time: 28    - [train] loss: 3.9092 (+/-0.7043) - [valid] loss: 4.2426 (+/-0.7302) - [test] loss: 4.2718 (+/-0.754 )
2019-07-20 06:47:48,270 INFO - logger - Iter 18700 - time: 29    - [train] loss: 3.3954 (+/-0.6269) - [valid] loss: 3.6257 (+/-0.6367) - [test] loss: 3.7872 (+/-0.6753)
2019-07-20 06:48:19,898 INFO - logger - Iter 18800 - time: 31    - [train] loss: 3.9309 (+/-0.6797) - [valid] loss: 3.6654 (+/-0.7354) - [test] loss: 4.1882 (+/-0.7297)
2019-07-20 06:48:51,597 INFO - logger - Iter 18900 - time: 31    - [train] loss: 4.5347 (+/-0.7288) - [valid] loss: 4.0972 (+/-0.6761) - [test] loss: 3.8742 (+/-0.6814)
2019-07-20 06:49:21,228 INFO - logger - Iter 19000 - time: 29    - [train] loss: 4.1649 (+/-0.73  ) - [valid] loss: 4.4638 (+/-0.7675) - [test] loss: 4.3733 (+/-0.7254)
2019-07-20 06:49:50,705 INFO - logger - Iter 19100 - time: 29    - [train] loss: 4.8658 (+/-0.7505) - [valid] loss: 4.6249 (+/-0.7142) - [test] loss: 4.4876 (+/-0.7484)
2019-07-20 06:50:19,807 INFO - logger - Iter 19200 - time: 29    - [train] loss: 3.7331 (+/-0.7545) - [valid] loss: 4.0764 (+/-0.6969) - [test] loss: 4.1747 (+/-0.677 )
2019-07-20 06:50:49,519 INFO - logger - Iter 19300 - time: 29    - [train] loss: 4.3606 (+/-0.749 ) - [valid] loss: 4.0015 (+/-0.7381) - [test] loss: 4.5732 (+/-0.6704)
2019-07-20 06:51:22,806 INFO - logger - Iter 19400 - time: 33    - [train] loss: 4.6157 (+/-0.7906) - [valid] loss: 3.7407 (+/-0.6936) - [test] loss: 4.3183 (+/-0.7667)
2019-07-20 06:51:51,998 INFO - logger - Iter 19500 - time: 29    - [train] loss: 3.5023 (+/-0.7431) - [valid] loss: 5.0099 (+/-0.7244) - [test] loss: 4.119  (+/-0.7147)
2019-07-20 06:52:21,092 INFO - logger - Iter 19600 - time: 29    - [train] loss: 4.1416 (+/-0.6843) - [valid] loss: 4.334  (+/-0.796 ) - [test] loss: 4.3952 (+/-0.7382)
2019-07-20 06:52:50,158 INFO - logger - Iter 19700 - time: 29    - [train] loss: 4.6464 (+/-0.7122) - [valid] loss: 4.6166 (+/-0.6626) - [test] loss: 3.7062 (+/-0.6771)
2019-07-20 06:53:20,326 INFO - logger - Iter 19800 - time: 30    - [train] loss: 4.2995 (+/-0.7299) - [valid] loss: 4.0114 (+/-0.7308) - [test] loss: 4.5265 (+/-0.7512)
2019-07-20 06:53:52,947 INFO - logger - Iter 19900 - time: 32    - [train] loss: 4.2986 (+/-0.6952) - [valid] loss: 4.7194 (+/-0.7118) - [test] loss: 4.1874 (+/-0.6685)
2019-07-20 06:54:23,360 INFO - logger - Iter 20000 - time: 30    - [train] loss: 4.1988 (+/-0.6754) - [valid] loss: 3.8355 (+/-0.719 ) - [test] loss: 4.565  (+/-0.7209)
2019-07-20 06:54:52,740 INFO - logger - Iter 20100 - time: 29    - [train] loss: 4.13   (+/-0.8043) - [valid] loss: 3.8225 (+/-0.6168) - [test] loss: 4.5029 (+/-0.7698)
2019-07-20 06:55:21,705 INFO - logger - Iter 20200 - time: 28    - [train] loss: 4.5996 (+/-0.7636) - [valid] loss: 4.3874 (+/-0.7276) - [test] loss: 4.6004 (+/-0.7683)
2019-07-20 06:55:54,117 INFO - logger - Iter 20300 - time: 32    - [train] loss: 4.1332 (+/-0.7264) - [valid] loss: 4.1245 (+/-0.7276) - [test] loss: 3.6862 (+/-0.6509)
2019-07-20 06:56:24,019 INFO - logger - Iter 20400 - time: 29    - [train] loss: 3.3594 (+/-0.6624) - [valid] loss: 4.3279 (+/-0.7409) - [test] loss: 4.3709 (+/-0.6996)
2019-07-20 06:56:56,446 INFO - logger - Iter 20500 - time: 32    - [train] loss: 3.9638 (+/-0.673 ) - [valid] loss: 4.0448 (+/-0.7191) - [test] loss: 5.0502 (+/-0.7787)
2019-07-20 06:57:25,162 INFO - logger - Iter 20600 - time: 28    - [train] loss: 4.4274 (+/-0.6785) - [valid] loss: 3.7447 (+/-0.6632) - [test] loss: 4.2269 (+/-0.6766)
2019-07-20 06:57:53,167 INFO - logger - Iter 20700 - time: 28    - [train] loss: 4.3143 (+/-0.7276) - [valid] loss: 4.4746 (+/-0.7089) - [test] loss: 3.9831 (+/-0.739 )
2019-07-20 06:58:24,429 INFO - logger - Iter 20800 - time: 31    - [train] loss: 4.4175 (+/-0.7659) - [valid] loss: 3.8345 (+/-0.6725) - [test] loss: 3.9915 (+/-0.6969)
2019-07-20 06:58:55,520 INFO - logger - Iter 20900 - time: 31    - [train] loss: 4.1068 (+/-0.7487) - [valid] loss: 4.2821 (+/-0.7264) - [test] loss: 3.569  (+/-0.7025)
2019-07-20 06:59:27,349 INFO - logger - Iter 21000 - time: 31    - [train] loss: 4.6002 (+/-0.7091) - [valid] loss: 4.415  (+/-0.7569) - [test] loss: 3.7746 (+/-0.6546)
2019-07-20 06:59:57,651 INFO - logger - Iter 21100 - time: 30    - [train] loss: 4.2829 (+/-0.748 ) - [valid] loss: 4.7489 (+/-0.7716) - [test] loss: 4.3233 (+/-0.7121)
2019-07-20 07:00:26,524 INFO - logger - Iter 21200 - time: 28    - [train] loss: 4.0101 (+/-0.7322) - [valid] loss: 3.4796 (+/-0.6747) - [test] loss: 4.5049 (+/-0.6982)
2019-07-20 07:00:56,050 INFO - logger - Iter 21300 - time: 29    - [train] loss: 4.7341 (+/-0.7424) - [valid] loss: 4.5819 (+/-0.7916) - [test] loss: 4.0877 (+/-0.7039)
2019-07-20 07:01:28,412 INFO - logger - Iter 21400 - time: 32    - [train] loss: 4.5605 (+/-0.7523) - [valid] loss: 3.6369 (+/-0.643 ) - [test] loss: 3.9258 (+/-0.6602)
2019-07-20 07:01:58,362 INFO - logger - Iter 21500 - time: 29    - [train] loss: 4.1444 (+/-0.703 ) - [valid] loss: 4.017  (+/-0.7159) - [test] loss: 3.9314 (+/-0.6979)
2019-07-20 07:02:30,476 INFO - logger - Iter 21600 - time: 32    - [train] loss: 4.6766 (+/-0.7091) - [valid] loss: 4.1204 (+/-0.7374) - [test] loss: 4.1469 (+/-0.7103)
2019-07-20 07:03:00,036 INFO - logger - Iter 21700 - time: 29    - [train] loss: 4.1068 (+/-0.7431) - [valid] loss: 3.9892 (+/-0.739 ) - [test] loss: 4.037  (+/-0.7734)
2019-07-20 07:03:28,871 INFO - logger - Iter 21800 - time: 28    - [train] loss: 4.3078 (+/-0.7503) - [valid] loss: 4.7363 (+/-0.7171) - [test] loss: 3.3178 (+/-0.6533)
2019-07-20 07:03:59,179 INFO - logger - Iter 21900 - time: 30    - [train] loss: 3.6221 (+/-0.674 ) - [valid] loss: 4.546  (+/-0.7502) - [test] loss: 4.456  (+/-0.7279)
2019-07-20 07:04:30,012 INFO - logger - Iter 22000 - time: 30    - [train] loss: 3.9091 (+/-0.7064) - [valid] loss: 4.2731 (+/-0.7203) - [test] loss: 3.9606 (+/-0.7324)
2019-07-20 07:05:02,060 INFO - logger - Iter 22100 - time: 32    - [train] loss: 3.5668 (+/-0.6267) - [valid] loss: 4.0782 (+/-0.7446) - [test] loss: 4.8188 (+/-0.7549)
2019-07-20 07:05:33,145 INFO - logger - Iter 22200 - time: 31    - [train] loss: 4.4367 (+/-0.7887) - [valid] loss: 4.2722 (+/-0.7047) - [test] loss: 4.699  (+/-0.7353)
2019-07-20 07:06:02,422 INFO - logger - Iter 22300 - time: 29    - [train] loss: 4.7591 (+/-0.8028) - [valid] loss: 4.0508 (+/-0.71  ) - [test] loss: 4.8265 (+/-0.7216)
2019-07-20 07:06:31,014 INFO - logger - Iter 22400 - time: 28    - [train] loss: 4.4016 (+/-0.7521) - [valid] loss: 4.0661 (+/-0.7102) - [test] loss: 4.5277 (+/-0.7286)
2019-07-20 07:07:04,750 INFO - logger - Iter 22500 - time: 33    - [train] loss: 4.0675 (+/-0.7023) - [valid] loss: 4.2888 (+/-0.7631) - [test] loss: 4.6082 (+/-0.7756)
2019-07-20 07:07:34,257 INFO - logger - Iter 22600 - time: 29    - [train] loss: 3.9572 (+/-0.7223) - [valid] loss: 4.2315 (+/-0.7668) - [test] loss: 4.2956 (+/-0.7195)
2019-07-20 07:08:07,699 INFO - logger - Iter 22700 - time: 33    - [train] loss: 3.904  (+/-0.6468) - [valid] loss: 4.3684 (+/-0.73  ) - [test] loss: 4.4529 (+/-0.8025)
2019-07-20 07:08:36,212 INFO - logger - Iter 22800 - time: 28    - [train] loss: 3.9579 (+/-0.6977) - [valid] loss: 4.4652 (+/-0.7506) - [test] loss: 3.8862 (+/-0.7279)
2019-07-20 07:09:04,848 INFO - logger - Iter 22900 - time: 28    - [train] loss: 4.1891 (+/-0.7226) - [valid] loss: 4.4891 (+/-0.7452) - [test] loss: 3.7687 (+/-0.6775)
2019-07-20 07:09:36,120 INFO - logger - Iter 23000 - time: 31    - [train] loss: 4.3584 (+/-0.6549) - [valid] loss: 4.0284 (+/-0.7131) - [test] loss: 4.423  (+/-0.7535)
2019-07-20 07:10:06,997 INFO - logger - Iter 23100 - time: 30    - [train] loss: 4.1655 (+/-0.7171) - [valid] loss: 4.492  (+/-0.7854) - [test] loss: 4.5567 (+/-0.75  )
2019-07-20 07:10:38,591 INFO - logger - Iter 23200 - time: 31    - [train] loss: 4.3224 (+/-0.6741) - [valid] loss: 4.5063 (+/-0.715 ) - [test] loss: 4.2593 (+/-0.7627)
2019-07-20 07:11:10,028 INFO - logger - Iter 23300 - time: 31    - [train] loss: 4.2496 (+/-0.7258) - [valid] loss: 3.9385 (+/-0.6838) - [test] loss: 3.4361 (+/-0.621 )
2019-07-20 07:11:38,303 INFO - logger - Iter 23400 - time: 28    - [train] loss: 4.2392 (+/-0.7119) - [valid] loss: 3.8654 (+/-0.7344) - [test] loss: 4.3784 (+/-0.6768)
2019-07-20 07:12:07,616 INFO - logger - Iter 23500 - time: 29    - [train] loss: 4.4284 (+/-0.7599) - [valid] loss: 3.5243 (+/-0.628 ) - [test] loss: 4.8896 (+/-0.7711)
2019-07-20 07:12:39,607 INFO - logger - Iter 23600 - time: 31    - [train] loss: 4.0438 (+/-0.7127) - [valid] loss: 3.5661 (+/-0.7199) - [test] loss: 3.9063 (+/-0.6865)
2019-07-20 07:13:09,005 INFO - logger - Iter 23700 - time: 29    - [train] loss: 3.8643 (+/-0.7144) - [valid] loss: 3.8379 (+/-0.7479) - [test] loss: 3.9173 (+/-0.6987)
2019-07-20 07:13:37,486 INFO - logger - Iter 23800 - time: 28    - [train] loss: 5.1158 (+/-0.7981) - [valid] loss: 4.2693 (+/-0.7901) - [test] loss: 4.0701 (+/-0.7668)
2019-07-20 07:14:06,691 INFO - logger - Iter 23900 - time: 29    - [train] loss: 3.8531 (+/-0.7202) - [valid] loss: 4.5168 (+/-0.7302) - [test] loss: 4.234  (+/-0.773 )
2019-07-20 07:14:35,635 INFO - logger - Iter 24000 - time: 28    - [train] loss: 4.2753 (+/-0.7202) - [valid] loss: 3.8069 (+/-0.6923) - [test] loss: 4.3075 (+/-0.7348)
2019-07-20 07:15:07,975 INFO - logger - Iter 24100 - time: 32    - [train] loss: 4.1131 (+/-0.7042) - [valid] loss: 4.4039 (+/-0.7216) - [test] loss: 4.1713 (+/-0.7247)
2019-07-20 07:15:36,759 INFO - logger - Iter 24200 - time: 28    - [train] loss: 3.9769 (+/-0.64  ) - [valid] loss: 3.992  (+/-0.66  ) - [test] loss: 4.1398 (+/-0.704 )
2019-07-20 07:16:04,908 INFO - logger - Iter 24300 - time: 28    - [train] loss: 4.4173 (+/-0.6957) - [valid] loss: 3.7635 (+/-0.7021) - [test] loss: 4.0749 (+/-0.7044)
2019-07-20 07:16:32,889 INFO - logger - Iter 24400 - time: 27    - [train] loss: 4.3104 (+/-0.7269) - [valid] loss: 4.118  (+/-0.7288) - [test] loss: 4.2638 (+/-0.7231)
2019-07-20 07:17:02,975 INFO - logger - Iter 24500 - time: 30    - [train] loss: 4.8081 (+/-0.7743) - [valid] loss: 4.8771 (+/-0.7116) - [test] loss: 3.9462 (+/-0.6712)
2019-07-20 07:17:35,053 INFO - logger - Iter 24600 - time: 32    - [train] loss: 3.843  (+/-0.7218) - [valid] loss: 4.7663 (+/-0.708 ) - [test] loss: 4.0195 (+/-0.7799)
2019-07-20 07:18:04,079 INFO - logger - Iter 24700 - time: 29    - [train] loss: 4.25   (+/-0.7804) - [valid] loss: 3.365  (+/-0.7495) - [test] loss: 4.095  (+/-0.7618)
2019-07-20 07:18:32,434 INFO - logger - Iter 24800 - time: 28    - [train] loss: 3.973  (+/-0.6972) - [valid] loss: 3.6824 (+/-0.6979) - [test] loss: 3.1891 (+/-0.6678)
2019-07-20 07:19:01,705 INFO - logger - Iter 24900 - time: 29    - [train] loss: 4.2086 (+/-0.7303) - [valid] loss: 4.4045 (+/-0.7499) - [test] loss: 4.4069 (+/-0.721 )
2019-07-20 07:19:31,549 INFO - logger - Iter 25000 - time: 29    - [train] loss: 4.1985 (+/-0.7268) - [valid] loss: 5.1441 (+/-0.787 ) - [test] loss: 3.7003 (+/-0.6775)
2019-07-20 07:20:02,563 INFO - logger - Iter 25100 - time: 31    - [train] loss: 4.65   (+/-0.7331) - [valid] loss: 3.6453 (+/-0.6656) - [test] loss: 3.6661 (+/-0.6841)
2019-07-20 07:20:31,098 INFO - logger - Iter 25200 - time: 28    - [train] loss: 4.4654 (+/-0.7615) - [valid] loss: 5.1647 (+/-0.808 ) - [test] loss: 3.9397 (+/-0.7261)
2019-07-20 07:21:00,530 INFO - logger - Iter 25300 - time: 29    - [train] loss: 3.695  (+/-0.6945) - [valid] loss: 4.1817 (+/-0.7191) - [test] loss: 3.8464 (+/-0.7297)
2019-07-20 07:21:28,807 INFO - logger - Iter 25400 - time: 28    - [train] loss: 3.9162 (+/-0.683 ) - [valid] loss: 3.5446 (+/-0.6497) - [test] loss: 4.4359 (+/-0.7586)
2019-07-20 07:21:57,811 INFO - logger - Iter 25500 - time: 29    - [train] loss: 3.8024 (+/-0.7568) - [valid] loss: 4.1882 (+/-0.78  ) - [test] loss: 3.7463 (+/-0.6846)
2019-07-20 07:22:26,516 INFO - logger - Iter 25600 - time: 28    - [train] loss: 4.0505 (+/-0.7206) - [valid] loss: 4.3367 (+/-0.7118) - [test] loss: 3.4761 (+/-0.6668)
2019-07-20 07:22:55,761 INFO - logger - Iter 25700 - time: 29    - [train] loss: 4.1631 (+/-0.6804) - [valid] loss: 4.3898 (+/-0.6701) - [test] loss: 4.0138 (+/-0.7478)
2019-07-20 07:23:24,799 INFO - logger - Iter 25800 - time: 29    - [train] loss: 3.8764 (+/-0.7394) - [valid] loss: 4.0683 (+/-0.7013) - [test] loss: 4.5294 (+/-0.7604)
2019-07-20 07:23:53,119 INFO - logger - Iter 25900 - time: 28    - [train] loss: 4.1018 (+/-0.7545) - [valid] loss: 4.0835 (+/-0.7247) - [test] loss: 4.3992 (+/-0.6969)
2019-07-20 07:24:20,983 INFO - logger - Iter 26000 - time: 27    - [train] loss: 3.4205 (+/-0.652 ) - [valid] loss: 4.4008 (+/-0.7826) - [test] loss: 4.335  (+/-0.7503)
2019-07-20 07:24:49,187 INFO - logger - Iter 26100 - time: 28    - [train] loss: 3.8601 (+/-0.6914) - [valid] loss: 4.0659 (+/-0.7486) - [test] loss: 3.7596 (+/-0.6943)
2019-07-20 07:25:18,180 INFO - logger - Iter 26200 - time: 28    - [train] loss: 4.1917 (+/-0.7379) - [valid] loss: 4.5493 (+/-0.7287) - [test] loss: 3.8396 (+/-0.717 )
2019-07-20 07:25:46,819 INFO - logger - Iter 26300 - time: 28    - [train] loss: 4.3546 (+/-0.8071) - [valid] loss: 3.7068 (+/-0.7431) - [test] loss: 3.7054 (+/-0.6423)
2019-07-20 07:26:15,763 INFO - logger - Iter 26400 - time: 28    - [train] loss: 4.1714 (+/-0.7161) - [valid] loss: 3.8317 (+/-0.6821) - [test] loss: 3.7144 (+/-0.6184)
2019-07-20 07:26:43,431 INFO - logger - Iter 26500 - time: 27    - [train] loss: 4.593  (+/-0.7766) - [valid] loss: 3.6895 (+/-0.6995) - [test] loss: 4.3657 (+/-0.761 )
2019-07-20 07:27:11,762 INFO - logger - Iter 26600 - time: 28    - [train] loss: 4.8178 (+/-0.7158) - [valid] loss: 4.1137 (+/-0.6891) - [test] loss: 4.7811 (+/-0.7428)
2019-07-20 07:27:40,267 INFO - logger - Iter 26700 - time: 28    - [train] loss: 4.7559 (+/-0.7666) - [valid] loss: 4.1975 (+/-0.7158) - [test] loss: 4.2091 (+/-0.7511)
2019-07-20 07:28:08,628 INFO - logger - Iter 26800 - time: 28    - [train] loss: 4.407  (+/-0.711 ) - [valid] loss: 4.7632 (+/-0.7253) - [test] loss: 3.9694 (+/-0.7314)
2019-07-20 07:28:38,824 INFO - logger - Iter 26900 - time: 30    - [train] loss: 4.0879 (+/-0.6815) - [valid] loss: 4.5542 (+/-0.7377) - [test] loss: 3.7031 (+/-0.7073)
2019-07-20 07:29:09,565 INFO - logger - Iter 27000 - time: 30    - [train] loss: 4.4851 (+/-0.7379) - [valid] loss: 4.0988 (+/-0.7055) - [test] loss: 4.6508 (+/-0.8158)
2019-07-20 07:29:37,946 INFO - logger - Iter 27100 - time: 28    - [train] loss: 3.599  (+/-0.6801) - [valid] loss: 4.3269 (+/-0.7687) - [test] loss: 4.7273 (+/-0.7526)
2019-07-20 07:30:05,956 INFO - logger - Iter 27200 - time: 28    - [train] loss: 3.9667 (+/-0.673 ) - [valid] loss: 4.1454 (+/-0.7514) - [test] loss: 4.0865 (+/-0.7617)
2019-07-20 07:30:34,086 INFO - logger - Iter 27300 - time: 28    - [train] loss: 3.6872 (+/-0.7239) - [valid] loss: 4.0419 (+/-0.6659) - [test] loss: 4.3598 (+/-0.694 )
2019-07-20 07:31:04,171 INFO - logger - Iter 27400 - time: 30    - [train] loss: 4.0629 (+/-0.7463) - [valid] loss: 4.3387 (+/-0.7321) - [test] loss: 4.046  (+/-0.7571)
2019-07-20 07:31:34,111 INFO - logger - Iter 27500 - time: 29    - [train] loss: 4.526  (+/-0.7435) - [valid] loss: 3.9542 (+/-0.7226) - [test] loss: 4.1017 (+/-0.7288)
2019-07-20 07:32:02,042 INFO - logger - Iter 27600 - time: 27    - [train] loss: 4.4152 (+/-0.6727) - [valid] loss: 4.2354 (+/-0.6965) - [test] loss: 4.0453 (+/-0.7071)
2019-07-20 07:32:29,773 INFO - logger - Iter 27700 - time: 27    - [train] loss: 4.5783 (+/-0.7599) - [valid] loss: 4.0162 (+/-0.7159) - [test] loss: 4.1252 (+/-0.7061)
2019-07-20 07:32:58,587 INFO - logger - Iter 27800 - time: 28    - [train] loss: 4.0405 (+/-0.6815) - [valid] loss: 3.8299 (+/-0.7111) - [test] loss: 3.4808 (+/-0.6248)
2019-07-20 07:33:30,674 INFO - logger - Iter 27900 - time: 32    - [train] loss: 4.4493 (+/-0.7722) - [valid] loss: 4.2329 (+/-0.7563) - [test] loss: 5.0522 (+/-0.7586)
2019-07-20 07:33:58,751 INFO - logger - Iter 28000 - time: 28    - [train] loss: 4.2923 (+/-0.6428) - [valid] loss: 4.2334 (+/-0.7507) - [test] loss: 4.5474 (+/-0.7446)
2019-07-20 07:34:26,833 INFO - logger - Iter 28100 - time: 28    - [train] loss: 4.3833 (+/-0.7534) - [valid] loss: 4.2824 (+/-0.7789) - [test] loss: 3.4466 (+/-0.6587)
2019-07-20 07:34:55,526 INFO - logger - Iter 28200 - time: 28    - [train] loss: 4.3088 (+/-0.6942) - [valid] loss: 4.0483 (+/-0.7222) - [test] loss: 4.2206 (+/-0.7288)
2019-07-20 07:35:24,367 INFO - logger - Iter 28300 - time: 28    - [train] loss: 3.7867 (+/-0.6884) - [valid] loss: 4.0012 (+/-0.7283) - [test] loss: 4.1371 (+/-0.6559)
2019-07-20 07:35:56,043 INFO - logger - Iter 28400 - time: 31    - [train] loss: 3.9846 (+/-0.7184) - [valid] loss: 3.8954 (+/-0.6936) - [test] loss: 3.9932 (+/-0.7267)
2019-07-20 07:36:24,033 INFO - logger - Iter 28500 - time: 27    - [train] loss: 4.5719 (+/-0.7443) - [valid] loss: 4.2071 (+/-0.6997) - [test] loss: 3.7691 (+/-0.6944)
2019-07-20 07:36:52,267 INFO - logger - Iter 28600 - time: 28    - [train] loss: 4.7156 (+/-0.7706) - [valid] loss: 4.6717 (+/-0.7895) - [test] loss: 4.3409 (+/-0.7446)
2019-07-20 07:37:20,578 INFO - logger - Iter 28700 - time: 28    - [train] loss: 4.946  (+/-0.826 ) - [valid] loss: 4.2266 (+/-0.7293) - [test] loss: 5.3643 (+/-0.7858)
2019-07-20 07:37:50,703 INFO - logger - Iter 28800 - time: 30    - [train] loss: 3.9624 (+/-0.76  ) - [valid] loss: 4.2681 (+/-0.7102) - [test] loss: 4.0284 (+/-0.7283)
2019-07-20 07:38:20,544 INFO - logger - Iter 28900 - time: 29    - [train] loss: 3.7417 (+/-0.6695) - [valid] loss: 3.8625 (+/-0.7266) - [test] loss: 4.0491 (+/-0.6572)
2019-07-20 07:38:48,652 INFO - logger - Iter 29000 - time: 28    - [train] loss: 3.7697 (+/-0.6999) - [valid] loss: 4.1783 (+/-0.7378) - [test] loss: 4.7434 (+/-0.7348)
2019-07-20 07:39:17,324 INFO - logger - Iter 29100 - time: 28    - [train] loss: 4.1882 (+/-0.7419) - [valid] loss: 4.4881 (+/-0.7434) - [test] loss: 4.2304 (+/-0.7308)
2019-07-20 07:39:46,095 INFO - logger - Iter 29200 - time: 28    - [train] loss: 4.1186 (+/-0.7079) - [valid] loss: 4.1401 (+/-0.7366) - [test] loss: 4.1068 (+/-0.6971)
2019-07-20 07:40:16,665 INFO - logger - Iter 29300 - time: 30    - [train] loss: 3.7492 (+/-0.6574) - [valid] loss: 4.0662 (+/-0.6859) - [test] loss: 4.4479 (+/-0.7084)
2019-07-20 07:40:45,444 INFO - logger - Iter 29400 - time: 28    - [train] loss: 4.7905 (+/-0.7861) - [valid] loss: 3.951  (+/-0.7166) - [test] loss: 4.2617 (+/-0.7646)
2019-07-20 07:41:14,294 INFO - logger - Iter 29500 - time: 28    - [train] loss: 4.3585 (+/-0.7389) - [valid] loss: 3.7638 (+/-0.6963) - [test] loss: 3.8496 (+/-0.6922)
2019-07-20 07:41:41,847 INFO - logger - Iter 29600 - time: 27    - [train] loss: 3.9703 (+/-0.7313) - [valid] loss: 4.2225 (+/-0.7351) - [test] loss: 4.1555 (+/-0.6892)
2019-07-20 07:42:09,421 INFO - logger - Iter 29700 - time: 27    - [train] loss: 3.8901 (+/-0.7052) - [valid] loss: 3.5812 (+/-0.6258) - [test] loss: 3.7348 (+/-0.6697)
2019-07-20 07:42:40,742 INFO - logger - Iter 29800 - time: 31    - [train] loss: 4.2254 (+/-0.739 ) - [valid] loss: 4.1683 (+/-0.7006) - [test] loss: 3.7224 (+/-0.7026)
2019-07-20 07:43:08,989 INFO - logger - Iter 29900 - time: 28    - [train] loss: 4.2562 (+/-0.7098) - [valid] loss: 3.8472 (+/-0.6828) - [test] loss: 4.1757 (+/-0.7753)
2019-07-20 07:43:37,722 INFO - logger - Iter 30000 - time: 28    - [train] loss: 4.2082 (+/-0.7122) - [valid] loss: 3.6561 (+/-0.6557) - [test] loss: 4.2423 (+/-0.6698)
2019-07-20 07:44:05,124 INFO - logger - Iter 30100 - time: 27    - [train] loss: 4.0105 (+/-0.7052) - [valid] loss: 3.8135 (+/-0.7098) - [test] loss: 4.4962 (+/-0.7693)
2019-07-20 07:44:34,496 INFO - logger - Iter 30200 - time: 29    - [train] loss: 4.3498 (+/-0.7774) - [valid] loss: 3.8806 (+/-0.6967) - [test] loss: 4.5266 (+/-0.7998)
2019-07-20 07:45:05,787 INFO - logger - Iter 30300 - time: 31    - [train] loss: 4.2992 (+/-0.7573) - [valid] loss: 4.4906 (+/-0.7718) - [test] loss: 3.6909 (+/-0.7216)
2019-07-20 07:45:34,309 INFO - logger - Iter 30400 - time: 28    - [train] loss: 3.7327 (+/-0.6944) - [valid] loss: 3.5909 (+/-0.6102) - [test] loss: 4.1641 (+/-0.6962)
2019-07-20 07:46:02,902 INFO - logger - Iter 30500 - time: 28    - [train] loss: 4.1205 (+/-0.7335) - [valid] loss: 4.8867 (+/-0.7054) - [test] loss: 3.9307 (+/-0.7633)
2019-07-20 07:46:30,679 INFO - logger - Iter 30600 - time: 27    - [train] loss: 4.2177 (+/-0.6905) - [valid] loss: 4.5186 (+/-0.7633) - [test] loss: 3.8882 (+/-0.6915)
2019-07-20 07:47:00,823 INFO - logger - Iter 30700 - time: 30    - [train] loss: 3.9955 (+/-0.7628) - [valid] loss: 4.1304 (+/-0.7083) - [test] loss: 4.0438 (+/-0.7206)
2019-07-20 07:47:30,567 INFO - logger - Iter 30800 - time: 29    - [train] loss: 4.4062 (+/-0.6735) - [valid] loss: 3.9459 (+/-0.6887) - [test] loss: 4.1073 (+/-0.7351)
2019-07-20 07:47:59,287 INFO - logger - Iter 30900 - time: 28    - [train] loss: 3.6592 (+/-0.686 ) - [valid] loss: 4.0334 (+/-0.7411) - [test] loss: 3.6724 (+/-0.7006)
2019-07-20 07:48:27,537 INFO - logger - Iter 31000 - time: 28    - [train] loss: 4.5105 (+/-0.7186) - [valid] loss: 4.4432 (+/-0.7768) - [test] loss: 4.4319 (+/-0.7571)
2019-07-20 07:48:56,902 INFO - logger - Iter 31100 - time: 29    - [train] loss: 5.1228 (+/-0.7588) - [valid] loss: 3.7515 (+/-0.7278) - [test] loss: 4.2969 (+/-0.6873)
2019-07-20 07:49:26,906 INFO - logger - Iter 31200 - time: 30    - [train] loss: 4.2395 (+/-0.7443) - [valid] loss: 4.5081 (+/-0.7276) - [test] loss: 4.1877 (+/-0.7285)
2019-07-20 07:49:54,604 INFO - logger - Iter 31300 - time: 27    - [train] loss: 4.7187 (+/-0.7968) - [valid] loss: 3.903  (+/-0.6862) - [test] loss: 4.1663 (+/-0.7815)
2019-07-20 07:50:23,743 INFO - logger - Iter 31400 - time: 29    - [train] loss: 4.284  (+/-0.7566) - [valid] loss: 4.4451 (+/-0.7361) - [test] loss: 4.4343 (+/-0.7396)
2019-07-20 07:50:52,302 INFO - logger - Iter 31500 - time: 28    - [train] loss: 4.2619 (+/-0.7836) - [valid] loss: 4.5111 (+/-0.6861) - [test] loss: 3.7555 (+/-0.6956)
2019-07-20 07:51:21,114 INFO - logger - Iter 31600 - time: 28    - [train] loss: 3.8007 (+/-0.6608) - [valid] loss: 5.1016 (+/-0.7356) - [test] loss: 3.698  (+/-0.6934)
2019-07-20 07:51:50,018 INFO - logger - Iter 31700 - time: 28    - [train] loss: 3.7091 (+/-0.7432) - [valid] loss: 3.8762 (+/-0.7236) - [test] loss: 4.0701 (+/-0.6913)
2019-07-20 07:52:18,433 INFO - logger - Iter 31800 - time: 28    - [train] loss: 4.5062 (+/-0.7497) - [valid] loss: 4.0861 (+/-0.7585) - [test] loss: 3.4353 (+/-0.6807)
2019-07-20 07:52:46,412 INFO - logger - Iter 31900 - time: 27    - [train] loss: 3.6372 (+/-0.7257) - [valid] loss: 4.013  (+/-0.6747) - [test] loss: 4.2062 (+/-0.7719)
2019-07-20 07:53:15,925 INFO - logger - Iter 32000 - time: 29    - [train] loss: 4.2918 (+/-0.6975) - [valid] loss: 3.8023 (+/-0.7121) - [test] loss: 4.0841 (+/-0.7547)
2019-07-20 07:53:44,355 INFO - logger - Iter 32100 - time: 28    - [train] loss: 4.5746 (+/-0.7431) - [valid] loss: 4.1138 (+/-0.7249) - [test] loss: 3.9033 (+/-0.718 )
2019-07-20 07:54:12,698 INFO - logger - Iter 32200 - time: 28    - [train] loss: 4.041  (+/-0.7107) - [valid] loss: 4.4    (+/-0.7763) - [test] loss: 4.1351 (+/-0.7693)
2019-07-20 07:54:41,188 INFO - logger - Iter 32300 - time: 28    - [train] loss: 4.3339 (+/-0.7522) - [valid] loss: 3.765  (+/-0.722 ) - [test] loss: 4.4064 (+/-0.7548)
2019-07-20 07:55:08,091 INFO - logger - Iter 32400 - time: 26    - [train] loss: 3.9594 (+/-0.7305) - [valid] loss: 3.5272 (+/-0.6898) - [test] loss: 4.3612 (+/-0.6927)
2019-07-20 07:55:37,080 INFO - logger - Iter 32500 - time: 28    - [train] loss: 4.1715 (+/-0.7221) - [valid] loss: 3.5377 (+/-0.6689) - [test] loss: 4.9308 (+/-0.8046)
2019-07-20 07:56:05,689 INFO - logger - Iter 32600 - time: 28    - [train] loss: 4.4316 (+/-0.7322) - [valid] loss: 4.4308 (+/-0.7276) - [test] loss: 4.0688 (+/-0.6987)
2019-07-20 07:56:33,523 INFO - logger - Iter 32700 - time: 27    - [train] loss: 3.9173 (+/-0.7144) - [valid] loss: 4.4451 (+/-0.7627) - [test] loss: 3.7458 (+/-0.731 )
2019-07-20 07:57:02,294 INFO - logger - Iter 32800 - time: 28    - [train] loss: 4.4821 (+/-0.7057) - [valid] loss: 4.1673 (+/-0.7398) - [test] loss: 4.066  (+/-0.7721)
2019-07-20 07:57:30,668 INFO - logger - Iter 32900 - time: 28    - [train] loss: 3.8234 (+/-0.6862) - [valid] loss: 4.2481 (+/-0.7205) - [test] loss: 4.3174 (+/-0.7073)
2019-07-20 07:58:01,840 INFO - logger - Iter 33000 - time: 31    - [train] loss: 4.6052 (+/-0.7664) - [valid] loss: 3.9962 (+/-0.6723) - [test] loss: 3.6782 (+/-0.6579)
2019-07-20 07:58:30,251 INFO - logger - Iter 33100 - time: 28    - [train] loss: 4.2025 (+/-0.7569) - [valid] loss: 3.9042 (+/-0.7364) - [test] loss: 3.8128 (+/-0.7058)
2019-07-20 07:58:59,439 INFO - logger - Iter 33200 - time: 29    - [train] loss: 4.0906 (+/-0.7718) - [valid] loss: 4.2779 (+/-0.7902) - [test] loss: 4.5515 (+/-0.779 )
2019-07-20 07:59:27,845 INFO - logger - Iter 33300 - time: 28    - [train] loss: 3.9665 (+/-0.7026) - [valid] loss: 3.7788 (+/-0.7856) - [test] loss: 3.8977 (+/-0.6953)
2019-07-20 07:59:57,775 INFO - logger - Iter 33400 - time: 29    - [train] loss: 4.0952 (+/-0.7415) - [valid] loss: 4.0358 (+/-0.7173) - [test] loss: 4.1909 (+/-0.7629)
2019-07-20 08:00:26,912 INFO - logger - Iter 33500 - time: 29    - [train] loss: 4.7252 (+/-0.7475) - [valid] loss: 3.7795 (+/-0.6795) - [test] loss: 4.9259 (+/-0.7516)
2019-07-20 08:00:55,004 INFO - logger - Iter 33600 - time: 28    - [train] loss: 4.0665 (+/-0.7614) - [valid] loss: 4.4338 (+/-0.8126) - [test] loss: 4.1585 (+/-0.7255)
2019-07-20 08:01:23,385 INFO - logger - Iter 33700 - time: 28    - [train] loss: 4.4986 (+/-0.7905) - [valid] loss: 3.9589 (+/-0.7265) - [test] loss: 4.3589 (+/-0.7365)
2019-07-20 08:01:52,143 INFO - logger - Iter 33800 - time: 28    - [train] loss: 3.8489 (+/-0.7091) - [valid] loss: 4.0342 (+/-0.7136) - [test] loss: 4.6234 (+/-0.7547)
2019-07-20 08:02:23,665 INFO - logger - Iter 33900 - time: 31    - [train] loss: 4.2149 (+/-0.7266) - [valid] loss: 4.3072 (+/-0.7505) - [test] loss: 4.1956 (+/-0.7457)
2019-07-20 08:02:51,682 INFO - logger - Iter 34000 - time: 28    - [train] loss: 3.8131 (+/-0.6475) - [valid] loss: 4.1698 (+/-0.7545) - [test] loss: 3.9734 (+/-0.7495)
2019-07-20 08:03:20,262 INFO - logger - Iter 34100 - time: 28    - [train] loss: 4.7991 (+/-0.7401) - [valid] loss: 3.8876 (+/-0.6563) - [test] loss: 4.4608 (+/-0.7713)
2019-07-20 08:03:49,488 INFO - logger - Iter 34200 - time: 29    - [train] loss: 4.579  (+/-0.7472) - [valid] loss: 4.4922 (+/-0.708 ) - [test] loss: 3.7779 (+/-0.6398)
2019-07-20 08:04:19,337 INFO - logger - Iter 34300 - time: 29    - [train] loss: 4.5446 (+/-0.7742) - [valid] loss: 4.5779 (+/-0.6822) - [test] loss: 4.0632 (+/-0.6857)
2019-07-20 08:04:49,037 INFO - logger - Iter 34400 - time: 29    - [train] loss: 4.8719 (+/-0.7894) - [valid] loss: 4.0156 (+/-0.7366) - [test] loss: 4.2737 (+/-0.7486)
2019-07-20 08:05:16,743 INFO - logger - Iter 34500 - time: 27    - [train] loss: 4.6561 (+/-0.7742) - [valid] loss: 3.828  (+/-0.6945) - [test] loss: 4.7207 (+/-0.7309)
2019-07-20 08:05:43,937 INFO - logger - Iter 34600 - time: 27    - [train] loss: 4.2571 (+/-0.7023) - [valid] loss: 3.9016 (+/-0.6992) - [test] loss: 4.286  (+/-0.6961)
2019-07-20 08:06:13,010 INFO - logger - Iter 34700 - time: 29    - [train] loss: 3.4533 (+/-0.6333) - [valid] loss: 3.7974 (+/-0.6825) - [test] loss: 4.6696 (+/-0.7301)
2019-07-20 08:06:44,170 INFO - logger - Iter 34800 - time: 31    - [train] loss: 4.766  (+/-0.7686) - [valid] loss: 3.5853 (+/-0.6858) - [test] loss: 4.4156 (+/-0.7581)
2019-07-20 08:07:12,593 INFO - logger - Iter 34900 - time: 28    - [train] loss: 3.8071 (+/-0.7305) - [valid] loss: 3.6718 (+/-0.6434) - [test] loss: 4.0189 (+/-0.6729)
2019-07-20 08:07:40,848 INFO - logger - Iter 35000 - time: 28    - [train] loss: 4.4282 (+/-0.7315) - [valid] loss: 3.5251 (+/-0.6089) - [test] loss: 4.106  (+/-0.7473)
2019-07-20 08:08:09,526 INFO - logger - Iter 35100 - time: 28    - [train] loss: 4.3547 (+/-0.7037) - [valid] loss: 4.5484 (+/-0.761 ) - [test] loss: 3.9987 (+/-0.6759)
2019-07-20 08:08:38,924 INFO - logger - Iter 35200 - time: 29    - [train] loss: 3.5812 (+/-0.7005) - [valid] loss: 4.8004 (+/-0.7276) - [test] loss: 4.0507 (+/-0.698 )
2019-07-20 08:09:09,071 INFO - logger - Iter 35300 - time: 30    - [train] loss: 4.4033 (+/-0.7687) - [valid] loss: 3.7921 (+/-0.6826) - [test] loss: 4.3504 (+/-0.7294)
2019-07-20 08:09:37,332 INFO - logger - Iter 35400 - time: 28    - [train] loss: 4.2771 (+/-0.7429) - [valid] loss: 4.5639 (+/-0.7671) - [test] loss: 3.8601 (+/-0.699 )
2019-07-20 08:10:06,501 INFO - logger - Iter 35500 - time: 29    - [train] loss: 3.9398 (+/-0.7033) - [valid] loss: 3.5804 (+/-0.6845) - [test] loss: 4.6144 (+/-0.8112)
2019-07-20 08:10:34,697 INFO - logger - Iter 35600 - time: 28    - [train] loss: 4.6561 (+/-0.7467) - [valid] loss: 4.1874 (+/-0.7011) - [test] loss: 4.1398 (+/-0.6617)
2019-07-20 08:11:06,981 INFO - logger - Iter 35700 - time: 32    - [train] loss: 4.0671 (+/-0.728 ) - [valid] loss: 3.3189 (+/-0.6648) - [test] loss: 4.0778 (+/-0.6539)
2019-07-20 08:11:35,558 INFO - logger - Iter 35800 - time: 28    - [train] loss: 3.8842 (+/-0.6686) - [valid] loss: 3.9983 (+/-0.6782) - [test] loss: 4.3292 (+/-0.7611)
2019-07-20 08:12:03,629 INFO - logger - Iter 35900 - time: 28    - [train] loss: 4.6529 (+/-0.7405) - [valid] loss: 4.2453 (+/-0.7272) - [test] loss: 4.0634 (+/-0.7352)
2019-07-20 08:12:32,444 INFO - logger - Iter 36000 - time: 28    - [train] loss: 4.0714 (+/-0.7287) - [valid] loss: 3.6281 (+/-0.6879) - [test] loss: 4.2486 (+/-0.7217)
2019-07-20 08:13:01,655 INFO - logger - Iter 36100 - time: 29    - [train] loss: 3.8919 (+/-0.6903) - [valid] loss: 4.1405 (+/-0.7792) - [test] loss: 4.0703 (+/-0.7107)
2019-07-20 08:13:31,665 INFO - logger - Iter 36200 - time: 30    - [train] loss: 4.6459 (+/-0.7765) - [valid] loss: 4.3206 (+/-0.6759) - [test] loss: 3.8185 (+/-0.7073)
2019-07-20 08:14:00,250 INFO - logger - Iter 36300 - time: 28    - [train] loss: 4.2401 (+/-0.7552) - [valid] loss: 4.0791 (+/-0.6976) - [test] loss: 4.0667 (+/-0.7073)
2019-07-20 08:14:27,936 INFO - logger - Iter 36400 - time: 27    - [train] loss: 3.8163 (+/-0.7212) - [valid] loss: 3.9798 (+/-0.6719) - [test] loss: 4.9249 (+/-0.7577)
2019-07-20 08:14:56,640 INFO - logger - Iter 36500 - time: 28    - [train] loss: 4.843  (+/-0.7353) - [valid] loss: 4.0928 (+/-0.6862) - [test] loss: 3.8611 (+/-0.7076)
2019-07-20 08:15:28,124 INFO - logger - Iter 36600 - time: 31    - [train] loss: 4.343  (+/-0.7355) - [valid] loss: 4.3103 (+/-0.7186) - [test] loss: 4.2178 (+/-0.6897)
2019-07-20 08:15:56,804 INFO - logger - Iter 36700 - time: 28    - [train] loss: 3.5028 (+/-0.7478) - [valid] loss: 4.5438 (+/-0.7532) - [test] loss: 3.5935 (+/-0.664 )
2019-07-20 08:16:25,563 INFO - logger - Iter 36800 - time: 28    - [train] loss: 3.5471 (+/-0.698 ) - [valid] loss: 4.5704 (+/-0.7253) - [test] loss: 4.0796 (+/-0.7338)
2019-07-20 08:16:53,003 INFO - logger - Iter 36900 - time: 27    - [train] loss: 3.6012 (+/-0.6672) - [valid] loss: 4.3081 (+/-0.7326) - [test] loss: 4.1787 (+/-0.7515)
2019-07-20 08:17:23,039 INFO - logger - Iter 37000 - time: 30    - [train] loss: 4.3887 (+/-0.7261) - [valid] loss: 4.1627 (+/-0.7035) - [test] loss: 5.1351 (+/-0.7048)
2019-07-20 08:17:52,812 INFO - logger - Iter 37100 - time: 29    - [train] loss: 4.5267 (+/-0.7777) - [valid] loss: 4.3741 (+/-0.7548) - [test] loss: 4.1953 (+/-0.7592)
2019-07-20 08:18:20,517 INFO - logger - Iter 37200 - time: 27    - [train] loss: 3.8838 (+/-0.6583) - [valid] loss: 4.0698 (+/-0.7181) - [test] loss: 3.8316 (+/-0.7067)
2019-07-20 08:18:48,456 INFO - logger - Iter 37300 - time: 27    - [train] loss: 4.3093 (+/-0.7485) - [valid] loss: 4.2782 (+/-0.7407) - [test] loss: 4.8179 (+/-0.7669)
2019-07-20 08:19:15,580 INFO - logger - Iter 37400 - time: 27    - [train] loss: 4.9728 (+/-0.7132) - [valid] loss: 4.8128 (+/-0.7842) - [test] loss: 4.3915 (+/-0.7149)
2019-07-20 08:19:42,883 INFO - logger - Iter 37500 - time: 27    - [train] loss: 3.914  (+/-0.7113) - [valid] loss: 4.5815 (+/-0.711 ) - [test] loss: 3.674  (+/-0.6654)
2019-07-20 08:20:10,643 INFO - logger - Iter 37600 - time: 27    - [train] loss: 4.1943 (+/-0.7657) - [valid] loss: 3.601  (+/-0.666 ) - [test] loss: 3.7078 (+/-0.762 )
2019-07-20 08:20:38,855 INFO - logger - Iter 37700 - time: 28    - [train] loss: 4.0737 (+/-0.6895) - [valid] loss: 4.4625 (+/-0.7649) - [test] loss: 3.8941 (+/-0.6742)
2019-07-20 08:21:06,866 INFO - logger - Iter 37800 - time: 28    - [train] loss: 4.1378 (+/-0.7506) - [valid] loss: 3.5569 (+/-0.7136) - [test] loss: 3.9255 (+/-0.6901)
2019-07-20 08:21:34,425 INFO - logger - Iter 37900 - time: 27    - [train] loss: 4.5854 (+/-0.8055) - [valid] loss: 3.8942 (+/-0.6354) - [test] loss: 3.7861 (+/-0.6705)
2019-07-20 08:22:01,524 INFO - logger - Iter 38000 - time: 27    - [train] loss: 4.6316 (+/-0.7301) - [valid] loss: 3.9595 (+/-0.7185) - [test] loss: 4.5821 (+/-0.6883)
2019-07-20 08:22:29,445 INFO - logger - Iter 38100 - time: 27    - [train] loss: 4.2573 (+/-0.7317) - [valid] loss: 3.7538 (+/-0.7432) - [test] loss: 3.7405 (+/-0.6852)
2019-07-20 08:22:57,265 INFO - logger - Iter 38200 - time: 27    - [train] loss: 4.2342 (+/-0.6785) - [valid] loss: 4.7519 (+/-0.7982) - [test] loss: 3.9548 (+/-0.6901)
2019-07-20 08:23:25,690 INFO - logger - Iter 38300 - time: 28    - [train] loss: 4.3096 (+/-0.7355) - [valid] loss: 3.9951 (+/-0.73  ) - [test] loss: 4.1971 (+/-0.7337)
2019-07-20 08:23:53,839 INFO - logger - Iter 38400 - time: 28    - [train] loss: 4.3394 (+/-0.7558) - [valid] loss: 3.7499 (+/-0.7081) - [test] loss: 3.6018 (+/-0.7062)
2019-07-20 08:24:21,911 INFO - logger - Iter 38500 - time: 28    - [train] loss: 3.7416 (+/-0.6647) - [valid] loss: 4.5253 (+/-0.7938) - [test] loss: 4.3829 (+/-0.7651)
2019-07-20 08:24:50,021 INFO - logger - Iter 38600 - time: 28    - [train] loss: 4.3351 (+/-0.7574) - [valid] loss: 4.6052 (+/-0.7548) - [test] loss: 4.6204 (+/-0.731 )
2019-07-20 08:25:20,205 INFO - logger - Iter 38700 - time: 30    - [train] loss: 4.1036 (+/-0.7312) - [valid] loss: 3.7534 (+/-0.6622) - [test] loss: 4.7739 (+/-0.7673)
2019-07-20 08:25:48,227 INFO - logger - Iter 38800 - time: 28    - [train] loss: 3.5194 (+/-0.7059) - [valid] loss: 3.7973 (+/-0.6325) - [test] loss: 3.8563 (+/-0.715 )
2019-07-20 08:26:16,029 INFO - logger - Iter 38900 - time: 27    - [train] loss: 4.3346 (+/-0.7277) - [valid] loss: 4.904  (+/-0.7735) - [test] loss: 4.1391 (+/-0.7179)
2019-07-20 08:26:43,204 INFO - logger - Iter 39000 - time: 27    - [train] loss: 4.2885 (+/-0.7628) - [valid] loss: 4.6886 (+/-0.7963) - [test] loss: 4.0891 (+/-0.7243)
2019-07-20 08:27:13,422 INFO - logger - Iter 39100 - time: 30    - [train] loss: 3.9596 (+/-0.6904) - [valid] loss: 3.6602 (+/-0.6649) - [test] loss: 3.7659 (+/-0.7139)
2019-07-20 08:27:41,294 INFO - logger - Iter 39200 - time: 27    - [train] loss: 3.8854 (+/-0.6657) - [valid] loss: 4.414  (+/-0.7304) - [test] loss: 4.0226 (+/-0.6899)
2019-07-20 08:28:08,289 INFO - logger - Iter 39300 - time: 26    - [train] loss: 3.2895 (+/-0.6802) - [valid] loss: 4.1048 (+/-0.7203) - [test] loss: 4.1116 (+/-0.7326)
2019-07-20 08:28:35,769 INFO - logger - Iter 39400 - time: 27    - [train] loss: 4.5771 (+/-0.7612) - [valid] loss: 3.5523 (+/-0.7128) - [test] loss: 4.0326 (+/-0.7436)
2019-07-20 08:29:05,186 INFO - logger - Iter 39500 - time: 29    - [train] loss: 4.4453 (+/-0.7393) - [valid] loss: 3.7611 (+/-0.7013) - [test] loss: 3.9681 (+/-0.7146)
2019-07-20 08:29:34,500 INFO - logger - Iter 39600 - time: 29    - [train] loss: 4.1957 (+/-0.7284) - [valid] loss: 3.8827 (+/-0.7117) - [test] loss: 4.4935 (+/-0.7534)
2019-07-20 08:30:01,888 INFO - logger - Iter 39700 - time: 27    - [train] loss: 3.3284 (+/-0.6591) - [valid] loss: 3.1466 (+/-0.6183) - [test] loss: 3.7161 (+/-0.6597)
2019-07-20 08:30:29,232 INFO - logger - Iter 39800 - time: 27    - [train] loss: 4.2006 (+/-0.7391) - [valid] loss: 4.1644 (+/-0.6944) - [test] loss: 4.241  (+/-0.6719)
2019-07-20 08:30:58,295 INFO - logger - Iter 39900 - time: 29    - [train] loss: 4.5964 (+/-0.7889) - [valid] loss: 4.0229 (+/-0.6957) - [test] loss: 4.5182 (+/-0.7063)
2019-07-20 08:31:27,995 INFO - logger - Iter 40000 - time: 29    - [train] loss: 4.1791 (+/-0.699 ) - [valid] loss: 3.9015 (+/-0.6556) - [test] loss: 3.9164 (+/-0.677 )
2019-07-20 08:31:55,565 INFO - logger - Iter 40100 - time: 27    - [train] loss: 4.3053 (+/-0.7202) - [valid] loss: 4.3022 (+/-0.7465) - [test] loss: 4.3625 (+/-0.7393)
2019-07-20 08:32:23,268 INFO - logger - Iter 40200 - time: 27    - [train] loss: 4.042  (+/-0.7556) - [valid] loss: 4.0821 (+/-0.7566) - [test] loss: 4.258  (+/-0.7818)
2019-07-20 08:32:51,009 INFO - logger - Iter 40300 - time: 27    - [train] loss: 4.7742 (+/-0.7236) - [valid] loss: 4.7559 (+/-0.7425) - [test] loss: 3.9216 (+/-0.6838)
2019-07-20 08:33:21,422 INFO - logger - Iter 40400 - time: 30    - [train] loss: 4.4469 (+/-0.7289) - [valid] loss: 3.7795 (+/-0.7324) - [test] loss: 4.0663 (+/-0.794 )
2019-07-20 08:33:49,424 INFO - logger - Iter 40500 - time: 28    - [train] loss: 3.4609 (+/-0.6387) - [valid] loss: 4.5269 (+/-0.7761) - [test] loss: 4.0118 (+/-0.7375)
2019-07-20 08:34:16,711 INFO - logger - Iter 40600 - time: 27    - [train] loss: 4.4062 (+/-0.6813) - [valid] loss: 4.4596 (+/-0.7613) - [test] loss: 4.0866 (+/-0.7018)
2019-07-20 08:34:45,575 INFO - logger - Iter 40700 - time: 28    - [train] loss: 4.1729 (+/-0.7148) - [valid] loss: 4.5111 (+/-0.7365) - [test] loss: 3.7283 (+/-0.7243)
2019-07-20 08:35:16,404 INFO - logger - Iter 40800 - time: 30    - [train] loss: 3.7975 (+/-0.6794) - [valid] loss: 4.4378 (+/-0.7504) - [test] loss: 3.7491 (+/-0.6897)
2019-07-20 08:35:44,219 INFO - logger - Iter 40900 - time: 27    - [train] loss: 3.7908 (+/-0.6592) - [valid] loss: 3.6315 (+/-0.7426) - [test] loss: 4.1418 (+/-0.7188)
2019-07-20 08:36:12,179 INFO - logger - Iter 41000 - time: 27    - [train] loss: 4.2328 (+/-0.7242) - [valid] loss: 4.0883 (+/-0.7558) - [test] loss: 4.1813 (+/-0.7958)
2019-07-20 08:36:40,630 INFO - logger - Iter 41100 - time: 28    - [train] loss: 3.992  (+/-0.7019) - [valid] loss: 4.7216 (+/-0.8202) - [test] loss: 3.7943 (+/-0.7325)
2019-07-20 08:37:11,993 INFO - logger - Iter 41200 - time: 31    - [train] loss: 4.283  (+/-0.7494) - [valid] loss: 4.0953 (+/-0.6938) - [test] loss: 3.6286 (+/-0.6437)
2019-07-20 08:37:39,818 INFO - logger - Iter 41300 - time: 27    - [train] loss: 4.3547 (+/-0.7319) - [valid] loss: 4.4725 (+/-0.7143) - [test] loss: 4.0122 (+/-0.7121)
2019-07-20 08:38:08,109 INFO - logger - Iter 41400 - time: 28    - [train] loss: 3.8486 (+/-0.6671) - [valid] loss: 4.2675 (+/-0.7192) - [test] loss: 4.6401 (+/-0.7345)
2019-07-20 08:38:36,033 INFO - logger - Iter 41500 - time: 27    - [train] loss: 4.3155 (+/-0.704 ) - [valid] loss: 3.694  (+/-0.7381) - [test] loss: 3.5956 (+/-0.7328)
2019-07-20 08:39:07,882 INFO - logger - Iter 41600 - time: 31    - [train] loss: 3.7376 (+/-0.7311) - [valid] loss: 4.1438 (+/-0.7413) - [test] loss: 4.2359 (+/-0.7639)
2019-07-20 08:39:36,489 INFO - logger - Iter 41700 - time: 28    - [train] loss: 4.1556 (+/-0.7767) - [valid] loss: 4.5394 (+/-0.674 ) - [test] loss: 4.2351 (+/-0.7367)
2019-07-20 08:40:04,987 INFO - logger - Iter 41800 - time: 28    - [train] loss: 4.4613 (+/-0.7635) - [valid] loss: 4.0718 (+/-0.7261) - [test] loss: 3.5546 (+/-0.7366)
2019-07-20 08:40:32,708 INFO - logger - Iter 41900 - time: 27    - [train] loss: 4.2181 (+/-0.6966) - [valid] loss: 4.0165 (+/-0.7079) - [test] loss: 4.447  (+/-0.7208)
2019-07-20 08:41:03,575 INFO - logger - Iter 42000 - time: 30    - [train] loss: 4.1121 (+/-0.6988) - [valid] loss: 4.184  (+/-0.7897) - [test] loss: 4.5129 (+/-0.7766)
2019-07-20 08:41:31,850 INFO - logger - Iter 42100 - time: 28    - [train] loss: 4.0486 (+/-0.7335) - [valid] loss: 4.2551 (+/-0.7419) - [test] loss: 3.7258 (+/-0.7215)
2019-07-20 08:42:00,162 INFO - logger - Iter 42200 - time: 28    - [train] loss: 4.2991 (+/-0.6321) - [valid] loss: 4.1248 (+/-0.6973) - [test] loss: 4.6793 (+/-0.7821)
2019-07-20 08:42:28,052 INFO - logger - Iter 42300 - time: 27    - [train] loss: 4.3516 (+/-0.7244) - [valid] loss: 4.622  (+/-0.7332) - [test] loss: 4.6114 (+/-0.7576)
2019-07-20 08:42:59,065 INFO - logger - Iter 42400 - time: 31    - [train] loss: 3.7517 (+/-0.7452) - [valid] loss: 4.6007 (+/-0.8131) - [test] loss: 3.6908 (+/-0.6818)
2019-07-20 08:43:28,032 INFO - logger - Iter 42500 - time: 28    - [train] loss: 4.061  (+/-0.771 ) - [valid] loss: 3.8055 (+/-0.7254) - [test] loss: 4.0693 (+/-0.7179)
2019-07-20 08:43:55,167 INFO - logger - Iter 42600 - time: 27    - [train] loss: 4.0316 (+/-0.794 ) - [valid] loss: 4.0887 (+/-0.6356) - [test] loss: 4.3824 (+/-0.7321)
2019-07-20 08:44:23,716 INFO - logger - Iter 42700 - time: 28    - [train] loss: 4.1992 (+/-0.7304) - [valid] loss: 3.7666 (+/-0.6646) - [test] loss: 3.8373 (+/-0.7042)
2019-07-20 08:44:51,474 INFO - logger - Iter 42800 - time: 27    - [train] loss: 3.8732 (+/-0.6992) - [valid] loss: 3.6866 (+/-0.7329) - [test] loss: 4.046  (+/-0.6786)
2019-07-20 08:45:19,902 INFO - logger - Iter 42900 - time: 28    - [train] loss: 3.7808 (+/-0.7011) - [valid] loss: 3.9237 (+/-0.689 ) - [test] loss: 4.2765 (+/-0.7339)
2019-07-20 08:45:47,515 INFO - logger - Iter 43000 - time: 27    - [train] loss: 4.4787 (+/-0.722 ) - [valid] loss: 4.613  (+/-0.7223) - [test] loss: 4.2937 (+/-0.7276)
2019-07-20 08:46:15,812 INFO - logger - Iter 43100 - time: 28    - [train] loss: 4.5379 (+/-0.7503) - [valid] loss: 4.0686 (+/-0.7477) - [test] loss: 3.4115 (+/-0.6586)
2019-07-20 08:46:43,209 INFO - logger - Iter 43200 - time: 27    - [train] loss: 4.3118 (+/-0.7389) - [valid] loss: 3.6136 (+/-0.6681) - [test] loss: 4.2968 (+/-0.6968)
2019-07-20 08:47:11,373 INFO - logger - Iter 43300 - time: 28    - [train] loss: 4.0099 (+/-0.776 ) - [valid] loss: 4.5309 (+/-0.725 ) - [test] loss: 4.2277 (+/-0.7477)
2019-07-20 08:47:38,908 INFO - logger - Iter 43400 - time: 27    - [train] loss: 3.8442 (+/-0.6428) - [valid] loss: 3.7842 (+/-0.6998) - [test] loss: 4.788  (+/-0.7272)
2019-07-20 08:48:06,094 INFO - logger - Iter 43500 - time: 27    - [train] loss: 3.8622 (+/-0.6377) - [valid] loss: 4.0324 (+/-0.7046) - [test] loss: 4.5046 (+/-0.7112)
2019-07-20 08:48:33,587 INFO - logger - Iter 43600 - time: 27    - [train] loss: 3.9719 (+/-0.7076) - [valid] loss: 4.0112 (+/-0.6902) - [test] loss: 3.6914 (+/-0.752 )
2019-07-20 08:49:00,836 INFO - logger - Iter 43700 - time: 27    - [train] loss: 4.3882 (+/-0.7269) - [valid] loss: 3.2529 (+/-0.6202) - [test] loss: 4.4201 (+/-0.676 )
2019-07-20 08:49:28,829 INFO - logger - Iter 43800 - time: 27    - [train] loss: 4.4784 (+/-0.7483) - [valid] loss: 3.7665 (+/-0.7035) - [test] loss: 4.2458 (+/-0.7821)
2019-07-20 08:49:56,793 INFO - logger - Iter 43900 - time: 27    - [train] loss: 3.7234 (+/-0.6519) - [valid] loss: 3.9783 (+/-0.7112) - [test] loss: 4.2754 (+/-0.7522)
2019-07-20 08:50:24,830 INFO - logger - Iter 44000 - time: 28    - [train] loss: 4.1674 (+/-0.7259) - [valid] loss: 4.5877 (+/-0.7249) - [test] loss: 4.7655 (+/-0.7286)
2019-07-20 08:50:55,825 INFO - logger - Iter 44100 - time: 30    - [train] loss: 3.5043 (+/-0.711 ) - [valid] loss: 4.2071 (+/-0.6903) - [test] loss: 4.1306 (+/-0.7008)
2019-07-20 08:51:24,112 INFO - logger - Iter 44200 - time: 28    - [train] loss: 5.1537 (+/-0.7166) - [valid] loss: 4.366  (+/-0.783 ) - [test] loss: 4.7925 (+/-0.7478)
2019-07-20 08:51:51,791 INFO - logger - Iter 44300 - time: 27    - [train] loss: 4.4004 (+/-0.7395) - [valid] loss: 4.2891 (+/-0.7314) - [test] loss: 4.4078 (+/-0.7282)
2019-07-20 08:52:19,745 INFO - logger - Iter 44400 - time: 27    - [train] loss: 3.7762 (+/-0.6816) - [valid] loss: 4.2291 (+/-0.713 ) - [test] loss: 4.2851 (+/-0.6953)
2019-07-20 08:52:50,442 INFO - logger - Iter 44500 - time: 30    - [train] loss: 3.7213 (+/-0.7144) - [valid] loss: 4.5346 (+/-0.7758) - [test] loss: 4.8813 (+/-0.7383)
2019-07-20 08:53:17,999 INFO - logger - Iter 44600 - time: 27    - [train] loss: 4.1643 (+/-0.7233) - [valid] loss: 4.3133 (+/-0.7406) - [test] loss: 3.3805 (+/-0.5868)
2019-07-20 08:53:45,829 INFO - logger - Iter 44700 - time: 27    - [train] loss: 3.6964 (+/-0.6645) - [valid] loss: 4.7111 (+/-0.7725) - [test] loss: 4.2466 (+/-0.7618)
2019-07-20 08:54:13,526 INFO - logger - Iter 44800 - time: 27    - [train] loss: 4.3814 (+/-0.7423) - [valid] loss: 3.9549 (+/-0.7327) - [test] loss: 4.7634 (+/-0.7809)
2019-07-20 08:54:43,340 INFO - logger - Iter 44900 - time: 29    - [train] loss: 3.8728 (+/-0.7498) - [valid] loss: 4.382  (+/-0.7307) - [test] loss: 3.6805 (+/-0.6702)
2019-07-20 08:55:12,671 INFO - logger - Iter 45000 - time: 29    - [train] loss: 3.3095 (+/-0.6127) - [valid] loss: 3.9456 (+/-0.7055) - [test] loss: 4.5931 (+/-0.7374)
2019-07-20 08:55:40,012 INFO - logger - Iter 45100 - time: 27    - [train] loss: 4.2444 (+/-0.7663) - [valid] loss: 4.298  (+/-0.7491) - [test] loss: 4.3331 (+/-0.7278)
2019-07-20 08:56:08,505 INFO - logger - Iter 45200 - time: 28    - [train] loss: 3.8639 (+/-0.6726) - [valid] loss: 4.4075 (+/-0.7064) - [test] loss: 4.2211 (+/-0.7382)
2019-07-20 08:56:38,667 INFO - logger - Iter 45300 - time: 30    - [train] loss: 4.3811 (+/-0.709 ) - [valid] loss: 4.3359 (+/-0.7302) - [test] loss: 4.2638 (+/-0.7009)
2019-07-20 08:57:06,660 INFO - logger - Iter 45400 - time: 27    - [train] loss: 4.0543 (+/-0.7203) - [valid] loss: 3.6444 (+/-0.6553) - [test] loss: 4.557  (+/-0.7582)
2019-07-20 08:57:35,230 INFO - logger - Iter 45500 - time: 28    - [train] loss: 3.266  (+/-0.6394) - [valid] loss: 4.1402 (+/-0.6939) - [test] loss: 3.5851 (+/-0.6695)
2019-07-20 08:58:03,181 INFO - logger - Iter 45600 - time: 27    - [train] loss: 4.0764 (+/-0.7239) - [valid] loss: 4.0159 (+/-0.7367) - [test] loss: 3.9304 (+/-0.679 )
2019-07-20 08:58:32,797 INFO - logger - Iter 45700 - time: 29    - [train] loss: 4.2165 (+/-0.7206) - [valid] loss: 4.1932 (+/-0.7009) - [test] loss: 3.9466 (+/-0.7639)
2019-07-20 08:59:02,141 INFO - logger - Iter 45800 - time: 29    - [train] loss: 3.9817 (+/-0.7102) - [valid] loss: 4.5212 (+/-0.7339) - [test] loss: 4.4605 (+/-0.7333)
2019-07-20 08:59:29,052 INFO - logger - Iter 45900 - time: 26    - [train] loss: 4.1792 (+/-0.7244) - [valid] loss: 4.734  (+/-0.7732) - [test] loss: 4.0515 (+/-0.7969)
2019-07-20 08:59:56,885 INFO - logger - Iter 46000 - time: 27    - [train] loss: 4.0897 (+/-0.6996) - [valid] loss: 3.9932 (+/-0.6656) - [test] loss: 4.3983 (+/-0.7543)
2019-07-20 09:00:24,726 INFO - logger - Iter 46100 - time: 27    - [train] loss: 3.919  (+/-0.7244) - [valid] loss: 3.6988 (+/-0.6857) - [test] loss: 3.6426 (+/-0.739 )
2019-07-20 09:00:55,455 INFO - logger - Iter 46200 - time: 30    - [train] loss: 4.9865 (+/-0.7599) - [valid] loss: 4.3068 (+/-0.7167) - [test] loss: 4.3344 (+/-0.7259)
2019-07-20 09:01:24,268 INFO - logger - Iter 46300 - time: 28    - [train] loss: 4.4256 (+/-0.7414) - [valid] loss: 4.5275 (+/-0.7462) - [test] loss: 3.8427 (+/-0.6905)
2019-07-20 09:01:52,305 INFO - logger - Iter 46400 - time: 28    - [train] loss: 4.0449 (+/-0.7043) - [valid] loss: 3.4137 (+/-0.6606) - [test] loss: 3.8212 (+/-0.7273)
2019-07-20 09:02:19,082 INFO - logger - Iter 46500 - time: 26    - [train] loss: 3.8738 (+/-0.7183) - [valid] loss: 4.4338 (+/-0.7809) - [test] loss: 4.3098 (+/-0.7445)
2019-07-20 09:02:50,925 INFO - logger - Iter 46600 - time: 31    - [train] loss: 3.7643 (+/-0.6584) - [valid] loss: 4.3742 (+/-0.78  ) - [test] loss: 4.0032 (+/-0.7002)
2019-07-20 09:03:19,209 INFO - logger - Iter 46700 - time: 28    - [train] loss: 4.5959 (+/-0.752 ) - [valid] loss: 4.1683 (+/-0.7692) - [test] loss: 4.5731 (+/-0.7704)
2019-07-20 09:03:47,763 INFO - logger - Iter 46800 - time: 28    - [train] loss: 3.8535 (+/-0.7184) - [valid] loss: 4.0952 (+/-0.7456) - [test] loss: 5.09   (+/-0.7527)
2019-07-20 09:04:15,027 INFO - logger - Iter 46900 - time: 27    - [train] loss: 4.2627 (+/-0.758 ) - [valid] loss: 3.644  (+/-0.6577) - [test] loss: 4.4628 (+/-0.7658)
2019-07-20 09:04:46,430 INFO - logger - Iter 47000 - time: 31    - [train] loss: 4.096  (+/-0.7298) - [valid] loss: 4.4952 (+/-0.7668) - [test] loss: 3.9417 (+/-0.6932)
2019-07-20 09:05:14,528 INFO - logger - Iter 47100 - time: 28    - [train] loss: 4.1511 (+/-0.7182) - [valid] loss: 4.02   (+/-0.7184) - [test] loss: 4.4485 (+/-0.731 )
2019-07-20 09:05:42,694 INFO - logger - Iter 47200 - time: 28    - [train] loss: 3.6956 (+/-0.6871) - [valid] loss: 4.2751 (+/-0.7141) - [test] loss: 4.1917 (+/-0.6977)
2019-07-20 09:06:10,573 INFO - logger - Iter 47300 - time: 27    - [train] loss: 4.3984 (+/-0.7584) - [valid] loss: 4.915  (+/-0.7677) - [test] loss: 3.4814 (+/-0.595 )
2019-07-20 09:06:40,472 INFO - logger - Iter 47400 - time: 29    - [train] loss: 4.3677 (+/-0.7471) - [valid] loss: 3.9293 (+/-0.6651) - [test] loss: 4.3898 (+/-0.7417)
2019-07-20 09:07:09,231 INFO - logger - Iter 47500 - time: 28    - [train] loss: 3.5569 (+/-0.6919) - [valid] loss: 4.2376 (+/-0.7588) - [test] loss: 3.697  (+/-0.6672)
2019-07-20 09:07:36,434 INFO - logger - Iter 47600 - time: 27    - [train] loss: 4.2414 (+/-0.7732) - [valid] loss: 4.4161 (+/-0.7066) - [test] loss: 3.9428 (+/-0.706 )
2019-07-20 09:08:04,691 INFO - logger - Iter 47700 - time: 28    - [train] loss: 4.1735 (+/-0.7216) - [valid] loss: 4.2254 (+/-0.7327) - [test] loss: 4.1671 (+/-0.7131)
2019-07-20 09:08:33,861 INFO - logger - Iter 47800 - time: 29    - [train] loss: 4.1022 (+/-0.7837) - [valid] loss: 4.5664 (+/-0.7969) - [test] loss: 4.1559 (+/-0.7326)
2019-07-20 09:09:03,745 INFO - logger - Iter 47900 - time: 29    - [train] loss: 4.0357 (+/-0.6767) - [valid] loss: 4.4348 (+/-0.7329) - [test] loss: 4.4738 (+/-0.7553)
2019-07-20 09:09:31,651 INFO - logger - Iter 48000 - time: 27    - [train] loss: 4.7954 (+/-0.7542) - [valid] loss: 4.6048 (+/-0.7715) - [test] loss: 3.9857 (+/-0.7477)
2019-07-20 09:09:58,876 INFO - logger - Iter 48100 - time: 27    - [train] loss: 3.6773 (+/-0.7039) - [valid] loss: 3.8669 (+/-0.6525) - [test] loss: 4.168  (+/-0.7158)
2019-07-20 09:10:26,870 INFO - logger - Iter 48200 - time: 27    - [train] loss: 3.9231 (+/-0.6312) - [valid] loss: 4.014  (+/-0.6947) - [test] loss: 4.1918 (+/-0.7547)
2019-07-20 09:10:55,135 INFO - logger - Iter 48300 - time: 28    - [train] loss: 3.9611 (+/-0.7056) - [valid] loss: 4.3061 (+/-0.7337) - [test] loss: 4.8214 (+/-0.74  )
2019-07-20 09:11:23,486 INFO - logger - Iter 48400 - time: 28    - [train] loss: 4.1864 (+/-0.6935) - [valid] loss: 3.5568 (+/-0.687 ) - [test] loss: 4.1813 (+/-0.7407)
2019-07-20 09:11:51,647 INFO - logger - Iter 48500 - time: 28    - [train] loss: 4.6754 (+/-0.7731) - [valid] loss: 4.7963 (+/-0.7078) - [test] loss: 4.6219 (+/-0.8069)
2019-07-20 09:12:20,016 INFO - logger - Iter 48600 - time: 28    - [train] loss: 4.6884 (+/-0.8032) - [valid] loss: 4.3526 (+/-0.7696) - [test] loss: 4.0107 (+/-0.7477)
2019-07-20 09:12:48,912 INFO - logger - Iter 48700 - time: 28    - [train] loss: 4.1146 (+/-0.7338) - [valid] loss: 4.4193 (+/-0.707 ) - [test] loss: 4.0441 (+/-0.6872)
2019-07-20 09:13:17,037 INFO - logger - Iter 48800 - time: 28    - [train] loss: 4.5308 (+/-0.8018) - [valid] loss: 4.3769 (+/-0.7231) - [test] loss: 4.6234 (+/-0.6614)
2019-07-20 09:13:44,795 INFO - logger - Iter 48900 - time: 27    - [train] loss: 4.2164 (+/-0.7514) - [valid] loss: 3.9514 (+/-0.6959) - [test] loss: 4.0294 (+/-0.7265)
2019-07-20 09:14:12,874 INFO - logger - Iter 49000 - time: 28    - [train] loss: 4.139  (+/-0.7526) - [valid] loss: 4.3372 (+/-0.7387) - [test] loss: 3.9407 (+/-0.7101)
2019-07-20 09:14:41,093 INFO - logger - Iter 49100 - time: 28    - [train] loss: 4.8424 (+/-0.7969) - [valid] loss: 4.4238 (+/-0.6954) - [test] loss: 4.4032 (+/-0.7421)
2019-07-20 09:15:07,841 INFO - logger - Iter 49200 - time: 26    - [train] loss: 4.1169 (+/-0.748 ) - [valid] loss: 3.747  (+/-0.6801) - [test] loss: 4.4084 (+/-0.7591)
2019-07-20 09:15:36,665 INFO - logger - Iter 49300 - time: 28    - [train] loss: 4.3117 (+/-0.7628) - [valid] loss: 4.7817 (+/-0.6982) - [test] loss: 4.549  (+/-0.7489)
2019-07-20 09:16:05,189 INFO - logger - Iter 49400 - time: 28    - [train] loss: 4.6948 (+/-0.7673) - [valid] loss: 4.3394 (+/-0.7132) - [test] loss: 3.5491 (+/-0.6154)
2019-07-20 09:16:33,710 INFO - logger - Iter 49500 - time: 28    - [train] loss: 4.1714 (+/-0.6788) - [valid] loss: 3.7094 (+/-0.6862) - [test] loss: 3.7591 (+/-0.6913)
2019-07-20 09:17:04,485 INFO - logger - Iter 49600 - time: 30    - [train] loss: 4.7026 (+/-0.7919) - [valid] loss: 4.6997 (+/-0.7257) - [test] loss: 4.8962 (+/-0.7593)
2019-07-20 09:17:32,910 INFO - logger - Iter 49700 - time: 28    - [train] loss: 4.1453 (+/-0.6831) - [valid] loss: 4.5872 (+/-0.7598) - [test] loss: 4.3646 (+/-0.6976)
2019-07-20 09:18:00,503 INFO - logger - Iter 49800 - time: 27    - [train] loss: 3.8987 (+/-0.7515) - [valid] loss: 4.3394 (+/-0.7644) - [test] loss: 4.2139 (+/-0.7324)
2019-07-20 09:18:29,414 INFO - logger - Iter 49900 - time: 28    - [train] loss: 3.7777 (+/-0.6959) - [valid] loss: 3.8796 (+/-0.7222) - [test] loss: 4.2104 (+/-0.6928)
