2019-07-20 05:18:54,695 INFO - log_helper - Finished configuring logger
2019-07-20 05:18:56,871 INFO - logger - Iter 0    - time: 6     - [train] loss: 4.6288 (+/-0.7981) - [valid] loss: 4.2924 (+/-0.7422) - [test] loss: 4.0764 (+/-0.779 )
2019-07-20 05:19:26,775 INFO - logger - Iter 100  - time: 29    - [train] loss: 3.8034 (+/-0.661 ) - [valid] loss: 3.4416 (+/-0.5879) - [test] loss: 2.6609 (+/-0.5237)
2019-07-20 05:19:57,761 INFO - logger - Iter 200  - time: 30    - [train] loss: 2.2961 (+/-0.4189) - [valid] loss: 2.3002 (+/-0.4714) - [test] loss: 2.2753 (+/-0.5031)
2019-07-20 05:20:29,589 INFO - logger - Iter 300  - time: 31    - [train] loss: 1.7112 (+/-0.3276) - [valid] loss: 1.579  (+/-0.2859) - [test] loss: 1.4471 (+/-0.2814)
2019-07-20 05:21:01,207 INFO - logger - Iter 400  - time: 31    - [train] loss: 1.2261 (+/-0.2475) - [valid] loss: 1.0519 (+/-0.1853) - [test] loss: 1.051  (+/-0.2316)
2019-07-20 05:21:32,519 INFO - logger - Iter 500  - time: 31    - [train] loss: 0.7404 (+/-0.2175) - [valid] loss: 0.7294 (+/-0.1639) - [test] loss: 0.694  (+/-0.1264)
2019-07-20 05:22:02,223 INFO - logger - Iter 600  - time: 29    - [train] loss: 0.4017 (+/-0.0782) - [valid] loss: 0.5424 (+/-0.1671) - [test] loss: 0.5171 (+/-0.1093)
2019-07-20 05:22:31,411 INFO - logger - Iter 700  - time: 29    - [train] loss: 0.4062 (+/-0.0807) - [valid] loss: 0.4629 (+/-0.0983) - [test] loss: 0.4937 (+/-0.1216)
2019-07-20 05:23:00,511 INFO - logger - Iter 800  - time: 29    - [train] loss: 0.3125 (+/-0.0663) - [valid] loss: 0.2428 (+/-0.0495) - [test] loss: 0.368  (+/-0.1067)
2019-07-20 05:23:30,720 INFO - logger - Iter 900  - time: 30    - [train] loss: 0.4123 (+/-0.0988) - [valid] loss: 0.4023 (+/-0.0991) - [test] loss: 0.3871 (+/-0.0958)
2019-07-20 05:24:02,519 INFO - logger - Iter 1000 - time: 31    - [train] loss: 0.1949 (+/-0.0415) - [valid] loss: 0.2132 (+/-0.0535) - [test] loss: 0.19   (+/-0.0401)
2019-07-20 05:24:33,844 INFO - logger - Iter 1100 - time: 31    - [train] loss: 0.2191 (+/-0.0568) - [valid] loss: 0.1728 (+/-0.0391) - [test] loss: 0.1553 (+/-0.0352)
2019-07-20 05:25:04,259 INFO - logger - Iter 1200 - time: 30    - [train] loss: 0.1247 (+/-0.0264) - [valid] loss: 0.1367 (+/-0.0382) - [test] loss: 0.1182 (+/-0.0192)
2019-07-20 05:25:33,721 INFO - logger - Iter 1300 - time: 29    - [train] loss: 0.1456 (+/-0.0386) - [valid] loss: 0.1606 (+/-0.0443) - [test] loss: 0.1306 (+/-0.0293)
2019-07-20 05:26:01,990 INFO - logger - Iter 1400 - time: 28    - [train] loss: 0.1552 (+/-0.0487) - [valid] loss: 0.1719 (+/-0.0782) - [test] loss: 0.1397 (+/-0.0396)
2019-07-20 05:26:31,474 INFO - logger - Iter 1500 - time: 29    - [train] loss: 0.0981 (+/-0.0301) - [valid] loss: 0.0806 (+/-0.0225) - [test] loss: 0.0773 (+/-0.0237)
2019-07-20 05:27:02,863 INFO - logger - Iter 1600 - time: 31    - [train] loss: 0.0712 (+/-0.0163) - [valid] loss: 0.0696 (+/-0.0145) - [test] loss: 0.075  (+/-0.0164)
2019-07-20 05:27:34,079 INFO - logger - Iter 1700 - time: 31    - [train] loss: 0.0702 (+/-0.0173) - [valid] loss: 0.0788 (+/-0.0243) - [test] loss: 0.0797 (+/-0.0302)
2019-07-20 05:28:03,230 INFO - logger - Iter 1800 - time: 29    - [train] loss: 0.0906 (+/-0.0196) - [valid] loss: 0.0747 (+/-0.0217) - [test] loss: 0.0719 (+/-0.0209)
2019-07-20 05:28:32,356 INFO - logger - Iter 1900 - time: 29    - [train] loss: 0.0548 (+/-0.0115) - [valid] loss: 0.0793 (+/-0.029 ) - [test] loss: 0.0674 (+/-0.0152)
2019-07-20 05:29:01,939 INFO - logger - Iter 2000 - time: 29    - [train] loss: 0.0561 (+/-0.0136) - [valid] loss: 0.0709 (+/-0.0235) - [test] loss: 0.0607 (+/-0.0154)
2019-07-20 05:29:31,214 INFO - logger - Iter 2100 - time: 29    - [train] loss: 0.058  (+/-0.02  ) - [valid] loss: 0.0545 (+/-0.0167) - [test] loss: 0.0626 (+/-0.0191)
2019-07-20 05:30:03,808 INFO - logger - Iter 2200 - time: 32    - [train] loss: 0.037  (+/-0.0079) - [valid] loss: 0.0402 (+/-0.0125) - [test] loss: 0.0441 (+/-0.0115)
2019-07-20 05:30:34,048 INFO - logger - Iter 2300 - time: 30    - [train] loss: 0.0677 (+/-0.0271) - [valid] loss: 0.048  (+/-0.012 ) - [test] loss: 0.0549 (+/-0.0151)
2019-07-20 05:31:02,463 INFO - logger - Iter 2400 - time: 28    - [train] loss: 0.0375 (+/-0.0091) - [valid] loss: 0.0466 (+/-0.0194) - [test] loss: 0.0417 (+/-0.0112)
2019-07-20 05:31:32,052 INFO - logger - Iter 2500 - time: 29    - [train] loss: 0.035  (+/-0.0091) - [valid] loss: 0.0425 (+/-0.015 ) - [test] loss: 0.03   (+/-0.009 )
2019-07-20 05:32:01,513 INFO - logger - Iter 2600 - time: 29    - [train] loss: 0.0388 (+/-0.0107) - [valid] loss: 0.0412 (+/-0.0106) - [test] loss: 0.0485 (+/-0.0231)
2019-07-20 05:32:30,588 INFO - logger - Iter 2700 - time: 29    - [train] loss: 0.0344 (+/-0.0111) - [valid] loss: 0.0379 (+/-0.015 ) - [test] loss: 0.0468 (+/-0.0265)
2019-07-20 05:33:02,695 INFO - logger - Iter 2800 - time: 32    - [train] loss: 0.0265 (+/-0.0065) - [valid] loss: 0.0335 (+/-0.008 ) - [test] loss: 0.0513 (+/-0.0183)
2019-07-20 05:33:32,486 INFO - logger - Iter 2900 - time: 29    - [train] loss: 0.0453 (+/-0.02  ) - [valid] loss: 0.0498 (+/-0.014 ) - [test] loss: 0.0317 (+/-0.008 )
2019-07-20 05:34:01,333 INFO - logger - Iter 3000 - time: 28    - [train] loss: 0.0442 (+/-0.013 ) - [valid] loss: 0.0278 (+/-0.0075) - [test] loss: 0.0219 (+/-0.0044)
2019-07-20 05:34:29,718 INFO - logger - Iter 3100 - time: 28    - [train] loss: 0.028  (+/-0.0077) - [valid] loss: 0.0329 (+/-0.0143) - [test] loss: 0.0369 (+/-0.0167)
2019-07-20 05:34:58,484 INFO - logger - Iter 3200 - time: 28    - [train] loss: 0.0271 (+/-0.0065) - [valid] loss: 0.0297 (+/-0.0084) - [test] loss: 0.0316 (+/-0.0092)
2019-07-20 05:35:26,929 INFO - logger - Iter 3300 - time: 28    - [train] loss: 0.0322 (+/-0.0134) - [valid] loss: 0.0359 (+/-0.0115) - [test] loss: 0.0272 (+/-0.0051)
2019-07-20 05:35:55,868 INFO - logger - Iter 3400 - time: 28    - [train] loss: 0.0442 (+/-0.0187) - [valid] loss: 0.0562 (+/-0.0182) - [test] loss: 0.0567 (+/-0.0205)
2019-07-20 05:36:26,270 INFO - logger - Iter 3500 - time: 30    - [train] loss: 0.0526 (+/-0.031 ) - [valid] loss: 0.0391 (+/-0.0098) - [test] loss: 0.0427 (+/-0.0131)
2019-07-20 05:36:56,720 INFO - logger - Iter 3600 - time: 30    - [train] loss: 0.037  (+/-0.0075) - [valid] loss: 0.0552 (+/-0.0329) - [test] loss: 0.0371 (+/-0.0083)
2019-07-20 05:37:25,688 INFO - logger - Iter 3700 - time: 28    - [train] loss: 0.0329 (+/-0.0075) - [valid] loss: 0.0295 (+/-0.007 ) - [test] loss: 0.0278 (+/-0.0066)
2019-07-20 05:37:55,591 INFO - logger - Iter 3800 - time: 29    - [train] loss: 0.0414 (+/-0.0167) - [valid] loss: 0.0334 (+/-0.0199) - [test] loss: 0.0328 (+/-0.0139)
2019-07-20 05:38:24,244 INFO - logger - Iter 3900 - time: 28    - [train] loss: 0.0321 (+/-0.0102) - [valid] loss: 0.0331 (+/-0.0085) - [test] loss: 0.0254 (+/-0.0069)
2019-07-20 05:38:52,569 INFO - logger - Iter 4000 - time: 28    - [train] loss: 0.0291 (+/-0.0095) - [valid] loss: 0.0237 (+/-0.0061) - [test] loss: 0.032  (+/-0.0113)
2019-07-20 05:39:25,108 INFO - logger - Iter 4100 - time: 32    - [train] loss: 0.0492 (+/-0.0183) - [valid] loss: 0.0473 (+/-0.0128) - [test] loss: 0.0378 (+/-0.009 )
2019-07-20 05:39:53,476 INFO - logger - Iter 4200 - time: 28    - [train] loss: 0.0467 (+/-0.0158) - [valid] loss: 0.0479 (+/-0.0229) - [test] loss: 0.0465 (+/-0.0195)
2019-07-20 05:40:22,943 INFO - logger - Iter 4300 - time: 29    - [train] loss: 0.0246 (+/-0.0088) - [valid] loss: 0.0399 (+/-0.0103) - [test] loss: 0.0264 (+/-0.0049)
2019-07-20 05:40:52,197 INFO - logger - Iter 4400 - time: 29    - [train] loss: 0.0316 (+/-0.0099) - [valid] loss: 0.0281 (+/-0.0092) - [test] loss: 0.0207 (+/-0.0066)
2019-07-20 05:41:21,113 INFO - logger - Iter 4500 - time: 28    - [train] loss: 0.0264 (+/-0.0099) - [valid] loss: 0.0347 (+/-0.0139) - [test] loss: 0.0319 (+/-0.0107)
2019-07-20 05:41:51,518 INFO - logger - Iter 4600 - time: 30    - [train] loss: 0.0289 (+/-0.0283) - [valid] loss: 0.0258 (+/-0.0075) - [test] loss: 0.0242 (+/-0.0123)
2019-07-20 05:42:21,687 INFO - logger - Iter 4700 - time: 30    - [train] loss: 0.0179 (+/-0.0033) - [valid] loss: 0.0223 (+/-0.0055) - [test] loss: 0.0259 (+/-0.0133)
2019-07-20 05:42:50,322 INFO - logger - Iter 4800 - time: 28    - [train] loss: 0.0212 (+/-0.005 ) - [valid] loss: 0.02   (+/-0.0046) - [test] loss: 0.0292 (+/-0.0098)
2019-07-20 05:43:19,289 INFO - logger - Iter 4900 - time: 28    - [train] loss: 0.0255 (+/-0.0068) - [valid] loss: 0.0272 (+/-0.0075) - [test] loss: 0.0247 (+/-0.0058)
2019-07-20 05:43:48,648 INFO - logger - Iter 5000 - time: 29    - [train] loss: 0.023  (+/-0.0073) - [valid] loss: 0.0191 (+/-0.0041) - [test] loss: 0.0199 (+/-0.0054)
2019-07-20 05:44:20,227 INFO - logger - Iter 5100 - time: 31    - [train] loss: 0.0224 (+/-0.0044) - [valid] loss: 0.0295 (+/-0.0112) - [test] loss: 0.0244 (+/-0.0055)
2019-07-20 05:44:52,115 INFO - logger - Iter 5200 - time: 31    - [train] loss: 0.0264 (+/-0.007 ) - [valid] loss: 0.0304 (+/-0.0104) - [test] loss: 0.0207 (+/-0.0097)
2019-07-20 05:45:20,539 INFO - logger - Iter 5300 - time: 28    - [train] loss: 0.0269 (+/-0.01  ) - [valid] loss: 0.027  (+/-0.013 ) - [test] loss: 0.0276 (+/-0.0084)
2019-07-20 05:45:49,541 INFO - logger - Iter 5400 - time: 29    - [train] loss: 0.0366 (+/-0.0226) - [valid] loss: 0.0252 (+/-0.006 ) - [test] loss: 0.0246 (+/-0.0063)
2019-07-20 05:46:18,215 INFO - logger - Iter 5500 - time: 28    - [train] loss: 0.0274 (+/-0.0071) - [valid] loss: 0.0389 (+/-0.0176) - [test] loss: 0.037  (+/-0.0141)
2019-07-20 05:46:48,168 INFO - logger - Iter 5600 - time: 29    - [train] loss: 0.0186 (+/-0.0042) - [valid] loss: 0.023  (+/-0.0068) - [test] loss: 0.0272 (+/-0.0099)
2019-07-20 05:47:20,213 INFO - logger - Iter 5700 - time: 32    - [train] loss: 0.0165 (+/-0.0042) - [valid] loss: 0.0214 (+/-0.0058) - [test] loss: 0.0163 (+/-0.0052)
2019-07-20 05:47:51,285 INFO - logger - Iter 5800 - time: 31    - [train] loss: 0.0157 (+/-0.004 ) - [valid] loss: 0.0199 (+/-0.007 ) - [test] loss: 0.0175 (+/-0.0055)
2019-07-20 05:48:19,942 INFO - logger - Iter 5900 - time: 28    - [train] loss: 0.0252 (+/-0.0084) - [valid] loss: 0.0184 (+/-0.0053) - [test] loss: 0.0366 (+/-0.0306)
2019-07-20 05:48:48,739 INFO - logger - Iter 6000 - time: 28    - [train] loss: 0.0275 (+/-0.0085) - [valid] loss: 0.0275 (+/-0.0111) - [test] loss: 0.023  (+/-0.0077)
2019-07-20 05:49:17,375 INFO - logger - Iter 6100 - time: 28    - [train] loss: 0.0208 (+/-0.0063) - [valid] loss: 0.0215 (+/-0.007 ) - [test] loss: 0.0179 (+/-0.0064)
2019-07-20 05:49:48,174 INFO - logger - Iter 6200 - time: 30    - [train] loss: 0.0215 (+/-0.0058) - [valid] loss: 0.0222 (+/-0.0075) - [test] loss: 0.015  (+/-0.0038)
2019-07-20 05:50:19,491 INFO - logger - Iter 6300 - time: 31    - [train] loss: 0.0387 (+/-0.0098) - [valid] loss: 0.0335 (+/-0.0071) - [test] loss: 0.0393 (+/-0.0118)
2019-07-20 05:50:49,173 INFO - logger - Iter 6400 - time: 29    - [train] loss: 0.0335 (+/-0.0133) - [valid] loss: 0.0276 (+/-0.0085) - [test] loss: 0.0381 (+/-0.0222)
2019-07-20 05:51:17,650 INFO - logger - Iter 6500 - time: 28    - [train] loss: 0.016  (+/-0.0051) - [valid] loss: 0.0206 (+/-0.0074) - [test] loss: 0.016  (+/-0.0039)
2019-07-20 05:51:46,244 INFO - logger - Iter 6600 - time: 28    - [train] loss: 0.0199 (+/-0.0048) - [valid] loss: 0.0247 (+/-0.0101) - [test] loss: 0.0248 (+/-0.0065)
2019-07-20 05:52:14,805 INFO - logger - Iter 6700 - time: 28    - [train] loss: 0.0198 (+/-0.0044) - [valid] loss: 0.0193 (+/-0.0042) - [test] loss: 0.0271 (+/-0.0105)
2019-07-20 05:52:46,217 INFO - logger - Iter 6800 - time: 31    - [train] loss: 0.0355 (+/-0.0157) - [valid] loss: 0.0202 (+/-0.0041) - [test] loss: 0.0244 (+/-0.0075)
2019-07-20 05:53:16,515 INFO - logger - Iter 6900 - time: 30    - [train] loss: 0.0918 (+/-0.0262) - [valid] loss: 0.0772 (+/-0.0231) - [test] loss: 0.0934 (+/-0.0221)
2019-07-20 05:53:46,551 INFO - logger - Iter 7000 - time: 30    - [train] loss: 0.0333 (+/-0.011 ) - [valid] loss: 0.0285 (+/-0.0118) - [test] loss: 0.0253 (+/-0.0061)
2019-07-20 05:54:15,499 INFO - logger - Iter 7100 - time: 28    - [train] loss: 0.0417 (+/-0.0127) - [valid] loss: 0.0473 (+/-0.0127) - [test] loss: 0.0536 (+/-0.0149)
2019-07-20 05:54:44,644 INFO - logger - Iter 7200 - time: 29    - [train] loss: 0.0232 (+/-0.0091) - [valid] loss: 0.0422 (+/-0.0238) - [test] loss: 0.0169 (+/-0.0038)
2019-07-20 05:55:13,993 INFO - logger - Iter 7300 - time: 29    - [train] loss: 0.0482 (+/-0.0356) - [valid] loss: 0.0174 (+/-0.0058) - [test] loss: 0.0241 (+/-0.0085)
2019-07-20 05:55:44,558 INFO - logger - Iter 7400 - time: 30    - [train] loss: 0.0207 (+/-0.0054) - [valid] loss: 0.0178 (+/-0.0042) - [test] loss: 0.0167 (+/-0.0037)
2019-07-20 05:56:15,686 INFO - logger - Iter 7500 - time: 31    - [train] loss: 0.0185 (+/-0.0052) - [valid] loss: 0.0183 (+/-0.0048) - [test] loss: 0.022  (+/-0.0094)
2019-07-20 05:56:44,855 INFO - logger - Iter 7600 - time: 29    - [train] loss: 0.0167 (+/-0.0045) - [valid] loss: 0.0224 (+/-0.0091) - [test] loss: 0.0157 (+/-0.0032)
2019-07-20 05:57:12,018 INFO - logger - Iter 7700 - time: 27    - [train] loss: 0.0154 (+/-0.0039) - [valid] loss: 0.0149 (+/-0.0035) - [test] loss: 0.0267 (+/-0.0251)
2019-07-20 05:57:40,952 INFO - logger - Iter 7800 - time: 28    - [train] loss: 0.0237 (+/-0.0091) - [valid] loss: 0.0161 (+/-0.0042) - [test] loss: 0.0143 (+/-0.003 )
2019-07-20 05:58:11,811 INFO - logger - Iter 7900 - time: 30    - [train] loss: 0.0172 (+/-0.0061) - [valid] loss: 0.0172 (+/-0.0057) - [test] loss: 0.0186 (+/-0.0047)
2019-07-20 05:58:41,692 INFO - logger - Iter 8000 - time: 29    - [train] loss: 0.0167 (+/-0.0046) - [valid] loss: 0.0134 (+/-0.0034) - [test] loss: 0.0141 (+/-0.0035)
2019-07-20 05:59:12,458 INFO - logger - Iter 8100 - time: 30    - [train] loss: 0.0189 (+/-0.0038) - [valid] loss: 0.018  (+/-0.0037) - [test] loss: 0.0236 (+/-0.0083)
2019-07-20 05:59:40,871 INFO - logger - Iter 8200 - time: 28    - [train] loss: 0.0266 (+/-0.0077) - [valid] loss: 0.0233 (+/-0.0041) - [test] loss: 0.0285 (+/-0.0065)
2019-07-20 06:00:09,584 INFO - logger - Iter 8300 - time: 28    - [train] loss: 0.0204 (+/-0.0068) - [valid] loss: 0.0217 (+/-0.0063) - [test] loss: 0.0227 (+/-0.0059)
2019-07-20 06:00:39,006 INFO - logger - Iter 8400 - time: 29    - [train] loss: 0.02   (+/-0.0083) - [valid] loss: 0.0278 (+/-0.0165) - [test] loss: 0.0161 (+/-0.0038)
2019-07-20 06:01:10,191 INFO - logger - Iter 8500 - time: 31    - [train] loss: 0.0234 (+/-0.0145) - [valid] loss: 0.015  (+/-0.0035) - [test] loss: 0.0153 (+/-0.0038)
2019-07-20 06:01:42,168 INFO - logger - Iter 8600 - time: 31    - [train] loss: 0.0136 (+/-0.0046) - [valid] loss: 0.0162 (+/-0.0034) - [test] loss: 0.0128 (+/-0.0036)
2019-07-20 06:02:12,353 INFO - logger - Iter 8700 - time: 30    - [train] loss: 0.0221 (+/-0.0112) - [valid] loss: 0.0137 (+/-0.0033) - [test] loss: 0.0208 (+/-0.0064)
2019-07-20 06:02:41,080 INFO - logger - Iter 8800 - time: 28    - [train] loss: 0.0175 (+/-0.0091) - [valid] loss: 0.0246 (+/-0.0225) - [test] loss: 0.0125 (+/-0.0031)
2019-07-20 06:03:09,577 INFO - logger - Iter 8900 - time: 28    - [train] loss: 0.0207 (+/-0.0053) - [valid] loss: 0.0167 (+/-0.0067) - [test] loss: 0.0185 (+/-0.0047)
2019-07-20 06:03:39,792 INFO - logger - Iter 9000 - time: 30    - [train] loss: 0.0124 (+/-0.0029) - [valid] loss: 0.0124 (+/-0.0029) - [test] loss: 0.0127 (+/-0.0027)
2019-07-20 06:04:08,966 INFO - logger - Iter 9100 - time: 29    - [train] loss: 0.0135 (+/-0.0038) - [valid] loss: 0.0171 (+/-0.0075) - [test] loss: 0.016  (+/-0.0051)
2019-07-20 06:04:38,477 INFO - logger - Iter 9200 - time: 29    - [train] loss: 0.0354 (+/-0.0091) - [valid] loss: 0.0385 (+/-0.0147) - [test] loss: 0.0393 (+/-0.0103)
2019-07-20 06:05:06,988 INFO - logger - Iter 9300 - time: 28    - [train] loss: 0.0224 (+/-0.0106) - [valid] loss: 0.0161 (+/-0.0047) - [test] loss: 0.0176 (+/-0.0044)
2019-07-20 06:05:35,829 INFO - logger - Iter 9400 - time: 28    - [train] loss: 0.0146 (+/-0.0024) - [valid] loss: 0.015  (+/-0.0028) - [test] loss: 0.0188 (+/-0.0044)
2019-07-20 06:06:04,534 INFO - logger - Iter 9500 - time: 28    - [train] loss: 0.0163 (+/-0.0038) - [valid] loss: 0.0183 (+/-0.0072) - [test] loss: 0.0188 (+/-0.0064)
2019-07-20 06:06:35,422 INFO - logger - Iter 9600 - time: 30    - [train] loss: 0.0127 (+/-0.003 ) - [valid] loss: 0.0171 (+/-0.0104) - [test] loss: 0.0163 (+/-0.0044)
2019-07-20 06:07:04,115 INFO - logger - Iter 9700 - time: 28    - [train] loss: 0.0131 (+/-0.0046) - [valid] loss: 0.0109 (+/-0.0023) - [test] loss: 0.0147 (+/-0.0044)
2019-07-20 06:07:32,913 INFO - logger - Iter 9800 - time: 28    - [train] loss: 0.0124 (+/-0.0028) - [valid] loss: 0.0134 (+/-0.0039) - [test] loss: 0.0176 (+/-0.0068)
2019-07-20 06:08:01,850 INFO - logger - Iter 9900 - time: 28    - [train] loss: 0.0167 (+/-0.0055) - [valid] loss: 0.0132 (+/-0.0031) - [test] loss: 0.0119 (+/-0.0047)
2019-07-20 06:08:29,879 INFO - logger - Iter 10000 - time: 28    - [train] loss: 0.0139 (+/-0.0038) - [valid] loss: 0.0182 (+/-0.0057) - [test] loss: 0.0128 (+/-0.0028)
2019-07-20 06:09:01,831 INFO - logger - Iter 10100 - time: 31    - [train] loss: 0.0285 (+/-0.0086) - [valid] loss: 0.0232 (+/-0.0066) - [test] loss: 0.0252 (+/-0.0109)
2019-07-20 06:09:29,631 INFO - logger - Iter 10200 - time: 27    - [train] loss: 0.0124 (+/-0.0024) - [valid] loss: 0.0158 (+/-0.0052) - [test] loss: 0.0235 (+/-0.017 )
2019-07-20 06:09:58,294 INFO - logger - Iter 10300 - time: 28    - [train] loss: 0.0198 (+/-0.0051) - [valid] loss: 0.0222 (+/-0.0114) - [test] loss: 0.0161 (+/-0.006 )
2019-07-20 06:10:27,474 INFO - logger - Iter 10400 - time: 29    - [train] loss: 0.0148 (+/-0.0045) - [valid] loss: 0.011  (+/-0.0024) - [test] loss: 0.0152 (+/-0.0052)
2019-07-20 06:10:56,214 INFO - logger - Iter 10500 - time: 28    - [train] loss: 0.0192 (+/-0.0049) - [valid] loss: 0.0191 (+/-0.0052) - [test] loss: 0.0187 (+/-0.0046)
2019-07-20 06:11:24,280 INFO - logger - Iter 10600 - time: 28    - [train] loss: 0.018  (+/-0.0083) - [valid] loss: 0.016  (+/-0.0062) - [test] loss: 0.0183 (+/-0.0077)
2019-07-20 06:11:53,681 INFO - logger - Iter 10700 - time: 29    - [train] loss: 0.0203 (+/-0.016 ) - [valid] loss: 0.0136 (+/-0.0036) - [test] loss: 0.0128 (+/-0.0034)
2019-07-20 06:12:24,014 INFO - logger - Iter 10800 - time: 30    - [train] loss: 0.0137 (+/-0.0036) - [valid] loss: 0.0146 (+/-0.0032) - [test] loss: 0.0136 (+/-0.0035)
2019-07-20 06:12:54,003 INFO - logger - Iter 10900 - time: 29    - [train] loss: 0.0254 (+/-0.0063) - [valid] loss: 0.0185 (+/-0.003 ) - [test] loss: 0.0214 (+/-0.0044)
2019-07-20 06:13:22,920 INFO - logger - Iter 11000 - time: 28    - [train] loss: 0.0232 (+/-0.0051) - [valid] loss: 0.0356 (+/-0.0131) - [test] loss: 0.0511 (+/-0.038 )
2019-07-20 06:13:51,831 INFO - logger - Iter 11100 - time: 28    - [train] loss: 0.0224 (+/-0.0071) - [valid] loss: 0.0216 (+/-0.0069) - [test] loss: 0.0184 (+/-0.0054)
2019-07-20 06:14:20,355 INFO - logger - Iter 11200 - time: 28    - [train] loss: 0.0273 (+/-0.009 ) - [valid] loss: 0.0452 (+/-0.016 ) - [test] loss: 0.0284 (+/-0.0096)
2019-07-20 06:14:48,792 INFO - logger - Iter 11300 - time: 28    - [train] loss: 0.0195 (+/-0.0119) - [valid] loss: 0.014  (+/-0.0032) - [test] loss: 0.0158 (+/-0.0066)
2019-07-20 06:15:20,816 INFO - logger - Iter 11400 - time: 32    - [train] loss: 0.0143 (+/-0.0038) - [valid] loss: 0.0126 (+/-0.0047) - [test] loss: 0.0127 (+/-0.0049)
2019-07-20 06:15:50,322 INFO - logger - Iter 11500 - time: 29    - [train] loss: 0.0174 (+/-0.0066) - [valid] loss: 0.0287 (+/-0.0167) - [test] loss: 0.0138 (+/-0.0031)
2019-07-20 06:16:19,171 INFO - logger - Iter 11600 - time: 28    - [train] loss: 0.0153 (+/-0.0035) - [valid] loss: 0.0146 (+/-0.0052) - [test] loss: 0.0185 (+/-0.0079)
2019-07-20 06:16:47,910 INFO - logger - Iter 11700 - time: 28    - [train] loss: 0.0155 (+/-0.0056) - [valid] loss: 0.0176 (+/-0.006 ) - [test] loss: 0.0155 (+/-0.0042)
2019-07-20 06:17:16,799 INFO - logger - Iter 11800 - time: 28    - [train] loss: 0.0142 (+/-0.0045) - [valid] loss: 0.0264 (+/-0.026 ) - [test] loss: 0.0133 (+/-0.0036)
2019-07-20 06:17:46,640 INFO - logger - Iter 11900 - time: 29    - [train] loss: 0.0132 (+/-0.003 ) - [valid] loss: 0.0108 (+/-0.0024) - [test] loss: 0.015  (+/-0.0038)
2019-07-20 06:18:17,059 INFO - logger - Iter 12000 - time: 30    - [train] loss: 0.0124 (+/-0.0044) - [valid] loss: 0.0114 (+/-0.0057) - [test] loss: 0.0095 (+/-0.002 )
2019-07-20 06:18:45,852 INFO - logger - Iter 12100 - time: 28    - [train] loss: 0.0295 (+/-0.0085) - [valid] loss: 0.0228 (+/-0.0062) - [test] loss: 0.0294 (+/-0.0117)
2019-07-20 06:19:14,062 INFO - logger - Iter 12200 - time: 28    - [train] loss: 0.0231 (+/-0.0063) - [valid] loss: 0.0328 (+/-0.016 ) - [test] loss: 0.0286 (+/-0.0152)
2019-07-20 06:19:43,656 INFO - logger - Iter 12300 - time: 29    - [train] loss: 0.0258 (+/-0.0068) - [valid] loss: 0.0302 (+/-0.0072) - [test] loss: 0.0351 (+/-0.0209)
2019-07-20 06:20:14,355 INFO - logger - Iter 12400 - time: 30    - [train] loss: 0.0155 (+/-0.0034) - [valid] loss: 0.0177 (+/-0.0047) - [test] loss: 0.0155 (+/-0.0046)
2019-07-20 06:20:46,521 INFO - logger - Iter 12500 - time: 32    - [train] loss: 0.0195 (+/-0.0103) - [valid] loss: 0.015  (+/-0.0044) - [test] loss: 0.0116 (+/-0.0025)
2019-07-20 06:21:14,399 INFO - logger - Iter 12600 - time: 27    - [train] loss: 0.0284 (+/-0.0206) - [valid] loss: 0.0216 (+/-0.0061) - [test] loss: 0.0224 (+/-0.0082)
2019-07-20 06:21:43,334 INFO - logger - Iter 12700 - time: 28    - [train] loss: 0.0138 (+/-0.0036) - [valid] loss: 0.0122 (+/-0.0029) - [test] loss: 0.0209 (+/-0.0149)
2019-07-20 06:22:11,702 INFO - logger - Iter 12800 - time: 28    - [train] loss: 0.0137 (+/-0.0041) - [valid] loss: 0.0131 (+/-0.0059) - [test] loss: 0.0092 (+/-0.0024)
2019-07-20 06:22:42,672 INFO - logger - Iter 12900 - time: 30    - [train] loss: 0.0121 (+/-0.004 ) - [valid] loss: 0.0153 (+/-0.0057) - [test] loss: 0.013  (+/-0.0042)
2019-07-20 06:23:13,018 INFO - logger - Iter 13000 - time: 30    - [train] loss: 0.017  (+/-0.0037) - [valid] loss: 0.0211 (+/-0.0067) - [test] loss: 0.0182 (+/-0.0047)
2019-07-20 06:23:43,364 INFO - logger - Iter 13100 - time: 30    - [train] loss: 0.0144 (+/-0.0063) - [valid] loss: 0.0104 (+/-0.0021) - [test] loss: 0.016  (+/-0.0089)
2019-07-20 06:24:11,795 INFO - logger - Iter 13200 - time: 28    - [train] loss: 0.0088 (+/-0.0021) - [valid] loss: 0.011  (+/-0.0024) - [test] loss: 0.0121 (+/-0.0034)
2019-07-20 06:24:40,709 INFO - logger - Iter 13300 - time: 28    - [train] loss: 0.0136 (+/-0.0032) - [valid] loss: 0.0129 (+/-0.0041) - [test] loss: 0.0117 (+/-0.0027)
2019-07-20 06:25:09,827 INFO - logger - Iter 13400 - time: 29    - [train] loss: 0.0153 (+/-0.0045) - [valid] loss: 0.0102 (+/-0.0034) - [test] loss: 0.0129 (+/-0.0047)
2019-07-20 06:25:40,888 INFO - logger - Iter 13500 - time: 31    - [train] loss: 0.0203 (+/-0.0136) - [valid] loss: 0.0126 (+/-0.0037) - [test] loss: 0.0125 (+/-0.0061)
2019-07-20 06:26:11,990 INFO - logger - Iter 13600 - time: 31    - [train] loss: 0.0115 (+/-0.0035) - [valid] loss: 0.0113 (+/-0.0039) - [test] loss: 0.0092 (+/-0.002 )
2019-07-20 06:26:42,029 INFO - logger - Iter 13700 - time: 30    - [train] loss: 0.0174 (+/-0.0127) - [valid] loss: 0.0175 (+/-0.0054) - [test] loss: 0.0094 (+/-0.0019)
2019-07-20 06:27:10,212 INFO - logger - Iter 13800 - time: 28    - [train] loss: 0.0118 (+/-0.003 ) - [valid] loss: 0.0132 (+/-0.0059) - [test] loss: 0.0133 (+/-0.0075)
2019-07-20 06:27:38,586 INFO - logger - Iter 13900 - time: 28    - [train] loss: 0.1126 (+/-0.0326) - [valid] loss: 0.0962 (+/-0.0353) - [test] loss: 0.1085 (+/-0.0297)
2019-07-20 06:28:08,569 INFO - logger - Iter 14000 - time: 29    - [train] loss: 0.0226 (+/-0.005 ) - [valid] loss: 0.03   (+/-0.0076) - [test] loss: 0.0333 (+/-0.0077)
2019-07-20 06:28:38,997 INFO - logger - Iter 14100 - time: 30    - [train] loss: 0.026  (+/-0.0091) - [valid] loss: 0.0212 (+/-0.0057) - [test] loss: 0.0215 (+/-0.0083)
2019-07-20 06:29:10,324 INFO - logger - Iter 14200 - time: 31    - [train] loss: 0.0307 (+/-0.0139) - [valid] loss: 0.0344 (+/-0.0177) - [test] loss: 0.0197 (+/-0.0093)
2019-07-20 06:29:39,868 INFO - logger - Iter 14300 - time: 29    - [train] loss: 0.0268 (+/-0.015 ) - [valid] loss: 0.0127 (+/-0.0031) - [test] loss: 0.015  (+/-0.0035)
2019-07-20 06:30:08,813 INFO - logger - Iter 14400 - time: 28    - [train] loss: 0.0161 (+/-0.0039) - [valid] loss: 0.0301 (+/-0.0299) - [test] loss: 0.0168 (+/-0.0058)
2019-07-20 06:30:37,358 INFO - logger - Iter 14500 - time: 28    - [train] loss: 0.0175 (+/-0.0082) - [valid] loss: 0.014  (+/-0.0042) - [test] loss: 0.0153 (+/-0.006 )
2019-07-20 06:31:08,076 INFO - logger - Iter 14600 - time: 30    - [train] loss: 0.0152 (+/-0.0034) - [valid] loss: 0.0204 (+/-0.0172) - [test] loss: 0.0126 (+/-0.0025)
2019-07-20 06:31:37,457 INFO - logger - Iter 14700 - time: 29    - [train] loss: 0.0155 (+/-0.0087) - [valid] loss: 0.011  (+/-0.0028) - [test] loss: 0.0103 (+/-0.0025)
2019-07-20 06:32:08,402 INFO - logger - Iter 14800 - time: 30    - [train] loss: 0.0121 (+/-0.003 ) - [valid] loss: 0.0079 (+/-0.0019) - [test] loss: 0.0115 (+/-0.0031)
2019-07-20 06:32:37,195 INFO - logger - Iter 14900 - time: 28    - [train] loss: 0.0095 (+/-0.0022) - [valid] loss: 0.0115 (+/-0.0045) - [test] loss: 0.0116 (+/-0.0038)
2019-07-20 06:33:05,888 INFO - logger - Iter 15000 - time: 28    - [train] loss: 0.01   (+/-0.0026) - [valid] loss: 0.0171 (+/-0.0107) - [test] loss: 0.0116 (+/-0.0036)
2019-07-20 06:33:34,190 INFO - logger - Iter 15100 - time: 28    - [train] loss: 0.0158 (+/-0.0078) - [valid] loss: 0.0132 (+/-0.0039) - [test] loss: 0.0267 (+/-0.0198)
2019-07-20 06:34:04,221 INFO - logger - Iter 15200 - time: 30    - [train] loss: 0.013  (+/-0.003 ) - [valid] loss: 0.017  (+/-0.0065) - [test] loss: 0.0195 (+/-0.0136)
2019-07-20 06:34:34,813 INFO - logger - Iter 15300 - time: 30    - [train] loss: 0.012  (+/-0.0031) - [valid] loss: 0.0173 (+/-0.0138) - [test] loss: 0.0107 (+/-0.0031)
2019-07-20 06:35:05,773 INFO - logger - Iter 15400 - time: 30    - [train] loss: 0.0158 (+/-0.0041) - [valid] loss: 0.0128 (+/-0.0036) - [test] loss: 0.0124 (+/-0.0034)
2019-07-20 06:35:33,726 INFO - logger - Iter 15500 - time: 27    - [train] loss: 0.0095 (+/-0.0018) - [valid] loss: 0.0078 (+/-0.0016) - [test] loss: 0.0112 (+/-0.0034)
2019-07-20 06:36:03,286 INFO - logger - Iter 15600 - time: 29    - [train] loss: 0.016  (+/-0.0085) - [valid] loss: 0.0123 (+/-0.0033) - [test] loss: 0.0121 (+/-0.0043)
2019-07-20 06:36:34,092 INFO - logger - Iter 15700 - time: 30    - [train] loss: 0.0169 (+/-0.005 ) - [valid] loss: 0.024  (+/-0.0113) - [test] loss: 0.0154 (+/-0.0039)
2019-07-20 06:37:04,072 INFO - logger - Iter 15800 - time: 29    - [train] loss: 0.0171 (+/-0.0059) - [valid] loss: 0.0148 (+/-0.0065) - [test] loss: 0.0128 (+/-0.0029)
2019-07-20 06:37:34,469 INFO - logger - Iter 15900 - time: 30    - [train] loss: 0.0184 (+/-0.0067) - [valid] loss: 0.0272 (+/-0.0168) - [test] loss: 0.0146 (+/-0.0043)
2019-07-20 06:38:03,671 INFO - logger - Iter 16000 - time: 29    - [train] loss: 0.0143 (+/-0.0032) - [valid] loss: 0.0175 (+/-0.0093) - [test] loss: 0.0125 (+/-0.003 )
2019-07-20 06:38:32,546 INFO - logger - Iter 16100 - time: 28    - [train] loss: 0.0165 (+/-0.0092) - [valid] loss: 0.0137 (+/-0.0049) - [test] loss: 0.0123 (+/-0.003 )
2019-07-20 06:39:01,162 INFO - logger - Iter 16200 - time: 28    - [train] loss: 0.0083 (+/-0.0017) - [valid] loss: 0.0085 (+/-0.0025) - [test] loss: 0.0081 (+/-0.002 )
2019-07-20 06:39:32,466 INFO - logger - Iter 16300 - time: 31    - [train] loss: 0.0085 (+/-0.0026) - [valid] loss: 0.0121 (+/-0.0063) - [test] loss: 0.0128 (+/-0.0064)
2019-07-20 06:40:01,989 INFO - logger - Iter 16400 - time: 29    - [train] loss: 0.0153 (+/-0.0052) - [valid] loss: 0.0135 (+/-0.0044) - [test] loss: 0.0124 (+/-0.0051)
2019-07-20 06:40:30,956 INFO - logger - Iter 16500 - time: 28    - [train] loss: 0.0078 (+/-0.0018) - [valid] loss: 0.0104 (+/-0.0028) - [test] loss: 0.0152 (+/-0.0048)
2019-07-20 06:40:59,226 INFO - logger - Iter 16600 - time: 28    - [train] loss: 0.0146 (+/-0.0041) - [valid] loss: 0.0174 (+/-0.0056) - [test] loss: 0.0179 (+/-0.0053)
2019-07-20 06:41:27,829 INFO - logger - Iter 16700 - time: 28    - [train] loss: 0.0187 (+/-0.0076) - [valid] loss: 0.0158 (+/-0.0046) - [test] loss: 0.0119 (+/-0.0034)
2019-07-20 06:41:57,336 INFO - logger - Iter 16800 - time: 29    - [train] loss: 0.0097 (+/-0.002 ) - [valid] loss: 0.0098 (+/-0.0024) - [test] loss: 0.0161 (+/-0.0087)
2019-07-20 06:42:27,923 INFO - logger - Iter 16900 - time: 30    - [train] loss: 0.015  (+/-0.0055) - [valid] loss: 0.0146 (+/-0.0053) - [test] loss: 0.0127 (+/-0.0023)
2019-07-20 06:42:56,767 INFO - logger - Iter 17000 - time: 28    - [train] loss: 0.0181 (+/-0.0069) - [valid] loss: 0.0185 (+/-0.0065) - [test] loss: 0.0191 (+/-0.01  )
2019-07-20 06:43:25,657 INFO - logger - Iter 17100 - time: 28    - [train] loss: 0.0128 (+/-0.0053) - [valid] loss: 0.0116 (+/-0.0031) - [test] loss: 0.0125 (+/-0.004 )
2019-07-20 06:43:54,768 INFO - logger - Iter 17200 - time: 29    - [train] loss: 0.0095 (+/-0.0022) - [valid] loss: 0.0131 (+/-0.0066) - [test] loss: 0.0181 (+/-0.0092)
2019-07-20 06:44:23,439 INFO - logger - Iter 17300 - time: 28    - [train] loss: 0.0119 (+/-0.0027) - [valid] loss: 0.0142 (+/-0.0039) - [test] loss: 0.0147 (+/-0.0044)
2019-07-20 06:44:54,010 INFO - logger - Iter 17400 - time: 30    - [train] loss: 0.0102 (+/-0.0021) - [valid] loss: 0.0118 (+/-0.0028) - [test] loss: 0.0145 (+/-0.0038)
2019-07-20 06:45:23,090 INFO - logger - Iter 17500 - time: 29    - [train] loss: 0.0121 (+/-0.0031) - [valid] loss: 0.0108 (+/-0.0032) - [test] loss: 0.0113 (+/-0.0028)
2019-07-20 06:45:50,871 INFO - logger - Iter 17600 - time: 27    - [train] loss: 0.0162 (+/-0.0069) - [valid] loss: 0.0092 (+/-0.0024) - [test] loss: 0.0147 (+/-0.0086)
2019-07-20 06:46:19,537 INFO - logger - Iter 17700 - time: 28    - [train] loss: 0.0117 (+/-0.0025) - [valid] loss: 0.0103 (+/-0.0029) - [test] loss: 0.0098 (+/-0.003 )
2019-07-20 06:46:48,680 INFO - logger - Iter 17800 - time: 29    - [train] loss: 0.0185 (+/-0.0074) - [valid] loss: 0.0148 (+/-0.0066) - [test] loss: 0.0104 (+/-0.004 )
2019-07-20 06:47:17,602 INFO - logger - Iter 17900 - time: 28    - [train] loss: 0.0354 (+/-0.0183) - [valid] loss: 0.0172 (+/-0.0047) - [test] loss: 0.0186 (+/-0.0052)
2019-07-20 06:47:46,432 INFO - logger - Iter 18000 - time: 28    - [train] loss: 0.0228 (+/-0.011 ) - [valid] loss: 0.0128 (+/-0.0027) - [test] loss: 0.0179 (+/-0.005 )
2019-07-20 06:48:16,873 INFO - logger - Iter 18100 - time: 30    - [train] loss: 0.0098 (+/-0.0018) - [valid] loss: 0.0178 (+/-0.0069) - [test] loss: 0.0175 (+/-0.0097)
2019-07-20 06:48:48,024 INFO - logger - Iter 18200 - time: 31    - [train] loss: 0.0112 (+/-0.0038) - [valid] loss: 0.0132 (+/-0.0035) - [test] loss: 0.0088 (+/-0.0021)
2019-07-20 06:49:16,492 INFO - logger - Iter 18300 - time: 28    - [train] loss: 0.0123 (+/-0.006 ) - [valid] loss: 0.0116 (+/-0.0032) - [test] loss: 0.0119 (+/-0.0039)
2019-07-20 06:49:44,952 INFO - logger - Iter 18400 - time: 28    - [train] loss: 0.0123 (+/-0.0033) - [valid] loss: 0.0096 (+/-0.0028) - [test] loss: 0.0084 (+/-0.0022)
2019-07-20 06:50:13,712 INFO - logger - Iter 18500 - time: 28    - [train] loss: 0.0104 (+/-0.0037) - [valid] loss: 0.0092 (+/-0.0022) - [test] loss: 0.0108 (+/-0.003 )
2019-07-20 06:50:42,663 INFO - logger - Iter 18600 - time: 28    - [train] loss: 0.0204 (+/-0.0095) - [valid] loss: 0.0343 (+/-0.0228) - [test] loss: 0.026  (+/-0.0134)
2019-07-20 06:51:13,892 INFO - logger - Iter 18700 - time: 31    - [train] loss: 0.0084 (+/-0.0018) - [valid] loss: 0.0112 (+/-0.0036) - [test] loss: 0.0118 (+/-0.0046)
2019-07-20 06:51:43,577 INFO - logger - Iter 18800 - time: 29    - [train] loss: 0.0123 (+/-0.0043) - [valid] loss: 0.011  (+/-0.0037) - [test] loss: 0.0069 (+/-0.0013)
2019-07-20 06:52:11,632 INFO - logger - Iter 18900 - time: 28    - [train] loss: 0.0116 (+/-0.0021) - [valid] loss: 0.0117 (+/-0.0027) - [test] loss: 0.0099 (+/-0.0037)
2019-07-20 06:52:40,959 INFO - logger - Iter 19000 - time: 29    - [train] loss: 0.0082 (+/-0.0021) - [valid] loss: 0.0112 (+/-0.0049) - [test] loss: 0.0093 (+/-0.0029)
2019-07-20 06:53:09,546 INFO - logger - Iter 19100 - time: 28    - [train] loss: 0.0115 (+/-0.006 ) - [valid] loss: 0.01   (+/-0.0033) - [test] loss: 0.0146 (+/-0.0061)
2019-07-20 06:53:39,944 INFO - logger - Iter 19200 - time: 30    - [train] loss: 0.0132 (+/-0.0069) - [valid] loss: 0.0095 (+/-0.0027) - [test] loss: 0.0133 (+/-0.0054)
2019-07-20 06:54:10,659 INFO - logger - Iter 19300 - time: 30    - [train] loss: 0.0368 (+/-0.0138) - [valid] loss: 0.0288 (+/-0.007 ) - [test] loss: 0.0335 (+/-0.0099)
2019-07-20 06:54:39,304 INFO - logger - Iter 19400 - time: 28    - [train] loss: 0.0599 (+/-0.0148) - [valid] loss: 0.0557 (+/-0.0197) - [test] loss: 0.0884 (+/-0.0345)
2019-07-20 06:55:07,981 INFO - logger - Iter 19500 - time: 28    - [train] loss: 0.0126 (+/-0.0037) - [valid] loss: 0.0188 (+/-0.0071) - [test] loss: 0.0216 (+/-0.0155)
2019-07-20 06:55:38,263 INFO - logger - Iter 19600 - time: 30    - [train] loss: 0.0263 (+/-0.0326) - [valid] loss: 0.0159 (+/-0.0043) - [test] loss: 0.0165 (+/-0.0072)
2019-07-20 06:56:08,272 INFO - logger - Iter 19700 - time: 30    - [train] loss: 0.0102 (+/-0.0026) - [valid] loss: 0.0111 (+/-0.0027) - [test] loss: 0.0132 (+/-0.0073)
2019-07-20 06:56:38,887 INFO - logger - Iter 19800 - time: 30    - [train] loss: 0.0188 (+/-0.0061) - [valid] loss: 0.016  (+/-0.0039) - [test] loss: 0.017  (+/-0.0049)
2019-07-20 06:57:08,184 INFO - logger - Iter 19900 - time: 29    - [train] loss: 0.0252 (+/-0.0154) - [valid] loss: 0.0152 (+/-0.0033) - [test] loss: 0.0125 (+/-0.002 )
2019-07-20 06:57:36,296 INFO - logger - Iter 20000 - time: 28    - [train] loss: 0.0116 (+/-0.0035) - [valid] loss: 0.0111 (+/-0.0026) - [test] loss: 0.01   (+/-0.002 )
2019-07-20 06:58:04,524 INFO - logger - Iter 20100 - time: 28    - [train] loss: 0.0134 (+/-0.0058) - [valid] loss: 0.0142 (+/-0.0106) - [test] loss: 0.0107 (+/-0.0026)
2019-07-20 06:58:35,346 INFO - logger - Iter 20200 - time: 30    - [train] loss: 0.0102 (+/-0.0024) - [valid] loss: 0.012  (+/-0.0042) - [test] loss: 0.0134 (+/-0.0047)
2019-07-20 06:59:04,526 INFO - logger - Iter 20300 - time: 29    - [train] loss: 0.0109 (+/-0.0026) - [valid] loss: 0.0118 (+/-0.0028) - [test] loss: 0.0196 (+/-0.0112)
2019-07-20 06:59:37,767 INFO - logger - Iter 20400 - time: 33    - [train] loss: 0.0135 (+/-0.0068) - [valid] loss: 0.0136 (+/-0.0078) - [test] loss: 0.0126 (+/-0.0054)
2019-07-20 07:00:06,232 INFO - logger - Iter 20500 - time: 28    - [train] loss: 0.0075 (+/-0.0019) - [valid] loss: 0.0114 (+/-0.0062) - [test] loss: 0.0085 (+/-0.0023)
2019-07-20 07:00:34,970 INFO - logger - Iter 20600 - time: 28    - [train] loss: 0.0141 (+/-0.0037) - [valid] loss: 0.0097 (+/-0.0019) - [test] loss: 0.0148 (+/-0.0057)
2019-07-20 07:01:03,845 INFO - logger - Iter 20700 - time: 28    - [train] loss: 0.0114 (+/-0.0034) - [valid] loss: 0.0135 (+/-0.0082) - [test] loss: 0.0165 (+/-0.0107)
2019-07-20 07:01:34,982 INFO - logger - Iter 20800 - time: 31    - [train] loss: 0.0081 (+/-0.002 ) - [valid] loss: 0.0088 (+/-0.0024) - [test] loss: 0.0078 (+/-0.0015)
2019-07-20 07:02:04,770 INFO - logger - Iter 20900 - time: 29    - [train] loss: 0.0212 (+/-0.0187) - [valid] loss: 0.0121 (+/-0.0042) - [test] loss: 0.0111 (+/-0.0033)
2019-07-20 07:02:35,235 INFO - logger - Iter 21000 - time: 30    - [train] loss: 0.0108 (+/-0.0027) - [valid] loss: 0.0122 (+/-0.0034) - [test] loss: 0.0136 (+/-0.0045)
2019-07-20 07:03:03,606 INFO - logger - Iter 21100 - time: 28    - [train] loss: 0.0146 (+/-0.0117) - [valid] loss: 0.0169 (+/-0.0065) - [test] loss: 0.0101 (+/-0.0024)
2019-07-20 07:03:32,199 INFO - logger - Iter 21200 - time: 28    - [train] loss: 0.0167 (+/-0.0096) - [valid] loss: 0.0088 (+/-0.0026) - [test] loss: 0.0132 (+/-0.0092)
2019-07-20 07:04:02,034 INFO - logger - Iter 21300 - time: 29    - [train] loss: 0.011  (+/-0.0028) - [valid] loss: 0.0093 (+/-0.0025) - [test] loss: 0.0092 (+/-0.0023)
2019-07-20 07:04:31,537 INFO - logger - Iter 21400 - time: 29    - [train] loss: 0.0162 (+/-0.0074) - [valid] loss: 0.01   (+/-0.0072) - [test] loss: 0.0065 (+/-0.0013)
2019-07-20 07:05:02,765 INFO - logger - Iter 21500 - time: 31    - [train] loss: 0.0168 (+/-0.0147) - [valid] loss: 0.0198 (+/-0.0195) - [test] loss: 0.0127 (+/-0.0035)
2019-07-20 07:05:33,291 INFO - logger - Iter 21600 - time: 30    - [train] loss: 0.012  (+/-0.0026) - [valid] loss: 0.0103 (+/-0.0028) - [test] loss: 0.0139 (+/-0.0073)
2019-07-20 07:06:01,925 INFO - logger - Iter 21700 - time: 28    - [train] loss: 0.0117 (+/-0.0045) - [valid] loss: 0.0167 (+/-0.0133) - [test] loss: 0.0274 (+/-0.0201)
2019-07-20 07:06:30,244 INFO - logger - Iter 21800 - time: 28    - [train] loss: 0.0134 (+/-0.005 ) - [valid] loss: 0.0129 (+/-0.0026) - [test] loss: 0.0098 (+/-0.002 )
2019-07-20 07:07:01,876 INFO - logger - Iter 21900 - time: 31    - [train] loss: 0.0287 (+/-0.0116) - [valid] loss: 0.0268 (+/-0.0073) - [test] loss: 0.0418 (+/-0.0239)
2019-07-20 07:07:31,065 INFO - logger - Iter 22000 - time: 29    - [train] loss: 0.011  (+/-0.0025) - [valid] loss: 0.0134 (+/-0.0067) - [test] loss: 0.0152 (+/-0.0047)
2019-07-20 07:08:03,338 INFO - logger - Iter 22100 - time: 32    - [train] loss: 0.0117 (+/-0.0041) - [valid] loss: 0.0119 (+/-0.0027) - [test] loss: 0.011  (+/-0.0021)
2019-07-20 07:08:31,972 INFO - logger - Iter 22200 - time: 28    - [train] loss: 0.0092 (+/-0.002 ) - [valid] loss: 0.014  (+/-0.0037) - [test] loss: 0.0102 (+/-0.0024)
2019-07-20 07:09:00,567 INFO - logger - Iter 22300 - time: 28    - [train] loss: 0.0128 (+/-0.0041) - [valid] loss: 0.0106 (+/-0.0028) - [test] loss: 0.0122 (+/-0.0028)
2019-07-20 07:09:29,108 INFO - logger - Iter 22400 - time: 28    - [train] loss: 0.0211 (+/-0.0223) - [valid] loss: 0.0131 (+/-0.0079) - [test] loss: 0.0108 (+/-0.0059)
2019-07-20 07:10:00,570 INFO - logger - Iter 22500 - time: 31    - [train] loss: 0.0061 (+/-0.0014) - [valid] loss: 0.0089 (+/-0.004 ) - [test] loss: 0.0088 (+/-0.0038)
2019-07-20 07:10:29,487 INFO - logger - Iter 22600 - time: 28    - [train] loss: 0.0082 (+/-0.0023) - [valid] loss: 0.0104 (+/-0.0029) - [test] loss: 0.008  (+/-0.0019)
2019-07-20 07:11:00,785 INFO - logger - Iter 22700 - time: 31    - [train] loss: 0.0406 (+/-0.0116) - [valid] loss: 0.0503 (+/-0.0142) - [test] loss: 0.0362 (+/-0.0071)
2019-07-20 07:11:29,229 INFO - logger - Iter 22800 - time: 28    - [train] loss: 0.0124 (+/-0.0028) - [valid] loss: 0.0152 (+/-0.0049) - [test] loss: 0.0196 (+/-0.013 )
2019-07-20 07:11:57,231 INFO - logger - Iter 22900 - time: 28    - [train] loss: 0.0199 (+/-0.0064) - [valid] loss: 0.0174 (+/-0.0037) - [test] loss: 0.0185 (+/-0.0061)
2019-07-20 07:12:27,005 INFO - logger - Iter 23000 - time: 29    - [train] loss: 0.0192 (+/-0.0137) - [valid] loss: 0.0102 (+/-0.0026) - [test] loss: 0.017  (+/-0.008 )
2019-07-20 07:12:56,899 INFO - logger - Iter 23100 - time: 29    - [train] loss: 0.0103 (+/-0.002 ) - [valid] loss: 0.0169 (+/-0.0091) - [test] loss: 0.0102 (+/-0.0022)
2019-07-20 07:13:24,607 INFO - logger - Iter 23200 - time: 27    - [train] loss: 0.0168 (+/-0.0084) - [valid] loss: 0.0108 (+/-0.0024) - [test] loss: 0.013  (+/-0.004 )
2019-07-20 07:13:52,952 INFO - logger - Iter 23300 - time: 28    - [train] loss: 0.0089 (+/-0.0027) - [valid] loss: 0.0088 (+/-0.0017) - [test] loss: 0.012  (+/-0.0035)
2019-07-20 07:14:21,688 INFO - logger - Iter 23400 - time: 28    - [train] loss: 0.0118 (+/-0.0034) - [valid] loss: 0.0091 (+/-0.0018) - [test] loss: 0.0116 (+/-0.0034)
2019-07-20 07:14:51,903 INFO - logger - Iter 23500 - time: 30    - [train] loss: 0.0087 (+/-0.0023) - [valid] loss: 0.0066 (+/-0.0021) - [test] loss: 0.0099 (+/-0.0031)
2019-07-20 07:15:21,341 INFO - logger - Iter 23600 - time: 29    - [train] loss: 0.0116 (+/-0.0033) - [valid] loss: 0.0091 (+/-0.002 ) - [test] loss: 0.0091 (+/-0.003 )
2019-07-20 07:15:48,844 INFO - logger - Iter 23700 - time: 27    - [train] loss: 0.0113 (+/-0.004 ) - [valid] loss: 0.0089 (+/-0.002 ) - [test] loss: 0.0135 (+/-0.0081)
2019-07-20 07:16:17,175 INFO - logger - Iter 23800 - time: 28    - [train] loss: 0.0128 (+/-0.0079) - [valid] loss: 0.0087 (+/-0.0029) - [test] loss: 0.0096 (+/-0.0026)
2019-07-20 07:16:45,532 INFO - logger - Iter 23900 - time: 28    - [train] loss: 0.0138 (+/-0.0032) - [valid] loss: 0.0207 (+/-0.0055) - [test] loss: 0.0134 (+/-0.0034)
2019-07-20 07:17:16,278 INFO - logger - Iter 24000 - time: 30    - [train] loss: 0.0109 (+/-0.0029) - [valid] loss: 0.0075 (+/-0.0013) - [test] loss: 0.0121 (+/-0.0038)
2019-07-20 07:17:45,917 INFO - logger - Iter 24100 - time: 29    - [train] loss: 0.0112 (+/-0.0022) - [valid] loss: 0.01   (+/-0.0021) - [test] loss: 0.0109 (+/-0.0026)
2019-07-20 07:18:14,063 INFO - logger - Iter 24200 - time: 28    - [train] loss: 0.0073 (+/-0.0026) - [valid] loss: 0.0066 (+/-0.0014) - [test] loss: 0.0122 (+/-0.0053)
2019-07-20 07:18:42,263 INFO - logger - Iter 24300 - time: 28    - [train] loss: 0.0559 (+/-0.0218) - [valid] loss: 0.0498 (+/-0.0204) - [test] loss: 0.0396 (+/-0.014 )
2019-07-20 07:19:10,595 INFO - logger - Iter 24400 - time: 28    - [train] loss: 0.0134 (+/-0.0031) - [valid] loss: 0.0166 (+/-0.007 ) - [test] loss: 0.0154 (+/-0.0038)
2019-07-20 07:19:41,778 INFO - logger - Iter 24500 - time: 31    - [train] loss: 0.0189 (+/-0.0038) - [valid] loss: 0.0155 (+/-0.0033) - [test] loss: 0.0178 (+/-0.0049)
2019-07-20 07:20:10,631 INFO - logger - Iter 24600 - time: 28    - [train] loss: 0.0083 (+/-0.0024) - [valid] loss: 0.0112 (+/-0.004 ) - [test] loss: 0.0092 (+/-0.0027)
2019-07-20 07:20:39,520 INFO - logger - Iter 24700 - time: 28    - [train] loss: 0.014  (+/-0.008 ) - [valid] loss: 0.0099 (+/-0.0024) - [test] loss: 0.0101 (+/-0.0027)
2019-07-20 07:21:07,461 INFO - logger - Iter 24800 - time: 27    - [train] loss: 0.0096 (+/-0.0026) - [valid] loss: 0.0083 (+/-0.0017) - [test] loss: 0.0089 (+/-0.0025)
2019-07-20 07:21:35,504 INFO - logger - Iter 24900 - time: 28    - [train] loss: 0.0129 (+/-0.0028) - [valid] loss: 0.0119 (+/-0.0027) - [test] loss: 0.0107 (+/-0.0019)
2019-07-20 07:22:03,568 INFO - logger - Iter 25000 - time: 28    - [train] loss: 0.0101 (+/-0.0024) - [valid] loss: 0.0096 (+/-0.0028) - [test] loss: 0.0103 (+/-0.0038)
2019-07-20 07:22:32,049 INFO - logger - Iter 25100 - time: 28    - [train] loss: 0.0138 (+/-0.0072) - [valid] loss: 0.0124 (+/-0.0057) - [test] loss: 0.0067 (+/-0.0012)
2019-07-20 07:23:00,667 INFO - logger - Iter 25200 - time: 28    - [train] loss: 0.0088 (+/-0.002 ) - [valid] loss: 0.0106 (+/-0.0032) - [test] loss: 0.0075 (+/-0.0018)
2019-07-20 07:23:29,017 INFO - logger - Iter 25300 - time: 28    - [train] loss: 0.0115 (+/-0.0041) - [valid] loss: 0.0117 (+/-0.0066) - [test] loss: 0.0073 (+/-0.0019)
2019-07-20 07:23:57,328 INFO - logger - Iter 25400 - time: 28    - [train] loss: 0.0102 (+/-0.0035) - [valid] loss: 0.0112 (+/-0.0051) - [test] loss: 0.0093 (+/-0.002 )
2019-07-20 07:24:25,561 INFO - logger - Iter 25500 - time: 28    - [train] loss: 0.0189 (+/-0.0196) - [valid] loss: 0.0127 (+/-0.0053) - [test] loss: 0.0089 (+/-0.0028)
2019-07-20 07:24:53,779 INFO - logger - Iter 25600 - time: 28    - [train] loss: 0.0165 (+/-0.0044) - [valid] loss: 0.0175 (+/-0.0072) - [test] loss: 0.0155 (+/-0.0049)
2019-07-20 07:25:21,988 INFO - logger - Iter 25700 - time: 28    - [train] loss: 0.0099 (+/-0.0054) - [valid] loss: 0.0095 (+/-0.0027) - [test] loss: 0.0106 (+/-0.0036)
2019-07-20 07:25:49,884 INFO - logger - Iter 25800 - time: 27    - [train] loss: 0.0138 (+/-0.0024) - [valid] loss: 0.0139 (+/-0.0023) - [test] loss: 0.015  (+/-0.0029)
2019-07-20 07:26:17,991 INFO - logger - Iter 25900 - time: 28    - [train] loss: 0.0119 (+/-0.0041) - [valid] loss: 0.0106 (+/-0.0029) - [test] loss: 0.0086 (+/-0.0027)
2019-07-20 07:26:45,198 INFO - logger - Iter 26000 - time: 27    - [train] loss: 0.0088 (+/-0.0024) - [valid] loss: 0.0086 (+/-0.0034) - [test] loss: 0.0108 (+/-0.0051)
2019-07-20 07:27:13,142 INFO - logger - Iter 26100 - time: 27    - [train] loss: 0.0143 (+/-0.0081) - [valid] loss: 0.0133 (+/-0.006 ) - [test] loss: 0.0077 (+/-0.0024)
2019-07-20 07:27:41,334 INFO - logger - Iter 26200 - time: 28    - [train] loss: 0.0117 (+/-0.0045) - [valid] loss: 0.0097 (+/-0.0024) - [test] loss: 0.0103 (+/-0.0025)
2019-07-20 07:28:08,947 INFO - logger - Iter 26300 - time: 27    - [train] loss: 0.0107 (+/-0.0034) - [valid] loss: 0.0078 (+/-0.002 ) - [test] loss: 0.0084 (+/-0.0017)
2019-07-20 07:28:38,392 INFO - logger - Iter 26400 - time: 29    - [train] loss: 0.0118 (+/-0.0048) - [valid] loss: 0.0094 (+/-0.0021) - [test] loss: 0.012  (+/-0.0054)
2019-07-20 07:29:07,723 INFO - logger - Iter 26500 - time: 29    - [train] loss: 0.0154 (+/-0.0062) - [valid] loss: 0.0098 (+/-0.0022) - [test] loss: 0.0102 (+/-0.0032)
2019-07-20 07:29:35,852 INFO - logger - Iter 26600 - time: 28    - [train] loss: 0.0132 (+/-0.0064) - [valid] loss: 0.0101 (+/-0.0037) - [test] loss: 0.0253 (+/-0.0264)
2019-07-20 07:30:03,976 INFO - logger - Iter 26700 - time: 28    - [train] loss: 0.0139 (+/-0.0068) - [valid] loss: 0.0138 (+/-0.0057) - [test] loss: 0.0137 (+/-0.0083)
2019-07-20 07:30:32,116 INFO - logger - Iter 26800 - time: 28    - [train] loss: 0.0081 (+/-0.0029) - [valid] loss: 0.0063 (+/-0.0013) - [test] loss: 0.0094 (+/-0.0031)
2019-07-20 07:31:01,701 INFO - logger - Iter 26900 - time: 29    - [train] loss: 0.0085 (+/-0.0035) - [valid] loss: 0.0103 (+/-0.0044) - [test] loss: 0.0069 (+/-0.0016)
2019-07-20 07:31:31,401 INFO - logger - Iter 27000 - time: 29    - [train] loss: 0.0089 (+/-0.0017) - [valid] loss: 0.0085 (+/-0.0013) - [test] loss: 0.0099 (+/-0.0025)
2019-07-20 07:31:58,955 INFO - logger - Iter 27100 - time: 27    - [train] loss: 0.0057 (+/-0.001 ) - [valid] loss: 0.0092 (+/-0.004 ) - [test] loss: 0.007  (+/-0.0017)
2019-07-20 07:32:26,555 INFO - logger - Iter 27200 - time: 27    - [train] loss: 0.0089 (+/-0.0028) - [valid] loss: 0.0103 (+/-0.0038) - [test] loss: 0.0069 (+/-0.0015)
2019-07-20 07:32:54,345 INFO - logger - Iter 27300 - time: 27    - [train] loss: 0.0392 (+/-0.0165) - [valid] loss: 0.0255 (+/-0.0099) - [test] loss: 0.0373 (+/-0.0134)
2019-07-20 07:33:24,521 INFO - logger - Iter 27400 - time: 30    - [train] loss: 0.0137 (+/-0.0058) - [valid] loss: 0.0115 (+/-0.0031) - [test] loss: 0.0195 (+/-0.0112)
2019-07-20 07:33:52,282 INFO - logger - Iter 27500 - time: 27    - [train] loss: 0.0089 (+/-0.0018) - [valid] loss: 0.0128 (+/-0.0036) - [test] loss: 0.023  (+/-0.0157)
2019-07-20 07:34:20,218 INFO - logger - Iter 27600 - time: 27    - [train] loss: 0.0109 (+/-0.0025) - [valid] loss: 0.0152 (+/-0.0072) - [test] loss: 0.0097 (+/-0.0025)
2019-07-20 07:34:47,968 INFO - logger - Iter 27700 - time: 27    - [train] loss: 0.0092 (+/-0.0022) - [valid] loss: 0.0103 (+/-0.0027) - [test] loss: 0.0101 (+/-0.0043)
2019-07-20 07:35:16,441 INFO - logger - Iter 27800 - time: 28    - [train] loss: 0.0099 (+/-0.0025) - [valid] loss: 0.0127 (+/-0.0091) - [test] loss: 0.0157 (+/-0.008 )
2019-07-20 07:35:46,083 INFO - logger - Iter 27900 - time: 29    - [train] loss: 0.0122 (+/-0.0031) - [valid] loss: 0.0108 (+/-0.002 ) - [test] loss: 0.0144 (+/-0.0061)
2019-07-20 07:36:14,347 INFO - logger - Iter 28000 - time: 28    - [train] loss: 0.0098 (+/-0.0045) - [valid] loss: 0.0076 (+/-0.0022) - [test] loss: 0.0078 (+/-0.0019)
2019-07-20 07:36:42,594 INFO - logger - Iter 28100 - time: 28    - [train] loss: 0.0114 (+/-0.0032) - [valid] loss: 0.0076 (+/-0.0014) - [test] loss: 0.0072 (+/-0.0012)
2019-07-20 07:37:10,766 INFO - logger - Iter 28200 - time: 28    - [train] loss: 0.0081 (+/-0.0029) - [valid] loss: 0.0079 (+/-0.0017) - [test] loss: 0.0072 (+/-0.0015)
2019-07-20 07:37:39,298 INFO - logger - Iter 28300 - time: 28    - [train] loss: 0.0075 (+/-0.0023) - [valid] loss: 0.0077 (+/-0.0024) - [test] loss: 0.0151 (+/-0.0126)
2019-07-20 07:38:10,107 INFO - logger - Iter 28400 - time: 30    - [train] loss: 0.0073 (+/-0.0017) - [valid] loss: 0.0093 (+/-0.0034) - [test] loss: 0.0093 (+/-0.0032)
2019-07-20 07:38:36,877 INFO - logger - Iter 28500 - time: 26    - [train] loss: 0.0069 (+/-0.0015) - [valid] loss: 0.0084 (+/-0.0033) - [test] loss: 0.0051 (+/-0.0008)
2019-07-20 07:39:05,049 INFO - logger - Iter 28600 - time: 28    - [train] loss: 0.0097 (+/-0.0055) - [valid] loss: 0.0106 (+/-0.0031) - [test] loss: 0.007  (+/-0.0017)
2019-07-20 07:39:33,555 INFO - logger - Iter 28700 - time: 28    - [train] loss: 0.0104 (+/-0.0023) - [valid] loss: 0.0075 (+/-0.0021) - [test] loss: 0.0119 (+/-0.0039)
2019-07-20 07:40:02,322 INFO - logger - Iter 28800 - time: 28    - [train] loss: 0.0066 (+/-0.0016) - [valid] loss: 0.0092 (+/-0.0035) - [test] loss: 0.0061 (+/-0.0016)
2019-07-20 07:40:31,622 INFO - logger - Iter 28900 - time: 29    - [train] loss: 0.0094 (+/-0.006 ) - [valid] loss: 0.0061 (+/-0.0017) - [test] loss: 0.0083 (+/-0.0029)
2019-07-20 07:40:59,782 INFO - logger - Iter 29000 - time: 28    - [train] loss: 0.0096 (+/-0.0026) - [valid] loss: 0.0081 (+/-0.0019) - [test] loss: 0.0096 (+/-0.004 )
2019-07-20 07:41:28,094 INFO - logger - Iter 29100 - time: 28    - [train] loss: 0.0305 (+/-0.0109) - [valid] loss: 0.0367 (+/-0.0133) - [test] loss: 0.0353 (+/-0.0125)
2019-07-20 07:41:55,607 INFO - logger - Iter 29200 - time: 27    - [train] loss: 0.0295 (+/-0.013 ) - [valid] loss: 0.0218 (+/-0.0058) - [test] loss: 0.0235 (+/-0.0109)
2019-07-20 07:42:24,618 INFO - logger - Iter 29300 - time: 29    - [train] loss: 0.0128 (+/-0.0039) - [valid] loss: 0.0212 (+/-0.0108) - [test] loss: 0.0095 (+/-0.0019)
2019-07-20 07:42:53,968 INFO - logger - Iter 29400 - time: 29    - [train] loss: 0.0098 (+/-0.0026) - [valid] loss: 0.011  (+/-0.0045) - [test] loss: 0.0102 (+/-0.0026)
2019-07-20 07:43:21,727 INFO - logger - Iter 29500 - time: 27    - [train] loss: 0.0105 (+/-0.0039) - [valid] loss: 0.0058 (+/-0.001 ) - [test] loss: 0.0135 (+/-0.0064)
2019-07-20 07:43:49,605 INFO - logger - Iter 29600 - time: 27    - [train] loss: 0.0194 (+/-0.0203) - [valid] loss: 0.0066 (+/-0.0013) - [test] loss: 0.0083 (+/-0.0031)
2019-07-20 07:44:17,118 INFO - logger - Iter 29700 - time: 27    - [train] loss: 0.0089 (+/-0.0022) - [valid] loss: 0.0083 (+/-0.0025) - [test] loss: 0.0111 (+/-0.0031)
2019-07-20 07:44:47,301 INFO - logger - Iter 29800 - time: 30    - [train] loss: 0.01   (+/-0.0037) - [valid] loss: 0.0106 (+/-0.0057) - [test] loss: 0.0093 (+/-0.003 )
2019-07-20 07:45:15,556 INFO - logger - Iter 29900 - time: 28    - [train] loss: 0.0101 (+/-0.0031) - [valid] loss: 0.0087 (+/-0.0018) - [test] loss: 0.0109 (+/-0.0041)
2019-07-20 07:45:43,159 INFO - logger - Iter 30000 - time: 27    - [train] loss: 0.0073 (+/-0.002 ) - [valid] loss: 0.0156 (+/-0.016 ) - [test] loss: 0.0136 (+/-0.0086)
2019-07-20 07:46:11,229 INFO - logger - Iter 30100 - time: 28    - [train] loss: 0.0061 (+/-0.0021) - [valid] loss: 0.0082 (+/-0.0025) - [test] loss: 0.0063 (+/-0.0019)
2019-07-20 07:46:39,526 INFO - logger - Iter 30200 - time: 28    - [train] loss: 0.0134 (+/-0.003 ) - [valid] loss: 0.0122 (+/-0.0034) - [test] loss: 0.012  (+/-0.0032)
2019-07-20 07:47:10,261 INFO - logger - Iter 30300 - time: 30    - [train] loss: 0.0082 (+/-0.0021) - [valid] loss: 0.0073 (+/-0.002 ) - [test] loss: 0.0076 (+/-0.0015)
2019-07-20 07:47:37,978 INFO - logger - Iter 30400 - time: 27    - [train] loss: 0.0112 (+/-0.003 ) - [valid] loss: 0.0141 (+/-0.0066) - [test] loss: 0.0103 (+/-0.0024)
2019-07-20 07:48:05,805 INFO - logger - Iter 30500 - time: 27    - [train] loss: 0.0356 (+/-0.0112) - [valid] loss: 0.0429 (+/-0.0105) - [test] loss: 0.0462 (+/-0.0143)
2019-07-20 07:48:34,112 INFO - logger - Iter 30600 - time: 28    - [train] loss: 0.0356 (+/-0.0476) - [valid] loss: 0.0162 (+/-0.0065) - [test] loss: 0.0108 (+/-0.0036)
2019-07-20 07:49:02,943 INFO - logger - Iter 30700 - time: 28    - [train] loss: 0.0152 (+/-0.0073) - [valid] loss: 0.0101 (+/-0.0033) - [test] loss: 0.0138 (+/-0.0063)
2019-07-20 07:49:31,216 INFO - logger - Iter 30800 - time: 28    - [train] loss: 0.0158 (+/-0.012 ) - [valid] loss: 0.0103 (+/-0.006 ) - [test] loss: 0.0102 (+/-0.0032)
2019-07-20 07:49:58,977 INFO - logger - Iter 30900 - time: 27    - [train] loss: 0.0067 (+/-0.0012) - [valid] loss: 0.0143 (+/-0.0064) - [test] loss: 0.0132 (+/-0.0109)
2019-07-20 07:50:27,550 INFO - logger - Iter 31000 - time: 28    - [train] loss: 0.0105 (+/-0.0029) - [valid] loss: 0.0118 (+/-0.0037) - [test] loss: 0.0107 (+/-0.0037)
2019-07-20 07:50:54,961 INFO - logger - Iter 31100 - time: 27    - [train] loss: 0.0095 (+/-0.0017) - [valid] loss: 0.01   (+/-0.0043) - [test] loss: 0.0079 (+/-0.0012)
2019-07-20 07:51:23,446 INFO - logger - Iter 31200 - time: 28    - [train] loss: 0.0088 (+/-0.003 ) - [valid] loss: 0.0113 (+/-0.004 ) - [test] loss: 0.0057 (+/-0.0011)
2019-07-20 07:51:51,458 INFO - logger - Iter 31300 - time: 28    - [train] loss: 0.0119 (+/-0.0042) - [valid] loss: 0.0087 (+/-0.0019) - [test] loss: 0.0113 (+/-0.0034)
2019-07-20 07:52:19,175 INFO - logger - Iter 31400 - time: 27    - [train] loss: 0.0094 (+/-0.0034) - [valid] loss: 0.0086 (+/-0.0018) - [test] loss: 0.0102 (+/-0.005 )
2019-07-20 07:52:46,752 INFO - logger - Iter 31500 - time: 27    - [train] loss: 0.0112 (+/-0.0036) - [valid] loss: 0.0084 (+/-0.0018) - [test] loss: 0.0113 (+/-0.0046)
2019-07-20 07:53:15,696 INFO - logger - Iter 31600 - time: 28    - [train] loss: 0.0069 (+/-0.001 ) - [valid] loss: 0.0125 (+/-0.0051) - [test] loss: 0.0093 (+/-0.0023)
2019-07-20 07:53:43,666 INFO - logger - Iter 31700 - time: 27    - [train] loss: 0.0092 (+/-0.0032) - [valid] loss: 0.0086 (+/-0.0015) - [test] loss: 0.0097 (+/-0.002 )
2019-07-20 07:54:11,399 INFO - logger - Iter 31800 - time: 27    - [train] loss: 0.0095 (+/-0.0024) - [valid] loss: 0.0115 (+/-0.004 ) - [test] loss: 0.0084 (+/-0.0023)
2019-07-20 07:54:39,499 INFO - logger - Iter 31900 - time: 28    - [train] loss: 0.0063 (+/-0.0016) - [valid] loss: 0.0079 (+/-0.0024) - [test] loss: 0.0082 (+/-0.0039)
2019-07-20 07:55:06,804 INFO - logger - Iter 32000 - time: 27    - [train] loss: 0.0175 (+/-0.0129) - [valid] loss: 0.0089 (+/-0.0034) - [test] loss: 0.0076 (+/-0.002 )
2019-07-20 07:55:34,965 INFO - logger - Iter 32100 - time: 28    - [train] loss: 0.0079 (+/-0.0015) - [valid] loss: 0.0091 (+/-0.0029) - [test] loss: 0.0083 (+/-0.0026)
2019-07-20 07:56:03,388 INFO - logger - Iter 32200 - time: 28    - [train] loss: 0.0112 (+/-0.0075) - [valid] loss: 0.0078 (+/-0.0025) - [test] loss: 0.0062 (+/-0.0016)
2019-07-20 07:56:31,169 INFO - logger - Iter 32300 - time: 27    - [train] loss: 0.0156 (+/-0.0127) - [valid] loss: 0.0065 (+/-0.0014) - [test] loss: 0.0063 (+/-0.0013)
2019-07-20 07:56:58,572 INFO - logger - Iter 32400 - time: 27    - [train] loss: 0.0102 (+/-0.0061) - [valid] loss: 0.0082 (+/-0.0029) - [test] loss: 0.007  (+/-0.0012)
2019-07-20 07:57:27,284 INFO - logger - Iter 32500 - time: 28    - [train] loss: 0.0077 (+/-0.0016) - [valid] loss: 0.007  (+/-0.0013) - [test] loss: 0.0095 (+/-0.0023)
2019-07-20 07:57:57,542 INFO - logger - Iter 32600 - time: 30    - [train] loss: 0.01   (+/-0.0044) - [valid] loss: 0.0126 (+/-0.0054) - [test] loss: 0.0097 (+/-0.003 )
2019-07-20 07:58:25,686 INFO - logger - Iter 32700 - time: 28    - [train] loss: 0.0126 (+/-0.0104) - [valid] loss: 0.0091 (+/-0.0021) - [test] loss: 0.0094 (+/-0.0021)
2019-07-20 07:58:53,430 INFO - logger - Iter 32800 - time: 27    - [train] loss: 0.0215 (+/-0.0233) - [valid] loss: 0.0064 (+/-0.0013) - [test] loss: 0.0095 (+/-0.0029)
2019-07-20 07:59:21,766 INFO - logger - Iter 32900 - time: 28    - [train] loss: 0.0052 (+/-0.0019) - [valid] loss: 0.0079 (+/-0.0028) - [test] loss: 0.009  (+/-0.0029)
2019-07-20 07:59:50,777 INFO - logger - Iter 33000 - time: 29    - [train] loss: 0.009  (+/-0.0036) - [valid] loss: 0.007  (+/-0.0023) - [test] loss: 0.0141 (+/-0.0152)
2019-07-20 08:00:19,722 INFO - logger - Iter 33100 - time: 28    - [train] loss: 0.0059 (+/-0.0012) - [valid] loss: 0.0095 (+/-0.0039) - [test] loss: 0.0094 (+/-0.0057)
2019-07-20 08:00:47,614 INFO - logger - Iter 33200 - time: 27    - [train] loss: 0.0182 (+/-0.0047) - [valid] loss: 0.0168 (+/-0.0032) - [test] loss: 0.0207 (+/-0.0075)
2019-07-20 08:01:15,938 INFO - logger - Iter 33300 - time: 28    - [train] loss: 0.0081 (+/-0.0027) - [valid] loss: 0.0077 (+/-0.002 ) - [test] loss: 0.0113 (+/-0.0046)
2019-07-20 08:01:43,697 INFO - logger - Iter 33400 - time: 27    - [train] loss: 0.0095 (+/-0.0022) - [valid] loss: 0.015  (+/-0.0076) - [test] loss: 0.0083 (+/-0.0016)
2019-07-20 08:02:13,526 INFO - logger - Iter 33500 - time: 29    - [train] loss: 0.0105 (+/-0.0039) - [valid] loss: 0.0063 (+/-0.0012) - [test] loss: 0.0107 (+/-0.0057)
2019-07-20 08:02:41,774 INFO - logger - Iter 33600 - time: 28    - [train] loss: 0.0164 (+/-0.0152) - [valid] loss: 0.0071 (+/-0.0028) - [test] loss: 0.0086 (+/-0.0057)
2019-07-20 08:03:09,787 INFO - logger - Iter 33700 - time: 28    - [train] loss: 0.0183 (+/-0.015 ) - [valid] loss: 0.0082 (+/-0.0038) - [test] loss: 0.0076 (+/-0.0023)
2019-07-20 08:03:37,850 INFO - logger - Iter 33800 - time: 28    - [train] loss: 0.0104 (+/-0.0029) - [valid] loss: 0.0084 (+/-0.0018) - [test] loss: 0.0097 (+/-0.0024)
2019-07-20 08:04:05,779 INFO - logger - Iter 33900 - time: 27    - [train] loss: 0.0064 (+/-0.002 ) - [valid] loss: 0.0062 (+/-0.0015) - [test] loss: 0.0067 (+/-0.0018)
2019-07-20 08:04:36,741 INFO - logger - Iter 34000 - time: 30    - [train] loss: 0.0098 (+/-0.003 ) - [valid] loss: 0.0107 (+/-0.0042) - [test] loss: 0.0107 (+/-0.0035)
2019-07-20 08:05:03,996 INFO - logger - Iter 34100 - time: 27    - [train] loss: 0.0105 (+/-0.0034) - [valid] loss: 0.0098 (+/-0.0044) - [test] loss: 0.012  (+/-0.0055)
2019-07-20 08:05:31,673 INFO - logger - Iter 34200 - time: 27    - [train] loss: 0.0141 (+/-0.0044) - [valid] loss: 0.0114 (+/-0.0046) - [test] loss: 0.0148 (+/-0.0089)
2019-07-20 08:05:58,638 INFO - logger - Iter 34300 - time: 26    - [train] loss: 0.0141 (+/-0.0061) - [valid] loss: 0.0141 (+/-0.0115) - [test] loss: 0.0188 (+/-0.0185)
2019-07-20 08:06:27,447 INFO - logger - Iter 34400 - time: 28    - [train] loss: 0.011  (+/-0.0025) - [valid] loss: 0.0093 (+/-0.0031) - [test] loss: 0.0141 (+/-0.0063)
2019-07-20 08:06:56,790 INFO - logger - Iter 34500 - time: 29    - [train] loss: 0.0095 (+/-0.0028) - [valid] loss: 0.0121 (+/-0.0068) - [test] loss: 0.0106 (+/-0.0027)
2019-07-20 08:07:24,892 INFO - logger - Iter 34600 - time: 28    - [train] loss: 0.0114 (+/-0.0054) - [valid] loss: 0.008  (+/-0.0021) - [test] loss: 0.0089 (+/-0.0027)
2019-07-20 08:07:52,591 INFO - logger - Iter 34700 - time: 27    - [train] loss: 0.0075 (+/-0.0014) - [valid] loss: 0.0118 (+/-0.0075) - [test] loss: 0.0141 (+/-0.008 )
2019-07-20 08:08:20,809 INFO - logger - Iter 34800 - time: 28    - [train] loss: 0.0078 (+/-0.0025) - [valid] loss: 0.0069 (+/-0.0019) - [test] loss: 0.0065 (+/-0.0011)
2019-07-20 08:08:50,258 INFO - logger - Iter 34900 - time: 29    - [train] loss: 0.0088 (+/-0.0058) - [valid] loss: 0.0082 (+/-0.0019) - [test] loss: 0.0084 (+/-0.0019)
2019-07-20 08:09:18,854 INFO - logger - Iter 35000 - time: 28    - [train] loss: 0.0122 (+/-0.0047) - [valid] loss: 0.0069 (+/-0.0016) - [test] loss: 0.0085 (+/-0.0023)
2019-07-20 08:09:47,036 INFO - logger - Iter 35100 - time: 28    - [train] loss: 0.0101 (+/-0.0042) - [valid] loss: 0.012  (+/-0.0039) - [test] loss: 0.0089 (+/-0.0025)
2019-07-20 08:10:15,143 INFO - logger - Iter 35200 - time: 28    - [train] loss: 0.0121 (+/-0.0035) - [valid] loss: 0.0184 (+/-0.0068) - [test] loss: 0.0111 (+/-0.0023)
2019-07-20 08:10:43,316 INFO - logger - Iter 35300 - time: 28    - [train] loss: 0.007  (+/-0.0015) - [valid] loss: 0.0069 (+/-0.0013) - [test] loss: 0.0079 (+/-0.0019)
2019-07-20 08:11:14,257 INFO - logger - Iter 35400 - time: 30    - [train] loss: 0.0097 (+/-0.0032) - [valid] loss: 0.0097 (+/-0.0028) - [test] loss: 0.0085 (+/-0.0023)
2019-07-20 08:11:42,028 INFO - logger - Iter 35500 - time: 27    - [train] loss: 0.0068 (+/-0.0014) - [valid] loss: 0.0058 (+/-0.0013) - [test] loss: 0.0094 (+/-0.0028)
2019-07-20 08:12:10,024 INFO - logger - Iter 35600 - time: 27    - [train] loss: 0.0102 (+/-0.0023) - [valid] loss: 0.0095 (+/-0.0021) - [test] loss: 0.0099 (+/-0.0023)
2019-07-20 08:12:37,559 INFO - logger - Iter 35700 - time: 27    - [train] loss: 0.0242 (+/-0.0096) - [valid] loss: 0.023  (+/-0.018 ) - [test] loss: 0.0366 (+/-0.0277)
2019-07-20 08:13:06,685 INFO - logger - Iter 35800 - time: 29    - [train] loss: 0.0083 (+/-0.0023) - [valid] loss: 0.0113 (+/-0.0043) - [test] loss: 0.0134 (+/-0.0099)
2019-07-20 08:13:35,943 INFO - logger - Iter 35900 - time: 29    - [train] loss: 0.0111 (+/-0.0067) - [valid] loss: 0.0082 (+/-0.0021) - [test] loss: 0.017  (+/-0.0202)
2019-07-20 08:14:03,575 INFO - logger - Iter 36000 - time: 27    - [train] loss: 0.0072 (+/-0.0018) - [valid] loss: 0.0085 (+/-0.0025) - [test] loss: 0.0112 (+/-0.0035)
2019-07-20 08:14:31,843 INFO - logger - Iter 36100 - time: 28    - [train] loss: 0.0071 (+/-0.0013) - [valid] loss: 0.007  (+/-0.0017) - [test] loss: 0.0072 (+/-0.0018)
2019-07-20 08:14:59,871 INFO - logger - Iter 36200 - time: 28    - [train] loss: 0.0074 (+/-0.0013) - [valid] loss: 0.0085 (+/-0.0018) - [test] loss: 0.0081 (+/-0.0017)
2019-07-20 08:15:31,058 INFO - logger - Iter 36300 - time: 31    - [train] loss: 0.0072 (+/-0.002 ) - [valid] loss: 0.0088 (+/-0.0059) - [test] loss: 0.0084 (+/-0.0026)
2019-07-20 08:15:59,020 INFO - logger - Iter 36400 - time: 27    - [train] loss: 0.008  (+/-0.0047) - [valid] loss: 0.0066 (+/-0.0015) - [test] loss: 0.0054 (+/-0.0013)
2019-07-20 08:16:27,026 INFO - logger - Iter 36500 - time: 28    - [train] loss: 0.02   (+/-0.0087) - [valid] loss: 0.0129 (+/-0.0033) - [test] loss: 0.0187 (+/-0.0105)
2019-07-20 08:16:54,025 INFO - logger - Iter 36600 - time: 26    - [train] loss: 0.0077 (+/-0.0017) - [valid] loss: 0.0108 (+/-0.0089) - [test] loss: 0.0196 (+/-0.0248)
2019-07-20 08:17:23,351 INFO - logger - Iter 36700 - time: 29    - [train] loss: 0.0073 (+/-0.0017) - [valid] loss: 0.0115 (+/-0.0037) - [test] loss: 0.0068 (+/-0.002 )
2019-07-20 08:17:52,096 INFO - logger - Iter 36800 - time: 28    - [train] loss: 0.0066 (+/-0.0016) - [valid] loss: 0.0065 (+/-0.0011) - [test] loss: 0.0101 (+/-0.0065)
2019-07-20 08:18:19,344 INFO - logger - Iter 36900 - time: 27    - [train] loss: 0.0129 (+/-0.0033) - [valid] loss: 0.0114 (+/-0.0022) - [test] loss: 0.0117 (+/-0.0029)
2019-07-20 08:18:46,737 INFO - logger - Iter 37000 - time: 27    - [train] loss: 0.0074 (+/-0.0021) - [valid] loss: 0.0081 (+/-0.0021) - [test] loss: 0.0086 (+/-0.0023)
2019-07-20 08:19:13,634 INFO - logger - Iter 37100 - time: 26    - [train] loss: 0.007  (+/-0.0024) - [valid] loss: 0.0072 (+/-0.0015) - [test] loss: 0.0072 (+/-0.0022)
2019-07-20 08:19:40,876 INFO - logger - Iter 37200 - time: 27    - [train] loss: 0.0141 (+/-0.0077) - [valid] loss: 0.016  (+/-0.0087) - [test] loss: 0.0099 (+/-0.0022)
2019-07-20 08:20:07,735 INFO - logger - Iter 37300 - time: 26    - [train] loss: 0.007  (+/-0.0024) - [valid] loss: 0.0097 (+/-0.0041) - [test] loss: 0.0103 (+/-0.0048)
2019-07-20 08:20:35,545 INFO - logger - Iter 37400 - time: 27    - [train] loss: 0.0073 (+/-0.0014) - [valid] loss: 0.008  (+/-0.0016) - [test] loss: 0.0081 (+/-0.0026)
2019-07-20 08:21:03,096 INFO - logger - Iter 37500 - time: 27    - [train] loss: 0.0066 (+/-0.0015) - [valid] loss: 0.0099 (+/-0.0041) - [test] loss: 0.0092 (+/-0.0077)
2019-07-20 08:21:30,316 INFO - logger - Iter 37600 - time: 27    - [train] loss: 0.0084 (+/-0.0025) - [valid] loss: 0.0062 (+/-0.0017) - [test] loss: 0.007  (+/-0.0028)
2019-07-20 08:21:56,803 INFO - logger - Iter 37700 - time: 26    - [train] loss: 0.0382 (+/-0.0178) - [valid] loss: 0.0384 (+/-0.0114) - [test] loss: 0.0251 (+/-0.0054)
2019-07-20 08:22:24,757 INFO - logger - Iter 37800 - time: 27    - [train] loss: 0.0127 (+/-0.0033) - [valid] loss: 0.016  (+/-0.0058) - [test] loss: 0.0118 (+/-0.0044)
2019-07-20 08:22:51,764 INFO - logger - Iter 37900 - time: 27    - [train] loss: 0.0105 (+/-0.0033) - [valid] loss: 0.0089 (+/-0.0027) - [test] loss: 0.0074 (+/-0.0014)
2019-07-20 08:23:19,582 INFO - logger - Iter 38000 - time: 27    - [train] loss: 0.0094 (+/-0.003 ) - [valid] loss: 0.0075 (+/-0.0031) - [test] loss: 0.0145 (+/-0.0123)
2019-07-20 08:23:47,737 INFO - logger - Iter 38100 - time: 28    - [train] loss: 0.0081 (+/-0.002 ) - [valid] loss: 0.0155 (+/-0.0107) - [test] loss: 0.0075 (+/-0.0018)
2019-07-20 08:24:15,301 INFO - logger - Iter 38200 - time: 27    - [train] loss: 0.0075 (+/-0.0021) - [valid] loss: 0.0078 (+/-0.002 ) - [test] loss: 0.0069 (+/-0.0017)
2019-07-20 08:24:43,013 INFO - logger - Iter 38300 - time: 27    - [train] loss: 0.0056 (+/-0.0014) - [valid] loss: 0.0056 (+/-0.0012) - [test] loss: 0.0079 (+/-0.0026)
2019-07-20 08:25:12,277 INFO - logger - Iter 38400 - time: 29    - [train] loss: 0.0089 (+/-0.0027) - [valid] loss: 0.0102 (+/-0.0042) - [test] loss: 0.0091 (+/-0.0054)
2019-07-20 08:25:40,630 INFO - logger - Iter 38500 - time: 28    - [train] loss: 0.0117 (+/-0.0077) - [valid] loss: 0.0072 (+/-0.0032) - [test] loss: 0.0064 (+/-0.0017)
2019-07-20 08:26:07,987 INFO - logger - Iter 38600 - time: 27    - [train] loss: 0.0091 (+/-0.003 ) - [valid] loss: 0.0082 (+/-0.0032) - [test] loss: 0.0071 (+/-0.002 )
2019-07-20 08:26:35,968 INFO - logger - Iter 38700 - time: 27    - [train] loss: 0.0066 (+/-0.0019) - [valid] loss: 0.0067 (+/-0.0025) - [test] loss: 0.0061 (+/-0.0014)
2019-07-20 08:27:04,446 INFO - logger - Iter 38800 - time: 28    - [train] loss: 0.0062 (+/-0.002 ) - [valid] loss: 0.0064 (+/-0.0018) - [test] loss: 0.0055 (+/-0.0012)
2019-07-20 08:27:33,126 INFO - logger - Iter 38900 - time: 28    - [train] loss: 0.0074 (+/-0.0022) - [valid] loss: 0.0121 (+/-0.0103) - [test] loss: 0.008  (+/-0.0029)
2019-07-20 08:28:00,455 INFO - logger - Iter 39000 - time: 27    - [train] loss: 0.011  (+/-0.0025) - [valid] loss: 0.0127 (+/-0.0033) - [test] loss: 0.018  (+/-0.01  )
2019-07-20 08:28:27,702 INFO - logger - Iter 39100 - time: 27    - [train] loss: 0.0114 (+/-0.0022) - [valid] loss: 0.0138 (+/-0.0063) - [test] loss: 0.0121 (+/-0.0037)
2019-07-20 08:28:55,053 INFO - logger - Iter 39200 - time: 27    - [train] loss: 0.023  (+/-0.0238) - [valid] loss: 0.0129 (+/-0.0056) - [test] loss: 0.0097 (+/-0.0028)
2019-07-20 08:29:25,007 INFO - logger - Iter 39300 - time: 29    - [train] loss: 0.0236 (+/-0.0064) - [valid] loss: 0.0298 (+/-0.0114) - [test] loss: 0.0286 (+/-0.007 )
2019-07-20 08:29:52,215 INFO - logger - Iter 39400 - time: 27    - [train] loss: 0.0107 (+/-0.0024) - [valid] loss: 0.0122 (+/-0.0027) - [test] loss: 0.0166 (+/-0.0052)
2019-07-20 08:30:19,544 INFO - logger - Iter 39500 - time: 27    - [train] loss: 0.01   (+/-0.0034) - [valid] loss: 0.0098 (+/-0.0033) - [test] loss: 0.0132 (+/-0.006 )
2019-07-20 08:30:47,053 INFO - logger - Iter 39600 - time: 27    - [train] loss: 0.0082 (+/-0.0035) - [valid] loss: 0.0068 (+/-0.0018) - [test] loss: 0.0094 (+/-0.0034)
2019-07-20 08:31:17,156 INFO - logger - Iter 39700 - time: 30    - [train] loss: 0.0075 (+/-0.0015) - [valid] loss: 0.0067 (+/-0.0014) - [test] loss: 0.0081 (+/-0.002 )
2019-07-20 08:31:44,538 INFO - logger - Iter 39800 - time: 27    - [train] loss: 0.0176 (+/-0.0071) - [valid] loss: 0.0182 (+/-0.0083) - [test] loss: 0.0155 (+/-0.0051)
2019-07-20 08:32:12,076 INFO - logger - Iter 39900 - time: 27    - [train] loss: 0.0623 (+/-0.051 ) - [valid] loss: 0.0278 (+/-0.0066) - [test] loss: 0.0421 (+/-0.0172)
2019-07-20 08:32:40,336 INFO - logger - Iter 40000 - time: 28    - [train] loss: 0.0118 (+/-0.0028) - [valid] loss: 0.0111 (+/-0.0032) - [test] loss: 0.0163 (+/-0.0087)
2019-07-20 08:33:09,388 INFO - logger - Iter 40100 - time: 29    - [train] loss: 0.0089 (+/-0.0033) - [valid] loss: 0.018  (+/-0.0166) - [test] loss: 0.0121 (+/-0.0058)
2019-07-20 08:33:37,189 INFO - logger - Iter 40200 - time: 27    - [train] loss: 0.0062 (+/-0.0013) - [valid] loss: 0.0148 (+/-0.0125) - [test] loss: 0.0117 (+/-0.0074)
2019-07-20 08:34:04,527 INFO - logger - Iter 40300 - time: 27    - [train] loss: 0.0075 (+/-0.0019) - [valid] loss: 0.0091 (+/-0.0033) - [test] loss: 0.0073 (+/-0.0017)
2019-07-20 08:34:32,475 INFO - logger - Iter 40400 - time: 27    - [train] loss: 0.0076 (+/-0.0019) - [valid] loss: 0.0118 (+/-0.0047) - [test] loss: 0.0097 (+/-0.0033)
2019-07-20 08:35:02,617 INFO - logger - Iter 40500 - time: 30    - [train] loss: 0.0058 (+/-0.0009) - [valid] loss: 0.0097 (+/-0.003 ) - [test] loss: 0.0058 (+/-0.0009)
2019-07-20 08:35:30,488 INFO - logger - Iter 40600 - time: 27    - [train] loss: 0.0069 (+/-0.0013) - [valid] loss: 0.0082 (+/-0.0017) - [test] loss: 0.0119 (+/-0.0055)
2019-07-20 08:35:57,864 INFO - logger - Iter 40700 - time: 27    - [train] loss: 0.0113 (+/-0.0037) - [valid] loss: 0.0075 (+/-0.0018) - [test] loss: 0.0105 (+/-0.0032)
2019-07-20 08:36:25,610 INFO - logger - Iter 40800 - time: 27    - [train] loss: 0.014  (+/-0.0067) - [valid] loss: 0.0118 (+/-0.0055) - [test] loss: 0.0087 (+/-0.0016)
2019-07-20 08:36:54,368 INFO - logger - Iter 40900 - time: 28    - [train] loss: 0.0073 (+/-0.0028) - [valid] loss: 0.0102 (+/-0.006 ) - [test] loss: 0.014  (+/-0.0156)
2019-07-20 08:37:24,136 INFO - logger - Iter 41000 - time: 29    - [train] loss: 0.0105 (+/-0.0031) - [valid] loss: 0.0102 (+/-0.0038) - [test] loss: 0.008  (+/-0.0018)
2019-07-20 08:37:51,785 INFO - logger - Iter 41100 - time: 27    - [train] loss: 0.0119 (+/-0.0059) - [valid] loss: 0.0078 (+/-0.0025) - [test] loss: 0.0075 (+/-0.0029)
2019-07-20 08:38:18,952 INFO - logger - Iter 41200 - time: 27    - [train] loss: 0.0073 (+/-0.0027) - [valid] loss: 0.0055 (+/-0.0008) - [test] loss: 0.0091 (+/-0.0078)
2019-07-20 08:38:47,753 INFO - logger - Iter 41300 - time: 28    - [train] loss: 0.0055 (+/-0.0013) - [valid] loss: 0.005  (+/-0.0009) - [test] loss: 0.007  (+/-0.0027)
2019-07-20 08:39:18,069 INFO - logger - Iter 41400 - time: 30    - [train] loss: 0.0118 (+/-0.0064) - [valid] loss: 0.0111 (+/-0.0074) - [test] loss: 0.0069 (+/-0.0024)
2019-07-20 08:39:45,985 INFO - logger - Iter 41500 - time: 27    - [train] loss: 0.0067 (+/-0.0023) - [valid] loss: 0.0056 (+/-0.0015) - [test] loss: 0.0067 (+/-0.0017)
2019-07-20 08:40:14,597 INFO - logger - Iter 41600 - time: 28    - [train] loss: 0.0076 (+/-0.005 ) - [valid] loss: 0.0083 (+/-0.0045) - [test] loss: 0.0073 (+/-0.0018)
2019-07-20 08:40:42,628 INFO - logger - Iter 41700 - time: 28    - [train] loss: 0.0093 (+/-0.0066) - [valid] loss: 0.0059 (+/-0.0013) - [test] loss: 0.0093 (+/-0.0039)
2019-07-20 08:41:12,879 INFO - logger - Iter 41800 - time: 30    - [train] loss: 0.0081 (+/-0.002 ) - [valid] loss: 0.0097 (+/-0.0029) - [test] loss: 0.008  (+/-0.0028)
2019-07-20 08:41:39,899 INFO - logger - Iter 41900 - time: 27    - [train] loss: 0.0074 (+/-0.0034) - [valid] loss: 0.0075 (+/-0.0024) - [test] loss: 0.0068 (+/-0.003 )
2019-07-20 08:42:08,467 INFO - logger - Iter 42000 - time: 28    - [train] loss: 0.0061 (+/-0.0016) - [valid] loss: 0.0075 (+/-0.0044) - [test] loss: 0.0102 (+/-0.008 )
2019-07-20 08:42:36,388 INFO - logger - Iter 42100 - time: 27    - [train] loss: 0.0059 (+/-0.002 ) - [valid] loss: 0.0068 (+/-0.002 ) - [test] loss: 0.0055 (+/-0.0017)
2019-07-20 08:43:06,988 INFO - logger - Iter 42200 - time: 30    - [train] loss: 0.0061 (+/-0.0012) - [valid] loss: 0.0061 (+/-0.0014) - [test] loss: 0.0079 (+/-0.0029)
2019-07-20 08:43:34,636 INFO - logger - Iter 42300 - time: 27    - [train] loss: 0.0096 (+/-0.003 ) - [valid] loss: 0.0107 (+/-0.0025) - [test] loss: 0.0092 (+/-0.0021)
2019-07-20 08:44:01,926 INFO - logger - Iter 42400 - time: 27    - [train] loss: 0.008  (+/-0.0027) - [valid] loss: 0.0106 (+/-0.005 ) - [test] loss: 0.0069 (+/-0.0018)
2019-07-20 08:44:29,499 INFO - logger - Iter 42500 - time: 27    - [train] loss: 0.0139 (+/-0.0065) - [valid] loss: 0.0081 (+/-0.0025) - [test] loss: 0.0099 (+/-0.0034)
2019-07-20 08:44:57,707 INFO - logger - Iter 42600 - time: 28    - [train] loss: 0.0301 (+/-0.0095) - [valid] loss: 0.0247 (+/-0.0095) - [test] loss: 0.0236 (+/-0.0072)
2019-07-20 08:45:24,748 INFO - logger - Iter 42700 - time: 27    - [train] loss: 0.0207 (+/-0.0131) - [valid] loss: 0.0118 (+/-0.0032) - [test] loss: 0.0124 (+/-0.0043)
2019-07-20 08:45:52,978 INFO - logger - Iter 42800 - time: 28    - [train] loss: 0.0148 (+/-0.0065) - [valid] loss: 0.016  (+/-0.0051) - [test] loss: 0.0156 (+/-0.0085)
2019-07-20 08:46:20,008 INFO - logger - Iter 42900 - time: 27    - [train] loss: 0.0164 (+/-0.0044) - [valid] loss: 0.0169 (+/-0.0046) - [test] loss: 0.0191 (+/-0.0056)
2019-07-20 08:46:47,773 INFO - logger - Iter 43000 - time: 27    - [train] loss: 0.0129 (+/-0.0068) - [valid] loss: 0.0137 (+/-0.0056) - [test] loss: 0.0081 (+/-0.003 )
2019-07-20 08:47:15,558 INFO - logger - Iter 43100 - time: 27    - [train] loss: 0.008  (+/-0.0018) - [valid] loss: 0.0069 (+/-0.0019) - [test] loss: 0.0092 (+/-0.0038)
2019-07-20 08:47:42,547 INFO - logger - Iter 43200 - time: 26    - [train] loss: 0.0152 (+/-0.0132) - [valid] loss: 0.0066 (+/-0.0015) - [test] loss: 0.0085 (+/-0.0031)
2019-07-20 08:48:10,334 INFO - logger - Iter 43300 - time: 27    - [train] loss: 0.0051 (+/-0.0012) - [valid] loss: 0.0102 (+/-0.007 ) - [test] loss: 0.0061 (+/-0.0022)
2019-07-20 08:48:37,157 INFO - logger - Iter 43400 - time: 26    - [train] loss: 0.0059 (+/-0.0015) - [valid] loss: 0.0077 (+/-0.0022) - [test] loss: 0.0084 (+/-0.0032)
2019-07-20 08:49:04,362 INFO - logger - Iter 43500 - time: 27    - [train] loss: 0.0298 (+/-0.0232) - [valid] loss: 0.0192 (+/-0.0109) - [test] loss: 0.0224 (+/-0.0115)
2019-07-20 08:49:31,684 INFO - logger - Iter 43600 - time: 27    - [train] loss: 0.0113 (+/-0.0039) - [valid] loss: 0.0114 (+/-0.005 ) - [test] loss: 0.0136 (+/-0.0047)
2019-07-20 08:49:59,460 INFO - logger - Iter 43700 - time: 27    - [train] loss: 0.0086 (+/-0.0017) - [valid] loss: 0.0098 (+/-0.0034) - [test] loss: 0.0085 (+/-0.0022)
2019-07-20 08:50:27,427 INFO - logger - Iter 43800 - time: 27    - [train] loss: 0.0103 (+/-0.0035) - [valid] loss: 0.0066 (+/-0.0014) - [test] loss: 0.0087 (+/-0.0019)
2019-07-20 08:50:57,457 INFO - logger - Iter 43900 - time: 30    - [train] loss: 0.0106 (+/-0.0054) - [valid] loss: 0.0135 (+/-0.0057) - [test] loss: 0.011  (+/-0.0038)
2019-07-20 08:51:25,173 INFO - logger - Iter 44000 - time: 27    - [train] loss: 0.0075 (+/-0.0019) - [valid] loss: 0.0115 (+/-0.0051) - [test] loss: 0.0104 (+/-0.0053)
2019-07-20 08:51:52,021 INFO - logger - Iter 44100 - time: 26    - [train] loss: 0.0056 (+/-0.0012) - [valid] loss: 0.0066 (+/-0.0021) - [test] loss: 0.0094 (+/-0.0042)
2019-07-20 08:52:19,770 INFO - logger - Iter 44200 - time: 27    - [train] loss: 0.0097 (+/-0.0024) - [valid] loss: 0.0071 (+/-0.0018) - [test] loss: 0.0089 (+/-0.0023)
2019-07-20 08:52:49,837 INFO - logger - Iter 44300 - time: 30    - [train] loss: 0.0093 (+/-0.0027) - [valid] loss: 0.0073 (+/-0.0018) - [test] loss: 0.008  (+/-0.0024)
2019-07-20 08:53:16,758 INFO - logger - Iter 44400 - time: 26    - [train] loss: 0.0086 (+/-0.0065) - [valid] loss: 0.0082 (+/-0.004 ) - [test] loss: 0.0099 (+/-0.0064)
2019-07-20 08:53:44,362 INFO - logger - Iter 44500 - time: 27    - [train] loss: 0.0074 (+/-0.0013) - [valid] loss: 0.0131 (+/-0.0038) - [test] loss: 0.0099 (+/-0.0028)
2019-07-20 08:54:11,666 INFO - logger - Iter 44600 - time: 27    - [train] loss: 0.0109 (+/-0.0074) - [valid] loss: 0.0076 (+/-0.0018) - [test] loss: 0.0082 (+/-0.0018)
2019-07-20 08:54:40,838 INFO - logger - Iter 44700 - time: 29    - [train] loss: 0.0089 (+/-0.0029) - [valid] loss: 0.0129 (+/-0.0053) - [test] loss: 0.008  (+/-0.0017)
2019-07-20 08:55:09,935 INFO - logger - Iter 44800 - time: 29    - [train] loss: 0.0118 (+/-0.007 ) - [valid] loss: 0.0079 (+/-0.0035) - [test] loss: 0.0069 (+/-0.0035)
2019-07-20 08:55:37,680 INFO - logger - Iter 44900 - time: 27    - [train] loss: 0.0094 (+/-0.0041) - [valid] loss: 0.0072 (+/-0.0029) - [test] loss: 0.0091 (+/-0.0039)
2019-07-20 08:56:05,482 INFO - logger - Iter 45000 - time: 27    - [train] loss: 0.0122 (+/-0.0074) - [valid] loss: 0.0072 (+/-0.0017) - [test] loss: 0.0088 (+/-0.0023)
2019-07-20 08:56:34,454 INFO - logger - Iter 45100 - time: 28    - [train] loss: 0.0099 (+/-0.0038) - [valid] loss: 0.0125 (+/-0.0035) - [test] loss: 0.0088 (+/-0.0025)
2019-07-20 08:57:02,830 INFO - logger - Iter 45200 - time: 28    - [train] loss: 0.0066 (+/-0.0015) - [valid] loss: 0.0069 (+/-0.0022) - [test] loss: 0.0116 (+/-0.0061)
2019-07-20 08:57:30,503 INFO - logger - Iter 45300 - time: 27    - [train] loss: 0.008  (+/-0.0036) - [valid] loss: 0.0066 (+/-0.0022) - [test] loss: 0.0067 (+/-0.0019)
2019-07-20 08:57:58,515 INFO - logger - Iter 45400 - time: 28    - [train] loss: 0.0148 (+/-0.0175) - [valid] loss: 0.0105 (+/-0.0048) - [test] loss: 0.0078 (+/-0.0024)
2019-07-20 08:58:26,870 INFO - logger - Iter 45500 - time: 28    - [train] loss: 0.0083 (+/-0.0021) - [valid] loss: 0.0093 (+/-0.0036) - [test] loss: 0.0086 (+/-0.003 )
2019-07-20 08:58:56,416 INFO - logger - Iter 45600 - time: 29    - [train] loss: 0.0076 (+/-0.0021) - [valid] loss: 0.01   (+/-0.0041) - [test] loss: 0.0082 (+/-0.0025)
2019-07-20 08:59:23,114 INFO - logger - Iter 45700 - time: 26    - [train] loss: 0.0118 (+/-0.0053) - [valid] loss: 0.0109 (+/-0.0048) - [test] loss: 0.0119 (+/-0.0029)
2019-07-20 08:59:50,066 INFO - logger - Iter 45800 - time: 26    - [train] loss: 0.0078 (+/-0.0016) - [valid] loss: 0.0158 (+/-0.0051) - [test] loss: 0.0104 (+/-0.0026)
2019-07-20 09:00:18,125 INFO - logger - Iter 45900 - time: 28    - [train] loss: 0.006  (+/-0.0027) - [valid] loss: 0.0111 (+/-0.0096) - [test] loss: 0.0072 (+/-0.0024)
2019-07-20 09:00:48,439 INFO - logger - Iter 46000 - time: 30    - [train] loss: 0.0083 (+/-0.0045) - [valid] loss: 0.0078 (+/-0.0048) - [test] loss: 0.0063 (+/-0.0016)
2019-07-20 09:01:16,117 INFO - logger - Iter 46100 - time: 27    - [train] loss: 0.0072 (+/-0.0026) - [valid] loss: 0.0057 (+/-0.001 ) - [test] loss: 0.007  (+/-0.0021)
2019-07-20 09:01:43,777 INFO - logger - Iter 46200 - time: 27    - [train] loss: 0.014  (+/-0.008 ) - [valid] loss: 0.011  (+/-0.0028) - [test] loss: 0.0104 (+/-0.0042)
2019-07-20 09:02:10,078 INFO - logger - Iter 46300 - time: 26    - [train] loss: 0.0075 (+/-0.0023) - [valid] loss: 0.0095 (+/-0.0044) - [test] loss: 0.006  (+/-0.0014)
2019-07-20 09:02:39,621 INFO - logger - Iter 46400 - time: 29    - [train] loss: 0.0082 (+/-0.0025) - [valid] loss: 0.0057 (+/-0.0016) - [test] loss: 0.0077 (+/-0.0046)
2019-07-20 09:03:08,425 INFO - logger - Iter 46500 - time: 28    - [train] loss: 0.0085 (+/-0.0032) - [valid] loss: 0.008  (+/-0.0022) - [test] loss: 0.0105 (+/-0.0032)
2019-07-20 09:03:36,459 INFO - logger - Iter 46600 - time: 28    - [train] loss: 0.0099 (+/-0.0024) - [valid] loss: 0.0092 (+/-0.0021) - [test] loss: 0.0091 (+/-0.0025)
2019-07-20 09:04:03,680 INFO - logger - Iter 46700 - time: 27    - [train] loss: 0.012  (+/-0.003 ) - [valid] loss: 0.0117 (+/-0.0042) - [test] loss: 0.0141 (+/-0.0043)
2019-07-20 09:04:32,798 INFO - logger - Iter 46800 - time: 29    - [train] loss: 0.0091 (+/-0.0034) - [valid] loss: 0.0063 (+/-0.0015) - [test] loss: 0.0087 (+/-0.0024)
2019-07-20 09:05:01,685 INFO - logger - Iter 46900 - time: 28    - [train] loss: 0.0073 (+/-0.0033) - [valid] loss: 0.0072 (+/-0.0023) - [test] loss: 0.0069 (+/-0.002 )
2019-07-20 09:05:29,304 INFO - logger - Iter 47000 - time: 27    - [train] loss: 0.0106 (+/-0.0058) - [valid] loss: 0.0063 (+/-0.0014) - [test] loss: 0.006  (+/-0.001 )
2019-07-20 09:05:57,006 INFO - logger - Iter 47100 - time: 27    - [train] loss: 0.015  (+/-0.0053) - [valid] loss: 0.0143 (+/-0.0041) - [test] loss: 0.0178 (+/-0.0067)
2019-07-20 09:06:24,966 INFO - logger - Iter 47200 - time: 27    - [train] loss: 0.0077 (+/-0.0015) - [valid] loss: 0.0083 (+/-0.002 ) - [test] loss: 0.0069 (+/-0.0017)
2019-07-20 09:06:54,802 INFO - logger - Iter 47300 - time: 29    - [train] loss: 0.0094 (+/-0.0032) - [valid] loss: 0.0129 (+/-0.0045) - [test] loss: 0.0083 (+/-0.0021)
2019-07-20 09:07:22,013 INFO - logger - Iter 47400 - time: 27    - [train] loss: 0.0083 (+/-0.0017) - [valid] loss: 0.0085 (+/-0.002 ) - [test] loss: 0.0076 (+/-0.002 )
2019-07-20 09:07:49,359 INFO - logger - Iter 47500 - time: 27    - [train] loss: 0.0061 (+/-0.0016) - [valid] loss: 0.0082 (+/-0.0027) - [test] loss: 0.0063 (+/-0.0016)
2019-07-20 09:08:16,939 INFO - logger - Iter 47600 - time: 27    - [train] loss: 0.0053 (+/-0.0011) - [valid] loss: 0.0091 (+/-0.0041) - [test] loss: 0.0048 (+/-0.0009)
2019-07-20 09:08:47,152 INFO - logger - Iter 47700 - time: 30    - [train] loss: 0.0059 (+/-0.0014) - [valid] loss: 0.0117 (+/-0.0074) - [test] loss: 0.0089 (+/-0.0043)
2019-07-20 09:09:14,964 INFO - logger - Iter 47800 - time: 27    - [train] loss: 0.0216 (+/-0.0178) - [valid] loss: 0.0103 (+/-0.0027) - [test] loss: 0.0113 (+/-0.0045)
2019-07-20 09:09:42,592 INFO - logger - Iter 47900 - time: 27    - [train] loss: 0.008  (+/-0.0043) - [valid] loss: 0.0124 (+/-0.0043) - [test] loss: 0.0123 (+/-0.0049)
2019-07-20 09:10:09,282 INFO - logger - Iter 48000 - time: 26    - [train] loss: 0.0106 (+/-0.0049) - [valid] loss: 0.009  (+/-0.0025) - [test] loss: 0.0063 (+/-0.0013)
2019-07-20 09:10:37,018 INFO - logger - Iter 48100 - time: 27    - [train] loss: 0.0069 (+/-0.0016) - [valid] loss: 0.0093 (+/-0.0032) - [test] loss: 0.0081 (+/-0.0019)
2019-07-20 09:11:04,963 INFO - logger - Iter 48200 - time: 27    - [train] loss: 0.0095 (+/-0.0033) - [valid] loss: 0.0131 (+/-0.0077) - [test] loss: 0.0078 (+/-0.0019)
2019-07-20 09:11:32,242 INFO - logger - Iter 48300 - time: 27    - [train] loss: 0.0072 (+/-0.0014) - [valid] loss: 0.0085 (+/-0.0021) - [test] loss: 0.0082 (+/-0.0031)
2019-07-20 09:12:00,278 INFO - logger - Iter 48400 - time: 28    - [train] loss: 0.0077 (+/-0.0024) - [valid] loss: 0.0083 (+/-0.002 ) - [test] loss: 0.0073 (+/-0.0019)
2019-07-20 09:12:28,597 INFO - logger - Iter 48500 - time: 28    - [train] loss: 0.0081 (+/-0.0017) - [valid] loss: 0.0104 (+/-0.003 ) - [test] loss: 0.0131 (+/-0.0049)
2019-07-20 09:12:56,756 INFO - logger - Iter 48600 - time: 28    - [train] loss: 0.0096 (+/-0.0041) - [valid] loss: 0.0082 (+/-0.0043) - [test] loss: 0.0076 (+/-0.003 )
2019-07-20 09:13:24,287 INFO - logger - Iter 48700 - time: 27    - [train] loss: 0.0069 (+/-0.0016) - [valid] loss: 0.0077 (+/-0.0025) - [test] loss: 0.0065 (+/-0.0019)
2019-07-20 09:13:51,987 INFO - logger - Iter 48800 - time: 27    - [train] loss: 0.0087 (+/-0.0015) - [valid] loss: 0.0096 (+/-0.0022) - [test] loss: 0.0082 (+/-0.0018)
2019-07-20 09:14:19,877 INFO - logger - Iter 48900 - time: 27    - [train] loss: 0.0145 (+/-0.0053) - [valid] loss: 0.0101 (+/-0.0033) - [test] loss: 0.0118 (+/-0.0048)
2019-07-20 09:14:47,792 INFO - logger - Iter 49000 - time: 27    - [train] loss: 0.005  (+/-0.001 ) - [valid] loss: 0.006  (+/-0.0016) - [test] loss: 0.0054 (+/-0.0013)
2019-07-20 09:15:14,533 INFO - logger - Iter 49100 - time: 26    - [train] loss: 0.0081 (+/-0.002 ) - [valid] loss: 0.0076 (+/-0.0017) - [test] loss: 0.0114 (+/-0.0057)
2019-07-20 09:15:43,016 INFO - logger - Iter 49200 - time: 28    - [train] loss: 0.0059 (+/-0.0017) - [valid] loss: 0.0072 (+/-0.0027) - [test] loss: 0.006  (+/-0.0016)
2019-07-20 09:16:10,964 INFO - logger - Iter 49300 - time: 27    - [train] loss: 0.0083 (+/-0.0047) - [valid] loss: 0.0072 (+/-0.0022) - [test] loss: 0.0059 (+/-0.0016)
2019-07-20 09:16:40,029 INFO - logger - Iter 49400 - time: 29    - [train] loss: 0.0053 (+/-0.0012) - [valid] loss: 0.0061 (+/-0.0014) - [test] loss: 0.0047 (+/-0.001 )
2019-07-20 09:17:09,293 INFO - logger - Iter 49500 - time: 29    - [train] loss: 0.0065 (+/-0.0025) - [valid] loss: 0.0074 (+/-0.0032) - [test] loss: 0.0066 (+/-0.0033)
2019-07-20 09:17:37,010 INFO - logger - Iter 49600 - time: 27    - [train] loss: 0.0144 (+/-0.0033) - [valid] loss: 0.0487 (+/-0.0564) - [test] loss: 0.0311 (+/-0.0201)
2019-07-20 09:18:04,962 INFO - logger - Iter 49700 - time: 27    - [train] loss: 0.0067 (+/-0.0022) - [valid] loss: 0.007  (+/-0.0018) - [test] loss: 0.0048 (+/-0.0008)
2019-07-20 09:18:32,725 INFO - logger - Iter 49800 - time: 27    - [train] loss: 0.0224 (+/-0.0308) - [valid] loss: 0.0072 (+/-0.0028) - [test] loss: 0.007  (+/-0.003 )
2019-07-20 09:19:02,804 INFO - logger - Iter 49900 - time: 30    - [train] loss: 0.0079 (+/-0.0024) - [valid] loss: 0.0103 (+/-0.0046) - [test] loss: 0.0057 (+/-0.0015)
