2019-07-20 03:37:00,948 INFO - log_helper - Finished configuring logger
2019-07-20 03:37:09,449 INFO - logger - Iter 0    - time: 8     - [train] loss: 4.63   (+/-0.7971) - [valid] loss: 4.2897 (+/-0.7408) - [test] loss: 4.0691 (+/-0.7766)
2019-07-20 03:37:37,463 INFO - logger - Iter 100  - time: 28    - [train] loss: 3.581  (+/-0.6216) - [valid] loss: 3.2143 (+/-0.548 ) - [test] loss: 2.4959 (+/-0.489 )
2019-07-20 03:38:08,685 INFO - logger - Iter 200  - time: 31    - [train] loss: 2.2439 (+/-0.3962) - [valid] loss: 2.1248 (+/-0.4198) - [test] loss: 2.0601 (+/-0.4432)
2019-07-20 03:38:38,948 INFO - logger - Iter 300  - time: 30    - [train] loss: 1.7812 (+/-0.3555) - [valid] loss: 1.6447 (+/-0.3241) - [test] loss: 1.2637 (+/-0.2266)
2019-07-20 03:39:07,058 INFO - logger - Iter 400  - time: 28    - [train] loss: 1.3813 (+/-0.2587) - [valid] loss: 1.0732 (+/-0.1788) - [test] loss: 0.998  (+/-0.1948)
2019-07-20 03:39:37,591 INFO - logger - Iter 500  - time: 30    - [train] loss: 0.8988 (+/-0.5022) - [valid] loss: 0.704  (+/-0.1387) - [test] loss: 0.6715 (+/-0.1169)
2019-07-20 03:40:06,716 INFO - logger - Iter 600  - time: 29    - [train] loss: 0.4141 (+/-0.0841) - [valid] loss: 0.6501 (+/-0.181 ) - [test] loss: 0.519  (+/-0.103 )
2019-07-20 03:40:36,290 INFO - logger - Iter 700  - time: 29    - [train] loss: 0.3727 (+/-0.1036) - [valid] loss: 0.4141 (+/-0.0959) - [test] loss: 0.3658 (+/-0.0906)
2019-07-20 03:41:04,815 INFO - logger - Iter 800  - time: 28    - [train] loss: 0.3071 (+/-0.0936) - [valid] loss: 0.2002 (+/-0.0484) - [test] loss: 0.2879 (+/-0.0659)
2019-07-20 03:41:33,365 INFO - logger - Iter 900  - time: 28    - [train] loss: 0.2288 (+/-0.0501) - [valid] loss: 0.2375 (+/-0.0909) - [test] loss: 0.23   (+/-0.0521)
2019-07-20 03:42:03,448 INFO - logger - Iter 1000 - time: 30    - [train] loss: 0.2044 (+/-0.0626) - [valid] loss: 0.1683 (+/-0.0418) - [test] loss: 0.1486 (+/-0.0313)
2019-07-20 03:42:32,060 INFO - logger - Iter 1100 - time: 28    - [train] loss: 0.1697 (+/-0.0581) - [valid] loss: 0.1407 (+/-0.0367) - [test] loss: 0.1218 (+/-0.0291)
2019-07-20 03:43:01,914 INFO - logger - Iter 1200 - time: 29    - [train] loss: 0.0879 (+/-0.0183) - [valid] loss: 0.1046 (+/-0.0447) - [test] loss: 0.1173 (+/-0.028 )
2019-07-20 03:43:30,726 INFO - logger - Iter 1300 - time: 28    - [train] loss: 0.1142 (+/-0.0319) - [valid] loss: 0.1202 (+/-0.0267) - [test] loss: 0.1079 (+/-0.0252)
2019-07-20 03:43:58,862 INFO - logger - Iter 1400 - time: 28    - [train] loss: 0.0903 (+/-0.0271) - [valid] loss: 0.0866 (+/-0.0277) - [test] loss: 0.0745 (+/-0.0184)
2019-07-20 03:44:28,776 INFO - logger - Iter 1500 - time: 29    - [train] loss: 0.107  (+/-0.0359) - [valid] loss: 0.0799 (+/-0.02  ) - [test] loss: 0.0711 (+/-0.0148)
2019-07-20 03:44:57,063 INFO - logger - Iter 1600 - time: 28    - [train] loss: 0.0711 (+/-0.0194) - [valid] loss: 0.0748 (+/-0.0193) - [test] loss: 0.0623 (+/-0.0132)
2019-07-20 03:45:26,852 INFO - logger - Iter 1700 - time: 29    - [train] loss: 0.1835 (+/-0.1877) - [valid] loss: 0.0846 (+/-0.0207) - [test] loss: 0.0609 (+/-0.0124)
2019-07-20 03:45:56,012 INFO - logger - Iter 1800 - time: 29    - [train] loss: 0.1092 (+/-0.0525) - [valid] loss: 0.0831 (+/-0.0456) - [test] loss: 0.0595 (+/-0.0149)
2019-07-20 03:46:24,081 INFO - logger - Iter 1900 - time: 28    - [train] loss: 0.0444 (+/-0.0101) - [valid] loss: 0.1302 (+/-0.1223) - [test] loss: 0.0575 (+/-0.0145)
2019-07-20 03:46:54,640 INFO - logger - Iter 2000 - time: 30    - [train] loss: 0.0598 (+/-0.0173) - [valid] loss: 0.0521 (+/-0.0101) - [test] loss: 0.0635 (+/-0.0189)
2019-07-20 03:47:23,274 INFO - logger - Iter 2100 - time: 28    - [train] loss: 0.0633 (+/-0.0169) - [valid] loss: 0.0567 (+/-0.0173) - [test] loss: 0.0702 (+/-0.0266)
2019-07-20 03:47:50,980 INFO - logger - Iter 2200 - time: 27    - [train] loss: 0.0501 (+/-0.018 ) - [valid] loss: 0.0354 (+/-0.0106) - [test] loss: 0.0549 (+/-0.0231)
2019-07-20 03:48:19,724 INFO - logger - Iter 2300 - time: 28    - [train] loss: 0.0691 (+/-0.0246) - [valid] loss: 0.0664 (+/-0.0227) - [test] loss: 0.0496 (+/-0.0115)
2019-07-20 03:48:49,968 INFO - logger - Iter 2400 - time: 30    - [train] loss: 0.0632 (+/-0.0176) - [valid] loss: 0.0476 (+/-0.0115) - [test] loss: 0.0496 (+/-0.0121)
2019-07-20 03:49:20,938 INFO - logger - Iter 2500 - time: 30    - [train] loss: 0.0646 (+/-0.0414) - [valid] loss: 0.0591 (+/-0.0177) - [test] loss: 0.056  (+/-0.0203)
2019-07-20 03:49:48,904 INFO - logger - Iter 2600 - time: 27    - [train] loss: 0.0405 (+/-0.0085) - [valid] loss: 0.0453 (+/-0.0104) - [test] loss: 0.0412 (+/-0.0087)
2019-07-20 03:50:17,099 INFO - logger - Iter 2700 - time: 28    - [train] loss: 0.0457 (+/-0.0129) - [valid] loss: 0.0431 (+/-0.0091) - [test] loss: 0.086  (+/-0.0805)
2019-07-20 03:50:45,439 INFO - logger - Iter 2800 - time: 28    - [train] loss: 0.0512 (+/-0.0142) - [valid] loss: 0.0593 (+/-0.0183) - [test] loss: 0.0555 (+/-0.0134)
2019-07-20 03:51:15,895 INFO - logger - Iter 2900 - time: 30    - [train] loss: 0.0367 (+/-0.007 ) - [valid] loss: 0.038  (+/-0.0113) - [test] loss: 0.0524 (+/-0.0237)
2019-07-20 03:51:47,141 INFO - logger - Iter 3000 - time: 31    - [train] loss: 0.044  (+/-0.0137) - [valid] loss: 0.0824 (+/-0.0608) - [test] loss: 0.0347 (+/-0.0082)
2019-07-20 03:52:15,833 INFO - logger - Iter 3100 - time: 28    - [train] loss: 0.0481 (+/-0.0164) - [valid] loss: 0.0342 (+/-0.0093) - [test] loss: 0.05   (+/-0.0176)
2019-07-20 03:52:44,412 INFO - logger - Iter 3200 - time: 28    - [train] loss: 0.0301 (+/-0.0071) - [valid] loss: 0.0411 (+/-0.0101) - [test] loss: 0.0413 (+/-0.013 )
2019-07-20 03:53:13,441 INFO - logger - Iter 3300 - time: 29    - [train] loss: 0.0385 (+/-0.01  ) - [valid] loss: 0.046  (+/-0.0123) - [test] loss: 0.0453 (+/-0.0108)
2019-07-20 03:53:43,119 INFO - logger - Iter 3400 - time: 29    - [train] loss: 0.035  (+/-0.0089) - [valid] loss: 0.0418 (+/-0.016 ) - [test] loss: 0.0438 (+/-0.0116)
2019-07-20 03:54:12,536 INFO - logger - Iter 3500 - time: 29    - [train] loss: 0.0271 (+/-0.006 ) - [valid] loss: 0.0404 (+/-0.0108) - [test] loss: 0.0457 (+/-0.0149)
2019-07-20 03:54:41,455 INFO - logger - Iter 3600 - time: 28    - [train] loss: 0.0352 (+/-0.0126) - [valid] loss: 0.0377 (+/-0.0101) - [test] loss: 0.0402 (+/-0.0135)
2019-07-20 03:55:09,942 INFO - logger - Iter 3700 - time: 28    - [train] loss: 0.0484 (+/-0.0188) - [valid] loss: 0.0372 (+/-0.0138) - [test] loss: 0.0466 (+/-0.0168)
2019-07-20 03:55:37,962 INFO - logger - Iter 3800 - time: 28    - [train] loss: 0.0354 (+/-0.0114) - [valid] loss: 0.0398 (+/-0.0174) - [test] loss: 0.031  (+/-0.0057)
2019-07-20 03:56:08,886 INFO - logger - Iter 3900 - time: 30    - [train] loss: 0.0365 (+/-0.0087) - [valid] loss: 0.0396 (+/-0.0146) - [test] loss: 0.0356 (+/-0.0085)
2019-07-20 03:56:39,135 INFO - logger - Iter 4000 - time: 30    - [train] loss: 0.031  (+/-0.008 ) - [valid] loss: 0.037  (+/-0.0097) - [test] loss: 0.0427 (+/-0.0114)
2019-07-20 03:57:07,863 INFO - logger - Iter 4100 - time: 28    - [train] loss: 0.0323 (+/-0.0097) - [valid] loss: 0.0388 (+/-0.0144) - [test] loss: 0.0352 (+/-0.0089)
2019-07-20 03:57:36,937 INFO - logger - Iter 4200 - time: 29    - [train] loss: 0.0462 (+/-0.0119) - [valid] loss: 0.0372 (+/-0.0082) - [test] loss: 0.0445 (+/-0.0227)
2019-07-20 03:58:06,008 INFO - logger - Iter 4300 - time: 29    - [train] loss: 0.0272 (+/-0.0085) - [valid] loss: 0.0354 (+/-0.0093) - [test] loss: 0.0394 (+/-0.0134)
2019-07-20 03:58:36,994 INFO - logger - Iter 4400 - time: 30    - [train] loss: 0.0358 (+/-0.0086) - [valid] loss: 0.0241 (+/-0.0047) - [test] loss: 0.0245 (+/-0.0055)
2019-07-20 03:59:08,459 INFO - logger - Iter 4500 - time: 31    - [train] loss: 0.0467 (+/-0.0135) - [valid] loss: 0.0383 (+/-0.0098) - [test] loss: 0.042  (+/-0.011 )
2019-07-20 03:59:36,973 INFO - logger - Iter 4600 - time: 28    - [train] loss: 0.0279 (+/-0.0112) - [valid] loss: 0.0266 (+/-0.0063) - [test] loss: 0.0325 (+/-0.0119)
2019-07-20 04:00:05,752 INFO - logger - Iter 4700 - time: 28    - [train] loss: 0.0513 (+/-0.0187) - [valid] loss: 0.0431 (+/-0.018 ) - [test] loss: 0.0325 (+/-0.0109)
2019-07-20 04:00:34,612 INFO - logger - Iter 4800 - time: 28    - [train] loss: 0.0454 (+/-0.0364) - [valid] loss: 0.0297 (+/-0.008 ) - [test] loss: 0.033  (+/-0.0082)
2019-07-20 04:01:03,896 INFO - logger - Iter 4900 - time: 29    - [train] loss: 0.035  (+/-0.0122) - [valid] loss: 0.0286 (+/-0.0059) - [test] loss: 0.0304 (+/-0.006 )
2019-07-20 04:01:37,036 INFO - logger - Iter 5000 - time: 33    - [train] loss: 0.0293 (+/-0.0092) - [valid] loss: 0.0309 (+/-0.0115) - [test] loss: 0.0264 (+/-0.01  )
2019-07-20 04:02:06,003 INFO - logger - Iter 5100 - time: 28    - [train] loss: 0.0271 (+/-0.0072) - [valid] loss: 0.0296 (+/-0.0111) - [test] loss: 0.0255 (+/-0.0057)
2019-07-20 04:02:34,920 INFO - logger - Iter 5200 - time: 28    - [train] loss: 0.0385 (+/-0.0105) - [valid] loss: 0.0342 (+/-0.0108) - [test] loss: 0.0323 (+/-0.0141)
2019-07-20 04:03:02,966 INFO - logger - Iter 5300 - time: 28    - [train] loss: 0.0345 (+/-0.0084) - [valid] loss: 0.0341 (+/-0.0091) - [test] loss: 0.0387 (+/-0.0159)
2019-07-20 04:03:31,812 INFO - logger - Iter 5400 - time: 28    - [train] loss: 0.0264 (+/-0.0064) - [valid] loss: 0.0281 (+/-0.0093) - [test] loss: 0.0312 (+/-0.0109)
2019-07-20 04:04:03,458 INFO - logger - Iter 5500 - time: 31    - [train] loss: 0.0423 (+/-0.0316) - [valid] loss: 0.0327 (+/-0.017 ) - [test] loss: 0.0237 (+/-0.0051)
2019-07-20 04:04:34,425 INFO - logger - Iter 5600 - time: 30    - [train] loss: 0.0271 (+/-0.0142) - [valid] loss: 0.031  (+/-0.0138) - [test] loss: 0.0535 (+/-0.0266)
2019-07-20 04:05:02,240 INFO - logger - Iter 5700 - time: 27    - [train] loss: 0.0173 (+/-0.0041) - [valid] loss: 0.0416 (+/-0.0203) - [test] loss: 0.0236 (+/-0.0101)
2019-07-20 04:05:31,003 INFO - logger - Iter 5800 - time: 28    - [train] loss: 0.022  (+/-0.0049) - [valid] loss: 0.0268 (+/-0.0078) - [test] loss: 0.0259 (+/-0.0064)
2019-07-20 04:05:59,569 INFO - logger - Iter 5900 - time: 28    - [train] loss: 0.0382 (+/-0.0154) - [valid] loss: 0.0288 (+/-0.0093) - [test] loss: 0.0232 (+/-0.0075)
2019-07-20 04:06:29,597 INFO - logger - Iter 6000 - time: 30    - [train] loss: 0.0317 (+/-0.0083) - [valid] loss: 0.0286 (+/-0.0059) - [test] loss: 0.0335 (+/-0.0091)
2019-07-20 04:07:02,369 INFO - logger - Iter 6100 - time: 32    - [train] loss: 0.0229 (+/-0.0072) - [valid] loss: 0.0257 (+/-0.0053) - [test] loss: 0.034  (+/-0.0138)
2019-07-20 04:07:31,729 INFO - logger - Iter 6200 - time: 29    - [train] loss: 0.0286 (+/-0.0144) - [valid] loss: 0.0263 (+/-0.0075) - [test] loss: 0.016  (+/-0.0032)
2019-07-20 04:07:59,071 INFO - logger - Iter 6300 - time: 27    - [train] loss: 0.0391 (+/-0.0252) - [valid] loss: 0.0215 (+/-0.0066) - [test] loss: 0.023  (+/-0.0049)
2019-07-20 04:08:27,338 INFO - logger - Iter 6400 - time: 28    - [train] loss: 0.0297 (+/-0.012 ) - [valid] loss: 0.0334 (+/-0.0177) - [test] loss: 0.0277 (+/-0.0092)
2019-07-20 04:08:56,826 INFO - logger - Iter 6500 - time: 29    - [train] loss: 0.0242 (+/-0.011 ) - [valid] loss: 0.0281 (+/-0.0091) - [test] loss: 0.036  (+/-0.0146)
2019-07-20 04:09:29,085 INFO - logger - Iter 6600 - time: 32    - [train] loss: 0.0391 (+/-0.0124) - [valid] loss: 0.0235 (+/-0.0062) - [test] loss: 0.0236 (+/-0.0075)
2019-07-20 04:10:00,082 INFO - logger - Iter 6700 - time: 30    - [train] loss: 0.0262 (+/-0.0092) - [valid] loss: 0.032  (+/-0.0202) - [test] loss: 0.0297 (+/-0.0106)
2019-07-20 04:10:27,899 INFO - logger - Iter 6800 - time: 27    - [train] loss: 0.0251 (+/-0.0065) - [valid] loss: 0.0266 (+/-0.0083) - [test] loss: 0.0284 (+/-0.0077)
2019-07-20 04:10:56,719 INFO - logger - Iter 6900 - time: 28    - [train] loss: 0.0313 (+/-0.0081) - [valid] loss: 0.027  (+/-0.0102) - [test] loss: 0.0347 (+/-0.0091)
2019-07-20 04:11:24,912 INFO - logger - Iter 7000 - time: 28    - [train] loss: 0.0259 (+/-0.0074) - [valid] loss: 0.023  (+/-0.0085) - [test] loss: 0.019  (+/-0.0044)
2019-07-20 04:11:55,023 INFO - logger - Iter 7100 - time: 30    - [train] loss: 0.0202 (+/-0.0047) - [valid] loss: 0.0246 (+/-0.008 ) - [test] loss: 0.0224 (+/-0.0077)
2019-07-20 04:12:26,182 INFO - logger - Iter 7200 - time: 31    - [train] loss: 0.0294 (+/-0.0093) - [valid] loss: 0.0296 (+/-0.0099) - [test] loss: 0.0377 (+/-0.02  )
2019-07-20 04:12:55,674 INFO - logger - Iter 7300 - time: 29    - [train] loss: 0.0341 (+/-0.0111) - [valid] loss: 0.0261 (+/-0.0093) - [test] loss: 0.0348 (+/-0.0179)
2019-07-20 04:13:24,197 INFO - logger - Iter 7400 - time: 28    - [train] loss: 0.0329 (+/-0.0199) - [valid] loss: 0.0183 (+/-0.004 ) - [test] loss: 0.0278 (+/-0.01  )
2019-07-20 04:13:51,154 INFO - logger - Iter 7500 - time: 26    - [train] loss: 0.0215 (+/-0.0058) - [valid] loss: 0.0166 (+/-0.0037) - [test] loss: 0.02   (+/-0.0053)
2019-07-20 04:14:21,356 INFO - logger - Iter 7600 - time: 30    - [train] loss: 0.0204 (+/-0.0043) - [valid] loss: 0.0275 (+/-0.0126) - [test] loss: 0.0356 (+/-0.0148)
2019-07-20 04:14:51,673 INFO - logger - Iter 7700 - time: 30    - [train] loss: 0.0252 (+/-0.0091) - [valid] loss: 0.0203 (+/-0.0053) - [test] loss: 0.0226 (+/-0.0063)
2019-07-20 04:15:19,928 INFO - logger - Iter 7800 - time: 28    - [train] loss: 0.0304 (+/-0.0133) - [valid] loss: 0.0212 (+/-0.0054) - [test] loss: 0.0218 (+/-0.0067)
2019-07-20 04:15:48,672 INFO - logger - Iter 7900 - time: 28    - [train] loss: 0.0298 (+/-0.0073) - [valid] loss: 0.0297 (+/-0.0072) - [test] loss: 0.0259 (+/-0.0073)
2019-07-20 04:16:17,497 INFO - logger - Iter 8000 - time: 28    - [train] loss: 0.0142 (+/-0.0026) - [valid] loss: 0.0195 (+/-0.0071) - [test] loss: 0.0175 (+/-0.0046)
2019-07-20 04:16:47,116 INFO - logger - Iter 8100 - time: 29    - [train] loss: 0.0206 (+/-0.0062) - [valid] loss: 0.0169 (+/-0.0055) - [test] loss: 0.0213 (+/-0.0085)
2019-07-20 04:17:16,576 INFO - logger - Iter 8200 - time: 29    - [train] loss: 0.0225 (+/-0.0105) - [valid] loss: 0.0193 (+/-0.0069) - [test] loss: 0.0241 (+/-0.0076)
2019-07-20 04:17:46,104 INFO - logger - Iter 8300 - time: 29    - [train] loss: 0.0194 (+/-0.0062) - [valid] loss: 0.0181 (+/-0.0038) - [test] loss: 0.0209 (+/-0.0055)
2019-07-20 04:18:14,078 INFO - logger - Iter 8400 - time: 27    - [train] loss: 0.0415 (+/-0.0134) - [valid] loss: 0.0323 (+/-0.0087) - [test] loss: 0.0326 (+/-0.0071)
2019-07-20 04:18:42,876 INFO - logger - Iter 8500 - time: 28    - [train] loss: 0.0269 (+/-0.0081) - [valid] loss: 0.0424 (+/-0.0296) - [test] loss: 0.0192 (+/-0.0044)
2019-07-20 04:19:12,323 INFO - logger - Iter 8600 - time: 29    - [train] loss: 0.0257 (+/-0.0197) - [valid] loss: 0.0249 (+/-0.0065) - [test] loss: 0.0157 (+/-0.0031)
2019-07-20 04:19:42,099 INFO - logger - Iter 8700 - time: 29    - [train] loss: 0.0208 (+/-0.0048) - [valid] loss: 0.0198 (+/-0.0051) - [test] loss: 0.0274 (+/-0.0087)
2019-07-20 04:20:11,855 INFO - logger - Iter 8800 - time: 29    - [train] loss: 0.0196 (+/-0.0058) - [valid] loss: 0.0233 (+/-0.0072) - [test] loss: 0.0219 (+/-0.0104)
2019-07-20 04:20:40,909 INFO - logger - Iter 8900 - time: 29    - [train] loss: 0.0217 (+/-0.0113) - [valid] loss: 0.0164 (+/-0.0046) - [test] loss: 0.0169 (+/-0.0063)
2019-07-20 04:21:09,886 INFO - logger - Iter 9000 - time: 28    - [train] loss: 0.0171 (+/-0.0058) - [valid] loss: 0.0198 (+/-0.0079) - [test] loss: 0.0187 (+/-0.0062)
2019-07-20 04:21:38,867 INFO - logger - Iter 9100 - time: 28    - [train] loss: 0.0243 (+/-0.0091) - [valid] loss: 0.0161 (+/-0.0041) - [test] loss: 0.0247 (+/-0.0122)
2019-07-20 04:22:09,732 INFO - logger - Iter 9200 - time: 30    - [train] loss: 0.0252 (+/-0.0144) - [valid] loss: 0.0171 (+/-0.0031) - [test] loss: 0.0266 (+/-0.0082)
2019-07-20 04:22:39,618 INFO - logger - Iter 9300 - time: 29    - [train] loss: 0.0833 (+/-0.1068) - [valid] loss: 0.0179 (+/-0.0042) - [test] loss: 0.0221 (+/-0.0076)
2019-07-20 04:23:09,866 INFO - logger - Iter 9400 - time: 30    - [train] loss: 0.0178 (+/-0.0035) - [valid] loss: 0.0177 (+/-0.0037) - [test] loss: 0.0259 (+/-0.0072)
2019-07-20 04:23:39,491 INFO - logger - Iter 9500 - time: 29    - [train] loss: 0.0179 (+/-0.0042) - [valid] loss: 0.0243 (+/-0.0097) - [test] loss: 0.0279 (+/-0.0107)
2019-07-20 04:24:08,321 INFO - logger - Iter 9600 - time: 28    - [train] loss: 0.0232 (+/-0.0064) - [valid] loss: 0.0271 (+/-0.0067) - [test] loss: 0.0288 (+/-0.0129)
2019-07-20 04:24:37,441 INFO - logger - Iter 9700 - time: 29    - [train] loss: 0.0198 (+/-0.0077) - [valid] loss: 0.0293 (+/-0.013 ) - [test] loss: 0.0285 (+/-0.0108)
2019-07-20 04:25:06,757 INFO - logger - Iter 9800 - time: 29    - [train] loss: 0.0159 (+/-0.0034) - [valid] loss: 0.0188 (+/-0.0049) - [test] loss: 0.0216 (+/-0.0077)
2019-07-20 04:25:34,945 INFO - logger - Iter 9900 - time: 28    - [train] loss: 0.0177 (+/-0.0045) - [valid] loss: 0.0257 (+/-0.0132) - [test] loss: 0.0143 (+/-0.0034)
2019-07-20 04:26:04,421 INFO - logger - Iter 10000 - time: 29    - [train] loss: 0.0216 (+/-0.0061) - [valid] loss: 0.022  (+/-0.01  ) - [test] loss: 0.0243 (+/-0.008 )
2019-07-20 04:26:32,383 INFO - logger - Iter 10100 - time: 27    - [train] loss: 0.0172 (+/-0.0039) - [valid] loss: 0.022  (+/-0.0075) - [test] loss: 0.0177 (+/-0.0052)
2019-07-20 04:27:01,155 INFO - logger - Iter 10200 - time: 28    - [train] loss: 0.0174 (+/-0.0031) - [valid] loss: 0.0185 (+/-0.0047) - [test] loss: 0.0235 (+/-0.0046)
2019-07-20 04:27:30,124 INFO - logger - Iter 10300 - time: 28    - [train] loss: 0.0311 (+/-0.0164) - [valid] loss: 0.021  (+/-0.0064) - [test] loss: 0.0414 (+/-0.0424)
2019-07-20 04:27:58,361 INFO - logger - Iter 10400 - time: 28    - [train] loss: 0.0253 (+/-0.0132) - [valid] loss: 0.0142 (+/-0.0035) - [test] loss: 0.0162 (+/-0.0059)
2019-07-20 04:28:29,251 INFO - logger - Iter 10500 - time: 30    - [train] loss: 0.0371 (+/-0.0203) - [valid] loss: 0.0153 (+/-0.0039) - [test] loss: 0.0287 (+/-0.0125)
2019-07-20 04:28:56,844 INFO - logger - Iter 10600 - time: 27    - [train] loss: 0.0153 (+/-0.0041) - [valid] loss: 0.0201 (+/-0.005 ) - [test] loss: 0.0182 (+/-0.0054)
2019-07-20 04:29:25,762 INFO - logger - Iter 10700 - time: 28    - [train] loss: 0.0235 (+/-0.0149) - [valid] loss: 0.0179 (+/-0.0052) - [test] loss: 0.0235 (+/-0.0086)
2019-07-20 04:29:53,931 INFO - logger - Iter 10800 - time: 28    - [train] loss: 0.0297 (+/-0.0235) - [valid] loss: 0.0194 (+/-0.0073) - [test] loss: 0.0195 (+/-0.0057)
2019-07-20 04:30:23,493 INFO - logger - Iter 10900 - time: 29    - [train] loss: 0.0199 (+/-0.0073) - [valid] loss: 0.0195 (+/-0.0069) - [test] loss: 0.0207 (+/-0.0054)
2019-07-20 04:30:54,157 INFO - logger - Iter 11000 - time: 30    - [train] loss: 0.0184 (+/-0.0056) - [valid] loss: 0.0175 (+/-0.0042) - [test] loss: 0.02   (+/-0.0059)
2019-07-20 04:31:22,584 INFO - logger - Iter 11100 - time: 28    - [train] loss: 0.0165 (+/-0.0047) - [valid] loss: 0.0328 (+/-0.0166) - [test] loss: 0.0221 (+/-0.016 )
2019-07-20 04:31:51,240 INFO - logger - Iter 11200 - time: 28    - [train] loss: 0.0148 (+/-0.003 ) - [valid] loss: 0.0186 (+/-0.0045) - [test] loss: 0.0203 (+/-0.0062)
2019-07-20 04:32:19,455 INFO - logger - Iter 11300 - time: 28    - [train] loss: 0.0182 (+/-0.0043) - [valid] loss: 0.015  (+/-0.0032) - [test] loss: 0.0197 (+/-0.0065)
2019-07-20 04:32:48,497 INFO - logger - Iter 11400 - time: 29    - [train] loss: 0.0188 (+/-0.0076) - [valid] loss: 0.0293 (+/-0.0182) - [test] loss: 0.0161 (+/-0.0045)
2019-07-20 04:33:18,615 INFO - logger - Iter 11500 - time: 30    - [train] loss: 0.0178 (+/-0.0061) - [valid] loss: 0.0183 (+/-0.0053) - [test] loss: 0.0255 (+/-0.0148)
2019-07-20 04:33:48,760 INFO - logger - Iter 11600 - time: 30    - [train] loss: 0.017  (+/-0.005 ) - [valid] loss: 0.0146 (+/-0.0038) - [test] loss: 0.0203 (+/-0.0071)
2019-07-20 04:34:16,478 INFO - logger - Iter 11700 - time: 27    - [train] loss: 0.015  (+/-0.0035) - [valid] loss: 0.0162 (+/-0.0047) - [test] loss: 0.0468 (+/-0.0529)
2019-07-20 04:34:47,435 INFO - logger - Iter 11800 - time: 30    - [train] loss: 0.0211 (+/-0.0064) - [valid] loss: 0.0317 (+/-0.0207) - [test] loss: 0.0146 (+/-0.0034)
2019-07-20 04:35:17,036 INFO - logger - Iter 11900 - time: 29    - [train] loss: 0.0159 (+/-0.0034) - [valid] loss: 0.0186 (+/-0.0053) - [test] loss: 0.024  (+/-0.0077)
2019-07-20 04:35:47,009 INFO - logger - Iter 12000 - time: 29    - [train] loss: 0.0278 (+/-0.0231) - [valid] loss: 0.019  (+/-0.0054) - [test] loss: 0.0183 (+/-0.0049)
2019-07-20 04:36:18,972 INFO - logger - Iter 12100 - time: 31    - [train] loss: 0.023  (+/-0.0113) - [valid] loss: 0.0183 (+/-0.0055) - [test] loss: 0.0177 (+/-0.0041)
2019-07-20 04:36:49,145 INFO - logger - Iter 12200 - time: 30    - [train] loss: 0.0141 (+/-0.0057) - [valid] loss: 0.0194 (+/-0.0063) - [test] loss: 0.022  (+/-0.0104)
2019-07-20 04:37:17,065 INFO - logger - Iter 12300 - time: 27    - [train] loss: 0.0317 (+/-0.021 ) - [valid] loss: 0.0277 (+/-0.008 ) - [test] loss: 0.0302 (+/-0.0125)
2019-07-20 04:37:47,819 INFO - logger - Iter 12400 - time: 30    - [train] loss: 0.0227 (+/-0.0062) - [valid] loss: 0.0316 (+/-0.0216) - [test] loss: 0.0173 (+/-0.0032)
2019-07-20 04:38:17,490 INFO - logger - Iter 12500 - time: 29    - [train] loss: 0.0159 (+/-0.0059) - [valid] loss: 0.0177 (+/-0.0044) - [test] loss: 0.0115 (+/-0.0026)
2019-07-20 04:38:48,522 INFO - logger - Iter 12600 - time: 31    - [train] loss: 0.0188 (+/-0.0041) - [valid] loss: 0.0175 (+/-0.005 ) - [test] loss: 0.0241 (+/-0.0074)
2019-07-20 04:39:19,298 INFO - logger - Iter 12700 - time: 30    - [train] loss: 0.0212 (+/-0.0084) - [valid] loss: 0.0216 (+/-0.0068) - [test] loss: 0.0374 (+/-0.0274)
2019-07-20 04:39:48,228 INFO - logger - Iter 12800 - time: 28    - [train] loss: 0.0132 (+/-0.0026) - [valid] loss: 0.0205 (+/-0.0121) - [test] loss: 0.0171 (+/-0.0055)
2019-07-20 04:40:18,261 INFO - logger - Iter 12900 - time: 30    - [train] loss: 0.014  (+/-0.0034) - [valid] loss: 0.0336 (+/-0.0345) - [test] loss: 0.0138 (+/-0.0036)
2019-07-20 04:40:47,371 INFO - logger - Iter 13000 - time: 29    - [train] loss: 0.018  (+/-0.0046) - [valid] loss: 0.0208 (+/-0.0077) - [test] loss: 0.0158 (+/-0.0042)
2019-07-20 04:41:15,937 INFO - logger - Iter 13100 - time: 28    - [train] loss: 0.0202 (+/-0.0084) - [valid] loss: 0.0161 (+/-0.0053) - [test] loss: 0.0212 (+/-0.012 )
2019-07-20 04:41:47,808 INFO - logger - Iter 13200 - time: 31    - [train] loss: 0.0201 (+/-0.0093) - [valid] loss: 0.0202 (+/-0.0068) - [test] loss: 0.0155 (+/-0.0086)
2019-07-20 04:42:17,467 INFO - logger - Iter 13300 - time: 29    - [train] loss: 0.0155 (+/-0.0037) - [valid] loss: 0.017  (+/-0.0059) - [test] loss: 0.0154 (+/-0.0042)
2019-07-20 04:42:45,867 INFO - logger - Iter 13400 - time: 28    - [train] loss: 0.0234 (+/-0.0103) - [valid] loss: 0.0138 (+/-0.0038) - [test] loss: 0.0312 (+/-0.0143)
2019-07-20 04:43:15,152 INFO - logger - Iter 13500 - time: 29    - [train] loss: 0.0217 (+/-0.0084) - [valid] loss: 0.0195 (+/-0.0062) - [test] loss: 0.0211 (+/-0.0097)
2019-07-20 04:43:43,481 INFO - logger - Iter 13600 - time: 28    - [train] loss: 0.0148 (+/-0.0043) - [valid] loss: 0.015  (+/-0.0039) - [test] loss: 0.0173 (+/-0.0046)
2019-07-20 04:44:12,968 INFO - logger - Iter 13700 - time: 29    - [train] loss: 0.0259 (+/-0.009 ) - [valid] loss: 0.0343 (+/-0.0172) - [test] loss: 0.0256 (+/-0.007 )
2019-07-20 04:44:44,232 INFO - logger - Iter 13800 - time: 31    - [train] loss: 0.0237 (+/-0.0107) - [valid] loss: 0.0195 (+/-0.006 ) - [test] loss: 0.0183 (+/-0.0036)
2019-07-20 04:45:14,579 INFO - logger - Iter 13900 - time: 30    - [train] loss: 0.0329 (+/-0.0275) - [valid] loss: 0.0133 (+/-0.0033) - [test] loss: 0.0141 (+/-0.004 )
2019-07-20 04:45:44,896 INFO - logger - Iter 14000 - time: 30    - [train] loss: 0.0197 (+/-0.0104) - [valid] loss: 0.0158 (+/-0.0041) - [test] loss: 0.0218 (+/-0.0112)
2019-07-20 04:46:13,709 INFO - logger - Iter 14100 - time: 28    - [train] loss: 0.0195 (+/-0.007 ) - [valid] loss: 0.0185 (+/-0.0048) - [test] loss: 0.0183 (+/-0.0056)
2019-07-20 04:46:42,285 INFO - logger - Iter 14200 - time: 28    - [train] loss: 0.0299 (+/-0.0225) - [valid] loss: 0.0188 (+/-0.0065) - [test] loss: 0.0189 (+/-0.0073)
2019-07-20 04:47:12,561 INFO - logger - Iter 14300 - time: 30    - [train] loss: 0.0139 (+/-0.0038) - [valid] loss: 0.0264 (+/-0.0217) - [test] loss: 0.0118 (+/-0.0022)
2019-07-20 04:47:42,880 INFO - logger - Iter 14400 - time: 30    - [train] loss: 0.0208 (+/-0.0066) - [valid] loss: 0.0121 (+/-0.0023) - [test] loss: 0.0124 (+/-0.0032)
2019-07-20 04:48:13,126 INFO - logger - Iter 14500 - time: 30    - [train] loss: 0.0158 (+/-0.0032) - [valid] loss: 0.0155 (+/-0.0069) - [test] loss: 0.018  (+/-0.0056)
2019-07-20 04:48:43,622 INFO - logger - Iter 14600 - time: 30    - [train] loss: 0.0227 (+/-0.0075) - [valid] loss: 0.0179 (+/-0.0114) - [test] loss: 0.0197 (+/-0.0071)
2019-07-20 04:49:12,721 INFO - logger - Iter 14700 - time: 29    - [train] loss: 0.0143 (+/-0.0059) - [valid] loss: 0.0121 (+/-0.0055) - [test] loss: 0.0118 (+/-0.0029)
2019-07-20 04:49:39,935 INFO - logger - Iter 14800 - time: 27    - [train] loss: 0.0159 (+/-0.0042) - [valid] loss: 0.0125 (+/-0.0027) - [test] loss: 0.014  (+/-0.0031)
2019-07-20 04:50:09,662 INFO - logger - Iter 14900 - time: 29    - [train] loss: 0.0195 (+/-0.0076) - [valid] loss: 0.0167 (+/-0.0064) - [test] loss: 0.0259 (+/-0.0112)
2019-07-20 04:50:38,566 INFO - logger - Iter 15000 - time: 28    - [train] loss: 0.0159 (+/-0.0052) - [valid] loss: 0.0137 (+/-0.0039) - [test] loss: 0.017  (+/-0.0071)
2019-07-20 04:51:07,582 INFO - logger - Iter 15100 - time: 29    - [train] loss: 0.0111 (+/-0.0027) - [valid] loss: 0.0158 (+/-0.0065) - [test] loss: 0.0248 (+/-0.0133)
2019-07-20 04:51:37,240 INFO - logger - Iter 15200 - time: 29    - [train] loss: 0.0156 (+/-0.0046) - [valid] loss: 0.0187 (+/-0.0083) - [test] loss: 0.0138 (+/-0.0035)
2019-07-20 04:52:06,592 INFO - logger - Iter 15300 - time: 29    - [train] loss: 0.0205 (+/-0.0071) - [valid] loss: 0.0185 (+/-0.0074) - [test] loss: 0.0146 (+/-0.0059)
2019-07-20 04:52:36,066 INFO - logger - Iter 15400 - time: 29    - [train] loss: 0.0209 (+/-0.013 ) - [valid] loss: 0.0131 (+/-0.0041) - [test] loss: 0.016  (+/-0.0058)
2019-07-20 04:53:04,943 INFO - logger - Iter 15500 - time: 28    - [train] loss: 0.0226 (+/-0.0154) - [valid] loss: 0.016  (+/-0.0057) - [test] loss: 0.0261 (+/-0.0149)
2019-07-20 04:53:33,457 INFO - logger - Iter 15600 - time: 28    - [train] loss: 0.016  (+/-0.0044) - [valid] loss: 0.0265 (+/-0.0236) - [test] loss: 0.0141 (+/-0.0036)
2019-07-20 04:54:01,649 INFO - logger - Iter 15700 - time: 28    - [train] loss: 0.0136 (+/-0.0044) - [valid] loss: 0.0134 (+/-0.003 ) - [test] loss: 0.0121 (+/-0.0033)
2019-07-20 04:54:29,429 INFO - logger - Iter 15800 - time: 27    - [train] loss: 0.0165 (+/-0.0039) - [valid] loss: 0.0194 (+/-0.0057) - [test] loss: 0.016  (+/-0.0043)
2019-07-20 04:54:58,210 INFO - logger - Iter 15900 - time: 28    - [train] loss: 0.0233 (+/-0.007 ) - [valid] loss: 0.0181 (+/-0.0041) - [test] loss: 0.0417 (+/-0.0393)
2019-07-20 04:55:28,395 INFO - logger - Iter 16000 - time: 30    - [train] loss: 0.0195 (+/-0.008 ) - [valid] loss: 0.0145 (+/-0.0042) - [test] loss: 0.0208 (+/-0.0151)
2019-07-20 04:55:57,774 INFO - logger - Iter 16100 - time: 29    - [train] loss: 0.0151 (+/-0.0039) - [valid] loss: 0.014  (+/-0.0035) - [test] loss: 0.0164 (+/-0.0052)
2019-07-20 04:56:26,855 INFO - logger - Iter 16200 - time: 29    - [train] loss: 0.0212 (+/-0.0143) - [valid] loss: 0.0126 (+/-0.0032) - [test] loss: 0.0135 (+/-0.0031)
2019-07-20 04:56:54,689 INFO - logger - Iter 16300 - time: 27    - [train] loss: 0.0114 (+/-0.0023) - [valid] loss: 0.0177 (+/-0.006 ) - [test] loss: 0.0212 (+/-0.0075)
2019-07-20 04:57:23,175 INFO - logger - Iter 16400 - time: 28    - [train] loss: 0.0141 (+/-0.0045) - [valid] loss: 0.0121 (+/-0.0025) - [test] loss: 0.0113 (+/-0.0025)
2019-07-20 04:57:52,070 INFO - logger - Iter 16500 - time: 28    - [train] loss: 0.0181 (+/-0.008 ) - [valid] loss: 0.0256 (+/-0.0167) - [test] loss: 0.0172 (+/-0.0086)
2019-07-20 04:58:21,590 INFO - logger - Iter 16600 - time: 29    - [train] loss: 0.0201 (+/-0.0108) - [valid] loss: 0.0107 (+/-0.0024) - [test] loss: 0.0109 (+/-0.0021)
2019-07-20 04:58:51,748 INFO - logger - Iter 16700 - time: 30    - [train] loss: 0.016  (+/-0.0055) - [valid] loss: 0.0241 (+/-0.0137) - [test] loss: 0.0172 (+/-0.0052)
2019-07-20 04:59:20,187 INFO - logger - Iter 16800 - time: 28    - [train] loss: 0.0182 (+/-0.004 ) - [valid] loss: 0.0217 (+/-0.0061) - [test] loss: 0.029  (+/-0.0187)
2019-07-20 04:59:49,251 INFO - logger - Iter 16900 - time: 29    - [train] loss: 0.0201 (+/-0.0093) - [valid] loss: 0.0159 (+/-0.005 ) - [test] loss: 0.0128 (+/-0.0028)
2019-07-20 05:00:18,141 INFO - logger - Iter 17000 - time: 28    - [train] loss: 0.016  (+/-0.0067) - [valid] loss: 0.0231 (+/-0.008 ) - [test] loss: 0.0126 (+/-0.0025)
2019-07-20 05:00:46,791 INFO - logger - Iter 17100 - time: 28    - [train] loss: 0.0259 (+/-0.0158) - [valid] loss: 0.0221 (+/-0.0123) - [test] loss: 0.0167 (+/-0.0101)
2019-07-20 05:01:17,027 INFO - logger - Iter 17200 - time: 30    - [train] loss: 0.0153 (+/-0.0041) - [valid] loss: 0.0141 (+/-0.0035) - [test] loss: 0.0229 (+/-0.0077)
2019-07-20 05:01:45,937 INFO - logger - Iter 17300 - time: 28    - [train] loss: 0.0167 (+/-0.0059) - [valid] loss: 0.0149 (+/-0.0053) - [test] loss: 0.0198 (+/-0.0069)
2019-07-20 05:02:14,966 INFO - logger - Iter 17400 - time: 29    - [train] loss: 0.014  (+/-0.0041) - [valid] loss: 0.0536 (+/-0.0755) - [test] loss: 0.0184 (+/-0.0065)
2019-07-20 05:02:43,207 INFO - logger - Iter 17500 - time: 28    - [train] loss: 0.0163 (+/-0.0057) - [valid] loss: 0.0127 (+/-0.0033) - [test] loss: 0.0177 (+/-0.0049)
2019-07-20 05:03:12,040 INFO - logger - Iter 17600 - time: 28    - [train] loss: 0.0162 (+/-0.0071) - [valid] loss: 0.0144 (+/-0.004 ) - [test] loss: 0.018  (+/-0.0073)
2019-07-20 05:03:42,063 INFO - logger - Iter 17700 - time: 30    - [train] loss: 0.015  (+/-0.0041) - [valid] loss: 0.013  (+/-0.0032) - [test] loss: 0.0113 (+/-0.003 )
2019-07-20 05:04:10,282 INFO - logger - Iter 17800 - time: 28    - [train] loss: 0.0149 (+/-0.0059) - [valid] loss: 0.0339 (+/-0.0287) - [test] loss: 0.0153 (+/-0.0104)
2019-07-20 05:04:39,098 INFO - logger - Iter 17900 - time: 28    - [train] loss: 0.0155 (+/-0.0049) - [valid] loss: 0.0102 (+/-0.0033) - [test] loss: 0.0331 (+/-0.0375)
2019-07-20 05:05:07,007 INFO - logger - Iter 18000 - time: 27    - [train] loss: 0.0181 (+/-0.0076) - [valid] loss: 0.0216 (+/-0.0122) - [test] loss: 0.0132 (+/-0.0035)
2019-07-20 05:05:36,200 INFO - logger - Iter 18100 - time: 29    - [train] loss: 0.0168 (+/-0.0046) - [valid] loss: 0.0164 (+/-0.0084) - [test] loss: 0.0161 (+/-0.0094)
2019-07-20 05:06:05,648 INFO - logger - Iter 18200 - time: 29    - [train] loss: 0.0179 (+/-0.0041) - [valid] loss: 0.0175 (+/-0.003 ) - [test] loss: 0.0237 (+/-0.0106)
2019-07-20 05:06:35,595 INFO - logger - Iter 18300 - time: 29    - [train] loss: 0.0164 (+/-0.0046) - [valid] loss: 0.0128 (+/-0.0056) - [test] loss: 0.0118 (+/-0.003 )
2019-07-20 05:07:03,139 INFO - logger - Iter 18400 - time: 27    - [train] loss: 0.0121 (+/-0.0021) - [valid] loss: 0.0154 (+/-0.0082) - [test] loss: 0.0168 (+/-0.0076)
2019-07-20 05:07:31,395 INFO - logger - Iter 18500 - time: 28    - [train] loss: 0.0148 (+/-0.0047) - [valid] loss: 0.0138 (+/-0.0044) - [test] loss: 0.0124 (+/-0.0035)
2019-07-20 05:08:00,068 INFO - logger - Iter 18600 - time: 28    - [train] loss: 0.0172 (+/-0.0071) - [valid] loss: 0.0301 (+/-0.0294) - [test] loss: 0.0116 (+/-0.0033)
2019-07-20 05:08:30,775 INFO - logger - Iter 18700 - time: 30    - [train] loss: 0.0121 (+/-0.0031) - [valid] loss: 0.0152 (+/-0.0038) - [test] loss: 0.0164 (+/-0.0063)
2019-07-20 05:09:01,760 INFO - logger - Iter 18800 - time: 30    - [train] loss: 0.0231 (+/-0.0136) - [valid] loss: 0.0138 (+/-0.0041) - [test] loss: 0.0175 (+/-0.0083)
2019-07-20 05:09:31,179 INFO - logger - Iter 18900 - time: 29    - [train] loss: 0.0187 (+/-0.0052) - [valid] loss: 0.0168 (+/-0.0051) - [test] loss: 0.0136 (+/-0.0029)
2019-07-20 05:09:59,427 INFO - logger - Iter 19000 - time: 28    - [train] loss: 0.0189 (+/-0.0039) - [valid] loss: 0.0318 (+/-0.0147) - [test] loss: 0.0223 (+/-0.0047)
2019-07-20 05:10:27,728 INFO - logger - Iter 19100 - time: 28    - [train] loss: 0.0168 (+/-0.0048) - [valid] loss: 0.0154 (+/-0.0058) - [test] loss: 0.0161 (+/-0.0053)
2019-07-20 05:10:56,448 INFO - logger - Iter 19200 - time: 28    - [train] loss: 0.017  (+/-0.0058) - [valid] loss: 0.0136 (+/-0.0038) - [test] loss: 0.0151 (+/-0.0044)
2019-07-20 05:11:26,382 INFO - logger - Iter 19300 - time: 29    - [train] loss: 0.0211 (+/-0.0114) - [valid] loss: 0.0149 (+/-0.0051) - [test] loss: 0.0229 (+/-0.0094)
2019-07-20 05:11:56,899 INFO - logger - Iter 19400 - time: 30    - [train] loss: 0.0243 (+/-0.0258) - [valid] loss: 0.0091 (+/-0.0019) - [test] loss: 0.0209 (+/-0.0107)
2019-07-20 05:12:25,968 INFO - logger - Iter 19500 - time: 29    - [train] loss: 0.0095 (+/-0.0024) - [valid] loss: 0.0119 (+/-0.0033) - [test] loss: 0.0173 (+/-0.011 )
2019-07-20 05:12:53,957 INFO - logger - Iter 19600 - time: 27    - [train] loss: 0.0149 (+/-0.0033) - [valid] loss: 0.0159 (+/-0.0046) - [test] loss: 0.0148 (+/-0.0031)
2019-07-20 05:13:22,698 INFO - logger - Iter 19700 - time: 28    - [train] loss: 0.0167 (+/-0.0044) - [valid] loss: 0.0246 (+/-0.0129) - [test] loss: 0.0179 (+/-0.0117)
2019-07-20 05:13:51,346 INFO - logger - Iter 19800 - time: 28    - [train] loss: 0.0151 (+/-0.0055) - [valid] loss: 0.0134 (+/-0.0062) - [test] loss: 0.0194 (+/-0.0114)
2019-07-20 05:14:22,958 INFO - logger - Iter 19900 - time: 31    - [train] loss: 0.0187 (+/-0.0078) - [valid] loss: 0.0128 (+/-0.0043) - [test] loss: 0.0204 (+/-0.0163)
2019-07-20 05:14:54,247 INFO - logger - Iter 20000 - time: 31    - [train] loss: 0.0111 (+/-0.0023) - [valid] loss: 0.0172 (+/-0.0069) - [test] loss: 0.0138 (+/-0.0048)
2019-07-20 05:15:24,918 INFO - logger - Iter 20100 - time: 30    - [train] loss: 0.0157 (+/-0.0057) - [valid] loss: 0.0133 (+/-0.0027) - [test] loss: 0.0169 (+/-0.0039)
2019-07-20 05:15:55,596 INFO - logger - Iter 20200 - time: 30    - [train] loss: 0.0152 (+/-0.0032) - [valid] loss: 0.024  (+/-0.0114) - [test] loss: 0.0331 (+/-0.021 )
2019-07-20 05:16:25,703 INFO - logger - Iter 20300 - time: 30    - [train] loss: 0.0146 (+/-0.0033) - [valid] loss: 0.0203 (+/-0.0118) - [test] loss: 0.0132 (+/-0.0026)
2019-07-20 05:16:55,717 INFO - logger - Iter 20400 - time: 30    - [train] loss: 0.0132 (+/-0.003 ) - [valid] loss: 0.0161 (+/-0.0036) - [test] loss: 0.0309 (+/-0.0157)
2019-07-20 05:17:29,370 INFO - logger - Iter 20500 - time: 33    - [train] loss: 0.0148 (+/-0.0054) - [valid] loss: 0.0122 (+/-0.0023) - [test] loss: 0.0175 (+/-0.0049)
2019-07-20 05:18:01,456 INFO - logger - Iter 20600 - time: 32    - [train] loss: 0.016  (+/-0.0054) - [valid] loss: 0.0143 (+/-0.0053) - [test] loss: 0.0178 (+/-0.0088)
2019-07-20 05:18:32,527 INFO - logger - Iter 20700 - time: 31    - [train] loss: 0.0151 (+/-0.0055) - [valid] loss: 0.0239 (+/-0.023 ) - [test] loss: 0.0138 (+/-0.0038)
2019-07-20 05:19:02,987 INFO - logger - Iter 20800 - time: 30    - [train] loss: 0.0165 (+/-0.0053) - [valid] loss: 0.0127 (+/-0.0037) - [test] loss: 0.011  (+/-0.0019)
2019-07-20 05:19:33,254 INFO - logger - Iter 20900 - time: 30    - [train] loss: 0.018  (+/-0.0132) - [valid] loss: 0.0118 (+/-0.0029) - [test] loss: 0.0176 (+/-0.009 )
2019-07-20 05:20:04,271 INFO - logger - Iter 21000 - time: 31    - [train] loss: 0.0136 (+/-0.0044) - [valid] loss: 0.0124 (+/-0.0033) - [test] loss: 0.0183 (+/-0.0081)
2019-07-20 05:20:37,229 INFO - logger - Iter 21100 - time: 32    - [train] loss: 0.0221 (+/-0.0134) - [valid] loss: 0.0156 (+/-0.0046) - [test] loss: 0.0144 (+/-0.003 )
2019-07-20 05:21:08,146 INFO - logger - Iter 21200 - time: 30    - [train] loss: 0.0135 (+/-0.005 ) - [valid] loss: 0.0197 (+/-0.0166) - [test] loss: 0.0168 (+/-0.0111)
2019-07-20 05:21:39,466 INFO - logger - Iter 21300 - time: 31    - [train] loss: 0.0143 (+/-0.004 ) - [valid] loss: 0.0406 (+/-0.0425) - [test] loss: 0.0227 (+/-0.0138)
2019-07-20 05:22:10,005 INFO - logger - Iter 21400 - time: 30    - [train] loss: 0.0114 (+/-0.0025) - [valid] loss: 0.0153 (+/-0.0054) - [test] loss: 0.0116 (+/-0.0038)
2019-07-20 05:22:40,059 INFO - logger - Iter 21500 - time: 30    - [train] loss: 0.0186 (+/-0.0096) - [valid] loss: 0.0154 (+/-0.0043) - [test] loss: 0.0138 (+/-0.0037)
2019-07-20 05:23:10,965 INFO - logger - Iter 21600 - time: 30    - [train] loss: 0.0169 (+/-0.0082) - [valid] loss: 0.0093 (+/-0.0017) - [test] loss: 0.0123 (+/-0.0034)
2019-07-20 05:23:41,833 INFO - logger - Iter 21700 - time: 30    - [train] loss: 0.0226 (+/-0.0197) - [valid] loss: 0.0156 (+/-0.0081) - [test] loss: 0.0166 (+/-0.0087)
2019-07-20 05:24:14,851 INFO - logger - Iter 21800 - time: 33    - [train] loss: 0.0191 (+/-0.0078) - [valid] loss: 0.0236 (+/-0.0123) - [test] loss: 0.0167 (+/-0.0051)
2019-07-20 05:24:47,299 INFO - logger - Iter 21900 - time: 32    - [train] loss: 0.0087 (+/-0.002 ) - [valid] loss: 0.012  (+/-0.0034) - [test] loss: 0.0191 (+/-0.0079)
2019-07-20 05:25:18,088 INFO - logger - Iter 22000 - time: 30    - [train] loss: 0.0121 (+/-0.0031) - [valid] loss: 0.0134 (+/-0.0035) - [test] loss: 0.0131 (+/-0.0043)
2019-07-20 05:25:48,652 INFO - logger - Iter 22100 - time: 30    - [train] loss: 0.0124 (+/-0.0046) - [valid] loss: 0.0205 (+/-0.0127) - [test] loss: 0.0114 (+/-0.003 )
2019-07-20 05:26:18,709 INFO - logger - Iter 22200 - time: 30    - [train] loss: 0.0137 (+/-0.0035) - [valid] loss: 0.0167 (+/-0.0059) - [test] loss: 0.0213 (+/-0.0099)
2019-07-20 05:26:49,529 INFO - logger - Iter 22300 - time: 30    - [train] loss: 0.0111 (+/-0.0035) - [valid] loss: 0.0169 (+/-0.0084) - [test] loss: 0.0153 (+/-0.0059)
2019-07-20 05:27:21,730 INFO - logger - Iter 22400 - time: 32    - [train] loss: 0.0256 (+/-0.0088) - [valid] loss: 0.0211 (+/-0.0057) - [test] loss: 0.0243 (+/-0.0092)
2019-07-20 05:27:52,579 INFO - logger - Iter 22500 - time: 30    - [train] loss: 0.0118 (+/-0.0024) - [valid] loss: 0.0172 (+/-0.0086) - [test] loss: 0.0155 (+/-0.005 )
2019-07-20 05:28:23,583 INFO - logger - Iter 22600 - time: 31    - [train] loss: 0.0137 (+/-0.005 ) - [valid] loss: 0.0104 (+/-0.0022) - [test] loss: 0.0155 (+/-0.0053)
2019-07-20 05:28:54,619 INFO - logger - Iter 22700 - time: 31    - [train] loss: 0.0336 (+/-0.0262) - [valid] loss: 0.0188 (+/-0.0103) - [test] loss: 0.0127 (+/-0.004 )
2019-07-20 05:29:24,436 INFO - logger - Iter 22800 - time: 29    - [train] loss: 0.0123 (+/-0.0043) - [valid] loss: 0.0125 (+/-0.0027) - [test] loss: 0.0147 (+/-0.0045)
2019-07-20 05:29:55,918 INFO - logger - Iter 22900 - time: 31    - [train] loss: 0.0131 (+/-0.0035) - [valid] loss: 0.0129 (+/-0.003 ) - [test] loss: 0.0115 (+/-0.0034)
2019-07-20 05:30:27,722 INFO - logger - Iter 23000 - time: 31    - [train] loss: 0.0162 (+/-0.0046) - [valid] loss: 0.0254 (+/-0.0169) - [test] loss: 0.0173 (+/-0.0056)
2019-07-20 05:30:58,073 INFO - logger - Iter 23100 - time: 30    - [train] loss: 0.0185 (+/-0.0097) - [valid] loss: 0.0199 (+/-0.0095) - [test] loss: 0.0236 (+/-0.0107)
2019-07-20 05:31:29,034 INFO - logger - Iter 23200 - time: 30    - [train] loss: 0.0099 (+/-0.002 ) - [valid] loss: 0.0095 (+/-0.0021) - [test] loss: 0.0205 (+/-0.0143)
2019-07-20 05:31:59,573 INFO - logger - Iter 23300 - time: 30    - [train] loss: 0.0115 (+/-0.005 ) - [valid] loss: 0.0134 (+/-0.0052) - [test] loss: 0.0092 (+/-0.0026)
2019-07-20 05:32:29,945 INFO - logger - Iter 23400 - time: 30    - [train] loss: 0.0148 (+/-0.0068) - [valid] loss: 0.0115 (+/-0.0045) - [test] loss: 0.0104 (+/-0.0043)
2019-07-20 05:33:01,385 INFO - logger - Iter 23500 - time: 31    - [train] loss: 0.0149 (+/-0.0048) - [valid] loss: 0.0103 (+/-0.0017) - [test] loss: 0.0133 (+/-0.0027)
2019-07-20 05:33:31,713 INFO - logger - Iter 23600 - time: 30    - [train] loss: 0.0155 (+/-0.0046) - [valid] loss: 0.0104 (+/-0.0031) - [test] loss: 0.0085 (+/-0.0015)
2019-07-20 05:34:01,877 INFO - logger - Iter 23700 - time: 30    - [train] loss: 0.0118 (+/-0.0037) - [valid] loss: 0.0099 (+/-0.0025) - [test] loss: 0.0172 (+/-0.0107)
2019-07-20 05:34:31,702 INFO - logger - Iter 23800 - time: 29    - [train] loss: 0.0268 (+/-0.0187) - [valid] loss: 0.0197 (+/-0.0079) - [test] loss: 0.0184 (+/-0.006 )
2019-07-20 05:35:02,766 INFO - logger - Iter 23900 - time: 31    - [train] loss: 0.0137 (+/-0.0025) - [valid] loss: 0.0252 (+/-0.0096) - [test] loss: 0.0173 (+/-0.0045)
2019-07-20 05:35:33,210 INFO - logger - Iter 24000 - time: 30    - [train] loss: 0.0155 (+/-0.0071) - [valid] loss: 0.0197 (+/-0.0118) - [test] loss: 0.0147 (+/-0.0044)
2019-07-20 05:36:02,814 INFO - logger - Iter 24100 - time: 29    - [train] loss: 0.0138 (+/-0.0055) - [valid] loss: 0.0122 (+/-0.0033) - [test] loss: 0.0102 (+/-0.0027)
2019-07-20 05:36:33,618 INFO - logger - Iter 24200 - time: 30    - [train] loss: 0.0095 (+/-0.0029) - [valid] loss: 0.0118 (+/-0.0043) - [test] loss: 0.0111 (+/-0.0047)
2019-07-20 05:37:03,720 INFO - logger - Iter 24300 - time: 30    - [train] loss: 0.0229 (+/-0.0139) - [valid] loss: 0.0127 (+/-0.0048) - [test] loss: 0.0173 (+/-0.0089)
2019-07-20 05:37:33,850 INFO - logger - Iter 24400 - time: 30    - [train] loss: 0.0149 (+/-0.0031) - [valid] loss: 0.0208 (+/-0.0065) - [test] loss: 0.0291 (+/-0.0174)
2019-07-20 05:38:04,055 INFO - logger - Iter 24500 - time: 30    - [train] loss: 0.0126 (+/-0.0037) - [valid] loss: 0.0108 (+/-0.0026) - [test] loss: 0.0093 (+/-0.0016)
2019-07-20 05:38:33,985 INFO - logger - Iter 24600 - time: 29    - [train] loss: 0.0199 (+/-0.0145) - [valid] loss: 0.0233 (+/-0.0116) - [test] loss: 0.016  (+/-0.0067)
2019-07-20 05:39:04,319 INFO - logger - Iter 24700 - time: 30    - [train] loss: 0.0163 (+/-0.0068) - [valid] loss: 0.0163 (+/-0.0056) - [test] loss: 0.0176 (+/-0.0063)
2019-07-20 05:39:35,742 INFO - logger - Iter 24800 - time: 31    - [train] loss: 0.0187 (+/-0.019 ) - [valid] loss: 0.0109 (+/-0.0034) - [test] loss: 0.0123 (+/-0.004 )
2019-07-20 05:40:06,022 INFO - logger - Iter 24900 - time: 30    - [train] loss: 0.0184 (+/-0.0104) - [valid] loss: 0.011  (+/-0.0024) - [test] loss: 0.0111 (+/-0.0033)
2019-07-20 05:40:36,604 INFO - logger - Iter 25000 - time: 30    - [train] loss: 0.0168 (+/-0.005 ) - [valid] loss: 0.0195 (+/-0.0068) - [test] loss: 0.017  (+/-0.0082)
2019-07-20 05:41:06,855 INFO - logger - Iter 25100 - time: 30    - [train] loss: 0.0174 (+/-0.0057) - [valid] loss: 0.0199 (+/-0.0109) - [test] loss: 0.0135 (+/-0.0039)
2019-07-20 05:41:37,240 INFO - logger - Iter 25200 - time: 30    - [train] loss: 0.013  (+/-0.0064) - [valid] loss: 0.0166 (+/-0.0052) - [test] loss: 0.0111 (+/-0.0029)
2019-07-20 05:42:07,299 INFO - logger - Iter 25300 - time: 30    - [train] loss: 0.0146 (+/-0.0045) - [valid] loss: 0.0167 (+/-0.0068) - [test] loss: 0.0334 (+/-0.0394)
2019-07-20 05:42:37,581 INFO - logger - Iter 25400 - time: 30    - [train] loss: 0.0118 (+/-0.0037) - [valid] loss: 0.0119 (+/-0.0033) - [test] loss: 0.0152 (+/-0.0054)
2019-07-20 05:43:07,951 INFO - logger - Iter 25500 - time: 30    - [train] loss: 0.0148 (+/-0.0063) - [valid] loss: 0.0117 (+/-0.0022) - [test] loss: 0.0116 (+/-0.0051)
2019-07-20 05:43:39,362 INFO - logger - Iter 25600 - time: 31    - [train] loss: 0.0129 (+/-0.0044) - [valid] loss: 0.01   (+/-0.0033) - [test] loss: 0.0095 (+/-0.0026)
2019-07-20 05:44:09,326 INFO - logger - Iter 25700 - time: 29    - [train] loss: 0.0093 (+/-0.0024) - [valid] loss: 0.0149 (+/-0.0087) - [test] loss: 0.0127 (+/-0.004 )
2019-07-20 05:44:41,251 INFO - logger - Iter 25800 - time: 31    - [train] loss: 0.0131 (+/-0.0054) - [valid] loss: 0.0138 (+/-0.0093) - [test] loss: 0.0142 (+/-0.0043)
2019-07-20 05:45:11,635 INFO - logger - Iter 25900 - time: 30    - [train] loss: 0.0152 (+/-0.0027) - [valid] loss: 0.0171 (+/-0.0056) - [test] loss: 0.0194 (+/-0.0091)
2019-07-20 05:45:41,814 INFO - logger - Iter 26000 - time: 30    - [train] loss: 0.0103 (+/-0.003 ) - [valid] loss: 0.015  (+/-0.0068) - [test] loss: 0.015  (+/-0.0051)
2019-07-20 05:46:12,147 INFO - logger - Iter 26100 - time: 30    - [train] loss: 0.011  (+/-0.0026) - [valid] loss: 0.0079 (+/-0.0014) - [test] loss: 0.0114 (+/-0.0036)
2019-07-20 05:46:42,514 INFO - logger - Iter 26200 - time: 30    - [train] loss: 0.0139 (+/-0.0059) - [valid] loss: 0.012  (+/-0.0041) - [test] loss: 0.013  (+/-0.0062)
2019-07-20 05:47:12,837 INFO - logger - Iter 26300 - time: 30    - [train] loss: 0.0147 (+/-0.0042) - [valid] loss: 0.0142 (+/-0.0067) - [test] loss: 0.0134 (+/-0.0052)
2019-07-20 05:47:42,784 INFO - logger - Iter 26400 - time: 29    - [train] loss: 0.0289 (+/-0.0124) - [valid] loss: 0.015  (+/-0.0039) - [test] loss: 0.0142 (+/-0.003 )
2019-07-20 05:48:13,173 INFO - logger - Iter 26500 - time: 30    - [train] loss: 0.0277 (+/-0.029 ) - [valid] loss: 0.0122 (+/-0.0047) - [test] loss: 0.0159 (+/-0.011 )
2019-07-20 05:48:43,701 INFO - logger - Iter 26600 - time: 30    - [train] loss: 0.0107 (+/-0.0026) - [valid] loss: 0.0128 (+/-0.004 ) - [test] loss: 0.0122 (+/-0.0037)
2019-07-20 05:49:13,885 INFO - logger - Iter 26700 - time: 30    - [train] loss: 0.0171 (+/-0.0043) - [valid] loss: 0.0144 (+/-0.0041) - [test] loss: 0.0164 (+/-0.0057)
2019-07-20 05:49:44,571 INFO - logger - Iter 26800 - time: 30    - [train] loss: 0.0099 (+/-0.0023) - [valid] loss: 0.0141 (+/-0.0077) - [test] loss: 0.0171 (+/-0.0123)
2019-07-20 05:50:15,184 INFO - logger - Iter 26900 - time: 30    - [train] loss: 0.0137 (+/-0.0055) - [valid] loss: 0.0115 (+/-0.006 ) - [test] loss: 0.0116 (+/-0.0039)
2019-07-20 05:50:44,873 INFO - logger - Iter 27000 - time: 29    - [train] loss: 0.0143 (+/-0.005 ) - [valid] loss: 0.0092 (+/-0.0021) - [test] loss: 0.029  (+/-0.0277)
2019-07-20 05:51:13,817 INFO - logger - Iter 27100 - time: 28    - [train] loss: 0.0229 (+/-0.0093) - [valid] loss: 0.0285 (+/-0.0089) - [test] loss: 0.0212 (+/-0.0059)
2019-07-20 05:51:44,469 INFO - logger - Iter 27200 - time: 30    - [train] loss: 0.0194 (+/-0.0089) - [valid] loss: 0.0166 (+/-0.0045) - [test] loss: 0.0173 (+/-0.004 )
2019-07-20 05:52:14,420 INFO - logger - Iter 27300 - time: 29    - [train] loss: 0.0151 (+/-0.007 ) - [valid] loss: 0.0113 (+/-0.0042) - [test] loss: 0.0108 (+/-0.0029)
2019-07-20 05:52:45,166 INFO - logger - Iter 27400 - time: 30    - [train] loss: 0.0143 (+/-0.0032) - [valid] loss: 0.0157 (+/-0.0046) - [test] loss: 0.0246 (+/-0.0142)
2019-07-20 05:53:14,708 INFO - logger - Iter 27500 - time: 29    - [train] loss: 0.0153 (+/-0.0071) - [valid] loss: 0.0119 (+/-0.0046) - [test] loss: 0.0128 (+/-0.0063)
2019-07-20 05:53:45,423 INFO - logger - Iter 27600 - time: 30    - [train] loss: 0.0123 (+/-0.004 ) - [valid] loss: 0.013  (+/-0.0042) - [test] loss: 0.0164 (+/-0.0052)
2019-07-20 05:54:15,548 INFO - logger - Iter 27700 - time: 30    - [train] loss: 0.0154 (+/-0.0042) - [valid] loss: 0.0128 (+/-0.003 ) - [test] loss: 0.0109 (+/-0.0035)
2019-07-20 05:54:45,567 INFO - logger - Iter 27800 - time: 30    - [train] loss: 0.0189 (+/-0.003 ) - [valid] loss: 0.0262 (+/-0.0101) - [test] loss: 0.0227 (+/-0.0055)
2019-07-20 05:55:15,169 INFO - logger - Iter 27900 - time: 29    - [train] loss: 0.0236 (+/-0.0147) - [valid] loss: 0.0143 (+/-0.0032) - [test] loss: 0.0335 (+/-0.0269)
2019-07-20 05:55:45,908 INFO - logger - Iter 28000 - time: 30    - [train] loss: 0.0188 (+/-0.0122) - [valid] loss: 0.0125 (+/-0.003 ) - [test] loss: 0.0138 (+/-0.0033)
2019-07-20 05:56:17,794 INFO - logger - Iter 28100 - time: 31    - [train] loss: 0.0107 (+/-0.0035) - [valid] loss: 0.0141 (+/-0.0055) - [test] loss: 0.013  (+/-0.0052)
2019-07-20 05:56:47,977 INFO - logger - Iter 28200 - time: 30    - [train] loss: 0.0114 (+/-0.0041) - [valid] loss: 0.0088 (+/-0.0018) - [test] loss: 0.0109 (+/-0.0038)
2019-07-20 05:57:16,201 INFO - logger - Iter 28300 - time: 28    - [train] loss: 0.0101 (+/-0.0025) - [valid] loss: 0.0139 (+/-0.0047) - [test] loss: 0.0101 (+/-0.0029)
2019-07-20 05:57:46,398 INFO - logger - Iter 28400 - time: 30    - [train] loss: 0.0129 (+/-0.0038) - [valid] loss: 0.0133 (+/-0.0042) - [test] loss: 0.0134 (+/-0.0035)
2019-07-20 05:58:17,222 INFO - logger - Iter 28500 - time: 30    - [train] loss: 0.0187 (+/-0.0206) - [valid] loss: 0.0103 (+/-0.0026) - [test] loss: 0.014  (+/-0.0061)
2019-07-20 05:58:47,108 INFO - logger - Iter 28600 - time: 29    - [train] loss: 0.016  (+/-0.0068) - [valid] loss: 0.0113 (+/-0.0032) - [test] loss: 0.0134 (+/-0.0048)
2019-07-20 05:59:18,204 INFO - logger - Iter 28700 - time: 31    - [train] loss: 0.0139 (+/-0.0031) - [valid] loss: 0.014  (+/-0.0043) - [test] loss: 0.0214 (+/-0.008 )
2019-07-20 05:59:48,359 INFO - logger - Iter 28800 - time: 30    - [train] loss: 0.0135 (+/-0.0055) - [valid] loss: 0.0115 (+/-0.0034) - [test] loss: 0.0096 (+/-0.0027)
2019-07-20 06:00:18,167 INFO - logger - Iter 28900 - time: 29    - [train] loss: 0.0103 (+/-0.0028) - [valid] loss: 0.0074 (+/-0.0011) - [test] loss: 0.0196 (+/-0.0179)
2019-07-20 06:00:48,648 INFO - logger - Iter 29000 - time: 30    - [train] loss: 0.0127 (+/-0.004 ) - [valid] loss: 0.0107 (+/-0.0025) - [test] loss: 0.0124 (+/-0.0026)
2019-07-20 06:01:18,716 INFO - logger - Iter 29100 - time: 30    - [train] loss: 0.0147 (+/-0.0052) - [valid] loss: 0.0102 (+/-0.0029) - [test] loss: 0.0095 (+/-0.002 )
2019-07-20 06:01:50,647 INFO - logger - Iter 29200 - time: 31    - [train] loss: 0.0119 (+/-0.0051) - [valid] loss: 0.0115 (+/-0.0038) - [test] loss: 0.0115 (+/-0.004 )
2019-07-20 06:02:20,594 INFO - logger - Iter 29300 - time: 29    - [train] loss: 0.0129 (+/-0.0045) - [valid] loss: 0.0101 (+/-0.0018) - [test] loss: 0.0175 (+/-0.006 )
2019-07-20 06:02:50,678 INFO - logger - Iter 29400 - time: 30    - [train] loss: 0.0184 (+/-0.0051) - [valid] loss: 0.021  (+/-0.0099) - [test] loss: 0.0161 (+/-0.0048)
2019-07-20 06:03:20,022 INFO - logger - Iter 29500 - time: 29    - [train] loss: 0.0129 (+/-0.0039) - [valid] loss: 0.0105 (+/-0.0024) - [test] loss: 0.0111 (+/-0.0025)
2019-07-20 06:03:51,050 INFO - logger - Iter 29600 - time: 31    - [train] loss: 0.0143 (+/-0.004 ) - [valid] loss: 0.0157 (+/-0.006 ) - [test] loss: 0.0135 (+/-0.0039)
2019-07-20 06:04:21,281 INFO - logger - Iter 29700 - time: 30    - [train] loss: 0.0221 (+/-0.0177) - [valid] loss: 0.0092 (+/-0.0031) - [test] loss: 0.0071 (+/-0.002 )
2019-07-20 06:04:51,883 INFO - logger - Iter 29800 - time: 30    - [train] loss: 0.0287 (+/-0.0241) - [valid] loss: 0.0178 (+/-0.011 ) - [test] loss: 0.0094 (+/-0.0026)
2019-07-20 06:05:22,358 INFO - logger - Iter 29900 - time: 30    - [train] loss: 0.013  (+/-0.0036) - [valid] loss: 0.0133 (+/-0.0034) - [test] loss: 0.0419 (+/-0.0566)
2019-07-20 06:05:52,540 INFO - logger - Iter 30000 - time: 30    - [train] loss: 0.0125 (+/-0.0039) - [valid] loss: 0.0159 (+/-0.006 ) - [test] loss: 0.0097 (+/-0.0017)
2019-07-20 06:06:23,793 INFO - logger - Iter 30100 - time: 31    - [train] loss: 0.0139 (+/-0.0121) - [valid] loss: 0.0129 (+/-0.0053) - [test] loss: 0.0125 (+/-0.0036)
2019-07-20 06:06:54,159 INFO - logger - Iter 30200 - time: 30    - [train] loss: 0.0113 (+/-0.0026) - [valid] loss: 0.0151 (+/-0.0061) - [test] loss: 0.0104 (+/-0.0033)
2019-07-20 06:07:24,332 INFO - logger - Iter 30300 - time: 30    - [train] loss: 0.0097 (+/-0.0029) - [valid] loss: 0.0131 (+/-0.0051) - [test] loss: 0.013  (+/-0.0061)
2019-07-20 06:07:54,286 INFO - logger - Iter 30400 - time: 29    - [train] loss: 0.009  (+/-0.0038) - [valid] loss: 0.0093 (+/-0.0028) - [test] loss: 0.0247 (+/-0.025 )
2019-07-20 06:08:24,434 INFO - logger - Iter 30500 - time: 30    - [train] loss: 0.0127 (+/-0.0071) - [valid] loss: 0.0145 (+/-0.004 ) - [test] loss: 0.0097 (+/-0.0024)
2019-07-20 06:08:55,433 INFO - logger - Iter 30600 - time: 30    - [train] loss: 0.0072 (+/-0.0014) - [valid] loss: 0.0084 (+/-0.0016) - [test] loss: 0.0086 (+/-0.0021)
2019-07-20 06:09:25,733 INFO - logger - Iter 30700 - time: 30    - [train] loss: 0.0109 (+/-0.0046) - [valid] loss: 0.0097 (+/-0.003 ) - [test] loss: 0.0091 (+/-0.0027)
2019-07-20 06:09:55,391 INFO - logger - Iter 30800 - time: 29    - [train] loss: 0.0176 (+/-0.011 ) - [valid] loss: 0.0124 (+/-0.0041) - [test] loss: 0.0121 (+/-0.0051)
2019-07-20 06:10:26,086 INFO - logger - Iter 30900 - time: 30    - [train] loss: 0.0087 (+/-0.0021) - [valid] loss: 0.0167 (+/-0.0112) - [test] loss: 0.0143 (+/-0.0074)
2019-07-20 06:10:56,615 INFO - logger - Iter 31000 - time: 30    - [train] loss: 0.0137 (+/-0.0069) - [valid] loss: 0.017  (+/-0.0104) - [test] loss: 0.0092 (+/-0.0024)
2019-07-20 06:11:25,791 INFO - logger - Iter 31100 - time: 29    - [train] loss: 0.0165 (+/-0.0095) - [valid] loss: 0.0124 (+/-0.003 ) - [test] loss: 0.012  (+/-0.0038)
2019-07-20 06:11:56,258 INFO - logger - Iter 31200 - time: 30    - [train] loss: 0.0158 (+/-0.0041) - [valid] loss: 0.0228 (+/-0.0181) - [test] loss: 0.0181 (+/-0.0041)
2019-07-20 06:12:26,437 INFO - logger - Iter 31300 - time: 30    - [train] loss: 0.0112 (+/-0.0028) - [valid] loss: 0.0174 (+/-0.0095) - [test] loss: 0.0079 (+/-0.0014)
2019-07-20 06:12:56,960 INFO - logger - Iter 31400 - time: 30    - [train] loss: 0.0297 (+/-0.017 ) - [valid] loss: 0.0284 (+/-0.0071) - [test] loss: 0.0191 (+/-0.0039)
2019-07-20 06:13:27,871 INFO - logger - Iter 31500 - time: 30    - [train] loss: 0.0138 (+/-0.0048) - [valid] loss: 0.0167 (+/-0.007 ) - [test] loss: 0.0118 (+/-0.0043)
2019-07-20 06:13:57,668 INFO - logger - Iter 31600 - time: 29    - [train] loss: 0.0103 (+/-0.0033) - [valid] loss: 0.0159 (+/-0.0064) - [test] loss: 0.008  (+/-0.0018)
2019-07-20 06:14:27,666 INFO - logger - Iter 31700 - time: 29    - [train] loss: 0.0132 (+/-0.0051) - [valid] loss: 0.0131 (+/-0.0044) - [test] loss: 0.0157 (+/-0.0066)
2019-07-20 06:14:57,256 INFO - logger - Iter 31800 - time: 29    - [train] loss: 0.0138 (+/-0.005 ) - [valid] loss: 0.018  (+/-0.011 ) - [test] loss: 0.0142 (+/-0.0117)
2019-07-20 06:15:27,160 INFO - logger - Iter 31900 - time: 29    - [train] loss: 0.0193 (+/-0.0083) - [valid] loss: 0.0176 (+/-0.006 ) - [test] loss: 0.0144 (+/-0.0033)
2019-07-20 06:15:56,951 INFO - logger - Iter 32000 - time: 29    - [train] loss: 0.0104 (+/-0.0035) - [valid] loss: 0.0085 (+/-0.0021) - [test] loss: 0.0101 (+/-0.0021)
2019-07-20 06:16:27,692 INFO - logger - Iter 32100 - time: 30    - [train] loss: 0.0188 (+/-0.0084) - [valid] loss: 0.0109 (+/-0.0033) - [test] loss: 0.0148 (+/-0.0058)
2019-07-20 06:16:58,198 INFO - logger - Iter 32200 - time: 30    - [train] loss: 0.0117 (+/-0.005 ) - [valid] loss: 0.0097 (+/-0.0026) - [test] loss: 0.0131 (+/-0.0073)
2019-07-20 06:17:28,263 INFO - logger - Iter 32300 - time: 30    - [train] loss: 0.0138 (+/-0.0051) - [valid] loss: 0.011  (+/-0.004 ) - [test] loss: 0.012  (+/-0.0038)
2019-07-20 06:17:58,555 INFO - logger - Iter 32400 - time: 30    - [train] loss: 0.0089 (+/-0.0025) - [valid] loss: 0.0108 (+/-0.0028) - [test] loss: 0.0153 (+/-0.0066)
2019-07-20 06:18:28,533 INFO - logger - Iter 32500 - time: 29    - [train] loss: 0.0158 (+/-0.0078) - [valid] loss: 0.01   (+/-0.0023) - [test] loss: 0.0126 (+/-0.0041)
2019-07-20 06:18:58,844 INFO - logger - Iter 32600 - time: 30    - [train] loss: 0.009  (+/-0.0017) - [valid] loss: 0.0114 (+/-0.006 ) - [test] loss: 0.0097 (+/-0.0029)
2019-07-20 06:19:28,605 INFO - logger - Iter 32700 - time: 29    - [train] loss: 0.0086 (+/-0.0026) - [valid] loss: 0.0143 (+/-0.0075) - [test] loss: 0.0114 (+/-0.0036)
2019-07-20 06:19:58,418 INFO - logger - Iter 32800 - time: 29    - [train] loss: 0.0307 (+/-0.0198) - [valid] loss: 0.0178 (+/-0.0055) - [test] loss: 0.0348 (+/-0.0268)
2019-07-20 06:20:28,132 INFO - logger - Iter 32900 - time: 29    - [train] loss: 0.0115 (+/-0.0055) - [valid] loss: 0.0109 (+/-0.0034) - [test] loss: 0.0091 (+/-0.0019)
2019-07-20 06:20:57,963 INFO - logger - Iter 33000 - time: 29    - [train] loss: 0.0163 (+/-0.0055) - [valid] loss: 0.0116 (+/-0.0032) - [test] loss: 0.0138 (+/-0.0055)
2019-07-20 06:21:27,666 INFO - logger - Iter 33100 - time: 29    - [train] loss: 0.0141 (+/-0.0045) - [valid] loss: 0.011  (+/-0.0024) - [test] loss: 0.0137 (+/-0.0063)
2019-07-20 06:21:57,396 INFO - logger - Iter 33200 - time: 29    - [train] loss: 0.0098 (+/-0.0028) - [valid] loss: 0.0148 (+/-0.0073) - [test] loss: 0.0109 (+/-0.0039)
2019-07-20 06:22:27,467 INFO - logger - Iter 33300 - time: 30    - [train] loss: 0.0254 (+/-0.0275) - [valid] loss: 0.0128 (+/-0.0032) - [test] loss: 0.0086 (+/-0.0022)
2019-07-20 06:22:58,207 INFO - logger - Iter 33400 - time: 30    - [train] loss: 0.0104 (+/-0.003 ) - [valid] loss: 0.009  (+/-0.0018) - [test] loss: 0.0175 (+/-0.0061)
2019-07-20 06:23:28,352 INFO - logger - Iter 33500 - time: 30    - [train] loss: 0.0199 (+/-0.008 ) - [valid] loss: 0.017  (+/-0.0061) - [test] loss: 0.0175 (+/-0.0078)
2019-07-20 06:23:58,874 INFO - logger - Iter 33600 - time: 30    - [train] loss: 0.0121 (+/-0.0033) - [valid] loss: 0.0125 (+/-0.0029) - [test] loss: 0.015  (+/-0.0044)
2019-07-20 06:24:28,258 INFO - logger - Iter 33700 - time: 29    - [train] loss: 0.0113 (+/-0.0024) - [valid] loss: 0.0118 (+/-0.0043) - [test] loss: 0.0109 (+/-0.0033)
2019-07-20 06:24:58,467 INFO - logger - Iter 33800 - time: 30    - [train] loss: 0.0111 (+/-0.0054) - [valid] loss: 0.0129 (+/-0.0044) - [test] loss: 0.0113 (+/-0.0036)
2019-07-20 06:25:28,727 INFO - logger - Iter 33900 - time: 30    - [train] loss: 0.0132 (+/-0.0037) - [valid] loss: 0.0168 (+/-0.0065) - [test] loss: 0.0133 (+/-0.0035)
2019-07-20 06:25:59,088 INFO - logger - Iter 34000 - time: 30    - [train] loss: 0.0095 (+/-0.0027) - [valid] loss: 0.0167 (+/-0.0099) - [test] loss: 0.0127 (+/-0.0047)
2019-07-20 06:26:31,016 INFO - logger - Iter 34100 - time: 31    - [train] loss: 0.0141 (+/-0.0056) - [valid] loss: 0.012  (+/-0.005 ) - [test] loss: 0.0087 (+/-0.0019)
2019-07-20 06:27:01,266 INFO - logger - Iter 34200 - time: 30    - [train] loss: 0.0075 (+/-0.0019) - [valid] loss: 0.009  (+/-0.0029) - [test] loss: 0.0076 (+/-0.0018)
2019-07-20 06:27:30,308 INFO - logger - Iter 34300 - time: 29    - [train] loss: 0.0122 (+/-0.0046) - [valid] loss: 0.0099 (+/-0.0022) - [test] loss: 0.0121 (+/-0.0083)
2019-07-20 06:28:00,464 INFO - logger - Iter 34400 - time: 30    - [train] loss: 0.0164 (+/-0.0098) - [valid] loss: 0.0137 (+/-0.0068) - [test] loss: 0.0125 (+/-0.0035)
2019-07-20 06:28:31,256 INFO - logger - Iter 34500 - time: 30    - [train] loss: 0.0168 (+/-0.0092) - [valid] loss: 0.0334 (+/-0.0441) - [test] loss: 0.018  (+/-0.0073)
2019-07-20 06:29:01,796 INFO - logger - Iter 34600 - time: 30    - [train] loss: 0.0131 (+/-0.004 ) - [valid] loss: 0.0124 (+/-0.0032) - [test] loss: 0.0132 (+/-0.0061)
2019-07-20 06:29:32,662 INFO - logger - Iter 34700 - time: 30    - [train] loss: 0.0158 (+/-0.0094) - [valid] loss: 0.0122 (+/-0.0055) - [test] loss: 0.0164 (+/-0.0104)
2019-07-20 06:30:03,166 INFO - logger - Iter 34800 - time: 30    - [train] loss: 0.0136 (+/-0.0056) - [valid] loss: 0.013  (+/-0.0051) - [test] loss: 0.0147 (+/-0.0043)
2019-07-20 06:30:33,213 INFO - logger - Iter 34900 - time: 30    - [train] loss: 0.0286 (+/-0.0347) - [valid] loss: 0.0145 (+/-0.0088) - [test] loss: 0.0115 (+/-0.0044)
2019-07-20 06:31:02,256 INFO - logger - Iter 35000 - time: 29    - [train] loss: 0.0146 (+/-0.0043) - [valid] loss: 0.0098 (+/-0.0033) - [test] loss: 0.012  (+/-0.0042)
2019-07-20 06:31:33,071 INFO - logger - Iter 35100 - time: 30    - [train] loss: 0.0104 (+/-0.0034) - [valid] loss: 0.0147 (+/-0.0081) - [test] loss: 0.0154 (+/-0.0096)
2019-07-20 06:32:03,703 INFO - logger - Iter 35200 - time: 30    - [train] loss: 0.0155 (+/-0.003 ) - [valid] loss: 0.0199 (+/-0.0048) - [test] loss: 0.0243 (+/-0.0087)
2019-07-20 06:32:34,037 INFO - logger - Iter 35300 - time: 30    - [train] loss: 0.011  (+/-0.0033) - [valid] loss: 0.0116 (+/-0.0058) - [test] loss: 0.0104 (+/-0.0041)
2019-07-20 06:33:04,085 INFO - logger - Iter 35400 - time: 30    - [train] loss: 0.0231 (+/-0.0135) - [valid] loss: 0.01   (+/-0.0021) - [test] loss: 0.0082 (+/-0.0018)
2019-07-20 06:33:33,357 INFO - logger - Iter 35500 - time: 29    - [train] loss: 0.0085 (+/-0.0019) - [valid] loss: 0.0075 (+/-0.0013) - [test] loss: 0.0211 (+/-0.0163)
2019-07-20 06:34:05,024 INFO - logger - Iter 35600 - time: 31    - [train] loss: 0.0535 (+/-0.0717) - [valid] loss: 0.0123 (+/-0.0046) - [test] loss: 0.0205 (+/-0.018 )
2019-07-20 06:34:36,239 INFO - logger - Iter 35700 - time: 31    - [train] loss: 0.013  (+/-0.0055) - [valid] loss: 0.0131 (+/-0.0084) - [test] loss: 0.0112 (+/-0.0045)
2019-07-20 06:35:06,951 INFO - logger - Iter 35800 - time: 30    - [train] loss: 0.0134 (+/-0.0035) - [valid] loss: 0.0185 (+/-0.013 ) - [test] loss: 0.0196 (+/-0.0114)
2019-07-20 06:35:36,948 INFO - logger - Iter 35900 - time: 29    - [train] loss: 0.0158 (+/-0.0081) - [valid] loss: 0.0169 (+/-0.0083) - [test] loss: 0.0092 (+/-0.0023)
2019-07-20 06:36:06,476 INFO - logger - Iter 36000 - time: 29    - [train] loss: 0.0115 (+/-0.003 ) - [valid] loss: 0.0086 (+/-0.0021) - [test] loss: 0.0126 (+/-0.0036)
2019-07-20 06:36:36,963 INFO - logger - Iter 36100 - time: 30    - [train] loss: 0.0285 (+/-0.0122) - [valid] loss: 0.0449 (+/-0.0204) - [test] loss: 0.0463 (+/-0.0325)
2019-07-20 06:37:07,625 INFO - logger - Iter 36200 - time: 30    - [train] loss: 0.0213 (+/-0.0153) - [valid] loss: 0.0155 (+/-0.0085) - [test] loss: 0.0152 (+/-0.0075)
2019-07-20 06:37:38,806 INFO - logger - Iter 36300 - time: 31    - [train] loss: 0.0111 (+/-0.003 ) - [valid] loss: 0.0115 (+/-0.0047) - [test] loss: 0.0172 (+/-0.0081)
2019-07-20 06:38:08,735 INFO - logger - Iter 36400 - time: 29    - [train] loss: 0.0162 (+/-0.0081) - [valid] loss: 0.008  (+/-0.0013) - [test] loss: 0.014  (+/-0.0061)
2019-07-20 06:38:39,002 INFO - logger - Iter 36500 - time: 30    - [train] loss: 0.0146 (+/-0.0043) - [valid] loss: 0.0096 (+/-0.0029) - [test] loss: 0.0083 (+/-0.0018)
2019-07-20 06:39:09,377 INFO - logger - Iter 36600 - time: 30    - [train] loss: 0.0109 (+/-0.0045) - [valid] loss: 0.0085 (+/-0.0033) - [test] loss: 0.0146 (+/-0.0064)
2019-07-20 06:39:40,104 INFO - logger - Iter 36700 - time: 30    - [train] loss: 0.013  (+/-0.008 ) - [valid] loss: 0.0094 (+/-0.0031) - [test] loss: 0.008  (+/-0.0035)
2019-07-20 06:40:10,086 INFO - logger - Iter 36800 - time: 29    - [train] loss: 0.0076 (+/-0.0019) - [valid] loss: 0.0138 (+/-0.0071) - [test] loss: 0.0104 (+/-0.0051)
2019-07-20 06:40:39,978 INFO - logger - Iter 36900 - time: 29    - [train] loss: 0.0185 (+/-0.0023) - [valid] loss: 0.021  (+/-0.0034) - [test] loss: 0.0196 (+/-0.0029)
2019-07-20 06:41:09,306 INFO - logger - Iter 37000 - time: 29    - [train] loss: 0.0122 (+/-0.0032) - [valid] loss: 0.0122 (+/-0.0048) - [test] loss: 0.0107 (+/-0.0025)
2019-07-20 06:41:39,571 INFO - logger - Iter 37100 - time: 30    - [train] loss: 0.0187 (+/-0.0146) - [valid] loss: 0.0139 (+/-0.0045) - [test] loss: 0.0121 (+/-0.005 )
2019-07-20 06:42:11,370 INFO - logger - Iter 37200 - time: 31    - [train] loss: 0.0104 (+/-0.0044) - [valid] loss: 0.0152 (+/-0.0095) - [test] loss: 0.0118 (+/-0.004 )
2019-07-20 06:42:41,681 INFO - logger - Iter 37300 - time: 30    - [train] loss: 0.0105 (+/-0.0036) - [valid] loss: 0.0099 (+/-0.003 ) - [test] loss: 0.0181 (+/-0.009 )
2019-07-20 06:43:11,587 INFO - logger - Iter 37400 - time: 29    - [train] loss: 0.019  (+/-0.0065) - [valid] loss: 0.0201 (+/-0.007 ) - [test] loss: 0.0191 (+/-0.0058)
2019-07-20 06:43:41,484 INFO - logger - Iter 37500 - time: 29    - [train] loss: 0.007  (+/-0.0018) - [valid] loss: 0.0133 (+/-0.0061) - [test] loss: 0.0069 (+/-0.0011)
2019-07-20 06:44:11,794 INFO - logger - Iter 37600 - time: 30    - [train] loss: 0.0097 (+/-0.0034) - [valid] loss: 0.0074 (+/-0.0016) - [test] loss: 0.0077 (+/-0.0023)
2019-07-20 06:44:41,452 INFO - logger - Iter 37700 - time: 29    - [train] loss: 0.0079 (+/-0.0015) - [valid] loss: 0.012  (+/-0.0052) - [test] loss: 0.0143 (+/-0.0085)
2019-07-20 06:45:11,921 INFO - logger - Iter 37800 - time: 30    - [train] loss: 0.0157 (+/-0.0065) - [valid] loss: 0.0123 (+/-0.0055) - [test] loss: 0.0106 (+/-0.0027)
2019-07-20 06:45:40,163 INFO - logger - Iter 37900 - time: 28    - [train] loss: 0.0128 (+/-0.0042) - [valid] loss: 0.0117 (+/-0.0046) - [test] loss: 0.0115 (+/-0.0039)
2019-07-20 06:46:10,379 INFO - logger - Iter 38000 - time: 30    - [train] loss: 0.0204 (+/-0.0143) - [valid] loss: 0.0096 (+/-0.0024) - [test] loss: 0.013  (+/-0.0048)
2019-07-20 06:46:40,878 INFO - logger - Iter 38100 - time: 30    - [train] loss: 0.0142 (+/-0.0083) - [valid] loss: 0.0127 (+/-0.0055) - [test] loss: 0.0112 (+/-0.0061)
2019-07-20 06:47:10,914 INFO - logger - Iter 38200 - time: 30    - [train] loss: 0.0094 (+/-0.0023) - [valid] loss: 0.0129 (+/-0.005 ) - [test] loss: 0.0138 (+/-0.0068)
2019-07-20 06:47:42,125 INFO - logger - Iter 38300 - time: 31    - [train] loss: 0.0199 (+/-0.007 ) - [valid] loss: 0.0142 (+/-0.0027) - [test] loss: 0.0165 (+/-0.0049)
2019-07-20 06:48:12,550 INFO - logger - Iter 38400 - time: 30    - [train] loss: 0.009  (+/-0.0021) - [valid] loss: 0.0092 (+/-0.0028) - [test] loss: 0.0119 (+/-0.0056)
2019-07-20 06:48:42,476 INFO - logger - Iter 38500 - time: 29    - [train] loss: 0.0109 (+/-0.0028) - [valid] loss: 0.0112 (+/-0.0034) - [test] loss: 0.0123 (+/-0.0032)
2019-07-20 06:49:12,615 INFO - logger - Iter 38600 - time: 30    - [train] loss: 0.0191 (+/-0.0107) - [valid] loss: 0.0148 (+/-0.0051) - [test] loss: 0.0177 (+/-0.0074)
2019-07-20 06:49:42,432 INFO - logger - Iter 38700 - time: 29    - [train] loss: 0.0099 (+/-0.0026) - [valid] loss: 0.009  (+/-0.0036) - [test] loss: 0.0143 (+/-0.0088)
2019-07-20 06:50:12,501 INFO - logger - Iter 38800 - time: 30    - [train] loss: 0.01   (+/-0.0024) - [valid] loss: 0.0095 (+/-0.0017) - [test] loss: 0.0153 (+/-0.0091)
2019-07-20 06:50:42,963 INFO - logger - Iter 38900 - time: 30    - [train] loss: 0.0109 (+/-0.0042) - [valid] loss: 0.0132 (+/-0.0113) - [test] loss: 0.0073 (+/-0.0015)
2019-07-20 06:51:13,086 INFO - logger - Iter 39000 - time: 30    - [train] loss: 0.0137 (+/-0.0038) - [valid] loss: 0.0151 (+/-0.0042) - [test] loss: 0.011  (+/-0.0028)
2019-07-20 06:51:43,050 INFO - logger - Iter 39100 - time: 29    - [train] loss: 0.011  (+/-0.0047) - [valid] loss: 0.0133 (+/-0.0086) - [test] loss: 0.0122 (+/-0.0042)
2019-07-20 06:52:12,606 INFO - logger - Iter 39200 - time: 29    - [train] loss: 0.0121 (+/-0.0058) - [valid] loss: 0.0096 (+/-0.0023) - [test] loss: 0.0093 (+/-0.0024)
2019-07-20 06:52:43,183 INFO - logger - Iter 39300 - time: 30    - [train] loss: 0.0114 (+/-0.0057) - [valid] loss: 0.03   (+/-0.0367) - [test] loss: 0.0093 (+/-0.0022)
2019-07-20 06:53:13,386 INFO - logger - Iter 39400 - time: 30    - [train] loss: 0.0383 (+/-0.0452) - [valid] loss: 0.0087 (+/-0.0026) - [test] loss: 0.0175 (+/-0.0111)
2019-07-20 06:53:44,537 INFO - logger - Iter 39500 - time: 31    - [train] loss: 0.0163 (+/-0.0078) - [valid] loss: 0.0171 (+/-0.0084) - [test] loss: 0.0139 (+/-0.0034)
2019-07-20 06:54:15,843 INFO - logger - Iter 39600 - time: 31    - [train] loss: 0.0132 (+/-0.007 ) - [valid] loss: 0.0098 (+/-0.0025) - [test] loss: 0.0137 (+/-0.0052)
2019-07-20 06:54:45,449 INFO - logger - Iter 39700 - time: 29    - [train] loss: 0.0068 (+/-0.0015) - [valid] loss: 0.0074 (+/-0.0022) - [test] loss: 0.0095 (+/-0.0052)
2019-07-20 06:55:15,619 INFO - logger - Iter 39800 - time: 30    - [train] loss: 0.006  (+/-0.0013) - [valid] loss: 0.0088 (+/-0.0023) - [test] loss: 0.0092 (+/-0.0027)
2019-07-20 06:55:45,316 INFO - logger - Iter 39900 - time: 29    - [train] loss: 0.0119 (+/-0.0038) - [valid] loss: 0.0092 (+/-0.002 ) - [test] loss: 0.0107 (+/-0.0027)
2019-07-20 06:56:16,205 INFO - logger - Iter 40000 - time: 30    - [train] loss: 0.0126 (+/-0.0029) - [valid] loss: 0.0115 (+/-0.0041) - [test] loss: 0.0097 (+/-0.0027)
2019-07-20 06:56:46,056 INFO - logger - Iter 40100 - time: 29    - [train] loss: 0.0182 (+/-0.016 ) - [valid] loss: 0.0164 (+/-0.0139) - [test] loss: 0.0176 (+/-0.0131)
2019-07-20 06:57:15,996 INFO - logger - Iter 40200 - time: 29    - [train] loss: 0.0107 (+/-0.0042) - [valid] loss: 0.0129 (+/-0.0048) - [test] loss: 0.0102 (+/-0.0031)
2019-07-20 06:57:45,834 INFO - logger - Iter 40300 - time: 29    - [train] loss: 0.012  (+/-0.0039) - [valid] loss: 0.0108 (+/-0.0036) - [test] loss: 0.0119 (+/-0.0085)
2019-07-20 06:58:16,036 INFO - logger - Iter 40400 - time: 30    - [train] loss: 0.0102 (+/-0.0026) - [valid] loss: 0.0113 (+/-0.003 ) - [test] loss: 0.0095 (+/-0.0028)
2019-07-20 06:58:46,346 INFO - logger - Iter 40500 - time: 30    - [train] loss: 0.0142 (+/-0.0038) - [valid] loss: 0.0158 (+/-0.0062) - [test] loss: 0.0119 (+/-0.0022)
2019-07-20 06:59:16,080 INFO - logger - Iter 40600 - time: 29    - [train] loss: 0.0106 (+/-0.0037) - [valid] loss: 0.0112 (+/-0.0035) - [test] loss: 0.009  (+/-0.0025)
2019-07-20 06:59:47,479 INFO - logger - Iter 40700 - time: 31    - [train] loss: 0.0085 (+/-0.0024) - [valid] loss: 0.015  (+/-0.0094) - [test] loss: 0.009  (+/-0.0029)
2019-07-20 07:00:17,478 INFO - logger - Iter 40800 - time: 29    - [train] loss: 0.0149 (+/-0.0075) - [valid] loss: 0.0111 (+/-0.0031) - [test] loss: 0.0085 (+/-0.0015)
2019-07-20 07:00:47,384 INFO - logger - Iter 40900 - time: 29    - [train] loss: 0.0108 (+/-0.0032) - [valid] loss: 0.0076 (+/-0.0016) - [test] loss: 0.0094 (+/-0.0025)
2019-07-20 07:01:17,989 INFO - logger - Iter 41000 - time: 30    - [train] loss: 0.0114 (+/-0.0036) - [valid] loss: 0.0104 (+/-0.0036) - [test] loss: 0.0083 (+/-0.0024)
2019-07-20 07:01:47,568 INFO - logger - Iter 41100 - time: 29    - [train] loss: 0.0091 (+/-0.0019) - [valid] loss: 0.0135 (+/-0.004 ) - [test] loss: 0.0135 (+/-0.0042)
2019-07-20 07:02:16,331 INFO - logger - Iter 41200 - time: 28    - [train] loss: 0.0142 (+/-0.0081) - [valid] loss: 0.0118 (+/-0.0034) - [test] loss: 0.0129 (+/-0.0046)
2019-07-20 07:02:46,589 INFO - logger - Iter 41300 - time: 30    - [train] loss: 0.0106 (+/-0.0023) - [valid] loss: 0.0137 (+/-0.0038) - [test] loss: 0.0091 (+/-0.0021)
2019-07-20 07:03:17,004 INFO - logger - Iter 41400 - time: 30    - [train] loss: 0.0127 (+/-0.0024) - [valid] loss: 0.0401 (+/-0.0553) - [test] loss: 0.0164 (+/-0.0051)
2019-07-20 07:03:46,925 INFO - logger - Iter 41500 - time: 29    - [train] loss: 0.0104 (+/-0.0037) - [valid] loss: 0.0088 (+/-0.0025) - [test] loss: 0.0077 (+/-0.0019)
2019-07-20 07:04:17,309 INFO - logger - Iter 41600 - time: 30    - [train] loss: 0.0083 (+/-0.0021) - [valid] loss: 0.0076 (+/-0.0017) - [test] loss: 0.0149 (+/-0.0068)
2019-07-20 07:04:47,323 INFO - logger - Iter 41700 - time: 30    - [train] loss: 0.0097 (+/-0.0021) - [valid] loss: 0.0093 (+/-0.0024) - [test] loss: 0.0216 (+/-0.011 )
2019-07-20 07:05:19,077 INFO - logger - Iter 41800 - time: 31    - [train] loss: 0.0093 (+/-0.0025) - [valid] loss: 0.0212 (+/-0.0121) - [test] loss: 0.0123 (+/-0.0077)
2019-07-20 07:05:49,505 INFO - logger - Iter 41900 - time: 30    - [train] loss: 0.0109 (+/-0.004 ) - [valid] loss: 0.0103 (+/-0.005 ) - [test] loss: 0.0109 (+/-0.0032)
2019-07-20 07:06:19,133 INFO - logger - Iter 42000 - time: 29    - [train] loss: 0.0121 (+/-0.0051) - [valid] loss: 0.0084 (+/-0.0018) - [test] loss: 0.0331 (+/-0.0405)
2019-07-20 07:06:48,667 INFO - logger - Iter 42100 - time: 29    - [train] loss: 0.0167 (+/-0.0062) - [valid] loss: 0.0168 (+/-0.0045) - [test] loss: 0.0111 (+/-0.0027)
2019-07-20 07:07:19,427 INFO - logger - Iter 42200 - time: 30    - [train] loss: 0.0105 (+/-0.0022) - [valid] loss: 0.0139 (+/-0.004 ) - [test] loss: 0.0182 (+/-0.0093)
2019-07-20 07:07:50,675 INFO - logger - Iter 42300 - time: 31    - [train] loss: 0.0144 (+/-0.0056) - [valid] loss: 0.0116 (+/-0.0039) - [test] loss: 0.0151 (+/-0.0067)
2019-07-20 07:08:20,734 INFO - logger - Iter 42400 - time: 30    - [train] loss: 0.0086 (+/-0.0026) - [valid] loss: 0.009  (+/-0.0022) - [test] loss: 0.0087 (+/-0.0028)
2019-07-20 07:08:50,394 INFO - logger - Iter 42500 - time: 29    - [train] loss: 0.0104 (+/-0.0028) - [valid] loss: 0.0131 (+/-0.0038) - [test] loss: 0.0188 (+/-0.0094)
2019-07-20 07:09:21,693 INFO - logger - Iter 42600 - time: 31    - [train] loss: 0.0118 (+/-0.0045) - [valid] loss: 0.016  (+/-0.0055) - [test] loss: 0.0113 (+/-0.0031)
2019-07-20 07:09:51,775 INFO - logger - Iter 42700 - time: 30    - [train] loss: 0.0115 (+/-0.0041) - [valid] loss: 0.0099 (+/-0.0023) - [test] loss: 0.0185 (+/-0.01  )
2019-07-20 07:10:21,136 INFO - logger - Iter 42800 - time: 29    - [train] loss: 0.01   (+/-0.0028) - [valid] loss: 0.0072 (+/-0.002 ) - [test] loss: 0.0108 (+/-0.0067)
2019-07-20 07:10:51,769 INFO - logger - Iter 42900 - time: 30    - [train] loss: 0.0167 (+/-0.0131) - [valid] loss: 0.0125 (+/-0.0034) - [test] loss: 0.0132 (+/-0.0059)
2019-07-20 07:11:22,252 INFO - logger - Iter 43000 - time: 30    - [train] loss: 0.0146 (+/-0.008 ) - [valid] loss: 0.0137 (+/-0.0048) - [test] loss: 0.0168 (+/-0.0092)
2019-07-20 07:11:51,146 INFO - logger - Iter 43100 - time: 28    - [train] loss: 0.0157 (+/-0.0049) - [valid] loss: 0.0151 (+/-0.0055) - [test] loss: 0.0197 (+/-0.0117)
2019-07-20 07:12:20,646 INFO - logger - Iter 43200 - time: 29    - [train] loss: 0.0119 (+/-0.0031) - [valid] loss: 0.0113 (+/-0.0055) - [test] loss: 0.0098 (+/-0.0022)
2019-07-20 07:12:51,212 INFO - logger - Iter 43300 - time: 30    - [train] loss: 0.0074 (+/-0.0028) - [valid] loss: 0.0112 (+/-0.003 ) - [test] loss: 0.01   (+/-0.003 )
2019-07-20 07:13:20,846 INFO - logger - Iter 43400 - time: 29    - [train] loss: 0.0115 (+/-0.0051) - [valid] loss: 0.0112 (+/-0.0053) - [test] loss: 0.0124 (+/-0.0055)
2019-07-20 07:13:50,043 INFO - logger - Iter 43500 - time: 29    - [train] loss: 0.0164 (+/-0.0075) - [valid] loss: 0.013  (+/-0.0045) - [test] loss: 0.0191 (+/-0.0125)
2019-07-20 07:14:20,149 INFO - logger - Iter 43600 - time: 30    - [train] loss: 0.0122 (+/-0.0092) - [valid] loss: 0.007  (+/-0.0019) - [test] loss: 0.0364 (+/-0.0469)
2019-07-20 07:14:49,355 INFO - logger - Iter 43700 - time: 29    - [train] loss: 0.0113 (+/-0.003 ) - [valid] loss: 0.0115 (+/-0.0063) - [test] loss: 0.0121 (+/-0.0036)
2019-07-20 07:15:18,784 INFO - logger - Iter 43800 - time: 29    - [train] loss: 0.0152 (+/-0.0084) - [valid] loss: 0.0105 (+/-0.0041) - [test] loss: 0.0151 (+/-0.0077)
2019-07-20 07:15:47,817 INFO - logger - Iter 43900 - time: 29    - [train] loss: 0.0165 (+/-0.0065) - [valid] loss: 0.013  (+/-0.0039) - [test] loss: 0.0104 (+/-0.002 )
2019-07-20 07:16:17,198 INFO - logger - Iter 44000 - time: 29    - [train] loss: 0.0073 (+/-0.0016) - [valid] loss: 0.0123 (+/-0.006 ) - [test] loss: 0.0119 (+/-0.0039)
2019-07-20 07:16:46,675 INFO - logger - Iter 44100 - time: 29    - [train] loss: 0.0085 (+/-0.0029) - [valid] loss: 0.0136 (+/-0.0053) - [test] loss: 0.0219 (+/-0.0116)
2019-07-20 07:17:16,568 INFO - logger - Iter 44200 - time: 29    - [train] loss: 0.0183 (+/-0.013 ) - [valid] loss: 0.01   (+/-0.0067) - [test] loss: 0.0088 (+/-0.0023)
2019-07-20 07:17:46,570 INFO - logger - Iter 44300 - time: 30    - [train] loss: 0.013  (+/-0.0047) - [valid] loss: 0.0151 (+/-0.0071) - [test] loss: 0.0119 (+/-0.0038)
2019-07-20 07:18:15,299 INFO - logger - Iter 44400 - time: 28    - [train] loss: 0.0184 (+/-0.0039) - [valid] loss: 0.0262 (+/-0.0101) - [test] loss: 0.0225 (+/-0.007 )
2019-07-20 07:18:44,546 INFO - logger - Iter 44500 - time: 29    - [train] loss: 0.0125 (+/-0.0051) - [valid] loss: 0.0216 (+/-0.0093) - [test] loss: 0.0128 (+/-0.0049)
2019-07-20 07:19:14,746 INFO - logger - Iter 44600 - time: 30    - [train] loss: 0.0116 (+/-0.0062) - [valid] loss: 0.0148 (+/-0.0104) - [test] loss: 0.0069 (+/-0.002 )
2019-07-20 07:19:45,170 INFO - logger - Iter 44700 - time: 30    - [train] loss: 0.0138 (+/-0.007 ) - [valid] loss: 0.0064 (+/-0.0013) - [test] loss: 0.0113 (+/-0.0039)
2019-07-20 07:20:14,903 INFO - logger - Iter 44800 - time: 29    - [train] loss: 0.0066 (+/-0.0015) - [valid] loss: 0.0102 (+/-0.0048) - [test] loss: 0.009  (+/-0.0039)
2019-07-20 07:20:44,131 INFO - logger - Iter 44900 - time: 29    - [train] loss: 0.0143 (+/-0.0058) - [valid] loss: 0.0113 (+/-0.0042) - [test] loss: 0.0127 (+/-0.0075)
2019-07-20 07:21:13,599 INFO - logger - Iter 45000 - time: 29    - [train] loss: 0.009  (+/-0.0022) - [valid] loss: 0.0085 (+/-0.0017) - [test] loss: 0.0095 (+/-0.0022)
2019-07-20 07:21:42,963 INFO - logger - Iter 45100 - time: 29    - [train] loss: 0.0122 (+/-0.0057) - [valid] loss: 0.0106 (+/-0.0046) - [test] loss: 0.0114 (+/-0.0033)
2019-07-20 07:22:12,361 INFO - logger - Iter 45200 - time: 29    - [train] loss: 0.0086 (+/-0.0025) - [valid] loss: 0.0078 (+/-0.0014) - [test] loss: 0.0197 (+/-0.0112)
2019-07-20 07:22:41,633 INFO - logger - Iter 45300 - time: 29    - [train] loss: 0.0118 (+/-0.0058) - [valid] loss: 0.0141 (+/-0.007 ) - [test] loss: 0.0098 (+/-0.0025)
2019-07-20 07:23:11,502 INFO - logger - Iter 45400 - time: 29    - [train] loss: 0.0141 (+/-0.0041) - [valid] loss: 0.008  (+/-0.0016) - [test] loss: 0.011  (+/-0.0043)
2019-07-20 07:23:40,801 INFO - logger - Iter 45500 - time: 29    - [train] loss: 0.0082 (+/-0.002 ) - [valid] loss: 0.0091 (+/-0.0037) - [test] loss: 0.0078 (+/-0.0019)
2019-07-20 07:24:09,565 INFO - logger - Iter 45600 - time: 28    - [train] loss: 0.0155 (+/-0.0037) - [valid] loss: 0.017  (+/-0.0086) - [test] loss: 0.0134 (+/-0.0043)
2019-07-20 07:24:38,939 INFO - logger - Iter 45700 - time: 29    - [train] loss: 0.0114 (+/-0.004 ) - [valid] loss: 0.0108 (+/-0.0045) - [test] loss: 0.0113 (+/-0.0049)
2019-07-20 07:25:08,145 INFO - logger - Iter 45800 - time: 29    - [train] loss: 0.0442 (+/-0.0619) - [valid] loss: 0.0079 (+/-0.0025) - [test] loss: 0.0094 (+/-0.003 )
2019-07-20 07:25:36,687 INFO - logger - Iter 45900 - time: 28    - [train] loss: 0.0103 (+/-0.0032) - [valid] loss: 0.0175 (+/-0.0085) - [test] loss: 0.0172 (+/-0.0132)
2019-07-20 07:26:05,596 INFO - logger - Iter 46000 - time: 28    - [train] loss: 0.012  (+/-0.0037) - [valid] loss: 0.0103 (+/-0.0032) - [test] loss: 0.0093 (+/-0.0024)
2019-07-20 07:26:34,899 INFO - logger - Iter 46100 - time: 29    - [train] loss: 0.011  (+/-0.0063) - [valid] loss: 0.0158 (+/-0.0154) - [test] loss: 0.0087 (+/-0.0025)
2019-07-20 07:27:03,073 INFO - logger - Iter 46200 - time: 28    - [train] loss: 0.0107 (+/-0.0035) - [valid] loss: 0.0143 (+/-0.0078) - [test] loss: 0.0133 (+/-0.009 )
2019-07-20 07:27:32,205 INFO - logger - Iter 46300 - time: 29    - [train] loss: 0.0109 (+/-0.0044) - [valid] loss: 0.0112 (+/-0.0041) - [test] loss: 0.0097 (+/-0.004 )
2019-07-20 07:28:01,511 INFO - logger - Iter 46400 - time: 29    - [train] loss: 0.0103 (+/-0.0026) - [valid] loss: 0.0117 (+/-0.0035) - [test] loss: 0.0075 (+/-0.0018)
2019-07-20 07:28:30,559 INFO - logger - Iter 46500 - time: 29    - [train] loss: 0.0091 (+/-0.0025) - [valid] loss: 0.0082 (+/-0.0019) - [test] loss: 0.0114 (+/-0.0037)
2019-07-20 07:29:00,660 INFO - logger - Iter 46600 - time: 30    - [train] loss: 0.008  (+/-0.0024) - [valid] loss: 0.0087 (+/-0.0027) - [test] loss: 0.0122 (+/-0.0042)
2019-07-20 07:29:29,980 INFO - logger - Iter 46700 - time: 29    - [train] loss: 0.0174 (+/-0.0111) - [valid] loss: 0.0112 (+/-0.0026) - [test] loss: 0.0105 (+/-0.0031)
2019-07-20 07:29:58,906 INFO - logger - Iter 46800 - time: 28    - [train] loss: 0.0229 (+/-0.0214) - [valid] loss: 0.0125 (+/-0.0036) - [test] loss: 0.0156 (+/-0.0049)
2019-07-20 07:30:28,443 INFO - logger - Iter 46900 - time: 29    - [train] loss: 0.0154 (+/-0.0073) - [valid] loss: 0.0106 (+/-0.0025) - [test] loss: 0.0183 (+/-0.0084)
2019-07-20 07:30:57,357 INFO - logger - Iter 47000 - time: 28    - [train] loss: 0.02   (+/-0.0127) - [valid] loss: 0.017  (+/-0.0046) - [test] loss: 0.0144 (+/-0.0049)
2019-07-20 07:31:26,799 INFO - logger - Iter 47100 - time: 29    - [train] loss: 0.0112 (+/-0.0024) - [valid] loss: 0.0123 (+/-0.0062) - [test] loss: 0.0103 (+/-0.0021)
2019-07-20 07:31:56,034 INFO - logger - Iter 47200 - time: 29    - [train] loss: 0.0099 (+/-0.0037) - [valid] loss: 0.0116 (+/-0.0034) - [test] loss: 0.0136 (+/-0.0058)
2019-07-20 07:32:25,151 INFO - logger - Iter 47300 - time: 29    - [train] loss: 0.0108 (+/-0.0026) - [valid] loss: 0.0123 (+/-0.0037) - [test] loss: 0.0102 (+/-0.004 )
2019-07-20 07:32:54,207 INFO - logger - Iter 47400 - time: 29    - [train] loss: 0.0171 (+/-0.0151) - [valid] loss: 0.0087 (+/-0.0018) - [test] loss: 0.0088 (+/-0.0027)
2019-07-20 07:33:24,114 INFO - logger - Iter 47500 - time: 29    - [train] loss: 0.0128 (+/-0.0077) - [valid] loss: 0.0158 (+/-0.0064) - [test] loss: 0.008  (+/-0.0025)
2019-07-20 07:33:54,321 INFO - logger - Iter 47600 - time: 30    - [train] loss: 0.0113 (+/-0.0058) - [valid] loss: 0.0119 (+/-0.0049) - [test] loss: 0.0108 (+/-0.0036)
2019-07-20 07:34:23,303 INFO - logger - Iter 47700 - time: 28    - [train] loss: 0.0116 (+/-0.0062) - [valid] loss: 0.0093 (+/-0.0024) - [test] loss: 0.0104 (+/-0.0045)
2019-07-20 07:34:52,657 INFO - logger - Iter 47800 - time: 29    - [train] loss: 0.0092 (+/-0.0025) - [valid] loss: 0.0115 (+/-0.0042) - [test] loss: 0.0098 (+/-0.0024)
2019-07-20 07:35:22,082 INFO - logger - Iter 47900 - time: 29    - [train] loss: 0.0123 (+/-0.0025) - [valid] loss: 0.0129 (+/-0.0037) - [test] loss: 0.0146 (+/-0.0029)
2019-07-20 07:35:52,464 INFO - logger - Iter 48000 - time: 30    - [train] loss: 0.0105 (+/-0.0034) - [valid] loss: 0.0079 (+/-0.0018) - [test] loss: 0.0124 (+/-0.0073)
2019-07-20 07:36:20,920 INFO - logger - Iter 48100 - time: 28    - [train] loss: 0.0089 (+/-0.0024) - [valid] loss: 0.0098 (+/-0.0036) - [test] loss: 0.0123 (+/-0.005 )
2019-07-20 07:36:50,096 INFO - logger - Iter 48200 - time: 29    - [train] loss: 0.0099 (+/-0.0041) - [valid] loss: 0.0111 (+/-0.0039) - [test] loss: 0.0128 (+/-0.0062)
2019-07-20 07:37:18,234 INFO - logger - Iter 48300 - time: 28    - [train] loss: 0.0076 (+/-0.0018) - [valid] loss: 0.0154 (+/-0.0106) - [test] loss: 0.0146 (+/-0.0078)
2019-07-20 07:37:48,304 INFO - logger - Iter 48400 - time: 30    - [train] loss: 0.0117 (+/-0.0041) - [valid] loss: 0.0097 (+/-0.0024) - [test] loss: 0.0081 (+/-0.0018)
2019-07-20 07:38:17,675 INFO - logger - Iter 48500 - time: 29    - [train] loss: 0.0099 (+/-0.0027) - [valid] loss: 0.0119 (+/-0.0055) - [test] loss: 0.012  (+/-0.0049)
2019-07-20 07:38:46,435 INFO - logger - Iter 48600 - time: 28    - [train] loss: 0.0167 (+/-0.009 ) - [valid] loss: 0.019  (+/-0.0072) - [test] loss: 0.0186 (+/-0.0107)
2019-07-20 07:39:14,966 INFO - logger - Iter 48700 - time: 28    - [train] loss: 0.0151 (+/-0.0062) - [valid] loss: 0.0096 (+/-0.0021) - [test] loss: 0.0223 (+/-0.0235)
2019-07-20 07:39:44,284 INFO - logger - Iter 48800 - time: 29    - [train] loss: 0.0124 (+/-0.0034) - [valid] loss: 0.0081 (+/-0.0016) - [test] loss: 0.0096 (+/-0.0028)
2019-07-20 07:40:13,599 INFO - logger - Iter 48900 - time: 29    - [train] loss: 0.0153 (+/-0.0027) - [valid] loss: 0.0157 (+/-0.0074) - [test] loss: 0.0191 (+/-0.0071)
2019-07-20 07:40:42,394 INFO - logger - Iter 49000 - time: 28    - [train] loss: 0.0127 (+/-0.0042) - [valid] loss: 0.0104 (+/-0.0024) - [test] loss: 0.0095 (+/-0.0028)
2019-07-20 07:41:11,823 INFO - logger - Iter 49100 - time: 29    - [train] loss: 0.0137 (+/-0.0047) - [valid] loss: 0.013  (+/-0.0068) - [test] loss: 0.0109 (+/-0.0029)
2019-07-20 07:41:41,026 INFO - logger - Iter 49200 - time: 29    - [train] loss: 0.0106 (+/-0.0032) - [valid] loss: 0.009  (+/-0.0027) - [test] loss: 0.0125 (+/-0.0051)
2019-07-20 07:42:09,952 INFO - logger - Iter 49300 - time: 28    - [train] loss: 0.0184 (+/-0.0098) - [valid] loss: 0.0157 (+/-0.0048) - [test] loss: 0.0171 (+/-0.0056)
2019-07-20 07:42:41,120 INFO - logger - Iter 49400 - time: 31    - [train] loss: 0.0115 (+/-0.0076) - [valid] loss: 0.0095 (+/-0.0035) - [test] loss: 0.0093 (+/-0.0031)
2019-07-20 07:43:09,430 INFO - logger - Iter 49500 - time: 28    - [train] loss: 0.0154 (+/-0.0089) - [valid] loss: 0.0066 (+/-0.0016) - [test] loss: 0.0097 (+/-0.0056)
2019-07-20 07:43:38,589 INFO - logger - Iter 49600 - time: 29    - [train] loss: 0.0135 (+/-0.007 ) - [valid] loss: 0.023  (+/-0.0235) - [test] loss: 0.0062 (+/-0.001 )
2019-07-20 07:44:07,148 INFO - logger - Iter 49700 - time: 28    - [train] loss: 0.0143 (+/-0.0085) - [valid] loss: 0.0173 (+/-0.0073) - [test] loss: 0.0143 (+/-0.0073)
2019-07-20 07:44:36,408 INFO - logger - Iter 49800 - time: 29    - [train] loss: 0.0104 (+/-0.0037) - [valid] loss: 0.0097 (+/-0.0025) - [test] loss: 0.0156 (+/-0.0057)
2019-07-20 07:45:05,845 INFO - logger - Iter 49900 - time: 29    - [train] loss: 0.0118 (+/-0.0045) - [valid] loss: 0.0154 (+/-0.0094) - [test] loss: 0.0123 (+/-0.0051)
